#
# There is insufficient memory for the Java Runtime Environment to continue.
# Native memory allocation (malloc) failed to allocate 827744 bytes. Error detail: Chunk::new
# Possible reasons:
#   The system is out of physical RAM or swap space
#   This process is running with CompressedOops enabled, and the Java Heap may be blocking the growth of the native heap
# Possible solutions:
#   Reduce memory load on the system
#   Increase physical memory or swap space
#   Check if swap backing store is full
#   Decrease Java heap size (-Xmx/-Xms)
#   Decrease number of Java threads
#   Decrease Java thread stack sizes (-Xss)
#   Set larger code cache with -XX:ReservedCodeCacheSize=
#   JVM is running with Unscaled Compressed Oops mode in which the Java heap is
#     placed in the first 4GB address space. The Java Heap base address is the
#     maximum limit for the native heap growth. Please use -XX:HeapBaseMinAddress
#     to set the Java Heap base and to place the Java Heap above 4GB virtual address.
# This output file may be truncated or incomplete.
#
#  Out of Memory Error (arena.cpp:168), pid=25196, tid=8592
#
# JRE version: OpenJDK Runtime Environment (21.0.3) (build 21.0.3+-12282718-b509.11)
# Java VM: OpenJDK 64-Bit Server VM (21.0.3+-12282718-b509.11, mixed mode, tiered, compressed oops, compressed class ptrs, g1 gc, windows-amd64)
# No core dump will be written. Minidumps are not enabled by default on client versions of Windows
#

---------------  S U M M A R Y ------------

Command Line: -XX:MaxMetaspaceSize=512m --add-opens=java.base/java.util=ALL-UNNAMED --add-opens=java.base/java.lang=ALL-UNNAMED --add-opens=java.base/java.lang.invoke=ALL-UNNAMED --add-opens=java.prefs/java.util.prefs=ALL-UNNAMED --add-exports=jdk.compiler/com.sun.tools.javac.api=ALL-UNNAMED --add-exports=jdk.compiler/com.sun.tools.javac.util=ALL-UNNAMED --add-opens=java.base/java.nio.charset=ALL-UNNAMED --add-opens=java.base/java.net=ALL-UNNAMED --add-opens=java.base/java.util.concurrent.atomic=ALL-UNNAMED -Xmx2048m -Dfile.encoding=UTF-8 -Duser.country=US -Duser.language=en -Duser.variant -javaagent:C:\Users\yenho\.gradle\wrapper\dists\gradle-8.9-all\6m0mbzute7p0zdleavqlib88a\gradle-8.9\lib\agents\gradle-instrumentation-agent-8.9.jar org.gradle.launcher.daemon.bootstrap.GradleDaemon 8.9

Host: AMD Ryzen 5 7535HS with Radeon Graphics        , 12 cores, 7G,  Windows 11 , 64 bit Build 22621 (10.0.22621.4391)
Time: Wed Jan  8 11:34:02 2025 SE Asia Standard Time elapsed time: 17.838607 seconds (0d 0h 0m 17s)

---------------  T H R E A D  ---------------

Current thread (0x000001d6804e14d0):  JavaThread "C2 CompilerThread0" daemon [_thread_in_native, id=8592, stack(0x000000476d600000,0x000000476d700000) (1024K)]


Current CompileTask:
C2:  17838 8348       4       org.objectweb.asm.ClassReader::readMethod (1070 bytes)

Stack: [0x000000476d600000,0x000000476d700000]
Native frames: (J=compiled Java code, j=interpreted, Vv=VM code, C=native code)
V  [jvm.dll+0x6cafb9]
V  [jvm.dll+0x858523]
V  [jvm.dll+0x85aa7e]
V  [jvm.dll+0x85b163]
V  [jvm.dll+0x27d356]
V  [jvm.dll+0xbf93d]
V  [jvm.dll+0xbfe73]
V  [jvm.dll+0x3b1ceb]
V  [jvm.dll+0x1de082]
V  [jvm.dll+0x246c54]
V  [jvm.dll+0x2460d1]
V  [jvm.dll+0x1c5804]
V  [jvm.dll+0x25575c]
V  [jvm.dll+0x253c36]
V  [jvm.dll+0x3ec996]
V  [jvm.dll+0x800d78]
V  [jvm.dll+0x6c98cd]
C  [ucrtbase.dll+0x29333]
C  [KERNEL32.DLL+0x1259d]
C  [ntdll.dll+0x5af38]


---------------  P R O C E S S  ---------------

Threads class SMR info:
_java_thread_list=0x000001d68a026ef0, length=56, elements={
0x000001d6e659f630, 0x000001d6804d6100, 0x000001d6804d6b30, 0x000001d6804e2d30,
0x000001d6804ecc10, 0x000001d6804ee290, 0x000001d6804f6910, 0x000001d6804e14d0,
0x000001d6804e1cb0, 0x000001d6805575f0, 0x000001d680559d50, 0x000001d68055a3e0,
0x000001d6805596c0, 0x000001d680556f60, 0x000001d680557c80, 0x000001d6805589a0,
0x000001d680559030, 0x000001d686af5230, 0x000001d686af1720, 0x000001d686af86b0,
0x000001d686af58c0, 0x000001d686af8020, 0x000001d686af8d40, 0x000001d686af1db0,
0x000001d686af2ad0, 0x000001d686af65e0, 0x000001d686af4ba0, 0x000001d686af6c70,
0x000001d686af7990, 0x000001d686af2440, 0x000001d686af3160, 0x000001d686af37f0,
0x000001d686af7300, 0x000001d686af3e80, 0x000001d686af4510, 0x000001d6876ab850,
0x000001d6876b2150, 0x000001d6876af360, 0x000001d6876ae640, 0x000001d6876b1ac0,
0x000001d6876aecd0, 0x000001d6876ad920, 0x000001d6876abee0, 0x000001d6876b0710,
0x000001d6876ad290, 0x000001d6876adfb0, 0x000001d6876b1430, 0x000001d6876b27e0,
0x000001d6876b2e70, 0x000001d6876ac570, 0x000001d6876b0080, 0x000001d68a02aae0,
0x000001d68a02be90, 0x000001d68a0290a0, 0x000001d68a02b170, 0x000001d68a02b800
}

Java Threads: ( => current thread )
  0x000001d6e659f630 JavaThread "main"                              [_thread_blocked, id=1160, stack(0x000000476c800000,0x000000476c900000) (1024K)]
  0x000001d6804d6100 JavaThread "Reference Handler"          daemon [_thread_blocked, id=22380, stack(0x000000476d000000,0x000000476d100000) (1024K)]
  0x000001d6804d6b30 JavaThread "Finalizer"                  daemon [_thread_blocked, id=4672, stack(0x000000476d100000,0x000000476d200000) (1024K)]
  0x000001d6804e2d30 JavaThread "Signal Dispatcher"          daemon [_thread_blocked, id=2632, stack(0x000000476d200000,0x000000476d300000) (1024K)]
  0x000001d6804ecc10 JavaThread "Attach Listener"            daemon [_thread_blocked, id=23328, stack(0x000000476d300000,0x000000476d400000) (1024K)]
  0x000001d6804ee290 JavaThread "Service Thread"             daemon [_thread_blocked, id=9732, stack(0x000000476d400000,0x000000476d500000) (1024K)]
  0x000001d6804f6910 JavaThread "Monitor Deflation Thread"   daemon [_thread_blocked, id=23172, stack(0x000000476d500000,0x000000476d600000) (1024K)]
=>0x000001d6804e14d0 JavaThread "C2 CompilerThread0"         daemon [_thread_in_native, id=8592, stack(0x000000476d600000,0x000000476d700000) (1024K)]
  0x000001d6804e1cb0 JavaThread "C1 CompilerThread0"         daemon [_thread_blocked, id=2208, stack(0x000000476d700000,0x000000476d800000) (1024K)]
  0x000001d6805575f0 JavaThread "Common-Cleaner"             daemon [_thread_blocked, id=16852, stack(0x000000476d800000,0x000000476d900000) (1024K)]
  0x000001d680559d50 JavaThread "Notification Thread"        daemon [_thread_blocked, id=22480, stack(0x000000476d900000,0x000000476da00000) (1024K)]
  0x000001d68055a3e0 JavaThread "Daemon health stats"               [_thread_blocked, id=10980, stack(0x000000476df00000,0x000000476e000000) (1024K)]
  0x000001d6805596c0 JavaThread "Incoming local TCP Connector on port 62888"        [_thread_in_native, id=23996, stack(0x000000476e000000,0x000000476e100000) (1024K)]
  0x000001d680556f60 JavaThread "Daemon periodic checks"            [_thread_blocked, id=19900, stack(0x000000476e100000,0x000000476e200000) (1024K)]
  0x000001d680557c80 JavaThread "Daemon"                            [_thread_blocked, id=3220, stack(0x000000476e200000,0x000000476e300000) (1024K)]
  0x000001d6805589a0 JavaThread "Handler for socket connection from /127.0.0.1:62888 to /127.0.0.1:62889"        [_thread_in_native, id=21228, stack(0x000000476e300000,0x000000476e400000) (1024K)]
  0x000001d680559030 JavaThread "Cancel handler"                    [_thread_blocked, id=10976, stack(0x000000476e400000,0x000000476e500000) (1024K)]
  0x000001d686af5230 JavaThread "Daemon worker"                     [_thread_blocked, id=22004, stack(0x000000476e500000,0x000000476e600000) (1024K)]
  0x000001d686af1720 JavaThread "Asynchronous log dispatcher for DefaultDaemonConnection: socket connection from /127.0.0.1:62888 to /127.0.0.1:62889"        [_thread_blocked, id=20752, stack(0x000000476e600000,0x000000476e700000) (1024K)]
  0x000001d686af86b0 JavaThread "Stdin handler"                     [_thread_blocked, id=6264, stack(0x000000476e700000,0x000000476e800000) (1024K)]
  0x000001d686af58c0 JavaThread "Daemon client event forwarder"        [_thread_blocked, id=22700, stack(0x000000476e800000,0x000000476e900000) (1024K)]
  0x000001d686af8020 JavaThread "Cache worker for journal cache (C:\Users\yenho\.gradle\caches\journal-1)"        [_thread_blocked, id=21688, stack(0x000000476f000000,0x000000476f100000) (1024K)]
  0x000001d686af8d40 JavaThread "File lock request listener"        [_thread_in_native, id=24560, stack(0x000000476f100000,0x000000476f200000) (1024K)]
  0x000001d686af1db0 JavaThread "Cache worker for file hash cache (C:\Users\yenho\.gradle\caches\8.9\fileHashes)"        [_thread_blocked, id=3012, stack(0x000000476f200000,0x000000476f300000) (1024K)]
  0x000001d686af2ad0 JavaThread "Cache worker for file hash cache (C:\Users\yenho\Documents\MyProject\TodoList\android\.gradle\8.9\fileHashes)"        [_thread_blocked, id=18160, stack(0x000000476f300000,0x000000476f400000) (1024K)]
  0x000001d686af65e0 JavaThread "Cache worker for Build Output Cleanup Cache (C:\Users\yenho\Documents\MyProject\TodoList\android\.gradle\buildOutputCleanup)"        [_thread_blocked, id=21224, stack(0x000000476f400000,0x000000476f500000) (1024K)]
  0x000001d686af4ba0 JavaThread "File watcher server"        daemon [_thread_in_native, id=18716, stack(0x000000476f500000,0x000000476f600000) (1024K)]
  0x000001d686af6c70 JavaThread "File watcher consumer"      daemon [_thread_blocked, id=16372, stack(0x000000476f600000,0x000000476f700000) (1024K)]
  0x000001d686af7990 JavaThread "jar transforms"                    [_thread_blocked, id=22100, stack(0x000000476de00000,0x000000476df00000) (1024K)]
  0x000001d686af2440 JavaThread "jar transforms Thread 2"           [_thread_blocked, id=17888, stack(0x000000476f700000,0x000000476f800000) (1024K)]
  0x000001d686af3160 JavaThread "jar transforms Thread 3"           [_thread_blocked, id=13600, stack(0x000000476f800000,0x000000476f900000) (1024K)]
  0x000001d686af37f0 JavaThread "jar transforms Thread 4"           [_thread_blocked, id=18568, stack(0x000000476f900000,0x000000476fa00000) (1024K)]
  0x000001d686af7300 JavaThread "jar transforms Thread 5"           [_thread_blocked, id=10332, stack(0x000000476fa00000,0x000000476fb00000) (1024K)]
  0x000001d686af3e80 JavaThread "jar transforms Thread 6"           [_thread_blocked, id=2548, stack(0x000000476fb00000,0x000000476fc00000) (1024K)]
  0x000001d686af4510 JavaThread "jar transforms Thread 7"           [_thread_blocked, id=23624, stack(0x000000476fc00000,0x000000476fd00000) (1024K)]
  0x000001d6876ab850 JavaThread "jar transforms Thread 8"           [_thread_blocked, id=24508, stack(0x000000476fd00000,0x000000476fe00000) (1024K)]
  0x000001d6876b2150 JavaThread "jar transforms Thread 9"           [_thread_blocked, id=6644, stack(0x000000476fe00000,0x000000476ff00000) (1024K)]
  0x000001d6876af360 JavaThread "jar transforms Thread 10"          [_thread_blocked, id=6700, stack(0x000000476ff00000,0x0000004770000000) (1024K)]
  0x000001d6876ae640 JavaThread "jar transforms Thread 11"          [_thread_blocked, id=10776, stack(0x0000004770000000,0x0000004770100000) (1024K)]
  0x000001d6876b1ac0 JavaThread "jar transforms Thread 12"          [_thread_blocked, id=7748, stack(0x0000004770100000,0x0000004770200000) (1024K)]
  0x000001d6876aecd0 JavaThread "Cache worker for checksums cache (C:\Users\yenho\Documents\MyProject\TodoList\android\.gradle\8.9\checksums)"        [_thread_blocked, id=9316, stack(0x0000004770200000,0x0000004770300000) (1024K)]
  0x000001d6876ad920 JavaThread "Cache worker for file content cache (C:\Users\yenho\.gradle\caches\8.9\fileContent)"        [_thread_blocked, id=17424, stack(0x0000004770300000,0x0000004770400000) (1024K)]
  0x000001d6876abee0 JavaThread "Cache worker for cache directory md-rule (C:\Users\yenho\.gradle\caches\8.9\md-rule)"        [_thread_blocked, id=9684, stack(0x0000004770400000,0x0000004770500000) (1024K)]
  0x000001d6876b0710 JavaThread "Cache worker for cache directory md-supplier (C:\Users\yenho\.gradle\caches\8.9\md-supplier)"        [_thread_blocked, id=23948, stack(0x0000004770500000,0x0000004770600000) (1024K)]
  0x000001d6876ad290 JavaThread "Unconstrained build operations"        [_thread_blocked, id=12504, stack(0x0000004770600000,0x0000004770700000) (1024K)]
  0x000001d6876adfb0 JavaThread "Unconstrained build operations Thread 2"        [_thread_blocked, id=10728, stack(0x0000004770700000,0x0000004770800000) (1024K)]
  0x000001d6876b1430 JavaThread "Unconstrained build operations Thread 3"        [_thread_blocked, id=15856, stack(0x0000004770800000,0x0000004770900000) (1024K)]
  0x000001d6876b27e0 JavaThread "Unconstrained build operations Thread 4"        [_thread_blocked, id=21516, stack(0x0000004770900000,0x0000004770a00000) (1024K)]
  0x000001d6876b2e70 JavaThread "Unconstrained build operations Thread 5"        [_thread_blocked, id=16456, stack(0x0000004770a00000,0x0000004770b00000) (1024K)]
  0x000001d6876ac570 JavaThread "Unconstrained build operations Thread 6"        [_thread_blocked, id=22432, stack(0x0000004770b00000,0x0000004770c00000) (1024K)]
  0x000001d6876b0080 JavaThread "Unconstrained build operations Thread 7"        [_thread_blocked, id=14828, stack(0x0000004770c00000,0x0000004770d00000) (1024K)]
  0x000001d68a02aae0 JavaThread "Unconstrained build operations Thread 8"        [_thread_in_Java, id=16448, stack(0x0000004770d00000,0x0000004770e00000) (1024K)]
  0x000001d68a02be90 JavaThread "Unconstrained build operations Thread 9"        [_thread_blocked, id=5260, stack(0x0000004770e00000,0x0000004770f00000) (1024K)]
  0x000001d68a0290a0 JavaThread "Unconstrained build operations Thread 10"        [_thread_in_native, id=21076, stack(0x0000004770f00000,0x0000004771000000) (1024K)]
  0x000001d68a02b170 JavaThread "Unconstrained build operations Thread 11"        [_thread_blocked, id=18696, stack(0x0000004771000000,0x0000004771100000) (1024K)]
  0x000001d68a02b800 JavaThread "Unconstrained build operations Thread 12"        [_thread_blocked, id=23708, stack(0x0000004771100000,0x0000004771200000) (1024K)]
Total: 56

Other Threads:
  0x000001d6804707e0 VMThread "VM Thread"                           [id=4592, stack(0x000000476cf00000,0x000000476d000000) (1024K)]
  0x000001d6802aebc0 WatcherThread "VM Periodic Task Thread"        [id=23640, stack(0x000000476ce00000,0x000000476cf00000) (1024K)]
  0x000001d6e87a0b20 WorkerThread "GC Thread#0"                     [id=14536, stack(0x000000476c900000,0x000000476ca00000) (1024K)]
  0x000001d68579afd0 WorkerThread "GC Thread#1"                     [id=21876, stack(0x000000476da00000,0x000000476db00000) (1024K)]
  0x000001d6857997a0 WorkerThread "GC Thread#2"                     [id=22584, stack(0x000000476db00000,0x000000476dc00000) (1024K)]
  0x000001d685bc0b00 WorkerThread "GC Thread#3"                     [id=4356, stack(0x000000476dc00000,0x000000476dd00000) (1024K)]
  0x000001d685d4b3b0 WorkerThread "GC Thread#4"                     [id=22644, stack(0x000000476dd00000,0x000000476de00000) (1024K)]
  0x000001d686aae7e0 WorkerThread "GC Thread#5"                     [id=25420, stack(0x000000476e900000,0x000000476ea00000) (1024K)]
  0x000001d686ac9050 WorkerThread "GC Thread#6"                     [id=24892, stack(0x000000476ea00000,0x000000476eb00000) (1024K)]
  0x000001d686ac93f0 WorkerThread "GC Thread#7"                     [id=11780, stack(0x000000476eb00000,0x000000476ec00000) (1024K)]
  0x000001d686987640 WorkerThread "GC Thread#8"                     [id=3784, stack(0x000000476ec00000,0x000000476ed00000) (1024K)]
  0x000001d686987df0 WorkerThread "GC Thread#9"                     [id=200, stack(0x000000476ed00000,0x000000476ee00000) (1024K)]
  0x000001d6e87b1b00 ConcurrentGCThread "G1 Main Marker"            [id=18252, stack(0x000000476ca00000,0x000000476cb00000) (1024K)]
  0x000001d6e87b2f10 WorkerThread "G1 Conc#0"                       [id=23592, stack(0x000000476cb00000,0x000000476cc00000) (1024K)]
  0x000001d68698a6a0 WorkerThread "G1 Conc#1"                       [id=3364, stack(0x000000476ee00000,0x000000476ef00000) (1024K)]
  0x000001d686986e70 WorkerThread "G1 Conc#2"                       [id=10052, stack(0x000000476ef00000,0x000000476f000000) (1024K)]
  0x000001d680184dc0 ConcurrentGCThread "G1 Refine#0"               [id=23608, stack(0x000000476cc00000,0x000000476cd00000) (1024K)]
  0x000001d680185350 ConcurrentGCThread "G1 Service"                [id=12864, stack(0x000000476cd00000,0x000000476ce00000) (1024K)]
Total: 18

Threads with active compile tasks:
C2 CompilerThread0    17889 8348       4       org.objectweb.asm.ClassReader::readMethod (1070 bytes)
C1 CompilerThread0    17890 8501       2       java.util.concurrent.locks.AbstractQueuedSynchronizer$ConditionObject::doSignal (54 bytes)
Total: 2

VM state: not at safepoint (normal execution)

VM Mutex/Monitor currently owned by a thread: None

Heap address: 0x0000000080000000, size: 2048 MB, Compressed Oops mode: 32-bit

CDS archive(s) not mapped
Compressed class space mapped at: 0x0000000100000000-0x000000011a000000, reserved size: 436207616
Narrow klass base: 0x0000000000000000, Narrow klass shift: 3, Narrow klass range: 0x11a000000

GC Precious Log:
 CardTable entry size: 512
 Card Set container configuration: InlinePtr #cards 5 size 8 Array Of Cards #cards 12 size 40 Howl #buckets 4 coarsen threshold 1843 Howl Bitmap #cards 512 size 80 coarsen threshold 460 Card regions per heap region 1 cards per card region 2048
 CPUs: 12 total, 12 available
 Memory: 7365M
 Large Page Support: Disabled
 NUMA Support: Disabled
 Compressed Oops: Enabled (32-bit)
 Heap Region Size: 1M
 Heap Min Capacity: 8M
 Heap Initial Capacity: 116M
 Heap Max Capacity: 2G
 Pre-touch: Disabled
 Parallel Workers: 10
 Concurrent Workers: 3
 Concurrent Refinement Workers: 10
 Periodic GC: Disabled

Heap:
 garbage-first heap   total 179200K, used 108276K [0x0000000080000000, 0x0000000100000000)
  region size 1024K, 29 young (29696K), 8 survivors (8192K)
 Metaspace       used 64123K, committed 65600K, reserved 491520K
  class space    used 8747K, committed 9472K, reserved 425984K

Heap Regions: E=young(eden), S=young(survivor), O=old, HS=humongous(starts), HC=humongous(continues), CS=collection set, F=free, TAMS=top-at-mark-start, PB=parsable bottom
|   0|0x0000000080000000, 0x0000000080100000, 0x0000000080100000|100%|HS|  |TAMS 0x0000000080000000| PB 0x0000000080000000| Complete 
|   1|0x0000000080100000, 0x0000000080200000, 0x0000000080200000|100%|HC|  |TAMS 0x0000000080100000| PB 0x0000000080100000| Complete 
|   2|0x0000000080200000, 0x0000000080300000, 0x0000000080300000|100%|HC|  |TAMS 0x0000000080200000| PB 0x0000000080200000| Complete 
|   3|0x0000000080300000, 0x0000000080400000, 0x0000000080400000|100%|HC|  |TAMS 0x0000000080300000| PB 0x0000000080300000| Complete 
|   4|0x0000000080400000, 0x0000000080500000, 0x0000000080500000|100%| O|  |TAMS 0x0000000080400000| PB 0x0000000080400000| Untracked 
|   5|0x0000000080500000, 0x0000000080600000, 0x0000000080600000|100%| O|  |TAMS 0x0000000080500000| PB 0x0000000080500000| Untracked 
|   6|0x0000000080600000, 0x0000000080700000, 0x0000000080700000|100%| O|  |TAMS 0x0000000080600000| PB 0x0000000080600000| Untracked 
|   7|0x0000000080700000, 0x0000000080800000, 0x0000000080800000|100%| O|  |TAMS 0x0000000080700000| PB 0x0000000080700000| Untracked 
|   8|0x0000000080800000, 0x0000000080900000, 0x0000000080900000|100%| O|  |TAMS 0x0000000080800000| PB 0x0000000080800000| Untracked 
|   9|0x0000000080900000, 0x0000000080a00000, 0x0000000080a00000|100%| O|  |TAMS 0x0000000080900000| PB 0x0000000080900000| Untracked 
|  10|0x0000000080a00000, 0x0000000080b00000, 0x0000000080b00000|100%|HS|  |TAMS 0x0000000080a00000| PB 0x0000000080a00000| Complete 
|  11|0x0000000080b00000, 0x0000000080c00000, 0x0000000080c00000|100%|HS|  |TAMS 0x0000000080b00000| PB 0x0000000080b00000| Complete 
|  12|0x0000000080c00000, 0x0000000080d00000, 0x0000000080d00000|100%|HS|  |TAMS 0x0000000080c00000| PB 0x0000000080c00000| Complete 
|  13|0x0000000080d00000, 0x0000000080e00000, 0x0000000080e00000|100%|HC|  |TAMS 0x0000000080d00000| PB 0x0000000080d00000| Complete 
|  14|0x0000000080e00000, 0x0000000080f00000, 0x0000000080f00000|100%|HC|  |TAMS 0x0000000080e00000| PB 0x0000000080e00000| Complete 
|  15|0x0000000080f00000, 0x0000000081000000, 0x0000000081000000|100%|HC|  |TAMS 0x0000000080f00000| PB 0x0000000080f00000| Complete 
|  16|0x0000000081000000, 0x0000000081100000, 0x0000000081100000|100%|HC|  |TAMS 0x0000000081000000| PB 0x0000000081000000| Complete 
|  17|0x0000000081100000, 0x0000000081200000, 0x0000000081200000|100%|HC|  |TAMS 0x0000000081100000| PB 0x0000000081100000| Complete 
|  18|0x0000000081200000, 0x0000000081300000, 0x0000000081300000|100%|HS|  |TAMS 0x0000000081200000| PB 0x0000000081200000| Complete 
|  19|0x0000000081300000, 0x0000000081400000, 0x0000000081400000|100%|HC|  |TAMS 0x0000000081300000| PB 0x0000000081300000| Complete 
|  20|0x0000000081400000, 0x0000000081500000, 0x0000000081500000|100%|HC|  |TAMS 0x0000000081400000| PB 0x0000000081400000| Complete 
|  21|0x0000000081500000, 0x0000000081600000, 0x0000000081600000|100%|HS|  |TAMS 0x0000000081500000| PB 0x0000000081500000| Complete 
|  22|0x0000000081600000, 0x0000000081700000, 0x0000000081700000|100%|HC|  |TAMS 0x0000000081600000| PB 0x0000000081600000| Complete 
|  23|0x0000000081700000, 0x0000000081800000, 0x0000000081800000|100%| O|  |TAMS 0x0000000081700000| PB 0x0000000081700000| Untracked 
|  24|0x0000000081800000, 0x0000000081900000, 0x0000000081900000|100%| O|  |TAMS 0x0000000081800000| PB 0x0000000081800000| Untracked 
|  25|0x0000000081900000, 0x0000000081a00000, 0x0000000081a00000|100%| O|  |TAMS 0x0000000081900000| PB 0x0000000081900000| Untracked 
|  26|0x0000000081a00000, 0x0000000081b00000, 0x0000000081b00000|100%| O|  |TAMS 0x0000000081a00000| PB 0x0000000081a00000| Untracked 
|  27|0x0000000081b00000, 0x0000000081c00000, 0x0000000081c00000|100%| O|  |TAMS 0x0000000081b00000| PB 0x0000000081b00000| Untracked 
|  28|0x0000000081c00000, 0x0000000081d00000, 0x0000000081d00000|100%| O|  |TAMS 0x0000000081c00000| PB 0x0000000081c00000| Untracked 
|  29|0x0000000081d00000, 0x0000000081e00000, 0x0000000081e00000|100%| O|  |TAMS 0x0000000081d00000| PB 0x0000000081d00000| Untracked 
|  30|0x0000000081e00000, 0x0000000081f00000, 0x0000000081f00000|100%| O|  |TAMS 0x0000000081e00000| PB 0x0000000081e00000| Untracked 
|  31|0x0000000081f00000, 0x0000000082000000, 0x0000000082000000|100%| O|  |TAMS 0x0000000081f00000| PB 0x0000000081f00000| Untracked 
|  32|0x0000000082000000, 0x0000000082100000, 0x0000000082100000|100%| O|  |TAMS 0x0000000082000000| PB 0x0000000082000000| Untracked 
|  33|0x0000000082100000, 0x0000000082200000, 0x0000000082200000|100%| O|  |TAMS 0x0000000082100000| PB 0x0000000082100000| Untracked 
|  34|0x0000000082200000, 0x0000000082300000, 0x0000000082300000|100%| O|  |TAMS 0x0000000082200000| PB 0x0000000082200000| Untracked 
|  35|0x0000000082300000, 0x0000000082400000, 0x0000000082400000|100%| O|  |TAMS 0x0000000082300000| PB 0x0000000082300000| Untracked 
|  36|0x0000000082400000, 0x0000000082500000, 0x0000000082500000|100%| O|  |TAMS 0x0000000082400000| PB 0x0000000082400000| Untracked 
|  37|0x0000000082500000, 0x0000000082600000, 0x0000000082600000|100%| O|  |TAMS 0x0000000082500000| PB 0x0000000082500000| Untracked 
|  38|0x0000000082600000, 0x0000000082700000, 0x0000000082700000|100%| O|  |TAMS 0x0000000082600000| PB 0x0000000082600000| Untracked 
|  39|0x0000000082700000, 0x0000000082800000, 0x0000000082800000|100%| O|  |TAMS 0x0000000082700000| PB 0x0000000082700000| Untracked 
|  40|0x0000000082800000, 0x0000000082900000, 0x0000000082900000|100%| O|  |TAMS 0x0000000082800000| PB 0x0000000082800000| Untracked 
|  41|0x0000000082900000, 0x0000000082a00000, 0x0000000082a00000|100%| O|  |TAMS 0x0000000082900000| PB 0x0000000082900000| Untracked 
|  42|0x0000000082a00000, 0x0000000082b00000, 0x0000000082b00000|100%| O|  |TAMS 0x0000000082a00000| PB 0x0000000082a00000| Untracked 
|  43|0x0000000082b00000, 0x0000000082c00000, 0x0000000082c00000|100%| O|  |TAMS 0x0000000082b00000| PB 0x0000000082b00000| Untracked 
|  44|0x0000000082c00000, 0x0000000082d00000, 0x0000000082d00000|100%| O|  |TAMS 0x0000000082c00000| PB 0x0000000082c00000| Untracked 
|  45|0x0000000082d00000, 0x0000000082e00000, 0x0000000082e00000|100%| O|  |TAMS 0x0000000082d00000| PB 0x0000000082d00000| Untracked 
|  46|0x0000000082e00000, 0x0000000082f00000, 0x0000000082f00000|100%| O|  |TAMS 0x0000000082e00000| PB 0x0000000082e00000| Untracked 
|  47|0x0000000082f00000, 0x0000000083000000, 0x0000000083000000|100%| O|  |TAMS 0x0000000082f00000| PB 0x0000000082f00000| Untracked 
|  48|0x0000000083000000, 0x0000000083100000, 0x0000000083100000|100%| O|  |TAMS 0x0000000083000000| PB 0x0000000083000000| Untracked 
|  49|0x0000000083100000, 0x0000000083200000, 0x0000000083200000|100%| O|  |TAMS 0x0000000083100000| PB 0x0000000083100000| Untracked 
|  50|0x0000000083200000, 0x0000000083300000, 0x0000000083300000|100%| O|  |TAMS 0x0000000083200000| PB 0x0000000083200000| Untracked 
|  51|0x0000000083300000, 0x000000008331a4e0, 0x0000000083400000| 10%| S|CS|TAMS 0x0000000083300000| PB 0x0000000083300000| Complete 
|  52|0x0000000083400000, 0x0000000083500000, 0x0000000083500000|100%| O|  |TAMS 0x0000000083400000| PB 0x0000000083400000| Untracked 
|  53|0x0000000083500000, 0x0000000083600000, 0x0000000083600000|100%| O|  |TAMS 0x0000000083500000| PB 0x0000000083500000| Untracked 
|  54|0x0000000083600000, 0x0000000083700000, 0x0000000083700000|100%| O|  |TAMS 0x0000000083600000| PB 0x0000000083600000| Untracked 
|  55|0x0000000083700000, 0x0000000083800000, 0x0000000083800000|100%| O|  |TAMS 0x0000000083700000| PB 0x0000000083700000| Untracked 
|  56|0x0000000083800000, 0x0000000083900000, 0x0000000083900000|100%| O|  |TAMS 0x0000000083800000| PB 0x0000000083800000| Untracked 
|  57|0x0000000083900000, 0x0000000083a00000, 0x0000000083a00000|100%| O|  |TAMS 0x0000000083900000| PB 0x0000000083900000| Untracked 
|  58|0x0000000083a00000, 0x0000000083b00000, 0x0000000083b00000|100%| O|  |TAMS 0x0000000083a00000| PB 0x0000000083a00000| Untracked 
|  59|0x0000000083b00000, 0x0000000083c00000, 0x0000000083c00000|100%| O|  |TAMS 0x0000000083b00000| PB 0x0000000083b00000| Untracked 
|  60|0x0000000083c00000, 0x0000000083d00000, 0x0000000083d00000|100%| O|  |TAMS 0x0000000083c00000| PB 0x0000000083c00000| Untracked 
|  61|0x0000000083d00000, 0x0000000083e00000, 0x0000000083e00000|100%|HS|  |TAMS 0x0000000083d00000| PB 0x0000000083d00000| Complete 
|  62|0x0000000083e00000, 0x0000000083f00000, 0x0000000083f00000|100%|HC|  |TAMS 0x0000000083e00000| PB 0x0000000083e00000| Complete 
|  63|0x0000000083f00000, 0x0000000083fa2bf8, 0x0000000084000000| 63%| O|  |TAMS 0x0000000083f00000| PB 0x0000000083f00000| Untracked 
|  64|0x0000000084000000, 0x0000000084100000, 0x0000000084100000|100%| O|  |TAMS 0x0000000084000000| PB 0x0000000084000000| Untracked 
|  65|0x0000000084100000, 0x0000000084100000, 0x0000000084200000|  0%| F|  |TAMS 0x0000000084100000| PB 0x0000000084100000| Untracked 
|  66|0x0000000084200000, 0x0000000084300000, 0x0000000084300000|100%| O|  |TAMS 0x0000000084200000| PB 0x0000000084200000| Untracked 
|  67|0x0000000084300000, 0x0000000084300000, 0x0000000084400000|  0%| F|  |TAMS 0x0000000084300000| PB 0x0000000084300000| Untracked 
|  68|0x0000000084400000, 0x0000000084500000, 0x0000000084500000|100%| S|CS|TAMS 0x0000000084400000| PB 0x0000000084400000| Complete 
|  69|0x0000000084500000, 0x0000000084600000, 0x0000000084600000|100%| S|CS|TAMS 0x0000000084500000| PB 0x0000000084500000| Complete 
|  70|0x0000000084600000, 0x0000000084700000, 0x0000000084700000|100%| S|CS|TAMS 0x0000000084600000| PB 0x0000000084600000| Complete 
|  71|0x0000000084700000, 0x0000000084800000, 0x0000000084800000|100%| S|CS|TAMS 0x0000000084700000| PB 0x0000000084700000| Complete 
|  72|0x0000000084800000, 0x0000000084900000, 0x0000000084900000|100%| S|CS|TAMS 0x0000000084800000| PB 0x0000000084800000| Complete 
|  73|0x0000000084900000, 0x0000000084900000, 0x0000000084a00000|  0%| F|  |TAMS 0x0000000084900000| PB 0x0000000084900000| Untracked 
|  74|0x0000000084a00000, 0x0000000084a00000, 0x0000000084b00000|  0%| F|  |TAMS 0x0000000084a00000| PB 0x0000000084a00000| Untracked 
|  75|0x0000000084b00000, 0x0000000084b00000, 0x0000000084c00000|  0%| F|  |TAMS 0x0000000084b00000| PB 0x0000000084b00000| Untracked 
|  76|0x0000000084c00000, 0x0000000084c00000, 0x0000000084d00000|  0%| F|  |TAMS 0x0000000084c00000| PB 0x0000000084c00000| Untracked 
|  77|0x0000000084d00000, 0x0000000084e00000, 0x0000000084e00000|100%|HS|  |TAMS 0x0000000084d00000| PB 0x0000000084d00000| Complete 
|  78|0x0000000084e00000, 0x0000000084f00000, 0x0000000084f00000|100%|HC|  |TAMS 0x0000000084e00000| PB 0x0000000084e00000| Complete 
|  79|0x0000000084f00000, 0x0000000085000000, 0x0000000085000000|100%|HC|  |TAMS 0x0000000084f00000| PB 0x0000000084f00000| Complete 
|  80|0x0000000085000000, 0x0000000085100000, 0x0000000085100000|100%|HC|  |TAMS 0x0000000085000000| PB 0x0000000085000000| Complete 
|  81|0x0000000085100000, 0x0000000085200000, 0x0000000085200000|100%|HC|  |TAMS 0x0000000085100000| PB 0x0000000085100000| Complete 
|  82|0x0000000085200000, 0x0000000085300000, 0x0000000085300000|100%|HC|  |TAMS 0x0000000085200000| PB 0x0000000085200000| Complete 
|  83|0x0000000085300000, 0x0000000085400000, 0x0000000085400000|100%| S|CS|TAMS 0x0000000085300000| PB 0x0000000085300000| Complete 
|  84|0x0000000085400000, 0x0000000085500000, 0x0000000085500000|100%| S|CS|TAMS 0x0000000085400000| PB 0x0000000085400000| Complete 
|  85|0x0000000085500000, 0x0000000085500000, 0x0000000085600000|  0%| F|  |TAMS 0x0000000085500000| PB 0x0000000085500000| Untracked 
|  86|0x0000000085600000, 0x0000000085600000, 0x0000000085700000|  0%| F|  |TAMS 0x0000000085600000| PB 0x0000000085600000| Untracked 
|  87|0x0000000085700000, 0x0000000085700000, 0x0000000085800000|  0%| F|  |TAMS 0x0000000085700000| PB 0x0000000085700000| Untracked 
|  88|0x0000000085800000, 0x0000000085800000, 0x0000000085900000|  0%| F|  |TAMS 0x0000000085800000| PB 0x0000000085800000| Untracked 
|  89|0x0000000085900000, 0x0000000085900000, 0x0000000085a00000|  0%| F|  |TAMS 0x0000000085900000| PB 0x0000000085900000| Untracked 
|  90|0x0000000085a00000, 0x0000000085a00000, 0x0000000085b00000|  0%| F|  |TAMS 0x0000000085a00000| PB 0x0000000085a00000| Untracked 
|  91|0x0000000085b00000, 0x0000000085b00000, 0x0000000085c00000|  0%| F|  |TAMS 0x0000000085b00000| PB 0x0000000085b00000| Untracked 
|  92|0x0000000085c00000, 0x0000000085c00000, 0x0000000085d00000|  0%| F|  |TAMS 0x0000000085c00000| PB 0x0000000085c00000| Untracked 
|  93|0x0000000085d00000, 0x0000000085d00000, 0x0000000085e00000|  0%| F|  |TAMS 0x0000000085d00000| PB 0x0000000085d00000| Untracked 
|  94|0x0000000085e00000, 0x0000000085e00000, 0x0000000085f00000|  0%| F|  |TAMS 0x0000000085e00000| PB 0x0000000085e00000| Untracked 
|  95|0x0000000085f00000, 0x0000000085f00000, 0x0000000086000000|  0%| F|  |TAMS 0x0000000085f00000| PB 0x0000000085f00000| Untracked 
|  96|0x0000000086000000, 0x0000000086000000, 0x0000000086100000|  0%| F|  |TAMS 0x0000000086000000| PB 0x0000000086000000| Untracked 
|  97|0x0000000086100000, 0x0000000086100000, 0x0000000086200000|  0%| F|  |TAMS 0x0000000086100000| PB 0x0000000086100000| Untracked 
|  98|0x0000000086200000, 0x0000000086200000, 0x0000000086300000|  0%| F|  |TAMS 0x0000000086200000| PB 0x0000000086200000| Untracked 
|  99|0x0000000086300000, 0x0000000086300000, 0x0000000086400000|  0%| F|  |TAMS 0x0000000086300000| PB 0x0000000086300000| Untracked 
| 100|0x0000000086400000, 0x0000000086400000, 0x0000000086500000|  0%| F|  |TAMS 0x0000000086400000| PB 0x0000000086400000| Untracked 
| 101|0x0000000086500000, 0x0000000086500000, 0x0000000086600000|  0%| F|  |TAMS 0x0000000086500000| PB 0x0000000086500000| Untracked 
| 102|0x0000000086600000, 0x0000000086600000, 0x0000000086700000|  0%| F|  |TAMS 0x0000000086600000| PB 0x0000000086600000| Untracked 
| 103|0x0000000086700000, 0x0000000086700000, 0x0000000086800000|  0%| F|  |TAMS 0x0000000086700000| PB 0x0000000086700000| Untracked 
| 104|0x0000000086800000, 0x0000000086800000, 0x0000000086900000|  0%| F|  |TAMS 0x0000000086800000| PB 0x0000000086800000| Untracked 
| 105|0x0000000086900000, 0x0000000086900000, 0x0000000086a00000|  0%| F|  |TAMS 0x0000000086900000| PB 0x0000000086900000| Untracked 
| 106|0x0000000086a00000, 0x0000000086a00000, 0x0000000086b00000|  0%| F|  |TAMS 0x0000000086a00000| PB 0x0000000086a00000| Untracked 
| 107|0x0000000086b00000, 0x0000000086b00000, 0x0000000086c00000|  0%| F|  |TAMS 0x0000000086b00000| PB 0x0000000086b00000| Untracked 
| 108|0x0000000086c00000, 0x0000000086c00000, 0x0000000086d00000|  0%| F|  |TAMS 0x0000000086c00000| PB 0x0000000086c00000| Untracked 
| 109|0x0000000086d00000, 0x0000000086d00000, 0x0000000086e00000|  0%| F|  |TAMS 0x0000000086d00000| PB 0x0000000086d00000| Untracked 
| 110|0x0000000086e00000, 0x0000000086e00000, 0x0000000086f00000|  0%| F|  |TAMS 0x0000000086e00000| PB 0x0000000086e00000| Untracked 
| 111|0x0000000086f00000, 0x0000000086f00000, 0x0000000087000000|  0%| F|  |TAMS 0x0000000086f00000| PB 0x0000000086f00000| Untracked 
| 112|0x0000000087000000, 0x0000000087000000, 0x0000000087100000|  0%| F|  |TAMS 0x0000000087000000| PB 0x0000000087000000| Untracked 
| 113|0x0000000087100000, 0x0000000087100000, 0x0000000087200000|  0%| F|  |TAMS 0x0000000087100000| PB 0x0000000087100000| Untracked 
| 114|0x0000000087200000, 0x0000000087200000, 0x0000000087300000|  0%| F|  |TAMS 0x0000000087200000| PB 0x0000000087200000| Untracked 
| 115|0x0000000087300000, 0x0000000087300000, 0x0000000087400000|  0%| F|  |TAMS 0x0000000087300000| PB 0x0000000087300000| Untracked 
| 116|0x0000000087400000, 0x0000000087400000, 0x0000000087500000|  0%| F|  |TAMS 0x0000000087400000| PB 0x0000000087400000| Untracked 
| 117|0x0000000087500000, 0x0000000087500000, 0x0000000087600000|  0%| F|  |TAMS 0x0000000087500000| PB 0x0000000087500000| Untracked 
| 118|0x0000000087600000, 0x0000000087600000, 0x0000000087700000|  0%| F|  |TAMS 0x0000000087600000| PB 0x0000000087600000| Untracked 
| 119|0x0000000087700000, 0x0000000087700000, 0x0000000087800000|  0%| F|  |TAMS 0x0000000087700000| PB 0x0000000087700000| Untracked 
| 120|0x0000000087800000, 0x0000000087800000, 0x0000000087900000|  0%| F|  |TAMS 0x0000000087800000| PB 0x0000000087800000| Untracked 
| 121|0x0000000087900000, 0x0000000087900000, 0x0000000087a00000|  0%| F|  |TAMS 0x0000000087900000| PB 0x0000000087900000| Untracked 
| 122|0x0000000087a00000, 0x0000000087a00000, 0x0000000087b00000|  0%| F|  |TAMS 0x0000000087a00000| PB 0x0000000087a00000| Untracked 
| 123|0x0000000087b00000, 0x0000000087b00000, 0x0000000087c00000|  0%| F|  |TAMS 0x0000000087b00000| PB 0x0000000087b00000| Untracked 
| 124|0x0000000087c00000, 0x0000000087c00000, 0x0000000087d00000|  0%| F|  |TAMS 0x0000000087c00000| PB 0x0000000087c00000| Untracked 
| 125|0x0000000087d00000, 0x0000000087d00000, 0x0000000087e00000|  0%| F|  |TAMS 0x0000000087d00000| PB 0x0000000087d00000| Untracked 
| 126|0x0000000087e00000, 0x0000000087e00000, 0x0000000087f00000|  0%| F|  |TAMS 0x0000000087e00000| PB 0x0000000087e00000| Untracked 
| 127|0x0000000087f00000, 0x0000000087f00000, 0x0000000088000000|  0%| F|  |TAMS 0x0000000087f00000| PB 0x0000000087f00000| Untracked 
| 128|0x0000000088000000, 0x0000000088000000, 0x0000000088100000|  0%| F|  |TAMS 0x0000000088000000| PB 0x0000000088000000| Untracked 
| 129|0x0000000088100000, 0x0000000088100000, 0x0000000088200000|  0%| F|  |TAMS 0x0000000088100000| PB 0x0000000088100000| Untracked 
| 130|0x0000000088200000, 0x0000000088200000, 0x0000000088300000|  0%| F|  |TAMS 0x0000000088200000| PB 0x0000000088200000| Untracked 
| 131|0x0000000088300000, 0x0000000088300000, 0x0000000088400000|  0%| F|  |TAMS 0x0000000088300000| PB 0x0000000088300000| Untracked 
| 132|0x0000000088400000, 0x0000000088400000, 0x0000000088500000|  0%| F|  |TAMS 0x0000000088400000| PB 0x0000000088400000| Untracked 
| 133|0x0000000088500000, 0x0000000088500000, 0x0000000088600000|  0%| F|  |TAMS 0x0000000088500000| PB 0x0000000088500000| Untracked 
| 134|0x0000000088600000, 0x0000000088600000, 0x0000000088700000|  0%| F|  |TAMS 0x0000000088600000| PB 0x0000000088600000| Untracked 
| 135|0x0000000088700000, 0x0000000088700000, 0x0000000088800000|  0%| F|  |TAMS 0x0000000088700000| PB 0x0000000088700000| Untracked 
| 136|0x0000000088800000, 0x0000000088800000, 0x0000000088900000|  0%| F|  |TAMS 0x0000000088800000| PB 0x0000000088800000| Untracked 
| 137|0x0000000088900000, 0x0000000088900000, 0x0000000088a00000|  0%| F|  |TAMS 0x0000000088900000| PB 0x0000000088900000| Untracked 
| 138|0x0000000088a00000, 0x0000000088a00000, 0x0000000088b00000|  0%| F|  |TAMS 0x0000000088a00000| PB 0x0000000088a00000| Untracked 
| 139|0x0000000088b00000, 0x0000000088b00000, 0x0000000088c00000|  0%| F|  |TAMS 0x0000000088b00000| PB 0x0000000088b00000| Untracked 
| 140|0x0000000088c00000, 0x0000000088c00000, 0x0000000088d00000|  0%| F|  |TAMS 0x0000000088c00000| PB 0x0000000088c00000| Untracked 
| 141|0x0000000088d00000, 0x0000000088d00000, 0x0000000088e00000|  0%| F|  |TAMS 0x0000000088d00000| PB 0x0000000088d00000| Untracked 
| 142|0x0000000088e00000, 0x0000000088e00000, 0x0000000088f00000|  0%| F|  |TAMS 0x0000000088e00000| PB 0x0000000088e00000| Untracked 
| 143|0x0000000088f00000, 0x0000000088f00000, 0x0000000089000000|  0%| F|  |TAMS 0x0000000088f00000| PB 0x0000000088f00000| Untracked 
| 144|0x0000000089000000, 0x0000000089000000, 0x0000000089100000|  0%| F|  |TAMS 0x0000000089000000| PB 0x0000000089000000| Untracked 
| 145|0x0000000089100000, 0x000000008918f220, 0x0000000089200000| 55%| E|  |TAMS 0x0000000089100000| PB 0x0000000089100000| Complete 
| 146|0x0000000089200000, 0x0000000089300000, 0x0000000089300000|100%| E|CS|TAMS 0x0000000089200000| PB 0x0000000089200000| Complete 
| 147|0x0000000089300000, 0x0000000089400000, 0x0000000089400000|100%| E|CS|TAMS 0x0000000089300000| PB 0x0000000089300000| Complete 
| 148|0x0000000089400000, 0x0000000089500000, 0x0000000089500000|100%| E|CS|TAMS 0x0000000089400000| PB 0x0000000089400000| Complete 
| 149|0x0000000089500000, 0x0000000089600000, 0x0000000089600000|100%| E|CS|TAMS 0x0000000089500000| PB 0x0000000089500000| Complete 
| 150|0x0000000089600000, 0x0000000089700000, 0x0000000089700000|100%| E|CS|TAMS 0x0000000089600000| PB 0x0000000089600000| Complete 
| 151|0x0000000089700000, 0x0000000089800000, 0x0000000089800000|100%| E|CS|TAMS 0x0000000089700000| PB 0x0000000089700000| Complete 
| 152|0x0000000089800000, 0x0000000089900000, 0x0000000089900000|100%| E|CS|TAMS 0x0000000089800000| PB 0x0000000089800000| Complete 
| 153|0x0000000089900000, 0x0000000089a00000, 0x0000000089a00000|100%| E|CS|TAMS 0x0000000089900000| PB 0x0000000089900000| Complete 
| 154|0x0000000089a00000, 0x0000000089b00000, 0x0000000089b00000|100%| E|CS|TAMS 0x0000000089a00000| PB 0x0000000089a00000| Complete 
| 155|0x0000000089b00000, 0x0000000089c00000, 0x0000000089c00000|100%| E|CS|TAMS 0x0000000089b00000| PB 0x0000000089b00000| Complete 
| 156|0x0000000089c00000, 0x0000000089d00000, 0x0000000089d00000|100%| E|CS|TAMS 0x0000000089c00000| PB 0x0000000089c00000| Complete 
| 157|0x0000000089d00000, 0x0000000089e00000, 0x0000000089e00000|100%| E|CS|TAMS 0x0000000089d00000| PB 0x0000000089d00000| Complete 
| 158|0x0000000089e00000, 0x0000000089f00000, 0x0000000089f00000|100%| E|CS|TAMS 0x0000000089e00000| PB 0x0000000089e00000| Complete 
| 159|0x0000000089f00000, 0x000000008a000000, 0x000000008a000000|100%| E|CS|TAMS 0x0000000089f00000| PB 0x0000000089f00000| Complete 
| 160|0x000000008a000000, 0x000000008a100000, 0x000000008a100000|100%| E|CS|TAMS 0x000000008a000000| PB 0x000000008a000000| Complete 
| 161|0x000000008a100000, 0x000000008a200000, 0x000000008a200000|100%| E|CS|TAMS 0x000000008a100000| PB 0x000000008a100000| Complete 
| 162|0x000000008a200000, 0x000000008a300000, 0x000000008a300000|100%| E|CS|TAMS 0x000000008a200000| PB 0x000000008a200000| Complete 
|2036|0x00000000ff400000, 0x00000000ff500000, 0x00000000ff500000|100%| E|CS|TAMS 0x00000000ff400000| PB 0x00000000ff400000| Complete 
|2037|0x00000000ff500000, 0x00000000ff600000, 0x00000000ff600000|100%| E|CS|TAMS 0x00000000ff500000| PB 0x00000000ff500000| Complete 
|2038|0x00000000ff600000, 0x00000000ff700000, 0x00000000ff700000|100%| E|CS|TAMS 0x00000000ff600000| PB 0x00000000ff600000| Complete 
|2039|0x00000000ff700000, 0x00000000ff800000, 0x00000000ff800000|100%| O|  |TAMS 0x00000000ff700000| PB 0x00000000ff700000| Untracked 
|2040|0x00000000ff800000, 0x00000000ff900000, 0x00000000ff900000|100%| E|CS|TAMS 0x00000000ff800000| PB 0x00000000ff800000| Complete 
|2041|0x00000000ff900000, 0x00000000ffa00000, 0x00000000ffa00000|100%| O|  |TAMS 0x00000000ff900000| PB 0x00000000ff900000| Untracked 
|2042|0x00000000ffa00000, 0x00000000ffb00000, 0x00000000ffb00000|100%| O|  |TAMS 0x00000000ffa00000| PB 0x00000000ffa00000| Untracked 
|2043|0x00000000ffb00000, 0x00000000ffc00000, 0x00000000ffc00000|100%| O|  |TAMS 0x00000000ffb00000| PB 0x00000000ffb00000| Untracked 
|2044|0x00000000ffc00000, 0x00000000ffd00000, 0x00000000ffd00000|100%| O|  |TAMS 0x00000000ffc00000| PB 0x00000000ffc00000| Untracked 
|2045|0x00000000ffd00000, 0x00000000ffe00000, 0x00000000ffe00000|100%| O|  |TAMS 0x00000000ffd00000| PB 0x00000000ffd00000| Untracked 
|2046|0x00000000ffe00000, 0x00000000fff00000, 0x00000000fff00000|100%| O|  |TAMS 0x00000000ffe00000| PB 0x00000000ffe00000| Untracked 
|2047|0x00000000fff00000, 0x0000000100000000, 0x0000000100000000|100%| O|  |TAMS 0x00000000fff00000| PB 0x00000000fff00000| Untracked 

Card table byte_map: [0x000001d6fb1e0000,0x000001d6fb5e0000] _byte_map_base: 0x000001d6fade0000

Marking Bits: (CMBitMap*) 0x000001d6e87a1220
 Bits: [0x000001d6fb5e0000, 0x000001d6fd5e0000)

Polling page: 0x000001d6e7f10000

Metaspace:

Usage:
  Non-class:     54.08 MB used.
      Class:      8.54 MB used.
       Both:     62.62 MB used.

Virtual space:
  Non-class space:       64.00 MB reserved,      54.81 MB ( 86%) committed,  1 nodes.
      Class space:      416.00 MB reserved,       9.25 MB (  2%) committed,  1 nodes.
             Both:      480.00 MB reserved,      64.06 MB ( 13%) committed. 

Chunk freelists:
   Non-Class:  8.95 MB
       Class:  6.76 MB
        Both:  15.71 MB

MaxMetaspaceSize: 512.00 MB
CompressedClassSpaceSize: 416.00 MB
Initial GC threshold: 21.00 MB
Current GC threshold: 105.75 MB
CDS: off
 - commit_granule_bytes: 65536.
 - commit_granule_words: 8192.
 - virtual_space_node_default_size: 8388608.
 - enlarge_chunks_in_place: 1.
 - use_allocation_guard: 0.


Internal statistics:

num_allocs_failed_limit: 9.
num_arena_births: 2720.
num_arena_deaths: 4.
num_vsnodes_births: 2.
num_vsnodes_deaths: 0.
num_space_committed: 1025.
num_space_uncommitted: 0.
num_chunks_returned_to_freelist: 15.
num_chunks_taken_from_freelist: 5264.
num_chunk_merges: 6.
num_chunk_splits: 3383.
num_chunks_enlarged: 2092.
num_inconsistent_stats: 0.

CodeHeap 'non-profiled nmethods': size=120000Kb used=4015Kb max_used=4015Kb free=115984Kb
 bounds [0x000001d6f3360000, 0x000001d6f3750000, 0x000001d6fa890000]
CodeHeap 'profiled nmethods': size=120000Kb used=11891Kb max_used=11891Kb free=108108Kb
 bounds [0x000001d6eb890000, 0x000001d6ec430000, 0x000001d6f2dc0000]
CodeHeap 'non-nmethods': size=5760Kb used=2719Kb max_used=2787Kb free=3041Kb
 bounds [0x000001d6f2dc0000, 0x000001d6f3090000, 0x000001d6f3360000]
 total_blobs=7515 nmethods=6647 adapters=771
 compilation: enabled
              stopped_count=0, restarted_count=0
 full_count=0

Compilation events (20 events):
Event: 17.828 Thread 0x000001d6804e1cb0 8472       2       org.gradle.internal.snapshot.SingletonChildMap::<init> (10 bytes)
Event: 17.828 Thread 0x000001d6804e1cb0 nmethod 8472 0x000001d6ec425010 code [0x000001d6ec4251a0, 0x000001d6ec4252f0]
Event: 17.828 Thread 0x000001d6804e1cb0 8474       2       org.gradle.internal.snapshot.AbstractFileSystemLocationSnapshot::rootSnapshots (5 bytes)
Event: 17.828 Thread 0x000001d6804e1cb0 nmethod 8474 0x000001d6ec425390 code [0x000001d6ec425540, 0x000001d6ec425720]
Event: 17.829 Thread 0x000001d6804e1cb0 8475       2       org.gradle.internal.snapshot.impl.DirectorySnapshotter$PathVisitor::intern (14 bytes)
Event: 17.829 Thread 0x000001d6804e1cb0 nmethod 8475 0x000001d6ec425810 code [0x000001d6ec4259c0, 0x000001d6ec425b28]
Event: 17.830 Thread 0x000001d6804e1cb0 8476       2       java.util.function.Predicate$$Lambda/0x000000010027e8b8::test (15 bytes)
Event: 17.830 Thread 0x000001d6804e1cb0 nmethod 8476 0x000001d6ec425c10 code [0x000001d6ec425de0, 0x000001d6ec425fe0]
Event: 17.830 Thread 0x000001d6804e1cb0 8477       2       java.util.function.Predicate::lambda$and$0 (26 bytes)
Event: 17.830 Thread 0x000001d6804e1cb0 nmethod 8477 0x000001d6ec426110 code [0x000001d6ec4262c0, 0x000001d6ec426458]
Event: 17.830 Thread 0x000001d6804e1cb0 8479   !   2       java.io.BufferedOutputStream::flush (60 bytes)
Event: 17.831 Thread 0x000001d6804e1cb0 nmethod 8479 0x000001d6ec426510 code [0x000001d6ec426760, 0x000001d6ec426c98]
Event: 17.831 Thread 0x000001d6804e1cb0 8480       2       java.io.BufferedOutputStream::implFlush (12 bytes)
Event: 17.831 Thread 0x000001d6804e1cb0 nmethod 8480 0x000001d6ec427090 code [0x000001d6ec427240, 0x000001d6ec4273d0]
Event: 17.831 Thread 0x000001d6804e1cb0 8478       2       com.google.common.collect.ImmutableList::builderWithExpectedSize (16 bytes)
Event: 17.832 Thread 0x000001d6804e1cb0 nmethod 8478 0x000001d6ec427490 code [0x000001d6ec427640, 0x000001d6ec427890]
Event: 17.833 Thread 0x000001d6804e1cb0 8482       1       org.gradle.cache.internal.btree.BTreePersistentIndexedCache::access$1800 (5 bytes)
Event: 17.833 Thread 0x000001d6804e1cb0 nmethod 8482 0x000001d6f374a510 code [0x000001d6f374a6a0, 0x000001d6f374a750]
Event: 17.833 Thread 0x000001d6804e1cb0 8483       2       sun.misc.Unsafe::compareAndSwapLong (13 bytes)
Event: 17.834 Thread 0x000001d6804e1cb0 nmethod 8483 0x000001d6ec427990 code [0x000001d6ec427b20, 0x000001d6ec427c40]

GC Heap History (20 events):
Event: 12.345 GC heap before
{Heap before GC invocations=33 (full 0):
 garbage-first heap   total 179200K, used 162149K [0x0000000080000000, 0x0000000100000000)
  region size 1024K, 85 young (87040K), 5 survivors (5120K)
 Metaspace       used 63387K, committed 64832K, reserved 491520K
  class space    used 8674K, committed 9408K, reserved 425984K
}
Event: 12.350 GC heap after
{Heap after GC invocations=34 (full 0):
 garbage-first heap   total 179200K, used 80745K [0x0000000080000000, 0x0000000100000000)
  region size 1024K, 5 young (5120K), 5 survivors (5120K)
 Metaspace       used 63387K, committed 64832K, reserved 491520K
  class space    used 8674K, committed 9408K, reserved 425984K
}
Event: 12.974 GC heap before
{Heap before GC invocations=34 (full 0):
 garbage-first heap   total 179200K, used 162665K [0x0000000080000000, 0x0000000100000000)
  region size 1024K, 85 young (87040K), 5 survivors (5120K)
 Metaspace       used 63389K, committed 64832K, reserved 491520K
  class space    used 8674K, committed 9408K, reserved 425984K
}
Event: 12.979 GC heap after
{Heap after GC invocations=35 (full 0):
 garbage-first heap   total 179200K, used 80702K [0x0000000080000000, 0x0000000100000000)
  region size 1024K, 6 young (6144K), 6 survivors (6144K)
 Metaspace       used 63389K, committed 64832K, reserved 491520K
  class space    used 8674K, committed 9408K, reserved 425984K
}
Event: 13.504 GC heap before
{Heap before GC invocations=35 (full 0):
 garbage-first heap   total 179200K, used 162622K [0x0000000080000000, 0x0000000100000000)
  region size 1024K, 86 young (88064K), 6 survivors (6144K)
 Metaspace       used 63412K, committed 64896K, reserved 491520K
  class space    used 8674K, committed 9408K, reserved 425984K
}
Event: 13.509 GC heap after
{Heap after GC invocations=36 (full 0):
 garbage-first heap   total 179200K, used 81503K [0x0000000080000000, 0x0000000100000000)
  region size 1024K, 7 young (7168K), 7 survivors (7168K)
 Metaspace       used 63412K, committed 64896K, reserved 491520K
  class space    used 8674K, committed 9408K, reserved 425984K
}
Event: 14.134 GC heap before
{Heap before GC invocations=37 (full 0):
 garbage-first heap   total 179200K, used 161375K [0x0000000080000000, 0x0000000100000000)
  region size 1024K, 85 young (87040K), 7 survivors (7168K)
 Metaspace       used 63422K, committed 64896K, reserved 491520K
  class space    used 8674K, committed 9408K, reserved 425984K
}
Event: 14.140 GC heap after
{Heap after GC invocations=38 (full 0):
 garbage-first heap   total 179200K, used 82409K [0x0000000080000000, 0x0000000100000000)
  region size 1024K, 7 young (7168K), 7 survivors (7168K)
 Metaspace       used 63422K, committed 64896K, reserved 491520K
  class space    used 8674K, committed 9408K, reserved 425984K
}
Event: 14.707 GC heap before
{Heap before GC invocations=38 (full 0):
 garbage-first heap   total 179200K, used 161257K [0x0000000080000000, 0x0000000100000000)
  region size 1024K, 84 young (86016K), 7 survivors (7168K)
 Metaspace       used 63422K, committed 64896K, reserved 491520K
  class space    used 8674K, committed 9408K, reserved 425984K
}
Event: 14.713 GC heap after
{Heap after GC invocations=39 (full 0):
 garbage-first heap   total 179200K, used 82170K [0x0000000080000000, 0x0000000100000000)
  region size 1024K, 7 young (7168K), 7 survivors (7168K)
 Metaspace       used 63422K, committed 64896K, reserved 491520K
  class space    used 8674K, committed 9408K, reserved 425984K
}
Event: 15.208 GC heap before
{Heap before GC invocations=39 (full 0):
 garbage-first heap   total 179200K, used 159994K [0x0000000080000000, 0x0000000100000000)
  region size 1024K, 83 young (84992K), 7 survivors (7168K)
 Metaspace       used 63431K, committed 64960K, reserved 491520K
  class space    used 8674K, committed 9408K, reserved 425984K
}
Event: 15.214 GC heap after
{Heap after GC invocations=40 (full 0):
 garbage-first heap   total 179200K, used 81629K [0x0000000080000000, 0x0000000100000000)
  region size 1024K, 7 young (7168K), 7 survivors (7168K)
 Metaspace       used 63431K, committed 64960K, reserved 491520K
  class space    used 8674K, committed 9408K, reserved 425984K
}
Event: 16.437 GC heap before
{Heap before GC invocations=41 (full 0):
 garbage-first heap   total 179200K, used 163549K [0x0000000080000000, 0x0000000100000000)
  region size 1024K, 85 young (87040K), 7 survivors (7168K)
 Metaspace       used 63569K, committed 65024K, reserved 491520K
  class space    used 8694K, committed 9408K, reserved 425984K
}
Event: 16.439 GC heap after
{Heap after GC invocations=42 (full 0):
 garbage-first heap   total 179200K, used 79305K [0x0000000080000000, 0x0000000100000000)
  region size 1024K, 3 young (3072K), 3 survivors (3072K)
 Metaspace       used 63569K, committed 65024K, reserved 491520K
  class space    used 8694K, committed 9408K, reserved 425984K
}
Event: 16.805 GC heap before
{Heap before GC invocations=42 (full 0):
 garbage-first heap   total 179200K, used 165321K [0x0000000080000000, 0x0000000100000000)
  region size 1024K, 87 young (89088K), 3 survivors (3072K)
 Metaspace       used 63569K, committed 65024K, reserved 491520K
  class space    used 8694K, committed 9408K, reserved 425984K
}
Event: 16.808 GC heap after
{Heap after GC invocations=43 (full 0):
 garbage-first heap   total 179200K, used 79670K [0x0000000080000000, 0x0000000100000000)
  region size 1024K, 4 young (4096K), 4 survivors (4096K)
 Metaspace       used 63569K, committed 65024K, reserved 491520K
  class space    used 8694K, committed 9408K, reserved 425984K
}
Event: 17.011 GC heap before
{Heap before GC invocations=43 (full 0):
 garbage-first heap   total 179200K, used 116534K [0x0000000080000000, 0x0000000100000000)
  region size 1024K, 41 young (41984K), 4 survivors (4096K)
 Metaspace       used 63608K, committed 65024K, reserved 491520K
  class space    used 8697K, committed 9408K, reserved 425984K
}
Event: 17.013 GC heap after
{Heap after GC invocations=44 (full 0):
 garbage-first heap   total 179200K, used 75360K [0x0000000080000000, 0x0000000100000000)
  region size 1024K, 2 young (2048K), 2 survivors (2048K)
 Metaspace       used 63608K, committed 65024K, reserved 491520K
  class space    used 8697K, committed 9408K, reserved 425984K
}
Event: 17.515 GC heap before
{Heap before GC invocations=45 (full 0):
 garbage-first heap   total 179200K, used 167520K [0x0000000080000000, 0x0000000100000000)
  region size 1024K, 90 young (92160K), 2 survivors (2048K)
 Metaspace       used 63903K, committed 65472K, reserved 491520K
  class space    used 8715K, committed 9472K, reserved 425984K
}
Event: 17.518 GC heap after
{Heap after GC invocations=46 (full 0):
 garbage-first heap   total 179200K, used 79898K [0x0000000080000000, 0x0000000100000000)
  region size 1024K, 4 young (4096K), 4 survivors (4096K)
 Metaspace       used 63903K, committed 65472K, reserved 491520K
  class space    used 8715K, committed 9472K, reserved 425984K
}

Dll operation events (3 events):
Event: 0.181 Loaded shared library C:\Program Files\Android\Android Studio\jbr\bin\java.dll
Event: 0.192 Loaded shared library C:\Program Files\Android\Android Studio\jbr\bin\zip.dll
Event: 0.736 Loaded shared library C:\Program Files\Android\Android Studio\jbr\bin\verify.dll

Deoptimization events (20 events):
Event: 17.765 Thread 0x000001d686af5230 DEOPT PACKING pc=0x000001d6f36e9a98 sp=0x000000476e5f8020
Event: 17.765 Thread 0x000001d686af5230 DEOPT UNPACKING pc=0x000001d6f2e146a2 sp=0x000000476e5f7ff8 mode 2
Event: 17.773 Thread 0x000001d686af5230 Uncommon trap: trap_request=0xffffffc6 fr.pc=0x000001d6f3428fe4 relative=0x0000000000000404
Event: 17.773 Thread 0x000001d686af5230 Uncommon trap: reason=bimorphic_or_optimized_type_check action=maybe_recompile pc=0x000001d6f3428fe4 method=org.gradle.internal.lazy.LockingLazy.get()Ljava/lang/Object; @ 22 c2
Event: 17.773 Thread 0x000001d686af5230 DEOPT PACKING pc=0x000001d6f3428fe4 sp=0x000000476e5f8be0
Event: 17.773 Thread 0x000001d686af5230 DEOPT UNPACKING pc=0x000001d6f2e146a2 sp=0x000000476e5f8b88 mode 2
Event: 17.774 Thread 0x000001d686af5230 Uncommon trap: trap_request=0xffffffde fr.pc=0x000001d6f3702248 relative=0x0000000000000948
Event: 17.774 Thread 0x000001d686af5230 Uncommon trap: reason=class_check action=maybe_recompile pc=0x000001d6f3702248 method=java.util.stream.Stream.concat(Ljava/util/stream/Stream;Ljava/util/stream/Stream;)Ljava/util/stream/Stream; @ 21 c2
Event: 17.774 Thread 0x000001d686af5230 DEOPT PACKING pc=0x000001d6f3702248 sp=0x000000476e5f8500
Event: 17.774 Thread 0x000001d686af5230 DEOPT UNPACKING pc=0x000001d6f2e146a2 sp=0x000000476e5f84c8 mode 2
Event: 17.774 Thread 0x000001d686af5230 Uncommon trap: trap_request=0xffffffc6 fr.pc=0x000001d6f3703b04 relative=0x00000000000005a4
Event: 17.774 Thread 0x000001d686af5230 Uncommon trap: reason=bimorphic_or_optimized_type_check action=maybe_recompile pc=0x000001d6f3703b04 method=java.util.stream.Streams$ConcatSpliterator.<init>(Ljava/util/Spliterator;Ljava/util/Spliterator;)V @ 21 c2
Event: 17.774 Thread 0x000001d686af5230 DEOPT PACKING pc=0x000001d6f3703b04 sp=0x000000476e5f8450
Event: 17.774 Thread 0x000001d686af5230 DEOPT UNPACKING pc=0x000001d6f2e146a2 sp=0x000000476e5f8400 mode 2
Event: 17.802 Thread 0x000001d686af5230 Uncommon trap: trap_request=0xffffff6e fr.pc=0x000001d6f3612680 relative=0x0000000000000720
Event: 17.802 Thread 0x000001d686af5230 Uncommon trap: reason=loop_limit_check action=maybe_recompile pc=0x000001d6f3612680 method=com.google.common.base.CharMatcher.lastIndexIn(Ljava/lang/CharSequence;)I @ 10 c2
Event: 17.802 Thread 0x000001d686af5230 DEOPT PACKING pc=0x000001d6f3612680 sp=0x000000476e5f2760
Event: 17.802 Thread 0x000001d686af5230 DEOPT UNPACKING pc=0x000001d6f2e146a2 sp=0x000000476e5f2678 mode 2
Event: 17.807 Thread 0x000001d686af5230 DEOPT PACKING pc=0x000001d6ebced3b6 sp=0x000000476e5f26d0
Event: 17.807 Thread 0x000001d686af5230 DEOPT UNPACKING pc=0x000001d6f2e14e42 sp=0x000000476e5f1c18 mode 0

Classes loaded (20 events):
Event: 12.160 Loading class java/util/concurrent/LinkedBlockingDeque$Itr
Event: 12.160 Loading class java/util/concurrent/LinkedBlockingDeque$AbstractItr
Event: 12.160 Loading class java/util/concurrent/LinkedBlockingDeque$AbstractItr done
Event: 12.160 Loading class java/util/concurrent/LinkedBlockingDeque$Itr done
Event: 13.450 Loading class java/lang/foreign/MemorySegment
Event: 13.451 Loading class java/lang/foreign/MemorySegment done
Event: 16.157 Loading class java/util/stream/SortedOps$OfRef
Event: 16.157 Loading class java/util/stream/SortedOps$OfRef done
Event: 16.158 Loading class java/util/stream/SortedOps$SizedRefSortingSink
Event: 16.158 Loading class java/util/stream/SortedOps$AbstractRefSortingSink
Event: 16.158 Loading class java/util/stream/SortedOps$AbstractRefSortingSink done
Event: 16.158 Loading class java/util/stream/SortedOps$SizedRefSortingSink done
Event: 16.172 Loading class java/util/HashMap$EntrySpliterator
Event: 16.172 Loading class java/util/HashMap$EntrySpliterator done
Event: 16.173 Loading class java/util/stream/SortedOps$RefSortingSink
Event: 16.173 Loading class java/util/stream/SortedOps$RefSortingSink done
Event: 17.183 Loading class java/lang/ThreadDeath
Event: 17.183 Loading class java/lang/ThreadDeath done
Event: 17.183 Loading class sun/misc/SharedSecrets
Event: 17.183 Loading class sun/misc/SharedSecrets done

Classes unloaded (5 events):
Event: 7.069 Thread 0x000001d6804707e0 Unloading class 0x00000001007a8550 '_BuildScript_$_run_closure1'
Event: 7.069 Thread 0x000001d6804707e0 Unloading class 0x00000001007a8000 '_BuildScript_'
Event: 7.464 Thread 0x000001d6804707e0 Unloading class 0x0000000100828958 '_BuildScript_$_run_closure1$_closure2'
Event: 7.464 Thread 0x000001d6804707e0 Unloading class 0x0000000100828550 '_BuildScript_$_run_closure1'
Event: 7.464 Thread 0x000001d6804707e0 Unloading class 0x0000000100828000 '_BuildScript_'

Classes redefined (0 events):
No events

Internal exceptions (20 events):
Event: 17.189 Thread 0x000001d686af5230 Exception <a 'java/lang/ClassNotFoundException'{0x0000000089a22410}: org/gradle/util/internal/DefaultGradleVersionBeanInfo> (0x0000000089a22410) 
thrown [s\src\hotspot\share\classfile\systemDictionary.cpp, line 312]
Event: 17.190 Thread 0x000001d686af5230 Exception <a 'java/lang/ClassNotFoundException'{0x0000000089a32a48}: org/gradle/util/internal/DefaultGradleVersionCustomizer> (0x0000000089a32a48) 
thrown [s\src\hotspot\share\classfile\systemDictionary.cpp, line 312]
Event: 17.201 Thread 0x000001d686af5230 Exception <a 'java/lang/ClassNotFoundException'{0x0000000089aabe38}: org/gradle/invocation/DefaultGradle$DefaultGradleLifecycle_DecoratedBeanInfo> (0x0000000089aabe38) 
thrown [s\src\hotspot\share\classfile\systemDictionary.cpp, line 312]
Event: 17.202 Thread 0x000001d686af5230 Exception <a 'java/lang/ClassNotFoundException'{0x0000000089abc708}: org/gradle/invocation/DefaultGradle$DefaultGradleLifecycleBeanInfo> (0x0000000089abc708) 
thrown [s\src\hotspot\share\classfile\systemDictionary.cpp, line 312]
Event: 17.203 Thread 0x000001d686af5230 Exception <a 'java/lang/ClassNotFoundException'{0x0000000089accfd0}: org/gradle/invocation/DefaultGradle$DefaultGradleLifecycleCustomizer> (0x0000000089accfd0) 
thrown [s\src\hotspot\share\classfile\systemDictionary.cpp, line 312]
Event: 17.205 Thread 0x000001d686af5230 Exception <a 'java/lang/ClassNotFoundException'{0x0000000089ae1f68}: org/gradle/invocation/DefaultGradle$DefaultGradleLifecycle_DecoratedCustomizer> (0x0000000089ae1f68) 
thrown [s\src\hotspot\share\classfile\systemDictionary.cpp, line 312]
Event: 17.703 Thread 0x000001d686af5230 Exception <a 'sun/nio/fs/WindowsException'{0x0000000087d3adf8}> (0x0000000087d3adf8) 
thrown [s\src\hotspot\share\prims\jni.cpp, line 535]
Event: 17.703 Thread 0x000001d686af5230 Exception <a 'sun/nio/fs/WindowsException'{0x0000000087d3c7a8}> (0x0000000087d3c7a8) 
thrown [s\src\hotspot\share\prims\jni.cpp, line 535]
Event: 17.705 Thread 0x000001d686af5230 Exception <a 'sun/nio/fs/WindowsException'{0x0000000087d511f0}> (0x0000000087d511f0) 
thrown [s\src\hotspot\share\prims\jni.cpp, line 535]
Event: 17.707 Thread 0x000001d686af5230 Exception <a 'sun/nio/fs/WindowsException'{0x0000000087d63558}> (0x0000000087d63558) 
thrown [s\src\hotspot\share\prims\jni.cpp, line 535]
Event: 17.710 Thread 0x000001d686af5230 Exception <a 'sun/nio/fs/WindowsException'{0x0000000087d6e1c8}> (0x0000000087d6e1c8) 
thrown [s\src\hotspot\share\prims\jni.cpp, line 535]
Event: 17.741 Thread 0x000001d6876af360 Exception <a 'sun/nio/fs/WindowsException'{0x0000000087c142a8}> (0x0000000087c142a8) 
thrown [s\src\hotspot\share\prims\jni.cpp, line 535]
Event: 17.741 Thread 0x000001d6876af360 Exception <a 'sun/nio/fs/WindowsException'{0x0000000087c14918}> (0x0000000087c14918) 
thrown [s\src\hotspot\share\prims\jni.cpp, line 535]
Event: 17.743 Thread 0x000001d6876af360 Exception <a 'sun/nio/fs/WindowsException'{0x0000000087c27d70}> (0x0000000087c27d70) 
thrown [s\src\hotspot\share\prims\jni.cpp, line 535]
Event: 17.746 Thread 0x000001d6876af360 Exception <a 'sun/nio/fs/WindowsException'{0x0000000087c36f48}> (0x0000000087c36f48) 
thrown [s\src\hotspot\share\prims\jni.cpp, line 535]
Event: 17.748 Thread 0x000001d6876af360 Exception <a 'sun/nio/fs/WindowsException'{0x0000000087c426a8}> (0x0000000087c426a8) 
thrown [s\src\hotspot\share\prims\jni.cpp, line 535]
Event: 17.759 Thread 0x000001d686af5230 Exception <a 'java/lang/ClassNotFoundException'{0x0000000087c64390}: ijInit1_g77l51h5w6anwrdny9mqa73rBeanInfo> (0x0000000087c64390) 
thrown [s\src\hotspot\share\classfile\systemDictionary.cpp, line 312]
Event: 17.759 Thread 0x000001d686af5230 Exception <a 'java/lang/ClassNotFoundException'{0x0000000087c6ad78}: ijInit1_g77l51h5w6anwrdny9mqa73rCustomizer> (0x0000000087c6ad78) 
thrown [s\src\hotspot\share\classfile\systemDictionary.cpp, line 312]
Event: 17.768 Thread 0x000001d686af5230 Exception <a 'java/lang/ClassNotFoundException'{0x0000000087cb2cd8}: ijInit1_g77l51h5w6anwrdny9mqa73r$_run_closure1BeanInfo> (0x0000000087cb2cd8) 
thrown [s\src\hotspot\share\classfile\systemDictionary.cpp, line 312]
Event: 17.769 Thread 0x000001d686af5230 Exception <a 'java/lang/ClassNotFoundException'{0x0000000087cba070}: ijInit1_g77l51h5w6anwrdny9mqa73r$_run_closure1Customizer> (0x0000000087cba070) 
thrown [s\src\hotspot\share\classfile\systemDictionary.cpp, line 312]

ZGC Phase Switch (0 events):
No events

VM Operations (20 events):
Event: 15.276 Executing VM operation: G1PauseCleanup
Event: 15.276 Executing VM operation: G1PauseCleanup done
Event: 16.170 Executing VM operation: HandshakeAllThreads (Deoptimize)
Event: 16.170 Executing VM operation: HandshakeAllThreads (Deoptimize) done
Event: 16.214 Executing VM operation: HandshakeAllThreads (Deoptimize)
Event: 16.215 Executing VM operation: HandshakeAllThreads (Deoptimize) done
Event: 16.437 Executing VM operation: G1CollectForAllocation (G1 Evacuation Pause)
Event: 16.439 Executing VM operation: G1CollectForAllocation (G1 Evacuation Pause) done
Event: 16.805 Executing VM operation: G1CollectForAllocation (G1 Evacuation Pause)
Event: 16.808 Executing VM operation: G1CollectForAllocation (G1 Evacuation Pause) done
Event: 17.011 Executing VM operation: G1TryInitiateConcMark (G1 Humongous Allocation)
Event: 17.013 Executing VM operation: G1TryInitiateConcMark (G1 Humongous Allocation) done
Event: 17.051 Executing VM operation: G1PauseRemark
Event: 17.055 Executing VM operation: G1PauseRemark done
Event: 17.068 Executing VM operation: G1PauseCleanup
Event: 17.069 Executing VM operation: G1PauseCleanup done
Event: 17.269 Executing VM operation: ICBufferFull
Event: 17.269 Executing VM operation: ICBufferFull done
Event: 17.515 Executing VM operation: G1CollectForAllocation (G1 Evacuation Pause)
Event: 17.518 Executing VM operation: G1CollectForAllocation (G1 Evacuation Pause) done

Events (20 events):
Event: 17.055 Thread 0x000001d6804707e0 flushing nmethod 0x000001d6eb906d90
Event: 17.055 Thread 0x000001d6804707e0 flushing nmethod 0x000001d6eb906990
Event: 17.055 Thread 0x000001d6804707e0 flushing nmethod 0x000001d6eb8f4610
Event: 17.055 Thread 0x000001d6804707e0 flushing nmethod 0x000001d6eb905b10
Event: 17.055 Thread 0x000001d6804707e0 flushing nmethod 0x000001d6eb8d7710
Event: 17.055 Thread 0x000001d6804707e0 flushing nmethod 0x000001d6eb8f0d90
Event: 17.055 Thread 0x000001d6804707e0 flushing nmethod 0x000001d6eb902310
Event: 17.055 Thread 0x000001d6804707e0 flushing nmethod 0x000001d6eb8a7590
Event: 17.055 Thread 0x000001d6804707e0 flushing nmethod 0x000001d6eb894290
Event: 17.055 Thread 0x000001d6804707e0 flushing nmethod 0x000001d6eb896090
Event: 17.055 Thread 0x000001d6804707e0 flushing nmethod 0x000001d6eb8b2590
Event: 17.055 Thread 0x000001d6804707e0 flushing nmethod 0x000001d6eb890990
Event: 17.787 Thread 0x000001d6876b2e70 Thread added: 0x000001d6876b2e70
Event: 17.787 Thread 0x000001d6876ac570 Thread added: 0x000001d6876ac570
Event: 17.788 Thread 0x000001d6876b0080 Thread added: 0x000001d6876b0080
Event: 17.789 Thread 0x000001d68a02aae0 Thread added: 0x000001d68a02aae0
Event: 17.789 Thread 0x000001d68a02be90 Thread added: 0x000001d68a02be90
Event: 17.790 Thread 0x000001d68a0290a0 Thread added: 0x000001d68a0290a0
Event: 17.791 Thread 0x000001d68a02b170 Thread added: 0x000001d68a02b170
Event: 17.791 Thread 0x000001d68a02b800 Thread added: 0x000001d68a02b800


Dynamic libraries:
0x00007ff7763c0000 - 0x00007ff7763ca000 	C:\Program Files\Android\Android Studio\jbr\bin\java.exe
0x00007fffdc5b0000 - 0x00007fffdc7c7000 	C:\Windows\SYSTEM32\ntdll.dll
0x00007fffda930000 - 0x00007fffda9f4000 	C:\Windows\System32\KERNEL32.DLL
0x00007fffd9a40000 - 0x00007fffd9dfa000 	C:\Windows\System32\KERNELBASE.dll
0x00007fffda110000 - 0x00007fffda221000 	C:\Windows\System32\ucrtbase.dll
0x00007fffa1ee0000 - 0x00007fffa1efb000 	C:\Program Files\Android\Android Studio\jbr\bin\VCRUNTIME140.dll
0x00007fffad560000 - 0x00007fffad578000 	C:\Program Files\Android\Android Studio\jbr\bin\jli.dll
0x00007fffda420000 - 0x00007fffda5ce000 	C:\Windows\System32\USER32.dll
0x00007fffd9e00000 - 0x00007fffd9e26000 	C:\Windows\System32\win32u.dll
0x00007fffda5d0000 - 0x00007fffda5f9000 	C:\Windows\System32\GDI32.dll
0x00007fffbf570000 - 0x00007fffbf802000 	C:\Windows\WinSxS\amd64_microsoft.windows.common-controls_6595b64144ccf1df_6.0.22621.4541_none_2710d1c57384c085\COMCTL32.dll
0x00007fffd9880000 - 0x00007fffd999b000 	C:\Windows\System32\gdi32full.dll
0x00007fffd99a0000 - 0x00007fffd9a3a000 	C:\Windows\System32\msvcp_win.dll
0x00007fffda2b0000 - 0x00007fffda357000 	C:\Windows\System32\msvcrt.dll
0x00007fffdb6e0000 - 0x00007fffdb711000 	C:\Windows\System32\IMM32.DLL
0x00007fffad530000 - 0x00007fffad53c000 	C:\Program Files\Android\Android Studio\jbr\bin\vcruntime140_1.dll
0x00007fff96d90000 - 0x00007fff96e1d000 	C:\Program Files\Android\Android Studio\jbr\bin\msvcp140.dll
0x00007fff40260000 - 0x00007fff40edd000 	C:\Program Files\Android\Android Studio\jbr\bin\server\jvm.dll
0x00007fffda860000 - 0x00007fffda912000 	C:\Windows\System32\ADVAPI32.dll
0x00007fffda370000 - 0x00007fffda417000 	C:\Windows\System32\sechost.dll
0x00007fffd9f70000 - 0x00007fffd9f98000 	C:\Windows\System32\bcrypt.dll
0x00007fffdc2d0000 - 0x00007fffdc3e4000 	C:\Windows\System32\RPCRT4.dll
0x00007fffdb720000 - 0x00007fffdb791000 	C:\Windows\System32\WS2_32.dll
0x00007fffd86d0000 - 0x00007fffd871d000 	C:\Windows\SYSTEM32\POWRPROF.dll
0x00007fffd1c30000 - 0x00007fffd1c3a000 	C:\Windows\SYSTEM32\VERSION.dll
0x00007fffd3d70000 - 0x00007fffd3da4000 	C:\Windows\SYSTEM32\WINMM.dll
0x00007fffd86b0000 - 0x00007fffd86c3000 	C:\Windows\SYSTEM32\UMPDC.dll
0x00007fffd8970000 - 0x00007fffd8988000 	C:\Windows\SYSTEM32\kernel.appcore.dll
0x00007fffa4de0000 - 0x00007fffa4dea000 	C:\Program Files\Android\Android Studio\jbr\bin\jimage.dll
0x00007fffd0e40000 - 0x00007fffd1072000 	C:\Windows\SYSTEM32\DBGHELP.DLL
0x00007fffdaa90000 - 0x00007fffdae1f000 	C:\Windows\System32\combase.dll
0x00007fffdae80000 - 0x00007fffdaf57000 	C:\Windows\System32\OLEAUT32.dll
0x00007fffce7a0000 - 0x00007fffce7d2000 	C:\Windows\SYSTEM32\dbgcore.DLL
0x00007fffd9e30000 - 0x00007fffd9eab000 	C:\Windows\System32\bcryptPrimitives.dll
0x00007fffc5f20000 - 0x00007fffc5f2e000 	C:\Program Files\Android\Android Studio\jbr\bin\instrument.dll
0x00007fffa0780000 - 0x00007fffa079f000 	C:\Program Files\Android\Android Studio\jbr\bin\java.dll
0x00007fff9fec0000 - 0x00007fff9fed8000 	C:\Program Files\Android\Android Studio\jbr\bin\zip.dll
0x00007fffdba50000 - 0x00007fffdc2c8000 	C:\Windows\System32\SHELL32.dll
0x00007fffd7780000 - 0x00007fffd8088000 	C:\Windows\SYSTEM32\windows.storage.dll
0x00007fffd7640000 - 0x00007fffd777f000 	C:\Windows\SYSTEM32\wintypes.dll
0x00007fffdc3f0000 - 0x00007fffdc4ea000 	C:\Windows\System32\SHCORE.dll
0x00007fffdc4f0000 - 0x00007fffdc54e000 	C:\Windows\System32\shlwapi.dll
0x00007fffd97b0000 - 0x00007fffd97db000 	C:\Windows\SYSTEM32\profapi.dll
0x00007fffa0d00000 - 0x00007fffa0d10000 	C:\Program Files\Android\Android Studio\jbr\bin\net.dll
0x00007fffd5770000 - 0x00007fffd58a6000 	C:\Windows\SYSTEM32\WINHTTP.dll
0x00007fffd8df0000 - 0x00007fffd8e59000 	C:\Windows\system32\mswsock.dll
0x00007fff9fc30000 - 0x00007fff9fc46000 	C:\Program Files\Android\Android Studio\jbr\bin\nio.dll
0x00007fffd1da0000 - 0x00007fffd1db0000 	C:\Program Files\Android\Android Studio\jbr\bin\verify.dll
0x00007fff96740000 - 0x00007fff96767000 	C:\Users\yenho\.gradle\native\c067742578af261105cb4f569cf0c3c89f3d7b1fecec35dd04571415982c5e48\windows-amd64\native-platform.dll
0x00007fff6bf70000 - 0x00007fff6c0b4000 	C:\Users\yenho\.gradle\native\100fb08df4bc3b14c8652ba06237920a3bd2aa13389f12d3474272988ae205f9\windows-amd64\native-platform-file-events.dll
0x00007fff9fc20000 - 0x00007fff9fc29000 	C:\Program Files\Android\Android Studio\jbr\bin\management.dll
0x00007fff9fc10000 - 0x00007fff9fc1b000 	C:\Program Files\Android\Android Studio\jbr\bin\management_ext.dll
0x00007fffda360000 - 0x00007fffda368000 	C:\Windows\System32\PSAPI.DLL
0x00007fffd9040000 - 0x00007fffd905b000 	C:\Windows\SYSTEM32\CRYPTSP.dll
0x00007fffd88d0000 - 0x00007fffd8905000 	C:\Windows\system32\rsaenh.dll
0x00007fffd8ec0000 - 0x00007fffd8ee8000 	C:\Windows\SYSTEM32\USERENV.dll
0x00007fffd9030000 - 0x00007fffd903c000 	C:\Windows\SYSTEM32\CRYPTBASE.dll
0x00007fffd8360000 - 0x00007fffd838d000 	C:\Windows\SYSTEM32\IPHLPAPI.DLL
0x00007fffdae70000 - 0x00007fffdae79000 	C:\Windows\System32\NSI.dll
0x00007fff9fdf0000 - 0x00007fff9fdf9000 	C:\Program Files\Android\Android Studio\jbr\bin\extnet.dll
0x00007fffa0070000 - 0x00007fffa0078000 	C:\Windows\system32\wshunix.dll
0x00007fffd8a90000 - 0x00007fffd8ac4000 	C:\Windows\SYSTEM32\ntmarta.dll

dbghelp: loaded successfully - version: 4.0.5 - missing functions: none
symbol engine: initialized successfully - sym options: 0x614 - pdb path: .;C:\Program Files\Android\Android Studio\jbr\bin;C:\Windows\SYSTEM32;C:\Windows\WinSxS\amd64_microsoft.windows.common-controls_6595b64144ccf1df_6.0.22621.4541_none_2710d1c57384c085;C:\Program Files\Android\Android Studio\jbr\bin\server;C:\Users\yenho\.gradle\native\c067742578af261105cb4f569cf0c3c89f3d7b1fecec35dd04571415982c5e48\windows-amd64;C:\Users\yenho\.gradle\native\100fb08df4bc3b14c8652ba06237920a3bd2aa13389f12d3474272988ae205f9\windows-amd64

VM Arguments:
jvm_args: -XX:MaxMetaspaceSize=512m --add-opens=java.base/java.util=ALL-UNNAMED --add-opens=java.base/java.lang=ALL-UNNAMED --add-opens=java.base/java.lang.invoke=ALL-UNNAMED --add-opens=java.prefs/java.util.prefs=ALL-UNNAMED --add-exports=jdk.compiler/com.sun.tools.javac.api=ALL-UNNAMED --add-exports=jdk.compiler/com.sun.tools.javac.util=ALL-UNNAMED --add-opens=java.base/java.nio.charset=ALL-UNNAMED --add-opens=java.base/java.net=ALL-UNNAMED --add-opens=java.base/java.util.concurrent.atomic=ALL-UNNAMED -Xmx2048m -Dfile.encoding=UTF-8 -Duser.country=US -Duser.language=en -Duser.variant -javaagent:C:\Users\yenho\.gradle\wrapper\dists\gradle-8.9-all\6m0mbzute7p0zdleavqlib88a\gradle-8.9\lib\agents\gradle-instrumentation-agent-8.9.jar 
java_command: org.gradle.launcher.daemon.bootstrap.GradleDaemon 8.9
java_class_path (initial): C:\Users\yenho\.gradle\wrapper\dists\gradle-8.9-all\6m0mbzute7p0zdleavqlib88a\gradle-8.9\lib\gradle-daemon-main-8.9.jar
Launcher Type: SUN_STANDARD

[Global flags]
     intx CICompilerCount                          = 4                                         {product} {ergonomic}
   size_t CompressedClassSpaceSize                 = 436207616                                 {product} {ergonomic}
     uint ConcGCThreads                            = 3                                         {product} {ergonomic}
     uint G1ConcRefinementThreads                  = 10                                        {product} {ergonomic}
   size_t G1HeapRegionSize                         = 1048576                                   {product} {ergonomic}
    uintx GCDrainStackTargetSize                   = 64                                        {product} {ergonomic}
   size_t InitialHeapSize                          = 121634816                                 {product} {ergonomic}
   size_t MarkStackSize                            = 4194304                                   {product} {ergonomic}
   size_t MaxHeapSize                              = 2147483648                                {product} {command line}
   size_t MaxMetaspaceSize                         = 536870912                                 {product} {command line}
   size_t MaxNewSize                               = 1287651328                                {product} {ergonomic}
   size_t MinHeapDeltaBytes                        = 1048576                                   {product} {ergonomic}
   size_t MinHeapSize                              = 8388608                                   {product} {ergonomic}
    uintx NonNMethodCodeHeapSize                   = 5839372                                {pd product} {ergonomic}
    uintx NonProfiledCodeHeapSize                  = 122909434                              {pd product} {ergonomic}
    uintx ProfiledCodeHeapSize                     = 122909434                              {pd product} {ergonomic}
    uintx ReservedCodeCacheSize                    = 251658240                              {pd product} {ergonomic}
     bool SegmentedCodeCache                       = true                                      {product} {ergonomic}
   size_t SoftMaxHeapSize                          = 2147483648                             {manageable} {ergonomic}
     bool UseCompressedOops                        = true                           {product lp64_product} {ergonomic}
     bool UseG1GC                                  = true                                      {product} {ergonomic}
     bool UseLargePagesIndividualAllocation        = false                                  {pd product} {ergonomic}

Logging:
Log output configuration:
 #0: stdout all=warning uptime,level,tags foldmultilines=false
 #1: stderr all=off uptime,level,tags foldmultilines=false

Environment Variables:
JAVA_HOME=C:\Program Files\Java\jdk-17
PATH=C:\Program Files\Common Files\Oracle\Java\javapath;C:\Windows\system32;C:\Windows;C:\Windows\System32\Wbem;C:\Windows\System32\WindowsPowerShell\v1.0\;C:\Windows\System32\OpenSSH\;C:\Program Files (x86)\NVIDIA Corporation\PhysX\Common;C:\Program Files\NVIDIA Corporation\NVIDIA NvDLISR;C:\Windows\system32;C:\Windows;C:\Windows\System32\Wbem;C:\Windows\System32\WindowsPowerShell\v1.0\;C:\Windows\System32\OpenSSH\;C:\Program Files\dotnet\;C:\Program Files (x86)\Yarn\bin\;C:\Program Files\nodejs\;C:\Program Files\Java\jdk-17\bin;C:\Users\yenho\AppData\Local\Android\Sdk\platform-tools;C:\Users\yenho\AppData\Local\Microsoft\WindowsApps;C:\Users\yenho\AppData\Local\Programs\Microsoft VS Code\bin;C:\Users\yenho\.dotnet\tools;C:\Users\yenho\AppData\Local\Yarn\bin;C:\Users\yenho\AppData\Roaming\npm;C:\Users\yenho\AppData\Local\GitHubDesktop\bin
USERNAME=yenho
OS=Windows_NT
PROCESSOR_IDENTIFIER=AMD64 Family 25 Model 68 Stepping 1, AuthenticAMD
TMP=C:\Users\yenho\AppData\Local\Temp
TEMP=C:\Users\yenho\AppData\Local\Temp




Periodic native trim disabled

JNI global refs:
JNI global refs: 27, weak refs: 48

JNI global refs memory usage: 835, weak refs: 2097

Process memory usage:
Resident Set Size: 374292K (4% of 7541792K total physical memory with 269468K free physical memory)

OOME stack traces (most recent first):
Classloader memory used:
Loader org.gradle.internal.classloader.VisitableURLClassLoader                         : 33355K
Loader bootstrap                                                                       : 22660K
Loader org.gradle.initialization.MixInLegacyTypesClassLoader                           : 6414K
Loader org.gradle.internal.classloader.VisitableURLClassLoader                         : 700K
Loader jdk.internal.loader.ClassLoaders$PlatformClassLoader                            : 498K
Loader jdk.internal.loader.ClassLoaders$AppClassLoader                                 : 230K
Loader jdk.internal.reflect.DelegatingClassLoader                                      : 154K
Loader org.gradle.groovy.scripts.internal.DefaultScriptCompilationHandler$ScriptClassLoader: 72448B
Loader groovy.lang.GroovyClassLoader$InnerLoader                                       : 24608B
Loader org.codehaus.groovy.runtime.callsite.CallSiteClassLoader                        : 18560B

Classes loaded by more than one classloader:
Class org.gradle.api.GradleException                                                  : loaded 3 times (x 79B)
Class org.gradle.internal.classloader.ClassLoaderHierarchy                            : loaded 2 times (x 67B)
Class org.gradle.api.internal.classpath.ManifestUtil                                  : loaded 2 times (x 68B)
Class org.gradle.internal.operations.MultipleBuildOperationFailures                   : loaded 2 times (x 92B)
Class org.gradle.internal.classloader.DefaultClassLoaderFactory                       : loaded 2 times (x 79B)
Class kotlin.collections.AbstractList$Companion                                       : loaded 2 times (x 68B)
Class org.gradle.internal.classloader.ClassLoaderVisitor                              : loaded 2 times (x 73B)
Class org.gradle.api.internal.classpath.EffectiveClassPath                            : loaded 2 times (x 87B)
Class org.gradle.api.internal.DefaultClassPathProvider                                : loaded 2 times (x 73B)
Class [Lorg.gradle.api.internal.ClassPathProvider;                                    : loaded 2 times (x 66B)
Class org.gradle.api.internal.ClassPathProvider                                       : loaded 2 times (x 67B)
Class org.gradle.internal.service.UnknownServiceException                             : loaded 2 times (x 80B)
Class org.gradle.internal.classpath.TransformedClassPath                              : loaded 2 times (x 93B)
Class kotlin.enums.EnumEntriesList                                                    : loaded 2 times (x 220B)
Class _BuildScript_                                                                   : loaded 2 times (x 170B)
Class org.gradle.internal.service.ServiceLocator                                      : loaded 2 times (x 67B)
Class org.gradle.internal.InternalTransformer                                         : loaded 2 times (x 67B)
Class org.gradle.internal.time.DefaultTimer                                           : loaded 2 times (x 77B)
Class org.gradle.internal.classloader.ClasspathUtil$1                                 : loaded 2 times (x 73B)
Class org.gradle.api.internal.classpath.DefaultModuleRegistry$DefaultModule           : loaded 2 times (x 83B)
Class org.gradle.internal.time.DefaultCountdownTimer                                  : loaded 2 times (x 85B)
Class kotlin.Function                                                                 : loaded 2 times (x 67B)
Class org.gradle.api.internal.classpath.Module                                        : loaded 2 times (x 67B)
Class org.gradle.api.internal.classpath.UnknownModuleException                        : loaded 2 times (x 79B)
Class org.gradle.api.internal.DefaultClassPathRegistry                                : loaded 2 times (x 73B)
Class org.gradle.api.internal.ClassPathRegistry                                       : loaded 2 times (x 67B)
Class org.gradle.internal.classpath.DefaultClassPath$ImmutableUniqueList              : loaded 2 times (x 196B)
Class org.gradle.internal.classpath.ClassPath                                         : loaded 2 times (x 67B)
Class org.gradle.api.UncheckedIOException                                             : loaded 2 times (x 79B)
Class kotlin.UninitializedPropertyAccessException                                     : loaded 2 times (x 79B)
Class sync_studio_tooling_73l7d8k8o28coilofeqmwv895                                   : loaded 2 times (x 176B)
Class _BuildScript_$_run_closure1                                                     : loaded 2 times (x 129B)
Class org.gradle.internal.installation.GradleInstallation$1                           : loaded 2 times (x 72B)
Class org.gradle.api.internal.classpath.ModuleRegistry                                : loaded 2 times (x 67B)
Class org.gradle.api.internal.classpath.DefaultModuleRegistry                         : loaded 2 times (x 80B)
Class org.gradle.internal.time.MonotonicClock                                         : loaded 2 times (x 74B)
Class org.gradle.internal.service.ServiceLookupException                              : loaded 2 times (x 79B)
Class org.gradle.internal.classloader.ClassLoaderFactory                              : loaded 2 times (x 67B)
Class org.gradle.internal.service.CachingServiceLocator                               : loaded 2 times (x 79B)
Class org.gradle.internal.time.TimeSource                                             : loaded 2 times (x 67B)
Class kotlin.enums.EnumEntries                                                        : loaded 2 times (x 67B)
Class org.gradle.internal.exceptions.ResolutionProvider                               : loaded 2 times (x 67B)
Class org.gradle.internal.classloader.ClasspathUtil                                   : loaded 2 times (x 68B)
Class org.gradle.internal.time.TimeSource$1                                           : loaded 2 times (x 74B)
Class org.gradle.api.specs.Spec                                                       : loaded 2 times (x 67B)
Class org.gradle.internal.time.Clock                                                  : loaded 2 times (x 67B)
Class kotlin.collections.AbstractList                                                 : loaded 2 times (x 194B)
Class kotlin.collections.AbstractCollection                                           : loaded 2 times (x 114B)
Class org.gradle.internal.classloader.VisitableURLClassLoader$InstrumentingVisitableURLClassLoader: loaded 2 times (x 120B)
Class org.gradle.internal.classloader.VisitableURLClassLoader$Spec                    : loaded 2 times (x 71B)
Class org.gradle.internal.classpath.DefaultClassPath                                  : loaded 2 times (x 87B)
Class org.gradle.internal.classloader.ClassLoaderSpec                                 : loaded 2 times (x 68B)
Class org.gradle.internal.classloader.VisitableURLClassLoader                         : loaded 2 times (x 114B)
Class org.gradle.internal.Cast                                                        : loaded 2 times (x 68B)
Class org.gradle.api.Action                                                           : loaded 2 times (x 67B)
Class org.gradle.internal.agents.InstrumentingClassLoader                             : loaded 2 times (x 67B)
Class org.gradle.internal.classpath.DefaultClassPath$ImmutableUniqueList$Builder      : loaded 2 times (x 72B)
Class org.gradle.internal.classloader.FilteringClassLoader                            : loaded 2 times (x 102B)
Class org.gradle.internal.exceptions.NonGradleCauseExceptionsHolder                   : loaded 2 times (x 67B)
Class kotlin.enums.EnumEntriesKt                                                      : loaded 2 times (x 68B)
Class org.gradle.internal.IoActions                                                   : loaded 2 times (x 68B)
Class org.gradle.internal.classloader.SystemClassLoaderSpec                           : loaded 2 times (x 68B)
Class org.gradle.internal.exceptions.MultiCauseException                              : loaded 2 times (x 67B)
Class org.gradle.internal.time.CountdownTimer                                         : loaded 2 times (x 67B)
Class kotlin.jvm.internal.Intrinsics                                                  : loaded 2 times (x 68B)
Class org.gradle.tooling.model.ProjectModel                                           : loaded 2 times (x 67B)
Class kotlin.KotlinNullPointerException                                               : loaded 2 times (x 80B)
Class org.gradle.internal.exceptions.DefaultMultiCauseException                       : loaded 2 times (x 92B)
Class org.gradle.internal.time.Time                                                   : loaded 2 times (x 68B)
Class org.gradle.internal.time.Timer                                                  : loaded 2 times (x 67B)
Class kotlin.jvm.internal.markers.KMappedMarker                                       : loaded 2 times (x 67B)
Class org.gradle.internal.installation.CurrentGradleInstallationLocator               : loaded 2 times (x 68B)
Class org.gradle.internal.service.DefaultServiceLocator                               : loaded 2 times (x 80B)
Class org.gradle.util.GradleVersion                                                   : loaded 2 times (x 80B)
Class org.gradle.internal.installation.CurrentGradleInstallation                      : loaded 2 times (x 70B)
Class org.gradle.util.internal.GUtil                                                  : loaded 2 times (x 68B)
Class org.gradle.internal.installation.GradleInstallation                             : loaded 2 times (x 72B)

---------------  S Y S T E M  ---------------

OS:
 Windows 11 , 64 bit Build 22621 (10.0.22621.4391)
OS uptime: 0 days 3:37 hours
Hyper-V role detected

CPU: total 12 (initial active 12) (12 cores per cpu, 2 threads per core) family 25 model 68 stepping 1 microcode 0x0, cx8, cmov, fxsr, ht, mmx, 3dnowpref, sse, sse2, sse3, ssse3, sse4a, sse4.1, sse4.2, popcnt, lzcnt, tsc, tscinvbit, avx, avx2, aes, erms, clmul, bmi1, bmi2, adx, sha, fma, vzeroupper, clflush, clflushopt, hv, rdtscp, rdpid, fsrm, f16c, cet_ss
Processor Information for processor 0
  Max Mhz: 3301, Current Mhz: 2024, Mhz Limit: 3301
Processor Information for processor 1
  Max Mhz: 3301, Current Mhz: 3301, Mhz Limit: 3301
Processor Information for processor 2
  Max Mhz: 3301, Current Mhz: 3301, Mhz Limit: 3301
Processor Information for processor 3
  Max Mhz: 3301, Current Mhz: 2024, Mhz Limit: 3301
Processor Information for processor 4
  Max Mhz: 3301, Current Mhz: 3301, Mhz Limit: 3301
Processor Information for processor 5
  Max Mhz: 3301, Current Mhz: 2024, Mhz Limit: 3301
Processor Information for processor 6
  Max Mhz: 3301, Current Mhz: 3301, Mhz Limit: 3301
Processor Information for processor 7
  Max Mhz: 3301, Current Mhz: 3301, Mhz Limit: 3301
Processor Information for processor 8
  Max Mhz: 3301, Current Mhz: 2024, Mhz Limit: 3301
Processor Information for processor 9
  Max Mhz: 3301, Current Mhz: 2024, Mhz Limit: 3301
Processor Information for processor 10
  Max Mhz: 3301, Current Mhz: 2024, Mhz Limit: 3301
Processor Information for processor 11
  Max Mhz: 3301, Current Mhz: 3301, Mhz Limit: 3301

Memory: 4k page, system-wide physical 7365M (262M free)
TotalPageFile size 29893M (AvailPageFile size 18M)
current process WorkingSet (physical memory assigned to process): 366M, peak: 382M
current process commit charge ("private bytes"): 404M, peak: 422M

vm_info: OpenJDK 64-Bit Server VM (21.0.3+-12282718-b509.11) for windows-amd64 JRE (21.0.3+-12282718-b509.11), built on 2024-08-27T17:34:15Z by "builder" with MS VC++ 16.10 / 16.11 (VS2019)

END.
