#
# There is insufficient memory for the Java Runtime Environment to continue.
# Native memory allocation (malloc) failed to allocate 753456 bytes. Error detail: Chunk::new
# Possible reasons:
#   The system is out of physical RAM or swap space
#   This process is running with CompressedOops enabled, and the Java Heap may be blocking the growth of the native heap
# Possible solutions:
#   Reduce memory load on the system
#   Increase physical memory or swap space
#   Check if swap backing store is full
#   Decrease Java heap size (-Xmx/-Xms)
#   Decrease number of Java threads
#   Decrease Java thread stack sizes (-Xss)
#   Set larger code cache with -XX:ReservedCodeCacheSize=
#   JVM is running with Unscaled Compressed Oops mode in which the Java heap is
#     placed in the first 4GB address space. The Java Heap base address is the
#     maximum limit for the native heap growth. Please use -XX:HeapBaseMinAddress
#     to set the Java Heap base and to place the Java Heap above 4GB virtual address.
# This output file may be truncated or incomplete.
#
#  Out of Memory Error (arena.cpp:191), pid=13944, tid=2704
#
# JRE version: OpenJDK Runtime Environment Temurin-17.0.13+11 (17.0.13+11) (build 17.0.13+11)
# Java VM: OpenJDK 64-Bit Server VM Temurin-17.0.13+11 (17.0.13+11, mixed mode, tiered, compressed oops, compressed class ptrs, parallel gc, windows-amd64)
# No core dump will be written. Minidumps are not enabled by default on client versions of Windows
#

---------------  S U M M A R Y ------------

Command Line: --add-modules=ALL-SYSTEM --add-opens=java.base/java.util=ALL-UNNAMED --add-opens=java.base/java.lang=ALL-UNNAMED --add-opens=java.base/sun.nio.fs=ALL-UNNAMED -Declipse.application=org.eclipse.jdt.ls.core.id1 -Dosgi.bundles.defaultStartLevel=4 -Declipse.product=org.eclipse.jdt.ls.core.product -Djava.import.generatesMetadataFilesAtProjectRoot=false -DDetectVMInstallationsJob.disabled=true -Dfile.encoding=utf8 -XX:+UseParallelGC -XX:GCTimeRatio=4 -XX:AdaptiveSizePolicyWeight=90 -Dsun.zip.disableMemoryMapping=true -Xmx1G -Xms100m -Xlog:disable -javaagent:c:\Users\yenho\.vscode\extensions\redhat.java-1.38.0-win32-x64\lombok\lombok-1.18.34.jar -XX:+HeapDumpOnOutOfMemoryError -XX:HeapDumpPath=c:\Users\yenho\AppData\Roaming\Code\User\workspaceStorage\be8ad8b4014e26bb98f6d4fcdc527ed2\redhat.java -Daether.dependencyCollector.impl=bf c:\Users\yenho\.vscode\extensions\redhat.java-1.38.0-win32-x64\server\plugins\org.eclipse.equinox.launcher_1.6.900.v20240613-2009.jar -configuration c:\Users\yenho\AppData\Roaming\Code\User\globalStorage\redhat.java\1.38.0\config_win -data c:\Users\yenho\AppData\Roaming\Code\User\workspaceStorage\be8ad8b4014e26bb98f6d4fcdc527ed2\redhat.java\jdt_ws --pipe=\\.\pipe\lsp-741c49c1e38fd75b4bf1108dbec9c723-sock

Host: AMD Ryzen 5 7535HS with Radeon Graphics        , 12 cores, 7G,  Windows 11 , 64 bit Build 22621 (10.0.22621.4391)
Time: Thu Jan  9 14:33:21 2025 SE Asia Standard Time elapsed time: 5.529161 seconds (0d 0h 0m 5s)

---------------  T H R E A D  ---------------

Current thread (0x000002074a262a00):  JavaThread "C2 CompilerThread1" daemon [_thread_in_native, id=2704, stack(0x00000017a1800000,0x00000017a1900000)]


Current CompileTask:
C2:   5529 4152       4       org.eclipse.core.internal.watson.ElementTreeIterator::requestPath (100 bytes)

Stack: [0x00000017a1800000,0x00000017a1900000]
Native frames: (J=compiled Java code, j=interpreted, Vv=VM code, C=native code)
V  [jvm.dll+0x682a19]
V  [jvm.dll+0x839538]
V  [jvm.dll+0x83afe3]
V  [jvm.dll+0x83b653]
V  [jvm.dll+0x24704f]
V  [jvm.dll+0xace34]
V  [jvm.dll+0xad4cc]
V  [jvm.dll+0x36592f]
V  [jvm.dll+0x32fbd8]
V  [jvm.dll+0x32f05a]
V  [jvm.dll+0x21804f]
V  [jvm.dll+0x21748f]
V  [jvm.dll+0x1a3070]
V  [jvm.dll+0x22788c]
V  [jvm.dll+0x2259eb]
V  [jvm.dll+0x7eec98]
V  [jvm.dll+0x7e8ffc]
V  [jvm.dll+0x6818f7]
C  [ucrtbase.dll+0x29333]
C  [KERNEL32.DLL+0x1259d]
C  [ntdll.dll+0x5af38]


---------------  P R O C E S S  ---------------

Threads class SMR info:
_java_thread_list=0x000002074a7a5570, length=41, elements={
0x000002072e94e440, 0x00000207427d5020, 0x000002072e9fc370, 0x00000207427dd2e0,
0x00000207427ddf70, 0x0000020747945000, 0x00000207479459d0, 0x00000207479485e0,
0x0000020747949df0, 0x00000207479542c0, 0x0000020747a277b0, 0x0000020747c9e020,
0x00000207491fda70, 0x00000207491fe9a0, 0x00000207491fd560, 0x00000207491fdf80,
0x00000207491feeb0, 0x00000207491fd050, 0x0000020749200800, 0x00000207491ff8d0,
0x00000207492002f0, 0x000002074a262a00, 0x000002074a1fc5c0, 0x000002074a1f6590,
0x000002074a1fac70, 0x000002074a1fa760, 0x000002074a1fb180, 0x000002074a1f8900,
0x000002074a1fcad0, 0x000002074a1f5660, 0x000002074a1f6aa0, 0x000002074a1f6fb0,
0x000002074a1fb690, 0x000002074a1f83f0, 0x000002074a1f79d0, 0x000002074a1f74c0,
0x000002074a1f8e10, 0x000002074a1f9d40, 0x000002074a1f9320, 0x000002074a1f7ee0,
0x000002074a1f9830
}

Java Threads: ( => current thread )
  0x000002072e94e440 JavaThread "main" [_thread_blocked, id=11192, stack(0x000000179f700000,0x000000179f800000)]
  0x00000207427d5020 JavaThread "Reference Handler" daemon [_thread_blocked, id=4076, stack(0x000000179fa00000,0x000000179fb00000)]
  0x000002072e9fc370 JavaThread "Finalizer" daemon [_thread_blocked, id=19272, stack(0x000000179fb00000,0x000000179fc00000)]
  0x00000207427dd2e0 JavaThread "Signal Dispatcher" daemon [_thread_blocked, id=11892, stack(0x000000179fc00000,0x000000179fd00000)]
  0x00000207427ddf70 JavaThread "Attach Listener" daemon [_thread_blocked, id=10908, stack(0x000000179fd00000,0x000000179fe00000)]
  0x0000020747945000 JavaThread "Service Thread" daemon [_thread_blocked, id=10660, stack(0x000000179fe00000,0x000000179ff00000)]
  0x00000207479459d0 JavaThread "Monitor Deflation Thread" daemon [_thread_blocked, id=24476, stack(0x000000179ff00000,0x00000017a0000000)]
  0x00000207479485e0 JavaThread "C2 CompilerThread0" daemon [_thread_in_native, id=24416, stack(0x00000017a0000000,0x00000017a0100000)]
  0x0000020747949df0 JavaThread "C1 CompilerThread0" daemon [_thread_blocked, id=24504, stack(0x00000017a0100000,0x00000017a0200000)]
  0x00000207479542c0 JavaThread "Sweeper thread" daemon [_thread_blocked, id=24148, stack(0x00000017a0200000,0x00000017a0300000)]
  0x0000020747a277b0 JavaThread "Common-Cleaner" daemon [_thread_blocked, id=7888, stack(0x00000017a0300000,0x00000017a0400000)]
  0x0000020747c9e020 JavaThread "Notification Thread" daemon [_thread_blocked, id=22680, stack(0x00000017a0500000,0x00000017a0600000)]
  0x00000207491fda70 JavaThread "Active Thread: Equinox Container: a9a40c27-35d9-442a-8352-afe58328c2f6" [_thread_blocked, id=16120, stack(0x00000017a0d00000,0x00000017a0e00000)]
  0x00000207491fe9a0 JavaThread "Refresh Thread: Equinox Container: a9a40c27-35d9-442a-8352-afe58328c2f6" daemon [_thread_blocked, id=336, stack(0x00000017a0e00000,0x00000017a0f00000)]
  0x00000207491fd560 JavaThread "Framework Event Dispatcher: Equinox Container: a9a40c27-35d9-442a-8352-afe58328c2f6" daemon [_thread_blocked, id=1680, stack(0x00000017a0f00000,0x00000017a1000000)]
  0x00000207491fdf80 JavaThread "Start Level: Equinox Container: a9a40c27-35d9-442a-8352-afe58328c2f6" daemon [_thread_blocked, id=8764, stack(0x00000017a1000000,0x00000017a1100000)]
  0x00000207491feeb0 JavaThread "Bundle File Closer" daemon [_thread_blocked, id=10260, stack(0x00000017a1200000,0x00000017a1300000)]
  0x00000207491fd050 JavaThread "SCR Component Actor" daemon [_thread_blocked, id=23224, stack(0x00000017a1400000,0x00000017a1500000)]
  0x0000020749200800 JavaThread "SCR Component Registry" daemon [_thread_blocked, id=17320, stack(0x00000017a1500000,0x00000017a1600000)]
  0x00000207491ff8d0 JavaThread "Worker-JM" [_thread_blocked, id=9360, stack(0x00000017a1700000,0x00000017a1800000)]
  0x00000207492002f0 JavaThread "JNA Cleaner" daemon [_thread_blocked, id=22300, stack(0x00000017a0400000,0x00000017a0500000)]
=>0x000002074a262a00 JavaThread "C2 CompilerThread1" daemon [_thread_in_native, id=2704, stack(0x00000017a1800000,0x00000017a1900000)]
  0x000002074a1fc5c0 JavaThread "Worker-0: Initialize After Load" [_thread_in_Java, id=20804, stack(0x00000017a1900000,0x00000017a1a00000)]
  0x000002074a1f6590 JavaThread "Worker-1: Loading available Gradle versions" [_thread_blocked, id=20744, stack(0x00000017a1a00000,0x00000017a1b00000)]
  0x000002074a1fac70 JavaThread "Java indexing" daemon [_thread_blocked, id=7332, stack(0x00000017a1b00000,0x00000017a1c00000)]
  0x000002074a1fa760 JavaThread "Thread-2" daemon [_thread_in_native, id=21260, stack(0x00000017a1c00000,0x00000017a1d00000)]
  0x000002074a1fb180 JavaThread "Thread-3" daemon [_thread_in_native, id=23860, stack(0x00000017a1d00000,0x00000017a1e00000)]
  0x000002074a1f8900 JavaThread "Thread-4" daemon [_thread_in_native, id=17492, stack(0x00000017a1e00000,0x00000017a1f00000)]
  0x000002074a1fcad0 JavaThread "Thread-5" daemon [_thread_in_native, id=4028, stack(0x00000017a1f00000,0x00000017a2000000)]
  0x000002074a1f5660 JavaThread "Thread-6" daemon [_thread_in_native, id=17172, stack(0x00000017a2000000,0x00000017a2100000)]
  0x000002074a1f6aa0 JavaThread "Thread-7" daemon [_thread_in_native, id=12236, stack(0x00000017a2100000,0x00000017a2200000)]
  0x000002074a1f6fb0 JavaThread "Thread-8" daemon [_thread_in_native, id=24472, stack(0x00000017a2200000,0x00000017a2300000)]
  0x000002074a1fb690 JavaThread "Thread-9" daemon [_thread_in_native, id=18640, stack(0x00000017a2300000,0x00000017a2400000)]
  0x000002074a1f83f0 JavaThread "Thread-10" daemon [_thread_in_native, id=21488, stack(0x00000017a2400000,0x00000017a2500000)]
  0x000002074a1f79d0 JavaThread "Thread-11" daemon [_thread_in_native, id=7648, stack(0x00000017a2500000,0x00000017a2600000)]
  0x000002074a1f74c0 JavaThread "Thread-12" daemon [_thread_in_native, id=18776, stack(0x00000017a2600000,0x00000017a2700000)]
  0x000002074a1f8e10 JavaThread "Thread-13" daemon [_thread_in_native, id=20844, stack(0x00000017a2700000,0x00000017a2800000)]
  0x000002074a1f9d40 JavaThread "Thread-14" daemon [_thread_in_native, id=19392, stack(0x00000017a2800000,0x00000017a2900000)]
  0x000002074a1f9320 JavaThread "Worker-2: Load persistent model for all projects" [_thread_in_vm, id=1620, stack(0x00000017a2900000,0x00000017a2a00000)]
  0x000002074a1f7ee0 JavaThread "Framework stop - Equinox Container: a9a40c27-35d9-442a-8352-afe58328c2f6" [_thread_blocked, id=22984, stack(0x00000017a2a00000,0x00000017a2b00000)]
  0x000002074a1f9830 JavaThread "Worker-3" [_thread_blocked, id=19208, stack(0x00000017a2b00000,0x00000017a2c00000)]

Other Threads:
  0x000002072e9d79a0 VMThread "VM Thread" [stack: 0x000000179f900000,0x000000179fa00000] [id=14428]
  0x0000020747c8d9e0 WatcherThread [stack: 0x00000017a0600000,0x00000017a0700000] [id=21268]
  0x000002072e965740 GCTaskThread "GC Thread#0" [stack: 0x000000179f800000,0x000000179f900000] [id=19912]
  0x00000207495b3cb0 GCTaskThread "GC Thread#1" [stack: 0x00000017a0700000,0x00000017a0800000] [id=10672]
  0x000002074959c140 GCTaskThread "GC Thread#2" [stack: 0x00000017a0800000,0x00000017a0900000] [id=18932]
  0x000002074959c400 GCTaskThread "GC Thread#3" [stack: 0x00000017a0900000,0x00000017a0a00000] [id=2664]
  0x000002074959c6c0 GCTaskThread "GC Thread#4" [stack: 0x00000017a0a00000,0x00000017a0b00000] [id=23192]
  0x000002074959c980 GCTaskThread "GC Thread#5" [stack: 0x00000017a0b00000,0x00000017a0c00000] [id=16816]
  0x000002074959cc40 GCTaskThread "GC Thread#6" [stack: 0x00000017a0c00000,0x00000017a0d00000] [id=21036]
  0x00000207492b9fb0 GCTaskThread "GC Thread#7" [stack: 0x00000017a1100000,0x00000017a1200000] [id=21092]
  0x0000020749afa9a0 GCTaskThread "GC Thread#8" [stack: 0x00000017a1300000,0x00000017a1400000] [id=1804]
  0x0000020749c9b9a0 GCTaskThread "GC Thread#9" [stack: 0x00000017a1600000,0x00000017a1700000] [id=22592]

Threads with active compile tasks:
C2 CompilerThread0     5553 3839       4       org.lombokweb.asm.ClassReader::readMethod (1066 bytes)
C2 CompilerThread1     5553 4152       4       org.eclipse.core.internal.watson.ElementTreeIterator::requestPath (100 bytes)

VM state: not at safepoint (normal execution)

VM Mutex/Monitor currently owned by a thread: None

Heap address: 0x00000000c0000000, size: 1024 MB, Compressed Oops mode: 32-bit

CDS archive(s) not mapped
Compressed class space mapped at: 0x0000000100000000-0x0000000140000000, reserved size: 1073741824
Narrow klass base: 0x0000000000000000, Narrow klass shift: 3, Narrow klass range: 0x140000000

GC Precious Log:
 CPUs: 12 total, 12 available
 Memory: 7365M
 Large Page Support: Disabled
 NUMA Support: Disabled
 Compressed Oops: Enabled (32-bit)
 Alignments: Space 512K, Generation 512K, Heap 2M
 Heap Min Capacity: 100M
 Heap Initial Capacity: 100M
 Heap Max Capacity: 1G
 Pre-touch: Disabled
 Parallel Workers: 10

Heap:
 PSYoungGen      total 23552K, used 3218K [0x00000000eab00000, 0x00000000ec600000, 0x0000000100000000)
  eden space 22016K, 9% used [0x00000000eab00000,0x00000000ead0ce50,0x00000000ec080000)
  from space 1536K, 72% used [0x00000000ec480000,0x00000000ec597cc8,0x00000000ec600000)
  to   space 1536K, 0% used [0x00000000ec300000,0x00000000ec300000,0x00000000ec480000)
 ParOldGen       total 68608K, used 17866K [0x00000000c0000000, 0x00000000c4300000, 0x00000000eab00000)
  object space 68608K, 26% used [0x00000000c0000000,0x00000000c1172ab0,0x00000000c4300000)
 Metaspace       used 37927K, committed 38784K, reserved 1114112K
  class space    used 3751K, committed 4096K, reserved 1048576K

Card table byte_map: [0x000002072e310000,0x000002072e520000] _byte_map_base: 0x000002072dd10000

Marking Bits: (ParMarkBitMap*) 0x00007ffc36006940
 Begin Bits: [0x00000207405e0000, 0x00000207415e0000)
 End Bits:   [0x00000207415e0000, 0x00000207425e0000)

Polling page: 0x000002072e100000

Metaspace:

Usage:
  Non-class:     33.38 MB used.
      Class:      3.66 MB used.
       Both:     37.04 MB used.

Virtual space:
  Non-class space:       64.00 MB reserved,      33.88 MB ( 53%) committed,  1 nodes.
      Class space:        1.00 GB reserved,       4.00 MB ( <1%) committed,  1 nodes.
             Both:        1.06 GB reserved,      37.88 MB (  3%) committed. 

Chunk freelists:
   Non-Class:  13.72 MB
       Class:  11.91 MB
        Both:  25.62 MB

MaxMetaspaceSize: unlimited
CompressedClassSpaceSize: 1.00 GB
Initial GC threshold: 21.00 MB
Current GC threshold: 58.38 MB
CDS: off
MetaspaceReclaimPolicy: balanced
 - commit_granule_bytes: 65536.
 - commit_granule_words: 8192.
 - virtual_space_node_default_size: 8388608.
 - enlarge_chunks_in_place: 1.
 - new_chunks_are_fully_committed: 0.
 - uncommit_free_chunks: 1.
 - use_allocation_guard: 0.
 - handle_deallocations: 1.


Internal statistics:

num_allocs_failed_limit: 6.
num_arena_births: 394.
num_arena_deaths: 14.
num_vsnodes_births: 2.
num_vsnodes_deaths: 0.
num_space_committed: 606.
num_space_uncommitted: 0.
num_chunks_returned_to_freelist: 20.
num_chunks_taken_from_freelist: 1583.
num_chunk_merges: 8.
num_chunk_splits: 1061.
num_chunks_enlarged: 710.
num_inconsistent_stats: 0.

CodeHeap 'non-profiled nmethods': size=120000Kb used=1907Kb max_used=1907Kb free=118093Kb
 bounds [0x00000207390b0000, 0x0000020739320000, 0x00000207405e0000]
CodeHeap 'profiled nmethods': size=120000Kb used=8798Kb max_used=8798Kb free=111201Kb
 bounds [0x00000207315e0000, 0x0000020731e80000, 0x0000020738b10000]
CodeHeap 'non-nmethods': size=5760Kb used=1277Kb max_used=1323Kb free=4482Kb
 bounds [0x0000020738b10000, 0x0000020738d80000, 0x00000207390b0000]
 total_blobs=4787 nmethods=4189 adapters=512
 compilation: enabled
              stopped_count=0, restarted_count=0
 full_count=0

Compilation events (20 events):
Event: 5.495 Thread 0x0000020747949df0 4176   !   3       org.eclipse.osgi.internal.serviceregistry.ServiceRegistrationImpl::getProperties (17 bytes)
Event: 5.495 Thread 0x0000020747949df0 nmethod 4176 0x0000020731e6aa90 code [0x0000020731e6ac20, 0x0000020731e6ae18]
Event: 5.510 Thread 0x0000020747949df0 4178       3       org.apache.aries.spifly.ProviderBundleTrackerCustomizer::log (10 bytes)
Event: 5.510 Thread 0x0000020747949df0 nmethod 4178 0x0000020731e6af10 code [0x0000020731e6b0e0, 0x0000020731e6b628]
Event: 5.510 Thread 0x0000020747949df0 4179       3       java.lang.invoke.Invokers$Holder::linkToTargetMethod (11 bytes)
Event: 5.510 Thread 0x0000020747949df0 nmethod 4179 0x0000020731e6b810 code [0x0000020731e6b9c0, 0x0000020731e6bc98]
Event: 5.512 Thread 0x0000020747949df0 4180       3       java.lang.Class::getConstructor (31 bytes)
Event: 5.513 Thread 0x0000020747949df0 nmethod 4180 0x0000020731e6bd90 code [0x0000020731e6c000, 0x0000020731e6c918]
Event: 5.513 Thread 0x0000020747949df0 4181       3       org.eclipse.osgi.internal.loader.sources.PackageSource::<init> (13 bytes)
Event: 5.513 Thread 0x0000020747949df0 nmethod 4181 0x0000020731e6cd10 code [0x0000020731e6cec0, 0x0000020731e6d088]
Event: 5.517 Thread 0x0000020747949df0 4182       3       org.eclipse.osgi.internal.framework.FilterImpl$Item::<init> (15 bytes)
Event: 5.517 Thread 0x0000020747949df0 nmethod 4182 0x0000020731e6d190 code [0x0000020731e6d340, 0x0000020731e6d538]
Event: 5.524 Thread 0x0000020747949df0 4184       3       org.eclipse.osgi.internal.framework.FilterImpl::match (19 bytes)
Event: 5.524 Thread 0x0000020747949df0 nmethod 4184 0x0000020731e6d610 code [0x0000020731e6d840, 0x0000020731e6e318]
Event: 5.524 Thread 0x0000020747949df0 4185       3       org.eclipse.osgi.internal.framework.FilterImpl$ServiceReferenceMap::asMap (27 bytes)
Event: 5.525 Thread 0x0000020747949df0 nmethod 4185 0x0000020731e6e690 code [0x0000020731e6e8a0, 0x0000020731e6f1a8]
Event: 5.526 Thread 0x0000020747949df0 4186       3       java.util.TimSort::binarySort (223 bytes)
Event: 5.526 Thread 0x0000020747949df0 nmethod 4186 0x0000020731e6f490 code [0x0000020731e6f6a0, 0x0000020731e70078]
Event: 5.526 Thread 0x0000020747949df0 4188       3       org.eclipse.osgi.internal.framework.FilterImpl$Equal::<init> (12 bytes)
Event: 5.526 Thread 0x0000020747949df0 nmethod 4188 0x0000020731e70390 code [0x0000020731e70540, 0x0000020731e70798]

GC Heap History (20 events):
Event: 2.720 GC heap before
{Heap before GC invocations=4 (full 0):
 PSYoungGen      total 29696K, used 29681K [0x00000000eab00000, 0x00000000ecc00000, 0x0000000100000000)
  eden space 25600K, 100% used [0x00000000eab00000,0x00000000ec400000,0x00000000ec400000)
  from space 4096K, 99% used [0x00000000ec400000,0x00000000ec7fc650,0x00000000ec800000)
  to   space 4096K, 0% used [0x00000000ec800000,0x00000000ec800000,0x00000000ecc00000)
 ParOldGen       total 68608K, used 5188K [0x00000000c0000000, 0x00000000c4300000, 0x00000000eab00000)
  object space 68608K, 7% used [0x00000000c0000000,0x00000000c0511358,0x00000000c4300000)
 Metaspace       used 19536K, committed 19840K, reserved 1114112K
  class space    used 1977K, committed 2112K, reserved 1048576K
}
Event: 2.725 GC heap after
{Heap after GC invocations=4 (full 0):
 PSYoungGen      total 29696K, used 4094K [0x00000000eab00000, 0x00000000ecc00000, 0x0000000100000000)
  eden space 25600K, 0% used [0x00000000eab00000,0x00000000eab00000,0x00000000ec400000)
  from space 4096K, 99% used [0x00000000ec800000,0x00000000ecbff858,0x00000000ecc00000)
  to   space 4096K, 0% used [0x00000000ec400000,0x00000000ec400000,0x00000000ec800000)
 ParOldGen       total 68608K, used 6417K [0x00000000c0000000, 0x00000000c4300000, 0x00000000eab00000)
  object space 68608K, 9% used [0x00000000c0000000,0x00000000c06444a8,0x00000000c4300000)
 Metaspace       used 19536K, committed 19840K, reserved 1114112K
  class space    used 1977K, committed 2112K, reserved 1048576K
}
Event: 2.941 GC heap before
{Heap before GC invocations=5 (full 0):
 PSYoungGen      total 29696K, used 12842K [0x00000000eab00000, 0x00000000ecc00000, 0x0000000100000000)
  eden space 25600K, 34% used [0x00000000eab00000,0x00000000eb38afe8,0x00000000ec400000)
  from space 4096K, 99% used [0x00000000ec800000,0x00000000ecbff858,0x00000000ecc00000)
  to   space 4096K, 0% used [0x00000000ec400000,0x00000000ec400000,0x00000000ec800000)
 ParOldGen       total 68608K, used 6417K [0x00000000c0000000, 0x00000000c4300000, 0x00000000eab00000)
  object space 68608K, 9% used [0x00000000c0000000,0x00000000c06444a8,0x00000000c4300000)
 Metaspace       used 21090K, committed 21504K, reserved 1114112K
  class space    used 2114K, committed 2304K, reserved 1048576K
}
Event: 2.944 GC heap after
{Heap after GC invocations=5 (full 0):
 PSYoungGen      total 29696K, used 4088K [0x00000000eab00000, 0x00000000ece00000, 0x0000000100000000)
  eden space 25600K, 0% used [0x00000000eab00000,0x00000000eab00000,0x00000000ec400000)
  from space 4096K, 99% used [0x00000000ec400000,0x00000000ec7fe0f8,0x00000000ec800000)
  to   space 5120K, 0% used [0x00000000ec900000,0x00000000ec900000,0x00000000ece00000)
 ParOldGen       total 68608K, used 6823K [0x00000000c0000000, 0x00000000c4300000, 0x00000000eab00000)
  object space 68608K, 9% used [0x00000000c0000000,0x00000000c06a9cd8,0x00000000c4300000)
 Metaspace       used 21090K, committed 21504K, reserved 1114112K
  class space    used 2114K, committed 2304K, reserved 1048576K
}
Event: 2.944 GC heap before
{Heap before GC invocations=6 (full 1):
 PSYoungGen      total 29696K, used 4088K [0x00000000eab00000, 0x00000000ece00000, 0x0000000100000000)
  eden space 25600K, 0% used [0x00000000eab00000,0x00000000eab00000,0x00000000ec400000)
  from space 4096K, 99% used [0x00000000ec400000,0x00000000ec7fe0f8,0x00000000ec800000)
  to   space 5120K, 0% used [0x00000000ec900000,0x00000000ec900000,0x00000000ece00000)
 ParOldGen       total 68608K, used 6823K [0x00000000c0000000, 0x00000000c4300000, 0x00000000eab00000)
  object space 68608K, 9% used [0x00000000c0000000,0x00000000c06a9cd8,0x00000000c4300000)
 Metaspace       used 21090K, committed 21504K, reserved 1114112K
  class space    used 2114K, committed 2304K, reserved 1048576K
}
Event: 2.967 GC heap after
{Heap after GC invocations=6 (full 1):
 PSYoungGen      total 29696K, used 0K [0x00000000eab00000, 0x00000000ece00000, 0x0000000100000000)
  eden space 25600K, 0% used [0x00000000eab00000,0x00000000eab00000,0x00000000ec400000)
  from space 4096K, 0% used [0x00000000ec400000,0x00000000ec400000,0x00000000ec800000)
  to   space 5120K, 0% used [0x00000000ec900000,0x00000000ec900000,0x00000000ece00000)
 ParOldGen       total 68608K, used 10636K [0x00000000c0000000, 0x00000000c4300000, 0x00000000eab00000)
  object space 68608K, 15% used [0x00000000c0000000,0x00000000c0a63028,0x00000000c4300000)
 Metaspace       used 21090K, committed 21504K, reserved 1114112K
  class space    used 2114K, committed 2304K, reserved 1048576K
}
Event: 4.051 GC heap before
{Heap before GC invocations=7 (full 1):
 PSYoungGen      total 29696K, used 25600K [0x00000000eab00000, 0x00000000ece00000, 0x0000000100000000)
  eden space 25600K, 100% used [0x00000000eab00000,0x00000000ec400000,0x00000000ec400000)
  from space 4096K, 0% used [0x00000000ec400000,0x00000000ec400000,0x00000000ec800000)
  to   space 5120K, 0% used [0x00000000ec900000,0x00000000ec900000,0x00000000ece00000)
 ParOldGen       total 68608K, used 10636K [0x00000000c0000000, 0x00000000c4300000, 0x00000000eab00000)
  object space 68608K, 15% used [0x00000000c0000000,0x00000000c0a63028,0x00000000c4300000)
 Metaspace       used 23995K, committed 24512K, reserved 1114112K
  class space    used 2426K, committed 2624K, reserved 1048576K
}
Event: 4.053 GC heap after
{Heap after GC invocations=7 (full 1):
 PSYoungGen      total 29184K, used 3907K [0x00000000eab00000, 0x00000000ecd00000, 0x0000000100000000)
  eden space 25088K, 0% used [0x00000000eab00000,0x00000000eab00000,0x00000000ec380000)
  from space 4096K, 95% used [0x00000000ec900000,0x00000000eccd0e70,0x00000000ecd00000)
  to   space 4608K, 0% used [0x00000000ec400000,0x00000000ec400000,0x00000000ec880000)
 ParOldGen       total 68608K, used 10644K [0x00000000c0000000, 0x00000000c4300000, 0x00000000eab00000)
  object space 68608K, 15% used [0x00000000c0000000,0x00000000c0a65028,0x00000000c4300000)
 Metaspace       used 23995K, committed 24512K, reserved 1114112K
  class space    used 2426K, committed 2624K, reserved 1048576K
}
Event: 4.466 GC heap before
{Heap before GC invocations=8 (full 1):
 PSYoungGen      total 29184K, used 28995K [0x00000000eab00000, 0x00000000ecd00000, 0x0000000100000000)
  eden space 25088K, 100% used [0x00000000eab00000,0x00000000ec380000,0x00000000ec380000)
  from space 4096K, 95% used [0x00000000ec900000,0x00000000eccd0e70,0x00000000ecd00000)
  to   space 4608K, 0% used [0x00000000ec400000,0x00000000ec400000,0x00000000ec880000)
 ParOldGen       total 68608K, used 10644K [0x00000000c0000000, 0x00000000c4300000, 0x00000000eab00000)
  object space 68608K, 15% used [0x00000000c0000000,0x00000000c0a65028,0x00000000c4300000)
 Metaspace       used 26562K, committed 27200K, reserved 1114112K
  class space    used 2708K, committed 3008K, reserved 1048576K
}
Event: 4.470 GC heap after
{Heap after GC invocations=8 (full 1):
 PSYoungGen      total 29184K, used 4594K [0x00000000eab00000, 0x00000000ece00000, 0x0000000100000000)
  eden space 24576K, 0% used [0x00000000eab00000,0x00000000eab00000,0x00000000ec300000)
  from space 4608K, 99% used [0x00000000ec400000,0x00000000ec87ca38,0x00000000ec880000)
  to   space 5632K, 0% used [0x00000000ec880000,0x00000000ec880000,0x00000000ece00000)
 ParOldGen       total 68608K, used 11361K [0x00000000c0000000, 0x00000000c4300000, 0x00000000eab00000)
  object space 68608K, 16% used [0x00000000c0000000,0x00000000c0b186f0,0x00000000c4300000)
 Metaspace       used 26562K, committed 27200K, reserved 1114112K
  class space    used 2708K, committed 3008K, reserved 1048576K
}
Event: 4.725 GC heap before
{Heap before GC invocations=9 (full 1):
 PSYoungGen      total 29184K, used 29170K [0x00000000eab00000, 0x00000000ece00000, 0x0000000100000000)
  eden space 24576K, 100% used [0x00000000eab00000,0x00000000ec300000,0x00000000ec300000)
  from space 4608K, 99% used [0x00000000ec400000,0x00000000ec87ca38,0x00000000ec880000)
  to   space 5632K, 0% used [0x00000000ec880000,0x00000000ec880000,0x00000000ece00000)
 ParOldGen       total 68608K, used 11361K [0x00000000c0000000, 0x00000000c4300000, 0x00000000eab00000)
  object space 68608K, 16% used [0x00000000c0000000,0x00000000c0b186f0,0x00000000c4300000)
 Metaspace       used 28908K, committed 29568K, reserved 1114112K
  class space    used 2931K, committed 3200K, reserved 1048576K
}
Event: 4.728 GC heap after
{Heap after GC invocations=9 (full 1):
 PSYoungGen      total 28160K, used 5605K [0x00000000eab00000, 0x00000000ed180000, 0x0000000100000000)
  eden space 22528K, 0% used [0x00000000eab00000,0x00000000eab00000,0x00000000ec100000)
  from space 5632K, 99% used [0x00000000ec880000,0x00000000ecdf97b8,0x00000000ece00000)
  to   space 7680K, 0% used [0x00000000ec100000,0x00000000ec100000,0x00000000ec880000)
 ParOldGen       total 68608K, used 12815K [0x00000000c0000000, 0x00000000c4300000, 0x00000000eab00000)
  object space 68608K, 18% used [0x00000000c0000000,0x00000000c0c83ca0,0x00000000c4300000)
 Metaspace       used 28908K, committed 29568K, reserved 1114112K
  class space    used 2931K, committed 3200K, reserved 1048576K
}
Event: 4.925 GC heap before
{Heap before GC invocations=10 (full 1):
 PSYoungGen      total 28160K, used 28133K [0x00000000eab00000, 0x00000000ed180000, 0x0000000100000000)
  eden space 22528K, 100% used [0x00000000eab00000,0x00000000ec100000,0x00000000ec100000)
  from space 5632K, 99% used [0x00000000ec880000,0x00000000ecdf97b8,0x00000000ece00000)
  to   space 7680K, 0% used [0x00000000ec100000,0x00000000ec100000,0x00000000ec880000)
 ParOldGen       total 68608K, used 12815K [0x00000000c0000000, 0x00000000c4300000, 0x00000000eab00000)
  object space 68608K, 18% used [0x00000000c0000000,0x00000000c0c83ca0,0x00000000c4300000)
 Metaspace       used 32196K, committed 32896K, reserved 1114112K
  class space    used 3177K, committed 3456K, reserved 1048576K
}
Event: 4.928 GC heap after
{Heap after GC invocations=10 (full 1):
 PSYoungGen      total 27136K, used 4652K [0x00000000eab00000, 0x00000000ecb80000, 0x0000000100000000)
  eden space 22016K, 0% used [0x00000000eab00000,0x00000000eab00000,0x00000000ec080000)
  from space 5120K, 90% used [0x00000000ec100000,0x00000000ec58b320,0x00000000ec600000)
  to   space 5632K, 0% used [0x00000000ec600000,0x00000000ec600000,0x00000000ecb80000)
 ParOldGen       total 68608K, used 15305K [0x00000000c0000000, 0x00000000c4300000, 0x00000000eab00000)
  object space 68608K, 22% used [0x00000000c0000000,0x00000000c0ef25b8,0x00000000c4300000)
 Metaspace       used 32196K, committed 32896K, reserved 1114112K
  class space    used 3177K, committed 3456K, reserved 1048576K
}
Event: 5.075 GC heap before
{Heap before GC invocations=11 (full 1):
 PSYoungGen      total 27136K, used 26668K [0x00000000eab00000, 0x00000000ecb80000, 0x0000000100000000)
  eden space 22016K, 100% used [0x00000000eab00000,0x00000000ec080000,0x00000000ec080000)
  from space 5120K, 90% used [0x00000000ec100000,0x00000000ec58b320,0x00000000ec600000)
  to   space 5632K, 0% used [0x00000000ec600000,0x00000000ec600000,0x00000000ecb80000)
 ParOldGen       total 68608K, used 15305K [0x00000000c0000000, 0x00000000c4300000, 0x00000000eab00000)
  object space 68608K, 22% used [0x00000000c0000000,0x00000000c0ef25b8,0x00000000c4300000)
 Metaspace       used 33573K, committed 34240K, reserved 1114112K
  class space    used 3259K, committed 3520K, reserved 1048576K
}
Event: 5.078 GC heap after
{Heap after GC invocations=11 (full 1):
 PSYoungGen      total 25088K, used 2580K [0x00000000eab00000, 0x00000000ec900000, 0x0000000100000000)
  eden space 22016K, 0% used [0x00000000eab00000,0x00000000eab00000,0x00000000ec080000)
  from space 3072K, 83% used [0x00000000ec600000,0x00000000ec885110,0x00000000ec900000)
  to   space 3584K, 0% used [0x00000000ec200000,0x00000000ec200000,0x00000000ec580000)
 ParOldGen       total 68608K, used 17378K [0x00000000c0000000, 0x00000000c4300000, 0x00000000eab00000)
  object space 68608K, 25% used [0x00000000c0000000,0x00000000c10f8998,0x00000000c4300000)
 Metaspace       used 33573K, committed 34240K, reserved 1114112K
  class space    used 3259K, committed 3520K, reserved 1048576K
}
Event: 5.217 GC heap before
{Heap before GC invocations=12 (full 1):
 PSYoungGen      total 25088K, used 11779K [0x00000000eab00000, 0x00000000ec900000, 0x0000000100000000)
  eden space 22016K, 41% used [0x00000000eab00000,0x00000000eb3fbb00,0x00000000ec080000)
  from space 3072K, 83% used [0x00000000ec600000,0x00000000ec885110,0x00000000ec900000)
  to   space 3584K, 0% used [0x00000000ec200000,0x00000000ec200000,0x00000000ec580000)
 ParOldGen       total 68608K, used 17378K [0x00000000c0000000, 0x00000000c4300000, 0x00000000eab00000)
  object space 68608K, 25% used [0x00000000c0000000,0x00000000c10f8998,0x00000000c4300000)
 Metaspace       used 35147K, committed 35840K, reserved 1114112K
  class space    used 3407K, committed 3648K, reserved 1048576K
}
Event: 5.220 GC heap after
{Heap after GC invocations=12 (full 1):
 PSYoungGen      total 23040K, used 961K [0x00000000eab00000, 0x00000000ec680000, 0x0000000100000000)
  eden space 22016K, 0% used [0x00000000eab00000,0x00000000eab00000,0x00000000ec080000)
  from space 1024K, 93% used [0x00000000ec200000,0x00000000ec2f0650,0x00000000ec300000)
  to   space 2048K, 0% used [0x00000000ec480000,0x00000000ec480000,0x00000000ec680000)
 ParOldGen       total 68608K, used 19750K [0x00000000c0000000, 0x00000000c4300000, 0x00000000eab00000)
  object space 68608K, 28% used [0x00000000c0000000,0x00000000c1349ae8,0x00000000c4300000)
 Metaspace       used 35147K, committed 35840K, reserved 1114112K
  class space    used 3407K, committed 3648K, reserved 1048576K
}
Event: 5.220 GC heap before
{Heap before GC invocations=13 (full 2):
 PSYoungGen      total 23040K, used 961K [0x00000000eab00000, 0x00000000ec680000, 0x0000000100000000)
  eden space 22016K, 0% used [0x00000000eab00000,0x00000000eab00000,0x00000000ec080000)
  from space 1024K, 93% used [0x00000000ec200000,0x00000000ec2f0650,0x00000000ec300000)
  to   space 2048K, 0% used [0x00000000ec480000,0x00000000ec480000,0x00000000ec680000)
 ParOldGen       total 68608K, used 19750K [0x00000000c0000000, 0x00000000c4300000, 0x00000000eab00000)
  object space 68608K, 28% used [0x00000000c0000000,0x00000000c1349ae8,0x00000000c4300000)
 Metaspace       used 35147K, committed 35840K, reserved 1114112K
  class space    used 3407K, committed 3648K, reserved 1048576K
}
Event: 5.249 GC heap after
{Heap after GC invocations=13 (full 2):
 PSYoungGen      total 23040K, used 0K [0x00000000eab00000, 0x00000000ec680000, 0x0000000100000000)
  eden space 22016K, 0% used [0x00000000eab00000,0x00000000eab00000,0x00000000ec080000)
  from space 1024K, 0% used [0x00000000ec200000,0x00000000ec200000,0x00000000ec300000)
  to   space 2048K, 0% used [0x00000000ec480000,0x00000000ec480000,0x00000000ec680000)
 ParOldGen       total 68608K, used 17858K [0x00000000c0000000, 0x00000000c4300000, 0x00000000eab00000)
  object space 68608K, 26% used [0x00000000c0000000,0x00000000c1170ab0,0x00000000c4300000)
 Metaspace       used 35134K, committed 35840K, reserved 1114112K
  class space    used 3403K, committed 3648K, reserved 1048576K
}

Dll operation events (10 events):
Event: 0.019 Loaded shared library c:\Users\yenho\.vscode\extensions\redhat.java-1.38.0-win32-x64\jre\17.0.13-win32-x86_64\bin\java.dll
Event: 0.234 Loaded shared library c:\Users\yenho\.vscode\extensions\redhat.java-1.38.0-win32-x64\jre\17.0.13-win32-x86_64\bin\zip.dll
Event: 0.237 Loaded shared library C:\Users\yenho\.vscode\extensions\redhat.java-1.38.0-win32-x64\jre\17.0.13-win32-x86_64\bin\instrument.dll
Event: 0.252 Loaded shared library C:\Users\yenho\.vscode\extensions\redhat.java-1.38.0-win32-x64\jre\17.0.13-win32-x86_64\bin\net.dll
Event: 0.256 Loaded shared library C:\Users\yenho\.vscode\extensions\redhat.java-1.38.0-win32-x64\jre\17.0.13-win32-x86_64\bin\nio.dll
Event: 0.268 Loaded shared library C:\Users\yenho\.vscode\extensions\redhat.java-1.38.0-win32-x64\jre\17.0.13-win32-x86_64\bin\zip.dll
Event: 0.289 Loaded shared library C:\Users\yenho\.vscode\extensions\redhat.java-1.38.0-win32-x64\jre\17.0.13-win32-x86_64\bin\jimage.dll
Event: 0.374 Loaded shared library c:\Users\yenho\.vscode\extensions\redhat.java-1.38.0-win32-x64\jre\17.0.13-win32-x86_64\bin\verify.dll
Event: 1.737 Loaded shared library C:\Users\yenho\AppData\Roaming\Code\User\globalStorage\redhat.java\1.38.0\config_win\org.eclipse.equinox.launcher\org.eclipse.equinox.launcher.win32.win32.x86_64_1.2.1100.v20240722-2106\eclipse_11904.dll
Event: 3.728 Loaded shared library C:\Users\yenho\AppData\Local\Temp\jna-114863977\jna13659937689561209312.dll

Deoptimization events (20 events):
Event: 5.439 Thread 0x000002074a1fc5c0 Uncommon trap: trap_request=0xffffff45 fr.pc=0x0000020739260208 relative=0x00000000000019a8
Event: 5.439 Thread 0x000002074a1fc5c0 Uncommon trap: reason=unstable_if action=reinterpret pc=0x0000020739260208 method=java.util.Properties.loadConvert([CIILjava/lang/StringBuilder;)Ljava/lang/String; @ 477 c2
Event: 5.439 Thread 0x000002074a1fc5c0 DEOPT PACKING pc=0x0000020739260208 sp=0x00000017a19fdb00
Event: 5.439 Thread 0x000002074a1fc5c0 DEOPT UNPACKING pc=0x0000020738b666a3 sp=0x00000017a19fdaf0 mode 2
Event: 5.482 Thread 0x000002074a1fc5c0 Uncommon trap: trap_request=0xffffff45 fr.pc=0x0000020739209bfc relative=0x000000000000179c
Event: 5.482 Thread 0x000002074a1fc5c0 Uncommon trap: reason=unstable_if action=reinterpret pc=0x0000020739209bfc method=sun.nio.fs.WindowsPathParser.nextNonSlash(Ljava/lang/String;II)I @ 2 c2
Event: 5.482 Thread 0x000002074a1fc5c0 DEOPT PACKING pc=0x0000020739209bfc sp=0x00000017a19fde40
Event: 5.482 Thread 0x000002074a1fc5c0 DEOPT UNPACKING pc=0x0000020738b666a3 sp=0x00000017a19fddd0 mode 2
Event: 5.485 Thread 0x000002074a1fc5c0 Uncommon trap: trap_request=0xffffffc6 fr.pc=0x00000207391eacf4 relative=0x0000000000000e94
Event: 5.485 Thread 0x000002074a1fc5c0 Uncommon trap: reason=bimorphic_or_optimized_type_check action=maybe_recompile pc=0x00000207391eacf4 method=java.io.BufferedInputStream.read([BII)I @ 101 c2
Event: 5.485 Thread 0x000002074a1fc5c0 DEOPT PACKING pc=0x00000207391eacf4 sp=0x00000017a19fe810
Event: 5.485 Thread 0x000002074a1fc5c0 DEOPT UNPACKING pc=0x0000020738b666a3 sp=0x00000017a19fe7f8 mode 2
Event: 5.485 Thread 0x000002074a1fc5c0 Uncommon trap: trap_request=0xffffffc6 fr.pc=0x00000207391eaec4 relative=0x0000000000001064
Event: 5.485 Thread 0x000002074a1fc5c0 Uncommon trap: reason=bimorphic_or_optimized_type_check action=maybe_recompile pc=0x00000207391eaec4 method=java.io.BufferedInputStream.read1([BII)I @ 39 c2
Event: 5.485 Thread 0x000002074a1fc5c0 DEOPT PACKING pc=0x00000207391eaec4 sp=0x00000017a19fe810
Event: 5.485 Thread 0x000002074a1fc5c0 DEOPT UNPACKING pc=0x0000020738b666a3 sp=0x00000017a19fe758 mode 2
Event: 5.488 Thread 0x000002072e94e440 Uncommon trap: trap_request=0xffffff45 fr.pc=0x000002073920d7b0 relative=0x0000000000000130
Event: 5.488 Thread 0x000002072e94e440 Uncommon trap: reason=unstable_if action=reinterpret pc=0x000002073920d7b0 method=java.io.WinNTFileSystem.normalize(Ljava/lang/String;)Ljava/lang/String; @ 74 c2
Event: 5.488 Thread 0x000002072e94e440 DEOPT PACKING pc=0x000002073920d7b0 sp=0x000000179f7fdfc0
Event: 5.488 Thread 0x000002072e94e440 DEOPT UNPACKING pc=0x0000020738b666a3 sp=0x000000179f7fdf98 mode 2

Classes loaded (20 events):
Event: 5.493 Loading class sun/nio/ch/ThreadPool
Event: 5.493 Loading class sun/nio/ch/ThreadPool done
Event: 5.494 Loading class sun/nio/ch/Iocp$EventHandlerTask
Event: 5.494 Loading class sun/nio/ch/Iocp$EventHandlerTask done
Event: 5.494 Loading class sun/nio/ch/AsynchronousChannelGroupImpl$2
Event: 5.494 Loading class sun/nio/ch/AsynchronousChannelGroupImpl$2 done
Event: 5.494 Loading class sun/nio/ch/AsynchronousChannelGroupImpl$1
Event: 5.494 Loading class sun/nio/ch/AsynchronousChannelGroupImpl$1 done
Event: 5.495 Loading class sun/nio/ch/Invoker
Event: 5.495 Loading class sun/nio/ch/Invoker done
Event: 5.495 Loading class sun/nio/ch/Invoker$1
Event: 5.495 Loading class sun/nio/ch/Invoker$1 done
Event: 5.495 Loading class sun/net/www/protocol/https/Handler
Event: 5.495 Loading class sun/net/www/protocol/http/Handler
Event: 5.495 Loading class sun/nio/ch/PendingIoCache
Event: 5.496 Loading class sun/net/www/protocol/http/Handler done
Event: 5.496 Loading class sun/net/www/protocol/https/Handler done
Event: 5.496 Loading class sun/nio/ch/PendingIoCache done
Event: 5.496 Loading class sun/nio/ch/Invoker$GroupAndInvokeCount
Event: 5.496 Loading class sun/nio/ch/Invoker$GroupAndInvokeCount done

Classes unloaded (7 events):
Event: 5.224 Thread 0x000002072e9d79a0 Unloading class 0x000000010025a000 'java/lang/invoke/LambdaForm$MH+0x000000010025a000'
Event: 5.224 Thread 0x000002072e9d79a0 Unloading class 0x0000000100259c00 'java/lang/invoke/LambdaForm$MH+0x0000000100259c00'
Event: 5.224 Thread 0x000002072e9d79a0 Unloading class 0x0000000100259800 'java/lang/invoke/LambdaForm$MH+0x0000000100259800'
Event: 5.224 Thread 0x000002072e9d79a0 Unloading class 0x0000000100259400 'java/lang/invoke/LambdaForm$MH+0x0000000100259400'
Event: 5.224 Thread 0x000002072e9d79a0 Unloading class 0x0000000100259000 'java/lang/invoke/LambdaForm$BMH+0x0000000100259000'
Event: 5.224 Thread 0x000002072e9d79a0 Unloading class 0x0000000100258c00 'java/lang/invoke/LambdaForm$DMH+0x0000000100258c00'
Event: 5.224 Thread 0x000002072e9d79a0 Unloading class 0x0000000100254400 'java/lang/invoke/LambdaForm$DMH+0x0000000100254400'

Classes redefined (0 events):
No events

Internal exceptions (20 events):
Event: 5.485 Thread 0x000002072e94e440 Exception <a 'java/lang/NoSuchMethodError'{0x00000000ebb61b48}: 'java.lang.Object java.lang.invoke.DirectMethodHandle$Holder.invokeStaticInit(java.lang.Object, java.lang.Object, long, java.lang.Object)'> (0x00000000ebb61b48) 
thrown [s\src\hotspot\share\interpreter\linkResolver.cpp, line 759]
Event: 5.486 Thread 0x000002072e94e440 Exception <a 'java/lang/NoSuchMethodError'{0x00000000ebb7d3e0}: 'java.lang.Object java.lang.invoke.DirectMethodHandle$Holder.newInvokeSpecial(java.lang.Object, java.lang.Object, long)'> (0x00000000ebb7d3e0) 
thrown [s\src\hotspot\share\interpreter\linkResolver.cpp, line 759]
Event: 5.491 Thread 0x000002074a1fc5c0 Exception <a 'sun/nio/fs/WindowsException'{0x00000000ebc00898}> (0x00000000ebc00898) 
thrown [s\src\hotspot\share\prims\jni.cpp, line 516]
Event: 5.491 Thread 0x000002074a1fc5c0 Exception <a 'sun/nio/fs/WindowsException'{0x00000000ebc01110}> (0x00000000ebc01110) 
thrown [s\src\hotspot\share\prims\jni.cpp, line 516]
Event: 5.491 Thread 0x000002074a1fc5c0 Exception <a 'sun/nio/fs/WindowsException'{0x00000000ebc01f70}> (0x00000000ebc01f70) 
thrown [s\src\hotspot\share\prims\jni.cpp, line 516]
Event: 5.491 Thread 0x000002074a1fc5c0 Exception <a 'sun/nio/fs/WindowsException'{0x00000000ebc027d0}> (0x00000000ebc027d0) 
thrown [s\src\hotspot\share\prims\jni.cpp, line 516]
Event: 5.494 Thread 0x000002074a1fc5c0 Exception <a 'sun/nio/fs/WindowsException'{0x00000000ebc3d068}> (0x00000000ebc3d068) 
thrown [s\src\hotspot\share\prims\jni.cpp, line 516]
Event: 5.494 Thread 0x000002074a1fc5c0 Exception <a 'sun/nio/fs/WindowsException'{0x00000000ebc47cf8}> (0x00000000ebc47cf8) 
thrown [s\src\hotspot\share\prims\jni.cpp, line 516]
Event: 5.497 Thread 0x000002074a1fc5c0 Exception <a 'sun/nio/fs/WindowsException'{0x00000000ebc95bf0}> (0x00000000ebc95bf0) 
thrown [s\src\hotspot\share\prims\jni.cpp, line 516]
Event: 5.497 Thread 0x000002074a1fc5c0 Exception <a 'sun/nio/fs/WindowsException'{0x00000000ebc96450}> (0x00000000ebc96450) 
thrown [s\src\hotspot\share\prims\jni.cpp, line 516]
Event: 5.498 Thread 0x000002074a1fc5c0 Exception <a 'sun/nio/fs/WindowsException'{0x00000000ebc97a70}> (0x00000000ebc97a70) 
thrown [s\src\hotspot\share\prims\jni.cpp, line 516]
Event: 5.498 Thread 0x000002074a1fc5c0 Exception <a 'sun/nio/fs/WindowsException'{0x00000000ebc980a8}> (0x00000000ebc980a8) 
thrown [s\src\hotspot\share\prims\jni.cpp, line 516]
Event: 5.498 Thread 0x000002074a1fc5c0 Exception <a 'sun/nio/fs/WindowsException'{0x00000000ebc989e0}> (0x00000000ebc989e0) 
thrown [s\src\hotspot\share\prims\jni.cpp, line 516]
Event: 5.498 Thread 0x000002074a1fc5c0 Exception <a 'sun/nio/fs/WindowsException'{0x00000000ebc99018}> (0x00000000ebc99018) 
thrown [s\src\hotspot\share\prims\jni.cpp, line 516]
Event: 5.498 Thread 0x000002074a1fc5c0 Exception <a 'sun/nio/fs/WindowsException'{0x00000000ebd1a350}> (0x00000000ebd1a350) 
thrown [s\src\hotspot\share\prims\jni.cpp, line 516]
Event: 5.498 Thread 0x000002074a1fc5c0 Exception <a 'sun/nio/fs/WindowsException'{0x00000000ebd1a988}> (0x00000000ebd1a988) 
thrown [s\src\hotspot\share\prims\jni.cpp, line 516]
Event: 5.499 Thread 0x000002074a1fc5c0 Exception <a 'sun/nio/fs/WindowsException'{0x00000000ebd1be60}> (0x00000000ebd1be60) 
thrown [s\src\hotspot\share\prims\jni.cpp, line 516]
Event: 5.499 Thread 0x000002074a1fc5c0 Exception <a 'sun/nio/fs/WindowsException'{0x00000000ebd1c498}> (0x00000000ebd1c498) 
thrown [s\src\hotspot\share\prims\jni.cpp, line 516]
Event: 5.501 Thread 0x000002074a1fc5c0 Exception <a 'java/lang/NoSuchMethodError'{0x00000000ebd7baa0}: 'void java.lang.invoke.DirectMethodHandle$Holder.invokeVirtual(java.lang.Object, java.lang.Object, java.lang.Object, java.lang.Object)'> (0x00000000ebd7baa0) 
thrown [s\src\hotspot\share\interpreter\linkResolver.cpp, line 759]
Event: 5.523 Thread 0x000002072e94e440 Exception <a 'java/lang/RuntimeException'{0x00000000ebc91260}: snapshot not available> (0x00000000ebc91260) 
thrown [s\src\hotspot\share\prims\jni.cpp, line 535]

VM Operations (20 events):
Event: 4.725 Executing VM operation: ParallelGCFailedAllocation
Event: 4.728 Executing VM operation: ParallelGCFailedAllocation done
Event: 4.925 Executing VM operation: ParallelGCFailedAllocation
Event: 4.928 Executing VM operation: ParallelGCFailedAllocation done
Event: 5.075 Executing VM operation: ParallelGCFailedAllocation
Event: 5.078 Executing VM operation: ParallelGCFailedAllocation done
Event: 5.090 Executing VM operation: HandshakeAllThreads
Event: 5.090 Executing VM operation: HandshakeAllThreads done
Event: 5.165 Executing VM operation: HandshakeAllThreads
Event: 5.165 Executing VM operation: HandshakeAllThreads done
Event: 5.217 Executing VM operation: CollectForMetadataAllocation
Event: 5.249 Executing VM operation: CollectForMetadataAllocation done
Event: 5.250 Executing VM operation: HandshakeAllThreads
Event: 5.250 Executing VM operation: HandshakeAllThreads done
Event: 5.277 Executing VM operation: HandshakeAllThreads
Event: 5.277 Executing VM operation: HandshakeAllThreads done
Event: 5.289 Executing VM operation: HandshakeAllThreads
Event: 5.289 Executing VM operation: HandshakeAllThreads done
Event: 5.307 Executing VM operation: HandshakeAllThreads
Event: 5.307 Executing VM operation: HandshakeAllThreads done

Memory protections (0 events):
No events

Nmethod flushes (0 events):
No events

Events (20 events):
Event: 2.879 Thread 0x00000207491fdf80 Thread added: 0x00000207491ff8d0
Event: 3.079 Thread 0x0000020747af6050 Thread exited: 0x0000020747af6050
Event: 3.762 Thread 0x00000207491fdf80 Thread added: 0x00000207492002f0
Event: 3.827 Thread 0x0000020747949df0 Thread added: 0x000002074a262a00
Event: 3.856 Thread 0x00000207491fdf80 Thread added: 0x000002074a1fc5c0
Event: 4.057 Thread 0x00000207491fdf80 Thread added: 0x000002074a1f6590
Event: 5.142 Thread 0x00000207491fdf80 Thread added: 0x000002074a1fac70
Event: 5.494 Thread 0x000002072e94e440 Thread added: 0x000002074a1fa760
Event: 5.495 Thread 0x000002072e94e440 Thread added: 0x000002074a1fb180
Event: 5.495 Thread 0x000002072e94e440 Thread added: 0x000002074a1f8900
Event: 5.495 Thread 0x000002072e94e440 Thread added: 0x000002074a1fcad0
Event: 5.495 Thread 0x000002072e94e440 Thread added: 0x000002074a1f5660
Event: 5.495 Thread 0x000002072e94e440 Thread added: 0x000002074a1f6aa0
Event: 5.495 Thread 0x000002072e94e440 Thread added: 0x000002074a1f6fb0
Event: 5.495 Thread 0x000002072e94e440 Thread added: 0x000002074a1fb690
Event: 5.495 Thread 0x000002072e94e440 Thread added: 0x000002074a1f83f0
Event: 5.495 Thread 0x000002072e94e440 Thread added: 0x000002074a1f79d0
Event: 5.495 Thread 0x000002072e94e440 Thread added: 0x000002074a1f74c0
Event: 5.495 Thread 0x000002072e94e440 Thread added: 0x000002074a1f8e10
Event: 5.495 Thread 0x000002072e94e440 Thread added: 0x000002074a1f9d40


Dynamic libraries:
0x00007ff7505a0000 - 0x00007ff7505ae000 	c:\Users\yenho\.vscode\extensions\redhat.java-1.38.0-win32-x64\jre\17.0.13-win32-x86_64\bin\java.exe
0x00007ffca76b0000 - 0x00007ffca78c7000 	C:\Windows\SYSTEM32\ntdll.dll
0x00007ffca6cb0000 - 0x00007ffca6d74000 	C:\Windows\System32\KERNEL32.DLL
0x00007ffca4ff0000 - 0x00007ffca53aa000 	C:\Windows\System32\KERNELBASE.dll
0x00007ffca4bc0000 - 0x00007ffca4cd1000 	C:\Windows\System32\ucrtbase.dll
0x00007ffca0300000 - 0x00007ffca0317000 	c:\Users\yenho\.vscode\extensions\redhat.java-1.38.0-win32-x64\jre\17.0.13-win32-x86_64\bin\jli.dll
0x00007ffca5a90000 - 0x00007ffca5c3e000 	C:\Windows\System32\USER32.dll
0x00007ffca4980000 - 0x00007ffca49a6000 	C:\Windows\System32\win32u.dll
0x00007ffca63f0000 - 0x00007ffca6419000 	C:\Windows\System32\GDI32.dll
0x00007ffca02e0000 - 0x00007ffca02fe000 	c:\Users\yenho\.vscode\extensions\redhat.java-1.38.0-win32-x64\jre\17.0.13-win32-x86_64\bin\VCRUNTIME140.dll
0x00007ffca4e10000 - 0x00007ffca4f2b000 	C:\Windows\System32\gdi32full.dll
0x00007ffca49b0000 - 0x00007ffca4a4a000 	C:\Windows\System32\msvcp_win.dll
0x00007ffc91a90000 - 0x00007ffc91d22000 	C:\Windows\WinSxS\amd64_microsoft.windows.common-controls_6595b64144ccf1df_6.0.22621.4541_none_2710d1c57384c085\COMCTL32.dll
0x00007ffca73f0000 - 0x00007ffca7497000 	C:\Windows\System32\msvcrt.dll
0x00007ffca5c40000 - 0x00007ffca5c71000 	C:\Windows\System32\IMM32.DLL
0x00007ffca02d0000 - 0x00007ffca02dc000 	c:\Users\yenho\.vscode\extensions\redhat.java-1.38.0-win32-x64\jre\17.0.13-win32-x86_64\bin\vcruntime140_1.dll
0x00007ffc56950000 - 0x00007ffc569dd000 	c:\Users\yenho\.vscode\extensions\redhat.java-1.38.0-win32-x64\jre\17.0.13-win32-x86_64\bin\msvcp140.dll
0x00007ffc35460000 - 0x00007ffc360cb000 	c:\Users\yenho\.vscode\extensions\redhat.java-1.38.0-win32-x64\jre\17.0.13-win32-x86_64\bin\server\jvm.dll
0x00007ffca70f0000 - 0x00007ffca71a2000 	C:\Windows\System32\ADVAPI32.dll
0x00007ffca6120000 - 0x00007ffca61c7000 	C:\Windows\System32\sechost.dll
0x00007ffca4d60000 - 0x00007ffca4d88000 	C:\Windows\System32\bcrypt.dll
0x00007ffca5960000 - 0x00007ffca5a74000 	C:\Windows\System32\RPCRT4.dll
0x00007ffca6e40000 - 0x00007ffca6eb1000 	C:\Windows\System32\WS2_32.dll
0x00007ffca37d0000 - 0x00007ffca381d000 	C:\Windows\SYSTEM32\POWRPROF.dll
0x00007ffc9ee50000 - 0x00007ffc9ee84000 	C:\Windows\SYSTEM32\WINMM.dll
0x00007ffc9e9b0000 - 0x00007ffc9e9ba000 	C:\Windows\SYSTEM32\VERSION.dll
0x00007ffca37b0000 - 0x00007ffca37c3000 	C:\Windows\SYSTEM32\UMPDC.dll
0x00007ffca3a80000 - 0x00007ffca3a98000 	C:\Windows\SYSTEM32\kernel.appcore.dll
0x00007ffc9eef0000 - 0x00007ffc9eefa000 	c:\Users\yenho\.vscode\extensions\redhat.java-1.38.0-win32-x64\jre\17.0.13-win32-x86_64\bin\jimage.dll
0x00007ffc9dcd0000 - 0x00007ffc9df02000 	C:\Windows\SYSTEM32\DBGHELP.DLL
0x00007ffca5d10000 - 0x00007ffca609f000 	C:\Windows\System32\combase.dll
0x00007ffca71b0000 - 0x00007ffca7287000 	C:\Windows\System32\OLEAUT32.dll
0x00007ffc9aad0000 - 0x00007ffc9ab02000 	C:\Windows\SYSTEM32\dbgcore.DLL
0x00007ffca4d90000 - 0x00007ffca4e0b000 	C:\Windows\System32\bcryptPrimitives.dll
0x00007ffca02c0000 - 0x00007ffca02ce000 	c:\Users\yenho\.vscode\extensions\redhat.java-1.38.0-win32-x64\jre\17.0.13-win32-x86_64\bin\instrument.dll
0x00007ffc9eec0000 - 0x00007ffc9eee5000 	c:\Users\yenho\.vscode\extensions\redhat.java-1.38.0-win32-x64\jre\17.0.13-win32-x86_64\bin\java.dll
0x00007ffc98820000 - 0x00007ffc98838000 	c:\Users\yenho\.vscode\extensions\redhat.java-1.38.0-win32-x64\jre\17.0.13-win32-x86_64\bin\zip.dll
0x00007ffca6430000 - 0x00007ffca6ca8000 	C:\Windows\System32\SHELL32.dll
0x00007ffca2880000 - 0x00007ffca3188000 	C:\Windows\SYSTEM32\windows.storage.dll
0x00007ffca2740000 - 0x00007ffca287f000 	C:\Windows\SYSTEM32\wintypes.dll
0x00007ffca5860000 - 0x00007ffca595a000 	C:\Windows\System32\SHCORE.dll
0x00007ffca61d0000 - 0x00007ffca622e000 	C:\Windows\System32\shlwapi.dll
0x00007ffca48b0000 - 0x00007ffca48db000 	C:\Windows\SYSTEM32\profapi.dll
0x00007ffc94f30000 - 0x00007ffc94f49000 	C:\Users\yenho\.vscode\extensions\redhat.java-1.38.0-win32-x64\jre\17.0.13-win32-x86_64\bin\net.dll
0x00007ffca0800000 - 0x00007ffca0936000 	C:\Windows\SYSTEM32\WINHTTP.dll
0x00007ffca3f00000 - 0x00007ffca3f69000 	C:\Windows\system32\mswsock.dll
0x00007ffc94790000 - 0x00007ffc947a6000 	C:\Users\yenho\.vscode\extensions\redhat.java-1.38.0-win32-x64\jre\17.0.13-win32-x86_64\bin\nio.dll
0x00007ffc9efc0000 - 0x00007ffc9efd0000 	c:\Users\yenho\.vscode\extensions\redhat.java-1.38.0-win32-x64\jre\17.0.13-win32-x86_64\bin\verify.dll
0x00007ffc8e270000 - 0x00007ffc8e2b5000 	C:\Users\yenho\AppData\Roaming\Code\User\globalStorage\redhat.java\1.38.0\config_win\org.eclipse.equinox.launcher\org.eclipse.equinox.launcher.win32.win32.x86_64_1.2.1100.v20240722-2106\eclipse_11904.dll
0x00007ffca74a0000 - 0x00007ffca7645000 	C:\Windows\System32\ole32.dll
0x00007ffca4170000 - 0x00007ffca418b000 	C:\Windows\SYSTEM32\CRYPTSP.dll
0x00007ffca39d0000 - 0x00007ffca3a05000 	C:\Windows\system32\rsaenh.dll
0x00007ffca4000000 - 0x00007ffca4028000 	C:\Windows\SYSTEM32\USERENV.dll
0x00007ffca4160000 - 0x00007ffca416c000 	C:\Windows\SYSTEM32\CRYPTBASE.dll
0x00007ffca3460000 - 0x00007ffca348d000 	C:\Windows\SYSTEM32\IPHLPAPI.DLL
0x00007ffca6420000 - 0x00007ffca6429000 	C:\Windows\System32\NSI.dll
0x00007ffc9f3f0000 - 0x00007ffc9f409000 	C:\Windows\SYSTEM32\dhcpcsvc6.DLL
0x00007ffc9f3d0000 - 0x00007ffc9f3ef000 	C:\Windows\SYSTEM32\dhcpcsvc.DLL
0x00007ffca34d0000 - 0x00007ffca35d2000 	C:\Windows\SYSTEM32\DNSAPI.dll
0x00007ffc0b9c0000 - 0x00007ffc0ba09000 	C:\Users\yenho\AppData\Local\Temp\jna-114863977\jna13659937689561209312.dll
0x00007ffca5a80000 - 0x00007ffca5a88000 	C:\Windows\System32\PSAPI.DLL

dbghelp: loaded successfully - version: 4.0.5 - missing functions: none
symbol engine: initialized successfully - sym options: 0x614 - pdb path: .;c:\Users\yenho\.vscode\extensions\redhat.java-1.38.0-win32-x64\jre\17.0.13-win32-x86_64\bin;C:\Windows\SYSTEM32;C:\Windows\WinSxS\amd64_microsoft.windows.common-controls_6595b64144ccf1df_6.0.22621.4541_none_2710d1c57384c085;c:\Users\yenho\.vscode\extensions\redhat.java-1.38.0-win32-x64\jre\17.0.13-win32-x86_64\bin\server;C:\Users\yenho\AppData\Roaming\Code\User\globalStorage\redhat.java\1.38.0\config_win\org.eclipse.equinox.launcher\org.eclipse.equinox.launcher.win32.win32.x86_64_1.2.1100.v20240722-2106;C:\Users\yenho\AppData\Local\Temp\jna-114863977

VM Arguments:
jvm_args: --add-modules=ALL-SYSTEM --add-opens=java.base/java.util=ALL-UNNAMED --add-opens=java.base/java.lang=ALL-UNNAMED --add-opens=java.base/sun.nio.fs=ALL-UNNAMED -Declipse.application=org.eclipse.jdt.ls.core.id1 -Dosgi.bundles.defaultStartLevel=4 -Declipse.product=org.eclipse.jdt.ls.core.product -Djava.import.generatesMetadataFilesAtProjectRoot=false -DDetectVMInstallationsJob.disabled=true -Dfile.encoding=utf8 -XX:+UseParallelGC -XX:GCTimeRatio=4 -XX:AdaptiveSizePolicyWeight=90 -Dsun.zip.disableMemoryMapping=true -Xmx1G -Xms100m -Xlog:disable -javaagent:c:\Users\yenho\.vscode\extensions\redhat.java-1.38.0-win32-x64\lombok\lombok-1.18.34.jar -XX:+HeapDumpOnOutOfMemoryError -XX:HeapDumpPath=c:\Users\yenho\AppData\Roaming\Code\User\workspaceStorage\be8ad8b4014e26bb98f6d4fcdc527ed2\redhat.java -Daether.dependencyCollector.impl=bf 
java_command: c:\Users\yenho\.vscode\extensions\redhat.java-1.38.0-win32-x64\server\plugins\org.eclipse.equinox.launcher_1.6.900.v20240613-2009.jar -configuration c:\Users\yenho\AppData\Roaming\Code\User\globalStorage\redhat.java\1.38.0\config_win -data c:\Users\yenho\AppData\Roaming\Code\User\workspaceStorage\be8ad8b4014e26bb98f6d4fcdc527ed2\redhat.java\jdt_ws --pipe=\\.\pipe\lsp-741c49c1e38fd75b4bf1108dbec9c723-sock
java_class_path (initial): c:\Users\yenho\.vscode\extensions\redhat.java-1.38.0-win32-x64\server\plugins\org.eclipse.equinox.launcher_1.6.900.v20240613-2009.jar
Launcher Type: SUN_STANDARD

[Global flags]
    uintx AdaptiveSizePolicyWeight                 = 90                                        {product} {command line}
     intx CICompilerCount                          = 4                                         {product} {ergonomic}
    uintx GCTimeRatio                              = 4                                         {product} {command line}
     bool HeapDumpOnOutOfMemoryError               = true                                   {manageable} {command line}
    ccstr HeapDumpPath                             = c:\Users\yenho\AppData\Roaming\Code\User\workspaceStorage\be8ad8b4014e26bb98f6d4fcdc527ed2\redhat.java         {manageable} {command line}
   size_t InitialHeapSize                          = 104857600                                 {product} {command line}
   size_t MaxHeapSize                              = 1073741824                                {product} {command line}
   size_t MaxNewSize                               = 357564416                                 {product} {ergonomic}
   size_t MinHeapDeltaBytes                        = 524288                                    {product} {ergonomic}
   size_t MinHeapSize                              = 104857600                                 {product} {command line}
   size_t NewSize                                  = 34603008                                  {product} {ergonomic}
    uintx NonNMethodCodeHeapSize                   = 5839372                                {pd product} {ergonomic}
    uintx NonProfiledCodeHeapSize                  = 122909434                              {pd product} {ergonomic}
   size_t OldSize                                  = 70254592                                  {product} {ergonomic}
    uintx ProfiledCodeHeapSize                     = 122909434                              {pd product} {ergonomic}
    uintx ReservedCodeCacheSize                    = 251658240                              {pd product} {ergonomic}
     bool SegmentedCodeCache                       = true                                      {product} {ergonomic}
   size_t SoftMaxHeapSize                          = 1073741824                             {manageable} {ergonomic}
     bool UseCompressedClassPointers               = true                           {product lp64_product} {ergonomic}
     bool UseCompressedOops                        = true                           {product lp64_product} {ergonomic}
     bool UseLargePagesIndividualAllocation        = false                                  {pd product} {ergonomic}
     bool UseParallelGC                            = true                                      {product} {command line}

Logging:
Log output configuration:
 #0: stdout all=off uptime,level,tags
 #1: stderr all=off uptime,level,tags

Environment Variables:
JAVA_HOME=C:\Program Files\Java\jdk-17
PATH=C:\Program Files\Common Files\Oracle\Java\javapath;C:\Windows\system32;C:\Windows;C:\Windows\System32\Wbem;C:\Windows\System32\WindowsPowerShell\v1.0\;C:\Windows\System32\OpenSSH\;C:\Program Files (x86)\NVIDIA Corporation\PhysX\Common;C:\Program Files\NVIDIA Corporation\NVIDIA NvDLISR;C:\Windows\system32;C:\Windows;C:\Windows\System32\Wbem;C:\Windows\System32\WindowsPowerShell\v1.0\;C:\Windows\System32\OpenSSH\;C:\Program Files\dotnet\;C:\Program Files (x86)\Yarn\bin\;C:\Program Files\nodejs\;C:\Program Files\Java\jdk-17\bin;C:\Users\yenho\AppData\Local\Android\Sdk\platform-tools;C:\Program Files\Git\cmd;C:\Users\yenho\AppData\Local\Microsoft\WindowsApps;C:\Users\yenho\AppData\Local\Programs\Microsoft VS Code\bin;C:\Users\yenho\.dotnet\tools;C:\Users\yenho\AppData\Local\Yarn\bin;C:\Users\yenho\AppData\Roaming\npm;C:\Users\yenho\AppData\Local\GitHubDesktop\bin
USERNAME=yenho
OS=Windows_NT
PROCESSOR_IDENTIFIER=AMD64 Family 25 Model 68 Stepping 1, AuthenticAMD
TMP=C:\Users\yenho\AppData\Local\Temp
TEMP=C:\Users\yenho\AppData\Local\Temp



Periodic native trim disabled


---------------  S Y S T E M  ---------------

OS:
 Windows 11 , 64 bit Build 22621 (10.0.22621.4391)
OS uptime: 0 days 1:05 hours
Hyper-V role detected

CPU: total 12 (initial active 12) (12 cores per cpu, 2 threads per core) family 25 model 68 stepping 1 microcode 0x0, cx8, cmov, fxsr, ht, mmx, 3dnowpref, sse, sse2, sse3, ssse3, sse4a, sse4.1, sse4.2, popcnt, lzcnt, tsc, tscinvbit, avx, avx2, aes, erms, clmul, bmi1, bmi2, adx, sha, fma, vzeroupper, clflush, clflushopt, hv
Processor Information for processor 0
  Max Mhz: 3301, Current Mhz: 3301, Mhz Limit: 3301
Processor Information for processor 1
  Max Mhz: 3301, Current Mhz: 3301, Mhz Limit: 3301
Processor Information for processor 2
  Max Mhz: 3301, Current Mhz: 3301, Mhz Limit: 3301
Processor Information for processor 3
  Max Mhz: 3301, Current Mhz: 3301, Mhz Limit: 3301
Processor Information for processor 4
  Max Mhz: 3301, Current Mhz: 3301, Mhz Limit: 3301
Processor Information for processor 5
  Max Mhz: 3301, Current Mhz: 3301, Mhz Limit: 3301
Processor Information for processor 6
  Max Mhz: 3301, Current Mhz: 3301, Mhz Limit: 3301
Processor Information for processor 7
  Max Mhz: 3301, Current Mhz: 3301, Mhz Limit: 3301
Processor Information for processor 8
  Max Mhz: 3301, Current Mhz: 3301, Mhz Limit: 3301
Processor Information for processor 9
  Max Mhz: 3301, Current Mhz: 2024, Mhz Limit: 3301
Processor Information for processor 10
  Max Mhz: 3301, Current Mhz: 3301, Mhz Limit: 3301
Processor Information for processor 11
  Max Mhz: 3301, Current Mhz: 3301, Mhz Limit: 3301

Memory: 4k page, system-wide physical 7365M (252M free)
TotalPageFile size 29893M (AvailPageFile size 9M)
current process WorkingSet (physical memory assigned to process): 177M, peak: 185M
current process commit charge ("private bytes"): 275M, peak: 284M

vm_info: OpenJDK 64-Bit Server VM (17.0.13+11) for windows-amd64 JRE (17.0.13+11), built on Oct 16 2024 00:10:08 by "admin" with MS VC++ 17.7 (VS2022)

END.
