#
# There is insufficient memory for the Java Runtime Environment to continue.
# Native memory allocation (malloc) failed to allocate 1563776 bytes. Error detail: Chunk::new
# Possible reasons:
#   The system is out of physical RAM or swap space
#   This process is running with CompressedOops enabled, and the Java Heap may be blocking the growth of the native heap
# Possible solutions:
#   Reduce memory load on the system
#   Increase physical memory or swap space
#   Check if swap backing store is full
#   Decrease Java heap size (-Xmx/-Xms)
#   Decrease number of Java threads
#   Decrease Java thread stack sizes (-Xss)
#   Set larger code cache with -XX:ReservedCodeCacheSize=
#   JVM is running with Unscaled Compressed Oops mode in which the Java heap is
#     placed in the first 4GB address space. The Java Heap base address is the
#     maximum limit for the native heap growth. Please use -XX:HeapBaseMinAddress
#     to set the Java Heap base and to place the Java Heap above 4GB virtual address.
# This output file may be truncated or incomplete.
#
#  Out of Memory Error (arena.cpp:191), pid=17612, tid=23148
#
# JRE version: OpenJDK Runtime Environment Temurin-17.0.13+11 (17.0.13+11) (build 17.0.13+11)
# Java VM: OpenJDK 64-Bit Server VM Temurin-17.0.13+11 (17.0.13+11, mixed mode, tiered, compressed oops, compressed class ptrs, parallel gc, windows-amd64)
# No core dump will be written. Minidumps are not enabled by default on client versions of Windows
#

---------------  S U M M A R Y ------------

Command Line: --add-modules=ALL-SYSTEM --add-opens=java.base/java.util=ALL-UNNAMED --add-opens=java.base/java.lang=ALL-UNNAMED --add-opens=java.base/sun.nio.fs=ALL-UNNAMED -Declipse.application=org.eclipse.jdt.ls.core.id1 -Dosgi.bundles.defaultStartLevel=4 -Declipse.product=org.eclipse.jdt.ls.core.product -Djava.import.generatesMetadataFilesAtProjectRoot=false -DDetectVMInstallationsJob.disabled=true -Dfile.encoding=utf8 -XX:+UseParallelGC -XX:GCTimeRatio=4 -XX:AdaptiveSizePolicyWeight=90 -Dsun.zip.disableMemoryMapping=true -Xmx1G -Xms100m -Xlog:disable -javaagent:c:\Users\yenho\.vscode\extensions\redhat.java-1.38.0-win32-x64\lombok\lombok-1.18.34.jar -XX:+HeapDumpOnOutOfMemoryError -XX:HeapDumpPath=c:\Users\yenho\AppData\Roaming\Code\User\workspaceStorage\be8ad8b4014e26bb98f6d4fcdc527ed2\redhat.java -Daether.dependencyCollector.impl=bf c:\Users\yenho\.vscode\extensions\redhat.java-1.38.0-win32-x64\server\plugins\org.eclipse.equinox.launcher_1.6.900.v20240613-2009.jar -configuration c:\Users\yenho\AppData\Roaming\Code\User\globalStorage\redhat.java\1.38.0\config_win -data c:\Users\yenho\AppData\Roaming\Code\User\workspaceStorage\be8ad8b4014e26bb98f6d4fcdc527ed2\redhat.java\jdt_ws --pipe=\\.\pipe\lsp-4f69500348f6b0ad24305e8394313c14-sock

Host: AMD Ryzen 5 7535HS with Radeon Graphics        , 12 cores, 7G,  Windows 11 , 64 bit Build 22621 (10.0.22621.4391)
Time: Thu Jan  9 14:31:44 2025 SE Asia Standard Time elapsed time: 6.603455 seconds (0d 0h 0m 6s)

---------------  T H R E A D  ---------------

Current thread (0x000001efe42b4f40):  JavaThread "C2 CompilerThread1" daemon [_thread_in_native, id=23148, stack(0x0000005e73b00000,0x0000005e73c00000)]


Current CompileTask:
C2:   6603 7682   !   4       org.eclipse.jdt.internal.compiler.classfmt.ClassFileReader::<init> (2119 bytes)

Stack: [0x0000005e73b00000,0x0000005e73c00000]
Native frames: (J=compiled Java code, j=interpreted, Vv=VM code, C=native code)
V  [jvm.dll+0x682a19]
V  [jvm.dll+0x839538]
V  [jvm.dll+0x83afe3]
V  [jvm.dll+0x83b653]
V  [jvm.dll+0x24704f]
V  [jvm.dll+0xace34]
V  [jvm.dll+0xad4cc]
V  [jvm.dll+0x2ac84f]
V  [jvm.dll+0x588a79]
V  [jvm.dll+0x220ea2]
V  [jvm.dll+0x22129f]
V  [jvm.dll+0x21a2b0]
V  [jvm.dll+0x21738b]
V  [jvm.dll+0x1a3070]
V  [jvm.dll+0x22788c]
V  [jvm.dll+0x2259eb]
V  [jvm.dll+0x7eec98]
V  [jvm.dll+0x7e8ffc]
V  [jvm.dll+0x6818f7]
C  [ucrtbase.dll+0x29333]
C  [KERNEL32.DLL+0x1259d]
C  [ntdll.dll+0x5af38]


---------------  P R O C E S S  ---------------

Threads class SMR info:
_java_thread_list=0x000001efe77784d0, length=79, elements={
0x000001efc962b960, 0x000001efdd4b4030, 0x000001efdd4b5650, 0x000001efdd4b6ed0,
0x000001efe25f9020, 0x000001efe25f9b50, 0x000001efe25faf50, 0x000001efe2602680,
0x000001efe26070c0, 0x000001efe2610290, 0x000001efe2728380, 0x000001efe293ccf0,
0x000001efe42f46a0, 0x000001efe42b4f40, 0x000001efe4a0b530, 0x000001efe42ae490,
0x000001efe49d1dd0, 0x000001efe4ff7230, 0x000001efe4807400, 0x000001efe48069e0,
0x000001efe4804670, 0x000001efe48055a0, 0x000001efe4803c50, 0x000001efe4806ef0,
0x000001efe4804b80, 0x000001efe4805090, 0x000001efe4805ab0, 0x000001efe4805fc0,
0x000001efe6207330, 0x000001efe6208260, 0x000001efe6206910, 0x000001efe6206400,
0x000001efe6204fc0, 0x000001efe6206e20, 0x000001efe6207840, 0x000001efe620c430,
0x000001efe6207d50, 0x000001efe6208770, 0x000001efe6208c80, 0x000001efe6209190,
0x000001efe62096a0, 0x000001efe620a0c0, 0x000001efe620a5d0, 0x000001efe620aae0,
0x000001efe62059e0, 0x000001efe620aff0, 0x000001efe620bf20, 0x000001efe620ba10,
0x000001efe620c940, 0x000001efe62054d0, 0x000001efe6205ef0, 0x000001efe4804160,
0x000001efe77b8530, 0x000001efe77bb2c0, 0x000001efe77b9460, 0x000001efe77b9970,
0x000001efe77b5cb0, 0x000001efe77badb0, 0x000001efe77b3e50, 0x000001efe77b8f50,
0x000001efe77bb7d0, 0x000001efe77ba8a0, 0x000001efe77b4870, 0x000001efe77b57a0,
0x000001efe77b4360, 0x000001efe77b8a40, 0x000001efe77b4d80, 0x000001efe77b9e80,
0x000001efe77b61c0, 0x000001efe77b7600, 0x000001efe77b66d0, 0x000001efe77b70f0,
0x000001efe77b7b10, 0x000001efe77b8020, 0x000001efe77ba390, 0x000001efe66260b0,
0x000001efe66219d0, 0x000001efe6624250, 0x000001efe66265c0
}

Java Threads: ( => current thread )
  0x000001efc962b960 JavaThread "main" [_thread_blocked, id=13008, stack(0x0000005e72600000,0x0000005e72700000)]
  0x000001efdd4b4030 JavaThread "Reference Handler" daemon [_thread_blocked, id=10224, stack(0x0000005e72900000,0x0000005e72a00000)]
  0x000001efdd4b5650 JavaThread "Finalizer" daemon [_thread_blocked, id=18660, stack(0x0000005e72a00000,0x0000005e72b00000)]
  0x000001efdd4b6ed0 JavaThread "Signal Dispatcher" daemon [_thread_blocked, id=24504, stack(0x0000005e72b00000,0x0000005e72c00000)]
  0x000001efe25f9020 JavaThread "Attach Listener" daemon [_thread_blocked, id=6432, stack(0x0000005e72c00000,0x0000005e72d00000)]
  0x000001efe25f9b50 JavaThread "Service Thread" daemon [_thread_blocked, id=17536, stack(0x0000005e72d00000,0x0000005e72e00000)]
  0x000001efe25faf50 JavaThread "Monitor Deflation Thread" daemon [_thread_blocked, id=22468, stack(0x0000005e72e00000,0x0000005e72f00000)]
  0x000001efe2602680 JavaThread "C2 CompilerThread0" daemon [_thread_in_native, id=16392, stack(0x0000005e72f00000,0x0000005e73000000)]
  0x000001efe26070c0 JavaThread "C1 CompilerThread0" daemon [_thread_in_native, id=3268, stack(0x0000005e73000000,0x0000005e73100000)]
  0x000001efe2610290 JavaThread "Sweeper thread" daemon [_thread_blocked, id=17556, stack(0x0000005e73100000,0x0000005e73200000)]
  0x000001efe2728380 JavaThread "Common-Cleaner" daemon [_thread_blocked, id=7880, stack(0x0000005e73200000,0x0000005e73300000)]
  0x000001efe293ccf0 JavaThread "Notification Thread" daemon [_thread_blocked, id=17524, stack(0x0000005e73300000,0x0000005e73400000)]
  0x000001efe42f46a0 JavaThread "Active Thread: Equinox Container: f9676ce5-16fb-429a-abdf-e7c905c7cf0c" [_thread_blocked, id=14184, stack(0x0000005e73a00000,0x0000005e73b00000)]
=>0x000001efe42b4f40 JavaThread "C2 CompilerThread1" daemon [_thread_in_native, id=23148, stack(0x0000005e73b00000,0x0000005e73c00000)]
  0x000001efe4a0b530 JavaThread "Refresh Thread: Equinox Container: f9676ce5-16fb-429a-abdf-e7c905c7cf0c" daemon [_thread_blocked, id=24036, stack(0x0000005e73c00000,0x0000005e73d00000)]
  0x000001efe42ae490 JavaThread "Framework Event Dispatcher: Equinox Container: f9676ce5-16fb-429a-abdf-e7c905c7cf0c" daemon [_thread_blocked, id=16560, stack(0x0000005e73d00000,0x0000005e73e00000)]
  0x000001efe49d1dd0 JavaThread "Start Level: Equinox Container: f9676ce5-16fb-429a-abdf-e7c905c7cf0c" daemon [_thread_blocked, id=24068, stack(0x0000005e73e00000,0x0000005e73f00000)]
  0x000001efe4ff7230 JavaThread "Bundle File Closer" daemon [_thread_blocked, id=19300, stack(0x0000005e74100000,0x0000005e74200000)]
  0x000001efe4807400 JavaThread "SCR Component Actor" daemon [_thread_blocked, id=18940, stack(0x0000005e74300000,0x0000005e74400000)]
  0x000001efe48069e0 JavaThread "SCR Component Registry" daemon [_thread_blocked, id=20180, stack(0x0000005e74400000,0x0000005e74500000)]
  0x000001efe4804670 JavaThread "Worker-JM" [_thread_blocked, id=7636, stack(0x0000005e74600000,0x0000005e74700000)]
  0x000001efe48055a0 JavaThread "JNA Cleaner" daemon [_thread_blocked, id=9656, stack(0x0000005e74700000,0x0000005e74800000)]
  0x000001efe4803c50 JavaThread "Worker-0" [_thread_blocked, id=3564, stack(0x0000005e74800000,0x0000005e74900000)]
  0x000001efe4806ef0 JavaThread "Worker-1: Updating Maven Dependencies" [_thread_blocked, id=7484, stack(0x0000005e74900000,0x0000005e74a00000)]
  0x000001efe4804b80 JavaThread "Java indexing" daemon [_thread_in_Java, id=8960, stack(0x0000005e74a00000,0x0000005e74b00000)]
  0x000001efe4805090 JavaThread "Thread-2" daemon [_thread_in_native, id=22660, stack(0x0000005e74b00000,0x0000005e74c00000)]
  0x000001efe4805ab0 JavaThread "Thread-3" daemon [_thread_in_native, id=2312, stack(0x0000005e74c00000,0x0000005e74d00000)]
  0x000001efe4805fc0 JavaThread "Thread-4" daemon [_thread_in_native, id=21112, stack(0x0000005e74d00000,0x0000005e74e00000)]
  0x000001efe6207330 JavaThread "Thread-5" daemon [_thread_in_native, id=19152, stack(0x0000005e74e00000,0x0000005e74f00000)]
  0x000001efe6208260 JavaThread "Thread-6" daemon [_thread_in_native, id=2588, stack(0x0000005e74f00000,0x0000005e75000000)]
  0x000001efe6206910 JavaThread "Thread-7" daemon [_thread_in_native, id=11336, stack(0x0000005e75000000,0x0000005e75100000)]
  0x000001efe6206400 JavaThread "Thread-8" daemon [_thread_in_native, id=17568, stack(0x0000005e75100000,0x0000005e75200000)]
  0x000001efe6204fc0 JavaThread "Thread-9" daemon [_thread_in_native, id=20188, stack(0x0000005e75200000,0x0000005e75300000)]
  0x000001efe6206e20 JavaThread "Thread-10" daemon [_thread_in_native, id=14808, stack(0x0000005e75300000,0x0000005e75400000)]
  0x000001efe6207840 JavaThread "Thread-11" daemon [_thread_in_native, id=24320, stack(0x0000005e75400000,0x0000005e75500000)]
  0x000001efe620c430 JavaThread "Thread-12" daemon [_thread_in_native, id=2228, stack(0x0000005e75500000,0x0000005e75600000)]
  0x000001efe6207d50 JavaThread "Thread-13" daemon [_thread_in_native, id=20956, stack(0x0000005e75600000,0x0000005e75700000)]
  0x000001efe6208770 JavaThread "Thread-14" daemon [_thread_in_native, id=7652, stack(0x0000005e75700000,0x0000005e75800000)]
  0x000001efe6208c80 JavaThread "Worker-2" [_thread_blocked, id=4148, stack(0x0000005e75800000,0x0000005e75900000)]
  0x000001efe6209190 JavaThread "pool-2-thread-1" [_thread_blocked, id=15892, stack(0x0000005e75900000,0x0000005e75a00000)]
  0x000001efe62096a0 JavaThread "Worker-3" [_thread_blocked, id=23656, stack(0x0000005e75a00000,0x0000005e75b00000)]
  0x000001efe620a0c0 JavaThread "Worker-4: Java indexing... " [_thread_blocked, id=12928, stack(0x0000005e75b00000,0x0000005e75c00000)]
  0x000001efe620a5d0 JavaThread "WorkspaceEventsHandler" [_thread_blocked, id=21488, stack(0x0000005e75c00000,0x0000005e75d00000)]
  0x000001efe620aae0 JavaThread "pool-1-thread-1" [_thread_blocked, id=7140, stack(0x0000005e75d00000,0x0000005e75e00000)]
  0x000001efe62059e0 JavaThread "Worker-5: Building" [_thread_blocked, id=17680, stack(0x0000005e75e00000,0x0000005e75f00000)]
  0x000001efe620aff0 JavaThread "Worker-6" [_thread_blocked, id=11192, stack(0x0000005e75f00000,0x0000005e76000000)]
  0x000001efe620bf20 JavaThread "LocalFile Deleter" daemon [_thread_blocked, id=13468, stack(0x0000005e76000000,0x0000005e76100000)]
  0x000001efe620ba10 JavaThread "LocalFile Deleter" daemon [_thread_blocked, id=20912, stack(0x0000005e76100000,0x0000005e76200000)]
  0x000001efe620c940 JavaThread "LocalFile Deleter" daemon [_thread_blocked, id=15168, stack(0x0000005e76200000,0x0000005e76300000)]
  0x000001efe62054d0 JavaThread "LocalFile Deleter" daemon [_thread_blocked, id=13576, stack(0x0000005e76300000,0x0000005e76400000)]
  0x000001efe6205ef0 JavaThread "LocalFile Deleter" daemon [_thread_blocked, id=21392, stack(0x0000005e76400000,0x0000005e76500000)]
  0x000001efe4804160 JavaThread "LocalFile Deleter" daemon [_thread_blocked, id=1004, stack(0x0000005e76500000,0x0000005e76600000)]
  0x000001efe77b8530 JavaThread "LocalFile Deleter" daemon [_thread_blocked, id=2060, stack(0x0000005e76600000,0x0000005e76700000)]
  0x000001efe77bb2c0 JavaThread "LocalFile Deleter" daemon [_thread_blocked, id=22120, stack(0x0000005e76700000,0x0000005e76800000)]
  0x000001efe77b9460 JavaThread "LocalFile Deleter" daemon [_thread_blocked, id=5428, stack(0x0000005e76800000,0x0000005e76900000)]
  0x000001efe77b9970 JavaThread "LocalFile Deleter" daemon [_thread_blocked, id=7540, stack(0x0000005e76900000,0x0000005e76a00000)]
  0x000001efe77b5cb0 JavaThread "LocalFile Deleter" daemon [_thread_blocked, id=14188, stack(0x0000005e76a00000,0x0000005e76b00000)]
  0x000001efe77badb0 JavaThread "LocalFile Deleter" daemon [_thread_blocked, id=18756, stack(0x0000005e76b00000,0x0000005e76c00000)]
  0x000001efe77b3e50 JavaThread "Compiler Source File Reader" daemon [_thread_blocked, id=11892, stack(0x0000005e76c00000,0x0000005e76d00000)]
  0x000001efe77b8f50 JavaThread "Compiler Source File Reader" daemon [_thread_blocked, id=12800, stack(0x0000005e76d00000,0x0000005e76e00000)]
  0x000001efe77bb7d0 JavaThread "Compiler Source File Reader" daemon [_thread_blocked, id=19520, stack(0x0000005e76e00000,0x0000005e76f00000)]
  0x000001efe77ba8a0 JavaThread "Compiler Source File Reader" daemon [_thread_blocked, id=17696, stack(0x0000005e76f00000,0x0000005e77000000)]
  0x000001efe77b4870 JavaThread "Compiler Source File Reader" daemon [_thread_blocked, id=23512, stack(0x0000005e77000000,0x0000005e77100000)]
  0x000001efe77b57a0 JavaThread "Compiler Source File Reader" daemon [_thread_blocked, id=16192, stack(0x0000005e77100000,0x0000005e77200000)]
  0x000001efe77b4360 JavaThread "Compiler Source File Reader" daemon [_thread_blocked, id=9360, stack(0x0000005e77200000,0x0000005e77300000)]
  0x000001efe77b8a40 JavaThread "Compiler Source File Reader" daemon [_thread_blocked, id=17704, stack(0x0000005e77300000,0x0000005e77400000)]
  0x000001efe77b4d80 JavaThread "Compiler Source File Reader" daemon [_thread_blocked, id=16656, stack(0x0000005e77400000,0x0000005e77500000)]
  0x000001efe77b9e80 JavaThread "Compiler Source File Reader" daemon [_thread_blocked, id=17692, stack(0x0000005e77500000,0x0000005e77600000)]
  0x000001efe77b61c0 JavaThread "Compiler Processing Task" daemon [_thread_in_Java, id=20792, stack(0x0000005e77600000,0x0000005e77700000)]
  0x000001efe77b7600 JavaThread "Compiler Class File Writer" daemon [_thread_blocked, id=17720, stack(0x0000005e77700000,0x0000005e77800000)]
  0x000001efe77b66d0 JavaThread "Compiler Class File Writer" daemon [_thread_blocked, id=19060, stack(0x0000005e77800000,0x0000005e77900000)]
  0x000001efe77b70f0 JavaThread "Compiler Class File Writer" daemon [_thread_blocked, id=19108, stack(0x0000005e77900000,0x0000005e77a00000)]
  0x000001efe77b7b10 JavaThread "Compiler Class File Writer" daemon [_thread_blocked, id=17228, stack(0x0000005e77a00000,0x0000005e77b00000)]
  0x000001efe77b8020 JavaThread "Compiler Class File Writer" daemon [_thread_blocked, id=14260, stack(0x0000005e77b00000,0x0000005e77c00000)]
  0x000001efe77ba390 JavaThread "Compiler Class File Writer" daemon [_thread_blocked, id=9516, stack(0x0000005e77c00000,0x0000005e77d00000)]
  0x000001efe66260b0 JavaThread "Compiler Class File Writer" daemon [_thread_blocked, id=24216, stack(0x0000005e77d00000,0x0000005e77e00000)]
  0x000001efe66219d0 JavaThread "Compiler Class File Writer" daemon [_thread_blocked, id=20500, stack(0x0000005e77e00000,0x0000005e77f00000)]
  0x000001efe6624250 JavaThread "Compiler Class File Writer" daemon [_thread_blocked, id=20472, stack(0x0000005e77f00000,0x0000005e78000000)]
  0x000001efe66265c0 JavaThread "Compiler Class File Writer" daemon [_thread_blocked, id=20056, stack(0x0000005e78000000,0x0000005e78100000)]

Other Threads:
  0x000001efe25d4870 VMThread "VM Thread" [stack: 0x0000005e72800000,0x0000005e72900000] [id=10256]
  0x000001efe294ea60 WatcherThread [stack: 0x0000005e73400000,0x0000005e73500000] [id=10888]
  0x000001efc9642d50 GCTaskThread "GC Thread#0" [stack: 0x0000005e72700000,0x0000005e72800000] [id=16832]
  0x000001efe4235150 GCTaskThread "GC Thread#1" [stack: 0x0000005e73500000,0x0000005e73600000] [id=14000]
  0x000001efe44793e0 GCTaskThread "GC Thread#2" [stack: 0x0000005e73600000,0x0000005e73700000] [id=24456]
  0x000001efe44796a0 GCTaskThread "GC Thread#3" [stack: 0x0000005e73700000,0x0000005e73800000] [id=3820]
  0x000001efe4479960 GCTaskThread "GC Thread#4" [stack: 0x0000005e73800000,0x0000005e73900000] [id=23576]
  0x000001efe4479c20 GCTaskThread "GC Thread#5" [stack: 0x0000005e73900000,0x0000005e73a00000] [id=17056]
  0x000001efe4857c40 GCTaskThread "GC Thread#6" [stack: 0x0000005e73f00000,0x0000005e74000000] [id=20212]
  0x000001efe49d22b0 GCTaskThread "GC Thread#7" [stack: 0x0000005e74000000,0x0000005e74100000] [id=19940]
  0x000001efe50d4210 GCTaskThread "GC Thread#8" [stack: 0x0000005e74200000,0x0000005e74300000] [id=23624]
  0x000001efe44d3550 GCTaskThread "GC Thread#9" [stack: 0x0000005e74500000,0x0000005e74600000] [id=20164]

Threads with active compile tasks:
C2 CompilerThread0     6630 7466       4       org.lombokweb.asm.ClassReader::readMethod (1066 bytes)
C1 CompilerThread0     6630 8139       2       org.eclipse.jdt.internal.compiler.lookup.PackageBinding::getType (104 bytes)
C2 CompilerThread1     6630 7682   !   4       org.eclipse.jdt.internal.compiler.classfmt.ClassFileReader::<init> (2119 bytes)

VM state: not at safepoint (normal execution)

VM Mutex/Monitor currently owned by a thread: None

Heap address: 0x00000000c0000000, size: 1024 MB, Compressed Oops mode: 32-bit

CDS archive(s) not mapped
Compressed class space mapped at: 0x0000000100000000-0x0000000140000000, reserved size: 1073741824
Narrow klass base: 0x0000000000000000, Narrow klass shift: 3, Narrow klass range: 0x140000000

GC Precious Log:
 CPUs: 12 total, 12 available
 Memory: 7365M
 Large Page Support: Disabled
 NUMA Support: Disabled
 Compressed Oops: Enabled (32-bit)
 Alignments: Space 512K, Generation 512K, Heap 2M
 Heap Min Capacity: 100M
 Heap Initial Capacity: 100M
 Heap Max Capacity: 1G
 Pre-touch: Disabled
 Parallel Workers: 10

Heap:
 PSYoungGen      total 11264K, used 8310K [0x00000000eab00000, 0x00000000eb900000, 0x0000000100000000)
  eden space 9216K, 68% used [0x00000000eab00000,0x00000000eb11fc48,0x00000000eb400000)
  from space 2048K, 99% used [0x00000000eb500000,0x00000000eb6fdc60,0x00000000eb700000)
  to   space 2048K, 0% used [0x00000000eb700000,0x00000000eb700000,0x00000000eb900000)
 ParOldGen       total 119808K, used 114391K [0x00000000c0000000, 0x00000000c7500000, 0x00000000eab00000)
  object space 119808K, 95% used [0x00000000c0000000,0x00000000c6fb5dd0,0x00000000c7500000)
 Metaspace       used 61829K, committed 62912K, reserved 1114112K
  class space    used 6540K, committed 6976K, reserved 1048576K

Card table byte_map: [0x000001efc8fc0000,0x000001efc91d0000] _byte_map_base: 0x000001efc89c0000

Marking Bits: (ParMarkBitMap*) 0x00007ffc36006940
 Begin Bits: [0x000001efdb2c0000, 0x000001efdc2c0000)
 End Bits:   [0x000001efdc2c0000, 0x000001efdd2c0000)

Polling page: 0x000001efc7590000

Metaspace:

Usage:
  Non-class:     53.99 MB used.
      Class:      6.39 MB used.
       Both:     60.38 MB used.

Virtual space:
  Non-class space:       64.00 MB reserved,      54.62 MB ( 85%) committed,  1 nodes.
      Class space:        1.00 GB reserved,       6.81 MB ( <1%) committed,  1 nodes.
             Both:        1.06 GB reserved,      61.44 MB (  6%) committed. 

Chunk freelists:
   Non-Class:  8.72 MB
       Class:  9.23 MB
        Both:  17.96 MB

MaxMetaspaceSize: unlimited
CompressedClassSpaceSize: 1.00 GB
Initial GC threshold: 21.00 MB
Current GC threshold: 98.38 MB
CDS: off
MetaspaceReclaimPolicy: balanced
 - commit_granule_bytes: 65536.
 - commit_granule_words: 8192.
 - virtual_space_node_default_size: 8388608.
 - enlarge_chunks_in_place: 1.
 - new_chunks_are_fully_committed: 0.
 - uncommit_free_chunks: 1.
 - use_allocation_guard: 0.
 - handle_deallocations: 1.


Internal statistics:

num_allocs_failed_limit: 6.
num_arena_births: 658.
num_arena_deaths: 24.
num_vsnodes_births: 2.
num_vsnodes_deaths: 0.
num_space_committed: 983.
num_space_uncommitted: 0.
num_chunks_returned_to_freelist: 32.
num_chunks_taken_from_freelist: 3191.
num_chunk_merges: 8.
num_chunk_splits: 1943.
num_chunks_enlarged: 1078.
num_inconsistent_stats: 0.

CodeHeap 'non-profiled nmethods': size=120000Kb used=2715Kb max_used=2715Kb free=117285Kb
 bounds [0x000001efd3d90000, 0x000001efd4040000, 0x000001efdb2c0000]
CodeHeap 'profiled nmethods': size=120000Kb used=14716Kb max_used=14716Kb free=105283Kb
 bounds [0x000001efcc2c0000, 0x000001efcd120000, 0x000001efd37f0000]
CodeHeap 'non-nmethods': size=5760Kb used=1349Kb max_used=1396Kb free=4410Kb
 bounds [0x000001efd37f0000, 0x000001efd3a60000, 0x000001efd3d90000]
 total_blobs=7784 nmethods=7092 adapters=606
 compilation: enabled
              stopped_count=0, restarted_count=0
 full_count=0

Compilation events (20 events):
Event: 6.594 Thread 0x000001efe26070c0 nmethod 8058 0x000001efcd0eb710 code [0x000001efcd0eb900, 0x000001efcd0ebde8]
Event: 6.594 Thread 0x000001efe26070c0 8057       2       org.eclipse.jdt.internal.compiler.lookup.PackageBinding::addType (247 bytes)
Event: 6.595 Thread 0x000001efe26070c0 nmethod 8057 0x000001efcd0ec190 code [0x000001efcd0ec400, 0x000001efcd0ecb98]
Event: 6.595 Thread 0x000001efe26070c0 8063 %     3       java.lang.Class::searchFields @ 8 (43 bytes)
Event: 6.596 Thread 0x000001efe26070c0 nmethod 8063% 0x000001efcd0ed110 code [0x000001efcd0ed2e0, 0x000001efcd0ed608]
Event: 6.596 Thread 0x000001efe26070c0 8064       2       org.eclipse.jdt.internal.compiler.lookup.MethodBinding::isConstructor (14 bytes)
Event: 6.596 Thread 0x000001efe26070c0 nmethod 8064 0x000001efcd0ed790 code [0x000001efcd0ed920, 0x000001efcd0eda78]
Event: 6.596 Thread 0x000001efe26070c0 8059       2       org.eclipse.jdt.internal.compiler.lookup.Binding::initializeDeprecatedAnnotationTagBits (1 bytes)
Event: 6.596 Thread 0x000001efe26070c0 nmethod 8059 0x000001efcd0edb10 code [0x000001efcd0edca0, 0x000001efcd0edd98]
Event: 6.596 Thread 0x000001efe26070c0 8016       1       org.eclipse.jdt.internal.compiler.problem.ProblemHandler::resumeTempErrorHandlingPolicy (6 bytes)
Event: 6.596 Thread 0x000001efe26070c0 nmethod 8016 0x000001efd4034b10 code [0x000001efd4034ca0, 0x000001efd4034d78]
Event: 6.596 Thread 0x000001efe26070c0 8067       2       org.eclipse.core.internal.jobs.DeadlockDetector::reduceGraph (509 bytes)
Event: 6.598 Thread 0x000001efe26070c0 nmethod 8067 0x000001efcd0ede10 code [0x000001efcd0ee0e0, 0x000001efcd0ef008]
Event: 6.598 Thread 0x000001efe26070c0 8068       3       java.lang.AbstractStringBuilder::append (22 bytes)
Event: 6.598 Thread 0x000001efe26070c0 nmethod 8068 0x000001efcd0efa90 code [0x000001efcd0efc40, 0x000001efcd0efdf8]
Event: 6.598 Thread 0x000001efe26070c0 8069 %     3       java.util.IdentityHashMap::resize @ 58 (153 bytes)
Event: 6.599 Thread 0x000001efe26070c0 nmethod 8069% 0x000001efcd0eff10 code [0x000001efcd0f0160, 0x000001efcd0f0eb8]
Event: 6.599 Thread 0x000001efe26070c0 8070       3       org.eclipse.jdt.internal.compiler.lookup.TypeSystem$HashedParameterizedTypes::get (249 bytes)
Event: 6.600 Thread 0x000001efe26070c0 nmethod 8070 0x000001efcd0f1310 code [0x000001efcd0f15a0, 0x000001efcd0f2668]
Event: 6.600 Thread 0x000001efe26070c0 8076 %     3       org.eclipse.jdt.core.compiler.CharOperation::indexOf @ 126 (270 bytes)

GC Heap History (20 events):
Event: 6.184 GC heap before
{Heap before GC invocations=45 (full 4):
 PSYoungGen      total 18944K, used 15872K [0x00000000eab00000, 0x00000000ec080000, 0x0000000100000000)
  eden space 15872K, 100% used [0x00000000eab00000,0x00000000eba80000,0x00000000eba80000)
  from space 3072K, 0% used [0x00000000ebd80000,0x00000000ebd80000,0x00000000ec080000)
  to   space 3072K, 0% used [0x00000000eba80000,0x00000000eba80000,0x00000000ebd80000)
 ParOldGen       total 119808K, used 91670K [0x00000000c0000000, 0x00000000c7500000, 0x00000000eab00000)
  object space 119808K, 76% used [0x00000000c0000000,0x00000000c5985a08,0x00000000c7500000)
 Metaspace       used 59604K, committed 60736K, reserved 1114112K
  class space    used 6332K, committed 6784K, reserved 1048576K
}
Event: 6.186 GC heap after
{Heap after GC invocations=45 (full 4):
 PSYoungGen      total 17920K, used 1802K [0x00000000eab00000, 0x00000000ebf80000, 0x0000000100000000)
  eden space 15872K, 0% used [0x00000000eab00000,0x00000000eab00000,0x00000000eba80000)
  from space 2048K, 88% used [0x00000000eba80000,0x00000000ebc42a60,0x00000000ebc80000)
  to   space 2560K, 0% used [0x00000000ebd00000,0x00000000ebd00000,0x00000000ebf80000)
 ParOldGen       total 119808K, used 91670K [0x00000000c0000000, 0x00000000c7500000, 0x00000000eab00000)
  object space 119808K, 76% used [0x00000000c0000000,0x00000000c5985a08,0x00000000c7500000)
 Metaspace       used 59604K, committed 60736K, reserved 1114112K
  class space    used 6332K, committed 6784K, reserved 1048576K
}
Event: 6.241 GC heap before
{Heap before GC invocations=46 (full 4):
 PSYoungGen      total 17920K, used 17674K [0x00000000eab00000, 0x00000000ebf80000, 0x0000000100000000)
  eden space 15872K, 100% used [0x00000000eab00000,0x00000000eba80000,0x00000000eba80000)
  from space 2048K, 88% used [0x00000000eba80000,0x00000000ebc42a60,0x00000000ebc80000)
  to   space 2560K, 0% used [0x00000000ebd00000,0x00000000ebd00000,0x00000000ebf80000)
 ParOldGen       total 119808K, used 91670K [0x00000000c0000000, 0x00000000c7500000, 0x00000000eab00000)
  object space 119808K, 76% used [0x00000000c0000000,0x00000000c5985a08,0x00000000c7500000)
 Metaspace       used 60323K, committed 61440K, reserved 1114112K
  class space    used 6410K, committed 6848K, reserved 1048576K
}
Event: 6.244 GC heap after
{Heap after GC invocations=46 (full 4):
 PSYoungGen      total 15872K, used 2532K [0x00000000eab00000, 0x00000000ec480000, 0x0000000100000000)
  eden space 13312K, 0% used [0x00000000eab00000,0x00000000eab00000,0x00000000eb800000)
  from space 2560K, 98% used [0x00000000ebd00000,0x00000000ebf790d8,0x00000000ebf80000)
  to   space 5120K, 0% used [0x00000000eb800000,0x00000000eb800000,0x00000000ebd00000)
 ParOldGen       total 119808K, used 93539K [0x00000000c0000000, 0x00000000c7500000, 0x00000000eab00000)
  object space 119808K, 78% used [0x00000000c0000000,0x00000000c5b58e78,0x00000000c7500000)
 Metaspace       used 60323K, committed 61440K, reserved 1114112K
  class space    used 6410K, committed 6848K, reserved 1048576K
}
Event: 6.301 GC heap before
{Heap before GC invocations=47 (full 4):
 PSYoungGen      total 15872K, used 15844K [0x00000000eab00000, 0x00000000ec480000, 0x0000000100000000)
  eden space 13312K, 100% used [0x00000000eab00000,0x00000000eb800000,0x00000000eb800000)
  from space 2560K, 98% used [0x00000000ebd00000,0x00000000ebf790d8,0x00000000ebf80000)
  to   space 5120K, 0% used [0x00000000eb800000,0x00000000eb800000,0x00000000ebd00000)
 ParOldGen       total 119808K, used 93539K [0x00000000c0000000, 0x00000000c7500000, 0x00000000eab00000)
  object space 119808K, 78% used [0x00000000c0000000,0x00000000c5b58e78,0x00000000c7500000)
 Metaspace       used 60513K, committed 61632K, reserved 1114112K
  class space    used 6421K, committed 6848K, reserved 1048576K
}
Event: 6.304 GC heap after
{Heap after GC invocations=47 (full 4):
 PSYoungGen      total 16896K, used 3197K [0x00000000eab00000, 0x00000000ec000000, 0x0000000100000000)
  eden space 13312K, 0% used [0x00000000eab00000,0x00000000eab00000,0x00000000eb800000)
  from space 3584K, 89% used [0x00000000eb800000,0x00000000ebb1f7f8,0x00000000ebb80000)
  to   space 4096K, 0% used [0x00000000ebc00000,0x00000000ebc00000,0x00000000ec000000)
 ParOldGen       total 119808K, used 95922K [0x00000000c0000000, 0x00000000c7500000, 0x00000000eab00000)
  object space 119808K, 80% used [0x00000000c0000000,0x00000000c5dacad8,0x00000000c7500000)
 Metaspace       used 60513K, committed 61632K, reserved 1114112K
  class space    used 6421K, committed 6848K, reserved 1048576K
}
Event: 6.378 GC heap before
{Heap before GC invocations=48 (full 4):
 PSYoungGen      total 16896K, used 16509K [0x00000000eab00000, 0x00000000ec000000, 0x0000000100000000)
  eden space 13312K, 100% used [0x00000000eab00000,0x00000000eb800000,0x00000000eb800000)
  from space 3584K, 89% used [0x00000000eb800000,0x00000000ebb1f7f8,0x00000000ebb80000)
  to   space 4096K, 0% used [0x00000000ebc00000,0x00000000ebc00000,0x00000000ec000000)
 ParOldGen       total 119808K, used 95922K [0x00000000c0000000, 0x00000000c7500000, 0x00000000eab00000)
  object space 119808K, 80% used [0x00000000c0000000,0x00000000c5dacad8,0x00000000c7500000)
 Metaspace       used 60807K, committed 61824K, reserved 1114112K
  class space    used 6447K, committed 6848K, reserved 1048576K
}
Event: 6.383 GC heap after
{Heap after GC invocations=48 (full 4):
 PSYoungGen      total 13312K, used 4094K [0x00000000eab00000, 0x00000000ec800000, 0x0000000100000000)
  eden space 9216K, 0% used [0x00000000eab00000,0x00000000eab00000,0x00000000eb400000)
  from space 4096K, 99% used [0x00000000ebc00000,0x00000000ebfffb08,0x00000000ec000000)
  to   space 8192K, 0% used [0x00000000eb400000,0x00000000eb400000,0x00000000ebc00000)
 ParOldGen       total 119808K, used 98877K [0x00000000c0000000, 0x00000000c7500000, 0x00000000eab00000)
  object space 119808K, 82% used [0x00000000c0000000,0x00000000c608f688,0x00000000c7500000)
 Metaspace       used 60807K, committed 61824K, reserved 1114112K
  class space    used 6447K, committed 6848K, reserved 1048576K
}
Event: 6.408 GC heap before
{Heap before GC invocations=49 (full 4):
 PSYoungGen      total 13312K, used 13310K [0x00000000eab00000, 0x00000000ec800000, 0x0000000100000000)
  eden space 9216K, 100% used [0x00000000eab00000,0x00000000eb400000,0x00000000eb400000)
  from space 4096K, 99% used [0x00000000ebc00000,0x00000000ebfffb08,0x00000000ec000000)
  to   space 8192K, 0% used [0x00000000eb400000,0x00000000eb400000,0x00000000ebc00000)
 ParOldGen       total 119808K, used 98877K [0x00000000c0000000, 0x00000000c7500000, 0x00000000eab00000)
  object space 119808K, 82% used [0x00000000c0000000,0x00000000c608f688,0x00000000c7500000)
 Metaspace       used 60935K, committed 61952K, reserved 1114112K
  class space    used 6454K, committed 6848K, reserved 1048576K
}
Event: 6.411 GC heap after
{Heap after GC invocations=49 (full 4):
 PSYoungGen      total 11776K, used 2347K [0x00000000eab00000, 0x00000000ebc80000, 0x0000000100000000)
  eden space 9216K, 0% used [0x00000000eab00000,0x00000000eab00000,0x00000000eb400000)
  from space 2560K, 91% used [0x00000000eb400000,0x00000000eb64aef0,0x00000000eb680000)
  to   space 4096K, 0% used [0x00000000eb880000,0x00000000eb880000,0x00000000ebc80000)
 ParOldGen       total 119808K, used 102867K [0x00000000c0000000, 0x00000000c7500000, 0x00000000eab00000)
  object space 119808K, 85% used [0x00000000c0000000,0x00000000c6474c30,0x00000000c7500000)
 Metaspace       used 60935K, committed 61952K, reserved 1114112K
  class space    used 6454K, committed 6848K, reserved 1048576K
}
Event: 6.442 GC heap before
{Heap before GC invocations=50 (full 4):
 PSYoungGen      total 11776K, used 11563K [0x00000000eab00000, 0x00000000ebc80000, 0x0000000100000000)
  eden space 9216K, 100% used [0x00000000eab00000,0x00000000eb400000,0x00000000eb400000)
  from space 2560K, 91% used [0x00000000eb400000,0x00000000eb64aef0,0x00000000eb680000)
  to   space 4096K, 0% used [0x00000000eb880000,0x00000000eb880000,0x00000000ebc80000)
 ParOldGen       total 119808K, used 102867K [0x00000000c0000000, 0x00000000c7500000, 0x00000000eab00000)
  object space 119808K, 85% used [0x00000000c0000000,0x00000000c6474c30,0x00000000c7500000)
 Metaspace       used 61096K, committed 62144K, reserved 1114112K
  class space    used 6464K, committed 6848K, reserved 1048576K
}
Event: 6.445 GC heap after
{Heap after GC invocations=50 (full 4):
 PSYoungGen      total 11776K, used 2262K [0x00000000eab00000, 0x00000000ebb00000, 0x0000000100000000)
  eden space 9216K, 0% used [0x00000000eab00000,0x00000000eab00000,0x00000000eb400000)
  from space 2560K, 88% used [0x00000000eb880000,0x00000000ebab5910,0x00000000ebb00000)
  to   space 3072K, 0% used [0x00000000eb500000,0x00000000eb500000,0x00000000eb800000)
 ParOldGen       total 119808K, used 105087K [0x00000000c0000000, 0x00000000c7500000, 0x00000000eab00000)
  object space 119808K, 87% used [0x00000000c0000000,0x00000000c669fc28,0x00000000c7500000)
 Metaspace       used 61096K, committed 62144K, reserved 1114112K
  class space    used 6464K, committed 6848K, reserved 1048576K
}
Event: 6.468 GC heap before
{Heap before GC invocations=51 (full 4):
 PSYoungGen      total 11776K, used 11478K [0x00000000eab00000, 0x00000000ebb00000, 0x0000000100000000)
  eden space 9216K, 100% used [0x00000000eab00000,0x00000000eb400000,0x00000000eb400000)
  from space 2560K, 88% used [0x00000000eb880000,0x00000000ebab5910,0x00000000ebb00000)
  to   space 3072K, 0% used [0x00000000eb500000,0x00000000eb500000,0x00000000eb800000)
 ParOldGen       total 119808K, used 105087K [0x00000000c0000000, 0x00000000c7500000, 0x00000000eab00000)
  object space 119808K, 87% used [0x00000000c0000000,0x00000000c669fc28,0x00000000c7500000)
 Metaspace       used 61361K, committed 62464K, reserved 1114112K
  class space    used 6505K, committed 6912K, reserved 1048576K
}
Event: 6.471 GC heap after
{Heap after GC invocations=51 (full 4):
 PSYoungGen      total 11264K, used 1912K [0x00000000eab00000, 0x00000000eb900000, 0x0000000100000000)
  eden space 9216K, 0% used [0x00000000eab00000,0x00000000eab00000,0x00000000eb400000)
  from space 2048K, 93% used [0x00000000eb500000,0x00000000eb6de120,0x00000000eb700000)
  to   space 2048K, 0% used [0x00000000eb700000,0x00000000eb700000,0x00000000eb900000)
 ParOldGen       total 119808K, used 107106K [0x00000000c0000000, 0x00000000c7500000, 0x00000000eab00000)
  object space 119808K, 89% used [0x00000000c0000000,0x00000000c6898b70,0x00000000c7500000)
 Metaspace       used 61361K, committed 62464K, reserved 1114112K
  class space    used 6505K, committed 6912K, reserved 1048576K
}
Event: 6.499 GC heap before
{Heap before GC invocations=52 (full 4):
 PSYoungGen      total 11264K, used 11128K [0x00000000eab00000, 0x00000000eb900000, 0x0000000100000000)
  eden space 9216K, 100% used [0x00000000eab00000,0x00000000eb400000,0x00000000eb400000)
  from space 2048K, 93% used [0x00000000eb500000,0x00000000eb6de120,0x00000000eb700000)
  to   space 2048K, 0% used [0x00000000eb700000,0x00000000eb700000,0x00000000eb900000)
 ParOldGen       total 119808K, used 107106K [0x00000000c0000000, 0x00000000c7500000, 0x00000000eab00000)
  object space 119808K, 89% used [0x00000000c0000000,0x00000000c6898bc8,0x00000000c7500000)
 Metaspace       used 61545K, committed 62592K, reserved 1114112K
  class space    used 6534K, committed 6912K, reserved 1048576K
}
Event: 6.501 GC heap after
{Heap after GC invocations=52 (full 4):
 PSYoungGen      total 11264K, used 1930K [0x00000000eab00000, 0x00000000eb900000, 0x0000000100000000)
  eden space 9216K, 0% used [0x00000000eab00000,0x00000000eab00000,0x00000000eb400000)
  from space 2048K, 94% used [0x00000000eb700000,0x00000000eb8e2978,0x00000000eb900000)
  to   space 2048K, 0% used [0x00000000eb500000,0x00000000eb500000,0x00000000eb700000)
 ParOldGen       total 119808K, used 108812K [0x00000000c0000000, 0x00000000c7500000, 0x00000000eab00000)
  object space 119808K, 90% used [0x00000000c0000000,0x00000000c6a431e0,0x00000000c7500000)
 Metaspace       used 61545K, committed 62592K, reserved 1114112K
  class space    used 6534K, committed 6912K, reserved 1048576K
}
Event: 6.531 GC heap before
{Heap before GC invocations=53 (full 4):
 PSYoungGen      total 11264K, used 11146K [0x00000000eab00000, 0x00000000eb900000, 0x0000000100000000)
  eden space 9216K, 100% used [0x00000000eab00000,0x00000000eb400000,0x00000000eb400000)
  from space 2048K, 94% used [0x00000000eb700000,0x00000000eb8e2978,0x00000000eb900000)
  to   space 2048K, 0% used [0x00000000eb500000,0x00000000eb500000,0x00000000eb700000)
 ParOldGen       total 119808K, used 108815K [0x00000000c0000000, 0x00000000c7500000, 0x00000000eab00000)
  object space 119808K, 90% used [0x00000000c0000000,0x00000000c6a43da8,0x00000000c7500000)
 Metaspace       used 61666K, committed 62720K, reserved 1114112K
  class space    used 6540K, committed 6976K, reserved 1048576K
}
Event: 6.534 GC heap after
{Heap after GC invocations=53 (full 4):
 PSYoungGen      total 11264K, used 2047K [0x00000000eab00000, 0x00000000eb900000, 0x0000000100000000)
  eden space 9216K, 0% used [0x00000000eab00000,0x00000000eab00000,0x00000000eb400000)
  from space 2048K, 99% used [0x00000000eb500000,0x00000000eb6ffe90,0x00000000eb700000)
  to   space 2048K, 0% used [0x00000000eb700000,0x00000000eb700000,0x00000000eb900000)
 ParOldGen       total 119808K, used 110573K [0x00000000c0000000, 0x00000000c7500000, 0x00000000eab00000)
  object space 119808K, 92% used [0x00000000c0000000,0x00000000c6bfb638,0x00000000c7500000)
 Metaspace       used 61666K, committed 62720K, reserved 1114112K
  class space    used 6540K, committed 6976K, reserved 1048576K
}
Event: 6.564 GC heap before
{Heap before GC invocations=54 (full 4):
 PSYoungGen      total 11264K, used 11263K [0x00000000eab00000, 0x00000000eb900000, 0x0000000100000000)
  eden space 9216K, 100% used [0x00000000eab00000,0x00000000eb400000,0x00000000eb400000)
  from space 2048K, 99% used [0x00000000eb500000,0x00000000eb6ffe90,0x00000000eb700000)
  to   space 2048K, 0% used [0x00000000eb700000,0x00000000eb700000,0x00000000eb900000)
 ParOldGen       total 119808K, used 110573K [0x00000000c0000000, 0x00000000c7500000, 0x00000000eab00000)
  object space 119808K, 92% used [0x00000000c0000000,0x00000000c6bfb638,0x00000000c7500000)
 Metaspace       used 61709K, committed 62784K, reserved 1114112K
  class space    used 6540K, committed 6976K, reserved 1048576K
}
Event: 6.566 GC heap after
{Heap after GC invocations=54 (full 4):
 PSYoungGen      total 11264K, used 2025K [0x00000000eab00000, 0x00000000eb900000, 0x0000000100000000)
  eden space 9216K, 0% used [0x00000000eab00000,0x00000000eab00000,0x00000000eb400000)
  from space 2048K, 98% used [0x00000000eb700000,0x00000000eb8fa5a0,0x00000000eb900000)
  to   space 2048K, 0% used [0x00000000eb500000,0x00000000eb500000,0x00000000eb700000)
 ParOldGen       total 119808K, used 112461K [0x00000000c0000000, 0x00000000c7500000, 0x00000000eab00000)
  object space 119808K, 93% used [0x00000000c0000000,0x00000000c6dd3528,0x00000000c7500000)
 Metaspace       used 61709K, committed 62784K, reserved 1114112K
  class space    used 6540K, committed 6976K, reserved 1048576K
}

Dll operation events (10 events):
Event: 0.008 Loaded shared library c:\Users\yenho\.vscode\extensions\redhat.java-1.38.0-win32-x64\jre\17.0.13-win32-x86_64\bin\java.dll
Event: 0.183 Loaded shared library c:\Users\yenho\.vscode\extensions\redhat.java-1.38.0-win32-x64\jre\17.0.13-win32-x86_64\bin\zip.dll
Event: 0.187 Loaded shared library C:\Users\yenho\.vscode\extensions\redhat.java-1.38.0-win32-x64\jre\17.0.13-win32-x86_64\bin\instrument.dll
Event: 0.204 Loaded shared library C:\Users\yenho\.vscode\extensions\redhat.java-1.38.0-win32-x64\jre\17.0.13-win32-x86_64\bin\net.dll
Event: 0.207 Loaded shared library C:\Users\yenho\.vscode\extensions\redhat.java-1.38.0-win32-x64\jre\17.0.13-win32-x86_64\bin\nio.dll
Event: 0.216 Loaded shared library C:\Users\yenho\.vscode\extensions\redhat.java-1.38.0-win32-x64\jre\17.0.13-win32-x86_64\bin\zip.dll
Event: 0.245 Loaded shared library C:\Users\yenho\.vscode\extensions\redhat.java-1.38.0-win32-x64\jre\17.0.13-win32-x86_64\bin\jimage.dll
Event: 0.312 Loaded shared library c:\Users\yenho\.vscode\extensions\redhat.java-1.38.0-win32-x64\jre\17.0.13-win32-x86_64\bin\verify.dll
Event: 1.445 Loaded shared library C:\Users\yenho\AppData\Roaming\Code\User\globalStorage\redhat.java\1.38.0\config_win\org.eclipse.equinox.launcher\org.eclipse.equinox.launcher.win32.win32.x86_64_1.2.1100.v20240722-2106\eclipse_11904.dll
Event: 2.832 Loaded shared library C:\Users\yenho\AppData\Local\Temp\jna-114863977\jna489429574880536550.dll

Deoptimization events (20 events):
Event: 6.562 Thread 0x000001efe62059e0 DEOPT PACKING pc=0x000001efcd095c0e sp=0x0000005e75efde80
Event: 6.562 Thread 0x000001efe62059e0 DEOPT UNPACKING pc=0x000001efd3846e43 sp=0x0000005e75efd2e8 mode 0
Event: 6.568 Thread 0x000001efe4804b80 DEOPT PACKING pc=0x000001efccd45685 sp=0x0000005e74afeb50
Event: 6.568 Thread 0x000001efe4804b80 DEOPT UNPACKING pc=0x000001efd3846e43 sp=0x0000005e74afe0d8 mode 0
Event: 6.578 Thread 0x000001efe77b61c0 DEOPT PACKING pc=0x000001efcc6a80ea sp=0x0000005e776fee00
Event: 6.578 Thread 0x000001efe77b61c0 DEOPT UNPACKING pc=0x000001efd3846e43 sp=0x0000005e776fe298 mode 0
Event: 6.585 Thread 0x000001efe62059e0 DEOPT PACKING pc=0x000001efccb32c08 sp=0x0000005e75efe0c0
Event: 6.585 Thread 0x000001efe62059e0 DEOPT UNPACKING pc=0x000001efd3846e43 sp=0x0000005e75efd5c8 mode 0
Event: 6.585 Thread 0x000001efe62059e0 DEOPT PACKING pc=0x000001efcc8efddf sp=0x0000005e75efe140
Event: 6.585 Thread 0x000001efe62059e0 DEOPT UNPACKING pc=0x000001efd3846e43 sp=0x0000005e75efd638 mode 0
Event: 6.592 Thread 0x000001efe4804b80 DEOPT PACKING pc=0x000001efccd45685 sp=0x0000005e74afeb50
Event: 6.592 Thread 0x000001efe4804b80 DEOPT UNPACKING pc=0x000001efd3846e43 sp=0x0000005e74afe0d8 mode 0
Event: 6.595 Thread 0x000001efe77b61c0 Uncommon trap: trap_request=0xffffff45 fr.pc=0x000001efd3fdb990 relative=0x00000000000003f0
Event: 6.595 Thread 0x000001efe77b61c0 Uncommon trap: reason=unstable_if action=reinterpret pc=0x000001efd3fdb990 method=org.eclipse.jdt.internal.compiler.util.HashtableOfObject.get([C)Ljava/lang/Object; @ 37 c2
Event: 6.595 Thread 0x000001efe77b61c0 DEOPT PACKING pc=0x000001efd3fdb990 sp=0x0000005e776fef90
Event: 6.595 Thread 0x000001efe77b61c0 DEOPT UNPACKING pc=0x000001efd38466a3 sp=0x0000005e776fef20 mode 2
Event: 6.600 Thread 0x000001efe62059e0 DEOPT PACKING pc=0x000001efcc8efddf sp=0x0000005e75efe140
Event: 6.600 Thread 0x000001efe62059e0 DEOPT UNPACKING pc=0x000001efd3846e43 sp=0x0000005e75efd638 mode 0
Event: 6.600 Thread 0x000001efe62059e0 DEOPT PACKING pc=0x000001efccb32c08 sp=0x0000005e75efe0c0
Event: 6.600 Thread 0x000001efe62059e0 DEOPT UNPACKING pc=0x000001efd3846e43 sp=0x0000005e75efd5c8 mode 0

Classes loaded (20 events):
Event: 6.424 Loading class java/util/concurrent/ArrayBlockingQueue
Event: 6.425 Loading class java/util/concurrent/ArrayBlockingQueue done
Event: 6.473 Loading class java/util/Hashtable$ValueCollection
Event: 6.473 Loading class java/util/Hashtable$ValueCollection done
Event: 6.475 Loading class java/util/ArrayDeque$DeqSpliterator
Event: 6.475 Loading class java/util/ArrayDeque$DeqSpliterator done
Event: 6.476 Loading class java/util/stream/ReferencePipeline$4
Event: 6.476 Loading class java/util/stream/ReferencePipeline$4 done
Event: 6.477 Loading class java/util/stream/Nodes$IntFixedNodeBuilder
Event: 6.477 Loading class java/util/stream/Node$Builder$OfInt
Event: 6.477 Loading class java/util/stream/Node$Builder$OfInt done
Event: 6.477 Loading class java/util/stream/Nodes$IntArrayNode
Event: 6.477 Loading class java/util/stream/Nodes$IntArrayNode done
Event: 6.477 Loading class java/util/stream/Nodes$IntFixedNodeBuilder done
Event: 6.477 Loading class java/util/stream/ReferencePipeline$4$1
Event: 6.477 Loading class java/util/stream/ReferencePipeline$4$1 done
Event: 6.481 Loading class java/util/concurrent/ConcurrentHashMap$KeySpliterator
Event: 6.481 Loading class java/util/concurrent/ConcurrentHashMap$KeySpliterator done
Event: 6.488 Loading class java/nio/channels/Channels$1
Event: 6.488 Loading class java/nio/channels/Channels$1 done

Classes unloaded (12 events):
Event: 3.832 Thread 0x000001efe25d4870 Unloading class 0x000000010025e000 'java/lang/invoke/LambdaForm$MH+0x000000010025e000'
Event: 3.832 Thread 0x000001efe25d4870 Unloading class 0x000000010025dc00 'java/lang/invoke/LambdaForm$MH+0x000000010025dc00'
Event: 3.832 Thread 0x000001efe25d4870 Unloading class 0x000000010025d800 'java/lang/invoke/LambdaForm$MH+0x000000010025d800'
Event: 3.832 Thread 0x000001efe25d4870 Unloading class 0x000000010025d400 'java/lang/invoke/LambdaForm$MH+0x000000010025d400'
Event: 3.832 Thread 0x000001efe25d4870 Unloading class 0x000000010025d000 'java/lang/invoke/LambdaForm$BMH+0x000000010025d000'
Event: 3.832 Thread 0x000001efe25d4870 Unloading class 0x000000010025cc00 'java/lang/invoke/LambdaForm$DMH+0x000000010025cc00'
Event: 3.832 Thread 0x000001efe25d4870 Unloading class 0x0000000100258400 'java/lang/invoke/LambdaForm$DMH+0x0000000100258400'
Event: 5.474 Thread 0x000001efe25d4870 Unloading class 0x0000000100495400 'java/lang/invoke/LambdaForm$MH+0x0000000100495400'
Event: 5.474 Thread 0x000001efe25d4870 Unloading class 0x0000000100494c00 'java/lang/invoke/LambdaForm$MH+0x0000000100494c00'
Event: 5.474 Thread 0x000001efe25d4870 Unloading class 0x0000000100494400 'java/lang/invoke/LambdaForm$MH+0x0000000100494400'
Event: 5.474 Thread 0x000001efe25d4870 Unloading class 0x0000000100493800 'java/lang/invoke/LambdaForm$MH+0x0000000100493800'
Event: 5.474 Thread 0x000001efe25d4870 Unloading class 0x0000000100493400 'java/lang/invoke/LambdaForm$MH+0x0000000100493400'

Classes redefined (0 events):
No events

Internal exceptions (20 events):
Event: 4.934 Thread 0x000001efe62054d0 Exception <a 'sun/nio/fs/WindowsException'{0x00000000eb9a8208}> (0x00000000eb9a8208) 
thrown [s\src\hotspot\share\prims\jni.cpp, line 516]
Event: 4.934 Thread 0x000001efe4804160 Exception <a 'sun/nio/fs/WindowsException'{0x00000000eb9cf928}> (0x00000000eb9cf928) 
thrown [s\src\hotspot\share\prims\jni.cpp, line 516]
Event: 4.934 Thread 0x000001efe6205ef0 Exception <a 'sun/nio/fs/WindowsException'{0x00000000eb9e0778}> (0x00000000eb9e0778) 
thrown [s\src\hotspot\share\prims\jni.cpp, line 516]
Event: 4.934 Thread 0x000001efe77b8530 Exception <a 'sun/nio/fs/WindowsException'{0x00000000eb9f1648}> (0x00000000eb9f1648) 
thrown [s\src\hotspot\share\prims\jni.cpp, line 516]
Event: 4.934 Thread 0x000001efe62054d0 Exception <a 'sun/nio/fs/WindowsException'{0x00000000eb9a9b10}> (0x00000000eb9a9b10) 
thrown [s\src\hotspot\share\prims\jni.cpp, line 516]
Event: 4.934 Thread 0x000001efe620bf20 Exception <a 'sun/nio/fs/WindowsException'{0x00000000eb9338a0}> (0x00000000eb9338a0) 
thrown [s\src\hotspot\share\prims\jni.cpp, line 516]
Event: 4.935 Thread 0x000001efe77b5cb0 Exception <a 'sun/nio/fs/WindowsException'{0x00000000eba240c0}> (0x00000000eba240c0) 
thrown [s\src\hotspot\share\prims\jni.cpp, line 516]
Event: 4.935 Thread 0x000001efe62054d0 Exception <a 'sun/nio/fs/WindowsException'{0x00000000eb9aba88}> (0x00000000eb9aba88) 
thrown [s\src\hotspot\share\prims\jni.cpp, line 516]
Event: 4.936 Thread 0x000001efe77b9970 Exception <a 'sun/nio/fs/WindowsException'{0x00000000eba132a8}> (0x00000000eba132a8) 
thrown [s\src\hotspot\share\prims\jni.cpp, line 516]
Event: 4.936 Thread 0x000001efe620bf20 Exception <a 'sun/nio/fs/WindowsException'{0x00000000eb934e90}> (0x00000000eb934e90) 
thrown [s\src\hotspot\share\prims\jni.cpp, line 516]
Event: 4.936 Thread 0x000001efe77badb0 Exception <a 'sun/nio/fs/WindowsException'{0x00000000eba675c0}> (0x00000000eba675c0) 
thrown [s\src\hotspot\share\prims\jni.cpp, line 516]
Event: 5.258 Thread 0x000001efe4806ef0 Exception <a 'java/lang/ExceptionInInitializerError'{0x00000000eadea080}> (0x00000000eadea080) 
thrown [s\src\hotspot\share\oops\instanceKlass.cpp, line 1218]
Event: 5.288 Thread 0x000001efe4806ef0 Implicit null exception at 0x000001efd3ea38af to 0x000001efd3ea3a3c
Event: 5.288 Thread 0x000001efe4806ef0 Implicit null exception at 0x000001efd3e0dd89 to 0x000001efd3e0f154
Event: 5.291 Thread 0x000001efe4806ef0 Exception <a 'java/lang/NoSuchMethodError'{0x00000000eb86a9d0}: 'java.lang.Object java.lang.invoke.Invokers$Holder.invokeExact_MT(java.lang.Object, int, java.lang.Object)'> (0x00000000eb86a9d0) 
thrown [s\src\hotspot\share\interpreter\linkResolver.cpp, line 759]
Event: 5.598 Thread 0x000001efe4806ef0 Exception <a 'java/lang/NoClassDefFoundError'{0x00000000ebad7038}: com/google/inject/servlet/ServletModuleTargetVisitor> (0x00000000ebad7038) 
thrown [s\src\hotspot\share\classfile\systemDictionary.cpp, line 245]
Event: 6.320 Thread 0x000001efe62059e0 Exception <a 'java/lang/NoSuchMethodError'{0x00000000eaf05d98}: 'int java.lang.invoke.DirectMethodHandle$Holder.invokeSpecialIFC(java.lang.Object, java.lang.Object, java.lang.Object)'> (0x00000000eaf05d98) 
thrown [s\src\hotspot\share\interpreter\linkResolver.cpp, line 759]
Event: 6.468 Thread 0x000001efe77b61c0 Exception <a 'java/lang/NoSuchMethodError'{0x00000000eb3b7d18}: 'int java.lang.invoke.DirectMethodHandle$Holder.invokeStatic(java.lang.Object, int, java.lang.Object)'> (0x00000000eb3b7d18) 
thrown [s\src\hotspot\share\interpreter\linkResolver.cpp, line 759]
Event: 6.482 Thread 0x000001efe62059e0 Exception <a 'java/lang/NoSuchMethodError'{0x00000000eae45890}: 'java.lang.Object java.lang.invoke.DirectMethodHandle$Holder.invokeInterface(java.lang.Object, java.lang.Object, java.lang.Object)'> (0x00000000eae45890) 
thrown [s\src\hotspot\share\interpreter\linkResolver.cpp, line 759]
Event: 6.485 Thread 0x000001efe62059e0 Exception <a 'java/lang/NoSuchMethodError'{0x00000000eaf37d38}: 'java.lang.Object java.lang.invoke.DirectMethodHandle$Holder.newInvokeSpecial(java.lang.Object, java.lang.Object, int, int, java.lang.Object)'> (0x00000000eaf37d38) 
thrown [s\src\hotspot\share\interpreter\linkResolver.cpp, line 759]

VM Operations (20 events):
Event: 6.403 Executing VM operation: HandshakeAllThreads
Event: 6.404 Executing VM operation: HandshakeAllThreads done
Event: 6.408 Executing VM operation: ParallelGCFailedAllocation
Event: 6.411 Executing VM operation: ParallelGCFailedAllocation done
Event: 6.442 Executing VM operation: ParallelGCFailedAllocation
Event: 6.445 Executing VM operation: ParallelGCFailedAllocation done
Event: 6.461 Executing VM operation: HandshakeAllThreads
Event: 6.461 Executing VM operation: HandshakeAllThreads done
Event: 6.463 Executing VM operation: HandshakeAllThreads
Event: 6.463 Executing VM operation: HandshakeAllThreads done
Event: 6.468 Executing VM operation: ParallelGCFailedAllocation
Event: 6.471 Executing VM operation: ParallelGCFailedAllocation done
Event: 6.499 Executing VM operation: ParallelGCFailedAllocation
Event: 6.499 Executing VM operation: ParallelGCFailedAllocation done
Event: 6.499 Executing VM operation: ParallelGCSystemGC
Event: 6.501 Executing VM operation: ParallelGCSystemGC done
Event: 6.531 Executing VM operation: ParallelGCFailedAllocation
Event: 6.534 Executing VM operation: ParallelGCFailedAllocation done
Event: 6.564 Executing VM operation: ParallelGCFailedAllocation
Event: 6.566 Executing VM operation: ParallelGCFailedAllocation done

Memory protections (0 events):
No events

Nmethod flushes (20 events):
Event: 4.635 Thread 0x000001efe2610290 flushing  nmethod 0x000001efcccbab90
Event: 4.635 Thread 0x000001efe2610290 flushing  nmethod 0x000001efcccbb110
Event: 4.635 Thread 0x000001efe2610290 flushing  nmethod 0x000001efcccbb710
Event: 4.635 Thread 0x000001efe2610290 flushing  nmethod 0x000001efcccbe990
Event: 4.635 Thread 0x000001efe2610290 flushing  nmethod 0x000001efcccbf590
Event: 4.635 Thread 0x000001efe2610290 flushing  nmethod 0x000001efcccbfc90
Event: 4.635 Thread 0x000001efe2610290 flushing  nmethod 0x000001efcccc0090
Event: 4.635 Thread 0x000001efe2610290 flushing  nmethod 0x000001efcccc0610
Event: 4.635 Thread 0x000001efe2610290 flushing  nmethod 0x000001efcccc0f90
Event: 4.635 Thread 0x000001efe2610290 flushing  nmethod 0x000001efcccc1410
Event: 4.635 Thread 0x000001efe2610290 flushing  nmethod 0x000001efcccc2090
Event: 4.635 Thread 0x000001efe2610290 flushing  nmethod 0x000001efcccc2d90
Event: 4.635 Thread 0x000001efe2610290 flushing  nmethod 0x000001efcccc5390
Event: 4.635 Thread 0x000001efe2610290 flushing  nmethod 0x000001efcccc5d10
Event: 4.635 Thread 0x000001efe2610290 flushing  nmethod 0x000001efcccc6690
Event: 4.635 Thread 0x000001efe2610290 flushing  nmethod 0x000001efcccc6b90
Event: 4.635 Thread 0x000001efe2610290 flushing  nmethod 0x000001efcccdab10
Event: 4.635 Thread 0x000001efe2610290 flushing  nmethod 0x000001efcccdcc90
Event: 6.307 Thread 0x000001efe2610290 flushing  nmethod 0x000001efcccc7290
Event: 6.307 Thread 0x000001efe2610290 flushing  nmethod 0x000001efcccc8790

Events (20 events):
Event: 5.100 Thread 0x000001efe62059e0 Thread added: 0x000001efe77b8f50
Event: 5.100 Thread 0x000001efe62059e0 Thread added: 0x000001efe77bb7d0
Event: 5.100 Thread 0x000001efe62059e0 Thread added: 0x000001efe77ba8a0
Event: 5.100 Thread 0x000001efe62059e0 Thread added: 0x000001efe77b4870
Event: 5.101 Thread 0x000001efe62059e0 Thread added: 0x000001efe77b57a0
Event: 5.101 Thread 0x000001efe62059e0 Thread added: 0x000001efe77b4360
Event: 5.101 Thread 0x000001efe62059e0 Thread added: 0x000001efe77b8a40
Event: 5.101 Thread 0x000001efe62059e0 Thread added: 0x000001efe77b4d80
Event: 5.101 Thread 0x000001efe62059e0 Thread added: 0x000001efe77b9e80
Event: 6.426 Thread 0x000001efe62059e0 Thread added: 0x000001efe77b61c0
Event: 6.486 Thread 0x000001efe62059e0 Thread added: 0x000001efe77b7600
Event: 6.492 Thread 0x000001efe62059e0 Thread added: 0x000001efe77b66d0
Event: 6.492 Thread 0x000001efe62059e0 Thread added: 0x000001efe77b70f0
Event: 6.498 Thread 0x000001efe62059e0 Thread added: 0x000001efe77b7b10
Event: 6.514 Thread 0x000001efe62059e0 Thread added: 0x000001efe77b8020
Event: 6.520 Thread 0x000001efe62059e0 Thread added: 0x000001efe77ba390
Event: 6.520 Thread 0x000001efe62059e0 Thread added: 0x000001efe66260b0
Event: 6.520 Thread 0x000001efe62059e0 Thread added: 0x000001efe66219d0
Event: 6.539 Thread 0x000001efe62059e0 Thread added: 0x000001efe6624250
Event: 6.544 Thread 0x000001efe62059e0 Thread added: 0x000001efe66265c0


Dynamic libraries:
0x00007ff7505a0000 - 0x00007ff7505ae000 	c:\Users\yenho\.vscode\extensions\redhat.java-1.38.0-win32-x64\jre\17.0.13-win32-x86_64\bin\java.exe
0x00007ffca76b0000 - 0x00007ffca78c7000 	C:\Windows\SYSTEM32\ntdll.dll
0x00007ffca6cb0000 - 0x00007ffca6d74000 	C:\Windows\System32\KERNEL32.DLL
0x00007ffca4ff0000 - 0x00007ffca53aa000 	C:\Windows\System32\KERNELBASE.dll
0x00007ffca4bc0000 - 0x00007ffca4cd1000 	C:\Windows\System32\ucrtbase.dll
0x00007ffca0300000 - 0x00007ffca0317000 	c:\Users\yenho\.vscode\extensions\redhat.java-1.38.0-win32-x64\jre\17.0.13-win32-x86_64\bin\jli.dll
0x00007ffca02e0000 - 0x00007ffca02fe000 	c:\Users\yenho\.vscode\extensions\redhat.java-1.38.0-win32-x64\jre\17.0.13-win32-x86_64\bin\VCRUNTIME140.dll
0x00007ffca5a90000 - 0x00007ffca5c3e000 	C:\Windows\System32\USER32.dll
0x00007ffca4980000 - 0x00007ffca49a6000 	C:\Windows\System32\win32u.dll
0x00007ffc91a90000 - 0x00007ffc91d22000 	C:\Windows\WinSxS\amd64_microsoft.windows.common-controls_6595b64144ccf1df_6.0.22621.4541_none_2710d1c57384c085\COMCTL32.dll
0x00007ffca63f0000 - 0x00007ffca6419000 	C:\Windows\System32\GDI32.dll
0x00007ffca73f0000 - 0x00007ffca7497000 	C:\Windows\System32\msvcrt.dll
0x00007ffca4e10000 - 0x00007ffca4f2b000 	C:\Windows\System32\gdi32full.dll
0x00007ffca49b0000 - 0x00007ffca4a4a000 	C:\Windows\System32\msvcp_win.dll
0x00007ffca5c40000 - 0x00007ffca5c71000 	C:\Windows\System32\IMM32.DLL
0x00007ffca02d0000 - 0x00007ffca02dc000 	c:\Users\yenho\.vscode\extensions\redhat.java-1.38.0-win32-x64\jre\17.0.13-win32-x86_64\bin\vcruntime140_1.dll
0x00007ffc56950000 - 0x00007ffc569dd000 	c:\Users\yenho\.vscode\extensions\redhat.java-1.38.0-win32-x64\jre\17.0.13-win32-x86_64\bin\msvcp140.dll
0x00007ffc35460000 - 0x00007ffc360cb000 	c:\Users\yenho\.vscode\extensions\redhat.java-1.38.0-win32-x64\jre\17.0.13-win32-x86_64\bin\server\jvm.dll
0x00007ffca70f0000 - 0x00007ffca71a2000 	C:\Windows\System32\ADVAPI32.dll
0x00007ffca6120000 - 0x00007ffca61c7000 	C:\Windows\System32\sechost.dll
0x00007ffca4d60000 - 0x00007ffca4d88000 	C:\Windows\System32\bcrypt.dll
0x00007ffca5960000 - 0x00007ffca5a74000 	C:\Windows\System32\RPCRT4.dll
0x00007ffca6e40000 - 0x00007ffca6eb1000 	C:\Windows\System32\WS2_32.dll
0x00007ffc9ee50000 - 0x00007ffc9ee84000 	C:\Windows\SYSTEM32\WINMM.dll
0x00007ffc9e9b0000 - 0x00007ffc9e9ba000 	C:\Windows\SYSTEM32\VERSION.dll
0x00007ffca37d0000 - 0x00007ffca381d000 	C:\Windows\SYSTEM32\POWRPROF.dll
0x00007ffca37b0000 - 0x00007ffca37c3000 	C:\Windows\SYSTEM32\UMPDC.dll
0x00007ffca3a80000 - 0x00007ffca3a98000 	C:\Windows\SYSTEM32\kernel.appcore.dll
0x00007ffc9eef0000 - 0x00007ffc9eefa000 	c:\Users\yenho\.vscode\extensions\redhat.java-1.38.0-win32-x64\jre\17.0.13-win32-x86_64\bin\jimage.dll
0x00007ffc9dcd0000 - 0x00007ffc9df02000 	C:\Windows\SYSTEM32\DBGHELP.DLL
0x00007ffca5d10000 - 0x00007ffca609f000 	C:\Windows\System32\combase.dll
0x00007ffca71b0000 - 0x00007ffca7287000 	C:\Windows\System32\OLEAUT32.dll
0x00007ffc9aad0000 - 0x00007ffc9ab02000 	C:\Windows\SYSTEM32\dbgcore.DLL
0x00007ffca4d90000 - 0x00007ffca4e0b000 	C:\Windows\System32\bcryptPrimitives.dll
0x00007ffc9d9c0000 - 0x00007ffc9d9ce000 	c:\Users\yenho\.vscode\extensions\redhat.java-1.38.0-win32-x64\jre\17.0.13-win32-x86_64\bin\instrument.dll
0x00007ffc9eec0000 - 0x00007ffc9eee5000 	c:\Users\yenho\.vscode\extensions\redhat.java-1.38.0-win32-x64\jre\17.0.13-win32-x86_64\bin\java.dll
0x00007ffc98820000 - 0x00007ffc98838000 	c:\Users\yenho\.vscode\extensions\redhat.java-1.38.0-win32-x64\jre\17.0.13-win32-x86_64\bin\zip.dll
0x00007ffca6430000 - 0x00007ffca6ca8000 	C:\Windows\System32\SHELL32.dll
0x00007ffca2880000 - 0x00007ffca3188000 	C:\Windows\SYSTEM32\windows.storage.dll
0x00007ffca2740000 - 0x00007ffca287f000 	C:\Windows\SYSTEM32\wintypes.dll
0x00007ffca5860000 - 0x00007ffca595a000 	C:\Windows\System32\SHCORE.dll
0x00007ffca61d0000 - 0x00007ffca622e000 	C:\Windows\System32\shlwapi.dll
0x00007ffca48b0000 - 0x00007ffca48db000 	C:\Windows\SYSTEM32\profapi.dll
0x00007ffc94f30000 - 0x00007ffc94f49000 	C:\Users\yenho\.vscode\extensions\redhat.java-1.38.0-win32-x64\jre\17.0.13-win32-x86_64\bin\net.dll
0x00007ffca0800000 - 0x00007ffca0936000 	C:\Windows\SYSTEM32\WINHTTP.dll
0x00007ffca3f00000 - 0x00007ffca3f69000 	C:\Windows\system32\mswsock.dll
0x00007ffc94790000 - 0x00007ffc947a6000 	C:\Users\yenho\.vscode\extensions\redhat.java-1.38.0-win32-x64\jre\17.0.13-win32-x86_64\bin\nio.dll
0x00007ffc8ed40000 - 0x00007ffc8ed50000 	c:\Users\yenho\.vscode\extensions\redhat.java-1.38.0-win32-x64\jre\17.0.13-win32-x86_64\bin\verify.dll
0x00007ffc1a1e0000 - 0x00007ffc1a225000 	C:\Users\yenho\AppData\Roaming\Code\User\globalStorage\redhat.java\1.38.0\config_win\org.eclipse.equinox.launcher\org.eclipse.equinox.launcher.win32.win32.x86_64_1.2.1100.v20240722-2106\eclipse_11904.dll
0x00007ffca74a0000 - 0x00007ffca7645000 	C:\Windows\System32\ole32.dll
0x00007ffca4170000 - 0x00007ffca418b000 	C:\Windows\SYSTEM32\CRYPTSP.dll
0x00007ffca39d0000 - 0x00007ffca3a05000 	C:\Windows\system32\rsaenh.dll
0x00007ffca4000000 - 0x00007ffca4028000 	C:\Windows\SYSTEM32\USERENV.dll
0x00007ffca4160000 - 0x00007ffca416c000 	C:\Windows\SYSTEM32\CRYPTBASE.dll
0x00007ffca3460000 - 0x00007ffca348d000 	C:\Windows\SYSTEM32\IPHLPAPI.DLL
0x00007ffca6420000 - 0x00007ffca6429000 	C:\Windows\System32\NSI.dll
0x00007ffc9f3f0000 - 0x00007ffc9f409000 	C:\Windows\SYSTEM32\dhcpcsvc6.DLL
0x00007ffc9f3d0000 - 0x00007ffc9f3ef000 	C:\Windows\SYSTEM32\dhcpcsvc.DLL
0x00007ffca34d0000 - 0x00007ffca35d2000 	C:\Windows\SYSTEM32\DNSAPI.dll
0x00007ffc0a5f0000 - 0x00007ffc0a639000 	C:\Users\yenho\AppData\Local\Temp\jna-114863977\jna489429574880536550.dll
0x00007ffca5a80000 - 0x00007ffca5a88000 	C:\Windows\System32\PSAPI.DLL

dbghelp: loaded successfully - version: 4.0.5 - missing functions: none
symbol engine: initialized successfully - sym options: 0x614 - pdb path: .;c:\Users\yenho\.vscode\extensions\redhat.java-1.38.0-win32-x64\jre\17.0.13-win32-x86_64\bin;C:\Windows\SYSTEM32;C:\Windows\WinSxS\amd64_microsoft.windows.common-controls_6595b64144ccf1df_6.0.22621.4541_none_2710d1c57384c085;c:\Users\yenho\.vscode\extensions\redhat.java-1.38.0-win32-x64\jre\17.0.13-win32-x86_64\bin\server;C:\Users\yenho\AppData\Roaming\Code\User\globalStorage\redhat.java\1.38.0\config_win\org.eclipse.equinox.launcher\org.eclipse.equinox.launcher.win32.win32.x86_64_1.2.1100.v20240722-2106;C:\Users\yenho\AppData\Local\Temp\jna-114863977

VM Arguments:
jvm_args: --add-modules=ALL-SYSTEM --add-opens=java.base/java.util=ALL-UNNAMED --add-opens=java.base/java.lang=ALL-UNNAMED --add-opens=java.base/sun.nio.fs=ALL-UNNAMED -Declipse.application=org.eclipse.jdt.ls.core.id1 -Dosgi.bundles.defaultStartLevel=4 -Declipse.product=org.eclipse.jdt.ls.core.product -Djava.import.generatesMetadataFilesAtProjectRoot=false -DDetectVMInstallationsJob.disabled=true -Dfile.encoding=utf8 -XX:+UseParallelGC -XX:GCTimeRatio=4 -XX:AdaptiveSizePolicyWeight=90 -Dsun.zip.disableMemoryMapping=true -Xmx1G -Xms100m -Xlog:disable -javaagent:c:\Users\yenho\.vscode\extensions\redhat.java-1.38.0-win32-x64\lombok\lombok-1.18.34.jar -XX:+HeapDumpOnOutOfMemoryError -XX:HeapDumpPath=c:\Users\yenho\AppData\Roaming\Code\User\workspaceStorage\be8ad8b4014e26bb98f6d4fcdc527ed2\redhat.java -Daether.dependencyCollector.impl=bf 
java_command: c:\Users\yenho\.vscode\extensions\redhat.java-1.38.0-win32-x64\server\plugins\org.eclipse.equinox.launcher_1.6.900.v20240613-2009.jar -configuration c:\Users\yenho\AppData\Roaming\Code\User\globalStorage\redhat.java\1.38.0\config_win -data c:\Users\yenho\AppData\Roaming\Code\User\workspaceStorage\be8ad8b4014e26bb98f6d4fcdc527ed2\redhat.java\jdt_ws --pipe=\\.\pipe\lsp-4f69500348f6b0ad24305e8394313c14-sock
java_class_path (initial): c:\Users\yenho\.vscode\extensions\redhat.java-1.38.0-win32-x64\server\plugins\org.eclipse.equinox.launcher_1.6.900.v20240613-2009.jar
Launcher Type: SUN_STANDARD

[Global flags]
    uintx AdaptiveSizePolicyWeight                 = 90                                        {product} {command line}
     intx CICompilerCount                          = 4                                         {product} {ergonomic}
    uintx GCTimeRatio                              = 4                                         {product} {command line}
     bool HeapDumpOnOutOfMemoryError               = true                                   {manageable} {command line}
    ccstr HeapDumpPath                             = c:\Users\yenho\AppData\Roaming\Code\User\workspaceStorage\be8ad8b4014e26bb98f6d4fcdc527ed2\redhat.java         {manageable} {command line}
   size_t InitialHeapSize                          = 104857600                                 {product} {command line}
   size_t MaxHeapSize                              = 1073741824                                {product} {command line}
   size_t MaxNewSize                               = 357564416                                 {product} {ergonomic}
   size_t MinHeapDeltaBytes                        = 524288                                    {product} {ergonomic}
   size_t MinHeapSize                              = 104857600                                 {product} {command line}
   size_t NewSize                                  = 34603008                                  {product} {ergonomic}
    uintx NonNMethodCodeHeapSize                   = 5839372                                {pd product} {ergonomic}
    uintx NonProfiledCodeHeapSize                  = 122909434                              {pd product} {ergonomic}
   size_t OldSize                                  = 70254592                                  {product} {ergonomic}
    uintx ProfiledCodeHeapSize                     = 122909434                              {pd product} {ergonomic}
    uintx ReservedCodeCacheSize                    = 251658240                              {pd product} {ergonomic}
     bool SegmentedCodeCache                       = true                                      {product} {ergonomic}
   size_t SoftMaxHeapSize                          = 1073741824                             {manageable} {ergonomic}
     bool UseCompressedClassPointers               = true                           {product lp64_product} {ergonomic}
     bool UseCompressedOops                        = true                           {product lp64_product} {ergonomic}
     bool UseLargePagesIndividualAllocation        = false                                  {pd product} {ergonomic}
     bool UseParallelGC                            = true                                      {product} {command line}

Logging:
Log output configuration:
 #0: stdout all=off uptime,level,tags
 #1: stderr all=off uptime,level,tags

Environment Variables:
JAVA_HOME=C:\Program Files\Java\jdk-17
PATH=C:\Program Files\Common Files\Oracle\Java\javapath;C:\Windows\system32;C:\Windows;C:\Windows\System32\Wbem;C:\Windows\System32\WindowsPowerShell\v1.0\;C:\Windows\System32\OpenSSH\;C:\Program Files (x86)\NVIDIA Corporation\PhysX\Common;C:\Program Files\NVIDIA Corporation\NVIDIA NvDLISR;C:\Windows\system32;C:\Windows;C:\Windows\System32\Wbem;C:\Windows\System32\WindowsPowerShell\v1.0\;C:\Windows\System32\OpenSSH\;C:\Program Files\dotnet\;C:\Program Files (x86)\Yarn\bin\;C:\Program Files\nodejs\;C:\Program Files\Java\jdk-17\bin;C:\Users\yenho\AppData\Local\Android\Sdk\platform-tools;C:\Program Files\Git\cmd;C:\Users\yenho\AppData\Local\Microsoft\WindowsApps;C:\Users\yenho\AppData\Local\Programs\Microsoft VS Code\bin;C:\Users\yenho\.dotnet\tools;C:\Users\yenho\AppData\Local\Yarn\bin;C:\Users\yenho\AppData\Roaming\npm;C:\Users\yenho\AppData\Local\GitHubDesktop\bin
USERNAME=yenho
OS=Windows_NT
PROCESSOR_IDENTIFIER=AMD64 Family 25 Model 68 Stepping 1, AuthenticAMD
TMP=C:\Users\yenho\AppData\Local\Temp
TEMP=C:\Users\yenho\AppData\Local\Temp



Periodic native trim disabled


---------------  S Y S T E M  ---------------

OS:
 Windows 11 , 64 bit Build 22621 (10.0.22621.4391)
OS uptime: 0 days 1:03 hours
Hyper-V role detected

CPU: total 12 (initial active 12) (12 cores per cpu, 2 threads per core) family 25 model 68 stepping 1 microcode 0x0, cx8, cmov, fxsr, ht, mmx, 3dnowpref, sse, sse2, sse3, ssse3, sse4a, sse4.1, sse4.2, popcnt, lzcnt, tsc, tscinvbit, avx, avx2, aes, erms, clmul, bmi1, bmi2, adx, sha, fma, vzeroupper, clflush, clflushopt, hv
Processor Information for processor 0
  Max Mhz: 3301, Current Mhz: 3301, Mhz Limit: 3301
Processor Information for processor 1
  Max Mhz: 3301, Current Mhz: 3301, Mhz Limit: 3301
Processor Information for processor 2
  Max Mhz: 3301, Current Mhz: 3301, Mhz Limit: 3301
Processor Information for processor 3
  Max Mhz: 3301, Current Mhz: 3301, Mhz Limit: 3301
Processor Information for processor 4
  Max Mhz: 3301, Current Mhz: 3301, Mhz Limit: 3301
Processor Information for processor 5
  Max Mhz: 3301, Current Mhz: 2024, Mhz Limit: 3301
Processor Information for processor 6
  Max Mhz: 3301, Current Mhz: 3301, Mhz Limit: 3301
Processor Information for processor 7
  Max Mhz: 3301, Current Mhz: 3301, Mhz Limit: 3301
Processor Information for processor 8
  Max Mhz: 3301, Current Mhz: 3301, Mhz Limit: 3301
Processor Information for processor 9
  Max Mhz: 3301, Current Mhz: 3301, Mhz Limit: 3301
Processor Information for processor 10
  Max Mhz: 3301, Current Mhz: 3301, Mhz Limit: 3301
Processor Information for processor 11
  Max Mhz: 3301, Current Mhz: 3301, Mhz Limit: 3301

Memory: 4k page, system-wide physical 7365M (344M free)
TotalPageFile size 29893M (AvailPageFile size 2M)
current process WorkingSet (physical memory assigned to process): 359M, peak: 359M
current process commit charge ("private bytes"): 375M, peak: 382M

vm_info: OpenJDK 64-Bit Server VM (17.0.13+11) for windows-amd64 JRE (17.0.13+11), built on Oct 16 2024 00:10:08 by "admin" with MS VC++ 17.7 (VS2022)

END.
