#
# There is insufficient memory for the Java Runtime Environment to continue.
# Native memory allocation (malloc) failed to allocate 1706736 bytes. Error detail: Chunk::new
# Possible reasons:
#   The system is out of physical RAM or swap space
#   This process is running with CompressedOops enabled, and the Java Heap may be blocking the growth of the native heap
# Possible solutions:
#   Reduce memory load on the system
#   Increase physical memory or swap space
#   Check if swap backing store is full
#   Decrease Java heap size (-Xmx/-Xms)
#   Decrease number of Java threads
#   Decrease Java thread stack sizes (-Xss)
#   Set larger code cache with -XX:ReservedCodeCacheSize=
#   JVM is running with Unscaled Compressed Oops mode in which the Java heap is
#     placed in the first 4GB address space. The Java Heap base address is the
#     maximum limit for the native heap growth. Please use -XX:HeapBaseMinAddress
#     to set the Java Heap base and to place the Java Heap above 4GB virtual address.
# This output file may be truncated or incomplete.
#
#  Out of Memory Error (arena.cpp:191), pid=17784, tid=19876
#
# JRE version: OpenJDK Runtime Environment Temurin-17.0.13+11 (17.0.13+11) (build 17.0.13+11)
# Java VM: OpenJDK 64-Bit Server VM Temurin-17.0.13+11 (17.0.13+11, mixed mode, tiered, compressed oops, compressed class ptrs, parallel gc, windows-amd64)
# No core dump will be written. Minidumps are not enabled by default on client versions of Windows
#

---------------  S U M M A R Y ------------

Command Line: --add-modules=ALL-SYSTEM --add-opens=java.base/java.util=ALL-UNNAMED --add-opens=java.base/java.lang=ALL-UNNAMED --add-opens=java.base/sun.nio.fs=ALL-UNNAMED -Declipse.application=org.eclipse.jdt.ls.core.id1 -Dosgi.bundles.defaultStartLevel=4 -Declipse.product=org.eclipse.jdt.ls.core.product -Djava.import.generatesMetadataFilesAtProjectRoot=false -DDetectVMInstallationsJob.disabled=true -Dfile.encoding=utf8 -XX:+UseParallelGC -XX:GCTimeRatio=4 -XX:AdaptiveSizePolicyWeight=90 -Dsun.zip.disableMemoryMapping=true -Xmx1G -Xms100m -Xlog:disable -javaagent:c:\Users\yenho\.vscode\extensions\redhat.java-1.38.0-win32-x64\lombok\lombok-1.18.34.jar -XX:+HeapDumpOnOutOfMemoryError -XX:HeapDumpPath=c:\Users\yenho\AppData\Roaming\Code\User\workspaceStorage\be8ad8b4014e26bb98f6d4fcdc527ed2\redhat.java -Daether.dependencyCollector.impl=bf c:\Users\yenho\.vscode\extensions\redhat.java-1.38.0-win32-x64\server\plugins\org.eclipse.equinox.launcher_1.6.900.v20240613-2009.jar -configuration c:\Users\yenho\AppData\Roaming\Code\User\globalStorage\redhat.java\1.38.0\config_win -data c:\Users\yenho\AppData\Roaming\Code\User\workspaceStorage\be8ad8b4014e26bb98f6d4fcdc527ed2\redhat.java\jdt_ws --pipe=\\.\pipe\lsp-5d227bde40472ce70516b7d28d053fd6-sock

Host: AMD Ryzen 5 7535HS with Radeon Graphics        , 12 cores, 7G,  Windows 11 , 64 bit Build 22621 (10.0.22621.4391)
Time: Thu Jan  9 14:31:51 2025 SE Asia Standard Time elapsed time: 7.112854 seconds (0d 0h 0m 7s)

---------------  T H R E A D  ---------------

Current thread (0x0000018421746520):  JavaThread "C2 CompilerThread2" daemon [_thread_in_native, id=19876, stack(0x00000037fec00000,0x00000037fed00000)]


Current CompileTask:
C2:   7112 8433   !   4       org.eclipse.jdt.internal.core.search.indexing.BinaryIndexer::indexDocument (1157 bytes)

Stack: [0x00000037fec00000,0x00000037fed00000]
Native frames: (J=compiled Java code, j=interpreted, Vv=VM code, C=native code)
V  [jvm.dll+0x682a19]
V  [jvm.dll+0x839538]
V  [jvm.dll+0x83afe3]
V  [jvm.dll+0x83b653]
V  [jvm.dll+0x24704f]
V  [jvm.dll+0xace34]
V  [jvm.dll+0xad4cc]
V  [jvm.dll+0x36592f]
V  [jvm.dll+0x1ba989]
V  [jvm.dll+0x2181a7]
V  [jvm.dll+0x21748f]
V  [jvm.dll+0x1a3070]
V  [jvm.dll+0x22788c]
V  [jvm.dll+0x2259eb]
V  [jvm.dll+0x7eec98]
V  [jvm.dll+0x7e8ffc]
V  [jvm.dll+0x6818f7]
C  [ucrtbase.dll+0x29333]
C  [KERNEL32.DLL+0x1259d]
C  [ntdll.dll+0x5af38]


---------------  P R O C E S S  ---------------

Threads class SMR info:
_java_thread_list=0x000001841fee43e0, length=80, elements={
0x0000018406d551c0, 0x0000018406df6a20, 0x000001841abda690, 0x0000018406df77d0,
0x0000018406df8300, 0x000001841fd6a040, 0x000001841fd6d0e0, 0x000001841fd776d0,
0x000001841fd78850, 0x000001841fd7ad80, 0x000001841fe753b0, 0x000001841ff3f450,
0x00000184200bdbb0, 0x0000018421746520, 0x000001842217a940, 0x000001842256d140,
0x00000184223658e0, 0x0000018422366190, 0x0000018421eda6f0, 0x000001842269e080,
0x000001842269eaa0, 0x000001842269e590, 0x000001842269f4c0, 0x000001842269cc40,
0x000001842269f9d0, 0x000001842269d150, 0x000001842269c220, 0x000001842269c730,
0x000001842269d660, 0x0000018424907170, 0x0000018424901140, 0x0000018424906240,
0x0000018424901b60, 0x0000018424900210, 0x0000018424906750, 0x00000184249043e0,
0x0000018424902070, 0x0000018424902580, 0x0000018424906c60, 0x00000184249048f0,
0x0000018424900c30, 0x0000018424904e00, 0x0000018424902a90, 0x0000018424902fa0,
0x0000018424907680, 0x0000018424900720, 0x00000184249034b0, 0x0000018424907b90,
0x00000184249039c0, 0x0000018424905820, 0x0000018424903ed0, 0x000001842269db70,
0x0000018422ba2b20, 0x0000018422ba4980, 0x0000018422ba1bf0, 0x0000018422ba16e0,
0x0000018422ba3a50, 0x0000018422ba3540, 0x0000018422ba2100, 0x0000018422ba2610,
0x0000018422ba3030, 0x0000018422ba4e90, 0x0000018422ba3f60, 0x0000018422ba4470,
0x0000018422a8f670, 0x0000018422a8fb80, 0x0000018422a8bec0, 0x0000018422a89130,
0x0000018422a8dd20, 0x0000018422a90090, 0x0000018422a8f160, 0x0000018422a8c3d0,
0x0000018422a8d810, 0x0000018422a88c20, 0x0000018422a89640, 0x0000018422a89b50,
0x0000018422a8a060, 0x0000018422a8ec50, 0x0000018422a8a570, 0x0000018422a8aa80
}

Java Threads: ( => current thread )
  0x0000018406d551c0 JavaThread "main" [_thread_blocked, id=16860, stack(0x00000037fdc00000,0x00000037fdd00000)]
  0x0000018406df6a20 JavaThread "Reference Handler" daemon [_thread_blocked, id=3224, stack(0x00000037fdf00000,0x00000037fe000000)]
  0x000001841abda690 JavaThread "Finalizer" daemon [_thread_blocked, id=23108, stack(0x00000037fe000000,0x00000037fe100000)]
  0x0000018406df77d0 JavaThread "Signal Dispatcher" daemon [_thread_blocked, id=17776, stack(0x00000037fe100000,0x00000037fe200000)]
  0x0000018406df8300 JavaThread "Attach Listener" daemon [_thread_blocked, id=17788, stack(0x00000037fe200000,0x00000037fe300000)]
  0x000001841fd6a040 JavaThread "Service Thread" daemon [_thread_blocked, id=17492, stack(0x00000037fe300000,0x00000037fe400000)]
  0x000001841fd6d0e0 JavaThread "Monitor Deflation Thread" daemon [_thread_blocked, id=14240, stack(0x00000037fe400000,0x00000037fe500000)]
  0x000001841fd776d0 JavaThread "C2 CompilerThread0" daemon [_thread_in_native, id=17212, stack(0x00000037fe500000,0x00000037fe600000)]
  0x000001841fd78850 JavaThread "C1 CompilerThread0" daemon [_thread_blocked, id=10000, stack(0x00000037fe600000,0x00000037fe700000)]
  0x000001841fd7ad80 JavaThread "Sweeper thread" daemon [_thread_blocked, id=20612, stack(0x00000037fe700000,0x00000037fe800000)]
  0x000001841fe753b0 JavaThread "Common-Cleaner" daemon [_thread_blocked, id=2108, stack(0x00000037fe800000,0x00000037fe900000)]
  0x000001841ff3f450 JavaThread "C2 CompilerThread1" daemon [_thread_in_native, id=20312, stack(0x00000037fe900000,0x00000037fea00000)]
  0x00000184200bdbb0 JavaThread "Notification Thread" daemon [_thread_blocked, id=15228, stack(0x00000037fea00000,0x00000037feb00000)]
=>0x0000018421746520 JavaThread "C2 CompilerThread2" daemon [_thread_in_native, id=19876, stack(0x00000037fec00000,0x00000037fed00000)]
  0x000001842217a940 JavaThread "Active Thread: Equinox Container: a5fe2d6a-ea90-4908-a0b8-c4bb7dfdece5" [_thread_blocked, id=21000, stack(0x00000037ff300000,0x00000037ff400000)]
  0x000001842256d140 JavaThread "Refresh Thread: Equinox Container: a5fe2d6a-ea90-4908-a0b8-c4bb7dfdece5" daemon [_thread_blocked, id=1812, stack(0x00000037ff400000,0x00000037ff500000)]
  0x00000184223658e0 JavaThread "Framework Event Dispatcher: Equinox Container: a5fe2d6a-ea90-4908-a0b8-c4bb7dfdece5" daemon [_thread_blocked, id=2584, stack(0x00000037ff500000,0x00000037ff600000)]
  0x0000018422366190 JavaThread "Start Level: Equinox Container: a5fe2d6a-ea90-4908-a0b8-c4bb7dfdece5" daemon [_thread_blocked, id=22984, stack(0x00000037ff600000,0x00000037ff700000)]
  0x0000018421eda6f0 JavaThread "Bundle File Closer" daemon [_thread_blocked, id=696, stack(0x00000037ff800000,0x00000037ff900000)]
  0x000001842269e080 JavaThread "SCR Component Actor" daemon [_thread_blocked, id=18128, stack(0x00000037ffa00000,0x00000037ffb00000)]
  0x000001842269eaa0 JavaThread "SCR Component Registry" daemon [_thread_blocked, id=6016, stack(0x00000037ffb00000,0x00000037ffc00000)]
  0x000001842269e590 JavaThread "Worker-JM" [_thread_blocked, id=13592, stack(0x00000037ffd00000,0x00000037ffe00000)]
  0x000001842269f4c0 JavaThread "JNA Cleaner" daemon [_thread_blocked, id=18776, stack(0x00000037ffe00000,0x00000037fff00000)]
  0x000001842269cc40 JavaThread "Worker-0" [_thread_blocked, id=18636, stack(0x00000037fff00000,0x0000003800000000)]
  0x000001842269f9d0 JavaThread "Worker-1" [_thread_blocked, id=18088, stack(0x0000003780000000,0x0000003780100000)]
  0x000001842269d150 JavaThread "Java indexing" daemon [_thread_in_Java, id=9600, stack(0x0000003780100000,0x0000003780200000)]
  0x000001842269c220 JavaThread "Thread-2" daemon [_thread_in_native, id=13280, stack(0x0000003780200000,0x0000003780300000)]
  0x000001842269c730 JavaThread "Thread-3" daemon [_thread_in_native, id=12908, stack(0x0000003780300000,0x0000003780400000)]
  0x000001842269d660 JavaThread "Thread-4" daemon [_thread_in_native, id=17848, stack(0x0000003780400000,0x0000003780500000)]
  0x0000018424907170 JavaThread "Thread-5" daemon [_thread_in_native, id=20804, stack(0x0000003780500000,0x0000003780600000)]
  0x0000018424901140 JavaThread "Thread-6" daemon [_thread_in_native, id=18500, stack(0x0000003780600000,0x0000003780700000)]
  0x0000018424906240 JavaThread "Thread-7" daemon [_thread_in_native, id=22788, stack(0x0000003780700000,0x0000003780800000)]
  0x0000018424901b60 JavaThread "Thread-8" daemon [_thread_in_native, id=19076, stack(0x0000003780800000,0x0000003780900000)]
  0x0000018424900210 JavaThread "Thread-9" daemon [_thread_in_native, id=19396, stack(0x0000003780900000,0x0000003780a00000)]
  0x0000018424906750 JavaThread "Thread-10" daemon [_thread_in_native, id=10404, stack(0x0000003780a00000,0x0000003780b00000)]
  0x00000184249043e0 JavaThread "Thread-11" daemon [_thread_in_native, id=18768, stack(0x0000003780b00000,0x0000003780c00000)]
  0x0000018424902070 JavaThread "Thread-12" daemon [_thread_in_native, id=10908, stack(0x0000003780c00000,0x0000003780d00000)]
  0x0000018424902580 JavaThread "Thread-13" daemon [_thread_in_native, id=17584, stack(0x0000003780d00000,0x0000003780e00000)]
  0x0000018424906c60 JavaThread "Thread-14" daemon [_thread_in_native, id=3672, stack(0x0000003780e00000,0x0000003780f00000)]
  0x00000184249048f0 JavaThread "pool-2-thread-1" [_thread_blocked, id=15060, stack(0x0000003780f00000,0x0000003781000000)]
  0x0000018424900c30 JavaThread "Worker-2" [_thread_blocked, id=9552, stack(0x0000003781000000,0x0000003781100000)]
  0x0000018424904e00 JavaThread "Worker-3" [_thread_blocked, id=6148, stack(0x0000003781100000,0x0000003781200000)]
  0x0000018424902a90 JavaThread "Worker-4: Java indexing... " [_thread_blocked, id=10356, stack(0x0000003781200000,0x0000003781300000)]
  0x0000018424902fa0 JavaThread "WorkspaceEventsHandler" [_thread_blocked, id=12236, stack(0x0000003781300000,0x0000003781400000)]
  0x0000018424907680 JavaThread "pool-1-thread-1" [_thread_blocked, id=7800, stack(0x0000003781400000,0x0000003781500000)]
  0x0000018424900720 JavaThread "Worker-5" [_thread_blocked, id=3608, stack(0x0000003781500000,0x0000003781600000)]
  0x00000184249034b0 JavaThread "Worker-6: Building" [_thread_in_Java, id=7996, stack(0x0000003781600000,0x0000003781700000)]
  0x0000018424907b90 JavaThread "LocalFile Deleter" daemon [_thread_blocked, id=12036, stack(0x0000003781700000,0x0000003781800000)]
  0x00000184249039c0 JavaThread "LocalFile Deleter" daemon [_thread_blocked, id=20236, stack(0x0000003781800000,0x0000003781900000)]
  0x0000018424905820 JavaThread "LocalFile Deleter" daemon [_thread_blocked, id=1852, stack(0x0000003781900000,0x0000003781a00000)]
  0x0000018424903ed0 JavaThread "LocalFile Deleter" daemon [_thread_blocked, id=18288, stack(0x0000003781a00000,0x0000003781b00000)]
  0x000001842269db70 JavaThread "LocalFile Deleter" daemon [_thread_blocked, id=18536, stack(0x0000003781b00000,0x0000003781c00000)]
  0x0000018422ba2b20 JavaThread "LocalFile Deleter" daemon [_thread_blocked, id=18860, stack(0x0000003781c00000,0x0000003781d00000)]
  0x0000018422ba4980 JavaThread "LocalFile Deleter" daemon [_thread_blocked, id=5700, stack(0x0000003781d00000,0x0000003781e00000)]
  0x0000018422ba1bf0 JavaThread "LocalFile Deleter" daemon [_thread_blocked, id=23312, stack(0x0000003781e00000,0x0000003781f00000)]
  0x0000018422ba16e0 JavaThread "LocalFile Deleter" daemon [_thread_blocked, id=1620, stack(0x0000003781f00000,0x0000003782000000)]
  0x0000018422ba3a50 JavaThread "LocalFile Deleter" daemon [_thread_blocked, id=6900, stack(0x0000003782000000,0x0000003782100000)]
  0x0000018422ba3540 JavaThread "LocalFile Deleter" daemon [_thread_blocked, id=13348, stack(0x0000003782100000,0x0000003782200000)]
  0x0000018422ba2100 JavaThread "LocalFile Deleter" daemon [_thread_blocked, id=4560, stack(0x0000003782200000,0x0000003782300000)]
  0x0000018422ba2610 JavaThread "Compiler Source File Reader" daemon [_thread_blocked, id=1624, stack(0x0000003782300000,0x0000003782400000)]
  0x0000018422ba3030 JavaThread "Compiler Source File Reader" daemon [_thread_blocked, id=16648, stack(0x0000003782400000,0x0000003782500000)]
  0x0000018422ba4e90 JavaThread "Compiler Source File Reader" daemon [_thread_blocked, id=16808, stack(0x0000003782500000,0x0000003782600000)]
  0x0000018422ba3f60 JavaThread "Compiler Source File Reader" daemon [_thread_blocked, id=18480, stack(0x0000003782600000,0x0000003782700000)]
  0x0000018422ba4470 JavaThread "Compiler Source File Reader" daemon [_thread_blocked, id=7804, stack(0x0000003782700000,0x0000003782800000)]
  0x0000018422a8f670 JavaThread "Compiler Source File Reader" daemon [_thread_blocked, id=8020, stack(0x0000003782800000,0x0000003782900000)]
  0x0000018422a8fb80 JavaThread "Compiler Source File Reader" daemon [_thread_blocked, id=18588, stack(0x0000003782900000,0x0000003782a00000)]
  0x0000018422a8bec0 JavaThread "Compiler Source File Reader" daemon [_thread_blocked, id=22572, stack(0x0000003782a00000,0x0000003782b00000)]
  0x0000018422a89130 JavaThread "Compiler Source File Reader" daemon [_thread_blocked, id=18684, stack(0x0000003782b00000,0x0000003782c00000)]
  0x0000018422a8dd20 JavaThread "Compiler Source File Reader" daemon [_thread_blocked, id=1732, stack(0x0000003782c00000,0x0000003782d00000)]
  0x0000018422a90090 JavaThread "Compiler Processing Task" daemon [_thread_blocked, id=18996, stack(0x0000003782d00000,0x0000003782e00000)]
  0x0000018422a8f160 JavaThread "Compiler Class File Writer" daemon [_thread_blocked, id=8912, stack(0x0000003782e00000,0x0000003782f00000)]
  0x0000018422a8c3d0 JavaThread "Compiler Class File Writer" daemon [_thread_blocked, id=4656, stack(0x0000003782f00000,0x0000003783000000)]
  0x0000018422a8d810 JavaThread "Compiler Class File Writer" daemon [_thread_blocked, id=16136, stack(0x0000003783000000,0x0000003783100000)]
  0x0000018422a88c20 JavaThread "Compiler Class File Writer" daemon [_thread_blocked, id=5760, stack(0x0000003783100000,0x0000003783200000)]
  0x0000018422a89640 JavaThread "Compiler Class File Writer" daemon [_thread_blocked, id=22700, stack(0x0000003783200000,0x0000003783300000)]
  0x0000018422a89b50 JavaThread "Compiler Class File Writer" daemon [_thread_blocked, id=18932, stack(0x0000003783300000,0x0000003783400000)]
  0x0000018422a8a060 JavaThread "Compiler Class File Writer" daemon [_thread_blocked, id=10380, stack(0x0000003783400000,0x0000003783500000)]
  0x0000018422a8ec50 JavaThread "Compiler Class File Writer" daemon [_thread_blocked, id=22980, stack(0x0000003783500000,0x0000003783600000)]
  0x0000018422a8a570 JavaThread "Compiler Class File Writer" daemon [_thread_blocked, id=15252, stack(0x0000003783600000,0x0000003783700000)]
  0x0000018422a8aa80 JavaThread "Compiler Class File Writer" daemon [_thread_blocked, id=6500, stack(0x0000003783700000,0x0000003783800000)]

Other Threads:
  0x0000018404a7ece0 VMThread "VM Thread" [stack: 0x00000037fde00000,0x00000037fdf00000] [id=17580]
  0x00000184200b9820 WatcherThread [stack: 0x00000037feb00000,0x00000037fec00000] [id=18572]
  0x0000018406d6a250 GCTaskThread "GC Thread#0" [stack: 0x00000037fdd00000,0x00000037fde00000] [id=9280]
  0x00000184219ed0f0 GCTaskThread "GC Thread#1" [stack: 0x00000037fed00000,0x00000037fee00000] [id=15624]
  0x00000184219edbf0 GCTaskThread "GC Thread#2" [stack: 0x00000037fee00000,0x00000037fef00000] [id=20372]
  0x00000184219ee430 GCTaskThread "GC Thread#3" [stack: 0x00000037fef00000,0x00000037ff000000] [id=3352]
  0x00000184219ec8b0 GCTaskThread "GC Thread#4" [stack: 0x00000037ff000000,0x00000037ff100000] [id=20348]
  0x00000184219ee170 GCTaskThread "GC Thread#5" [stack: 0x00000037ff100000,0x00000037ff200000] [id=20100]
  0x00000184219ed3b0 GCTaskThread "GC Thread#6" [stack: 0x00000037ff200000,0x00000037ff300000] [id=22752]
  0x00000184219ecb70 GCTaskThread "GC Thread#7" [stack: 0x00000037ff700000,0x00000037ff800000] [id=22824]
  0x00000184219ece30 GCTaskThread "GC Thread#8" [stack: 0x00000037ff900000,0x00000037ffa00000] [id=23156]
  0x00000184225ae110 GCTaskThread "GC Thread#9" [stack: 0x00000037ffc00000,0x00000037ffd00000] [id=13748]

Threads with active compile tasks:
C2 CompilerThread0     7138 8864       4       java.util.Spliterators$1Adapter::hasNext (23 bytes)
C1 CompilerThread0     7138 9140       3       org.eclipse.core.internal.registry.ExtensionHandle::<init> (7 bytes)
C2 CompilerThread1     7138 9122       4       sun.reflect.generics.parser.SignatureParser::skipIdentifier (67 bytes)
C2 CompilerThread2     7138 8433   !   4       org.eclipse.jdt.internal.core.search.indexing.BinaryIndexer::indexDocument (1157 bytes)

VM state: not at safepoint (normal execution)

VM Mutex/Monitor currently owned by a thread: None

Heap address: 0x00000000c0000000, size: 1024 MB, Compressed Oops mode: 32-bit

CDS archive(s) not mapped
Compressed class space mapped at: 0x0000000100000000-0x0000000140000000, reserved size: 1073741824
Narrow klass base: 0x0000000000000000, Narrow klass shift: 3, Narrow klass range: 0x140000000

GC Precious Log:
 CPUs: 12 total, 12 available
 Memory: 7365M
 Large Page Support: Disabled
 NUMA Support: Disabled
 Compressed Oops: Enabled (32-bit)
 Alignments: Space 512K, Generation 512K, Heap 2M
 Heap Min Capacity: 100M
 Heap Initial Capacity: 100M
 Heap Max Capacity: 1G
 Pre-touch: Disabled
 Parallel Workers: 10

Heap:
 PSYoungGen      total 8704K, used 5655K [0x00000000eab00000, 0x00000000eb880000, 0x0000000100000000)
  eden space 6144K, 50% used [0x00000000eab00000,0x00000000eae07f38,0x00000000eb100000)
  from space 2560K, 99% used [0x00000000eb100000,0x00000000eb37ddf0,0x00000000eb380000)
  to   space 3584K, 0% used [0x00000000eb500000,0x00000000eb500000,0x00000000eb880000)
 ParOldGen       total 172544K, used 150414K [0x00000000c0000000, 0x00000000ca880000, 0x00000000eab00000)
  object space 172544K, 87% used [0x00000000c0000000,0x00000000c92e3bc0,0x00000000ca880000)
 Metaspace       used 63740K, committed 64704K, reserved 1114112K
  class space    used 6702K, committed 7104K, reserved 1048576K

Card table byte_map: [0x00000184066e0000,0x00000184068f0000] _byte_map_base: 0x00000184060e0000

Marking Bits: (ParMarkBitMap*) 0x00007ffc36006940
 Begin Bits: [0x00000184189e0000, 0x00000184199e0000)
 End Bits:   [0x00000184199e0000, 0x000001841a9e0000)

Polling page: 0x0000018404c70000

Metaspace:

Usage:
  Non-class:     55.70 MB used.
      Class:      6.55 MB used.
       Both:     62.25 MB used.

Virtual space:
  Non-class space:       64.00 MB reserved,      56.25 MB ( 88%) committed,  1 nodes.
      Class space:        1.00 GB reserved,       6.94 MB ( <1%) committed,  1 nodes.
             Both:        1.06 GB reserved,      63.19 MB (  6%) committed. 

Chunk freelists:
   Non-Class:  7.62 MB
       Class:  9.06 MB
        Both:  16.69 MB

MaxMetaspaceSize: unlimited
CompressedClassSpaceSize: 1.00 GB
Initial GC threshold: 21.00 MB
Current GC threshold: 103.75 MB
CDS: off
MetaspaceReclaimPolicy: balanced
 - commit_granule_bytes: 65536.
 - commit_granule_words: 8192.
 - virtual_space_node_default_size: 8388608.
 - enlarge_chunks_in_place: 1.
 - new_chunks_are_fully_committed: 0.
 - uncommit_free_chunks: 1.
 - use_allocation_guard: 0.
 - handle_deallocations: 1.


Internal statistics:

num_allocs_failed_limit: 6.
num_arena_births: 706.
num_arena_deaths: 38.
num_vsnodes_births: 2.
num_vsnodes_deaths: 0.
num_space_committed: 1011.
num_space_uncommitted: 0.
num_chunks_returned_to_freelist: 55.
num_chunks_taken_from_freelist: 3400.
num_chunk_merges: 20.
num_chunk_splits: 2030.
num_chunks_enlarged: 1088.
num_inconsistent_stats: 0.

CodeHeap 'non-profiled nmethods': size=120000Kb used=3514Kb max_used=3514Kb free=116485Kb
 bounds [0x00000184114b0000, 0x0000018411820000, 0x00000184189e0000]
CodeHeap 'profiled nmethods': size=120000Kb used=15006Kb max_used=15153Kb free=104993Kb
 bounds [0x00000184099e0000, 0x000001840a8c0000, 0x0000018410f10000]
CodeHeap 'non-nmethods': size=5760Kb used=1360Kb max_used=1424Kb free=4399Kb
 bounds [0x0000018410f10000, 0x0000018411180000, 0x00000184114b0000]
 total_blobs=8144 nmethods=7442 adapters=611
 compilation: enabled
              stopped_count=0, restarted_count=0
 full_count=0

Compilation events (20 events):
Event: 7.103 Thread 0x000001841ff3f450 8313       4       org.eclipse.jdt.internal.compiler.ast.TypeReference::resolveType (7 bytes)
Event: 7.103 Thread 0x000001841ff3f450 nmethod 8313 0x00000184116a0b10 code [0x00000184116a0c80, 0x00000184116a0d18]
Event: 7.103 Thread 0x000001841ff3f450 8300       4       org.eclipse.jdt.internal.compiler.ast.Statement::bindingsWhenTrue (4 bytes)
Event: 7.103 Thread 0x000001841ff3f450 nmethod 8300 0x00000184116a0810 code [0x00000184116a0980, 0x00000184116a09f8]
Event: 7.103 Thread 0x000001841ff3f450 4664       4       java.io.StringWriter::flush (1 bytes)
Event: 7.103 Thread 0x000001841ff3f450 nmethod 4664 0x00000184116a0510 code [0x00000184116a0680, 0x00000184116a06f8]
Event: 7.103 Thread 0x000001841ff3f450 5482       4       org.eclipse.jdt.internal.core.JavaModelManager::getJavaModelManager (4 bytes)
Event: 7.104 Thread 0x000001841ff3f450 nmethod 5482 0x00000184116a0210 code [0x00000184116a0380, 0x00000184116a03f8]
Event: 7.104 Thread 0x000001841ff3f450 8312       4       org.eclipse.jdt.internal.compiler.ast.TypeReference::resolveType (8 bytes)
Event: 7.104 Thread 0x000001841ff3f450 nmethod 8312 0x000001841169ff10 code [0x00000184116a0080, 0x00000184116a0118]
Event: 7.104 Thread 0x000001841ff3f450 8344       4       org.eclipse.core.internal.resources.ResourceInfo::set (11 bytes)
Event: 7.104 Thread 0x000001841ff3f450 nmethod 8344 0x000001841169fc10 code [0x000001841169fd80, 0x000001841169fdf8]
Event: 7.104 Thread 0x000001841ff3f450 8711       4       org.eclipse.jdt.internal.compiler.env.ITypeAnnotationWalker$1::getAnnotationsAtCursor (4 bytes)
Event: 7.105 Thread 0x000001841ff3f450 nmethod 8711 0x000001841169f910 code [0x000001841169fa80, 0x000001841169faf8]
Event: 7.105 Thread 0x000001841ff3f450 8349       4       org.eclipse.jdt.internal.compiler.ast.Expression::setExpressionContext (1 bytes)
Event: 7.105 Thread 0x000001841ff3f450 nmethod 8349 0x0000018411815c90 code [0x0000018411815e00, 0x0000018411815e78]
Event: 7.105 Thread 0x000001841ff3f450 8339       4       org.eclipse.jdt.internal.compiler.lookup.ParameterizedTypeBinding::initializeForStaticImports (8 bytes)
Event: 7.107 Thread 0x000001841fd78850 9118       2       com.google.gson.internal.$Gson$Types::resolve (499 bytes)
Event: 7.109 Thread 0x000001841ff3f450 nmethod 8339 0x0000018411815f90 code [0x0000018411816100, 0x0000018411816198]
Event: 7.110 Thread 0x000001841ff3f450 8504       4       org.eclipse.jdt.internal.compiler.parser.Parser::concatNodeLists (31 bytes)

GC Heap History (20 events):
Event: 6.932 GC heap before
{Heap before GC invocations=96 (full 6):
 PSYoungGen      total 5120K, used 5091K [0x00000000eab00000, 0x00000000eb380000, 0x0000000100000000)
  eden space 3072K, 100% used [0x00000000eab00000,0x00000000eae00000,0x00000000eae00000)
  from space 2048K, 98% used [0x00000000eae00000,0x00000000eaff8d18,0x00000000eb000000)
  to   space 2560K, 0% used [0x00000000eb100000,0x00000000eb100000,0x00000000eb380000)
 ParOldGen       total 172544K, used 141883K [0x00000000c0000000, 0x00000000ca880000, 0x00000000eab00000)
  object space 172544K, 82% used [0x00000000c0000000,0x00000000c8a8ef38,0x00000000ca880000)
 Metaspace       used 63036K, committed 64064K, reserved 1114112K
  class space    used 6619K, committed 7040K, reserved 1048576K
}
Event: 6.934 GC heap after
{Heap after GC invocations=96 (full 6):
 PSYoungGen      total 5120K, used 1479K [0x00000000eab00000, 0x00000000eb280000, 0x0000000100000000)
  eden space 3584K, 0% used [0x00000000eab00000,0x00000000eab00000,0x00000000eae80000)
  from space 1536K, 96% used [0x00000000eb100000,0x00000000eb271fb8,0x00000000eb280000)
  to   space 2048K, 0% used [0x00000000eae80000,0x00000000eae80000,0x00000000eb080000)
 ParOldGen       total 172544K, used 143210K [0x00000000c0000000, 0x00000000ca880000, 0x00000000eab00000)
  object space 172544K, 82% used [0x00000000c0000000,0x00000000c8bdaa00,0x00000000ca880000)
 Metaspace       used 63036K, committed 64064K, reserved 1114112K
  class space    used 6619K, committed 7040K, reserved 1048576K
}
Event: 6.950 GC heap before
{Heap before GC invocations=97 (full 6):
 PSYoungGen      total 5120K, used 5063K [0x00000000eab00000, 0x00000000eb280000, 0x0000000100000000)
  eden space 3584K, 100% used [0x00000000eab00000,0x00000000eae80000,0x00000000eae80000)
  from space 1536K, 96% used [0x00000000eb100000,0x00000000eb271fb8,0x00000000eb280000)
  to   space 2048K, 0% used [0x00000000eae80000,0x00000000eae80000,0x00000000eb080000)
 ParOldGen       total 172544K, used 143210K [0x00000000c0000000, 0x00000000ca880000, 0x00000000eab00000)
  object space 172544K, 82% used [0x00000000c0000000,0x00000000c8bdaa00,0x00000000ca880000)
 Metaspace       used 63056K, committed 64064K, reserved 1114112K
  class space    used 6620K, committed 7040K, reserved 1048576K
}
Event: 6.951 GC heap after
{Heap after GC invocations=97 (full 6):
 PSYoungGen      total 5632K, used 2045K [0x00000000eab00000, 0x00000000eb400000, 0x0000000100000000)
  eden space 3584K, 0% used [0x00000000eab00000,0x00000000eab00000,0x00000000eae80000)
  from space 2048K, 99% used [0x00000000eae80000,0x00000000eb07f558,0x00000000eb080000)
  to   space 2560K, 0% used [0x00000000eb180000,0x00000000eb180000,0x00000000eb400000)
 ParOldGen       total 172544K, used 143296K [0x00000000c0000000, 0x00000000ca880000, 0x00000000eab00000)
  object space 172544K, 83% used [0x00000000c0000000,0x00000000c8bf00c8,0x00000000ca880000)
 Metaspace       used 63056K, committed 64064K, reserved 1114112K
  class space    used 6620K, committed 7040K, reserved 1048576K
}
Event: 6.962 GC heap before
{Heap before GC invocations=98 (full 6):
 PSYoungGen      total 5632K, used 5629K [0x00000000eab00000, 0x00000000eb400000, 0x0000000100000000)
  eden space 3584K, 100% used [0x00000000eab00000,0x00000000eae80000,0x00000000eae80000)
  from space 2048K, 99% used [0x00000000eae80000,0x00000000eb07f558,0x00000000eb080000)
  to   space 2560K, 0% used [0x00000000eb180000,0x00000000eb180000,0x00000000eb400000)
 ParOldGen       total 172544K, used 143296K [0x00000000c0000000, 0x00000000ca880000, 0x00000000eab00000)
  object space 172544K, 83% used [0x00000000c0000000,0x00000000c8bf00c8,0x00000000ca880000)
 Metaspace       used 63092K, committed 64128K, reserved 1114112K
  class space    used 6620K, committed 7040K, reserved 1048576K
}
Event: 6.964 GC heap after
{Heap after GC invocations=98 (full 6):
 PSYoungGen      total 6144K, used 1702K [0x00000000eab00000, 0x00000000eb380000, 0x0000000100000000)
  eden space 4096K, 0% used [0x00000000eab00000,0x00000000eab00000,0x00000000eaf00000)
  from space 2048K, 83% used [0x00000000eb180000,0x00000000eb329a90,0x00000000eb380000)
  to   space 2048K, 0% used [0x00000000eaf80000,0x00000000eaf80000,0x00000000eb180000)
 ParOldGen       total 172544K, used 144544K [0x00000000c0000000, 0x00000000ca880000, 0x00000000eab00000)
  object space 172544K, 83% used [0x00000000c0000000,0x00000000c8d28370,0x00000000ca880000)
 Metaspace       used 63092K, committed 64128K, reserved 1114112K
  class space    used 6620K, committed 7040K, reserved 1048576K
}
Event: 6.980 GC heap before
{Heap before GC invocations=99 (full 6):
 PSYoungGen      total 6144K, used 5798K [0x00000000eab00000, 0x00000000eb380000, 0x0000000100000000)
  eden space 4096K, 100% used [0x00000000eab00000,0x00000000eaf00000,0x00000000eaf00000)
  from space 2048K, 83% used [0x00000000eb180000,0x00000000eb329a90,0x00000000eb380000)
  to   space 2048K, 0% used [0x00000000eaf80000,0x00000000eaf80000,0x00000000eb180000)
 ParOldGen       total 172544K, used 144544K [0x00000000c0000000, 0x00000000ca880000, 0x00000000eab00000)
  object space 172544K, 83% used [0x00000000c0000000,0x00000000c8d28370,0x00000000ca880000)
 Metaspace       used 63104K, committed 64128K, reserved 1114112K
  class space    used 6621K, committed 7040K, reserved 1048576K
}
Event: 6.982 GC heap after
{Heap after GC invocations=99 (full 6):
 PSYoungGen      total 6656K, used 2045K [0x00000000eab00000, 0x00000000eb480000, 0x0000000100000000)
  eden space 4608K, 0% used [0x00000000eab00000,0x00000000eab00000,0x00000000eaf80000)
  from space 2048K, 99% used [0x00000000eaf80000,0x00000000eb17f518,0x00000000eb180000)
  to   space 2560K, 0% used [0x00000000eb200000,0x00000000eb200000,0x00000000eb480000)
 ParOldGen       total 172544K, used 144881K [0x00000000c0000000, 0x00000000ca880000, 0x00000000eab00000)
  object space 172544K, 83% used [0x00000000c0000000,0x00000000c8d7c500,0x00000000ca880000)
 Metaspace       used 63104K, committed 64128K, reserved 1114112K
  class space    used 6621K, committed 7040K, reserved 1048576K
}
Event: 6.992 GC heap before
{Heap before GC invocations=100 (full 6):
 PSYoungGen      total 6656K, used 6653K [0x00000000eab00000, 0x00000000eb480000, 0x0000000100000000)
  eden space 4608K, 100% used [0x00000000eab00000,0x00000000eaf80000,0x00000000eaf80000)
  from space 2048K, 99% used [0x00000000eaf80000,0x00000000eb17f518,0x00000000eb180000)
  to   space 2560K, 0% used [0x00000000eb200000,0x00000000eb200000,0x00000000eb480000)
 ParOldGen       total 172544K, used 144881K [0x00000000c0000000, 0x00000000ca880000, 0x00000000eab00000)
  object space 172544K, 83% used [0x00000000c0000000,0x00000000c8d7c500,0x00000000ca880000)
 Metaspace       used 63195K, committed 64192K, reserved 1114112K
  class space    used 6632K, committed 7040K, reserved 1048576K
}
Event: 6.994 GC heap after
{Heap after GC invocations=100 (full 6):
 PSYoungGen      total 7168K, used 1867K [0x00000000eab00000, 0x00000000eb500000, 0x0000000100000000)
  eden space 4608K, 0% used [0x00000000eab00000,0x00000000eab00000,0x00000000eaf80000)
  from space 2560K, 72% used [0x00000000eb200000,0x00000000eb3d2fd0,0x00000000eb480000)
  to   space 2560K, 0% used [0x00000000eaf80000,0x00000000eaf80000,0x00000000eb200000)
 ParOldGen       total 172544K, used 146162K [0x00000000c0000000, 0x00000000ca880000, 0x00000000eab00000)
  object space 172544K, 84% used [0x00000000c0000000,0x00000000c8ebc8e8,0x00000000ca880000)
 Metaspace       used 63195K, committed 64192K, reserved 1114112K
  class space    used 6632K, committed 7040K, reserved 1048576K
}
Event: 7.004 GC heap before
{Heap before GC invocations=101 (full 6):
 PSYoungGen      total 7168K, used 6475K [0x00000000eab00000, 0x00000000eb500000, 0x0000000100000000)
  eden space 4608K, 100% used [0x00000000eab00000,0x00000000eaf80000,0x00000000eaf80000)
  from space 2560K, 72% used [0x00000000eb200000,0x00000000eb3d2fd0,0x00000000eb480000)
  to   space 2560K, 0% used [0x00000000eaf80000,0x00000000eaf80000,0x00000000eb200000)
 ParOldGen       total 172544K, used 146162K [0x00000000c0000000, 0x00000000ca880000, 0x00000000eab00000)
  object space 172544K, 84% used [0x00000000c0000000,0x00000000c8ebc8e8,0x00000000ca880000)
 Metaspace       used 63245K, committed 64192K, reserved 1114112K
  class space    used 6638K, committed 7040K, reserved 1048576K
}
Event: 7.006 GC heap after
{Heap after GC invocations=101 (full 6):
 PSYoungGen      total 7168K, used 2548K [0x00000000eab00000, 0x00000000eb600000, 0x0000000100000000)
  eden space 4608K, 0% used [0x00000000eab00000,0x00000000eab00000,0x00000000eaf80000)
  from space 2560K, 99% used [0x00000000eaf80000,0x00000000eb1fd068,0x00000000eb200000)
  to   space 3072K, 0% used [0x00000000eb300000,0x00000000eb300000,0x00000000eb600000)
 ParOldGen       total 172544K, used 146331K [0x00000000c0000000, 0x00000000ca880000, 0x00000000eab00000)
  object space 172544K, 84% used [0x00000000c0000000,0x00000000c8ee6cc8,0x00000000ca880000)
 Metaspace       used 63245K, committed 64192K, reserved 1114112K
  class space    used 6638K, committed 7040K, reserved 1048576K
}
Event: 7.018 GC heap before
{Heap before GC invocations=102 (full 6):
 PSYoungGen      total 7168K, used 7156K [0x00000000eab00000, 0x00000000eb600000, 0x0000000100000000)
  eden space 4608K, 100% used [0x00000000eab00000,0x00000000eaf80000,0x00000000eaf80000)
  from space 2560K, 99% used [0x00000000eaf80000,0x00000000eb1fd068,0x00000000eb200000)
  to   space 3072K, 0% used [0x00000000eb300000,0x00000000eb300000,0x00000000eb600000)
 ParOldGen       total 172544K, used 146331K [0x00000000c0000000, 0x00000000ca880000, 0x00000000eab00000)
  object space 172544K, 84% used [0x00000000c0000000,0x00000000c8ee6cc8,0x00000000ca880000)
 Metaspace       used 63284K, committed 64256K, reserved 1114112K
  class space    used 6643K, committed 7040K, reserved 1048576K
}
Event: 7.020 GC heap after
{Heap after GC invocations=102 (full 6):
 PSYoungGen      total 7168K, used 1934K [0x00000000eab00000, 0x00000000eb500000, 0x0000000100000000)
  eden space 5120K, 0% used [0x00000000eab00000,0x00000000eab00000,0x00000000eb000000)
  from space 2048K, 94% used [0x00000000eb300000,0x00000000eb4e38f0,0x00000000eb500000)
  to   space 2560K, 0% used [0x00000000eb000000,0x00000000eb000000,0x00000000eb280000)
 ParOldGen       total 172544K, used 147984K [0x00000000c0000000, 0x00000000ca880000, 0x00000000eab00000)
  object space 172544K, 85% used [0x00000000c0000000,0x00000000c90842c8,0x00000000ca880000)
 Metaspace       used 63284K, committed 64256K, reserved 1114112K
  class space    used 6643K, committed 7040K, reserved 1048576K
}
Event: 7.032 GC heap before
{Heap before GC invocations=103 (full 6):
 PSYoungGen      total 7168K, used 7054K [0x00000000eab00000, 0x00000000eb500000, 0x0000000100000000)
  eden space 5120K, 100% used [0x00000000eab00000,0x00000000eb000000,0x00000000eb000000)
  from space 2048K, 94% used [0x00000000eb300000,0x00000000eb4e38f0,0x00000000eb500000)
  to   space 2560K, 0% used [0x00000000eb000000,0x00000000eb000000,0x00000000eb280000)
 ParOldGen       total 172544K, used 147984K [0x00000000c0000000, 0x00000000ca880000, 0x00000000eab00000)
  object space 172544K, 85% used [0x00000000c0000000,0x00000000c90842c8,0x00000000ca880000)
 Metaspace       used 63349K, committed 64384K, reserved 1114112K
  class space    used 6648K, committed 7104K, reserved 1048576K
}
Event: 7.034 GC heap after
{Heap after GC invocations=103 (full 6):
 PSYoungGen      total 7680K, used 2555K [0x00000000eab00000, 0x00000000eb680000, 0x0000000100000000)
  eden space 5120K, 0% used [0x00000000eab00000,0x00000000eab00000,0x00000000eb000000)
  from space 2560K, 99% used [0x00000000eb000000,0x00000000eb27eee8,0x00000000eb280000)
  to   space 3072K, 0% used [0x00000000eb380000,0x00000000eb380000,0x00000000eb680000)
 ParOldGen       total 172544K, used 148189K [0x00000000c0000000, 0x00000000ca880000, 0x00000000eab00000)
  object space 172544K, 85% used [0x00000000c0000000,0x00000000c90b77c0,0x00000000ca880000)
 Metaspace       used 63349K, committed 64384K, reserved 1114112K
  class space    used 6648K, committed 7104K, reserved 1048576K
}
Event: 7.047 GC heap before
{Heap before GC invocations=104 (full 6):
 PSYoungGen      total 7680K, used 7675K [0x00000000eab00000, 0x00000000eb680000, 0x0000000100000000)
  eden space 5120K, 100% used [0x00000000eab00000,0x00000000eb000000,0x00000000eb000000)
  from space 2560K, 99% used [0x00000000eb000000,0x00000000eb27eee8,0x00000000eb280000)
  to   space 3072K, 0% used [0x00000000eb380000,0x00000000eb380000,0x00000000eb680000)
 ParOldGen       total 172544K, used 148189K [0x00000000c0000000, 0x00000000ca880000, 0x00000000eab00000)
  object space 172544K, 85% used [0x00000000c0000000,0x00000000c90b77c0,0x00000000ca880000)
 Metaspace       used 63379K, committed 64448K, reserved 1114112K
  class space    used 6651K, committed 7104K, reserved 1048576K
}
Event: 7.050 GC heap after
{Heap after GC invocations=104 (full 6):
 PSYoungGen      total 8192K, used 2244K [0x00000000eab00000, 0x00000000eb600000, 0x0000000100000000)
  eden space 5632K, 0% used [0x00000000eab00000,0x00000000eab00000,0x00000000eb080000)
  from space 2560K, 87% used [0x00000000eb380000,0x00000000eb5b1068,0x00000000eb600000)
  to   space 2560K, 0% used [0x00000000eb100000,0x00000000eb100000,0x00000000eb380000)
 ParOldGen       total 172544K, used 149827K [0x00000000c0000000, 0x00000000ca880000, 0x00000000eab00000)
  object space 172544K, 86% used [0x00000000c0000000,0x00000000c9250d18,0x00000000ca880000)
 Metaspace       used 63379K, committed 64448K, reserved 1114112K
  class space    used 6651K, committed 7104K, reserved 1048576K
}
Event: 7.069 GC heap before
{Heap before GC invocations=105 (full 6):
 PSYoungGen      total 8192K, used 7876K [0x00000000eab00000, 0x00000000eb600000, 0x0000000100000000)
  eden space 5632K, 100% used [0x00000000eab00000,0x00000000eb080000,0x00000000eb080000)
  from space 2560K, 87% used [0x00000000eb380000,0x00000000eb5b1068,0x00000000eb600000)
  to   space 2560K, 0% used [0x00000000eb100000,0x00000000eb100000,0x00000000eb380000)
 ParOldGen       total 172544K, used 149827K [0x00000000c0000000, 0x00000000ca880000, 0x00000000eab00000)
  object space 172544K, 86% used [0x00000000c0000000,0x00000000c9250d18,0x00000000ca880000)
 Metaspace       used 63567K, committed 64576K, reserved 1114112K
  class space    used 6676K, committed 7104K, reserved 1048576K
}
Event: 7.071 GC heap after
{Heap after GC invocations=105 (full 6):
 PSYoungGen      total 8704K, used 2551K [0x00000000eab00000, 0x00000000eb880000, 0x0000000100000000)
  eden space 6144K, 0% used [0x00000000eab00000,0x00000000eab00000,0x00000000eb100000)
  from space 2560K, 99% used [0x00000000eb100000,0x00000000eb37ddf0,0x00000000eb380000)
  to   space 3584K, 0% used [0x00000000eb500000,0x00000000eb500000,0x00000000eb880000)
 ParOldGen       total 172544K, used 150414K [0x00000000c0000000, 0x00000000ca880000, 0x00000000eab00000)
  object space 172544K, 87% used [0x00000000c0000000,0x00000000c92e3bc0,0x00000000ca880000)
 Metaspace       used 63567K, committed 64576K, reserved 1114112K
  class space    used 6676K, committed 7104K, reserved 1048576K
}

Dll operation events (10 events):
Event: 0.008 Loaded shared library c:\Users\yenho\.vscode\extensions\redhat.java-1.38.0-win32-x64\jre\17.0.13-win32-x86_64\bin\java.dll
Event: 0.125 Loaded shared library c:\Users\yenho\.vscode\extensions\redhat.java-1.38.0-win32-x64\jre\17.0.13-win32-x86_64\bin\zip.dll
Event: 0.128 Loaded shared library C:\Users\yenho\.vscode\extensions\redhat.java-1.38.0-win32-x64\jre\17.0.13-win32-x86_64\bin\instrument.dll
Event: 0.140 Loaded shared library C:\Users\yenho\.vscode\extensions\redhat.java-1.38.0-win32-x64\jre\17.0.13-win32-x86_64\bin\net.dll
Event: 0.141 Loaded shared library C:\Users\yenho\.vscode\extensions\redhat.java-1.38.0-win32-x64\jre\17.0.13-win32-x86_64\bin\nio.dll
Event: 0.148 Loaded shared library C:\Users\yenho\.vscode\extensions\redhat.java-1.38.0-win32-x64\jre\17.0.13-win32-x86_64\bin\zip.dll
Event: 0.160 Loaded shared library C:\Users\yenho\.vscode\extensions\redhat.java-1.38.0-win32-x64\jre\17.0.13-win32-x86_64\bin\jimage.dll
Event: 0.211 Loaded shared library c:\Users\yenho\.vscode\extensions\redhat.java-1.38.0-win32-x64\jre\17.0.13-win32-x86_64\bin\verify.dll
Event: 0.959 Loaded shared library C:\Users\yenho\AppData\Roaming\Code\User\globalStorage\redhat.java\1.38.0\config_win\org.eclipse.equinox.launcher\org.eclipse.equinox.launcher.win32.win32.x86_64_1.2.1100.v20240722-2106\eclipse_11904.dll
Event: 2.126 Loaded shared library C:\Users\yenho\AppData\Local\Temp\jna-114863977\jna4169487275433003753.dll

Deoptimization events (20 events):
Event: 6.276 Thread 0x000001842269d150 DEOPT PACKING pc=0x000001840a6f24bb sp=0x00000037801fe4c0
Event: 6.276 Thread 0x000001842269d150 DEOPT UNPACKING pc=0x0000018410f66e43 sp=0x00000037801fda28 mode 0
Event: 6.287 Thread 0x000001842269d150 DEOPT PACKING pc=0x000001840a6f24bb sp=0x00000037801fe4c0
Event: 6.287 Thread 0x000001842269d150 DEOPT UNPACKING pc=0x0000018410f66e43 sp=0x00000037801fda28 mode 0
Event: 6.291 Thread 0x000001842269d150 DEOPT PACKING pc=0x000001840a6f24bb sp=0x00000037801fe4c0
Event: 6.291 Thread 0x000001842269d150 DEOPT UNPACKING pc=0x0000018410f66e43 sp=0x00000037801fda28 mode 0
Event: 6.810 Thread 0x000001842269d150 DEOPT PACKING pc=0x000001840a536afd sp=0x00000037801fe660
Event: 6.810 Thread 0x000001842269d150 DEOPT UNPACKING pc=0x0000018410f66e43 sp=0x00000037801fdb70 mode 0
Event: 6.823 Thread 0x0000018422a90090 Uncommon trap: trap_request=0xffffff45 fr.pc=0x0000018411535e94 relative=0x0000000000000254
Event: 6.823 Thread 0x0000018422a90090 Uncommon trap: reason=unstable_if action=reinterpret pc=0x0000018411535e94 method=java.util.HashMap.getNode(Ljava/lang/Object;)Ljava/util/HashMap$Node; @ 66 c2
Event: 6.823 Thread 0x0000018422a90090 DEOPT PACKING pc=0x0000018411535e94 sp=0x0000003782dfe120
Event: 6.823 Thread 0x0000018422a90090 DEOPT UNPACKING pc=0x0000018410f666a3 sp=0x0000003782dfe030 mode 2
Event: 6.823 Thread 0x0000018422a90090 Uncommon trap: trap_request=0xffffff45 fr.pc=0x0000018411535518 relative=0x0000000000000258
Event: 6.823 Thread 0x0000018422a90090 Uncommon trap: reason=unstable_if action=reinterpret pc=0x0000018411535518 method=java.util.HashMap.getNode(Ljava/lang/Object;)Ljava/util/HashMap$Node; @ 66 c2
Event: 6.823 Thread 0x0000018422a90090 DEOPT PACKING pc=0x0000018411535518 sp=0x0000003782dfe0d0
Event: 6.823 Thread 0x0000018422a90090 DEOPT UNPACKING pc=0x0000018410f666a3 sp=0x0000003782dfe060 mode 2
Event: 6.903 Thread 0x0000018424900c30 DEOPT PACKING pc=0x000001840a7a7da9 sp=0x00000037810fe570
Event: 6.903 Thread 0x0000018424900c30 DEOPT UNPACKING pc=0x0000018410f66e43 sp=0x00000037810fda28 mode 0
Event: 6.948 Thread 0x0000018422a90090 DEOPT PACKING pc=0x000001840a70a095 sp=0x0000003782dfd340
Event: 6.948 Thread 0x0000018422a90090 DEOPT UNPACKING pc=0x0000018410f66e43 sp=0x0000003782dfca28 mode 0

Classes loaded (20 events):
Event: 5.677 Loading class java/util/concurrent/ConcurrentHashMap$KeySpliterator
Event: 5.678 Loading class java/util/concurrent/ConcurrentHashMap$KeySpliterator done
Event: 5.685 Loading class java/nio/channels/Channels$1
Event: 5.686 Loading class java/nio/channels/Channels$1 done
Event: 7.059 Loading class java/util/concurrent/CompletableFuture$AltResult
Event: 7.059 Loading class java/util/concurrent/CompletableFuture$AltResult done
Event: 7.059 Loading class java/util/concurrent/CompletableFuture$Completion
Event: 7.059 Loading class java/util/concurrent/CompletableFuture$AsynchronousCompletionTask
Event: 7.060 Loading class java/util/concurrent/CompletableFuture$AsynchronousCompletionTask done
Event: 7.060 Loading class java/util/concurrent/CompletableFuture$Completion done
Event: 7.063 Loading class sun/nio/ch/WindowsAsynchronousFileChannelImpl$WriteTask
Event: 7.064 Loading class sun/nio/ch/WindowsAsynchronousFileChannelImpl$WriteTask done
Event: 7.076 Loading class jdk/internal/math/FormattedFloatingDecimal$Form
Event: 7.076 Loading class jdk/internal/math/FormattedFloatingDecimal$Form done
Event: 7.076 Loading class jdk/internal/math/FormattedFloatingDecimal
Event: 7.077 Loading class jdk/internal/math/FormattedFloatingDecimal done
Event: 7.077 Loading class jdk/internal/math/FormattedFloatingDecimal$1
Event: 7.077 Loading class jdk/internal/math/FormattedFloatingDecimal$1 done
Event: 7.077 Loading class jdk/internal/math/FormattedFloatingDecimal$2
Event: 7.077 Loading class jdk/internal/math/FormattedFloatingDecimal$2 done

Classes unloaded (19 events):
Event: 3.030 Thread 0x0000018404a7ece0 Unloading class 0x0000000100253c00 'java/lang/invoke/LambdaForm$MH+0x0000000100253c00'
Event: 3.030 Thread 0x0000018404a7ece0 Unloading class 0x0000000100253800 'java/lang/invoke/LambdaForm$MH+0x0000000100253800'
Event: 3.030 Thread 0x0000018404a7ece0 Unloading class 0x0000000100253400 'java/lang/invoke/LambdaForm$MH+0x0000000100253400'
Event: 3.030 Thread 0x0000018404a7ece0 Unloading class 0x0000000100253000 'java/lang/invoke/LambdaForm$MH+0x0000000100253000'
Event: 3.030 Thread 0x0000018404a7ece0 Unloading class 0x0000000100252c00 'java/lang/invoke/LambdaForm$BMH+0x0000000100252c00'
Event: 3.030 Thread 0x0000018404a7ece0 Unloading class 0x0000000100252800 'java/lang/invoke/LambdaForm$DMH+0x0000000100252800'
Event: 3.030 Thread 0x0000018404a7ece0 Unloading class 0x0000000100250000 'java/lang/invoke/LambdaForm$DMH+0x0000000100250000'
Event: 4.694 Thread 0x0000018404a7ece0 Unloading class 0x000000010049c400 'java/lang/invoke/LambdaForm$MH+0x000000010049c400'
Event: 4.694 Thread 0x0000018404a7ece0 Unloading class 0x000000010049bc00 'java/lang/invoke/LambdaForm$MH+0x000000010049bc00'
Event: 4.694 Thread 0x0000018404a7ece0 Unloading class 0x000000010049b800 'java/lang/invoke/LambdaForm$MH+0x000000010049b800'
Event: 4.694 Thread 0x0000018404a7ece0 Unloading class 0x000000010049b000 'java/lang/invoke/LambdaForm$MH+0x000000010049b000'
Event: 4.694 Thread 0x0000018404a7ece0 Unloading class 0x000000010049ac00 'java/lang/invoke/LambdaForm$MH+0x000000010049ac00'
Event: 4.694 Thread 0x0000018404a7ece0 Unloading class 0x000000010049a000 'java/lang/invoke/LambdaForm$MH+0x000000010049a000'
Event: 4.694 Thread 0x0000018404a7ece0 Unloading class 0x000000010049a400 'java/lang/invoke/LambdaForm$MH+0x000000010049a400'
Event: 4.694 Thread 0x0000018404a7ece0 Unloading class 0x0000000100499c00 'java/lang/invoke/LambdaForm$DMH+0x0000000100499c00'
Event: 4.694 Thread 0x0000018404a7ece0 Unloading class 0x0000000100499800 'java/lang/invoke/LambdaForm$DMH+0x0000000100499800'
Event: 4.694 Thread 0x0000018404a7ece0 Unloading class 0x0000000100498c00 'java/lang/invoke/LambdaForm$MH+0x0000000100498c00'
Event: 4.694 Thread 0x0000018404a7ece0 Unloading class 0x0000000100499000 'java/lang/invoke/LambdaForm$MH+0x0000000100499000'
Event: 4.694 Thread 0x0000018404a7ece0 Unloading class 0x0000000100498000 'java/lang/invoke/LambdaForm$MH+0x0000000100498000'

Classes redefined (0 events):
No events

Internal exceptions (20 events):
Event: 4.139 Thread 0x0000018424903ed0 Exception <a 'sun/nio/fs/WindowsException'{0x00000000eb12fb38}> (0x00000000eb12fb38) 
thrown [s\src\hotspot\share\prims\jni.cpp, line 516]
Event: 4.140 Thread 0x000001842269db70 Exception <a 'sun/nio/fs/WindowsException'{0x00000000eb1569b0}> (0x00000000eb1569b0) 
thrown [s\src\hotspot\share\prims\jni.cpp, line 516]
Event: 4.140 Thread 0x0000018422ba4980 Exception <a 'sun/nio/fs/WindowsException'{0x00000000eb176788}> (0x00000000eb176788) 
thrown [s\src\hotspot\share\prims\jni.cpp, line 516]
Event: 4.140 Thread 0x0000018424907b90 Exception <a 'sun/nio/fs/WindowsException'{0x00000000eb0c1360}> (0x00000000eb0c1360) 
thrown [s\src\hotspot\share\prims\jni.cpp, line 516]
Event: 4.140 Thread 0x0000018422ba1bf0 Exception <a 'sun/nio/fs/WindowsException'{0x00000000eb1b6a08}> (0x00000000eb1b6a08) 
thrown [s\src\hotspot\share\prims\jni.cpp, line 516]
Event: 4.141 Thread 0x0000018424907b90 Exception <a 'sun/nio/fs/WindowsException'{0x00000000eb0c2950}> (0x00000000eb0c2950) 
thrown [s\src\hotspot\share\prims\jni.cpp, line 516]
Event: 4.548 Thread 0x000001842269f9d0 Exception <a 'java/lang/ExceptionInInitializerError'{0x00000000eb49fce0}> (0x00000000eb49fce0) 
thrown [s\src\hotspot\share\oops\instanceKlass.cpp, line 1218]
Event: 4.572 Thread 0x000001842269f9d0 Implicit null exception at 0x00000184115da02f to 0x00000184115da1bc
Event: 4.572 Thread 0x000001842269f9d0 Implicit null exception at 0x0000018411545309 to 0x00000184115466b4
Event: 4.574 Thread 0x000001842269f9d0 Exception <a 'java/lang/NoSuchMethodError'{0x00000000eba8e720}: 'java.lang.Object java.lang.invoke.Invokers$Holder.invokeExact_MT(java.lang.Object, int, java.lang.Object)'> (0x00000000eba8e720) 
thrown [s\src\hotspot\share\interpreter\linkResolver.cpp, line 759]
Event: 4.936 Thread 0x000001842269f9d0 Exception <a 'java/lang/NoClassDefFoundError'{0x00000000eb13de80}: com/google/inject/servlet/ServletModuleTargetVisitor> (0x00000000eb13de80) 
thrown [s\src\hotspot\share\classfile\systemDictionary.cpp, line 245]
Event: 5.516 Thread 0x0000018424900c30 Exception <a 'java/lang/NoSuchMethodError'{0x00000000eb5ebbf0}: 'int java.lang.invoke.DirectMethodHandle$Holder.invokeSpecialIFC(java.lang.Object, java.lang.Object, java.lang.Object)'> (0x00000000eb5ebbf0) 
thrown [s\src\hotspot\share\interpreter\linkResolver.cpp, line 759]
Event: 5.523 Thread 0x0000018424900c30 Implicit null exception at 0x000001841170c71e to 0x000001841170c86c
Event: 5.670 Thread 0x0000018422a90090 Exception <a 'java/lang/NoSuchMethodError'{0x00000000eadddcd8}: 'int java.lang.invoke.DirectMethodHandle$Holder.invokeStatic(java.lang.Object, int, java.lang.Object)'> (0x00000000eadddcd8) 
thrown [s\src\hotspot\share\interpreter\linkResolver.cpp, line 759]
Event: 5.678 Thread 0x0000018424900c30 Exception <a 'java/lang/NoSuchMethodError'{0x00000000eb09c710}: 'java.lang.Object java.lang.invoke.DirectMethodHandle$Holder.invokeInterface(java.lang.Object, java.lang.Object, java.lang.Object)'> (0x00000000eb09c710) 
thrown [s\src\hotspot\share\interpreter\linkResolver.cpp, line 759]
Event: 5.682 Thread 0x0000018424900c30 Exception <a 'java/lang/NoSuchMethodError'{0x00000000eb173df8}: 'java.lang.Object java.lang.invoke.DirectMethodHandle$Holder.newInvokeSpecial(java.lang.Object, java.lang.Object, int, int, java.lang.Object)'> (0x00000000eb173df8) 
thrown [s\src\hotspot\share\interpreter\linkResolver.cpp, line 759]
Event: 6.382 Thread 0x0000018422a90090 Exception <a 'java/lang/NoSuchMethodError'{0x00000000eae24650}: 'void java.lang.invoke.DirectMethodHandle$Holder.invokeStatic(java.lang.Object, int, java.lang.Object)'> (0x00000000eae24650) 
thrown [s\src\hotspot\share\interpreter\linkResolver.cpp, line 759]
Event: 6.954 Thread 0x0000018424900c30 Exception <a 'sun/nio/fs/WindowsException'{0x00000000eabb36e0}> (0x00000000eabb36e0) 
thrown [s\src\hotspot\share\prims\jni.cpp, line 516]
Event: 6.954 Thread 0x0000018424900c30 Exception <a 'sun/nio/fs/WindowsException'{0x00000000eabb3d18}> (0x00000000eabb3d18) 
thrown [s\src\hotspot\share\prims\jni.cpp, line 516]
Event: 7.073 Thread 0x00000184249034b0 Exception <a 'java/lang/NoSuchMethodError'{0x00000000eab44080}: 'int java.lang.invoke.DirectMethodHandle$Holder.invokeSpecialIFC(java.lang.Object, java.lang.Object, java.lang.Object, java.lang.Object)'> (0x00000000eab44080) 
thrown [s\src\hotspot\share\interpreter\linkResolver.cpp, line 759]

VM Operations (20 events):
Event: 6.950 Executing VM operation: ParallelGCFailedAllocation
Event: 6.951 Executing VM operation: ParallelGCFailedAllocation done
Event: 6.962 Executing VM operation: ParallelGCFailedAllocation
Event: 6.964 Executing VM operation: ParallelGCFailedAllocation done
Event: 6.980 Executing VM operation: ParallelGCFailedAllocation
Event: 6.982 Executing VM operation: ParallelGCFailedAllocation done
Event: 6.982 Executing VM operation: HandshakeAllThreads
Event: 6.982 Executing VM operation: HandshakeAllThreads done
Event: 6.992 Executing VM operation: ParallelGCFailedAllocation
Event: 6.994 Executing VM operation: ParallelGCFailedAllocation done
Event: 7.004 Executing VM operation: ParallelGCFailedAllocation
Event: 7.006 Executing VM operation: ParallelGCFailedAllocation done
Event: 7.018 Executing VM operation: ParallelGCFailedAllocation
Event: 7.020 Executing VM operation: ParallelGCFailedAllocation done
Event: 7.032 Executing VM operation: ParallelGCFailedAllocation
Event: 7.034 Executing VM operation: ParallelGCFailedAllocation done
Event: 7.047 Executing VM operation: ParallelGCFailedAllocation
Event: 7.050 Executing VM operation: ParallelGCFailedAllocation done
Event: 7.069 Executing VM operation: ParallelGCFailedAllocation
Event: 7.071 Executing VM operation: ParallelGCFailedAllocation done

Memory protections (0 events):
No events

Nmethod flushes (20 events):
Event: 6.118 Thread 0x000001841fd7ad80 flushing  nmethod 0x000001840a772190
Event: 6.118 Thread 0x000001841fd7ad80 flushing  nmethod 0x000001840a774110
Event: 6.118 Thread 0x000001841fd7ad80 flushing  nmethod 0x000001840a774710
Event: 6.118 Thread 0x000001841fd7ad80 flushing  nmethod 0x000001840a774d10
Event: 6.118 Thread 0x000001841fd7ad80 flushing  nmethod 0x000001840a777c10
Event: 6.118 Thread 0x000001841fd7ad80 flushing  nmethod 0x000001840a779490
Event: 6.118 Thread 0x000001841fd7ad80 flushing  nmethod 0x000001840a786a90
Event: 6.119 Thread 0x000001841fd7ad80 flushing  nmethod 0x000001840a787d10
Event: 6.119 Thread 0x000001841fd7ad80 flushing  nmethod 0x000001840a788210
Event: 6.119 Thread 0x000001841fd7ad80 flushing  nmethod 0x000001840a788d10
Event: 6.119 Thread 0x000001841fd7ad80 flushing  nmethod 0x000001840a78ef90
Event: 6.119 Thread 0x000001841fd7ad80 flushing  nmethod 0x000001840a78f390
Event: 6.119 Thread 0x000001841fd7ad80 flushing  nmethod 0x000001840a78fa90
Event: 6.119 Thread 0x000001841fd7ad80 flushing  nmethod 0x000001840a790010
Event: 6.119 Thread 0x000001841fd7ad80 flushing  nmethod 0x000001840a791b90
Event: 6.119 Thread 0x000001841fd7ad80 flushing  nmethod 0x000001840a793e90
Event: 6.119 Thread 0x000001841fd7ad80 flushing  nmethod 0x000001840a794910
Event: 6.119 Thread 0x000001841fd7ad80 flushing  nmethod 0x000001840a79d110
Event: 6.119 Thread 0x000001841fd7ad80 flushing  nmethod 0x000001840a7a0490
Event: 6.119 Thread 0x000001841fd7ad80 flushing  nmethod 0x000001840a7a4410

Events (20 events):
Event: 4.298 Thread 0x0000018424900c30 Thread added: 0x0000018422ba3030
Event: 4.298 Thread 0x0000018424900c30 Thread added: 0x0000018422ba4e90
Event: 4.299 Thread 0x0000018424900c30 Thread added: 0x0000018422ba3f60
Event: 4.299 Thread 0x0000018424900c30 Thread added: 0x0000018422ba4470
Event: 4.299 Thread 0x0000018424900c30 Thread added: 0x0000018422a8f670
Event: 4.299 Thread 0x0000018424900c30 Thread added: 0x0000018422a8fb80
Event: 4.299 Thread 0x0000018424900c30 Thread added: 0x0000018422a8bec0
Event: 4.299 Thread 0x0000018422a8fb80 Thread added: 0x0000018422a89130
Event: 4.300 Thread 0x0000018422ba3030 Thread added: 0x0000018422a8dd20
Event: 5.626 Thread 0x0000018424900c30 Thread added: 0x0000018422a90090
Event: 5.683 Thread 0x0000018424900c30 Thread added: 0x0000018422a8f160
Event: 5.688 Thread 0x0000018424900c30 Thread added: 0x0000018422a8c3d0
Event: 5.696 Thread 0x0000018424900c30 Thread added: 0x0000018422a8d810
Event: 5.700 Thread 0x0000018424900c30 Thread added: 0x0000018422a88c20
Event: 5.719 Thread 0x0000018424900c30 Thread added: 0x0000018422a89640
Event: 5.727 Thread 0x0000018424900c30 Thread added: 0x0000018422a89b50
Event: 5.727 Thread 0x0000018424900c30 Thread added: 0x0000018422a8a060
Event: 5.727 Thread 0x0000018424900c30 Thread added: 0x0000018422a8ec50
Event: 5.744 Thread 0x0000018424900c30 Thread added: 0x0000018422a8a570
Event: 5.748 Thread 0x0000018424900c30 Thread added: 0x0000018422a8aa80


Dynamic libraries:
0x00007ff7505a0000 - 0x00007ff7505ae000 	c:\Users\yenho\.vscode\extensions\redhat.java-1.38.0-win32-x64\jre\17.0.13-win32-x86_64\bin\java.exe
0x00007ffca76b0000 - 0x00007ffca78c7000 	C:\Windows\SYSTEM32\ntdll.dll
0x00007ffca6cb0000 - 0x00007ffca6d74000 	C:\Windows\System32\KERNEL32.DLL
0x00007ffca4ff0000 - 0x00007ffca53aa000 	C:\Windows\System32\KERNELBASE.dll
0x00007ffca4bc0000 - 0x00007ffca4cd1000 	C:\Windows\System32\ucrtbase.dll
0x00007ffca0300000 - 0x00007ffca0317000 	c:\Users\yenho\.vscode\extensions\redhat.java-1.38.0-win32-x64\jre\17.0.13-win32-x86_64\bin\jli.dll
0x00007ffca02e0000 - 0x00007ffca02fe000 	c:\Users\yenho\.vscode\extensions\redhat.java-1.38.0-win32-x64\jre\17.0.13-win32-x86_64\bin\VCRUNTIME140.dll
0x00007ffca5a90000 - 0x00007ffca5c3e000 	C:\Windows\System32\USER32.dll
0x00007ffca4980000 - 0x00007ffca49a6000 	C:\Windows\System32\win32u.dll
0x00007ffc91a90000 - 0x00007ffc91d22000 	C:\Windows\WinSxS\amd64_microsoft.windows.common-controls_6595b64144ccf1df_6.0.22621.4541_none_2710d1c57384c085\COMCTL32.dll
0x00007ffca63f0000 - 0x00007ffca6419000 	C:\Windows\System32\GDI32.dll
0x00007ffca73f0000 - 0x00007ffca7497000 	C:\Windows\System32\msvcrt.dll
0x00007ffca4e10000 - 0x00007ffca4f2b000 	C:\Windows\System32\gdi32full.dll
0x00007ffca49b0000 - 0x00007ffca4a4a000 	C:\Windows\System32\msvcp_win.dll
0x00007ffca5c40000 - 0x00007ffca5c71000 	C:\Windows\System32\IMM32.DLL
0x00007ffca02d0000 - 0x00007ffca02dc000 	c:\Users\yenho\.vscode\extensions\redhat.java-1.38.0-win32-x64\jre\17.0.13-win32-x86_64\bin\vcruntime140_1.dll
0x00007ffc56950000 - 0x00007ffc569dd000 	c:\Users\yenho\.vscode\extensions\redhat.java-1.38.0-win32-x64\jre\17.0.13-win32-x86_64\bin\msvcp140.dll
0x00007ffc35460000 - 0x00007ffc360cb000 	c:\Users\yenho\.vscode\extensions\redhat.java-1.38.0-win32-x64\jre\17.0.13-win32-x86_64\bin\server\jvm.dll
0x00007ffca70f0000 - 0x00007ffca71a2000 	C:\Windows\System32\ADVAPI32.dll
0x00007ffca6120000 - 0x00007ffca61c7000 	C:\Windows\System32\sechost.dll
0x00007ffca4d60000 - 0x00007ffca4d88000 	C:\Windows\System32\bcrypt.dll
0x00007ffca5960000 - 0x00007ffca5a74000 	C:\Windows\System32\RPCRT4.dll
0x00007ffca6e40000 - 0x00007ffca6eb1000 	C:\Windows\System32\WS2_32.dll
0x00007ffca37d0000 - 0x00007ffca381d000 	C:\Windows\SYSTEM32\POWRPROF.dll
0x00007ffc9ee50000 - 0x00007ffc9ee84000 	C:\Windows\SYSTEM32\WINMM.dll
0x00007ffc9e9b0000 - 0x00007ffc9e9ba000 	C:\Windows\SYSTEM32\VERSION.dll
0x00007ffca37b0000 - 0x00007ffca37c3000 	C:\Windows\SYSTEM32\UMPDC.dll
0x00007ffca3a80000 - 0x00007ffca3a98000 	C:\Windows\SYSTEM32\kernel.appcore.dll
0x00007ffc9eef0000 - 0x00007ffc9eefa000 	c:\Users\yenho\.vscode\extensions\redhat.java-1.38.0-win32-x64\jre\17.0.13-win32-x86_64\bin\jimage.dll
0x00007ffc9dcd0000 - 0x00007ffc9df02000 	C:\Windows\SYSTEM32\DBGHELP.DLL
0x00007ffca5d10000 - 0x00007ffca609f000 	C:\Windows\System32\combase.dll
0x00007ffca71b0000 - 0x00007ffca7287000 	C:\Windows\System32\OLEAUT32.dll
0x00007ffc9aad0000 - 0x00007ffc9ab02000 	C:\Windows\SYSTEM32\dbgcore.DLL
0x00007ffca4d90000 - 0x00007ffca4e0b000 	C:\Windows\System32\bcryptPrimitives.dll
0x00007ffc9d9c0000 - 0x00007ffc9d9ce000 	c:\Users\yenho\.vscode\extensions\redhat.java-1.38.0-win32-x64\jre\17.0.13-win32-x86_64\bin\instrument.dll
0x00007ffc9eec0000 - 0x00007ffc9eee5000 	c:\Users\yenho\.vscode\extensions\redhat.java-1.38.0-win32-x64\jre\17.0.13-win32-x86_64\bin\java.dll
0x00007ffc98820000 - 0x00007ffc98838000 	c:\Users\yenho\.vscode\extensions\redhat.java-1.38.0-win32-x64\jre\17.0.13-win32-x86_64\bin\zip.dll
0x00007ffca6430000 - 0x00007ffca6ca8000 	C:\Windows\System32\SHELL32.dll
0x00007ffca2880000 - 0x00007ffca3188000 	C:\Windows\SYSTEM32\windows.storage.dll
0x00007ffca2740000 - 0x00007ffca287f000 	C:\Windows\SYSTEM32\wintypes.dll
0x00007ffca5860000 - 0x00007ffca595a000 	C:\Windows\System32\SHCORE.dll
0x00007ffca61d0000 - 0x00007ffca622e000 	C:\Windows\System32\shlwapi.dll
0x00007ffca48b0000 - 0x00007ffca48db000 	C:\Windows\SYSTEM32\profapi.dll
0x00007ffc94f30000 - 0x00007ffc94f49000 	C:\Users\yenho\.vscode\extensions\redhat.java-1.38.0-win32-x64\jre\17.0.13-win32-x86_64\bin\net.dll
0x00007ffca0800000 - 0x00007ffca0936000 	C:\Windows\SYSTEM32\WINHTTP.dll
0x00007ffca3f00000 - 0x00007ffca3f69000 	C:\Windows\system32\mswsock.dll
0x00007ffc94790000 - 0x00007ffc947a6000 	C:\Users\yenho\.vscode\extensions\redhat.java-1.38.0-win32-x64\jre\17.0.13-win32-x86_64\bin\nio.dll
0x00007ffc8ed40000 - 0x00007ffc8ed50000 	c:\Users\yenho\.vscode\extensions\redhat.java-1.38.0-win32-x64\jre\17.0.13-win32-x86_64\bin\verify.dll
0x00007ffc1a1e0000 - 0x00007ffc1a225000 	C:\Users\yenho\AppData\Roaming\Code\User\globalStorage\redhat.java\1.38.0\config_win\org.eclipse.equinox.launcher\org.eclipse.equinox.launcher.win32.win32.x86_64_1.2.1100.v20240722-2106\eclipse_11904.dll
0x00007ffca74a0000 - 0x00007ffca7645000 	C:\Windows\System32\ole32.dll
0x00007ffca4170000 - 0x00007ffca418b000 	C:\Windows\SYSTEM32\CRYPTSP.dll
0x00007ffca39d0000 - 0x00007ffca3a05000 	C:\Windows\system32\rsaenh.dll
0x00007ffca4000000 - 0x00007ffca4028000 	C:\Windows\SYSTEM32\USERENV.dll
0x00007ffca4160000 - 0x00007ffca416c000 	C:\Windows\SYSTEM32\CRYPTBASE.dll
0x00007ffca3460000 - 0x00007ffca348d000 	C:\Windows\SYSTEM32\IPHLPAPI.DLL
0x00007ffca6420000 - 0x00007ffca6429000 	C:\Windows\System32\NSI.dll
0x00007ffc9f3f0000 - 0x00007ffc9f409000 	C:\Windows\SYSTEM32\dhcpcsvc6.DLL
0x00007ffc9f3d0000 - 0x00007ffc9f3ef000 	C:\Windows\SYSTEM32\dhcpcsvc.DLL
0x00007ffca34d0000 - 0x00007ffca35d2000 	C:\Windows\SYSTEM32\DNSAPI.dll
0x00007ffc0a5f0000 - 0x00007ffc0a639000 	C:\Users\yenho\AppData\Local\Temp\jna-114863977\jna4169487275433003753.dll
0x00007ffca5a80000 - 0x00007ffca5a88000 	C:\Windows\System32\PSAPI.DLL

dbghelp: loaded successfully - version: 4.0.5 - missing functions: none
symbol engine: initialized successfully - sym options: 0x614 - pdb path: .;c:\Users\yenho\.vscode\extensions\redhat.java-1.38.0-win32-x64\jre\17.0.13-win32-x86_64\bin;C:\Windows\SYSTEM32;C:\Windows\WinSxS\amd64_microsoft.windows.common-controls_6595b64144ccf1df_6.0.22621.4541_none_2710d1c57384c085;c:\Users\yenho\.vscode\extensions\redhat.java-1.38.0-win32-x64\jre\17.0.13-win32-x86_64\bin\server;C:\Users\yenho\AppData\Roaming\Code\User\globalStorage\redhat.java\1.38.0\config_win\org.eclipse.equinox.launcher\org.eclipse.equinox.launcher.win32.win32.x86_64_1.2.1100.v20240722-2106;C:\Users\yenho\AppData\Local\Temp\jna-114863977

VM Arguments:
jvm_args: --add-modules=ALL-SYSTEM --add-opens=java.base/java.util=ALL-UNNAMED --add-opens=java.base/java.lang=ALL-UNNAMED --add-opens=java.base/sun.nio.fs=ALL-UNNAMED -Declipse.application=org.eclipse.jdt.ls.core.id1 -Dosgi.bundles.defaultStartLevel=4 -Declipse.product=org.eclipse.jdt.ls.core.product -Djava.import.generatesMetadataFilesAtProjectRoot=false -DDetectVMInstallationsJob.disabled=true -Dfile.encoding=utf8 -XX:+UseParallelGC -XX:GCTimeRatio=4 -XX:AdaptiveSizePolicyWeight=90 -Dsun.zip.disableMemoryMapping=true -Xmx1G -Xms100m -Xlog:disable -javaagent:c:\Users\yenho\.vscode\extensions\redhat.java-1.38.0-win32-x64\lombok\lombok-1.18.34.jar -XX:+HeapDumpOnOutOfMemoryError -XX:HeapDumpPath=c:\Users\yenho\AppData\Roaming\Code\User\workspaceStorage\be8ad8b4014e26bb98f6d4fcdc527ed2\redhat.java -Daether.dependencyCollector.impl=bf 
java_command: c:\Users\yenho\.vscode\extensions\redhat.java-1.38.0-win32-x64\server\plugins\org.eclipse.equinox.launcher_1.6.900.v20240613-2009.jar -configuration c:\Users\yenho\AppData\Roaming\Code\User\globalStorage\redhat.java\1.38.0\config_win -data c:\Users\yenho\AppData\Roaming\Code\User\workspaceStorage\be8ad8b4014e26bb98f6d4fcdc527ed2\redhat.java\jdt_ws --pipe=\\.\pipe\lsp-5d227bde40472ce70516b7d28d053fd6-sock
java_class_path (initial): c:\Users\yenho\.vscode\extensions\redhat.java-1.38.0-win32-x64\server\plugins\org.eclipse.equinox.launcher_1.6.900.v20240613-2009.jar
Launcher Type: SUN_STANDARD

[Global flags]
    uintx AdaptiveSizePolicyWeight                 = 90                                        {product} {command line}
     intx CICompilerCount                          = 4                                         {product} {ergonomic}
    uintx GCTimeRatio                              = 4                                         {product} {command line}
     bool HeapDumpOnOutOfMemoryError               = true                                   {manageable} {command line}
    ccstr HeapDumpPath                             = c:\Users\yenho\AppData\Roaming\Code\User\workspaceStorage\be8ad8b4014e26bb98f6d4fcdc527ed2\redhat.java         {manageable} {command line}
   size_t InitialHeapSize                          = 104857600                                 {product} {command line}
   size_t MaxHeapSize                              = 1073741824                                {product} {command line}
   size_t MaxNewSize                               = 357564416                                 {product} {ergonomic}
   size_t MinHeapDeltaBytes                        = 524288                                    {product} {ergonomic}
   size_t MinHeapSize                              = 104857600                                 {product} {command line}
   size_t NewSize                                  = 34603008                                  {product} {ergonomic}
    uintx NonNMethodCodeHeapSize                   = 5839372                                {pd product} {ergonomic}
    uintx NonProfiledCodeHeapSize                  = 122909434                              {pd product} {ergonomic}
   size_t OldSize                                  = 70254592                                  {product} {ergonomic}
    uintx ProfiledCodeHeapSize                     = 122909434                              {pd product} {ergonomic}
    uintx ReservedCodeCacheSize                    = 251658240                              {pd product} {ergonomic}
     bool SegmentedCodeCache                       = true                                      {product} {ergonomic}
   size_t SoftMaxHeapSize                          = 1073741824                             {manageable} {ergonomic}
     bool UseCompressedClassPointers               = true                           {product lp64_product} {ergonomic}
     bool UseCompressedOops                        = true                           {product lp64_product} {ergonomic}
     bool UseLargePagesIndividualAllocation        = false                                  {pd product} {ergonomic}
     bool UseParallelGC                            = true                                      {product} {command line}

Logging:
Log output configuration:
 #0: stdout all=off uptime,level,tags
 #1: stderr all=off uptime,level,tags

Environment Variables:
JAVA_HOME=C:\Program Files\Java\jdk-17
PATH=C:\Program Files\Common Files\Oracle\Java\javapath;C:\Windows\system32;C:\Windows;C:\Windows\System32\Wbem;C:\Windows\System32\WindowsPowerShell\v1.0\;C:\Windows\System32\OpenSSH\;C:\Program Files (x86)\NVIDIA Corporation\PhysX\Common;C:\Program Files\NVIDIA Corporation\NVIDIA NvDLISR;C:\Windows\system32;C:\Windows;C:\Windows\System32\Wbem;C:\Windows\System32\WindowsPowerShell\v1.0\;C:\Windows\System32\OpenSSH\;C:\Program Files\dotnet\;C:\Program Files (x86)\Yarn\bin\;C:\Program Files\nodejs\;C:\Program Files\Java\jdk-17\bin;C:\Users\yenho\AppData\Local\Android\Sdk\platform-tools;C:\Program Files\Git\cmd;C:\Users\yenho\AppData\Local\Microsoft\WindowsApps;C:\Users\yenho\AppData\Local\Programs\Microsoft VS Code\bin;C:\Users\yenho\.dotnet\tools;C:\Users\yenho\AppData\Local\Yarn\bin;C:\Users\yenho\AppData\Roaming\npm;C:\Users\yenho\AppData\Local\GitHubDesktop\bin
USERNAME=yenho
OS=Windows_NT
PROCESSOR_IDENTIFIER=AMD64 Family 25 Model 68 Stepping 1, AuthenticAMD
TMP=C:\Users\yenho\AppData\Local\Temp
TEMP=C:\Users\yenho\AppData\Local\Temp



Periodic native trim disabled


---------------  S Y S T E M  ---------------

OS:
 Windows 11 , 64 bit Build 22621 (10.0.22621.4391)
OS uptime: 0 days 1:03 hours
Hyper-V role detected

CPU: total 12 (initial active 12) (12 cores per cpu, 2 threads per core) family 25 model 68 stepping 1 microcode 0x0, cx8, cmov, fxsr, ht, mmx, 3dnowpref, sse, sse2, sse3, ssse3, sse4a, sse4.1, sse4.2, popcnt, lzcnt, tsc, tscinvbit, avx, avx2, aes, erms, clmul, bmi1, bmi2, adx, sha, fma, vzeroupper, clflush, clflushopt, hv
Processor Information for processor 0
  Max Mhz: 3301, Current Mhz: 2024, Mhz Limit: 3301
Processor Information for processor 1
  Max Mhz: 3301, Current Mhz: 3301, Mhz Limit: 3301
Processor Information for processor 2
  Max Mhz: 3301, Current Mhz: 3301, Mhz Limit: 3301
Processor Information for processor 3
  Max Mhz: 3301, Current Mhz: 3301, Mhz Limit: 3301
Processor Information for processor 4
  Max Mhz: 3301, Current Mhz: 3301, Mhz Limit: 3301
Processor Information for processor 5
  Max Mhz: 3301, Current Mhz: 3301, Mhz Limit: 3301
Processor Information for processor 6
  Max Mhz: 3301, Current Mhz: 3301, Mhz Limit: 3301
Processor Information for processor 7
  Max Mhz: 3301, Current Mhz: 3301, Mhz Limit: 3301
Processor Information for processor 8
  Max Mhz: 3301, Current Mhz: 3301, Mhz Limit: 3301
Processor Information for processor 9
  Max Mhz: 3301, Current Mhz: 3301, Mhz Limit: 3301
Processor Information for processor 10
  Max Mhz: 3301, Current Mhz: 2024, Mhz Limit: 3301
Processor Information for processor 11
  Max Mhz: 3301, Current Mhz: 3301, Mhz Limit: 3301

Memory: 4k page, system-wide physical 7365M (329M free)
TotalPageFile size 29893M (AvailPageFile size 5M)
current process WorkingSet (physical memory assigned to process): 420M, peak: 422M
current process commit charge ("private bytes"): 439M, peak: 443M

vm_info: OpenJDK 64-Bit Server VM (17.0.13+11) for windows-amd64 JRE (17.0.13+11), built on Oct 16 2024 00:10:08 by "admin" with MS VC++ 17.7 (VS2022)

END.
