#
# There is insufficient memory for the Java Runtime Environment to continue.
# Native memory allocation (malloc) failed to allocate 1050896 bytes. Error detail: Chunk::new
# Possible reasons:
#   The system is out of physical RAM or swap space
#   This process is running with CompressedOops enabled, and the Java Heap may be blocking the growth of the native heap
# Possible solutions:
#   Reduce memory load on the system
#   Increase physical memory or swap space
#   Check if swap backing store is full
#   Decrease Java heap size (-Xmx/-Xms)
#   Decrease number of Java threads
#   Decrease Java thread stack sizes (-Xss)
#   Set larger code cache with -XX:ReservedCodeCacheSize=
#   JVM is running with Unscaled Compressed Oops mode in which the Java heap is
#     placed in the first 4GB address space. The Java Heap base address is the
#     maximum limit for the native heap growth. Please use -XX:HeapBaseMinAddress
#     to set the Java Heap base and to place the Java Heap above 4GB virtual address.
# This output file may be truncated or incomplete.
#
#  Out of Memory Error (arena.cpp:191), pid=26512, tid=17852
#
# JRE version: OpenJDK Runtime Environment Temurin-17.0.13+11 (17.0.13+11) (build 17.0.13+11)
# Java VM: OpenJDK 64-Bit Server VM Temurin-17.0.13+11 (17.0.13+11, mixed mode, tiered, compressed oops, compressed class ptrs, parallel gc, windows-amd64)
# No core dump will be written. Minidumps are not enabled by default on client versions of Windows
#

---------------  S U M M A R Y ------------

Command Line: --add-modules=ALL-SYSTEM --add-opens=java.base/java.util=ALL-UNNAMED --add-opens=java.base/java.lang=ALL-UNNAMED --add-opens=java.base/sun.nio.fs=ALL-UNNAMED -Declipse.application=org.eclipse.jdt.ls.core.id1 -Dosgi.bundles.defaultStartLevel=4 -Declipse.product=org.eclipse.jdt.ls.core.product -Djava.import.generatesMetadataFilesAtProjectRoot=false -DDetectVMInstallationsJob.disabled=true -Dfile.encoding=utf8 -XX:+UseParallelGC -XX:GCTimeRatio=4 -XX:AdaptiveSizePolicyWeight=90 -Dsun.zip.disableMemoryMapping=true -Xmx1G -Xms100m -Xlog:disable -javaagent:c:\Users\yenho\.vscode\extensions\redhat.java-1.38.0-win32-x64\lombok\lombok-1.18.34.jar -XX:+HeapDumpOnOutOfMemoryError -XX:HeapDumpPath=c:\Users\yenho\AppData\Roaming\Code\User\workspaceStorage\be8ad8b4014e26bb98f6d4fcdc527ed2\redhat.java -Daether.dependencyCollector.impl=bf c:\Users\yenho\.vscode\extensions\redhat.java-1.38.0-win32-x64\server\plugins\org.eclipse.equinox.launcher_1.6.900.v20240613-2009.jar -configuration c:\Users\yenho\AppData\Roaming\Code\User\globalStorage\redhat.java\1.38.0\config_win -data c:\Users\yenho\AppData\Roaming\Code\User\workspaceStorage\be8ad8b4014e26bb98f6d4fcdc527ed2\redhat.java\jdt_ws --pipe=\\.\pipe\lsp-7c71eb77b31135cfb8a098d075237c94-sock

Host: AMD Ryzen 5 7535HS with Radeon Graphics        , 12 cores, 7G,  Windows 11 , 64 bit Build 22621 (10.0.22621.4391)
Time: Thu Jan  9 15:54:37 2025 SE Asia Standard Time elapsed time: 9.194717 seconds (0d 0h 0m 9s)

---------------  T H R E A D  ---------------

Current thread (0x000001ccee2e0880):  JavaThread "C2 CompilerThread1" daemon [_thread_in_native, id=17852, stack(0x0000000c2a600000,0x0000000c2a700000)]


Current CompileTask:
C2:   9194 9018       4       org.eclipse.core.internal.resources.AliasManager$LocationMap$$Lambda$180/0x0000000100296198::compare (14 bytes)

Stack: [0x0000000c2a600000,0x0000000c2a700000]
Native frames: (J=compiled Java code, j=interpreted, Vv=VM code, C=native code)
V  [jvm.dll+0x682a19]
V  [jvm.dll+0x839538]
V  [jvm.dll+0x83afe3]
V  [jvm.dll+0x83b653]
V  [jvm.dll+0x24704f]
V  [jvm.dll+0xace34]
V  [jvm.dll+0xad4cc]
V  [jvm.dll+0x36592f]
V  [jvm.dll+0x1ba793]
V  [jvm.dll+0x2181a7]
V  [jvm.dll+0x21748f]
V  [jvm.dll+0x1a3070]
V  [jvm.dll+0x22788c]
V  [jvm.dll+0x2259eb]
V  [jvm.dll+0x7eec98]
V  [jvm.dll+0x7e8ffc]
V  [jvm.dll+0x6818f7]
C  [ucrtbase.dll+0x29333]
C  [KERNEL32.DLL+0x1259d]
C  [ntdll.dll+0x5af38]


---------------  P R O C E S S  ---------------

Threads class SMR info:
_java_thread_list=0x000001cc97d0ba40, length=81, elements={
0x000001ccee280a80, 0x000001ccf5051180, 0x000001ccf5054530, 0x000001ccf5059ed0,
0x000001ccf505ac00, 0x000001ccf505c1d0, 0x000001ccfa1c67f0, 0x000001ccfa1cbf30,
0x000001ccfa1cf0a0, 0x000001ccfa1d8180, 0x000001ccfa1c3550, 0x000001ccee2e0880,
0x000001ccfa1c3f70, 0x000001ccfbaa7ab0, 0x000001ccfa1c4ea0, 0x000001ccfa1c4480,
0x000001ccfa1c58c0, 0x000001ccfa1c4990, 0x000001ccfa1c3a60, 0x000001ccfa1c5dd0,
0x000001ccfc41cfd0, 0x000001ccfc41cac0, 0x000001ccfc41df00, 0x000001ccfc41c0a0,
0x000001ccfc420c90, 0x000001ccfc41f340, 0x000001ccfc4211a0, 0x000001ccfc41f850,
0x000001ccfc41fd60, 0x000001ccfc420780, 0x000001ccfc41ee30, 0x000001ccfc420270,
0x000001ccfc41c5b0, 0x000001ccfc41bb90, 0x000001ccfc41e410, 0x000001ccfc41b170,
0x000001ccfc4216b0, 0x000001ccfc421bc0, 0x000001ccfc4220d0, 0x000001ccfc41ac60,
0x000001ccfc4225e0, 0x000001ccff1de440, 0x000001ccff1e3a50, 0x000001ccff1df370,
0x000001ccff1de950, 0x000001ccff1dd510, 0x000001ccff1e2b20, 0x000001ccff1dfd90,
0x000001ccff1dee60, 0x000001ccff1e4470, 0x000001ccff1e4e90, 0x000001ccff1ddf30,
0x000001ccff1e16e0, 0x000001ccff1e07b0, 0x000001ccff1e0cc0, 0x000001ccff1df880,
0x000001ccff1e1bf0, 0x000001ccff1e11d0, 0x000001ccff1e2610, 0x000001ccff1e3030,
0x000001ccff1e3540, 0x000001ccfc41d9f0, 0x000001ccfa1c6d00, 0x000001cc8f9744b0,
0x000001cc8f9707f0, 0x000001cc8f9702e0, 0x000001cc8f974ed0, 0x000001cc8f971c30,
0x000001cc8f9758f0, 0x000001cc8f973a90, 0x000001cc8f970d00, 0x000001cc8f972140,
0x000001cc8f971720, 0x000001cc8f96e480, 0x000001cc8f975e00, 0x000001cc8f972650,
0x000001cc8f973fa0, 0x000001cc8f96fdd0, 0x000001cc8f971210, 0x000001cc8f972b60,
0x000001cc8f96e990
}

Java Threads: ( => current thread )
  0x000001ccee280a80 JavaThread "main" [_thread_blocked, id=18640, stack(0x0000000c29900000,0x0000000c29a00000)]
  0x000001ccf5051180 JavaThread "Reference Handler" daemon [_thread_blocked, id=18796, stack(0x0000000c29c00000,0x0000000c29d00000)]
  0x000001ccf5054530 JavaThread "Finalizer" daemon [_thread_blocked, id=26308, stack(0x0000000c29d00000,0x0000000c29e00000)]
  0x000001ccf5059ed0 JavaThread "Signal Dispatcher" daemon [_thread_blocked, id=9576, stack(0x0000000c29e00000,0x0000000c29f00000)]
  0x000001ccf505ac00 JavaThread "Attach Listener" daemon [_thread_blocked, id=12432, stack(0x0000000c29f00000,0x0000000c2a000000)]
  0x000001ccf505c1d0 JavaThread "Service Thread" daemon [_thread_blocked, id=22800, stack(0x0000000c2a000000,0x0000000c2a100000)]
  0x000001ccfa1c67f0 JavaThread "Monitor Deflation Thread" daemon [_thread_blocked, id=21032, stack(0x0000000c2a100000,0x0000000c2a200000)]
  0x000001ccfa1cbf30 JavaThread "C2 CompilerThread0" daemon [_thread_in_native, id=11324, stack(0x0000000c2a200000,0x0000000c2a300000)]
  0x000001ccfa1cf0a0 JavaThread "C1 CompilerThread0" daemon [_thread_blocked, id=19384, stack(0x0000000c2a300000,0x0000000c2a400000)]
  0x000001ccfa1d8180 JavaThread "Sweeper thread" daemon [_thread_blocked, id=13232, stack(0x0000000c2a400000,0x0000000c2a500000)]
  0x000001ccfa1c3550 JavaThread "Common-Cleaner" daemon [_thread_blocked, id=10364, stack(0x0000000c2a500000,0x0000000c2a600000)]
=>0x000001ccee2e0880 JavaThread "C2 CompilerThread1" daemon [_thread_in_native, id=17852, stack(0x0000000c2a600000,0x0000000c2a700000)]
  0x000001ccfa1c3f70 JavaThread "Notification Thread" daemon [_thread_blocked, id=24204, stack(0x0000000c2a700000,0x0000000c2a800000)]
  0x000001ccfbaa7ab0 JavaThread "C2 CompilerThread2" daemon [_thread_in_native, id=24384, stack(0x0000000c2a900000,0x0000000c2aa00000)]
  0x000001ccfa1c4ea0 JavaThread "Active Thread: Equinox Container: 1b79f06a-2361-4135-88d2-e4aa59782c14" [_thread_blocked, id=7136, stack(0x0000000c2b000000,0x0000000c2b100000)]
  0x000001ccfa1c4480 JavaThread "Refresh Thread: Equinox Container: 1b79f06a-2361-4135-88d2-e4aa59782c14" daemon [_thread_blocked, id=10040, stack(0x0000000c2b100000,0x0000000c2b200000)]
  0x000001ccfa1c58c0 JavaThread "Framework Event Dispatcher: Equinox Container: 1b79f06a-2361-4135-88d2-e4aa59782c14" daemon [_thread_blocked, id=11272, stack(0x0000000c2b200000,0x0000000c2b300000)]
  0x000001ccfa1c4990 JavaThread "Start Level: Equinox Container: 1b79f06a-2361-4135-88d2-e4aa59782c14" daemon [_thread_blocked, id=23760, stack(0x0000000c2b300000,0x0000000c2b400000)]
  0x000001ccfa1c3a60 JavaThread "Bundle File Closer" daemon [_thread_blocked, id=15468, stack(0x0000000c2b500000,0x0000000c2b600000)]
  0x000001ccfa1c5dd0 JavaThread "SCR Component Actor" daemon [_thread_blocked, id=15084, stack(0x0000000c2b700000,0x0000000c2b800000)]
  0x000001ccfc41cfd0 JavaThread "Worker-JM" [_thread_blocked, id=20324, stack(0x0000000c2ba00000,0x0000000c2bb00000)]
  0x000001ccfc41cac0 JavaThread "JNA Cleaner" daemon [_thread_blocked, id=2820, stack(0x0000000c2bb00000,0x0000000c2bc00000)]
  0x000001ccfc41df00 JavaThread "Worker-0" [_thread_blocked, id=23264, stack(0x0000000c2bc00000,0x0000000c2bd00000)]
  0x000001ccfc41c0a0 JavaThread "Worker-1" [_thread_blocked, id=4112, stack(0x0000000c2bd00000,0x0000000c2be00000)]
  0x000001ccfc420c90 JavaThread "Java indexing" daemon [_thread_in_Java, id=1020, stack(0x0000000c2be00000,0x0000000c2bf00000)]
  0x000001ccfc41f340 JavaThread "Thread-2" daemon [_thread_in_native, id=26100, stack(0x0000000c2bf00000,0x0000000c2c000000)]
  0x000001ccfc4211a0 JavaThread "Thread-3" daemon [_thread_in_native, id=14368, stack(0x0000000c2c000000,0x0000000c2c100000)]
  0x000001ccfc41f850 JavaThread "Thread-4" daemon [_thread_in_native, id=19584, stack(0x0000000c2c100000,0x0000000c2c200000)]
  0x000001ccfc41fd60 JavaThread "Thread-5" daemon [_thread_in_native, id=22120, stack(0x0000000c2c200000,0x0000000c2c300000)]
  0x000001ccfc420780 JavaThread "Thread-6" daemon [_thread_in_native, id=1844, stack(0x0000000c2c300000,0x0000000c2c400000)]
  0x000001ccfc41ee30 JavaThread "Thread-7" daemon [_thread_in_native, id=2536, stack(0x0000000c2c400000,0x0000000c2c500000)]
  0x000001ccfc420270 JavaThread "Thread-8" daemon [_thread_in_native, id=18888, stack(0x0000000c2c500000,0x0000000c2c600000)]
  0x000001ccfc41c5b0 JavaThread "Thread-9" daemon [_thread_in_native, id=1420, stack(0x0000000c2c600000,0x0000000c2c700000)]
  0x000001ccfc41bb90 JavaThread "Thread-10" daemon [_thread_in_native, id=4432, stack(0x0000000c2c700000,0x0000000c2c800000)]
  0x000001ccfc41e410 JavaThread "Thread-11" daemon [_thread_in_native, id=13008, stack(0x0000000c2c800000,0x0000000c2c900000)]
  0x000001ccfc41b170 JavaThread "Thread-12" daemon [_thread_in_native, id=4212, stack(0x0000000c2c900000,0x0000000c2ca00000)]
  0x000001ccfc4216b0 JavaThread "Thread-13" daemon [_thread_in_native, id=9372, stack(0x0000000c2ca00000,0x0000000c2cb00000)]
  0x000001ccfc421bc0 JavaThread "Thread-14" daemon [_thread_in_native, id=5804, stack(0x0000000c2cb00000,0x0000000c2cc00000)]
  0x000001ccfc4220d0 JavaThread "pool-2-thread-1" [_thread_blocked, id=26544, stack(0x0000000c2cc00000,0x0000000c2cd00000)]
  0x000001ccfc41ac60 JavaThread "Worker-2" [_thread_blocked, id=12036, stack(0x0000000c2cd00000,0x0000000c2ce00000)]
  0x000001ccfc4225e0 JavaThread "Worker-3: Initialize Workspace" [_thread_blocked, id=16796, stack(0x0000000c2ce00000,0x0000000c2cf00000)]
  0x000001ccff1de440 JavaThread "Worker-4: Java indexing... " [_thread_blocked, id=9504, stack(0x0000000c2cf00000,0x0000000c2d000000)]
  0x000001ccff1e3a50 JavaThread "Worker-5" [_thread_blocked, id=4140, stack(0x0000000c2d000000,0x0000000c2d100000)]
  0x000001ccff1df370 JavaThread "WorkspaceEventsHandler" [_thread_blocked, id=22804, stack(0x0000000c2d100000,0x0000000c2d200000)]
  0x000001ccff1de950 JavaThread "pool-1-thread-1" [_thread_blocked, id=11036, stack(0x0000000c2d200000,0x0000000c2d300000)]
  0x000001ccff1dd510 JavaThread "Worker-6" [_thread_blocked, id=26228, stack(0x0000000c2d300000,0x0000000c2d400000)]
  0x000001ccff1e2b20 JavaThread "LocalFile Deleter" daemon [_thread_blocked, id=24876, stack(0x0000000c2d400000,0x0000000c2d500000)]
  0x000001ccff1dfd90 JavaThread "LocalFile Deleter" daemon [_thread_blocked, id=9620, stack(0x0000000c2d500000,0x0000000c2d600000)]
  0x000001ccff1dee60 JavaThread "LocalFile Deleter" daemon [_thread_blocked, id=2656, stack(0x0000000c2d600000,0x0000000c2d700000)]
  0x000001ccff1e4470 JavaThread "LocalFile Deleter" daemon [_thread_blocked, id=19580, stack(0x0000000c2d700000,0x0000000c2d800000)]
  0x000001ccff1e4e90 JavaThread "LocalFile Deleter" daemon [_thread_blocked, id=12672, stack(0x0000000c2d800000,0x0000000c2d900000)]
  0x000001ccff1ddf30 JavaThread "LocalFile Deleter" daemon [_thread_blocked, id=22096, stack(0x0000000c2d900000,0x0000000c2da00000)]
  0x000001ccff1e16e0 JavaThread "LocalFile Deleter" daemon [_thread_blocked, id=1728, stack(0x0000000c2da00000,0x0000000c2db00000)]
  0x000001ccff1e07b0 JavaThread "LocalFile Deleter" daemon [_thread_blocked, id=25576, stack(0x0000000c2db00000,0x0000000c2dc00000)]
  0x000001ccff1e0cc0 JavaThread "LocalFile Deleter" daemon [_thread_blocked, id=2748, stack(0x0000000c2dc00000,0x0000000c2dd00000)]
  0x000001ccff1df880 JavaThread "LocalFile Deleter" daemon [_thread_blocked, id=10976, stack(0x0000000c2dd00000,0x0000000c2de00000)]
  0x000001ccff1e1bf0 JavaThread "LocalFile Deleter" daemon [_thread_blocked, id=7712, stack(0x0000000c2de00000,0x0000000c2df00000)]
  0x000001ccff1e11d0 JavaThread "LocalFile Deleter" daemon [_thread_blocked, id=23932, stack(0x0000000c2df00000,0x0000000c2e000000)]
  0x000001ccff1e2610 JavaThread "Compiler Source File Reader" daemon [_thread_blocked, id=19936, stack(0x0000000c2e000000,0x0000000c2e100000)]
  0x000001ccff1e3030 JavaThread "Compiler Source File Reader" daemon [_thread_blocked, id=14216, stack(0x0000000c2e100000,0x0000000c2e200000)]
  0x000001ccff1e3540 JavaThread "Compiler Source File Reader" daemon [_thread_blocked, id=26040, stack(0x0000000c2e200000,0x0000000c2e300000)]
  0x000001ccfc41d9f0 JavaThread "Compiler Source File Reader" daemon [_thread_blocked, id=25344, stack(0x0000000c2e300000,0x0000000c2e400000)]
  0x000001ccfa1c6d00 JavaThread "Compiler Source File Reader" daemon [_thread_blocked, id=26608, stack(0x0000000c2e400000,0x0000000c2e500000)]
  0x000001cc8f9744b0 JavaThread "Compiler Source File Reader" daemon [_thread_blocked, id=10336, stack(0x0000000c2e500000,0x0000000c2e600000)]
  0x000001cc8f9707f0 JavaThread "Compiler Source File Reader" daemon [_thread_blocked, id=19624, stack(0x0000000c2e600000,0x0000000c2e700000)]
  0x000001cc8f9702e0 JavaThread "Compiler Source File Reader" daemon [_thread_blocked, id=23628, stack(0x0000000c2e700000,0x0000000c2e800000)]
  0x000001cc8f974ed0 JavaThread "Compiler Source File Reader" daemon [_thread_blocked, id=24168, stack(0x0000000c2e800000,0x0000000c2e900000)]
  0x000001cc8f971c30 JavaThread "Compiler Source File Reader" daemon [_thread_blocked, id=25736, stack(0x0000000c2e900000,0x0000000c2ea00000)]
  0x000001cc8f9758f0 JavaThread "Compiler Processing Task" daemon [_thread_blocked, id=18068, stack(0x0000000c2ea00000,0x0000000c2eb00000)]
  0x000001cc8f973a90 JavaThread "Compiler Class File Writer" daemon [_thread_blocked, id=18200, stack(0x0000000c2eb00000,0x0000000c2ec00000)]
  0x000001cc8f970d00 JavaThread "Compiler Class File Writer" daemon [_thread_blocked, id=18176, stack(0x0000000c2ec00000,0x0000000c2ed00000)]
  0x000001cc8f972140 JavaThread "Compiler Class File Writer" daemon [_thread_blocked, id=22088, stack(0x0000000c2ed00000,0x0000000c2ee00000)]
  0x000001cc8f971720 JavaThread "Compiler Class File Writer" daemon [_thread_blocked, id=12300, stack(0x0000000c2ee00000,0x0000000c2ef00000)]
  0x000001cc8f96e480 JavaThread "Compiler Class File Writer" daemon [_thread_blocked, id=22624, stack(0x0000000c2ef00000,0x0000000c2f000000)]
  0x000001cc8f975e00 JavaThread "Compiler Class File Writer" daemon [_thread_blocked, id=1296, stack(0x0000000c2f000000,0x0000000c2f100000)]
  0x000001cc8f972650 JavaThread "Compiler Class File Writer" daemon [_thread_blocked, id=15132, stack(0x0000000c2f100000,0x0000000c2f200000)]
  0x000001cc8f973fa0 JavaThread "Compiler Class File Writer" daemon [_thread_blocked, id=12176, stack(0x0000000c2f200000,0x0000000c2f300000)]
  0x000001cc8f96fdd0 JavaThread "Compiler Class File Writer" daemon [_thread_blocked, id=24948, stack(0x0000000c2f300000,0x0000000c2f400000)]
  0x000001cc8f971210 JavaThread "Compiler Class File Writer" daemon [_thread_blocked, id=18252, stack(0x0000000c2f400000,0x0000000c2f500000)]
  0x000001cc8f972b60 JavaThread "Timer-0" [_thread_blocked, id=16140, stack(0x0000000c2b800000,0x0000000c2b900000)]
  0x000001cc8f96e990 JavaThread "Connection worker" [_thread_in_Java, id=14892, stack(0x0000000c2f500000,0x0000000c2f600000)]

Other Threads:
  0x000001ccee30b150 VMThread "VM Thread" [stack: 0x0000000c29b00000,0x0000000c29c00000] [id=5644]
  0x000001ccfb98d090 WatcherThread [stack: 0x0000000c2a800000,0x0000000c2a900000] [id=26000]
  0x000001ccee2942f0 GCTaskThread "GC Thread#0" [stack: 0x0000000c29a00000,0x0000000c29b00000] [id=25140]
  0x000001ccfc098430 GCTaskThread "GC Thread#1" [stack: 0x0000000c2aa00000,0x0000000c2ab00000] [id=7156]
  0x000001ccfbd18ba0 GCTaskThread "GC Thread#2" [stack: 0x0000000c2ab00000,0x0000000c2ac00000] [id=4792]
  0x000001ccfc286430 GCTaskThread "GC Thread#3" [stack: 0x0000000c2ac00000,0x0000000c2ad00000] [id=26340]
  0x000001ccfbcb8100 GCTaskThread "GC Thread#4" [stack: 0x0000000c2ad00000,0x0000000c2ae00000] [id=13584]
  0x000001ccfbcb83c0 GCTaskThread "GC Thread#5" [stack: 0x0000000c2ae00000,0x0000000c2af00000] [id=11688]
  0x000001ccfbcb8680 GCTaskThread "GC Thread#6" [stack: 0x0000000c2af00000,0x0000000c2b000000] [id=5572]
  0x000001ccfbd48590 GCTaskThread "GC Thread#7" [stack: 0x0000000c2b400000,0x0000000c2b500000] [id=14520]
  0x000001ccfc87fa10 GCTaskThread "GC Thread#8" [stack: 0x0000000c2b600000,0x0000000c2b700000] [id=19640]
  0x000001ccfcacd7f0 GCTaskThread "GC Thread#9" [stack: 0x0000000c2b900000,0x0000000c2ba00000] [id=23768]

Threads with active compile tasks:
C2 CompilerThread0     9224 9452   !   4       org.eclipse.osgi.internal.loader.classpath.ClasspathManager::findClassImpl (308 bytes)
C2 CompilerThread1     9224 9018       4       org.eclipse.core.internal.resources.AliasManager$LocationMap$$Lambda$180/0x0000000100296198::compare (14 bytes)
C2 CompilerThread2     9224 9019       4       org.eclipse.core.internal.filesystem.local.LocalFile::compareTo (36 bytes)

VM state: not at safepoint (normal execution)

VM Mutex/Monitor currently owned by a thread: None

Heap address: 0x00000000c0000000, size: 1024 MB, Compressed Oops mode: 32-bit

CDS archive(s) not mapped
Compressed class space mapped at: 0x0000000100000000-0x0000000140000000, reserved size: 1073741824
Narrow klass base: 0x0000000000000000, Narrow klass shift: 3, Narrow klass range: 0x140000000

GC Precious Log:
 CPUs: 12 total, 12 available
 Memory: 7365M
 Large Page Support: Disabled
 NUMA Support: Disabled
 Compressed Oops: Enabled (32-bit)
 Alignments: Space 512K, Generation 512K, Heap 2M
 Heap Min Capacity: 100M
 Heap Initial Capacity: 100M
 Heap Max Capacity: 1G
 Pre-touch: Disabled
 Parallel Workers: 10

Heap:
 PSYoungGen      total 10752K, used 6316K [0x00000000eab00000, 0x00000000ebd00000, 0x0000000100000000)
  eden space 6144K, 28% used [0x00000000eab00000,0x00000000eacb6750,0x00000000eb100000)
  from space 4608K, 99% used [0x00000000eb100000,0x00000000eb57a128,0x00000000eb580000)
  to   space 5632K, 0% used [0x00000000eb780000,0x00000000eb780000,0x00000000ebd00000)
 ParOldGen       total 189952K, used 183532K [0x00000000c0000000, 0x00000000cb980000, 0x00000000eab00000)
  object space 189952K, 96% used [0x00000000c0000000,0x00000000cb33b240,0x00000000cb980000)
 Metaspace       used 67296K, committed 68416K, reserved 1114112K
  class space    used 7192K, committed 7616K, reserved 1048576K

Card table byte_map: [0x000001ccf28d0000,0x000001ccf2ae0000] _byte_map_base: 0x000001ccf22d0000

Marking Bits: (ParMarkBitMap*) 0x00007ffc36006940
 Begin Bits: [0x000001ccf2c40000, 0x000001ccf3c40000)
 End Bits:   [0x000001ccf3c40000, 0x000001ccf4c40000)

Polling page: 0x000001ccf26c0000

Metaspace:

Usage:
  Non-class:     58.70 MB used.
      Class:      7.02 MB used.
       Both:     65.72 MB used.

Virtual space:
  Non-class space:       64.00 MB reserved,      59.38 MB ( 93%) committed,  1 nodes.
      Class space:        1.00 GB reserved,       7.44 MB ( <1%) committed,  1 nodes.
             Both:        1.06 GB reserved,      66.81 MB (  6%) committed. 

Chunk freelists:
   Non-Class:  3.78 MB
       Class:  8.56 MB
        Both:  12.34 MB

MaxMetaspaceSize: unlimited
CompressedClassSpaceSize: 1.00 GB
Initial GC threshold: 21.00 MB
Current GC threshold: 108.25 MB
CDS: off
MetaspaceReclaimPolicy: balanced
 - commit_granule_bytes: 65536.
 - commit_granule_words: 8192.
 - virtual_space_node_default_size: 8388608.
 - enlarge_chunks_in_place: 1.
 - new_chunks_are_fully_committed: 0.
 - uncommit_free_chunks: 1.
 - use_allocation_guard: 0.
 - handle_deallocations: 1.


Internal statistics:

num_allocs_failed_limit: 6.
num_arena_births: 688.
num_arena_deaths: 14.
num_vsnodes_births: 2.
num_vsnodes_deaths: 0.
num_space_committed: 1069.
num_space_uncommitted: 0.
num_chunks_returned_to_freelist: 20.
num_chunks_taken_from_freelist: 3454.
num_chunk_merges: 11.
num_chunk_splits: 2126.
num_chunks_enlarged: 1195.
num_inconsistent_stats: 0.

CodeHeap 'non-profiled nmethods': size=120000Kb used=4288Kb max_used=4288Kb free=115712Kb
 bounds [0x000001cc87ad0000, 0x000001cc87f00000, 0x000001cc8f000000]
CodeHeap 'profiled nmethods': size=120000Kb used=15832Kb max_used=15832Kb free=104167Kb
 bounds [0x000001cc80000000, 0x000001cc80f80000, 0x000001cc87530000]
CodeHeap 'non-nmethods': size=5760Kb used=1359Kb max_used=1425Kb free=4400Kb
 bounds [0x000001cc87530000, 0x000001cc877a0000, 0x000001cc87ad0000]
 total_blobs=8555 nmethods=7853 adapters=616
 compilation: enabled
              stopped_count=0, restarted_count=0
 full_count=0

Compilation events (20 events):
Event: 9.131 Thread 0x000001ccfa1cf0a0 9546       2       org.gradle.internal.classloader.FilteringClassLoader$TrieSet::find (9 bytes)
Event: 9.132 Thread 0x000001ccfa1cf0a0 nmethod 9546 0x000001cc80f72e10 code [0x000001cc80f72fa0, 0x000001cc80f730c8]
Event: 9.143 Thread 0x000001ccfa1cf0a0 9548       2       org.gradle.internal.classloader.VisitableURLClassLoader::toString (38 bytes)
Event: 9.144 Thread 0x000001ccfa1cf0a0 nmethod 9548 0x000001cc80f73190 code [0x000001cc80f733a0, 0x000001cc80f73698]
Event: 9.145 Thread 0x000001ccfa1cf0a0 9549       2       sun.net.www.ParseUtil::match (50 bytes)
Event: 9.145 Thread 0x000001ccfa1cf0a0 nmethod 9549 0x000001cc80f73890 code [0x000001cc80f73a20, 0x000001cc80f73bd8]
Event: 9.165 Thread 0x000001ccfa1cf0a0 9550       2       java.lang.WeakPairMap$Pair$Lookup::equals (31 bytes)
Event: 9.165 Thread 0x000001ccfa1cf0a0 nmethod 9550 0x000001cc80f73c90 code [0x000001cc80f73e40, 0x000001cc80f740b8]
Event: 9.166 Thread 0x000001ccfa1cf0a0 9551       2       jdk.internal.org.objectweb.asm.SymbolTable$Entry::<init> (18 bytes)
Event: 9.166 Thread 0x000001ccfa1cf0a0 nmethod 9551 0x000001cc80f74190 code [0x000001cc80f74320, 0x000001cc80f74468]
Event: 9.170 Thread 0x000001ccfa1cf0a0 9552       3       org.eclipse.jdt.internal.core.search.indexing.BinaryIndexer::removeFirstSyntheticParameter (73 bytes)
Event: 9.171 Thread 0x000001ccfa1cf0a0 nmethod 9552 0x000001cc80f74510 code [0x000001cc80f74700, 0x000001cc80f74bb8]
Event: 9.172 Thread 0x000001ccfa1cf0a0 9553       2       jdk.internal.reflect.MethodAccessorImpl::<init> (5 bytes)
Event: 9.173 Thread 0x000001ccfa1cf0a0 nmethod 9553 0x000001cc80f74d90 code [0x000001cc80f74f20, 0x000001cc80f75018]
Event: 9.173 Thread 0x000001ccfa1cf0a0 9554       2       java.util.concurrent.ConcurrentHashMap::<init> (9 bytes)
Event: 9.173 Thread 0x000001ccfa1cf0a0 nmethod 9554 0x000001cc80f75110 code [0x000001cc80f752c0, 0x000001cc80f753e8]
Event: 9.176 Thread 0x000001ccfa1cf0a0 9555   !   2       org.gradle.internal.classloader.FilteringClassLoader::loadClass (62 bytes)
Event: 9.177 Thread 0x000001ccfa1cf0a0 nmethod 9555 0x000001cc80f75490 code [0x000001cc80f756c0, 0x000001cc80f75c08]
Event: 9.178 Thread 0x000001ccfa1cf0a0 9556       3       org.eclipse.jdt.core.Signature::checkName (102 bytes)
Event: 9.178 Thread 0x000001ccfa1cf0a0 nmethod 9556 0x000001cc80f75f90 code [0x000001cc80f761a0, 0x000001cc80f76808]

GC Heap History (20 events):
Event: 9.038 GC heap before
{Heap before GC invocations=113 (full 7):
 PSYoungGen      total 7168K, used 6874K [0x00000000eab00000, 0x00000000eb680000, 0x0000000100000000)
  eden space 3072K, 100% used [0x00000000eab00000,0x00000000eae00000,0x00000000eae00000)
  from space 4096K, 92% used [0x00000000eb280000,0x00000000eb636858,0x00000000eb680000)
  to   space 4096K, 0% used [0x00000000eae80000,0x00000000eae80000,0x00000000eb280000)
 ParOldGen       total 189952K, used 175365K [0x00000000c0000000, 0x00000000cb980000, 0x00000000eab00000)
  object space 189952K, 92% used [0x00000000c0000000,0x00000000cab41498,0x00000000cb980000)
 Metaspace       used 66401K, committed 67520K, reserved 1114112K
  class space    used 7051K, committed 7488K, reserved 1048576K
}
Event: 9.040 GC heap after
{Heap after GC invocations=113 (full 7):
 PSYoungGen      total 7680K, used 4080K [0x00000000eab00000, 0x00000000eb780000, 0x0000000100000000)
  eden space 3584K, 0% used [0x00000000eab00000,0x00000000eab00000,0x00000000eae80000)
  from space 4096K, 99% used [0x00000000eae80000,0x00000000eb27c3d8,0x00000000eb280000)
  to   space 4608K, 0% used [0x00000000eb300000,0x00000000eb300000,0x00000000eb780000)
 ParOldGen       total 189952K, used 175611K [0x00000000c0000000, 0x00000000cb980000, 0x00000000eab00000)
  object space 189952K, 92% used [0x00000000c0000000,0x00000000cab7ec70,0x00000000cb980000)
 Metaspace       used 66401K, committed 67520K, reserved 1114112K
  class space    used 7051K, committed 7488K, reserved 1048576K
}
Event: 9.049 GC heap before
{Heap before GC invocations=114 (full 7):
 PSYoungGen      total 7680K, used 7664K [0x00000000eab00000, 0x00000000eb780000, 0x0000000100000000)
  eden space 3584K, 100% used [0x00000000eab00000,0x00000000eae80000,0x00000000eae80000)
  from space 4096K, 99% used [0x00000000eae80000,0x00000000eb27c3d8,0x00000000eb280000)
  to   space 4608K, 0% used [0x00000000eb300000,0x00000000eb300000,0x00000000eb780000)
 ParOldGen       total 189952K, used 175611K [0x00000000c0000000, 0x00000000cb980000, 0x00000000eab00000)
  object space 189952K, 92% used [0x00000000c0000000,0x00000000cab7ec70,0x00000000cb980000)
 Metaspace       used 66457K, committed 67584K, reserved 1114112K
  class space    used 7062K, committed 7488K, reserved 1048576K
}
Event: 9.054 GC heap after
{Heap after GC invocations=114 (full 7):
 PSYoungGen      total 6144K, used 1780K [0x00000000eab00000, 0x00000000eb500000, 0x0000000100000000)
  eden space 4096K, 0% used [0x00000000eab00000,0x00000000eab00000,0x00000000eaf00000)
  from space 2048K, 86% used [0x00000000eb300000,0x00000000eb4bd078,0x00000000eb500000)
  to   space 3072K, 0% used [0x00000000eaf00000,0x00000000eaf00000,0x00000000eb200000)
 ParOldGen       total 189952K, used 178562K [0x00000000c0000000, 0x00000000cb980000, 0x00000000eab00000)
  object space 189952K, 94% used [0x00000000c0000000,0x00000000cae60a50,0x00000000cb980000)
 Metaspace       used 66457K, committed 67584K, reserved 1114112K
  class space    used 7062K, committed 7488K, reserved 1048576K
}
Event: 9.065 GC heap before
{Heap before GC invocations=115 (full 7):
 PSYoungGen      total 6144K, used 5876K [0x00000000eab00000, 0x00000000eb500000, 0x0000000100000000)
  eden space 4096K, 100% used [0x00000000eab00000,0x00000000eaf00000,0x00000000eaf00000)
  from space 2048K, 86% used [0x00000000eb300000,0x00000000eb4bd078,0x00000000eb500000)
  to   space 3072K, 0% used [0x00000000eaf00000,0x00000000eaf00000,0x00000000eb200000)
 ParOldGen       total 189952K, used 178562K [0x00000000c0000000, 0x00000000cb980000, 0x00000000eab00000)
  object space 189952K, 94% used [0x00000000c0000000,0x00000000cae60a50,0x00000000cb980000)
 Metaspace       used 66520K, committed 67648K, reserved 1114112K
  class space    used 7075K, committed 7488K, reserved 1048576K
}
Event: 9.067 GC heap after
{Heap after GC invocations=115 (full 7):
 PSYoungGen      total 7168K, used 2493K [0x00000000eab00000, 0x00000000eb580000, 0x0000000100000000)
  eden space 4096K, 0% used [0x00000000eab00000,0x00000000eab00000,0x00000000eaf00000)
  from space 3072K, 81% used [0x00000000eaf00000,0x00000000eb16f660,0x00000000eb200000)
  to   space 3072K, 0% used [0x00000000eb280000,0x00000000eb280000,0x00000000eb580000)
 ParOldGen       total 189952K, used 178562K [0x00000000c0000000, 0x00000000cb980000, 0x00000000eab00000)
  object space 189952K, 94% used [0x00000000c0000000,0x00000000cae60a50,0x00000000cb980000)
 Metaspace       used 66520K, committed 67648K, reserved 1114112K
  class space    used 7075K, committed 7488K, reserved 1048576K
}
Event: 9.076 GC heap before
{Heap before GC invocations=116 (full 7):
 PSYoungGen      total 7168K, used 6589K [0x00000000eab00000, 0x00000000eb580000, 0x0000000100000000)
  eden space 4096K, 100% used [0x00000000eab00000,0x00000000eaf00000,0x00000000eaf00000)
  from space 3072K, 81% used [0x00000000eaf00000,0x00000000eb16f660,0x00000000eb200000)
  to   space 3072K, 0% used [0x00000000eb280000,0x00000000eb280000,0x00000000eb580000)
 ParOldGen       total 189952K, used 178562K [0x00000000c0000000, 0x00000000cb980000, 0x00000000eab00000)
  object space 189952K, 94% used [0x00000000c0000000,0x00000000cae60a50,0x00000000cb980000)
 Metaspace       used 66603K, committed 67776K, reserved 1114112K
  class space    used 7084K, committed 7552K, reserved 1048576K
}
Event: 9.078 GC heap after
{Heap after GC invocations=116 (full 7):
 PSYoungGen      total 7168K, used 3045K [0x00000000eab00000, 0x00000000eb680000, 0x0000000100000000)
  eden space 4096K, 0% used [0x00000000eab00000,0x00000000eab00000,0x00000000eaf00000)
  from space 3072K, 99% used [0x00000000eb280000,0x00000000eb5796e0,0x00000000eb580000)
  to   space 3584K, 0% used [0x00000000eaf00000,0x00000000eaf00000,0x00000000eb280000)
 ParOldGen       total 189952K, used 178562K [0x00000000c0000000, 0x00000000cb980000, 0x00000000eab00000)
  object space 189952K, 94% used [0x00000000c0000000,0x00000000cae60a50,0x00000000cb980000)
 Metaspace       used 66603K, committed 67776K, reserved 1114112K
  class space    used 7084K, committed 7552K, reserved 1048576K
}
Event: 9.089 GC heap before
{Heap before GC invocations=117 (full 7):
 PSYoungGen      total 7168K, used 7141K [0x00000000eab00000, 0x00000000eb680000, 0x0000000100000000)
  eden space 4096K, 100% used [0x00000000eab00000,0x00000000eaf00000,0x00000000eaf00000)
  from space 3072K, 99% used [0x00000000eb280000,0x00000000eb5796e0,0x00000000eb580000)
  to   space 3584K, 0% used [0x00000000eaf00000,0x00000000eaf00000,0x00000000eb280000)
 ParOldGen       total 189952K, used 178562K [0x00000000c0000000, 0x00000000cb980000, 0x00000000eab00000)
  object space 189952K, 94% used [0x00000000c0000000,0x00000000cae60a50,0x00000000cb980000)
 Metaspace       used 66686K, committed 67840K, reserved 1114112K
  class space    used 7102K, committed 7552K, reserved 1048576K
}
Event: 9.091 GC heap after
{Heap after GC invocations=117 (full 7):
 PSYoungGen      total 7680K, used 3562K [0x00000000eab00000, 0x00000000eb780000, 0x0000000100000000)
  eden space 4096K, 0% used [0x00000000eab00000,0x00000000eab00000,0x00000000eaf00000)
  from space 3584K, 99% used [0x00000000eaf00000,0x00000000eb27a808,0x00000000eb280000)
  to   space 4096K, 0% used [0x00000000eb380000,0x00000000eb380000,0x00000000eb780000)
 ParOldGen       total 189952K, used 178761K [0x00000000c0000000, 0x00000000cb980000, 0x00000000eab00000)
  object space 189952K, 94% used [0x00000000c0000000,0x00000000cae92688,0x00000000cb980000)
 Metaspace       used 66686K, committed 67840K, reserved 1114112K
  class space    used 7102K, committed 7552K, reserved 1048576K
}
Event: 9.103 GC heap before
{Heap before GC invocations=118 (full 7):
 PSYoungGen      total 7680K, used 7658K [0x00000000eab00000, 0x00000000eb780000, 0x0000000100000000)
  eden space 4096K, 100% used [0x00000000eab00000,0x00000000eaf00000,0x00000000eaf00000)
  from space 3584K, 99% used [0x00000000eaf00000,0x00000000eb27a808,0x00000000eb280000)
  to   space 4096K, 0% used [0x00000000eb380000,0x00000000eb380000,0x00000000eb780000)
 ParOldGen       total 189952K, used 178761K [0x00000000c0000000, 0x00000000cb980000, 0x00000000eab00000)
  object space 189952K, 94% used [0x00000000c0000000,0x00000000cae92688,0x00000000cb980000)
 Metaspace       used 66774K, committed 67904K, reserved 1114112K
  class space    used 7120K, committed 7552K, reserved 1048576K
}
Event: 9.107 GC heap after
{Heap after GC invocations=118 (full 7):
 PSYoungGen      total 8704K, used 3549K [0x00000000eab00000, 0x00000000eb780000, 0x0000000100000000)
  eden space 4608K, 0% used [0x00000000eab00000,0x00000000eab00000,0x00000000eaf80000)
  from space 4096K, 86% used [0x00000000eb380000,0x00000000eb6f7470,0x00000000eb780000)
  to   space 4096K, 0% used [0x00000000eaf80000,0x00000000eaf80000,0x00000000eb380000)
 ParOldGen       total 189952K, used 179705K [0x00000000c0000000, 0x00000000cb980000, 0x00000000eab00000)
  object space 189952K, 94% used [0x00000000c0000000,0x00000000caf7e5c0,0x00000000cb980000)
 Metaspace       used 66774K, committed 67904K, reserved 1114112K
  class space    used 7120K, committed 7552K, reserved 1048576K
}
Event: 9.120 GC heap before
{Heap before GC invocations=119 (full 7):
 PSYoungGen      total 8704K, used 8157K [0x00000000eab00000, 0x00000000eb780000, 0x0000000100000000)
  eden space 4608K, 100% used [0x00000000eab00000,0x00000000eaf80000,0x00000000eaf80000)
  from space 4096K, 86% used [0x00000000eb380000,0x00000000eb6f7470,0x00000000eb780000)
  to   space 4096K, 0% used [0x00000000eaf80000,0x00000000eaf80000,0x00000000eb380000)
 ParOldGen       total 189952K, used 179705K [0x00000000c0000000, 0x00000000cb980000, 0x00000000eab00000)
  object space 189952K, 94% used [0x00000000c0000000,0x00000000caf7e5c0,0x00000000cb980000)
 Metaspace       used 66871K, committed 67968K, reserved 1114112K
  class space    used 7132K, committed 7552K, reserved 1048576K
}
Event: 9.122 GC heap after
{Heap after GC invocations=119 (full 7):
 PSYoungGen      total 8704K, used 4082K [0x00000000eab00000, 0x00000000eb900000, 0x0000000100000000)
  eden space 4608K, 0% used [0x00000000eab00000,0x00000000eab00000,0x00000000eaf80000)
  from space 4096K, 99% used [0x00000000eaf80000,0x00000000eb37cae0,0x00000000eb380000)
  to   space 4608K, 0% used [0x00000000eb480000,0x00000000eb480000,0x00000000eb900000)
 ParOldGen       total 189952K, used 179918K [0x00000000c0000000, 0x00000000cb980000, 0x00000000eab00000)
  object space 189952K, 94% used [0x00000000c0000000,0x00000000cafb3830,0x00000000cb980000)
 Metaspace       used 66871K, committed 67968K, reserved 1114112K
  class space    used 7132K, committed 7552K, reserved 1048576K
}
Event: 9.136 GC heap before
{Heap before GC invocations=120 (full 7):
 PSYoungGen      total 8704K, used 8690K [0x00000000eab00000, 0x00000000eb900000, 0x0000000100000000)
  eden space 4608K, 99% used [0x00000000eab00000,0x00000000eaf7ffd8,0x00000000eaf80000)
  from space 4096K, 99% used [0x00000000eaf80000,0x00000000eb37cae0,0x00000000eb380000)
  to   space 4608K, 0% used [0x00000000eb480000,0x00000000eb480000,0x00000000eb900000)
 ParOldGen       total 189952K, used 179918K [0x00000000c0000000, 0x00000000cb980000, 0x00000000eab00000)
  object space 189952K, 94% used [0x00000000c0000000,0x00000000cafb3830,0x00000000cb980000)
 Metaspace       used 66981K, committed 68096K, reserved 1114112K
  class space    used 7144K, committed 7552K, reserved 1048576K
}
Event: 9.140 GC heap after
{Heap after GC invocations=120 (full 7):
 PSYoungGen      total 9216K, used 3956K [0x00000000eab00000, 0x00000000eb880000, 0x0000000100000000)
  eden space 5120K, 0% used [0x00000000eab00000,0x00000000eab00000,0x00000000eb000000)
  from space 4096K, 96% used [0x00000000eb480000,0x00000000eb85d1c8,0x00000000eb880000)
  to   space 4096K, 0% used [0x00000000eb080000,0x00000000eb080000,0x00000000eb480000)
 ParOldGen       total 189952K, used 181074K [0x00000000c0000000, 0x00000000cb980000, 0x00000000eab00000)
  object space 189952K, 95% used [0x00000000c0000000,0x00000000cb0d48f0,0x00000000cb980000)
 Metaspace       used 66981K, committed 68096K, reserved 1114112K
  class space    used 7144K, committed 7552K, reserved 1048576K
}
Event: 9.160 GC heap before
{Heap before GC invocations=121 (full 7):
 PSYoungGen      total 9216K, used 9076K [0x00000000eab00000, 0x00000000eb880000, 0x0000000100000000)
  eden space 5120K, 100% used [0x00000000eab00000,0x00000000eb000000,0x00000000eb000000)
  from space 4096K, 96% used [0x00000000eb480000,0x00000000eb85d1c8,0x00000000eb880000)
  to   space 4096K, 0% used [0x00000000eb080000,0x00000000eb080000,0x00000000eb480000)
 ParOldGen       total 189952K, used 181074K [0x00000000c0000000, 0x00000000cb980000, 0x00000000eab00000)
  object space 189952K, 95% used [0x00000000c0000000,0x00000000cb0d48f0,0x00000000cb980000)
 Metaspace       used 67077K, committed 68224K, reserved 1114112K
  class space    used 7159K, committed 7616K, reserved 1048576K
}
Event: 9.164 GC heap after
{Heap after GC invocations=121 (full 7):
 PSYoungGen      total 9728K, used 4076K [0x00000000eab00000, 0x00000000eba80000, 0x0000000100000000)
  eden space 5632K, 0% used [0x00000000eab00000,0x00000000eab00000,0x00000000eb080000)
  from space 4096K, 99% used [0x00000000eb080000,0x00000000eb47b178,0x00000000eb480000)
  to   space 5120K, 0% used [0x00000000eb580000,0x00000000eb580000,0x00000000eba80000)
 ParOldGen       total 189952K, used 181745K [0x00000000c0000000, 0x00000000cb980000, 0x00000000eab00000)
  object space 189952K, 95% used [0x00000000c0000000,0x00000000cb17c448,0x00000000cb980000)
 Metaspace       used 67077K, committed 68224K, reserved 1114112K
  class space    used 7159K, committed 7616K, reserved 1048576K
}
Event: 9.186 GC heap before
{Heap before GC invocations=122 (full 7):
 PSYoungGen      total 9728K, used 9708K [0x00000000eab00000, 0x00000000eba80000, 0x0000000100000000)
  eden space 5632K, 100% used [0x00000000eab00000,0x00000000eb080000,0x00000000eb080000)
  from space 4096K, 99% used [0x00000000eb080000,0x00000000eb47b178,0x00000000eb480000)
  to   space 5120K, 0% used [0x00000000eb580000,0x00000000eb580000,0x00000000eba80000)
 ParOldGen       total 189952K, used 181745K [0x00000000c0000000, 0x00000000cb980000, 0x00000000eab00000)
  object space 189952K, 95% used [0x00000000c0000000,0x00000000cb17c448,0x00000000cb980000)
 Metaspace       used 67165K, committed 68288K, reserved 1114112K
  class space    used 7166K, committed 7616K, reserved 1048576K
}
Event: 9.190 GC heap after
{Heap after GC invocations=122 (full 7):
 PSYoungGen      total 11264K, used 4213K [0x00000000eab00000, 0x00000000eba80000, 0x0000000100000000)
  eden space 6144K, 0% used [0x00000000eab00000,0x00000000eab00000,0x00000000eb100000)
  from space 5120K, 82% used [0x00000000eb580000,0x00000000eb99d600,0x00000000eba80000)
  to   space 4608K, 0% used [0x00000000eb100000,0x00000000eb100000,0x00000000eb580000)
 ParOldGen       total 189952K, used 182830K [0x00000000c0000000, 0x00000000cb980000, 0x00000000eab00000)
  object space 189952K, 96% used [0x00000000c0000000,0x00000000cb28bb58,0x00000000cb980000)
 Metaspace       used 67165K, committed 68288K, reserved 1114112K
  class space    used 7166K, committed 7616K, reserved 1048576K
}

Dll operation events (10 events):
Event: 0.011 Loaded shared library c:\Users\yenho\.vscode\extensions\redhat.java-1.38.0-win32-x64\jre\17.0.13-win32-x86_64\bin\java.dll
Event: 0.161 Loaded shared library c:\Users\yenho\.vscode\extensions\redhat.java-1.38.0-win32-x64\jre\17.0.13-win32-x86_64\bin\zip.dll
Event: 0.165 Loaded shared library C:\Users\yenho\.vscode\extensions\redhat.java-1.38.0-win32-x64\jre\17.0.13-win32-x86_64\bin\instrument.dll
Event: 0.181 Loaded shared library C:\Users\yenho\.vscode\extensions\redhat.java-1.38.0-win32-x64\jre\17.0.13-win32-x86_64\bin\net.dll
Event: 0.183 Loaded shared library C:\Users\yenho\.vscode\extensions\redhat.java-1.38.0-win32-x64\jre\17.0.13-win32-x86_64\bin\nio.dll
Event: 0.190 Loaded shared library C:\Users\yenho\.vscode\extensions\redhat.java-1.38.0-win32-x64\jre\17.0.13-win32-x86_64\bin\zip.dll
Event: 0.204 Loaded shared library C:\Users\yenho\.vscode\extensions\redhat.java-1.38.0-win32-x64\jre\17.0.13-win32-x86_64\bin\jimage.dll
Event: 0.264 Loaded shared library c:\Users\yenho\.vscode\extensions\redhat.java-1.38.0-win32-x64\jre\17.0.13-win32-x86_64\bin\verify.dll
Event: 1.101 Loaded shared library C:\Users\yenho\AppData\Roaming\Code\User\globalStorage\redhat.java\1.38.0\config_win\org.eclipse.equinox.launcher\org.eclipse.equinox.launcher.win32.win32.x86_64_1.2.1100.v20240722-2106\eclipse_11904.dll
Event: 2.277 Loaded shared library C:\Users\yenho\AppData\Local\Temp\jna-114863977\jna7336220600826780069.dll

Deoptimization events (20 events):
Event: 8.993 Thread 0x000001cc8f96e990 DEOPT PACKING pc=0x000001cc87b983e8 sp=0x0000000c2f5fd270
Event: 8.993 Thread 0x000001cc8f96e990 DEOPT UNPACKING pc=0x000001cc875866a3 sp=0x0000000c2f5fd230 mode 2
Event: 8.993 Thread 0x000001cc8f96e990 Uncommon trap: trap_request=0xffffff45 fr.pc=0x000001cc87c5b808 relative=0x00000000000001e8
Event: 8.993 Thread 0x000001cc8f96e990 Uncommon trap: reason=unstable_if action=reinterpret pc=0x000001cc87c5b808 method=java.lang.String.hashCode()I @ 20 c2
Event: 8.993 Thread 0x000001cc8f96e990 DEOPT PACKING pc=0x000001cc87c5b808 sp=0x0000000c2f5fd320
Event: 8.993 Thread 0x000001cc8f96e990 DEOPT UNPACKING pc=0x000001cc875866a3 sp=0x0000000c2f5fd258 mode 2
Event: 8.993 Thread 0x000001cc8f96e990 Uncommon trap: trap_request=0xffffff45 fr.pc=0x000001cc87ba1218 relative=0x0000000000000178
Event: 8.993 Thread 0x000001cc8f96e990 Uncommon trap: reason=unstable_if action=reinterpret pc=0x000001cc87ba1218 method=java.util.zip.ZipFile$Source.isMetaName([BII)Z @ 57 c2
Event: 8.993 Thread 0x000001cc8f96e990 DEOPT PACKING pc=0x000001cc87ba1218 sp=0x0000000c2f5fd480
Event: 8.993 Thread 0x000001cc8f96e990 DEOPT UNPACKING pc=0x000001cc875866a3 sp=0x0000000c2f5fd410 mode 2
Event: 9.093 Thread 0x000001ccfc420c90 Uncommon trap: trap_request=0xffffff45 fr.pc=0x000001cc87d88f34 relative=0x0000000000001334
Event: 9.093 Thread 0x000001ccfc420c90 Uncommon trap: reason=unstable_if action=reinterpret pc=0x000001cc87d88f34 method=org.eclipse.jdt.internal.compiler.classfmt.MethodInfo.createMethod([B[IIJ)Lorg/eclipse/jdt/internal/compiler/classfmt/MethodInfo; @ 217 c2
Event: 9.093 Thread 0x000001ccfc420c90 DEOPT PACKING pc=0x000001cc87d88f34 sp=0x0000000c2befed40
Event: 9.093 Thread 0x000001ccfc420c90 DEOPT UNPACKING pc=0x000001cc875866a3 sp=0x0000000c2befec80 mode 2
Event: 9.096 Thread 0x000001ccfc420c90 Uncommon trap: trap_request=0xffffff45 fr.pc=0x000001cc87e1999c relative=0x0000000000000d3c
Event: 9.096 Thread 0x000001ccfc420c90 Uncommon trap: reason=unstable_if action=reinterpret pc=0x000001cc87e1999c method=org.eclipse.jdt.internal.compiler.classfmt.FieldInfo.createField([B[IIJ)Lorg/eclipse/jdt/internal/compiler/classfmt/FieldInfo; @ 167 c2
Event: 9.096 Thread 0x000001ccfc420c90 DEOPT PACKING pc=0x000001cc87e1999c sp=0x0000000c2befed40
Event: 9.096 Thread 0x000001ccfc420c90 DEOPT UNPACKING pc=0x000001cc875866a3 sp=0x0000000c2befeca8 mode 2
Event: 9.128 Thread 0x000001cc8f96e990 DEOPT PACKING pc=0x000001cc80f05397 sp=0x0000000c2f5f9290
Event: 9.128 Thread 0x000001cc8f96e990 DEOPT UNPACKING pc=0x000001cc87586e43 sp=0x0000000c2f5f87a0 mode 0

Classes loaded (20 events):
Event: 7.556 Loading class sun/nio/fs/WindowsFileSystem$2
Event: 7.556 Loading class java/nio/file/PathMatcher
Event: 7.556 Loading class java/nio/file/PathMatcher done
Event: 7.556 Loading class sun/nio/fs/WindowsFileSystem$2 done
Event: 7.823 Loading class java/nio/file/FileChannelLinesSpliterator
Event: 7.824 Loading class java/nio/file/FileChannelLinesSpliterator done
Event: 7.824 Loading class java/util/stream/Streams$1
Event: 7.824 Loading class java/util/stream/Streams$1 done
Event: 7.825 Loading class java/nio/file/FileChannelLinesSpliterator$1
Event: 7.825 Loading class java/nio/file/FileChannelLinesSpliterator$1 done
Event: 7.940 Loading class java/util/concurrent/CopyOnWriteArraySet
Event: 7.940 Loading class java/util/concurrent/CopyOnWriteArraySet done
Event: 8.867 Loading class java/net/HttpURLConnection
Event: 8.868 Loading class java/net/HttpURLConnection done
Event: 8.877 Loading class java/io/FileFilter
Event: 8.877 Loading class java/io/FileFilter done
Event: 8.903 Loading class java/util/concurrent/ConcurrentHashMap$ValueSpliterator
Event: 8.903 Loading class java/util/concurrent/ConcurrentHashMap$ValueSpliterator done
Event: 8.904 Loading class jdk/internal/loader/BootLoader$PackageHelper
Event: 8.905 Loading class jdk/internal/loader/BootLoader$PackageHelper done

Classes unloaded (7 events):
Event: 3.396 Thread 0x000001ccee30b150 Unloading class 0x0000000100254000 'java/lang/invoke/LambdaForm$MH+0x0000000100254000'
Event: 3.396 Thread 0x000001ccee30b150 Unloading class 0x0000000100253c00 'java/lang/invoke/LambdaForm$MH+0x0000000100253c00'
Event: 3.396 Thread 0x000001ccee30b150 Unloading class 0x0000000100253800 'java/lang/invoke/LambdaForm$MH+0x0000000100253800'
Event: 3.396 Thread 0x000001ccee30b150 Unloading class 0x0000000100253400 'java/lang/invoke/LambdaForm$MH+0x0000000100253400'
Event: 3.396 Thread 0x000001ccee30b150 Unloading class 0x0000000100253000 'java/lang/invoke/LambdaForm$BMH+0x0000000100253000'
Event: 3.396 Thread 0x000001ccee30b150 Unloading class 0x0000000100252c00 'java/lang/invoke/LambdaForm$DMH+0x0000000100252c00'
Event: 3.396 Thread 0x000001ccee30b150 Unloading class 0x0000000100250400 'java/lang/invoke/LambdaForm$DMH+0x0000000100250400'

Classes redefined (0 events):
No events

Internal exceptions (20 events):
Event: 7.813 Thread 0x000001ccfc4225e0 Exception <a 'sun/nio/fs/WindowsException'{0x00000000eb199a10}> (0x00000000eb199a10) 
thrown [s\src\hotspot\share\prims\jni.cpp, line 516]
Event: 7.813 Thread 0x000001ccfc4225e0 Exception <a 'sun/nio/fs/WindowsException'{0x00000000eb19a098}> (0x00000000eb19a098) 
thrown [s\src\hotspot\share\prims\jni.cpp, line 516]
Event: 7.813 Thread 0x000001ccfc4225e0 Exception <a 'sun/nio/fs/WindowsException'{0x00000000eb19a720}> (0x00000000eb19a720) 
thrown [s\src\hotspot\share\prims\jni.cpp, line 516]
Event: 7.813 Thread 0x000001ccfc4225e0 Exception <a 'sun/nio/fs/WindowsException'{0x00000000eb19adc0}> (0x00000000eb19adc0) 
thrown [s\src\hotspot\share\prims\jni.cpp, line 516]
Event: 7.814 Thread 0x000001ccfc4225e0 Exception <a 'sun/nio/fs/WindowsException'{0x00000000eb1c0428}> (0x00000000eb1c0428) 
thrown [s\src\hotspot\share\prims\jni.cpp, line 516]
Event: 7.814 Thread 0x000001ccfc4225e0 Exception <a 'sun/nio/fs/WindowsException'{0x00000000eb1c0a60}> (0x00000000eb1c0a60) 
thrown [s\src\hotspot\share\prims\jni.cpp, line 516]
Event: 7.814 Thread 0x000001ccfc4225e0 Exception <a 'sun/nio/fs/WindowsException'{0x00000000eb1c1098}> (0x00000000eb1c1098) 
thrown [s\src\hotspot\share\prims\jni.cpp, line 516]
Event: 7.814 Thread 0x000001ccfc4225e0 Exception <a 'sun/nio/fs/WindowsException'{0x00000000eb1c16f0}> (0x00000000eb1c16f0) 
thrown [s\src\hotspot\share\prims\jni.cpp, line 516]
Event: 7.814 Thread 0x000001ccfc4225e0 Exception <a 'sun/nio/fs/WindowsException'{0x00000000eb1e6a40}> (0x00000000eb1e6a40) 
thrown [s\src\hotspot\share\prims\jni.cpp, line 516]
Event: 7.814 Thread 0x000001ccfc4225e0 Exception <a 'sun/nio/fs/WindowsException'{0x00000000eb1e7098}> (0x00000000eb1e7098) 
thrown [s\src\hotspot\share\prims\jni.cpp, line 516]
Event: 7.814 Thread 0x000001ccfc4225e0 Exception <a 'sun/nio/fs/WindowsException'{0x00000000eb1e76f0}> (0x00000000eb1e76f0) 
thrown [s\src\hotspot\share\prims\jni.cpp, line 516]
Event: 7.814 Thread 0x000001ccfc4225e0 Exception <a 'sun/nio/fs/WindowsException'{0x00000000eb1e7d60}> (0x00000000eb1e7d60) 
thrown [s\src\hotspot\share\prims\jni.cpp, line 516]
Event: 7.815 Thread 0x000001ccfc4225e0 Exception <a 'sun/nio/fs/WindowsException'{0x00000000eb22df58}> (0x00000000eb22df58) 
thrown [s\src\hotspot\share\prims\jni.cpp, line 516]
Event: 7.815 Thread 0x000001ccfc4225e0 Exception <a 'sun/nio/fs/WindowsException'{0x00000000eb22e590}> (0x00000000eb22e590) 
thrown [s\src\hotspot\share\prims\jni.cpp, line 516]
Event: 7.815 Thread 0x000001ccfc4225e0 Exception <a 'sun/nio/fs/WindowsException'{0x00000000eb22ebc8}> (0x00000000eb22ebc8) 
thrown [s\src\hotspot\share\prims\jni.cpp, line 516]
Event: 7.815 Thread 0x000001ccfc4225e0 Exception <a 'sun/nio/fs/WindowsException'{0x00000000eb22f220}> (0x00000000eb22f220) 
thrown [s\src\hotspot\share\prims\jni.cpp, line 516]
Event: 7.815 Thread 0x000001ccfc4225e0 Exception <a 'sun/nio/fs/WindowsException'{0x00000000eb254eb0}> (0x00000000eb254eb0) 
thrown [s\src\hotspot\share\prims\jni.cpp, line 516]
Event: 7.815 Thread 0x000001ccfc4225e0 Exception <a 'sun/nio/fs/WindowsException'{0x00000000eb2554e8}> (0x00000000eb2554e8) 
thrown [s\src\hotspot\share\prims\jni.cpp, line 516]
Event: 7.816 Thread 0x000001ccfc4225e0 Exception <a 'sun/nio/fs/WindowsException'{0x00000000eb255b20}> (0x00000000eb255b20) 
thrown [s\src\hotspot\share\prims\jni.cpp, line 516]
Event: 7.816 Thread 0x000001ccfc4225e0 Exception <a 'sun/nio/fs/WindowsException'{0x00000000eb25a520}> (0x00000000eb25a520) 
thrown [s\src\hotspot\share\prims\jni.cpp, line 516]

VM Operations (20 events):
Event: 9.038 Executing VM operation: ParallelGCFailedAllocation
Event: 9.040 Executing VM operation: ParallelGCFailedAllocation done
Event: 9.049 Executing VM operation: ParallelGCFailedAllocation
Event: 9.054 Executing VM operation: ParallelGCFailedAllocation done
Event: 9.065 Executing VM operation: ParallelGCFailedAllocation
Event: 9.067 Executing VM operation: ParallelGCFailedAllocation done
Event: 9.076 Executing VM operation: ParallelGCFailedAllocation
Event: 9.078 Executing VM operation: ParallelGCFailedAllocation done
Event: 9.089 Executing VM operation: ParallelGCFailedAllocation
Event: 9.091 Executing VM operation: ParallelGCFailedAllocation done
Event: 9.103 Executing VM operation: ParallelGCFailedAllocation
Event: 9.107 Executing VM operation: ParallelGCFailedAllocation done
Event: 9.120 Executing VM operation: ParallelGCFailedAllocation
Event: 9.122 Executing VM operation: ParallelGCFailedAllocation done
Event: 9.136 Executing VM operation: ParallelGCFailedAllocation
Event: 9.140 Executing VM operation: ParallelGCFailedAllocation done
Event: 9.160 Executing VM operation: ParallelGCFailedAllocation
Event: 9.164 Executing VM operation: ParallelGCFailedAllocation done
Event: 9.186 Executing VM operation: ParallelGCFailedAllocation
Event: 9.190 Executing VM operation: ParallelGCFailedAllocation done

Memory protections (0 events):
No events

Nmethod flushes (20 events):
Event: 7.685 Thread 0x000001ccfa1d8180 flushing  nmethod 0x000001cc80d8ed90
Event: 7.685 Thread 0x000001ccfa1d8180 flushing  nmethod 0x000001cc80d9c110
Event: 7.685 Thread 0x000001ccfa1d8180 flushing  nmethod 0x000001cc80d9ee90
Event: 7.685 Thread 0x000001ccfa1d8180 flushing  nmethod 0x000001cc80d9f310
Event: 7.685 Thread 0x000001ccfa1d8180 flushing  nmethod 0x000001cc80da5390
Event: 7.685 Thread 0x000001ccfa1d8180 flushing  nmethod 0x000001cc80da6810
Event: 7.685 Thread 0x000001ccfa1d8180 flushing  nmethod 0x000001cc80da7010
Event: 7.685 Thread 0x000001ccfa1d8180 flushing  nmethod 0x000001cc80da7510
Event: 7.685 Thread 0x000001ccfa1d8180 flushing  nmethod 0x000001cc80da7a10
Event: 7.685 Thread 0x000001ccfa1d8180 flushing  nmethod 0x000001cc80db2790
Event: 7.685 Thread 0x000001ccfa1d8180 flushing  nmethod 0x000001cc80dcb090
Event: 7.685 Thread 0x000001ccfa1d8180 flushing  nmethod 0x000001cc80dcb510
Event: 7.685 Thread 0x000001ccfa1d8180 flushing  nmethod 0x000001cc80dd0890
Event: 7.685 Thread 0x000001ccfa1d8180 flushing  nmethod 0x000001cc80dd5410
Event: 7.685 Thread 0x000001ccfa1d8180 flushing  nmethod 0x000001cc80dd7410
Event: 7.685 Thread 0x000001ccfa1d8180 flushing  nmethod 0x000001cc80dd8510
Event: 7.685 Thread 0x000001ccfa1d8180 flushing  nmethod 0x000001cc80e2c110
Event: 7.685 Thread 0x000001ccfa1d8180 flushing  nmethod 0x000001cc80e2c990
Event: 7.685 Thread 0x000001ccfa1d8180 flushing  nmethod 0x000001cc80e37510
Event: 7.685 Thread 0x000001ccfa1d8180 flushing  nmethod 0x000001cc80e3b510

Events (20 events):
Event: 4.701 Thread 0x000001ccff1e3a50 Thread added: 0x000001ccfa1c6d00
Event: 4.701 Thread 0x000001ccfc41d9f0 Thread added: 0x000001cc8f9744b0
Event: 4.701 Thread 0x000001ccff1e3030 Thread added: 0x000001cc8f9707f0
Event: 4.701 Thread 0x000001cc8f9744b0 Thread added: 0x000001cc8f9702e0
Event: 4.702 Thread 0x000001cc8f9707f0 Thread added: 0x000001cc8f974ed0
Event: 4.702 Thread 0x000001ccff1e2610 Thread added: 0x000001cc8f971c30
Event: 6.152 Thread 0x000001ccff1e3a50 Thread added: 0x000001cc8f9758f0
Event: 6.218 Thread 0x000001ccff1e3a50 Thread added: 0x000001cc8f973a90
Event: 6.223 Thread 0x000001ccff1e3a50 Thread added: 0x000001cc8f970d00
Event: 6.228 Thread 0x000001ccff1e3a50 Thread added: 0x000001cc8f972140
Event: 6.233 Thread 0x000001ccff1e3a50 Thread added: 0x000001cc8f971720
Event: 6.252 Thread 0x000001ccff1e3a50 Thread added: 0x000001cc8f96e480
Event: 6.258 Thread 0x000001ccff1e3a50 Thread added: 0x000001cc8f975e00
Event: 6.259 Thread 0x000001ccff1e3a50 Thread added: 0x000001cc8f972650
Event: 6.259 Thread 0x000001ccff1e3a50 Thread added: 0x000001cc8f973fa0
Event: 6.275 Thread 0x000001ccff1e3a50 Thread added: 0x000001cc8f96fdd0
Event: 6.283 Thread 0x000001ccff1e3a50 Thread added: 0x000001cc8f971210
Event: 7.848 Thread 0x000001ccfa1c62e0 Thread exited: 0x000001ccfa1c62e0
Event: 7.879 Thread 0x000001ccfc4225e0 Thread added: 0x000001cc8f972b60
Event: 8.822 Thread 0x000001ccfc4225e0 Thread added: 0x000001cc8f96e990


Dynamic libraries:
0x00007ff7505a0000 - 0x00007ff7505ae000 	c:\Users\yenho\.vscode\extensions\redhat.java-1.38.0-win32-x64\jre\17.0.13-win32-x86_64\bin\java.exe
0x00007ffca76b0000 - 0x00007ffca78c7000 	C:\Windows\SYSTEM32\ntdll.dll
0x00007ffca6cb0000 - 0x00007ffca6d74000 	C:\Windows\System32\KERNEL32.DLL
0x00007ffca4ff0000 - 0x00007ffca53aa000 	C:\Windows\System32\KERNELBASE.dll
0x00007ffca4bc0000 - 0x00007ffca4cd1000 	C:\Windows\System32\ucrtbase.dll
0x00007ffca0300000 - 0x00007ffca0317000 	c:\Users\yenho\.vscode\extensions\redhat.java-1.38.0-win32-x64\jre\17.0.13-win32-x86_64\bin\jli.dll
0x00007ffca02e0000 - 0x00007ffca02fe000 	c:\Users\yenho\.vscode\extensions\redhat.java-1.38.0-win32-x64\jre\17.0.13-win32-x86_64\bin\VCRUNTIME140.dll
0x00007ffca5a90000 - 0x00007ffca5c3e000 	C:\Windows\System32\USER32.dll
0x00007ffca4980000 - 0x00007ffca49a6000 	C:\Windows\System32\win32u.dll
0x00007ffca63f0000 - 0x00007ffca6419000 	C:\Windows\System32\GDI32.dll
0x00007ffca4e10000 - 0x00007ffca4f2b000 	C:\Windows\System32\gdi32full.dll
0x00007ffc91a90000 - 0x00007ffc91d22000 	C:\Windows\WinSxS\amd64_microsoft.windows.common-controls_6595b64144ccf1df_6.0.22621.4541_none_2710d1c57384c085\COMCTL32.dll
0x00007ffca73f0000 - 0x00007ffca7497000 	C:\Windows\System32\msvcrt.dll
0x00007ffca49b0000 - 0x00007ffca4a4a000 	C:\Windows\System32\msvcp_win.dll
0x00007ffca5c40000 - 0x00007ffca5c71000 	C:\Windows\System32\IMM32.DLL
0x00007ffca02d0000 - 0x00007ffca02dc000 	c:\Users\yenho\.vscode\extensions\redhat.java-1.38.0-win32-x64\jre\17.0.13-win32-x86_64\bin\vcruntime140_1.dll
0x00007ffc56950000 - 0x00007ffc569dd000 	c:\Users\yenho\.vscode\extensions\redhat.java-1.38.0-win32-x64\jre\17.0.13-win32-x86_64\bin\msvcp140.dll
0x00007ffc35460000 - 0x00007ffc360cb000 	c:\Users\yenho\.vscode\extensions\redhat.java-1.38.0-win32-x64\jre\17.0.13-win32-x86_64\bin\server\jvm.dll
0x00007ffca70f0000 - 0x00007ffca71a2000 	C:\Windows\System32\ADVAPI32.dll
0x00007ffca6120000 - 0x00007ffca61c7000 	C:\Windows\System32\sechost.dll
0x00007ffca4d60000 - 0x00007ffca4d88000 	C:\Windows\System32\bcrypt.dll
0x00007ffca5960000 - 0x00007ffca5a74000 	C:\Windows\System32\RPCRT4.dll
0x00007ffca6e40000 - 0x00007ffca6eb1000 	C:\Windows\System32\WS2_32.dll
0x00007ffc9ee50000 - 0x00007ffc9ee84000 	C:\Windows\SYSTEM32\WINMM.dll
0x00007ffc9e9b0000 - 0x00007ffc9e9ba000 	C:\Windows\SYSTEM32\VERSION.dll
0x00007ffca37d0000 - 0x00007ffca381d000 	C:\Windows\SYSTEM32\POWRPROF.dll
0x00007ffca37b0000 - 0x00007ffca37c3000 	C:\Windows\SYSTEM32\UMPDC.dll
0x00007ffca3a80000 - 0x00007ffca3a98000 	C:\Windows\SYSTEM32\kernel.appcore.dll
0x00007ffc9eef0000 - 0x00007ffc9eefa000 	c:\Users\yenho\.vscode\extensions\redhat.java-1.38.0-win32-x64\jre\17.0.13-win32-x86_64\bin\jimage.dll
0x00007ffc9dcd0000 - 0x00007ffc9df02000 	C:\Windows\SYSTEM32\DBGHELP.DLL
0x00007ffca5d10000 - 0x00007ffca609f000 	C:\Windows\System32\combase.dll
0x00007ffca71b0000 - 0x00007ffca7287000 	C:\Windows\System32\OLEAUT32.dll
0x00007ffc9aad0000 - 0x00007ffc9ab02000 	C:\Windows\SYSTEM32\dbgcore.DLL
0x00007ffca4d90000 - 0x00007ffca4e0b000 	C:\Windows\System32\bcryptPrimitives.dll
0x00007ffc9ef30000 - 0x00007ffc9ef3e000 	c:\Users\yenho\.vscode\extensions\redhat.java-1.38.0-win32-x64\jre\17.0.13-win32-x86_64\bin\instrument.dll
0x00007ffc9eec0000 - 0x00007ffc9eee5000 	c:\Users\yenho\.vscode\extensions\redhat.java-1.38.0-win32-x64\jre\17.0.13-win32-x86_64\bin\java.dll
0x00007ffc98820000 - 0x00007ffc98838000 	c:\Users\yenho\.vscode\extensions\redhat.java-1.38.0-win32-x64\jre\17.0.13-win32-x86_64\bin\zip.dll
0x00007ffca6430000 - 0x00007ffca6ca8000 	C:\Windows\System32\SHELL32.dll
0x00007ffca2880000 - 0x00007ffca3188000 	C:\Windows\SYSTEM32\windows.storage.dll
0x00007ffca2740000 - 0x00007ffca287f000 	C:\Windows\SYSTEM32\wintypes.dll
0x00007ffca5860000 - 0x00007ffca595a000 	C:\Windows\System32\SHCORE.dll
0x00007ffca61d0000 - 0x00007ffca622e000 	C:\Windows\System32\shlwapi.dll
0x00007ffca48b0000 - 0x00007ffca48db000 	C:\Windows\SYSTEM32\profapi.dll
0x00007ffc94f30000 - 0x00007ffc94f49000 	C:\Users\yenho\.vscode\extensions\redhat.java-1.38.0-win32-x64\jre\17.0.13-win32-x86_64\bin\net.dll
0x00007ffca0800000 - 0x00007ffca0936000 	C:\Windows\SYSTEM32\WINHTTP.dll
0x00007ffca3f00000 - 0x00007ffca3f69000 	C:\Windows\system32\mswsock.dll
0x00007ffc94790000 - 0x00007ffc947a6000 	C:\Users\yenho\.vscode\extensions\redhat.java-1.38.0-win32-x64\jre\17.0.13-win32-x86_64\bin\nio.dll
0x00007ffc9ef00000 - 0x00007ffc9ef10000 	c:\Users\yenho\.vscode\extensions\redhat.java-1.38.0-win32-x64\jre\17.0.13-win32-x86_64\bin\verify.dll
0x00007ffc0bae0000 - 0x00007ffc0bb25000 	C:\Users\yenho\AppData\Roaming\Code\User\globalStorage\redhat.java\1.38.0\config_win\org.eclipse.equinox.launcher\org.eclipse.equinox.launcher.win32.win32.x86_64_1.2.1100.v20240722-2106\eclipse_11904.dll
0x00007ffca74a0000 - 0x00007ffca7645000 	C:\Windows\System32\ole32.dll
0x00007ffca4170000 - 0x00007ffca418b000 	C:\Windows\SYSTEM32\CRYPTSP.dll
0x00007ffca39d0000 - 0x00007ffca3a05000 	C:\Windows\system32\rsaenh.dll
0x00007ffca4000000 - 0x00007ffca4028000 	C:\Windows\SYSTEM32\USERENV.dll
0x00007ffca4160000 - 0x00007ffca416c000 	C:\Windows\SYSTEM32\CRYPTBASE.dll
0x00007ffca3460000 - 0x00007ffca348d000 	C:\Windows\SYSTEM32\IPHLPAPI.DLL
0x00007ffca6420000 - 0x00007ffca6429000 	C:\Windows\System32\NSI.dll
0x00007ffc9f3f0000 - 0x00007ffc9f409000 	C:\Windows\SYSTEM32\dhcpcsvc6.DLL
0x00007ffc9f3d0000 - 0x00007ffc9f3ef000 	C:\Windows\SYSTEM32\dhcpcsvc.DLL
0x00007ffca34d0000 - 0x00007ffca35d2000 	C:\Windows\SYSTEM32\DNSAPI.dll
0x00007ffc0ba90000 - 0x00007ffc0bad9000 	C:\Users\yenho\AppData\Local\Temp\jna-114863977\jna7336220600826780069.dll
0x00007ffca5a80000 - 0x00007ffca5a88000 	C:\Windows\System32\PSAPI.DLL

dbghelp: loaded successfully - version: 4.0.5 - missing functions: none
symbol engine: initialized successfully - sym options: 0x614 - pdb path: .;c:\Users\yenho\.vscode\extensions\redhat.java-1.38.0-win32-x64\jre\17.0.13-win32-x86_64\bin;C:\Windows\SYSTEM32;C:\Windows\WinSxS\amd64_microsoft.windows.common-controls_6595b64144ccf1df_6.0.22621.4541_none_2710d1c57384c085;c:\Users\yenho\.vscode\extensions\redhat.java-1.38.0-win32-x64\jre\17.0.13-win32-x86_64\bin\server;C:\Users\yenho\AppData\Roaming\Code\User\globalStorage\redhat.java\1.38.0\config_win\org.eclipse.equinox.launcher\org.eclipse.equinox.launcher.win32.win32.x86_64_1.2.1100.v20240722-2106;C:\Users\yenho\AppData\Local\Temp\jna-114863977

VM Arguments:
jvm_args: --add-modules=ALL-SYSTEM --add-opens=java.base/java.util=ALL-UNNAMED --add-opens=java.base/java.lang=ALL-UNNAMED --add-opens=java.base/sun.nio.fs=ALL-UNNAMED -Declipse.application=org.eclipse.jdt.ls.core.id1 -Dosgi.bundles.defaultStartLevel=4 -Declipse.product=org.eclipse.jdt.ls.core.product -Djava.import.generatesMetadataFilesAtProjectRoot=false -DDetectVMInstallationsJob.disabled=true -Dfile.encoding=utf8 -XX:+UseParallelGC -XX:GCTimeRatio=4 -XX:AdaptiveSizePolicyWeight=90 -Dsun.zip.disableMemoryMapping=true -Xmx1G -Xms100m -Xlog:disable -javaagent:c:\Users\yenho\.vscode\extensions\redhat.java-1.38.0-win32-x64\lombok\lombok-1.18.34.jar -XX:+HeapDumpOnOutOfMemoryError -XX:HeapDumpPath=c:\Users\yenho\AppData\Roaming\Code\User\workspaceStorage\be8ad8b4014e26bb98f6d4fcdc527ed2\redhat.java -Daether.dependencyCollector.impl=bf 
java_command: c:\Users\yenho\.vscode\extensions\redhat.java-1.38.0-win32-x64\server\plugins\org.eclipse.equinox.launcher_1.6.900.v20240613-2009.jar -configuration c:\Users\yenho\AppData\Roaming\Code\User\globalStorage\redhat.java\1.38.0\config_win -data c:\Users\yenho\AppData\Roaming\Code\User\workspaceStorage\be8ad8b4014e26bb98f6d4fcdc527ed2\redhat.java\jdt_ws --pipe=\\.\pipe\lsp-7c71eb77b31135cfb8a098d075237c94-sock
java_class_path (initial): c:\Users\yenho\.vscode\extensions\redhat.java-1.38.0-win32-x64\server\plugins\org.eclipse.equinox.launcher_1.6.900.v20240613-2009.jar
Launcher Type: SUN_STANDARD

[Global flags]
    uintx AdaptiveSizePolicyWeight                 = 90                                        {product} {command line}
     intx CICompilerCount                          = 4                                         {product} {ergonomic}
    uintx GCTimeRatio                              = 4                                         {product} {command line}
     bool HeapDumpOnOutOfMemoryError               = true                                   {manageable} {command line}
    ccstr HeapDumpPath                             = c:\Users\yenho\AppData\Roaming\Code\User\workspaceStorage\be8ad8b4014e26bb98f6d4fcdc527ed2\redhat.java         {manageable} {command line}
   size_t InitialHeapSize                          = 104857600                                 {product} {command line}
   size_t MaxHeapSize                              = 1073741824                                {product} {command line}
   size_t MaxNewSize                               = 357564416                                 {product} {ergonomic}
   size_t MinHeapDeltaBytes                        = 524288                                    {product} {ergonomic}
   size_t MinHeapSize                              = 104857600                                 {product} {command line}
   size_t NewSize                                  = 34603008                                  {product} {ergonomic}
    uintx NonNMethodCodeHeapSize                   = 5839372                                {pd product} {ergonomic}
    uintx NonProfiledCodeHeapSize                  = 122909434                              {pd product} {ergonomic}
   size_t OldSize                                  = 70254592                                  {product} {ergonomic}
    uintx ProfiledCodeHeapSize                     = 122909434                              {pd product} {ergonomic}
    uintx ReservedCodeCacheSize                    = 251658240                              {pd product} {ergonomic}
     bool SegmentedCodeCache                       = true                                      {product} {ergonomic}
   size_t SoftMaxHeapSize                          = 1073741824                             {manageable} {ergonomic}
     bool UseCompressedClassPointers               = true                           {product lp64_product} {ergonomic}
     bool UseCompressedOops                        = true                           {product lp64_product} {ergonomic}
     bool UseLargePagesIndividualAllocation        = false                                  {pd product} {ergonomic}
     bool UseParallelGC                            = true                                      {product} {command line}

Logging:
Log output configuration:
 #0: stdout all=off uptime,level,tags
 #1: stderr all=off uptime,level,tags

Environment Variables:
JAVA_HOME=C:\Program Files\Java\jdk-17
PATH=C:\Program Files\Common Files\Oracle\Java\javapath;C:\Windows\system32;C:\Windows;C:\Windows\System32\Wbem;C:\Windows\System32\WindowsPowerShell\v1.0\;C:\Windows\System32\OpenSSH\;C:\Program Files (x86)\NVIDIA Corporation\PhysX\Common;C:\Program Files\NVIDIA Corporation\NVIDIA NvDLISR;C:\Windows\system32;C:\Windows;C:\Windows\System32\Wbem;C:\Windows\System32\WindowsPowerShell\v1.0\;C:\Windows\System32\OpenSSH\;C:\Program Files\dotnet\;C:\Program Files (x86)\Yarn\bin\;C:\Program Files\nodejs\;C:\Program Files\Java\jdk-17\bin;C:\Users\yenho\AppData\Local\Android\Sdk\platform-tools;C:\Program Files\Git\cmd;C:\Users\yenho\AppData\Local\Microsoft\WindowsApps;C:\Users\yenho\AppData\Local\Programs\Microsoft VS Code\bin;C:\Users\yenho\.dotnet\tools;C:\Users\yenho\AppData\Local\Yarn\bin;C:\Users\yenho\AppData\Roaming\npm;C:\Users\yenho\AppData\Local\GitHubDesktop\bin
USERNAME=yenho
OS=Windows_NT
PROCESSOR_IDENTIFIER=AMD64 Family 25 Model 68 Stepping 1, AuthenticAMD
TMP=C:\Users\yenho\AppData\Local\Temp
TEMP=C:\Users\yenho\AppData\Local\Temp



Periodic native trim disabled


---------------  S Y S T E M  ---------------

OS:
 Windows 11 , 64 bit Build 22621 (10.0.22621.4391)
OS uptime: 0 days 2:26 hours
Hyper-V role detected

CPU: total 12 (initial active 12) (12 cores per cpu, 2 threads per core) family 25 model 68 stepping 1 microcode 0x0, cx8, cmov, fxsr, ht, mmx, 3dnowpref, sse, sse2, sse3, ssse3, sse4a, sse4.1, sse4.2, popcnt, lzcnt, tsc, tscinvbit, avx, avx2, aes, erms, clmul, bmi1, bmi2, adx, sha, fma, vzeroupper, clflush, clflushopt, hv
Processor Information for all 12 processors :
  Max Mhz: 3301, Current Mhz: 3301, Mhz Limit: 3301

Memory: 4k page, system-wide physical 7365M (344M free)
TotalPageFile size 29893M (AvailPageFile size 7M)
current process WorkingSet (physical memory assigned to process): 455M, peak: 460M
current process commit charge ("private bytes"): 469M, peak: 472M

vm_info: OpenJDK 64-Bit Server VM (17.0.13+11) for windows-amd64 JRE (17.0.13+11), built on Oct 16 2024 00:10:08 by "admin" with MS VC++ 17.7 (VS2022)

END.
