#
# There is insufficient memory for the Java Runtime Environment to continue.
# Native memory allocation (malloc) failed to allocate 750832 bytes. Error detail: Chunk::new
# Possible reasons:
#   The system is out of physical RAM or swap space
#   This process is running with CompressedOops enabled, and the Java Heap may be blocking the growth of the native heap
# Possible solutions:
#   Reduce memory load on the system
#   Increase physical memory or swap space
#   Check if swap backing store is full
#   Decrease Java heap size (-Xmx/-Xms)
#   Decrease number of Java threads
#   Decrease Java thread stack sizes (-Xss)
#   Set larger code cache with -XX:ReservedCodeCacheSize=
#   JVM is running with Unscaled Compressed Oops mode in which the Java heap is
#     placed in the first 4GB address space. The Java Heap base address is the
#     maximum limit for the native heap growth. Please use -XX:HeapBaseMinAddress
#     to set the Java Heap base and to place the Java Heap above 4GB virtual address.
# This output file may be truncated or incomplete.
#
#  Out of Memory Error (arena.cpp:191), pid=3056, tid=19404
#
# JRE version: OpenJDK Runtime Environment Temurin-17.0.13+11 (17.0.13+11) (build 17.0.13+11)
# Java VM: OpenJDK 64-Bit Server VM Temurin-17.0.13+11 (17.0.13+11, mixed mode, tiered, compressed oops, compressed class ptrs, parallel gc, windows-amd64)
# No core dump will be written. Minidumps are not enabled by default on client versions of Windows
#

---------------  S U M M A R Y ------------

Command Line: --add-modules=ALL-SYSTEM --add-opens=java.base/java.util=ALL-UNNAMED --add-opens=java.base/java.lang=ALL-UNNAMED --add-opens=java.base/sun.nio.fs=ALL-UNNAMED -Declipse.application=org.eclipse.jdt.ls.core.id1 -Dosgi.bundles.defaultStartLevel=4 -Declipse.product=org.eclipse.jdt.ls.core.product -Djava.import.generatesMetadataFilesAtProjectRoot=false -DDetectVMInstallationsJob.disabled=true -Dfile.encoding=utf8 -XX:+UseParallelGC -XX:GCTimeRatio=4 -XX:AdaptiveSizePolicyWeight=90 -Dsun.zip.disableMemoryMapping=true -Xmx1G -Xms100m -Xlog:disable -javaagent:c:\Users\yenho\.vscode\extensions\redhat.java-1.38.0-win32-x64\lombok\lombok-1.18.34.jar c:\Users\yenho\.vscode\extensions\redhat.java-1.38.0-win32-x64\server\plugins\org.eclipse.equinox.launcher_1.6.900.v20240613-2009.jar -configuration c:\Users\yenho\AppData\Roaming\Code\User\globalStorage\redhat.java\1.38.0\config_ss_win -data c:\Users\yenho\AppData\Roaming\Code\User\workspaceStorage\be8ad8b4014e26bb98f6d4fcdc527ed2\redhat.java\ss_ws --pipe=\\.\pipe\lsp-d9cca457bec1ab1e77d0956229c86fcf-sock

Host: AMD Ryzen 5 7535HS with Radeon Graphics        , 12 cores, 7G,  Windows 11 , 64 bit Build 22621 (10.0.22621.4391)
Time: Thu Jan  9 14:32:01 2025 SE Asia Standard Time elapsed time: 43.833856 seconds (0d 0h 0m 43s)

---------------  T H R E A D  ---------------

Current thread (0x0000023d1d1ba700):  JavaThread "C2 CompilerThread0" daemon [_thread_in_native, id=19404, stack(0x000000a344900000,0x000000a344a00000)]


Current CompileTask:
C2:  43833 3385 %     4       java.io.WinNTFileSystem::normalize @ 22 (143 bytes)

Stack: [0x000000a344900000,0x000000a344a00000]
Native frames: (J=compiled Java code, j=interpreted, Vv=VM code, C=native code)
V  [jvm.dll+0x682a19]
V  [jvm.dll+0x839538]
V  [jvm.dll+0x83afe3]
V  [jvm.dll+0x83b653]
V  [jvm.dll+0x24704f]
V  [jvm.dll+0xace34]
V  [jvm.dll+0xad4cc]
V  [jvm.dll+0x36597e]
V  [jvm.dll+0x1ba989]
V  [jvm.dll+0x2181a7]
V  [jvm.dll+0x21748f]
V  [jvm.dll+0x1a3070]
V  [jvm.dll+0x22788c]
V  [jvm.dll+0x2259eb]
V  [jvm.dll+0x7eec98]
V  [jvm.dll+0x7e8ffc]
V  [jvm.dll+0x6818f7]
C  [ucrtbase.dll+0x29333]
C  [KERNEL32.DLL+0x1259d]
C  [ntdll.dll+0x5af38]


---------------  P R O C E S S  ---------------

Threads class SMR info:
_java_thread_list=0x0000023d1f3dcff0, length=40, elements={
0x0000023d03fdcc40, 0x0000023d17e6ea40, 0x0000023d1d185e90, 0x0000023d1d1b3340,
0x0000023d1d1b3f00, 0x0000023d1d1b5a80, 0x0000023d1d1b8d10, 0x0000023d1d1ba700,
0x0000023d1d1c06a0, 0x0000023d1d200f80, 0x0000023d1d2b3830, 0x0000023d1d50c0c0,
0x0000023d1eeb49e0, 0x0000023d1ee76640, 0x0000023d1ee71c80, 0x0000023d1f0d43a0,
0x0000023d1f191d70, 0x0000023d1f192ca0, 0x0000023d1f192790, 0x0000023d1f191860,
0x0000023d1f192280, 0x0000023d1fbe04d0, 0x0000023d1fbdc300, 0x0000023d1fbd9570,
0x0000023d1fbdb3d0, 0x0000023d1fbd9060, 0x0000023d1fbdd740, 0x0000023d1fbdb8e0,
0x0000023d1fbdaec0, 0x0000023d1fbdbdf0, 0x0000023d1fbdc810, 0x0000023d1fbddc50,
0x0000023d1fbdcd20, 0x0000023d1fbd9a80, 0x0000023d1fbde160, 0x0000023d1fbdffc0,
0x0000023d1fbdf090, 0x0000023d1fbde670, 0x0000023d1fbe09e0, 0x0000023d1fbdeb80
}

Java Threads: ( => current thread )
  0x0000023d03fdcc40 JavaThread "main" [_thread_blocked, id=18872, stack(0x000000a344000000,0x000000a344100000)]
  0x0000023d17e6ea40 JavaThread "Reference Handler" daemon [_thread_blocked, id=10352, stack(0x000000a344300000,0x000000a344400000)]
  0x0000023d1d185e90 JavaThread "Finalizer" daemon [_thread_blocked, id=22860, stack(0x000000a344400000,0x000000a344500000)]
  0x0000023d1d1b3340 JavaThread "Signal Dispatcher" daemon [_thread_blocked, id=18748, stack(0x000000a344500000,0x000000a344600000)]
  0x0000023d1d1b3f00 JavaThread "Attach Listener" daemon [_thread_blocked, id=17572, stack(0x000000a344600000,0x000000a344700000)]
  0x0000023d1d1b5a80 JavaThread "Service Thread" daemon [_thread_blocked, id=19224, stack(0x000000a344700000,0x000000a344800000)]
  0x0000023d1d1b8d10 JavaThread "Monitor Deflation Thread" daemon [_thread_blocked, id=18316, stack(0x000000a344800000,0x000000a344900000)]
=>0x0000023d1d1ba700 JavaThread "C2 CompilerThread0" daemon [_thread_in_native, id=19404, stack(0x000000a344900000,0x000000a344a00000)]
  0x0000023d1d1c06a0 JavaThread "C1 CompilerThread0" daemon [_thread_in_native, id=19376, stack(0x000000a344a00000,0x000000a344b00000)]
  0x0000023d1d200f80 JavaThread "Sweeper thread" daemon [_thread_blocked, id=19140, stack(0x000000a344b00000,0x000000a344c00000)]
  0x0000023d1d2b3830 JavaThread "Common-Cleaner" daemon [_thread_blocked, id=7648, stack(0x000000a344c00000,0x000000a344d00000)]
  0x0000023d1d50c0c0 JavaThread "Notification Thread" daemon [_thread_blocked, id=20012, stack(0x000000a344d00000,0x000000a344e00000)]
  0x0000023d1eeb49e0 JavaThread "Active Thread: Equinox Container: a3c51011-9058-4fb2-bb3c-0ef5d693bb1e" [_thread_blocked, id=20488, stack(0x000000a345500000,0x000000a345600000)]
  0x0000023d1ee76640 JavaThread "Framework Event Dispatcher: Equinox Container: a3c51011-9058-4fb2-bb3c-0ef5d693bb1e" daemon [_thread_blocked, id=8920, stack(0x000000a345600000,0x000000a345700000)]
  0x0000023d1ee71c80 JavaThread "Start Level: Equinox Container: a3c51011-9058-4fb2-bb3c-0ef5d693bb1e" daemon [_thread_blocked, id=1964, stack(0x000000a345700000,0x000000a345800000)]
  0x0000023d1f0d43a0 JavaThread "SCR Component Actor" daemon [_thread_blocked, id=11300, stack(0x000000a345800000,0x000000a345900000)]
  0x0000023d1f191d70 JavaThread "Worker-JM" [_thread_blocked, id=6372, stack(0x000000a345b00000,0x000000a345c00000)]
  0x0000023d1f192ca0 JavaThread "JNA Cleaner" daemon [_thread_blocked, id=2932, stack(0x000000a345e00000,0x000000a345f00000)]
  0x0000023d1f192790 JavaThread "Worker-0" [_thread_blocked, id=24048, stack(0x000000a345f00000,0x000000a346000000)]
  0x0000023d1f191860 JavaThread "Worker-1" [_thread_blocked, id=23276, stack(0x000000a346000000,0x000000a346100000)]
  0x0000023d1f192280 JavaThread "Thread-2" daemon [_thread_in_native, id=20584, stack(0x000000a346100000,0x000000a346200000)]
  0x0000023d1fbe04d0 JavaThread "Thread-3" daemon [_thread_in_native, id=19872, stack(0x000000a346200000,0x000000a346300000)]
  0x0000023d1fbdc300 JavaThread "Thread-4" daemon [_thread_in_native, id=20512, stack(0x000000a346300000,0x000000a346400000)]
  0x0000023d1fbd9570 JavaThread "Thread-5" daemon [_thread_in_native, id=13036, stack(0x000000a346400000,0x000000a346500000)]
  0x0000023d1fbdb3d0 JavaThread "Thread-6" daemon [_thread_in_native, id=5500, stack(0x000000a346500000,0x000000a346600000)]
  0x0000023d1fbd9060 JavaThread "Thread-7" daemon [_thread_in_native, id=24056, stack(0x000000a346600000,0x000000a346700000)]
  0x0000023d1fbdd740 JavaThread "Thread-8" daemon [_thread_in_native, id=4200, stack(0x000000a346700000,0x000000a346800000)]
  0x0000023d1fbdb8e0 JavaThread "Thread-9" daemon [_thread_in_native, id=22188, stack(0x000000a346800000,0x000000a346900000)]
  0x0000023d1fbdaec0 JavaThread "Thread-10" daemon [_thread_in_native, id=11956, stack(0x000000a346900000,0x000000a346a00000)]
  0x0000023d1fbdbdf0 JavaThread "Thread-11" daemon [_thread_in_native, id=3984, stack(0x000000a346a00000,0x000000a346b00000)]
  0x0000023d1fbdc810 JavaThread "Thread-12" daemon [_thread_in_native, id=23768, stack(0x000000a346b00000,0x000000a346c00000)]
  0x0000023d1fbddc50 JavaThread "Thread-13" daemon [_thread_in_native, id=19912, stack(0x000000a346c00000,0x000000a346d00000)]
  0x0000023d1fbdcd20 JavaThread "Thread-14" daemon [_thread_in_native, id=12420, stack(0x000000a346d00000,0x000000a346e00000)]
  0x0000023d1fbd9a80 JavaThread "pool-2-thread-1" [_thread_blocked, id=3472, stack(0x000000a346e00000,0x000000a346f00000)]
  0x0000023d1fbde160 JavaThread "Worker-2" [_thread_blocked, id=23288, stack(0x000000a346f00000,0x000000a347000000)]
  0x0000023d1fbdffc0 JavaThread "WorkspaceEventsHandler" [_thread_blocked, id=4028, stack(0x000000a347000000,0x000000a347100000)]
  0x0000023d1fbdf090 JavaThread "pool-1-thread-1" [_thread_blocked, id=804, stack(0x000000a347100000,0x000000a347200000)]
  0x0000023d1fbde670 JavaThread "ForkJoinPool.commonPool-worker-1" daemon [_thread_blocked, id=17708, stack(0x000000a347200000,0x000000a347300000)]
  0x0000023d1fbe09e0 JavaThread "pool-3-thread-1" [_thread_blocked, id=2652, stack(0x000000a347300000,0x000000a347400000)]
  0x0000023d1fbdeb80 JavaThread "Framework stop - Equinox Container: a3c51011-9058-4fb2-bb3c-0ef5d693bb1e" [_thread_in_vm, id=11164, stack(0x000000a347400000,0x000000a347500000)]

Other Threads:
  0x0000023d1d171fd0 VMThread "VM Thread" [stack: 0x000000a344200000,0x000000a344300000] [id=18824]
  0x0000023d1d50eac0 WatcherThread [stack: 0x000000a344e00000,0x000000a344f00000] [id=21048]
  0x0000023d03ff3cd0 GCTaskThread "GC Thread#0" [stack: 0x000000a344100000,0x000000a344200000] [id=18816]
  0x0000023d1ebe7d50 GCTaskThread "GC Thread#1" [stack: 0x000000a344f00000,0x000000a345000000] [id=24032]
  0x0000023d1ec654d0 GCTaskThread "GC Thread#2" [stack: 0x000000a345000000,0x000000a345100000] [id=18508]
  0x0000023d1eda14a0 GCTaskThread "GC Thread#3" [stack: 0x000000a345100000,0x000000a345200000] [id=23028]
  0x0000023d1eda1760 GCTaskThread "GC Thread#4" [stack: 0x000000a345200000,0x000000a345300000] [id=19536]
  0x0000023d1eda2230 GCTaskThread "GC Thread#5" [stack: 0x000000a345300000,0x000000a345400000] [id=2344]
  0x0000023d1eb7c080 GCTaskThread "GC Thread#6" [stack: 0x000000a345400000,0x000000a345500000] [id=2472]
  0x0000023d1ee73580 GCTaskThread "GC Thread#7" [stack: 0x000000a345900000,0x000000a345a00000] [id=10996]
  0x0000023d1f198fd0 GCTaskThread "GC Thread#8" [stack: 0x000000a345c00000,0x000000a345d00000] [id=19364]
  0x0000023d1f141160 GCTaskThread "GC Thread#9" [stack: 0x000000a345d00000,0x000000a345e00000] [id=2636]

Threads with active compile tasks:
C2 CompilerThread0    43859 3385 %     4       java.io.WinNTFileSystem::normalize @ 22 (143 bytes)

VM state: not at safepoint (normal execution)

VM Mutex/Monitor currently owned by a thread: None

Heap address: 0x00000000c0000000, size: 1024 MB, Compressed Oops mode: 32-bit

CDS archive(s) not mapped
Compressed class space mapped at: 0x0000000100000000-0x0000000140000000, reserved size: 1073741824
Narrow klass base: 0x0000000000000000, Narrow klass shift: 3, Narrow klass range: 0x140000000

GC Precious Log:
 CPUs: 12 total, 12 available
 Memory: 7365M
 Large Page Support: Disabled
 NUMA Support: Disabled
 Compressed Oops: Enabled (32-bit)
 Alignments: Space 512K, Generation 512K, Heap 2M
 Heap Min Capacity: 100M
 Heap Initial Capacity: 100M
 Heap Max Capacity: 1G
 Pre-touch: Disabled
 Parallel Workers: 10

Heap:
 PSYoungGen      total 26624K, used 18130K [0x00000000eab00000, 0x00000000ec900000, 0x0000000100000000)
  eden space 23552K, 76% used [0x00000000eab00000,0x00000000ebcb49c0,0x00000000ec200000)
  from space 3072K, 0% used [0x00000000ec200000,0x00000000ec200000,0x00000000ec500000)
  to   space 3584K, 0% used [0x00000000ec580000,0x00000000ec580000,0x00000000ec900000)
 ParOldGen       total 68608K, used 12439K [0x00000000c0000000, 0x00000000c4300000, 0x00000000eab00000)
  object space 68608K, 18% used [0x00000000c0000000,0x00000000c0c25c90,0x00000000c4300000)
 Metaspace       used 37737K, committed 38464K, reserved 1114112K
  class space    used 3824K, committed 4160K, reserved 1048576K

Card table byte_map: [0x0000023d03970000,0x0000023d03b80000] _byte_map_base: 0x0000023d03370000

Marking Bits: (ParMarkBitMap*) 0x00007ffc36006940
 Begin Bits: [0x0000023d15c70000, 0x0000023d16c70000)
 End Bits:   [0x0000023d16c70000, 0x0000023d17c70000)

Polling page: 0x0000023d01f30000

Metaspace:

Usage:
  Non-class:     33.12 MB used.
      Class:      3.73 MB used.
       Both:     36.85 MB used.

Virtual space:
  Non-class space:       64.00 MB reserved,      33.50 MB ( 52%) committed,  1 nodes.
      Class space:        1.00 GB reserved,       4.06 MB ( <1%) committed,  1 nodes.
             Both:        1.06 GB reserved,      37.56 MB (  3%) committed. 

Chunk freelists:
   Non-Class:  14.16 MB
       Class:  11.98 MB
        Both:  26.14 MB

MaxMetaspaceSize: unlimited
CompressedClassSpaceSize: 1.00 GB
Initial GC threshold: 21.00 MB
Current GC threshold: 58.38 MB
CDS: off
MetaspaceReclaimPolicy: balanced
 - commit_granule_bytes: 65536.
 - commit_granule_words: 8192.
 - virtual_space_node_default_size: 8388608.
 - enlarge_chunks_in_place: 1.
 - new_chunks_are_fully_committed: 0.
 - uncommit_free_chunks: 1.
 - use_allocation_guard: 0.
 - handle_deallocations: 1.


Internal statistics:

num_allocs_failed_limit: 6.
num_arena_births: 380.
num_arena_deaths: 14.
num_vsnodes_births: 2.
num_vsnodes_deaths: 0.
num_space_committed: 601.
num_space_uncommitted: 0.
num_chunks_returned_to_freelist: 20.
num_chunks_taken_from_freelist: 1557.
num_chunk_merges: 8.
num_chunk_splits: 1010.
num_chunks_enlarged: 656.
num_inconsistent_stats: 0.

CodeHeap 'non-profiled nmethods': size=120000Kb used=1390Kb max_used=1390Kb free=118609Kb
 bounds [0x0000023d0e740000, 0x0000023d0e9b0000, 0x0000023d15c70000]
CodeHeap 'profiled nmethods': size=120000Kb used=6645Kb max_used=6645Kb free=113354Kb
 bounds [0x0000023d06c70000, 0x0000023d072f0000, 0x0000023d0e1a0000]
CodeHeap 'non-nmethods': size=5760Kb used=1291Kb max_used=1317Kb free=4468Kb
 bounds [0x0000023d0e1a0000, 0x0000023d0e410000, 0x0000023d0e740000]
 total_blobs=4056 nmethods=3436 adapters=534
 compilation: enabled
              stopped_count=0, restarted_count=0
 full_count=0

Compilation events (20 events):
Event: 43.820 Thread 0x0000023d1d1c06a0 3419       3       java.lang.invoke.MethodHandles$Lookup::getDirectMethodForConstant (72 bytes)
Event: 43.821 Thread 0x0000023d1d1c06a0 nmethod 3419 0x0000023d072ddd90 code [0x0000023d072de0e0, 0x0000023d072df348]
Event: 43.822 Thread 0x0000023d1d1c06a0 3422       2       java.lang.StringLatin1::regionMatchesCI (98 bytes)
Event: 43.822 Thread 0x0000023d1d1c06a0 nmethod 3422 0x0000023d072df990 code [0x0000023d072dfba0, 0x0000023d072dff98]
Event: 43.822 Thread 0x0000023d1d1c06a0 3420       1       org.eclipse.osgi.container.ModuleWire::getRequirer (5 bytes)
Event: 43.822 Thread 0x0000023d1d1c06a0 nmethod 3420 0x0000023d0e89a410 code [0x0000023d0e89a5a0, 0x0000023d0e89a678]
Event: 43.822 Thread 0x0000023d1d1c06a0 3421       1       org.eclipse.osgi.container.ModuleWire::getProvider (5 bytes)
Event: 43.822 Thread 0x0000023d1d1c06a0 nmethod 3421 0x0000023d0e89a710 code [0x0000023d0e89a8a0, 0x0000023d0e89a978]
Event: 43.822 Thread 0x0000023d1d1c06a0 3423       3       java.io.PrintWriter::ensureOpen (18 bytes)
Event: 43.822 Thread 0x0000023d1d1c06a0 nmethod 3423 0x0000023d072e0290 code [0x0000023d072e0440, 0x0000023d072e0648]
Event: 43.826 Thread 0x0000023d1d1c06a0 3424       3       org.eclipse.osgi.internal.container.ComputeNodeOrder$Digraph::addEdge (67 bytes)
Event: 43.827 Thread 0x0000023d1d1c06a0 nmethod 3424 0x0000023d072e0710 code [0x0000023d072e0920, 0x0000023d072e0fd8]
Event: 43.827 Thread 0x0000023d1d1c06a0 3425       3       java.util.regex.Matcher::start (65 bytes)
Event: 43.828 Thread 0x0000023d1d1c06a0 nmethod 3425 0x0000023d072e1210 code [0x0000023d072e1460, 0x0000023d072e1c88]
Event: 43.829 Thread 0x0000023d1d1c06a0 3426       3       java.lang.StringBuffer::<init> (7 bytes)
Event: 43.829 Thread 0x0000023d1d1c06a0 nmethod 3426 0x0000023d072e2010 code [0x0000023d072e21a0, 0x0000023d072e22e8]
Event: 43.829 Thread 0x0000023d1d1c06a0 3427       3       java.util.LinkedHashMap$LinkedKeyIterator::next (8 bytes)
Event: 43.829 Thread 0x0000023d1d1c06a0 nmethod 3427 0x0000023d072e2390 code [0x0000023d072e2540, 0x0000023d072e26a8]
Event: 43.831 Thread 0x0000023d1d1c06a0 3428       3       jdk.internal.loader.BootLoader::getDefinedPackage (39 bytes)
Event: 43.831 Thread 0x0000023d1d1c06a0 nmethod 3428 0x0000023d072e2790 code [0x0000023d072e2980, 0x0000023d072e2c88]

GC Heap History (20 events):
Event: 1.814 GC heap before
{Heap before GC invocations=2 (full 0):
 PSYoungGen      total 29696K, used 28766K [0x00000000eab00000, 0x00000000ecc00000, 0x0000000100000000)
  eden space 25600K, 100% used [0x00000000eab00000,0x00000000ec400000,0x00000000ec400000)
  from space 4096K, 77% used [0x00000000ec400000,0x00000000ec717990,0x00000000ec800000)
  to   space 4096K, 0% used [0x00000000ec800000,0x00000000ec800000,0x00000000ecc00000)
 ParOldGen       total 68608K, used 16K [0x00000000c0000000, 0x00000000c4300000, 0x00000000eab00000)
  object space 68608K, 0% used [0x00000000c0000000,0x00000000c0004000,0x00000000c4300000)
 Metaspace       used 14593K, committed 14784K, reserved 1114112K
  class space    used 1478K, committed 1536K, reserved 1048576K
}
Event: 1.820 GC heap after
{Heap after GC invocations=2 (full 0):
 PSYoungGen      total 29696K, used 4069K [0x00000000eab00000, 0x00000000ecc00000, 0x0000000100000000)
  eden space 25600K, 0% used [0x00000000eab00000,0x00000000eab00000,0x00000000ec400000)
  from space 4096K, 99% used [0x00000000ec800000,0x00000000ecbf9508,0x00000000ecc00000)
  to   space 4096K, 0% used [0x00000000ec400000,0x00000000ec400000,0x00000000ec800000)
 ParOldGen       total 68608K, used 848K [0x00000000c0000000, 0x00000000c4300000, 0x00000000eab00000)
  object space 68608K, 1% used [0x00000000c0000000,0x00000000c00d4020,0x00000000c4300000)
 Metaspace       used 14593K, committed 14784K, reserved 1114112K
  class space    used 1478K, committed 1536K, reserved 1048576K
}
Event: 2.608 GC heap before
{Heap before GC invocations=3 (full 0):
 PSYoungGen      total 29696K, used 29669K [0x00000000eab00000, 0x00000000ecc00000, 0x0000000100000000)
  eden space 25600K, 100% used [0x00000000eab00000,0x00000000ec400000,0x00000000ec400000)
  from space 4096K, 99% used [0x00000000ec800000,0x00000000ecbf9508,0x00000000ecc00000)
  to   space 4096K, 0% used [0x00000000ec400000,0x00000000ec400000,0x00000000ec800000)
 ParOldGen       total 68608K, used 848K [0x00000000c0000000, 0x00000000c4300000, 0x00000000eab00000)
  object space 68608K, 1% used [0x00000000c0000000,0x00000000c00d4020,0x00000000c4300000)
 Metaspace       used 19691K, committed 20096K, reserved 1114112K
  class space    used 2012K, committed 2176K, reserved 1048576K
}
Event: 2.612 GC heap after
{Heap after GC invocations=3 (full 0):
 PSYoungGen      total 29696K, used 4076K [0x00000000eab00000, 0x00000000ecc00000, 0x0000000100000000)
  eden space 25600K, 0% used [0x00000000eab00000,0x00000000eab00000,0x00000000ec400000)
  from space 4096K, 99% used [0x00000000ec400000,0x00000000ec7fb0b8,0x00000000ec800000)
  to   space 4096K, 0% used [0x00000000ec800000,0x00000000ec800000,0x00000000ecc00000)
 ParOldGen       total 68608K, used 2612K [0x00000000c0000000, 0x00000000c4300000, 0x00000000eab00000)
  object space 68608K, 3% used [0x00000000c0000000,0x00000000c028d308,0x00000000c4300000)
 Metaspace       used 19691K, committed 20096K, reserved 1114112K
  class space    used 2012K, committed 2176K, reserved 1048576K
}
Event: 2.840 GC heap before
{Heap before GC invocations=4 (full 0):
 PSYoungGen      total 29696K, used 11118K [0x00000000eab00000, 0x00000000ecc00000, 0x0000000100000000)
  eden space 25600K, 27% used [0x00000000eab00000,0x00000000eb1e08d8,0x00000000ec400000)
  from space 4096K, 99% used [0x00000000ec400000,0x00000000ec7fb0b8,0x00000000ec800000)
  to   space 4096K, 0% used [0x00000000ec800000,0x00000000ec800000,0x00000000ecc00000)
 ParOldGen       total 68608K, used 2612K [0x00000000c0000000, 0x00000000c4300000, 0x00000000eab00000)
  object space 68608K, 3% used [0x00000000c0000000,0x00000000c028d308,0x00000000c4300000)
 Metaspace       used 21043K, committed 21504K, reserved 1114112K
  class space    used 2144K, committed 2368K, reserved 1048576K
}
Event: 2.842 GC heap after
{Heap after GC invocations=4 (full 0):
 PSYoungGen      total 29696K, used 4086K [0x00000000eab00000, 0x00000000ecc00000, 0x0000000100000000)
  eden space 25600K, 0% used [0x00000000eab00000,0x00000000eab00000,0x00000000ec400000)
  from space 4096K, 99% used [0x00000000ec800000,0x00000000ecbfdac0,0x00000000ecc00000)
  to   space 4096K, 0% used [0x00000000ec400000,0x00000000ec400000,0x00000000ec800000)
 ParOldGen       total 68608K, used 3142K [0x00000000c0000000, 0x00000000c4300000, 0x00000000eab00000)
  object space 68608K, 4% used [0x00000000c0000000,0x00000000c0311b58,0x00000000c4300000)
 Metaspace       used 21043K, committed 21504K, reserved 1114112K
  class space    used 2144K, committed 2368K, reserved 1048576K
}
Event: 2.842 GC heap before
{Heap before GC invocations=5 (full 1):
 PSYoungGen      total 29696K, used 4086K [0x00000000eab00000, 0x00000000ecc00000, 0x0000000100000000)
  eden space 25600K, 0% used [0x00000000eab00000,0x00000000eab00000,0x00000000ec400000)
  from space 4096K, 99% used [0x00000000ec800000,0x00000000ecbfdac0,0x00000000ecc00000)
  to   space 4096K, 0% used [0x00000000ec400000,0x00000000ec400000,0x00000000ec800000)
 ParOldGen       total 68608K, used 3142K [0x00000000c0000000, 0x00000000c4300000, 0x00000000eab00000)
  object space 68608K, 4% used [0x00000000c0000000,0x00000000c0311b58,0x00000000c4300000)
 Metaspace       used 21043K, committed 21504K, reserved 1114112K
  class space    used 2144K, committed 2368K, reserved 1048576K
}
Event: 2.863 GC heap after
{Heap after GC invocations=5 (full 1):
 PSYoungGen      total 29696K, used 0K [0x00000000eab00000, 0x00000000ecc00000, 0x0000000100000000)
  eden space 25600K, 0% used [0x00000000eab00000,0x00000000eab00000,0x00000000ec400000)
  from space 4096K, 0% used [0x00000000ec800000,0x00000000ec800000,0x00000000ecc00000)
  to   space 4096K, 0% used [0x00000000ec400000,0x00000000ec400000,0x00000000ec800000)
 ParOldGen       total 68608K, used 7047K [0x00000000c0000000, 0x00000000c4300000, 0x00000000eab00000)
  object space 68608K, 10% used [0x00000000c0000000,0x00000000c06e1c90,0x00000000c4300000)
 Metaspace       used 21030K, committed 21504K, reserved 1114112K
  class space    used 2141K, committed 2368K, reserved 1048576K
}
Event: 3.831 GC heap before
{Heap before GC invocations=6 (full 1):
 PSYoungGen      total 29696K, used 25386K [0x00000000eab00000, 0x00000000ecc00000, 0x0000000100000000)
  eden space 25600K, 99% used [0x00000000eab00000,0x00000000ec3cab88,0x00000000ec400000)
  from space 4096K, 0% used [0x00000000ec800000,0x00000000ec800000,0x00000000ecc00000)
  to   space 4096K, 0% used [0x00000000ec400000,0x00000000ec400000,0x00000000ec800000)
 ParOldGen       total 68608K, used 7047K [0x00000000c0000000, 0x00000000c4300000, 0x00000000eab00000)
  object space 68608K, 10% used [0x00000000c0000000,0x00000000c06e1c90,0x00000000c4300000)
 Metaspace       used 23803K, committed 24256K, reserved 1114112K
  class space    used 2418K, committed 2624K, reserved 1048576K
}
Event: 3.832 GC heap after
{Heap after GC invocations=6 (full 1):
 PSYoungGen      total 28160K, used 2649K [0x00000000eab00000, 0x00000000eca80000, 0x0000000100000000)
  eden space 25088K, 0% used [0x00000000eab00000,0x00000000eab00000,0x00000000ec380000)
  from space 3072K, 86% used [0x00000000ec400000,0x00000000ec696578,0x00000000ec700000)
  to   space 3584K, 0% used [0x00000000ec700000,0x00000000ec700000,0x00000000eca80000)
 ParOldGen       total 68608K, used 7055K [0x00000000c0000000, 0x00000000c4300000, 0x00000000eab00000)
  object space 68608K, 10% used [0x00000000c0000000,0x00000000c06e3c90,0x00000000c4300000)
 Metaspace       used 23803K, committed 24256K, reserved 1114112K
  class space    used 2418K, committed 2624K, reserved 1048576K
}
Event: 4.162 GC heap before
{Heap before GC invocations=7 (full 1):
 PSYoungGen      total 28160K, used 26957K [0x00000000eab00000, 0x00000000eca80000, 0x0000000100000000)
  eden space 25088K, 96% used [0x00000000eab00000,0x00000000ec2bd0c0,0x00000000ec380000)
  from space 3072K, 86% used [0x00000000ec400000,0x00000000ec696578,0x00000000ec700000)
  to   space 3584K, 0% used [0x00000000ec700000,0x00000000ec700000,0x00000000eca80000)
 ParOldGen       total 68608K, used 7055K [0x00000000c0000000, 0x00000000c4300000, 0x00000000eab00000)
  object space 68608K, 10% used [0x00000000c0000000,0x00000000c06e3c90,0x00000000c4300000)
 Metaspace       used 27893K, committed 28416K, reserved 1114112K
  class space    used 2727K, committed 2944K, reserved 1048576K
}
Event: 4.164 GC heap after
{Heap after GC invocations=7 (full 1):
 PSYoungGen      total 26624K, used 1917K [0x00000000eab00000, 0x00000000ec900000, 0x0000000100000000)
  eden space 24576K, 0% used [0x00000000eab00000,0x00000000eab00000,0x00000000ec300000)
  from space 2048K, 93% used [0x00000000ec700000,0x00000000ec8df798,0x00000000ec900000)
  to   space 2560K, 0% used [0x00000000ec400000,0x00000000ec400000,0x00000000ec680000)
 ParOldGen       total 68608K, used 7055K [0x00000000c0000000, 0x00000000c4300000, 0x00000000eab00000)
  object space 68608K, 10% used [0x00000000c0000000,0x00000000c06e3c90,0x00000000c4300000)
 Metaspace       used 27893K, committed 28416K, reserved 1114112K
  class space    used 2727K, committed 2944K, reserved 1048576K
}
Event: 4.449 GC heap before
{Heap before GC invocations=8 (full 1):
 PSYoungGen      total 26624K, used 26493K [0x00000000eab00000, 0x00000000ec900000, 0x0000000100000000)
  eden space 24576K, 100% used [0x00000000eab00000,0x00000000ec300000,0x00000000ec300000)
  from space 2048K, 93% used [0x00000000ec700000,0x00000000ec8df798,0x00000000ec900000)
  to   space 2560K, 0% used [0x00000000ec400000,0x00000000ec400000,0x00000000ec680000)
 ParOldGen       total 68608K, used 7055K [0x00000000c0000000, 0x00000000c4300000, 0x00000000eab00000)
  object space 68608K, 10% used [0x00000000c0000000,0x00000000c06e3c90,0x00000000c4300000)
 Metaspace       used 30224K, committed 30656K, reserved 1114112K
  class space    used 2925K, committed 3136K, reserved 1048576K
}
Event: 4.452 GC heap after
{Heap after GC invocations=8 (full 1):
 PSYoungGen      total 26624K, used 2550K [0x00000000eab00000, 0x00000000ecb80000, 0x0000000100000000)
  eden space 24064K, 0% used [0x00000000eab00000,0x00000000eab00000,0x00000000ec280000)
  from space 2560K, 99% used [0x00000000ec400000,0x00000000ec67d928,0x00000000ec680000)
  to   space 4608K, 0% used [0x00000000ec700000,0x00000000ec700000,0x00000000ecb80000)
 ParOldGen       total 68608K, used 8538K [0x00000000c0000000, 0x00000000c4300000, 0x00000000eab00000)
  object space 68608K, 12% used [0x00000000c0000000,0x00000000c0856940,0x00000000c4300000)
 Metaspace       used 30224K, committed 30656K, reserved 1114112K
  class space    used 2925K, committed 3136K, reserved 1048576K
}
Event: 4.853 GC heap before
{Heap before GC invocations=9 (full 1):
 PSYoungGen      total 26624K, used 26614K [0x00000000eab00000, 0x00000000ecb80000, 0x0000000100000000)
  eden space 24064K, 100% used [0x00000000eab00000,0x00000000ec280000,0x00000000ec280000)
  from space 2560K, 99% used [0x00000000ec400000,0x00000000ec67d928,0x00000000ec680000)
  to   space 4608K, 0% used [0x00000000ec700000,0x00000000ec700000,0x00000000ecb80000)
 ParOldGen       total 68608K, used 8538K [0x00000000c0000000, 0x00000000c4300000, 0x00000000eab00000)
  object space 68608K, 12% used [0x00000000c0000000,0x00000000c0856940,0x00000000c4300000)
 Metaspace       used 34040K, committed 34624K, reserved 1114112K
  class space    used 3359K, committed 3584K, reserved 1048576K
}
Event: 4.856 GC heap after
{Heap after GC invocations=9 (full 1):
 PSYoungGen      total 27648K, used 4079K [0x00000000eab00000, 0x00000000ecb00000, 0x0000000100000000)
  eden space 23552K, 0% used [0x00000000eab00000,0x00000000eab00000,0x00000000ec200000)
  from space 4096K, 99% used [0x00000000ec700000,0x00000000ecafbf98,0x00000000ecb00000)
  to   space 4608K, 0% used [0x00000000ec200000,0x00000000ec200000,0x00000000ec680000)
 ParOldGen       total 68608K, used 8546K [0x00000000c0000000, 0x00000000c4300000, 0x00000000eab00000)
  object space 68608K, 12% used [0x00000000c0000000,0x00000000c0858940,0x00000000c4300000)
 Metaspace       used 34040K, committed 34624K, reserved 1114112K
  class space    used 3359K, committed 3584K, reserved 1048576K
}
Event: 4.961 GC heap before
{Heap before GC invocations=10 (full 1):
 PSYoungGen      total 27648K, used 11595K [0x00000000eab00000, 0x00000000ecb00000, 0x0000000100000000)
  eden space 23552K, 31% used [0x00000000eab00000,0x00000000eb257008,0x00000000ec200000)
  from space 4096K, 99% used [0x00000000ec700000,0x00000000ecafbf98,0x00000000ecb00000)
  to   space 4608K, 0% used [0x00000000ec200000,0x00000000ec200000,0x00000000ec680000)
 ParOldGen       total 68608K, used 8546K [0x00000000c0000000, 0x00000000c4300000, 0x00000000eab00000)
  object space 68608K, 12% used [0x00000000c0000000,0x00000000c0858940,0x00000000c4300000)
 Metaspace       used 35209K, committed 35840K, reserved 1114112K
  class space    used 3502K, committed 3776K, reserved 1048576K
}
Event: 4.964 GC heap after
{Heap after GC invocations=10 (full 1):
 PSYoungGen      total 26624K, used 2604K [0x00000000eab00000, 0x00000000ec900000, 0x0000000100000000)
  eden space 23552K, 0% used [0x00000000eab00000,0x00000000eab00000,0x00000000ec200000)
  from space 3072K, 84% used [0x00000000ec200000,0x00000000ec48b320,0x00000000ec500000)
  to   space 3584K, 0% used [0x00000000ec580000,0x00000000ec580000,0x00000000ec900000)
 ParOldGen       total 68608K, used 10201K [0x00000000c0000000, 0x00000000c4300000, 0x00000000eab00000)
  object space 68608K, 14% used [0x00000000c0000000,0x00000000c09f6428,0x00000000c4300000)
 Metaspace       used 35209K, committed 35840K, reserved 1114112K
  class space    used 3502K, committed 3776K, reserved 1048576K
}
Event: 4.964 GC heap before
{Heap before GC invocations=11 (full 2):
 PSYoungGen      total 26624K, used 2604K [0x00000000eab00000, 0x00000000ec900000, 0x0000000100000000)
  eden space 23552K, 0% used [0x00000000eab00000,0x00000000eab00000,0x00000000ec200000)
  from space 3072K, 84% used [0x00000000ec200000,0x00000000ec48b320,0x00000000ec500000)
  to   space 3584K, 0% used [0x00000000ec580000,0x00000000ec580000,0x00000000ec900000)
 ParOldGen       total 68608K, used 10201K [0x00000000c0000000, 0x00000000c4300000, 0x00000000eab00000)
  object space 68608K, 14% used [0x00000000c0000000,0x00000000c09f6428,0x00000000c4300000)
 Metaspace       used 35209K, committed 35840K, reserved 1114112K
  class space    used 3502K, committed 3776K, reserved 1048576K
}
Event: 4.981 GC heap after
{Heap after GC invocations=11 (full 2):
 PSYoungGen      total 26624K, used 0K [0x00000000eab00000, 0x00000000ec900000, 0x0000000100000000)
  eden space 23552K, 0% used [0x00000000eab00000,0x00000000eab00000,0x00000000ec200000)
  from space 3072K, 0% used [0x00000000ec200000,0x00000000ec200000,0x00000000ec500000)
  to   space 3584K, 0% used [0x00000000ec580000,0x00000000ec580000,0x00000000ec900000)
 ParOldGen       total 68608K, used 12439K [0x00000000c0000000, 0x00000000c4300000, 0x00000000eab00000)
  object space 68608K, 18% used [0x00000000c0000000,0x00000000c0c25c90,0x00000000c4300000)
 Metaspace       used 35209K, committed 35840K, reserved 1114112K
  class space    used 3502K, committed 3776K, reserved 1048576K
}

Dll operation events (10 events):
Event: 0.012 Loaded shared library c:\Users\yenho\.vscode\extensions\redhat.java-1.38.0-win32-x64\jre\17.0.13-win32-x86_64\bin\java.dll
Event: 0.166 Loaded shared library c:\Users\yenho\.vscode\extensions\redhat.java-1.38.0-win32-x64\jre\17.0.13-win32-x86_64\bin\zip.dll
Event: 0.170 Loaded shared library C:\Users\yenho\.vscode\extensions\redhat.java-1.38.0-win32-x64\jre\17.0.13-win32-x86_64\bin\instrument.dll
Event: 0.184 Loaded shared library C:\Users\yenho\.vscode\extensions\redhat.java-1.38.0-win32-x64\jre\17.0.13-win32-x86_64\bin\net.dll
Event: 0.187 Loaded shared library C:\Users\yenho\.vscode\extensions\redhat.java-1.38.0-win32-x64\jre\17.0.13-win32-x86_64\bin\nio.dll
Event: 0.196 Loaded shared library C:\Users\yenho\.vscode\extensions\redhat.java-1.38.0-win32-x64\jre\17.0.13-win32-x86_64\bin\zip.dll
Event: 0.215 Loaded shared library C:\Users\yenho\.vscode\extensions\redhat.java-1.38.0-win32-x64\jre\17.0.13-win32-x86_64\bin\jimage.dll
Event: 0.304 Loaded shared library c:\Users\yenho\.vscode\extensions\redhat.java-1.38.0-win32-x64\jre\17.0.13-win32-x86_64\bin\verify.dll
Event: 1.644 Loaded shared library C:\Users\yenho\AppData\Roaming\Code\User\globalStorage\redhat.java\1.38.0\config_ss_win\org.eclipse.equinox.launcher\org.eclipse.equinox.launcher.win32.win32.x86_64_1.2.1100.v20240722-2106\eclipse_11904.dll
Event: 3.513 Loaded shared library C:\Users\yenho\AppData\Local\Temp\jna-114863977\jna18209672079736460185.dll

Deoptimization events (20 events):
Event: 7.808 Thread 0x0000023d1fbdf090 Uncommon trap: trap_request=0xffffffbe fr.pc=0x0000023d0e853ee8 relative=0x0000000000000b68
Event: 7.808 Thread 0x0000023d1fbdf090 Uncommon trap: reason=profile_predicate action=maybe_recompile pc=0x0000023d0e853ee8 method=java.util.TreeMap.put(Ljava/lang/Object;Ljava/lang/Object;Z)Ljava/lang/Object; @ 27 c2
Event: 7.808 Thread 0x0000023d1fbdf090 DEOPT PACKING pc=0x0000023d0e853ee8 sp=0x000000a3471fd8d0
Event: 7.808 Thread 0x0000023d1fbdf090 DEOPT UNPACKING pc=0x0000023d0e1f66a3 sp=0x000000a3471fd870 mode 2
Event: 8.348 Thread 0x0000023d1fbdf090 Uncommon trap: trap_request=0xffffff45 fr.pc=0x0000023d0e7b54b8 relative=0x0000000000000478
Event: 8.348 Thread 0x0000023d1fbdf090 Uncommon trap: reason=unstable_if action=reinterpret pc=0x0000023d0e7b54b8 method=java.util.HashMap$HashIterator.<init>(Ljava/util/HashMap;)V @ 45 c2
Event: 8.348 Thread 0x0000023d1fbdf090 DEOPT PACKING pc=0x0000023d0e7b54b8 sp=0x000000a3471fe120
Event: 8.348 Thread 0x0000023d1fbdf090 DEOPT UNPACKING pc=0x0000023d0e1f66a3 sp=0x000000a3471fdf90 mode 2
Event: 43.704 Thread 0x0000023d1f191860 Uncommon trap: trap_request=0xffffff45 fr.pc=0x0000023d0e872ab0 relative=0x0000000000003a70
Event: 43.704 Thread 0x0000023d1f191860 Uncommon trap: reason=unstable_if action=reinterpret pc=0x0000023d0e872ab0 method=jdk.internal.org.objectweb.asm.Frame.push(I)V @ 26 c2
Event: 43.705 Thread 0x0000023d1f191860 DEOPT PACKING pc=0x0000023d0e872ab0 sp=0x000000a3460fd5a0
Event: 43.705 Thread 0x0000023d1f191860 DEOPT UNPACKING pc=0x0000023d0e1f66a3 sp=0x000000a3460fd4c8 mode 2
Event: 43.706 Thread 0x0000023d1f191860 Uncommon trap: trap_request=0xffffff45 fr.pc=0x0000023d0e87b9a4 relative=0x0000000000000184
Event: 43.706 Thread 0x0000023d1f191860 Uncommon trap: reason=unstable_if action=reinterpret pc=0x0000023d0e87b9a4 method=jdk.internal.org.objectweb.asm.Frame.push(I)V @ 26 c2
Event: 43.706 Thread 0x0000023d1f191860 DEOPT PACKING pc=0x0000023d0e87b9a4 sp=0x000000a3460fd770
Event: 43.706 Thread 0x0000023d1f191860 DEOPT UNPACKING pc=0x0000023d0e1f66a3 sp=0x000000a3460fd708 mode 2
Event: 43.770 Thread 0x0000023d1fbdf090 Uncommon trap: trap_request=0x0000002e fr.pc=0x0000023d0e87c7a0 relative=0x00000000000003e0
Event: 43.770 Thread 0x0000023d1fbdf090 Uncommon trap: reason=unloaded action=reinterpret pc=0x0000023d0e87c7a0 method=org.eclipse.jdt.ls.core.internal.ConnectionStreamFactory$NamedPipeInputStream.read()I @ 119 c2
Event: 43.770 Thread 0x0000023d1fbdf090 DEOPT PACKING pc=0x0000023d0e87c7a0 sp=0x000000a3471ff0a0
Event: 43.770 Thread 0x0000023d1fbdf090 DEOPT UNPACKING pc=0x0000023d0e1f66a3 sp=0x000000a3471ff050 mode 2

Classes loaded (20 events):
Event: 43.820 Loading class java/lang/Throwable$PrintStreamOrWriter done
Event: 43.821 Loading class java/lang/Throwable$WrappedPrintWriter done
Event: 43.822 Loading class java/util/logging/Level$RbAccess
Event: 43.822 Loading class java/util/logging/Level$RbAccess done
Event: 43.823 Loading class sun/util/logging/resources/logging
Event: 43.823 Loading class sun/util/logging/resources/logging done
Event: 43.823 Loading class sun/util/logging/resources/logging_en
Event: 43.823 Loading class sun/util/logging/resources/logging_en done
Event: 43.823 Loading class sun/util/logging/resources/logging_en
Event: 43.823 Loading class sun/util/logging/resources/logging_en done
Event: 43.826 Loading class sun/util/logging/resources/logging_en_US
Event: 43.826 Loading class sun/util/logging/resources/logging_en_US done
Event: 43.826 Loading class sun/util/logging/resources/logging_en_US
Event: 43.826 Loading class sun/util/logging/resources/logging_en_US done
Event: 43.827 Loading class java/util/Formatter$DateTime
Event: 43.827 Loading class java/util/Formatter$DateTime done
Event: 43.828 Loading class java/time/ZonedDateTime$1
Event: 43.828 Loading class java/time/ZonedDateTime$1 done
Event: 43.828 Loading class java/time/LocalDate$1
Event: 43.828 Loading class java/time/LocalDate$1 done

Classes unloaded (7 events):
Event: 2.845 Thread 0x0000023d1d171fd0 Unloading class 0x0000000100218400 'java/lang/invoke/LambdaForm$MH+0x0000000100218400'
Event: 2.845 Thread 0x0000023d1d171fd0 Unloading class 0x0000000100218000 'java/lang/invoke/LambdaForm$MH+0x0000000100218000'
Event: 2.845 Thread 0x0000023d1d171fd0 Unloading class 0x0000000100217c00 'java/lang/invoke/LambdaForm$MH+0x0000000100217c00'
Event: 2.845 Thread 0x0000023d1d171fd0 Unloading class 0x0000000100217800 'java/lang/invoke/LambdaForm$MH+0x0000000100217800'
Event: 2.845 Thread 0x0000023d1d171fd0 Unloading class 0x0000000100217400 'java/lang/invoke/LambdaForm$BMH+0x0000000100217400'
Event: 2.845 Thread 0x0000023d1d171fd0 Unloading class 0x0000000100217000 'java/lang/invoke/LambdaForm$DMH+0x0000000100217000'
Event: 2.846 Thread 0x0000023d1d171fd0 Unloading class 0x0000000100214400 'java/lang/invoke/LambdaForm$DMH+0x0000000100214400'

Classes redefined (0 events):
No events

Internal exceptions (20 events):
Event: 4.805 Thread 0x0000023d1f192790 Exception <a 'java/lang/NoSuchMethodError'{0x00000000ebe7fcb8}: 'void java.lang.invoke.DirectMethodHandle$Holder.invokeVirtual(java.lang.Object, java.lang.Object, java.lang.Object, java.lang.Object)'> (0x00000000ebe7fcb8) 
thrown [s\src\hotspot\share\interpreter\linkResolver.cpp, line 759]
Event: 4.826 Thread 0x0000023d03fdcc40 Exception <a 'java/lang/NoSuchMethodError'{0x00000000ebf8a630}: 'void java.lang.invoke.DirectMethodHandle$Holder.invokeStatic(java.lang.Object, java.lang.Object, java.lang.Object, java.lang.Object)'> (0x00000000ebf8a630) 
thrown [s\src\hotspot\share\interpreter\linkResolver.cpp, line 759]
Event: 4.883 Thread 0x0000023d1f192790 Exception <a 'java/io/FileNotFoundException'{0x00000000ead58600}> (0x00000000ead58600) 
thrown [s\src\hotspot\share\prims\jni.cpp, line 516]
Event: 4.883 Thread 0x0000023d1f192790 Exception <a 'java/io/FileNotFoundException'{0x00000000ead59880}> (0x00000000ead59880) 
thrown [s\src\hotspot\share\prims\jni.cpp, line 516]
Event: 4.886 Thread 0x0000023d1f192790 Exception <a 'java/lang/NoSuchMethodError'{0x00000000ead7dab0}: 'java.lang.Object java.lang.invoke.DirectMethodHandle$Holder.newInvokeSpecial(java.lang.Object, java.lang.Object, java.lang.Object, int)'> (0x00000000ead7dab0) 
thrown [s\src\hotspot\share\interpreter\linkResolver.cpp, line 759]
Event: 4.886 Thread 0x0000023d1f192790 Exception <a 'java/lang/NoSuchMethodError'{0x00000000ead81bb8}: 'java.lang.Object java.lang.invoke.DirectMethodHandle$Holder.invokeSpecial(java.lang.Object, java.lang.Object, java.lang.Object, java.lang.Object, int)'> (0x00000000ead81bb8) 
thrown [s\src\hotspot\share\interpreter\linkResolver.cpp, line 759]
Event: 4.886 Thread 0x0000023d1f192790 Exception <a 'java/lang/NoSuchMethodError'{0x00000000ead9acf0}: 'java.lang.Object java.lang.invoke.Invokers$Holder.linkToTargetMethod(java.lang.Object, java.lang.Object, int, java.lang.Object)'> (0x00000000ead9acf0) 
thrown [s\src\hotspot\share\interpreter\linkResolver.cpp, line 759]
Event: 4.889 Thread 0x0000023d1f192790 Exception <a 'java/lang/NoSuchMethodError'{0x00000000eada66b0}: 'void java.lang.invoke.DirectMethodHandle$Holder.invokeStaticInit(java.lang.Object, java.lang.Object, java.lang.Object)'> (0x00000000eada66b0) 
thrown [s\src\hotspot\share\interpreter\linkResolver.cpp, line 759]
Event: 5.010 Thread 0x0000023d03fdcc40 Exception <a 'java/lang/NoSuchMethodError'{0x00000000eacdf410}: 'void java.lang.invoke.DirectMethodHandle$Holder.invokeSpecial(java.lang.Object, java.lang.Object, java.lang.Object, java.lang.Object, java.lang.Object, java.lang.Object)'> (0x00000000eacdf410) 
thrown [s\src\hotspot\share\interpreter\linkResolver.cpp, line 759]
Event: 5.012 Thread 0x0000023d03fdcc40 Exception <a 'java/lang/IncompatibleClassChangeError'{0x00000000eace8f10}: Found class java.lang.Object, but interface was expected> (0x00000000eace8f10) 
thrown [s\src\hotspot\share\interpreter\linkResolver.cpp, line 826]
Event: 7.758 Thread 0x0000023d1fbdf090 Exception <a 'java/io/FileNotFoundException'{0x00000000eb31f388}> (0x00000000eb31f388) 
thrown [s\src\hotspot\share\prims\jni.cpp, line 516]
Event: 7.808 Thread 0x0000023d1fbdf090 Exception <a 'sun/nio/fs/WindowsException'{0x00000000eb4a1d60}> (0x00000000eb4a1d60) 
thrown [s\src\hotspot\share\prims\jni.cpp, line 516]
Event: 8.038 Thread 0x0000023d1f192790 Exception <a 'java/lang/NoSuchMethodError'{0x00000000eb7878a0}: 'java.lang.Object java.lang.invoke.DirectMethodHandle$Holder.newInvokeSpecial(java.lang.Object, java.lang.Object, java.lang.Object, java.lang.Object, java.lang.Object, java.lang.Object)'> (0x00000000eb7878a0) 
thrown [s\src\hotspot\share\interpreter\linkResolver.cpp, line 759]
Event: 43.688 Thread 0x0000023d1f191860 Exception <a 'java/io/FileNotFoundException'{0x00000000eba3c640}> (0x00000000eba3c640) 
thrown [s\src\hotspot\share\prims\jni.cpp, line 516]
Event: 43.706 Thread 0x0000023d1f191860 Exception <a 'java/lang/NoSuchMethodError'{0x00000000eba833c0}: 'java.lang.Object java.lang.invoke.DirectMethodHandle$Holder.newInvokeSpecial(java.lang.Object, java.lang.Object, java.lang.Object, java.lang.Object, java.lang.Object, java.lang.Object, java.lang.Object, java.lang.Object, java.lang.Object, java.lang.Object)'> (0x00000000eba833c0) 
thrown [s\src\hotspot\share\interpreter\linkResolver.cpp, line 759]
Event: 43.707 Thread 0x0000023d1f191860 Exception <a 'java/lang/NoSuchMethodError'{0x00000000eba88378}: 'java.lang.Object java.lang.invoke.DirectMethodHandle$Holder.invokeSpecial(java.lang.Object, java.lang.Object, java.lang.Object, java.lang.Object, java.lang.Object, java.lang.Object, java.lang.Object, java.lang.Object, java.lang.Object, java.lang.Object, java.lang.Object)'> (0x00000000eba88378) 
thrown [s\src\hotspot\share\interpreter\linkResolver.cpp, line 759]
Event: 43.708 Thread 0x0000023d1f191860 Exception <a 'java/lang/NoSuchMethodError'{0x00000000eba8cba0}: 'java.lang.Object java.lang.invoke.Invokers$Holder.linkToTargetMethod(java.lang.Object, java.lang.Object, java.lang.Object, java.lang.Object, java.lang.Object, java.lang.Object, java.lang.Object, java.lang.Object, java.lang.Object, java.lang.Object)'> (0x00000000eba8cba0) 
thrown [s\src\hotspot\share\interpreter\linkResolver.cpp, line 759]
Event: 43.750 Thread 0x0000023d1f191860 Exception <a 'sun/nio/fs/WindowsException'{0x00000000ebb03198}> (0x00000000ebb03198) 
thrown [s\src\hotspot\share\prims\jni.cpp, line 516]
Event: 43.770 Thread 0x0000023d1fbdf090 Exception <a 'java/io/IOException'{0x00000000eb95ce78}> (0x00000000eb95ce78) 
thrown [s\src\hotspot\share\prims\jni.cpp, line 516]
Event: 43.823 Thread 0x0000023d1fbdf090 Exception <a 'java/lang/ClassNotFoundException'{0x00000000ebbcf8d8}: sun/util/logging/resources/spi/loggingProvider> (0x00000000ebbcf8d8) 
thrown [s\src\hotspot\share\classfile\systemDictionary.cpp, line 256]

VM Operations (20 events):
Event: 4.492 Executing VM operation: HandshakeAllThreads
Event: 4.492 Executing VM operation: HandshakeAllThreads done
Event: 4.493 Executing VM operation: HandshakeAllThreads
Event: 4.493 Executing VM operation: HandshakeAllThreads done
Event: 4.598 Executing VM operation: HandshakeAllThreads
Event: 4.598 Executing VM operation: HandshakeAllThreads done
Event: 4.853 Executing VM operation: ParallelGCFailedAllocation
Event: 4.856 Executing VM operation: ParallelGCFailedAllocation done
Event: 4.961 Executing VM operation: CollectForMetadataAllocation
Event: 4.981 Executing VM operation: CollectForMetadataAllocation done
Event: 5.982 Executing VM operation: Cleanup
Event: 5.982 Executing VM operation: Cleanup done
Event: 6.982 Executing VM operation: Cleanup
Event: 6.982 Executing VM operation: Cleanup done
Event: 7.747 Executing VM operation: HandshakeAllThreads
Event: 7.747 Executing VM operation: HandshakeAllThreads done
Event: 8.747 Executing VM operation: Cleanup
Event: 8.747 Executing VM operation: Cleanup done
Event: 14.798 Executing VM operation: Cleanup
Event: 14.799 Executing VM operation: Cleanup done

Memory protections (0 events):
No events

Nmethod flushes (0 events):
No events

Events (20 events):
Event: 4.749 Thread 0x0000023d03fdcc40 Thread added: 0x0000023d1fbd9060
Event: 4.749 Thread 0x0000023d03fdcc40 Thread added: 0x0000023d1fbdd740
Event: 4.749 Thread 0x0000023d03fdcc40 Thread added: 0x0000023d1fbdb8e0
Event: 4.750 Thread 0x0000023d03fdcc40 Thread added: 0x0000023d1fbdaec0
Event: 4.750 Thread 0x0000023d03fdcc40 Thread added: 0x0000023d1fbdbdf0
Event: 4.750 Thread 0x0000023d03fdcc40 Thread added: 0x0000023d1fbdc810
Event: 4.750 Thread 0x0000023d03fdcc40 Thread added: 0x0000023d1fbddc50
Event: 4.750 Thread 0x0000023d03fdcc40 Thread added: 0x0000023d1fbdcd20
Event: 4.787 Thread 0x0000023d03fdcc40 Thread added: 0x0000023d1fbd9a80
Event: 4.894 Thread 0x0000023d1f191860 Thread added: 0x0000023d1fbde160
Event: 5.030 Thread 0x0000023d03fdcc40 Thread added: 0x0000023d1fbdffc0
Event: 5.030 Thread 0x0000023d03fdcc40 Thread added: 0x0000023d1fbdf090
Event: 8.662 Thread 0x0000023d1eccc0a0 Thread exited: 0x0000023d1eccc0a0
Event: 43.607 Thread 0x0000023d1fbdf090 Thread added: 0x0000023d1fbde670
Event: 43.634 Thread 0x0000023d1fbdf090 Thread added: 0x0000023d1fbe09e0
Event: 43.672 Thread 0x0000023d1f191860 Thread added: 0x0000023d1fbd9f90
Event: 43.680 Thread 0x0000023d1fbd9f90 Thread exited: 0x0000023d1fbd9f90
Event: 43.713 Thread 0x0000023d1f191860 Thread added: 0x0000023d1fbdeb80
Event: 43.735 Thread 0x0000023d1fbdeb80 Thread exited: 0x0000023d1fbdeb80
Event: 43.796 Thread 0x0000023d03fdcc40 Thread added: 0x0000023d1fbdeb80


Dynamic libraries:
0x00007ff7505a0000 - 0x00007ff7505ae000 	c:\Users\yenho\.vscode\extensions\redhat.java-1.38.0-win32-x64\jre\17.0.13-win32-x86_64\bin\java.exe
0x00007ffca76b0000 - 0x00007ffca78c7000 	C:\Windows\SYSTEM32\ntdll.dll
0x00007ffca6cb0000 - 0x00007ffca6d74000 	C:\Windows\System32\KERNEL32.DLL
0x00007ffca4ff0000 - 0x00007ffca53aa000 	C:\Windows\System32\KERNELBASE.dll
0x00007ffca4bc0000 - 0x00007ffca4cd1000 	C:\Windows\System32\ucrtbase.dll
0x00007ffca0300000 - 0x00007ffca0317000 	c:\Users\yenho\.vscode\extensions\redhat.java-1.38.0-win32-x64\jre\17.0.13-win32-x86_64\bin\jli.dll
0x00007ffca5a90000 - 0x00007ffca5c3e000 	C:\Windows\System32\USER32.dll
0x00007ffca4980000 - 0x00007ffca49a6000 	C:\Windows\System32\win32u.dll
0x00007ffca63f0000 - 0x00007ffca6419000 	C:\Windows\System32\GDI32.dll
0x00007ffca4e10000 - 0x00007ffca4f2b000 	C:\Windows\System32\gdi32full.dll
0x00007ffca49b0000 - 0x00007ffca4a4a000 	C:\Windows\System32\msvcp_win.dll
0x00007ffca02e0000 - 0x00007ffca02fe000 	c:\Users\yenho\.vscode\extensions\redhat.java-1.38.0-win32-x64\jre\17.0.13-win32-x86_64\bin\VCRUNTIME140.dll
0x00007ffc91a90000 - 0x00007ffc91d22000 	C:\Windows\WinSxS\amd64_microsoft.windows.common-controls_6595b64144ccf1df_6.0.22621.4541_none_2710d1c57384c085\COMCTL32.dll
0x00007ffca73f0000 - 0x00007ffca7497000 	C:\Windows\System32\msvcrt.dll
0x00007ffca5c40000 - 0x00007ffca5c71000 	C:\Windows\System32\IMM32.DLL
0x00007ffca02d0000 - 0x00007ffca02dc000 	c:\Users\yenho\.vscode\extensions\redhat.java-1.38.0-win32-x64\jre\17.0.13-win32-x86_64\bin\vcruntime140_1.dll
0x00007ffc56950000 - 0x00007ffc569dd000 	c:\Users\yenho\.vscode\extensions\redhat.java-1.38.0-win32-x64\jre\17.0.13-win32-x86_64\bin\msvcp140.dll
0x00007ffc35460000 - 0x00007ffc360cb000 	c:\Users\yenho\.vscode\extensions\redhat.java-1.38.0-win32-x64\jre\17.0.13-win32-x86_64\bin\server\jvm.dll
0x00007ffca70f0000 - 0x00007ffca71a2000 	C:\Windows\System32\ADVAPI32.dll
0x00007ffca6120000 - 0x00007ffca61c7000 	C:\Windows\System32\sechost.dll
0x00007ffca4d60000 - 0x00007ffca4d88000 	C:\Windows\System32\bcrypt.dll
0x00007ffca5960000 - 0x00007ffca5a74000 	C:\Windows\System32\RPCRT4.dll
0x00007ffca6e40000 - 0x00007ffca6eb1000 	C:\Windows\System32\WS2_32.dll
0x00007ffca37d0000 - 0x00007ffca381d000 	C:\Windows\SYSTEM32\POWRPROF.dll
0x00007ffc9ee50000 - 0x00007ffc9ee84000 	C:\Windows\SYSTEM32\WINMM.dll
0x00007ffc9e9b0000 - 0x00007ffc9e9ba000 	C:\Windows\SYSTEM32\VERSION.dll
0x00007ffca37b0000 - 0x00007ffca37c3000 	C:\Windows\SYSTEM32\UMPDC.dll
0x00007ffca3a80000 - 0x00007ffca3a98000 	C:\Windows\SYSTEM32\kernel.appcore.dll
0x00007ffc9eef0000 - 0x00007ffc9eefa000 	c:\Users\yenho\.vscode\extensions\redhat.java-1.38.0-win32-x64\jre\17.0.13-win32-x86_64\bin\jimage.dll
0x00007ffc9dcd0000 - 0x00007ffc9df02000 	C:\Windows\SYSTEM32\DBGHELP.DLL
0x00007ffca5d10000 - 0x00007ffca609f000 	C:\Windows\System32\combase.dll
0x00007ffca71b0000 - 0x00007ffca7287000 	C:\Windows\System32\OLEAUT32.dll
0x00007ffc9aad0000 - 0x00007ffc9ab02000 	C:\Windows\SYSTEM32\dbgcore.DLL
0x00007ffca4d90000 - 0x00007ffca4e0b000 	C:\Windows\System32\bcryptPrimitives.dll
0x00007ffc9d9c0000 - 0x00007ffc9d9ce000 	c:\Users\yenho\.vscode\extensions\redhat.java-1.38.0-win32-x64\jre\17.0.13-win32-x86_64\bin\instrument.dll
0x00007ffc9eec0000 - 0x00007ffc9eee5000 	c:\Users\yenho\.vscode\extensions\redhat.java-1.38.0-win32-x64\jre\17.0.13-win32-x86_64\bin\java.dll
0x00007ffc98820000 - 0x00007ffc98838000 	c:\Users\yenho\.vscode\extensions\redhat.java-1.38.0-win32-x64\jre\17.0.13-win32-x86_64\bin\zip.dll
0x00007ffca6430000 - 0x00007ffca6ca8000 	C:\Windows\System32\SHELL32.dll
0x00007ffca2880000 - 0x00007ffca3188000 	C:\Windows\SYSTEM32\windows.storage.dll
0x00007ffca2740000 - 0x00007ffca287f000 	C:\Windows\SYSTEM32\wintypes.dll
0x00007ffca5860000 - 0x00007ffca595a000 	C:\Windows\System32\SHCORE.dll
0x00007ffca61d0000 - 0x00007ffca622e000 	C:\Windows\System32\shlwapi.dll
0x00007ffca48b0000 - 0x00007ffca48db000 	C:\Windows\SYSTEM32\profapi.dll
0x00007ffc94f30000 - 0x00007ffc94f49000 	C:\Users\yenho\.vscode\extensions\redhat.java-1.38.0-win32-x64\jre\17.0.13-win32-x86_64\bin\net.dll
0x00007ffca0800000 - 0x00007ffca0936000 	C:\Windows\SYSTEM32\WINHTTP.dll
0x00007ffca3f00000 - 0x00007ffca3f69000 	C:\Windows\system32\mswsock.dll
0x00007ffc94790000 - 0x00007ffc947a6000 	C:\Users\yenho\.vscode\extensions\redhat.java-1.38.0-win32-x64\jre\17.0.13-win32-x86_64\bin\nio.dll
0x00007ffc8ed40000 - 0x00007ffc8ed50000 	c:\Users\yenho\.vscode\extensions\redhat.java-1.38.0-win32-x64\jre\17.0.13-win32-x86_64\bin\verify.dll
0x00007ffc53e50000 - 0x00007ffc53e95000 	C:\Users\yenho\AppData\Roaming\Code\User\globalStorage\redhat.java\1.38.0\config_ss_win\org.eclipse.equinox.launcher\org.eclipse.equinox.launcher.win32.win32.x86_64_1.2.1100.v20240722-2106\eclipse_11904.dll
0x00007ffca74a0000 - 0x00007ffca7645000 	C:\Windows\System32\ole32.dll
0x00007ffca4170000 - 0x00007ffca418b000 	C:\Windows\SYSTEM32\CRYPTSP.dll
0x00007ffca39d0000 - 0x00007ffca3a05000 	C:\Windows\system32\rsaenh.dll
0x00007ffca4000000 - 0x00007ffca4028000 	C:\Windows\SYSTEM32\USERENV.dll
0x00007ffca4160000 - 0x00007ffca416c000 	C:\Windows\SYSTEM32\CRYPTBASE.dll
0x00007ffca3460000 - 0x00007ffca348d000 	C:\Windows\SYSTEM32\IPHLPAPI.DLL
0x00007ffca6420000 - 0x00007ffca6429000 	C:\Windows\System32\NSI.dll
0x00007ffc9f3f0000 - 0x00007ffc9f409000 	C:\Windows\SYSTEM32\dhcpcsvc6.DLL
0x00007ffc9f3d0000 - 0x00007ffc9f3ef000 	C:\Windows\SYSTEM32\dhcpcsvc.DLL
0x00007ffca34d0000 - 0x00007ffca35d2000 	C:\Windows\SYSTEM32\DNSAPI.dll
0x00007ffc2c000000 - 0x00007ffc2c049000 	C:\Users\yenho\AppData\Local\Temp\jna-114863977\jna18209672079736460185.dll
0x00007ffca5a80000 - 0x00007ffca5a88000 	C:\Windows\System32\PSAPI.DLL
0x00007ffca3b90000 - 0x00007ffca3bc4000 	C:\Windows\SYSTEM32\ntmarta.dll

dbghelp: loaded successfully - version: 4.0.5 - missing functions: none
symbol engine: initialized successfully - sym options: 0x614 - pdb path: .;c:\Users\yenho\.vscode\extensions\redhat.java-1.38.0-win32-x64\jre\17.0.13-win32-x86_64\bin;C:\Windows\SYSTEM32;C:\Windows\WinSxS\amd64_microsoft.windows.common-controls_6595b64144ccf1df_6.0.22621.4541_none_2710d1c57384c085;c:\Users\yenho\.vscode\extensions\redhat.java-1.38.0-win32-x64\jre\17.0.13-win32-x86_64\bin\server;C:\Users\yenho\AppData\Roaming\Code\User\globalStorage\redhat.java\1.38.0\config_ss_win\org.eclipse.equinox.launcher\org.eclipse.equinox.launcher.win32.win32.x86_64_1.2.1100.v20240722-2106;C:\Users\yenho\AppData\Local\Temp\jna-114863977

VM Arguments:
jvm_args: --add-modules=ALL-SYSTEM --add-opens=java.base/java.util=ALL-UNNAMED --add-opens=java.base/java.lang=ALL-UNNAMED --add-opens=java.base/sun.nio.fs=ALL-UNNAMED -Declipse.application=org.eclipse.jdt.ls.core.id1 -Dosgi.bundles.defaultStartLevel=4 -Declipse.product=org.eclipse.jdt.ls.core.product -Djava.import.generatesMetadataFilesAtProjectRoot=false -DDetectVMInstallationsJob.disabled=true -Dfile.encoding=utf8 -XX:+UseParallelGC -XX:GCTimeRatio=4 -XX:AdaptiveSizePolicyWeight=90 -Dsun.zip.disableMemoryMapping=true -Xmx1G -Xms100m -Xlog:disable -javaagent:c:\Users\yenho\.vscode\extensions\redhat.java-1.38.0-win32-x64\lombok\lombok-1.18.34.jar 
java_command: c:\Users\yenho\.vscode\extensions\redhat.java-1.38.0-win32-x64\server\plugins\org.eclipse.equinox.launcher_1.6.900.v20240613-2009.jar -configuration c:\Users\yenho\AppData\Roaming\Code\User\globalStorage\redhat.java\1.38.0\config_ss_win -data c:\Users\yenho\AppData\Roaming\Code\User\workspaceStorage\be8ad8b4014e26bb98f6d4fcdc527ed2\redhat.java\ss_ws --pipe=\\.\pipe\lsp-d9cca457bec1ab1e77d0956229c86fcf-sock
java_class_path (initial): c:\Users\yenho\.vscode\extensions\redhat.java-1.38.0-win32-x64\server\plugins\org.eclipse.equinox.launcher_1.6.900.v20240613-2009.jar
Launcher Type: SUN_STANDARD

[Global flags]
    uintx AdaptiveSizePolicyWeight                 = 90                                        {product} {command line}
     intx CICompilerCount                          = 4                                         {product} {ergonomic}
    uintx GCTimeRatio                              = 4                                         {product} {command line}
   size_t InitialHeapSize                          = 104857600                                 {product} {command line}
   size_t MaxHeapSize                              = 1073741824                                {product} {command line}
   size_t MaxNewSize                               = 357564416                                 {product} {ergonomic}
   size_t MinHeapDeltaBytes                        = 524288                                    {product} {ergonomic}
   size_t MinHeapSize                              = 104857600                                 {product} {command line}
   size_t NewSize                                  = 34603008                                  {product} {ergonomic}
    uintx NonNMethodCodeHeapSize                   = 5839372                                {pd product} {ergonomic}
    uintx NonProfiledCodeHeapSize                  = 122909434                              {pd product} {ergonomic}
   size_t OldSize                                  = 70254592                                  {product} {ergonomic}
    uintx ProfiledCodeHeapSize                     = 122909434                              {pd product} {ergonomic}
    uintx ReservedCodeCacheSize                    = 251658240                              {pd product} {ergonomic}
     bool SegmentedCodeCache                       = true                                      {product} {ergonomic}
   size_t SoftMaxHeapSize                          = 1073741824                             {manageable} {ergonomic}
     bool UseCompressedClassPointers               = true                           {product lp64_product} {ergonomic}
     bool UseCompressedOops                        = true                           {product lp64_product} {ergonomic}
     bool UseLargePagesIndividualAllocation        = false                                  {pd product} {ergonomic}
     bool UseParallelGC                            = true                                      {product} {command line}

Logging:
Log output configuration:
 #0: stdout all=off uptime,level,tags
 #1: stderr all=off uptime,level,tags

Environment Variables:
JAVA_HOME=C:\Program Files\Java\jdk-17
PATH=C:\Program Files\Common Files\Oracle\Java\javapath;C:\Windows\system32;C:\Windows;C:\Windows\System32\Wbem;C:\Windows\System32\WindowsPowerShell\v1.0\;C:\Windows\System32\OpenSSH\;C:\Program Files (x86)\NVIDIA Corporation\PhysX\Common;C:\Program Files\NVIDIA Corporation\NVIDIA NvDLISR;C:\Windows\system32;C:\Windows;C:\Windows\System32\Wbem;C:\Windows\System32\WindowsPowerShell\v1.0\;C:\Windows\System32\OpenSSH\;C:\Program Files\dotnet\;C:\Program Files (x86)\Yarn\bin\;C:\Program Files\nodejs\;C:\Program Files\Java\jdk-17\bin;C:\Users\yenho\AppData\Local\Android\Sdk\platform-tools;C:\Program Files\Git\cmd;C:\Users\yenho\AppData\Local\Microsoft\WindowsApps;C:\Users\yenho\AppData\Local\Programs\Microsoft VS Code\bin;C:\Users\yenho\.dotnet\tools;C:\Users\yenho\AppData\Local\Yarn\bin;C:\Users\yenho\AppData\Roaming\npm;C:\Users\yenho\AppData\Local\GitHubDesktop\bin
USERNAME=yenho
OS=Windows_NT
PROCESSOR_IDENTIFIER=AMD64 Family 25 Model 68 Stepping 1, AuthenticAMD
TMP=C:\Users\yenho\AppData\Local\Temp
TEMP=C:\Users\yenho\AppData\Local\Temp



Periodic native trim disabled


---------------  S Y S T E M  ---------------

OS:
 Windows 11 , 64 bit Build 22621 (10.0.22621.4391)
OS uptime: 0 days 1:03 hours
Hyper-V role detected

CPU: total 12 (initial active 12) (12 cores per cpu, 2 threads per core) family 25 model 68 stepping 1 microcode 0x0, cx8, cmov, fxsr, ht, mmx, 3dnowpref, sse, sse2, sse3, ssse3, sse4a, sse4.1, sse4.2, popcnt, lzcnt, tsc, tscinvbit, avx, avx2, aes, erms, clmul, bmi1, bmi2, adx, sha, fma, vzeroupper, clflush, clflushopt, hv
Processor Information for all 12 processors :
  Max Mhz: 3301, Current Mhz: 3301, Mhz Limit: 3301

Memory: 4k page, system-wide physical 7365M (334M free)
TotalPageFile size 29893M (AvailPageFile size 0M)
current process WorkingSet (physical memory assigned to process): 97M, peak: 165M
current process commit charge ("private bytes"): 251M, peak: 271M

vm_info: OpenJDK 64-Bit Server VM (17.0.13+11) for windows-amd64 JRE (17.0.13+11), built on Oct 16 2024 00:10:08 by "admin" with MS VC++ 17.7 (VS2022)

END.
