#
# There is insufficient memory for the Java Runtime Environment to continue.
# Native memory allocation (mmap) failed to map 65536 bytes. Error detail: Failed to commit metaspace.
# Possible reasons:
#   The system is out of physical RAM or swap space
#   This process is running with CompressedOops enabled, and the Java Heap may be blocking the growth of the native heap
# Possible solutions:
#   Reduce memory load on the system
#   Increase physical memory or swap space
#   Check if swap backing store is full
#   Decrease Java heap size (-Xmx/-Xms)
#   Decrease number of Java threads
#   Decrease Java thread stack sizes (-Xss)
#   Set larger code cache with -XX:ReservedCodeCacheSize=
#   JVM is running with Unscaled Compressed Oops mode in which the Java heap is
#     placed in the first 4GB address space. The Java Heap base address is the
#     maximum limit for the native heap growth. Please use -XX:HeapBaseMinAddress
#     to set the Java Heap base and to place the Java Heap above 4GB virtual address.
# This output file may be truncated or incomplete.
#
#  Out of Memory Error (virtualSpaceNode.cpp:110), pid=14096, tid=23972
#
# JRE version: OpenJDK Runtime Environment Temurin-17.0.13+11 (17.0.13+11) (build 17.0.13+11)
# Java VM: OpenJDK 64-Bit Server VM Temurin-17.0.13+11 (17.0.13+11, mixed mode, tiered, compressed oops, compressed class ptrs, parallel gc, windows-amd64)
# No core dump will be written. Minidumps are not enabled by default on client versions of Windows
#

---------------  S U M M A R Y ------------

Command Line: --add-modules=ALL-SYSTEM --add-opens=java.base/java.util=ALL-UNNAMED --add-opens=java.base/java.lang=ALL-UNNAMED --add-opens=java.base/sun.nio.fs=ALL-UNNAMED -Declipse.application=org.eclipse.jdt.ls.core.id1 -Dosgi.bundles.defaultStartLevel=4 -Declipse.product=org.eclipse.jdt.ls.core.product -Djava.import.generatesMetadataFilesAtProjectRoot=false -DDetectVMInstallationsJob.disabled=true -Dfile.encoding=utf8 -XX:+UseParallelGC -XX:GCTimeRatio=4 -XX:AdaptiveSizePolicyWeight=90 -Dsun.zip.disableMemoryMapping=true -Xmx1G -Xms100m -Xlog:disable -javaagent:c:\Users\yenho\.vscode\extensions\redhat.java-1.38.0-win32-x64\lombok\lombok-1.18.34.jar -XX:+HeapDumpOnOutOfMemoryError -XX:HeapDumpPath=c:\Users\yenho\AppData\Roaming\Code\User\workspaceStorage\be8ad8b4014e26bb98f6d4fcdc527ed2\redhat.java -Daether.dependencyCollector.impl=bf c:\Users\yenho\.vscode\extensions\redhat.java-1.38.0-win32-x64\server\plugins\org.eclipse.equinox.launcher_1.6.900.v20240613-2009.jar -configuration c:\Users\yenho\AppData\Roaming\Code\User\globalStorage\redhat.java\1.38.0\config_win -data c:\Users\yenho\AppData\Roaming\Code\User\workspaceStorage\be8ad8b4014e26bb98f6d4fcdc527ed2\redhat.java\jdt_ws --pipe=\\.\pipe\lsp-2d62055b8a90ffe25817835105fc3774-sock

Host: AMD Ryzen 5 7535HS with Radeon Graphics        , 12 cores, 7G,  Windows 11 , 64 bit Build 22621 (10.0.22621.4391)
Time: Thu Jan  9 14:38:05 2025 SE Asia Standard Time elapsed time: 0.105376 seconds (0d 0h 0m 0s)

---------------  T H R E A D  ---------------

Current thread (0x000002127aacd430):  JavaThread "main" [_thread_in_vm, id=23972, stack(0x000000a584d00000,0x000000a584e00000)]

Stack: [0x000000a584d00000,0x000000a584e00000]
Native frames: (J=compiled Java code, j=interpreted, Vv=VM code, C=native code)
V  [jvm.dll+0x682a19]
V  [jvm.dll+0x839538]
V  [jvm.dll+0x83afe3]
V  [jvm.dll+0x83b653]
V  [jvm.dll+0x24704f]
V  [jvm.dll+0x83530d]
V  [jvm.dll+0x62762e]
V  [jvm.dll+0x62769a]
V  [jvm.dll+0x629ec3]
V  [jvm.dll+0x627ff6]
V  [jvm.dll+0x23c216]
V  [jvm.dll+0x1e9687]
V  [jvm.dll+0x1df251]
V  [jvm.dll+0x54611b]
V  [jvm.dll+0x1efdda]
V  [jvm.dll+0x7b243b]
V  [jvm.dll+0x7b3859]
V  [jvm.dll+0x7b3bb8]
V  [jvm.dll+0x23eb4b]
V  [jvm.dll+0x23edaf]
V  [jvm.dll+0x564628]
V  [jvm.dll+0x567547]
V  [jvm.dll+0x385424]
V  [jvm.dll+0x384a7f]
C  0x0000021207549d99

The last pc belongs to invokestatic (printed below).
Java frames: (J=compiled Java code, j=interpreted, Vv=VM code)
j  java.lang.System.initPhase2(ZZ)I+0 java.base
v  ~StubRoutines::call_stub
invokestatic  184 invokestatic  [0x0000021207549ce0, 0x0000021207549fc0]  736 bytes
[MachCode]
  0x0000021207549ce0: 4883 ec08 | c5fa 1104 | 24eb 1f48 | 83ec 10c5 | fb11 0424 | eb14 4883 | ec10 4889 | 0424 48c7 
  0x0000021207549d00: 4424 0800 | 0000 00eb | 0150 4c89 | 6dc0 410f | b755 0148 | 8b4d d0c1 | e202 8b5c | d120 c1eb 
  0x0000021207549d20: 1081 e3ff | 0000 0081 | fbb8 0000 | 000f 84b6 | 0000 00bb | b800 0000 | e805 0000 | 00e9 9b00 
  0x0000021207549d40: 0000 488b | d348 8d44 | 2408 4c89 | 6dc0 498b | cfc5 f877 | 4989 afa8 | 0200 0049 | 8987 9802 
  0x0000021207549d60: 0000 4883 | ec20 f7c4 | 0f00 0000 | 0f84 1a00 | 0000 4883 | ec08 49ba | 104a 7e35 | fc7f 0000 
  0x0000021207549d80: 41ff d248 | 83c4 08e9 | 0d00 0000 | 49ba 104a | 7e35 fc7f | 0000 41ff | d248 83c4 | 2049 c787 
  0x0000021207549da0: 9802 0000 | 0000 0000 | 49c7 87a8 | 0200 0000 | 0000 0049 | c787 a002 | 0000 0000 | 0000 c5f8 
  0x0000021207549dc0: 7749 817f | 0800 0000 | 000f 8405 | 0000 00e9 | 2c71 feff | 4c8b 6dc0 | 4c8b 75c8 | c341 0fb7 
  0x0000021207549de0: 5501 488b | 4dd0 c1e2 | 0248 8b5c | d128 488b | 5b08 488b | 5b08 488b | 5b18 80bb | 3301 0000 
  0x0000021207549e00: 040f 840d | 0000 004c | 3bbb 3801 | 0000 0f85 | 1fff ffff | 488b 5cd1 | 288b 54d1 | 38c1 ea1c 
  0x0000021207549e20: 49ba 10f6 | 0036 fc7f | 0000 498b | 14d2 5248 | 8b45 d848 | 85c0 0f84 | 1200 0000 | 4883 4008 
  0x0000021207549e40: 0148 8358 | 0800 4883 | c010 4889 | 45d8 488b | 45d8 4885 | c00f 8445 | 0100 0080 | 78f0 0a0f 
  0x0000021207549e60: 853b 0100 | 0048 83c0 | 084c 8b68 | f841 83ed | 0041 83fd | 020f 8c1a | 0100 004c | 8b6b 0845 
  0x0000021207549e80: 0fb7 6d2c | 4c2b 2841 | 83ed 014e | 8b6c ec08 | 4d85 ed75 | 1248 f740 | 0801 0000 | 0075 58f0 
  0x0000021207549ea0: 4883 4808 | 01eb 5045 | 8b6d 0849 | c1e5 034d | 8bd5 4c33 | 6808 49f7 | c5fc ffff | ff74 3849 
  0x0000021207549ec0: f7c5 0200 | 0000 752f | 4881 7808 | 0000 0000 | 7421 4881 | 7808 0100 | 0000 7417 | 4d8b ea4c 
  0x0000021207549ee0: 3368 0849 | f7c5 fcff | ffff 740b | 4883 4808 | 02eb 044c | 8968 0848 | 83c0 104c | 8b68 e841 
  0x0000021207549f00: 83ed 0241 | 83fd 020f | 8c88 0000 | 004c 8b6b | 0845 0fb7 | 6d2c 4c2b | 2841 83ed | 014e 8b6c 
  0x0000021207549f20: ec08 4d85 | ed75 1248 | f740 0801 | 0000 0075 | 58f0 4883 | 4808 01eb | 5045 8b6d | 0849 c1e5 
  0x0000021207549f40: 034d 8bd5 | 4c33 6808 | 49f7 c5fc | ffff ff74 | 3849 f7c5 | 0200 0000 | 752f 4881 | 7808 0000 
  0x0000021207549f60: 0000 7421 | 4881 7808 | 0100 0000 | 7417 4d8b | ea4c 3368 | 0849 f7c5 | fcff ffff | 740b 4883 
  0x0000021207549f80: 4808 02eb | 044c 8968 | 0848 83c0 | 104c 8b68 | d841 83ed | 0441 c1e5 | 0349 03c5 | 4889 45d8 
  0x0000021207549fa0: 4c8d 6c24 | 084c 896d | f0ff 6350 | 0f1f 4000 | 0000 0000 | 0000 0000 | 0000 0000 | 0000 0000 
[/MachCode]

---------------  P R O C E S S  ---------------

Threads class SMR info:
_java_thread_list=0x0000021215a1c9c0, length=10, elements={
0x000002127aacd430, 0x000002127f8b6030, 0x000002127f8b72a0, 0x000002127f8bafa0,
0x000002127f8bb970, 0x000002127f8bc440, 0x000002127f8bcf10, 0x000002127f8bdd10,
0x0000021215a91150, 0x0000021215a949d0
}

Java Threads: ( => current thread )
=>0x000002127aacd430 JavaThread "main" [_thread_in_vm, id=23972, stack(0x000000a584d00000,0x000000a584e00000)]
  0x000002127f8b6030 JavaThread "Reference Handler" daemon [_thread_blocked, id=13888, stack(0x000000a585100000,0x000000a585200000)]
  0x000002127f8b72a0 JavaThread "Finalizer" daemon [_thread_blocked, id=17228, stack(0x000000a585200000,0x000000a585300000)]
  0x000002127f8bafa0 JavaThread "Signal Dispatcher" daemon [_thread_blocked, id=11520, stack(0x000000a585300000,0x000000a585400000)]
  0x000002127f8bb970 JavaThread "Attach Listener" daemon [_thread_blocked, id=21120, stack(0x000000a585400000,0x000000a585500000)]
  0x000002127f8bc440 JavaThread "Service Thread" daemon [_thread_blocked, id=1364, stack(0x000000a585500000,0x000000a585600000)]
  0x000002127f8bcf10 JavaThread "Monitor Deflation Thread" daemon [_thread_blocked, id=23624, stack(0x000000a585600000,0x000000a585700000)]
  0x000002127f8bdd10 JavaThread "C2 CompilerThread0" daemon [_thread_blocked, id=1620, stack(0x000000a585700000,0x000000a585800000)]
  0x0000021215a91150 JavaThread "C1 CompilerThread0" daemon [_thread_blocked, id=20968, stack(0x000000a585800000,0x000000a585900000)]
  0x0000021215a949d0 JavaThread "Sweeper thread" daemon [_thread_blocked, id=17788, stack(0x000000a585900000,0x000000a585a00000)]

Other Threads:
  0x0000021215a14870 VMThread "VM Thread" [stack: 0x000000a585000000,0x000000a585100000] [id=6660]
  0x000002127aae23c0 GCTaskThread "GC Thread#0" [stack: 0x000000a584f00000,0x000000a585000000] [id=24116]

Threads with active compile tasks:

VM state: not at safepoint (normal execution)

VM Mutex/Monitor currently owned by a thread:  ([mutex/lock_event])
[0x000002127a8172c0] Metaspace_lock - owner thread: 0x000002127aacd430

Heap address: 0x00000000c0000000, size: 1024 MB, Compressed Oops mode: 32-bit

CDS archive(s) not mapped
Compressed class space mapped at: 0x0000000100000000-0x0000000140000000, reserved size: 1073741824
Narrow klass base: 0x0000000000000000, Narrow klass shift: 3, Narrow klass range: 0x140000000

GC Precious Log:
 CPUs: 12 total, 12 available
 Memory: 7365M
 Large Page Support: Disabled
 NUMA Support: Disabled
 Compressed Oops: Enabled (32-bit)
 Alignments: Space 512K, Generation 512K, Heap 2M
 Heap Min Capacity: 100M
 Heap Initial Capacity: 100M
 Heap Max Capacity: 1G
 Pre-touch: Disabled
 Parallel Workers: 10

Heap:
 PSYoungGen      total 29696K, used 1024K [0x00000000eab00000, 0x00000000ecc00000, 0x0000000100000000)
  eden space 25600K, 4% used [0x00000000eab00000,0x00000000eac00138,0x00000000ec400000)
  from space 4096K, 0% used [0x00000000ec800000,0x00000000ec800000,0x00000000ecc00000)
  to   space 4096K, 0% used [0x00000000ec400000,0x00000000ec400000,0x00000000ec800000)
 ParOldGen       total 68608K, used 0K [0x00000000c0000000, 0x00000000c4300000, 0x00000000eab00000)
  object space 68608K, 0% used [0x00000000c0000000,0x00000000c0000000,0x00000000c4300000)
 Metaspace       used 2242K, committed 2304K, reserved 1114112K
  class space    used 195K, committed 256K, reserved 1048576K

Card table byte_map: [0x000002127f130000,0x000002127f340000] _byte_map_base: 0x000002127eb30000

Marking Bits: (ParMarkBitMap*) 0x00007ffc36006940
 Begin Bits: [0x000002120f000000, 0x0000021210000000)
 End Bits:   [0x0000021210000000, 0x0000021211000000)

Polling page: 0x000002127ab80000

Metaspace:

Usage:
  Non-class:      2.00 MB used.
      Class:    195.26 KB used.
       Both:      2.19 MB used.

Virtual space:
  Non-class space:       64.00 MB reserved,       2.00 MB (  3%) committed,  1 nodes.
      Class space:        1.00 GB reserved,     256.00 KB ( <1%) committed,  1 nodes.
             Both:        1.06 GB reserved,       2.25 MB ( <1%) committed. 

Chunk freelists:
   Non-Class:  12.00 MB
       Class:  15.75 MB
        Both:  27.75 MB

MaxMetaspaceSize: unlimited
CompressedClassSpaceSize: 1.00 GB
Initial GC threshold: 21.00 MB
Current GC threshold: 21.00 MB
CDS: off
MetaspaceReclaimPolicy: balanced
 - commit_granule_bytes: 65536.
 - commit_granule_words: 8192.
 - virtual_space_node_default_size: 8388608.
 - enlarge_chunks_in_place: 1.
 - new_chunks_are_fully_committed: 0.
 - uncommit_free_chunks: 1.
 - use_allocation_guard: 0.
 - handle_deallocations: 1.


Internal statistics:

num_allocs_failed_limit: 0.
num_arena_births: 2.
num_arena_deaths: 0.
num_vsnodes_births: 2.
num_vsnodes_deaths: 0.
num_space_committed: 36.
num_space_uncommitted: 0.
num_chunks_returned_to_freelist: 0.
num_chunks_taken_from_freelist: 3.
num_chunk_merges: 0.
num_chunk_splits: 2.
num_chunks_enlarged: 0.
num_inconsistent_stats: 0.

CodeHeap 'non-profiled nmethods': size=120000Kb used=0Kb max_used=0Kb free=120000Kb
 bounds [0x0000021207ad0000, 0x0000021207d40000, 0x000002120f000000]
CodeHeap 'profiled nmethods': size=120000Kb used=2Kb max_used=2Kb free=119998Kb
 bounds [0x0000021200000000, 0x0000021200270000, 0x0000021207530000]
CodeHeap 'non-nmethods': size=5760Kb used=1006Kb max_used=1019Kb free=4753Kb
 bounds [0x0000021207530000, 0x00000212077a0000, 0x0000021207ad0000]
 total_blobs=260 nmethods=2 adapters=174
 compilation: enabled
              stopped_count=0, restarted_count=0
 full_count=0

Compilation events (4 events):
Event: 0.101 Thread 0x0000021215a91150    1       3       java.lang.String::isLatin1 (19 bytes)
Event: 0.101 Thread 0x0000021215a91150 nmethod 1 0x0000021200000010 code [0x00000212000001a0, 0x0000021200000318]
Event: 0.101 Thread 0x0000021215a91150    2       3       java.lang.StringLatin1::hashCode (42 bytes)
Event: 0.101 Thread 0x0000021215a91150 nmethod 2 0x0000021200000390 code [0x0000021200000520, 0x00000212000006d8]

GC Heap History (0 events):
No events

Dll operation events (1 events):
Event: 0.017 Loaded shared library c:\Users\yenho\.vscode\extensions\redhat.java-1.38.0-win32-x64\jre\17.0.13-win32-x86_64\bin\java.dll

Deoptimization events (0 events):
No events

Classes loaded (20 events):
Event: 0.096 Loading class java/util/Hashtable$Entry done
Event: 0.096 Loading class jdk/internal/misc/Signal$NativeHandler
Event: 0.096 Loading class jdk/internal/misc/Signal$NativeHandler done
Event: 0.096 Loading class jdk/internal/misc/OSEnvironment
Event: 0.096 Loading class jdk/internal/misc/OSEnvironment done
Event: 0.096 Loading class sun/io/Win32ErrorMode
Event: 0.096 Loading class sun/io/Win32ErrorMode done
Event: 0.096 Loading class java/util/Collections
Event: 0.096 Loading class java/util/Collections done
Event: 0.096 Loading class java/util/Collections$EmptySet
Event: 0.096 Loading class java/util/Collections$EmptySet done
Event: 0.097 Loading class java/util/Collections$EmptyList
Event: 0.097 Loading class java/util/Collections$EmptyList done
Event: 0.097 Loading class java/util/Collections$EmptyMap
Event: 0.097 Loading class java/util/Collections$EmptyMap done
Event: 0.097 Loading class java/lang/IllegalArgumentException
Event: 0.097 Loading class java/lang/IllegalArgumentException done
Event: 0.100 Loading class java/lang/invoke/MethodHandleStatics
Event: 0.100 Loading class java/lang/invoke/MethodHandleStatics done
Event: 0.101 Loading class jdk/internal/module/ModuleBootstrap

Classes unloaded (0 events):
No events

Classes redefined (0 events):
No events

Internal exceptions (0 events):
No events

VM Operations (0 events):
No events

Memory protections (0 events):
No events

Nmethod flushes (0 events):
No events

Events (10 events):
Event: 0.062 Thread 0x000002127aacd430 Thread added: 0x000002127aacd430
Event: 0.074 Thread 0x000002127aacd430 Thread added: 0x000002127f8b6030
Event: 0.074 Thread 0x000002127aacd430 Thread added: 0x000002127f8b72a0
Event: 0.097 Thread 0x000002127aacd430 Thread added: 0x000002127f8bafa0
Event: 0.097 Thread 0x000002127aacd430 Thread added: 0x000002127f8bb970
Event: 0.097 Thread 0x000002127aacd430 Thread added: 0x000002127f8bc440
Event: 0.097 Thread 0x000002127aacd430 Thread added: 0x000002127f8bcf10
Event: 0.097 Thread 0x000002127aacd430 Thread added: 0x000002127f8bdd10
Event: 0.099 Thread 0x000002127aacd430 Thread added: 0x0000021215a91150
Event: 0.100 Thread 0x000002127aacd430 Thread added: 0x0000021215a949d0


Dynamic libraries:
0x00007ff7505a0000 - 0x00007ff7505ae000 	c:\Users\yenho\.vscode\extensions\redhat.java-1.38.0-win32-x64\jre\17.0.13-win32-x86_64\bin\java.exe
0x00007ffca76b0000 - 0x00007ffca78c7000 	C:\Windows\SYSTEM32\ntdll.dll
0x00007ffca6cb0000 - 0x00007ffca6d74000 	C:\Windows\System32\KERNEL32.DLL
0x00007ffca4ff0000 - 0x00007ffca53aa000 	C:\Windows\System32\KERNELBASE.dll
0x00007ffca4bc0000 - 0x00007ffca4cd1000 	C:\Windows\System32\ucrtbase.dll
0x00007ffca0300000 - 0x00007ffca0317000 	c:\Users\yenho\.vscode\extensions\redhat.java-1.38.0-win32-x64\jre\17.0.13-win32-x86_64\bin\jli.dll
0x00007ffca5a90000 - 0x00007ffca5c3e000 	C:\Windows\System32\USER32.dll
0x00007ffca02e0000 - 0x00007ffca02fe000 	c:\Users\yenho\.vscode\extensions\redhat.java-1.38.0-win32-x64\jre\17.0.13-win32-x86_64\bin\VCRUNTIME140.dll
0x00007ffca4980000 - 0x00007ffca49a6000 	C:\Windows\System32\win32u.dll
0x00007ffca63f0000 - 0x00007ffca6419000 	C:\Windows\System32\GDI32.dll
0x00007ffca4e10000 - 0x00007ffca4f2b000 	C:\Windows\System32\gdi32full.dll
0x00007ffca49b0000 - 0x00007ffca4a4a000 	C:\Windows\System32\msvcp_win.dll
0x00007ffc91a90000 - 0x00007ffc91d22000 	C:\Windows\WinSxS\amd64_microsoft.windows.common-controls_6595b64144ccf1df_6.0.22621.4541_none_2710d1c57384c085\COMCTL32.dll
0x00007ffca73f0000 - 0x00007ffca7497000 	C:\Windows\System32\msvcrt.dll
0x00007ffca5c40000 - 0x00007ffca5c71000 	C:\Windows\System32\IMM32.DLL
0x00007ffca02d0000 - 0x00007ffca02dc000 	c:\Users\yenho\.vscode\extensions\redhat.java-1.38.0-win32-x64\jre\17.0.13-win32-x86_64\bin\vcruntime140_1.dll
0x00007ffc56950000 - 0x00007ffc569dd000 	c:\Users\yenho\.vscode\extensions\redhat.java-1.38.0-win32-x64\jre\17.0.13-win32-x86_64\bin\msvcp140.dll
0x00007ffc35460000 - 0x00007ffc360cb000 	c:\Users\yenho\.vscode\extensions\redhat.java-1.38.0-win32-x64\jre\17.0.13-win32-x86_64\bin\server\jvm.dll
0x00007ffca70f0000 - 0x00007ffca71a2000 	C:\Windows\System32\ADVAPI32.dll
0x00007ffca6120000 - 0x00007ffca61c7000 	C:\Windows\System32\sechost.dll
0x00007ffca4d60000 - 0x00007ffca4d88000 	C:\Windows\System32\bcrypt.dll
0x00007ffca5960000 - 0x00007ffca5a74000 	C:\Windows\System32\RPCRT4.dll
0x00007ffca6e40000 - 0x00007ffca6eb1000 	C:\Windows\System32\WS2_32.dll
0x00007ffca37d0000 - 0x00007ffca381d000 	C:\Windows\SYSTEM32\POWRPROF.dll
0x00007ffc9ee50000 - 0x00007ffc9ee84000 	C:\Windows\SYSTEM32\WINMM.dll
0x00007ffc9e9b0000 - 0x00007ffc9e9ba000 	C:\Windows\SYSTEM32\VERSION.dll
0x00007ffca37b0000 - 0x00007ffca37c3000 	C:\Windows\SYSTEM32\UMPDC.dll
0x00007ffca3a80000 - 0x00007ffca3a98000 	C:\Windows\SYSTEM32\kernel.appcore.dll
0x00007ffc9eef0000 - 0x00007ffc9eefa000 	c:\Users\yenho\.vscode\extensions\redhat.java-1.38.0-win32-x64\jre\17.0.13-win32-x86_64\bin\jimage.dll
0x00007ffc9dcd0000 - 0x00007ffc9df02000 	C:\Windows\SYSTEM32\DBGHELP.DLL
0x00007ffca5d10000 - 0x00007ffca609f000 	C:\Windows\System32\combase.dll
0x00007ffca71b0000 - 0x00007ffca7287000 	C:\Windows\System32\OLEAUT32.dll
0x00007ffc9aad0000 - 0x00007ffc9ab02000 	C:\Windows\SYSTEM32\dbgcore.DLL
0x00007ffca4d90000 - 0x00007ffca4e0b000 	C:\Windows\System32\bcryptPrimitives.dll
0x00007ffc9ef00000 - 0x00007ffc9ef0e000 	c:\Users\yenho\.vscode\extensions\redhat.java-1.38.0-win32-x64\jre\17.0.13-win32-x86_64\bin\instrument.dll
0x00007ffc9eec0000 - 0x00007ffc9eee5000 	c:\Users\yenho\.vscode\extensions\redhat.java-1.38.0-win32-x64\jre\17.0.13-win32-x86_64\bin\java.dll
0x00007ffc98820000 - 0x00007ffc98838000 	c:\Users\yenho\.vscode\extensions\redhat.java-1.38.0-win32-x64\jre\17.0.13-win32-x86_64\bin\zip.dll
0x00007ffca6430000 - 0x00007ffca6ca8000 	C:\Windows\System32\SHELL32.dll
0x00007ffca2880000 - 0x00007ffca3188000 	C:\Windows\SYSTEM32\windows.storage.dll
0x00007ffca2740000 - 0x00007ffca287f000 	C:\Windows\SYSTEM32\wintypes.dll
0x00007ffca5860000 - 0x00007ffca595a000 	C:\Windows\System32\SHCORE.dll
0x00007ffca61d0000 - 0x00007ffca622e000 	C:\Windows\System32\shlwapi.dll
0x00007ffca48b0000 - 0x00007ffca48db000 	C:\Windows\SYSTEM32\profapi.dll

dbghelp: loaded successfully - version: 4.0.5 - missing functions: none
symbol engine: initialized successfully - sym options: 0x614 - pdb path: .;c:\Users\yenho\.vscode\extensions\redhat.java-1.38.0-win32-x64\jre\17.0.13-win32-x86_64\bin;C:\Windows\SYSTEM32;C:\Windows\WinSxS\amd64_microsoft.windows.common-controls_6595b64144ccf1df_6.0.22621.4541_none_2710d1c57384c085;c:\Users\yenho\.vscode\extensions\redhat.java-1.38.0-win32-x64\jre\17.0.13-win32-x86_64\bin\server

VM Arguments:
jvm_args: --add-modules=ALL-SYSTEM --add-opens=java.base/java.util=ALL-UNNAMED --add-opens=java.base/java.lang=ALL-UNNAMED --add-opens=java.base/sun.nio.fs=ALL-UNNAMED -Declipse.application=org.eclipse.jdt.ls.core.id1 -Dosgi.bundles.defaultStartLevel=4 -Declipse.product=org.eclipse.jdt.ls.core.product -Djava.import.generatesMetadataFilesAtProjectRoot=false -DDetectVMInstallationsJob.disabled=true -Dfile.encoding=utf8 -XX:+UseParallelGC -XX:GCTimeRatio=4 -XX:AdaptiveSizePolicyWeight=90 -Dsun.zip.disableMemoryMapping=true -Xmx1G -Xms100m -Xlog:disable -javaagent:c:\Users\yenho\.vscode\extensions\redhat.java-1.38.0-win32-x64\lombok\lombok-1.18.34.jar -XX:+HeapDumpOnOutOfMemoryError -XX:HeapDumpPath=c:\Users\yenho\AppData\Roaming\Code\User\workspaceStorage\be8ad8b4014e26bb98f6d4fcdc527ed2\redhat.java -Daether.dependencyCollector.impl=bf 
java_command: c:\Users\yenho\.vscode\extensions\redhat.java-1.38.0-win32-x64\server\plugins\org.eclipse.equinox.launcher_1.6.900.v20240613-2009.jar -configuration c:\Users\yenho\AppData\Roaming\Code\User\globalStorage\redhat.java\1.38.0\config_win -data c:\Users\yenho\AppData\Roaming\Code\User\workspaceStorage\be8ad8b4014e26bb98f6d4fcdc527ed2\redhat.java\jdt_ws --pipe=\\.\pipe\lsp-2d62055b8a90ffe25817835105fc3774-sock
java_class_path (initial): c:\Users\yenho\.vscode\extensions\redhat.java-1.38.0-win32-x64\server\plugins\org.eclipse.equinox.launcher_1.6.900.v20240613-2009.jar
Launcher Type: SUN_STANDARD

[Global flags]
    uintx AdaptiveSizePolicyWeight                 = 90                                        {product} {command line}
     intx CICompilerCount                          = 4                                         {product} {ergonomic}
    uintx GCTimeRatio                              = 4                                         {product} {command line}
     bool HeapDumpOnOutOfMemoryError               = true                                   {manageable} {command line}
    ccstr HeapDumpPath                             = c:\Users\yenho\AppData\Roaming\Code\User\workspaceStorage\be8ad8b4014e26bb98f6d4fcdc527ed2\redhat.java         {manageable} {command line}
   size_t InitialHeapSize                          = 104857600                                 {product} {command line}
   size_t MaxHeapSize                              = 1073741824                                {product} {command line}
   size_t MaxNewSize                               = 357564416                                 {product} {ergonomic}
   size_t MinHeapDeltaBytes                        = 524288                                    {product} {ergonomic}
   size_t MinHeapSize                              = 104857600                                 {product} {command line}
   size_t NewSize                                  = 34603008                                  {product} {ergonomic}
    uintx NonNMethodCodeHeapSize                   = 5839372                                {pd product} {ergonomic}
    uintx NonProfiledCodeHeapSize                  = 122909434                              {pd product} {ergonomic}
   size_t OldSize                                  = 70254592                                  {product} {ergonomic}
    uintx ProfiledCodeHeapSize                     = 122909434                              {pd product} {ergonomic}
    uintx ReservedCodeCacheSize                    = 251658240                              {pd product} {ergonomic}
     bool SegmentedCodeCache                       = true                                      {product} {ergonomic}
   size_t SoftMaxHeapSize                          = 1073741824                             {manageable} {ergonomic}
     bool UseCompressedClassPointers               = true                           {product lp64_product} {ergonomic}
     bool UseCompressedOops                        = true                           {product lp64_product} {ergonomic}
     bool UseLargePagesIndividualAllocation        = false                                  {pd product} {ergonomic}
     bool UseParallelGC                            = true                                      {product} {command line}

Logging:
Log output configuration:
 #0: stdout all=off uptime,level,tags
 #1: stderr all=off uptime,level,tags

Environment Variables:
JAVA_HOME=C:\Program Files\Java\jdk-17
PATH=C:\Program Files\Common Files\Oracle\Java\javapath;C:\Windows\system32;C:\Windows;C:\Windows\System32\Wbem;C:\Windows\System32\WindowsPowerShell\v1.0\;C:\Windows\System32\OpenSSH\;C:\Program Files (x86)\NVIDIA Corporation\PhysX\Common;C:\Program Files\NVIDIA Corporation\NVIDIA NvDLISR;C:\Windows\system32;C:\Windows;C:\Windows\System32\Wbem;C:\Windows\System32\WindowsPowerShell\v1.0\;C:\Windows\System32\OpenSSH\;C:\Program Files\dotnet\;C:\Program Files (x86)\Yarn\bin\;C:\Program Files\nodejs\;C:\Program Files\Java\jdk-17\bin;C:\Users\yenho\AppData\Local\Android\Sdk\platform-tools;C:\Program Files\Git\cmd;C:\Users\yenho\AppData\Local\Microsoft\WindowsApps;C:\Users\yenho\AppData\Local\Programs\Microsoft VS Code\bin;C:\Users\yenho\.dotnet\tools;C:\Users\yenho\AppData\Local\Yarn\bin;C:\Users\yenho\AppData\Roaming\npm;C:\Users\yenho\AppData\Local\GitHubDesktop\bin
USERNAME=yenho
OS=Windows_NT
PROCESSOR_IDENTIFIER=AMD64 Family 25 Model 68 Stepping 1, AuthenticAMD
TMP=C:\Users\yenho\AppData\Local\Temp
TEMP=C:\Users\yenho\AppData\Local\Temp



Periodic native trim disabled


---------------  S Y S T E M  ---------------

OS:
 Windows 11 , 64 bit Build 22621 (10.0.22621.4391)
OS uptime: 0 days 1:09 hours
Hyper-V role detected

CPU: total 12 (initial active 12) (12 cores per cpu, 2 threads per core) family 25 model 68 stepping 1 microcode 0x0, cx8, cmov, fxsr, ht, mmx, 3dnowpref, sse, sse2, sse3, ssse3, sse4a, sse4.1, sse4.2, popcnt, lzcnt, tsc, tscinvbit, avx, avx2, aes, erms, clmul, bmi1, bmi2, adx, sha, fma, vzeroupper, clflush, clflushopt, hv
Processor Information for all 12 processors :
  Max Mhz: 3301, Current Mhz: 3301, Mhz Limit: 3301

Memory: 4k page, system-wide physical 7365M (519M free)
TotalPageFile size 29893M (AvailPageFile size 187M)
current process WorkingSet (physical memory assigned to process): 23M, peak: 23M
current process commit charge ("private bytes"): 186M, peak: 186M

vm_info: OpenJDK 64-Bit Server VM (17.0.13+11) for windows-amd64 JRE (17.0.13+11), built on Oct 16 2024 00:10:08 by "admin" with MS VC++ 17.7 (VS2022)

END.
