#
# There is insufficient memory for the Java Runtime Environment to continue.
# Native memory allocation (malloc) failed to allocate 1088656 bytes. Error detail: Chunk::new
# Possible reasons:
#   The system is out of physical RAM or swap space
#   This process is running with CompressedOops enabled, and the Java Heap may be blocking the growth of the native heap
# Possible solutions:
#   Reduce memory load on the system
#   Increase physical memory or swap space
#   Check if swap backing store is full
#   Decrease Java heap size (-Xmx/-Xms)
#   Decrease number of Java threads
#   Decrease Java thread stack sizes (-Xss)
#   Set larger code cache with -XX:ReservedCodeCacheSize=
#   JVM is running with Unscaled Compressed Oops mode in which the Java heap is
#     placed in the first 4GB address space. The Java Heap base address is the
#     maximum limit for the native heap growth. Please use -XX:HeapBaseMinAddress
#     to set the Java Heap base and to place the Java Heap above 4GB virtual address.
# This output file may be truncated or incomplete.
#
#  Out of Memory Error (arena.cpp:191), pid=20020, tid=20504
#
# JRE version: OpenJDK Runtime Environment Temurin-17.0.13+11 (17.0.13+11) (build 17.0.13+11)
# Java VM: OpenJDK 64-Bit Server VM Temurin-17.0.13+11 (17.0.13+11, mixed mode, tiered, compressed oops, compressed class ptrs, parallel gc, windows-amd64)
# No core dump will be written. Minidumps are not enabled by default on client versions of Windows
#

---------------  S U M M A R Y ------------

Command Line: --add-modules=ALL-SYSTEM --add-opens=java.base/java.util=ALL-UNNAMED --add-opens=java.base/java.lang=ALL-UNNAMED --add-opens=java.base/sun.nio.fs=ALL-UNNAMED -Declipse.application=org.eclipse.jdt.ls.core.id1 -Dosgi.bundles.defaultStartLevel=4 -Declipse.product=org.eclipse.jdt.ls.core.product -Djava.import.generatesMetadataFilesAtProjectRoot=false -DDetectVMInstallationsJob.disabled=true -Dfile.encoding=utf8 -XX:+UseParallelGC -XX:GCTimeRatio=4 -XX:AdaptiveSizePolicyWeight=90 -Dsun.zip.disableMemoryMapping=true -Xmx1G -Xms100m -Xlog:disable -javaagent:c:\Users\yenho\.vscode\extensions\redhat.java-1.38.0-win32-x64\lombok\lombok-1.18.34.jar -XX:+HeapDumpOnOutOfMemoryError -XX:HeapDumpPath=c:\Users\yenho\AppData\Roaming\Code\User\workspaceStorage\be8ad8b4014e26bb98f6d4fcdc527ed2\redhat.java -Daether.dependencyCollector.impl=bf c:\Users\yenho\.vscode\extensions\redhat.java-1.38.0-win32-x64\server\plugins\org.eclipse.equinox.launcher_1.6.900.v20240613-2009.jar -configuration c:\Users\yenho\AppData\Roaming\Code\User\globalStorage\redhat.java\1.38.0\config_win -data c:\Users\yenho\AppData\Roaming\Code\User\workspaceStorage\be8ad8b4014e26bb98f6d4fcdc527ed2\redhat.java\jdt_ws --pipe=\\.\pipe\lsp-4fba645c24a9c534c7490f712efdd3d9-sock

Host: AMD Ryzen 5 7535HS with Radeon Graphics        , 12 cores, 7G,  Windows 11 , 64 bit Build 22621 (10.0.22621.4391)
Time: Thu Jan  9 15:54:21 2025 SE Asia Standard Time elapsed time: 4.988046 seconds (0d 0h 0m 4s)

---------------  T H R E A D  ---------------

Current thread (0x00000248fafaa110):  JavaThread "C2 CompilerThread0" daemon [_thread_in_native, id=20504, stack(0x000000e295d00000,0x000000e295e00000)]


Current CompileTask:
C2:   4988 7249   !   4       org.eclipse.jdt.internal.compiler.classfmt.ClassFileReader::<init> (2119 bytes)

Stack: [0x000000e295d00000,0x000000e295e00000]
Native frames: (J=compiled Java code, j=interpreted, Vv=VM code, C=native code)
V  [jvm.dll+0x682a19]
V  [jvm.dll+0x839538]
V  [jvm.dll+0x83afe3]
V  [jvm.dll+0x83b653]
V  [jvm.dll+0x24704f]
V  [jvm.dll+0xace34]
V  [jvm.dll+0xad4cc]
V  [jvm.dll+0x2ac84f]
V  [jvm.dll+0x588a79]
V  [jvm.dll+0x220ea2]
V  [jvm.dll+0x219d7c]
V  [jvm.dll+0x21738b]
V  [jvm.dll+0x1a3070]
V  [jvm.dll+0x22788c]
V  [jvm.dll+0x2259eb]
V  [jvm.dll+0x7eec98]
V  [jvm.dll+0x7e8ffc]
V  [jvm.dll+0x6818f7]
C  [ucrtbase.dll+0x29333]
C  [KERNEL32.DLL+0x1259d]
C  [ntdll.dll+0x5af38]


---------------  P R O C E S S  ---------------

Threads class SMR info:
_java_thread_list=0x000002488fe1b0e0, length=68, elements={
0x00000248f1000730, 0x00000248f5e84030, 0x00000248f10a9780, 0x00000248f5e85fb0,
0x00000248f5e86c40, 0x00000248faf98820, 0x00000248faf9fa40, 0x00000248fafaa110,
0x00000248fafaaa20, 0x00000248f5e8ab10, 0x00000248fb1218a0, 0x00000248fb1231f0,
0x00000248fb11ff50, 0x00000248fb11fa40, 0x00000248fb121390, 0x00000248fb120970,
0x00000248fb121db0, 0x00000248fb1222c0, 0x00000248fb1227d0, 0x00000248fb122ce0,
0x00000248fd7b40a0, 0x00000248fd64dcc0, 0x00000248fd650a50, 0x00000248fd64c370,
0x00000248fd64fb20, 0x00000248fd64f610, 0x00000248fd650030, 0x00000248fd64b950,
0x00000248fd64af30, 0x00000248fd64d2a0, 0x00000248fd64a000, 0x00000248fd650540,
0x00000248fd651980, 0x00000248fd64ebf0, 0x00000248fd651470, 0x00000248fd64c880,
0x00000248fd64a510, 0x00000248fd64e1d0, 0x00000248fd64aa20, 0x00000248fd64cd90,
0x00000248fd64d7b0, 0x00000248fd64be60, 0x00000248fd64e6e0, 0x00000248fd64f100,
0x000002488f58b990, 0x000002488f585960, 0x000002488f584a30, 0x000002488f5886f0,
0x000002488f58a550, 0x000002488f586380, 0x000002488f58aa60, 0x000002488f585e70,
0x000002488f5872b0, 0x000002488f586890, 0x000002488f586da0, 0x000002488f5877c0,
0x000002488f587cd0, 0x000002488f584f40, 0x000002488f588c00, 0x000002488f58af70,
0x000002488f58a040, 0x000002488f58b480, 0x000002488f58c3b0, 0x000002488f589110,
0x000002488f589620, 0x000002488f589b30, 0x000002488f58bea0, 0x000002488f585450
}

Java Threads: ( => current thread )
  0x00000248f1000730 JavaThread "main" [_thread_blocked, id=11580, stack(0x000000e295400000,0x000000e295500000)]
  0x00000248f5e84030 JavaThread "Reference Handler" daemon [_thread_blocked, id=25028, stack(0x000000e295700000,0x000000e295800000)]
  0x00000248f10a9780 JavaThread "Finalizer" daemon [_thread_blocked, id=21296, stack(0x000000e295800000,0x000000e295900000)]
  0x00000248f5e85fb0 JavaThread "Signal Dispatcher" daemon [_thread_blocked, id=13716, stack(0x000000e295900000,0x000000e295a00000)]
  0x00000248f5e86c40 JavaThread "Attach Listener" daemon [_thread_blocked, id=26384, stack(0x000000e295a00000,0x000000e295b00000)]
  0x00000248faf98820 JavaThread "Service Thread" daemon [_thread_blocked, id=3664, stack(0x000000e295b00000,0x000000e295c00000)]
  0x00000248faf9fa40 JavaThread "Monitor Deflation Thread" daemon [_thread_blocked, id=23428, stack(0x000000e295c00000,0x000000e295d00000)]
=>0x00000248fafaa110 JavaThread "C2 CompilerThread0" daemon [_thread_in_native, id=20504, stack(0x000000e295d00000,0x000000e295e00000)]
  0x00000248fafaaa20 JavaThread "C1 CompilerThread0" daemon [_thread_blocked, id=21024, stack(0x000000e295e00000,0x000000e295f00000)]
  0x00000248f5e8ab10 JavaThread "Sweeper thread" daemon [_thread_blocked, id=4960, stack(0x000000e295f00000,0x000000e296000000)]
  0x00000248fb1218a0 JavaThread "Common-Cleaner" daemon [_thread_blocked, id=13948, stack(0x000000e296000000,0x000000e296100000)]
  0x00000248fb1231f0 JavaThread "Notification Thread" daemon [_thread_blocked, id=22964, stack(0x000000e296200000,0x000000e296300000)]
  0x00000248fb11ff50 JavaThread "Active Thread: Equinox Container: a582b65a-6c47-4c62-af12-c550f945de1d" [_thread_blocked, id=17788, stack(0x000000e296b00000,0x000000e296c00000)]
  0x00000248fb11fa40 JavaThread "Refresh Thread: Equinox Container: a582b65a-6c47-4c62-af12-c550f945de1d" daemon [_thread_blocked, id=24992, stack(0x000000e296c00000,0x000000e296d00000)]
  0x00000248fb121390 JavaThread "Framework Event Dispatcher: Equinox Container: a582b65a-6c47-4c62-af12-c550f945de1d" daemon [_thread_blocked, id=816, stack(0x000000e296d00000,0x000000e296e00000)]
  0x00000248fb120970 JavaThread "Start Level: Equinox Container: a582b65a-6c47-4c62-af12-c550f945de1d" daemon [_thread_blocked, id=10532, stack(0x000000e296e00000,0x000000e296f00000)]
  0x00000248fb121db0 JavaThread "Bundle File Closer" daemon [_thread_blocked, id=25772, stack(0x000000e297000000,0x000000e297100000)]
  0x00000248fb1222c0 JavaThread "SCR Component Actor" daemon [_thread_blocked, id=25536, stack(0x000000e297200000,0x000000e297300000)]
  0x00000248fb1227d0 JavaThread "SCR Component Registry" daemon [_thread_blocked, id=12056, stack(0x000000e297300000,0x000000e297400000)]
  0x00000248fb122ce0 JavaThread "Worker-JM" [_thread_blocked, id=18536, stack(0x000000e296400000,0x000000e296500000)]
  0x00000248fd7b40a0 JavaThread "C2 CompilerThread1" daemon [_thread_in_native, id=10884, stack(0x000000e297400000,0x000000e297500000)]
  0x00000248fd64dcc0 JavaThread "JNA Cleaner" daemon [_thread_blocked, id=26576, stack(0x000000e297500000,0x000000e297600000)]
  0x00000248fd650a50 JavaThread "Worker-0" [_thread_blocked, id=25900, stack(0x000000e297600000,0x000000e297700000)]
  0x00000248fd64c370 JavaThread "Worker-1: Updating Maven Dependencies" [_thread_blocked, id=15480, stack(0x000000e297700000,0x000000e297800000)]
  0x00000248fd64fb20 JavaThread "Java indexing" daemon [_thread_blocked, id=7332, stack(0x000000e297800000,0x000000e297900000)]
  0x00000248fd64f610 JavaThread "Thread-2" daemon [_thread_in_native, id=16172, stack(0x000000e297900000,0x000000e297a00000)]
  0x00000248fd650030 JavaThread "Thread-3" daemon [_thread_in_native, id=9940, stack(0x000000e297a00000,0x000000e297b00000)]
  0x00000248fd64b950 JavaThread "Thread-4" daemon [_thread_in_native, id=18460, stack(0x000000e297b00000,0x000000e297c00000)]
  0x00000248fd64af30 JavaThread "Thread-5" daemon [_thread_in_native, id=16100, stack(0x000000e297c00000,0x000000e297d00000)]
  0x00000248fd64d2a0 JavaThread "Thread-6" daemon [_thread_in_native, id=12912, stack(0x000000e297d00000,0x000000e297e00000)]
  0x00000248fd64a000 JavaThread "Thread-7" daemon [_thread_in_native, id=7800, stack(0x000000e297e00000,0x000000e297f00000)]
  0x00000248fd650540 JavaThread "Thread-8" daemon [_thread_in_native, id=22832, stack(0x000000e297f00000,0x000000e298000000)]
  0x00000248fd651980 JavaThread "Thread-9" daemon [_thread_in_native, id=19180, stack(0x000000e298000000,0x000000e298100000)]
  0x00000248fd64ebf0 JavaThread "Thread-10" daemon [_thread_in_native, id=24696, stack(0x000000e298100000,0x000000e298200000)]
  0x00000248fd651470 JavaThread "Thread-11" daemon [_thread_in_native, id=4412, stack(0x000000e298200000,0x000000e298300000)]
  0x00000248fd64c880 JavaThread "Thread-12" daemon [_thread_in_native, id=2412, stack(0x000000e298300000,0x000000e298400000)]
  0x00000248fd64a510 JavaThread "Thread-13" daemon [_thread_in_native, id=15040, stack(0x000000e298400000,0x000000e298500000)]
  0x00000248fd64e1d0 JavaThread "Thread-14" daemon [_thread_in_native, id=15160, stack(0x000000e298500000,0x000000e298600000)]
  0x00000248fd64aa20 JavaThread "pool-2-thread-1" [_thread_blocked, id=1368, stack(0x000000e298600000,0x000000e298700000)]
  0x00000248fd64cd90 JavaThread "Worker-2" [_thread_blocked, id=20484, stack(0x000000e298700000,0x000000e298800000)]
  0x00000248fd64d7b0 JavaThread "Worker-3: Building" [_thread_blocked, id=25000, stack(0x000000e298800000,0x000000e298900000)]
  0x00000248fd64be60 JavaThread "Worker-4: Java indexing... " [_thread_blocked, id=17360, stack(0x000000e298900000,0x000000e298a00000)]
  0x00000248fd64e6e0 JavaThread "WorkspaceEventsHandler" [_thread_blocked, id=4976, stack(0x000000e298a00000,0x000000e298b00000)]
  0x00000248fd64f100 JavaThread "pool-1-thread-1" [_thread_blocked, id=20928, stack(0x000000e298b00000,0x000000e298c00000)]
  0x000002488f58b990 JavaThread "Worker-5" [_thread_blocked, id=25224, stack(0x000000e298c00000,0x000000e298d00000)]
  0x000002488f585960 JavaThread "Worker-6" [_thread_blocked, id=19980, stack(0x000000e298d00000,0x000000e298e00000)]
  0x000002488f584a30 JavaThread "LocalFile Deleter" daemon [_thread_blocked, id=23376, stack(0x000000e298e00000,0x000000e298f00000)]
  0x000002488f5886f0 JavaThread "LocalFile Deleter" daemon [_thread_blocked, id=10208, stack(0x000000e298f00000,0x000000e299000000)]
  0x000002488f58a550 JavaThread "LocalFile Deleter" daemon [_thread_blocked, id=25360, stack(0x000000e299000000,0x000000e299100000)]
  0x000002488f586380 JavaThread "LocalFile Deleter" daemon [_thread_blocked, id=25888, stack(0x000000e299100000,0x000000e299200000)]
  0x000002488f58aa60 JavaThread "LocalFile Deleter" daemon [_thread_blocked, id=3152, stack(0x000000e299200000,0x000000e299300000)]
  0x000002488f585e70 JavaThread "LocalFile Deleter" daemon [_thread_blocked, id=2560, stack(0x000000e299300000,0x000000e299400000)]
  0x000002488f5872b0 JavaThread "LocalFile Deleter" daemon [_thread_blocked, id=12352, stack(0x000000e299400000,0x000000e299500000)]
  0x000002488f586890 JavaThread "LocalFile Deleter" daemon [_thread_blocked, id=23892, stack(0x000000e299500000,0x000000e299600000)]
  0x000002488f586da0 JavaThread "LocalFile Deleter" daemon [_thread_blocked, id=26596, stack(0x000000e299600000,0x000000e299700000)]
  0x000002488f5877c0 JavaThread "LocalFile Deleter" daemon [_thread_blocked, id=24688, stack(0x000000e299700000,0x000000e299800000)]
  0x000002488f587cd0 JavaThread "LocalFile Deleter" daemon [_thread_blocked, id=15560, stack(0x000000e299800000,0x000000e299900000)]
  0x000002488f584f40 JavaThread "LocalFile Deleter" daemon [_thread_blocked, id=10768, stack(0x000000e299900000,0x000000e299a00000)]
  0x000002488f588c00 JavaThread "Compiler Source File Reader" daemon [_thread_blocked, id=9860, stack(0x000000e299a00000,0x000000e299b00000)]
  0x000002488f58af70 JavaThread "Compiler Source File Reader" daemon [_thread_blocked, id=1244, stack(0x000000e299b00000,0x000000e299c00000)]
  0x000002488f58a040 JavaThread "Compiler Source File Reader" daemon [_thread_blocked, id=18008, stack(0x000000e299c00000,0x000000e299d00000)]
  0x000002488f58b480 JavaThread "Compiler Source File Reader" daemon [_thread_blocked, id=24408, stack(0x000000e299d00000,0x000000e299e00000)]
  0x000002488f58c3b0 JavaThread "Compiler Source File Reader" daemon [_thread_blocked, id=2456, stack(0x000000e299e00000,0x000000e299f00000)]
  0x000002488f589110 JavaThread "Compiler Source File Reader" daemon [_thread_blocked, id=15148, stack(0x000000e299f00000,0x000000e29a000000)]
  0x000002488f589620 JavaThread "Compiler Source File Reader" daemon [_thread_blocked, id=9748, stack(0x000000e29a000000,0x000000e29a100000)]
  0x000002488f589b30 JavaThread "Compiler Source File Reader" daemon [_thread_blocked, id=5132, stack(0x000000e29a100000,0x000000e29a200000)]
  0x000002488f58bea0 JavaThread "Compiler Source File Reader" daemon [_thread_blocked, id=26616, stack(0x000000e29a200000,0x000000e29a300000)]
  0x000002488f585450 JavaThread "Compiler Source File Reader" daemon [_thread_blocked, id=1528, stack(0x000000e29a300000,0x000000e29a400000)]

Other Threads:
  0x00000248f10a7840 VMThread "VM Thread" [stack: 0x000000e295600000,0x000000e295700000] [id=26292]
  0x00000248fc7484a0 WatcherThread [stack: 0x000000e296300000,0x000000e296400000] [id=7548]
  0x00000248f1017b20 GCTaskThread "GC Thread#0" [stack: 0x000000e295500000,0x000000e295600000] [id=2100]
  0x00000248fcc82680 GCTaskThread "GC Thread#1" [stack: 0x000000e296500000,0x000000e296600000] [id=5496]
  0x00000248fcd97350 GCTaskThread "GC Thread#2" [stack: 0x000000e296600000,0x000000e296700000] [id=1348]
  0x00000248fcd97610 GCTaskThread "GC Thread#3" [stack: 0x000000e296700000,0x000000e296800000] [id=4636]
  0x00000248fcf3bee0 GCTaskThread "GC Thread#4" [stack: 0x000000e296800000,0x000000e296900000] [id=25712]
  0x00000248fce30240 GCTaskThread "GC Thread#5" [stack: 0x000000e296900000,0x000000e296a00000] [id=2352]
  0x00000248fd26b3f0 GCTaskThread "GC Thread#6" [stack: 0x000000e296a00000,0x000000e296b00000] [id=26404]
  0x00000248fd0aa030 GCTaskThread "GC Thread#7" [stack: 0x000000e296f00000,0x000000e297000000] [id=26196]
  0x00000248fd054ac0 GCTaskThread "GC Thread#8" [stack: 0x000000e297100000,0x000000e297200000] [id=17012]
  0x00000248fd014690 GCTaskThread "GC Thread#9" [stack: 0x000000e296100000,0x000000e296200000] [id=25408]

Threads with active compile tasks:
C2 CompilerThread0     5011 7249   !   4       org.eclipse.jdt.internal.compiler.classfmt.ClassFileReader::<init> (2119 bytes)
C2 CompilerThread1     5011 6594 %     4       org.eclipse.jdt.internal.core.search.indexing.BinaryIndexer::extractReferenceFromConstantPool @ 155 (358 bytes)

VM state: at safepoint (normal execution)

VM Mutex/Monitor currently owned by a thread:  ([mutex/lock_event])
[0x00000248f0ffd390] Threads_lock - owner thread: 0x00000248f10a7840
[0x00000248f0ffd0c0] Heap_lock - owner thread: 0x00000248fd64d7b0

Heap address: 0x00000000c0000000, size: 1024 MB, Compressed Oops mode: 32-bit

CDS archive(s) not mapped
Compressed class space mapped at: 0x0000000100000000-0x0000000140000000, reserved size: 1073741824
Narrow klass base: 0x0000000000000000, Narrow klass shift: 3, Narrow klass range: 0x140000000

GC Precious Log:
 CPUs: 12 total, 12 available
 Memory: 7365M
 Large Page Support: Disabled
 NUMA Support: Disabled
 Compressed Oops: Enabled (32-bit)
 Alignments: Space 512K, Generation 512K, Heap 2M
 Heap Min Capacity: 100M
 Heap Initial Capacity: 100M
 Heap Max Capacity: 1G
 Pre-touch: Disabled
 Parallel Workers: 10

Heap:
 PSYoungGen      total 22016K, used 3563K [0x00000000eab00000, 0x00000000ec500000, 0x0000000100000000)
  eden space 18432K, 0% used [0x00000000eab00000,0x00000000eab00000,0x00000000ebd00000)
  from space 3584K, 99% used [0x00000000ebe00000,0x00000000ec17ac60,0x00000000ec180000)
  to   space 3584K, 0% used [0x00000000ec180000,0x00000000ec180000,0x00000000ec500000)
 ParOldGen       total 95744K, used 84382K [0x00000000c0000000, 0x00000000c5d80000, 0x00000000eab00000)
  object space 95744K, 88% used [0x00000000c0000000,0x00000000c5267900,0x00000000c5d80000)
 Metaspace       used 59324K, committed 60352K, reserved 1114112K
  class space    used 6308K, committed 6784K, reserved 1048576K

Card table byte_map: [0x00000248f09b0000,0x00000248f0bc0000] _byte_map_base: 0x00000248f03b0000

Marking Bits: (ParMarkBitMap*) 0x00007ffc36006940
 Begin Bits: [0x00000248f3c90000, 0x00000248f4c90000)
 End Bits:   [0x00000248f4c90000, 0x00000248f5c90000)

Polling page: 0x00000248eef80000

Metaspace:

Usage:
  Non-class:     51.77 MB used.
      Class:      6.16 MB used.
       Both:     57.93 MB used.

Virtual space:
  Non-class space:       64.00 MB reserved,      52.31 MB ( 82%) committed,  1 nodes.
      Class space:        1.00 GB reserved,       6.62 MB ( <1%) committed,  1 nodes.
             Both:        1.06 GB reserved,      58.94 MB (  5%) committed. 

Chunk freelists:
   Non-Class:  10.95 MB
       Class:  9.38 MB
        Both:  20.33 MB

MaxMetaspaceSize: unlimited
CompressedClassSpaceSize: 1.00 GB
Initial GC threshold: 21.00 MB
Current GC threshold: 93.56 MB
CDS: off
MetaspaceReclaimPolicy: balanced
 - commit_granule_bytes: 65536.
 - commit_granule_words: 8192.
 - virtual_space_node_default_size: 8388608.
 - enlarge_chunks_in_place: 1.
 - new_chunks_are_fully_committed: 0.
 - uncommit_free_chunks: 1.
 - use_allocation_guard: 0.
 - handle_deallocations: 1.


Internal statistics:

num_allocs_failed_limit: 6.
num_arena_births: 620.
num_arena_deaths: 14.
num_vsnodes_births: 2.
num_vsnodes_deaths: 0.
num_space_committed: 943.
num_space_uncommitted: 0.
num_chunks_returned_to_freelist: 20.
num_chunks_taken_from_freelist: 3016.
num_chunk_merges: 11.
num_chunk_splits: 1825.
num_chunks_enlarged: 1019.
num_inconsistent_stats: 0.

CodeHeap 'non-profiled nmethods': size=120000Kb used=2450Kb max_used=2450Kb free=117549Kb
 bounds [0x0000024887ad0000, 0x0000024887d50000, 0x000002488f000000]
CodeHeap 'profiled nmethods': size=120000Kb used=13052Kb max_used=13052Kb free=106947Kb
 bounds [0x0000024880000000, 0x0000024880cc0000, 0x0000024887530000]
CodeHeap 'non-nmethods': size=5760Kb used=1342Kb max_used=1387Kb free=4417Kb
 bounds [0x0000024887530000, 0x00000248877a0000, 0x0000024887ad0000]
 total_blobs=7172 nmethods=6491 adapters=593
 compilation: enabled
              stopped_count=0, restarted_count=0
 full_count=0

Compilation events (20 events):
Event: 4.955 Thread 0x00000248fafaaa20 7490       2       org.eclipse.jdt.internal.compiler.parser.Scanner::maybeAtLambdaOrCast (126 bytes)
Event: 4.955 Thread 0x00000248fafaaa20 nmethod 7490 0x0000024880cb5f90 code [0x0000024880cb6140, 0x0000024880cb63c8]
Event: 4.955 Thread 0x00000248fafaaa20 7475       1       org.eclipse.jdt.internal.compiler.env.IModuleAwareNameEnvironment$LookupStrategy$3::matchesWithName (2 bytes)
Event: 4.955 Thread 0x00000248fafaaa20 nmethod 7475 0x0000024887c11f10 code [0x0000024887c120a0, 0x0000024887c12178]
Event: 4.955 Thread 0x00000248fafaaa20 7480       1       java.lang.Runtime$Version::version (5 bytes)
Event: 4.955 Thread 0x00000248fafaaa20 nmethod 7480 0x0000024887c11c10 code [0x0000024887c11da0, 0x0000024887c11e78]
Event: 4.955 Thread 0x00000248fafaaa20 7481       1       org.eclipse.jdt.internal.compiler.parser.Parser::getFirstToken (5 bytes)
Event: 4.955 Thread 0x00000248fafaaa20 nmethod 7481 0x0000024887c11910 code [0x0000024887c11aa0, 0x0000024887c11b78]
Event: 4.955 Thread 0x00000248fafaaa20 7483       1       lombok.core.configuration.ConfigurationKey::getType (5 bytes)
Event: 4.955 Thread 0x00000248fafaaa20 nmethod 7483 0x0000024887c11610 code [0x0000024887c117a0, 0x0000024887c11878]
Event: 4.955 Thread 0x00000248fafaaa20 7484       1       lombok.core.configuration.ConfigurationDataType::isList (5 bytes)
Event: 4.955 Thread 0x00000248fafaaa20 nmethod 7484 0x0000024887b08b90 code [0x0000024887b08d20, 0x0000024887b08df8]
Event: 4.955 Thread 0x00000248fafaaa20 7486       1       org.eclipse.jdt.internal.compiler.CompilationResult::getFileName (5 bytes)
Event: 4.956 Thread 0x00000248fafaaa20 nmethod 7486 0x0000024887b08890 code [0x0000024887b08a20, 0x0000024887b08af8]
Event: 4.965 Thread 0x00000248fafaaa20 7493   !   2       sun.net.www.protocol.jar.JarFileFactory::getOrCreate (91 bytes)
Event: 4.965 Thread 0x00000248fafaaa20 nmethod 7493 0x0000024880cb6510 code [0x0000024880cb6720, 0x0000024880cb6b58]
Event: 4.965 Thread 0x00000248fafaaa20 7494   !   2       sun.net.www.protocol.jar.JarFileFactory::get (146 bytes)
Event: 4.966 Thread 0x00000248fafaaa20 nmethod 7494 0x0000024880cb6e10 code [0x0000024880cb7040, 0x0000024880cb75c8]
Event: 4.968 Thread 0x00000248fafaaa20 7495       2       java.net.JarURLConnection::parseSpecs (134 bytes)
Event: 4.969 Thread 0x00000248fafaaa20 nmethod 7495 0x0000024880cb7990 code [0x0000024880cb7be0, 0x0000024880cb8268]

GC Heap History (20 events):
Event: 4.384 GC heap before
{Heap before GC invocations=31 (full 2):
 PSYoungGen      total 20992K, used 20962K [0x00000000eab00000, 0x00000000ecb00000, 0x0000000100000000)
  eden space 18432K, 100% used [0x00000000eab00000,0x00000000ebd00000,0x00000000ebd00000)
  from space 2560K, 98% used [0x00000000ec380000,0x00000000ec5f8818,0x00000000ec600000)
  to   space 6656K, 0% used [0x00000000ebd00000,0x00000000ebd00000,0x00000000ec380000)
 ParOldGen       total 68608K, used 57540K [0x00000000c0000000, 0x00000000c4300000, 0x00000000eab00000)
  object space 68608K, 83% used [0x00000000c0000000,0x00000000c3831348,0x00000000c4300000)
 Metaspace       used 54275K, committed 55296K, reserved 1114112K
  class space    used 5761K, committed 6272K, reserved 1048576K
}
Event: 4.387 GC heap after
{Heap after GC invocations=31 (full 2):
 PSYoungGen      total 20992K, used 2501K [0x00000000eab00000, 0x00000000ec500000, 0x0000000100000000)
  eden space 18432K, 0% used [0x00000000eab00000,0x00000000eab00000,0x00000000ebd00000)
  from space 2560K, 97% used [0x00000000ebd00000,0x00000000ebf717a0,0x00000000ebf80000)
  to   space 4096K, 0% used [0x00000000ec100000,0x00000000ec100000,0x00000000ec500000)
 ParOldGen       total 68608K, used 60041K [0x00000000c0000000, 0x00000000c4300000, 0x00000000eab00000)
  object space 68608K, 87% used [0x00000000c0000000,0x00000000c3aa2628,0x00000000c4300000)
 Metaspace       used 54275K, committed 55296K, reserved 1114112K
  class space    used 5761K, committed 6272K, reserved 1048576K
}
Event: 4.449 GC heap before
{Heap before GC invocations=32 (full 2):
 PSYoungGen      total 20992K, used 20933K [0x00000000eab00000, 0x00000000ec500000, 0x0000000100000000)
  eden space 18432K, 100% used [0x00000000eab00000,0x00000000ebd00000,0x00000000ebd00000)
  from space 2560K, 97% used [0x00000000ebd00000,0x00000000ebf717a0,0x00000000ebf80000)
  to   space 4096K, 0% used [0x00000000ec100000,0x00000000ec100000,0x00000000ec500000)
 ParOldGen       total 68608K, used 60041K [0x00000000c0000000, 0x00000000c4300000, 0x00000000eab00000)
  object space 68608K, 87% used [0x00000000c0000000,0x00000000c3aa2628,0x00000000c4300000)
 Metaspace       used 54948K, committed 56000K, reserved 1114112K
  class space    used 5829K, committed 6336K, reserved 1048576K
}
Event: 4.452 GC heap after
{Heap after GC invocations=32 (full 2):
 PSYoungGen      total 21504K, used 3070K [0x00000000eab00000, 0x00000000ec400000, 0x0000000100000000)
  eden space 18432K, 0% used [0x00000000eab00000,0x00000000eab00000,0x00000000ebd00000)
  from space 3072K, 99% used [0x00000000ec100000,0x00000000ec3ffab8,0x00000000ec400000)
  to   space 3584K, 0% used [0x00000000ebd00000,0x00000000ebd00000,0x00000000ec080000)
 ParOldGen       total 68608K, used 62323K [0x00000000c0000000, 0x00000000c4300000, 0x00000000eab00000)
  object space 68608K, 90% used [0x00000000c0000000,0x00000000c3cdcd18,0x00000000c4300000)
 Metaspace       used 54948K, committed 56000K, reserved 1114112K
  class space    used 5829K, committed 6336K, reserved 1048576K
}
Event: 4.516 GC heap before
{Heap before GC invocations=33 (full 2):
 PSYoungGen      total 21504K, used 21502K [0x00000000eab00000, 0x00000000ec400000, 0x0000000100000000)
  eden space 18432K, 100% used [0x00000000eab00000,0x00000000ebd00000,0x00000000ebd00000)
  from space 3072K, 99% used [0x00000000ec100000,0x00000000ec3ffab8,0x00000000ec400000)
  to   space 3584K, 0% used [0x00000000ebd00000,0x00000000ebd00000,0x00000000ec080000)
 ParOldGen       total 68608K, used 62323K [0x00000000c0000000, 0x00000000c4300000, 0x00000000eab00000)
  object space 68608K, 90% used [0x00000000c0000000,0x00000000c3cdcd18,0x00000000c4300000)
 Metaspace       used 55558K, committed 56576K, reserved 1114112K
  class space    used 5901K, committed 6400K, reserved 1048576K
}
Event: 4.519 GC heap after
{Heap after GC invocations=33 (full 2):
 PSYoungGen      total 22016K, used 3582K [0x00000000eab00000, 0x00000000ecb00000, 0x0000000100000000)
  eden space 18432K, 0% used [0x00000000eab00000,0x00000000eab00000,0x00000000ebd00000)
  from space 3584K, 99% used [0x00000000ebd00000,0x00000000ec07f918,0x00000000ec080000)
  to   space 7168K, 0% used [0x00000000ec400000,0x00000000ec400000,0x00000000ecb00000)
 ParOldGen       total 68608K, used 65197K [0x00000000c0000000, 0x00000000c4300000, 0x00000000eab00000)
  object space 68608K, 95% used [0x00000000c0000000,0x00000000c3fab5a0,0x00000000c4300000)
 Metaspace       used 55558K, committed 56576K, reserved 1114112K
  class space    used 5901K, committed 6400K, reserved 1048576K
}
Event: 4.569 GC heap before
{Heap before GC invocations=34 (full 2):
 PSYoungGen      total 22016K, used 22014K [0x00000000eab00000, 0x00000000ecb00000, 0x0000000100000000)
  eden space 18432K, 100% used [0x00000000eab00000,0x00000000ebd00000,0x00000000ebd00000)
  from space 3584K, 99% used [0x00000000ebd00000,0x00000000ec07f918,0x00000000ec080000)
  to   space 7168K, 0% used [0x00000000ec400000,0x00000000ec400000,0x00000000ecb00000)
 ParOldGen       total 68608K, used 65197K [0x00000000c0000000, 0x00000000c4300000, 0x00000000eab00000)
  object space 68608K, 95% used [0x00000000c0000000,0x00000000c3fab5a0,0x00000000c4300000)
 Metaspace       used 55947K, committed 56960K, reserved 1114112K
  class space    used 5966K, committed 6464K, reserved 1048576K
}
Event: 4.573 GC heap after
{Heap after GC invocations=34 (full 2):
 PSYoungGen      total 21504K, used 3050K [0x00000000eab00000, 0x00000000ec700000, 0x0000000100000000)
  eden space 18432K, 0% used [0x00000000eab00000,0x00000000eab00000,0x00000000ebd00000)
  from space 3072K, 99% used [0x00000000ec400000,0x00000000ec6fa868,0x00000000ec700000)
  to   space 4608K, 0% used [0x00000000ebe00000,0x00000000ebe00000,0x00000000ec280000)
 ParOldGen       total 68608K, used 68575K [0x00000000c0000000, 0x00000000c4300000, 0x00000000eab00000)
  object space 68608K, 99% used [0x00000000c0000000,0x00000000c42f7d68,0x00000000c4300000)
 Metaspace       used 55947K, committed 56960K, reserved 1114112K
  class space    used 5966K, committed 6464K, reserved 1048576K
}
Event: 4.620 GC heap before
{Heap before GC invocations=35 (full 3):
 PSYoungGen      total 21504K, used 21482K [0x00000000eab00000, 0x00000000ec700000, 0x0000000100000000)
  eden space 18432K, 100% used [0x00000000eab00000,0x00000000ebd00000,0x00000000ebd00000)
  from space 3072K, 99% used [0x00000000ec400000,0x00000000ec6fa868,0x00000000ec700000)
  to   space 4608K, 0% used [0x00000000ebe00000,0x00000000ebe00000,0x00000000ec280000)
 ParOldGen       total 68608K, used 68575K [0x00000000c0000000, 0x00000000c4300000, 0x00000000eab00000)
  object space 68608K, 99% used [0x00000000c0000000,0x00000000c42f7d68,0x00000000c4300000)
 Metaspace       used 56425K, committed 57472K, reserved 1114112K
  class space    used 6028K, committed 6528K, reserved 1048576K
}
Event: 4.673 GC heap after
{Heap after GC invocations=35 (full 3):
 PSYoungGen      total 18944K, used 0K [0x00000000eab00000, 0x00000000ec600000, 0x0000000100000000)
  eden space 18432K, 0% used [0x00000000eab00000,0x00000000eab00000,0x00000000ebd00000)
  from space 512K, 0% used [0x00000000ebe00000,0x00000000ebe00000,0x00000000ebe80000)
  to   space 4608K, 0% used [0x00000000ec180000,0x00000000ec180000,0x00000000ec600000)
 ParOldGen       total 95744K, used 67050K [0x00000000c0000000, 0x00000000c5d80000, 0x00000000eab00000)
  object space 95744K, 70% used [0x00000000c0000000,0x00000000c417a8a0,0x00000000c5d80000)
 Metaspace       used 56425K, committed 57472K, reserved 1114112K
  class space    used 6028K, committed 6528K, reserved 1048576K
}
Event: 4.716 GC heap before
{Heap before GC invocations=36 (full 3):
 PSYoungGen      total 18944K, used 18432K [0x00000000eab00000, 0x00000000ec600000, 0x0000000100000000)
  eden space 18432K, 100% used [0x00000000eab00000,0x00000000ebd00000,0x00000000ebd00000)
  from space 512K, 0% used [0x00000000ebe00000,0x00000000ebe00000,0x00000000ebe80000)
  to   space 4608K, 0% used [0x00000000ec180000,0x00000000ec180000,0x00000000ec600000)
 ParOldGen       total 95744K, used 67050K [0x00000000c0000000, 0x00000000c5d80000, 0x00000000eab00000)
  object space 95744K, 70% used [0x00000000c0000000,0x00000000c417a8a0,0x00000000c5d80000)
 Metaspace       used 56944K, committed 58048K, reserved 1114112K
  class space    used 6105K, committed 6656K, reserved 1048576K
}
Event: 4.718 GC heap after
{Heap after GC invocations=36 (full 3):
 PSYoungGen      total 21504K, used 3052K [0x00000000eab00000, 0x00000000ec480000, 0x0000000100000000)
  eden space 18432K, 0% used [0x00000000eab00000,0x00000000eab00000,0x00000000ebd00000)
  from space 3072K, 99% used [0x00000000ec180000,0x00000000ec47b020,0x00000000ec480000)
  to   space 3584K, 0% used [0x00000000ebd80000,0x00000000ebd80000,0x00000000ec100000)
 ParOldGen       total 95744K, used 67058K [0x00000000c0000000, 0x00000000c5d80000, 0x00000000eab00000)
  object space 95744K, 70% used [0x00000000c0000000,0x00000000c417c8a0,0x00000000c5d80000)
 Metaspace       used 56944K, committed 58048K, reserved 1114112K
  class space    used 6105K, committed 6656K, reserved 1048576K
}
Event: 4.766 GC heap before
{Heap before GC invocations=37 (full 3):
 PSYoungGen      total 21504K, used 21484K [0x00000000eab00000, 0x00000000ec480000, 0x0000000100000000)
  eden space 18432K, 100% used [0x00000000eab00000,0x00000000ebd00000,0x00000000ebd00000)
  from space 3072K, 99% used [0x00000000ec180000,0x00000000ec47b020,0x00000000ec480000)
  to   space 3584K, 0% used [0x00000000ebd80000,0x00000000ebd80000,0x00000000ec100000)
 ParOldGen       total 95744K, used 67058K [0x00000000c0000000, 0x00000000c5d80000, 0x00000000eab00000)
  object space 95744K, 70% used [0x00000000c0000000,0x00000000c417c8a0,0x00000000c5d80000)
 Metaspace       used 57547K, committed 58688K, reserved 1114112K
  class space    used 6153K, committed 6720K, reserved 1048576K
}
Event: 4.769 GC heap after
{Heap after GC invocations=37 (full 3):
 PSYoungGen      total 22016K, used 3573K [0x00000000eab00000, 0x00000000ecb00000, 0x0000000100000000)
  eden space 18432K, 0% used [0x00000000eab00000,0x00000000eab00000,0x00000000ebd00000)
  from space 3584K, 99% used [0x00000000ebd80000,0x00000000ec0fd640,0x00000000ec100000)
  to   space 7168K, 0% used [0x00000000ec400000,0x00000000ec400000,0x00000000ecb00000)
 ParOldGen       total 95744K, used 69903K [0x00000000c0000000, 0x00000000c5d80000, 0x00000000eab00000)
  object space 95744K, 73% used [0x00000000c0000000,0x00000000c4443e00,0x00000000c5d80000)
 Metaspace       used 57547K, committed 58688K, reserved 1114112K
  class space    used 6153K, committed 6720K, reserved 1048576K
}
Event: 4.822 GC heap before
{Heap before GC invocations=38 (full 3):
 PSYoungGen      total 22016K, used 22005K [0x00000000eab00000, 0x00000000ecb00000, 0x0000000100000000)
  eden space 18432K, 100% used [0x00000000eab00000,0x00000000ebd00000,0x00000000ebd00000)
  from space 3584K, 99% used [0x00000000ebd80000,0x00000000ec0fd640,0x00000000ec100000)
  to   space 7168K, 0% used [0x00000000ec400000,0x00000000ec400000,0x00000000ecb00000)
 ParOldGen       total 95744K, used 69903K [0x00000000c0000000, 0x00000000c5d80000, 0x00000000eab00000)
  object space 95744K, 73% used [0x00000000c0000000,0x00000000c4443e00,0x00000000c5d80000)
 Metaspace       used 58351K, committed 59456K, reserved 1114112K
  class space    used 6214K, committed 6784K, reserved 1048576K
}
Event: 4.825 GC heap after
{Heap after GC invocations=38 (full 3):
 PSYoungGen      total 22528K, used 3920K [0x00000000eab00000, 0x00000000ec800000, 0x0000000100000000)
  eden space 18432K, 0% used [0x00000000eab00000,0x00000000eab00000,0x00000000ebd00000)
  from space 4096K, 95% used [0x00000000ec400000,0x00000000ec7d41b0,0x00000000ec800000)
  to   space 5120K, 0% used [0x00000000ebe00000,0x00000000ebe00000,0x00000000ec300000)
 ParOldGen       total 95744K, used 73326K [0x00000000c0000000, 0x00000000c5d80000, 0x00000000eab00000)
  object space 95744K, 76% used [0x00000000c0000000,0x00000000c479ba70,0x00000000c5d80000)
 Metaspace       used 58351K, committed 59456K, reserved 1114112K
  class space    used 6214K, committed 6784K, reserved 1048576K
}
Event: 4.887 GC heap before
{Heap before GC invocations=39 (full 3):
 PSYoungGen      total 22528K, used 22352K [0x00000000eab00000, 0x00000000ec800000, 0x0000000100000000)
  eden space 18432K, 100% used [0x00000000eab00000,0x00000000ebd00000,0x00000000ebd00000)
  from space 4096K, 95% used [0x00000000ec400000,0x00000000ec7d41b0,0x00000000ec800000)
  to   space 5120K, 0% used [0x00000000ebe00000,0x00000000ebe00000,0x00000000ec300000)
 ParOldGen       total 95744K, used 73326K [0x00000000c0000000, 0x00000000c5d80000, 0x00000000eab00000)
  object space 95744K, 76% used [0x00000000c0000000,0x00000000c479ba70,0x00000000c5d80000)
 Metaspace       used 58898K, committed 59968K, reserved 1114112K
  class space    used 6283K, committed 6784K, reserved 1048576K
}
Event: 4.890 GC heap after
{Heap after GC invocations=39 (full 3):
 PSYoungGen      total 22016K, used 3397K [0x00000000eab00000, 0x00000000ec500000, 0x0000000100000000)
  eden space 18432K, 0% used [0x00000000eab00000,0x00000000eab00000,0x00000000ebd00000)
  from space 3584K, 94% used [0x00000000ebe00000,0x00000000ec151508,0x00000000ec180000)
  to   space 3584K, 0% used [0x00000000ec180000,0x00000000ec180000,0x00000000ec500000)
 ParOldGen       total 95744K, used 77023K [0x00000000c0000000, 0x00000000c5d80000, 0x00000000eab00000)
  object space 95744K, 80% used [0x00000000c0000000,0x00000000c4b37f10,0x00000000c5d80000)
 Metaspace       used 58898K, committed 59968K, reserved 1114112K
  class space    used 6283K, committed 6784K, reserved 1048576K
}
Event: 4.959 GC heap before
{Heap before GC invocations=40 (full 3):
 PSYoungGen      total 22016K, used 21829K [0x00000000eab00000, 0x00000000ec500000, 0x0000000100000000)
  eden space 18432K, 100% used [0x00000000eab00000,0x00000000ebd00000,0x00000000ebd00000)
  from space 3584K, 94% used [0x00000000ebe00000,0x00000000ec151508,0x00000000ec180000)
  to   space 3584K, 0% used [0x00000000ec180000,0x00000000ec180000,0x00000000ec500000)
 ParOldGen       total 95744K, used 77023K [0x00000000c0000000, 0x00000000c5d80000, 0x00000000eab00000)
  object space 95744K, 80% used [0x00000000c0000000,0x00000000c4b37f10,0x00000000c5d80000)
 Metaspace       used 59055K, committed 60096K, reserved 1114112K
  class space    used 6291K, committed 6784K, reserved 1048576K
}
Event: 4.964 GC heap after
{Heap after GC invocations=40 (full 3):
 PSYoungGen      total 22016K, used 3566K [0x00000000eab00000, 0x00000000ec500000, 0x0000000100000000)
  eden space 18432K, 0% used [0x00000000eab00000,0x00000000eab00000,0x00000000ebd00000)
  from space 3584K, 99% used [0x00000000ec180000,0x00000000ec4fb890,0x00000000ec500000)
  to   space 3584K, 0% used [0x00000000ebe00000,0x00000000ebe00000,0x00000000ec180000)
 ParOldGen       total 95744K, used 80986K [0x00000000c0000000, 0x00000000c5d80000, 0x00000000eab00000)
  object space 95744K, 84% used [0x00000000c0000000,0x00000000c4f16990,0x00000000c5d80000)
 Metaspace       used 59055K, committed 60096K, reserved 1114112K
  class space    used 6291K, committed 6784K, reserved 1048576K
}

Dll operation events (10 events):
Event: 0.012 Loaded shared library c:\Users\yenho\.vscode\extensions\redhat.java-1.38.0-win32-x64\jre\17.0.13-win32-x86_64\bin\java.dll
Event: 0.141 Loaded shared library c:\Users\yenho\.vscode\extensions\redhat.java-1.38.0-win32-x64\jre\17.0.13-win32-x86_64\bin\zip.dll
Event: 0.148 Loaded shared library C:\Users\yenho\.vscode\extensions\redhat.java-1.38.0-win32-x64\jre\17.0.13-win32-x86_64\bin\instrument.dll
Event: 0.160 Loaded shared library C:\Users\yenho\.vscode\extensions\redhat.java-1.38.0-win32-x64\jre\17.0.13-win32-x86_64\bin\net.dll
Event: 0.162 Loaded shared library C:\Users\yenho\.vscode\extensions\redhat.java-1.38.0-win32-x64\jre\17.0.13-win32-x86_64\bin\nio.dll
Event: 0.172 Loaded shared library C:\Users\yenho\.vscode\extensions\redhat.java-1.38.0-win32-x64\jre\17.0.13-win32-x86_64\bin\zip.dll
Event: 0.193 Loaded shared library C:\Users\yenho\.vscode\extensions\redhat.java-1.38.0-win32-x64\jre\17.0.13-win32-x86_64\bin\jimage.dll
Event: 0.251 Loaded shared library c:\Users\yenho\.vscode\extensions\redhat.java-1.38.0-win32-x64\jre\17.0.13-win32-x86_64\bin\verify.dll
Event: 0.939 Loaded shared library C:\Users\yenho\AppData\Roaming\Code\User\globalStorage\redhat.java\1.38.0\config_win\org.eclipse.equinox.launcher\org.eclipse.equinox.launcher.win32.win32.x86_64_1.2.1100.v20240722-2106\eclipse_11904.dll
Event: 2.178 Loaded shared library C:\Users\yenho\AppData\Local\Temp\jna-114863977\jna3459652096743661048.dll

Deoptimization events (20 events):
Event: 4.950 Thread 0x00000248fd64fb20 DEOPT PACKING pc=0x000002488077fd47 sp=0x000000e2978fe7c0
Event: 4.950 Thread 0x00000248fd64fb20 DEOPT UNPACKING pc=0x0000024887586e43 sp=0x000000e2978fdc58 mode 0
Event: 4.954 Thread 0x000002488f588c00 DEOPT PACKING pc=0x00000248808bcaac sp=0x000000e299afe260
Event: 4.954 Thread 0x000002488f588c00 DEOPT UNPACKING pc=0x0000024887586e43 sp=0x000000e299afd7e0 mode 0
Event: 4.956 Thread 0x00000248fd64fb20 DEOPT PACKING pc=0x0000024880b03605 sp=0x000000e2978fe700
Event: 4.956 Thread 0x00000248fd64fb20 DEOPT UNPACKING pc=0x0000024887586e43 sp=0x000000e2978fdc88 mode 0
Event: 4.968 Thread 0x00000248fd64fb20 DEOPT PACKING pc=0x0000024880afb060 sp=0x000000e2978fe740
Event: 4.968 Thread 0x00000248fd64fb20 DEOPT UNPACKING pc=0x0000024887586e43 sp=0x000000e2978fdca8 mode 0
Event: 4.969 Thread 0x00000248fd64d7b0 DEOPT PACKING pc=0x00000248807eeba1 sp=0x000000e2988fc480
Event: 4.969 Thread 0x00000248fd64d7b0 DEOPT UNPACKING pc=0x0000024887586e43 sp=0x000000e2988fb920 mode 0
Event: 4.969 Thread 0x00000248fd64fb20 DEOPT PACKING pc=0x0000024880b03605 sp=0x000000e2978fe700
Event: 4.969 Thread 0x00000248fd64fb20 DEOPT UNPACKING pc=0x0000024887586e43 sp=0x000000e2978fdc88 mode 0
Event: 4.970 Thread 0x00000248fd64fb20 DEOPT PACKING pc=0x000002488077fd47 sp=0x000000e2978fe7c0
Event: 4.970 Thread 0x00000248fd64fb20 DEOPT UNPACKING pc=0x0000024887586e43 sp=0x000000e2978fdc58 mode 0
Event: 4.974 Thread 0x00000248fd64fb20 DEOPT PACKING pc=0x0000024880b03605 sp=0x000000e2978fe700
Event: 4.974 Thread 0x00000248fd64fb20 DEOPT UNPACKING pc=0x0000024887586e43 sp=0x000000e2978fdc88 mode 0
Event: 4.983 Thread 0x00000248fd64fb20 DEOPT PACKING pc=0x0000024880b03605 sp=0x000000e2978fe700
Event: 4.983 Thread 0x00000248fd64fb20 DEOPT UNPACKING pc=0x0000024887586e43 sp=0x000000e2978fdc88 mode 0
Event: 4.985 Thread 0x00000248fd64fb20 DEOPT PACKING pc=0x000002488077fd47 sp=0x000000e2978fe7c0
Event: 4.986 Thread 0x00000248fd64fb20 DEOPT UNPACKING pc=0x0000024887586e43 sp=0x000000e2978fdc58 mode 0

Classes loaded (20 events):
Event: 4.829 Loading class jdk/internal/math/FDBigInteger
Event: 4.830 Loading class jdk/internal/math/FDBigInteger done
Event: 4.859 Loading class java/util/regex/Pattern$Pos
Event: 4.859 Loading class java/util/regex/Pattern$Pos done
Event: 4.881 Loading class sun/security/provider/MD5
Event: 4.881 Loading class sun/security/provider/MD5 done
Event: 4.881 Loading class sun/security/provider/ByteArrayAccess$LE
Event: 4.881 Loading class sun/security/provider/ByteArrayAccess$LE done
Event: 4.883 Loading class java/util/AbstractList$RandomAccessSpliterator
Event: 4.883 Loading class java/util/AbstractList$RandomAccessSpliterator done
Event: 4.885 Loading class java/util/stream/MatchOps$MatchKind
Event: 4.885 Loading class java/util/stream/MatchOps$MatchKind done
Event: 4.885 Loading class java/util/stream/MatchOps
Event: 4.885 Loading class java/util/stream/MatchOps done
Event: 4.885 Loading class java/util/stream/MatchOps$MatchOp
Event: 4.886 Loading class java/util/stream/MatchOps$MatchOp done
Event: 4.886 Loading class java/util/stream/MatchOps$BooleanTerminalSink
Event: 4.886 Loading class java/util/stream/MatchOps$BooleanTerminalSink done
Event: 4.886 Loading class java/util/stream/MatchOps$1MatchSink
Event: 4.890 Loading class java/util/stream/MatchOps$1MatchSink done

Classes unloaded (7 events):
Event: 2.973 Thread 0x00000248f10a7840 Unloading class 0x0000000100258000 'java/lang/invoke/LambdaForm$MH+0x0000000100258000'
Event: 2.973 Thread 0x00000248f10a7840 Unloading class 0x0000000100257c00 'java/lang/invoke/LambdaForm$MH+0x0000000100257c00'
Event: 2.973 Thread 0x00000248f10a7840 Unloading class 0x0000000100257800 'java/lang/invoke/LambdaForm$MH+0x0000000100257800'
Event: 2.973 Thread 0x00000248f10a7840 Unloading class 0x0000000100257400 'java/lang/invoke/LambdaForm$MH+0x0000000100257400'
Event: 2.973 Thread 0x00000248f10a7840 Unloading class 0x0000000100257000 'java/lang/invoke/LambdaForm$BMH+0x0000000100257000'
Event: 2.973 Thread 0x00000248f10a7840 Unloading class 0x0000000100256c00 'java/lang/invoke/LambdaForm$DMH+0x0000000100256c00'
Event: 2.973 Thread 0x00000248f10a7840 Unloading class 0x0000000100254400 'java/lang/invoke/LambdaForm$DMH+0x0000000100254400'

Classes redefined (0 events):
No events

Internal exceptions (20 events):
Event: 3.780 Thread 0x00000248fd64d7b0 Exception <a 'java/io/FileNotFoundException'{0x00000000eb689630}> (0x00000000eb689630) 
thrown [s\src\hotspot\share\prims\jni.cpp, line 516]
Event: 3.792 Thread 0x00000248fd64d7b0 Exception <a 'java/lang/NoSuchMethodError'{0x00000000ebb2c388}: 'java.lang.Object java.lang.invoke.DirectMethodHandle$Holder.invokeVirtual(java.lang.Object, java.lang.Object, java.lang.Object)'> (0x00000000ebb2c388) 
thrown [s\src\hotspot\share\interpreter\linkResolver.cpp, line 759]
Event: 3.792 Thread 0x00000248fd64fb20 Implicit null exception at 0x0000024887d107ac to 0x0000024887d1089c
Event: 3.952 Thread 0x00000248fd64d7b0 Exception <a 'sun/nio/fs/WindowsException'{0x00000000eb2cf600}> (0x00000000eb2cf600) 
thrown [s\src\hotspot\share\prims\jni.cpp, line 516]
Event: 3.952 Thread 0x00000248fd64d7b0 Exception <a 'sun/nio/fs/WindowsException'{0x00000000eb2cfc38}> (0x00000000eb2cfc38) 
thrown [s\src\hotspot\share\prims\jni.cpp, line 516]
Event: 3.979 Thread 0x00000248fd64d7b0 Exception <a 'sun/nio/fs/WindowsException'{0x00000000ebd2e808}> (0x00000000ebd2e808) 
thrown [s\src\hotspot\share\prims\jni.cpp, line 516]
Event: 3.987 Thread 0x000002488f584a30 Exception <a 'sun/nio/fs/WindowsException'{0x00000000eab84250}> (0x00000000eab84250) 
thrown [s\src\hotspot\share\prims\jni.cpp, line 516]
Event: 3.987 Thread 0x000002488f5886f0 Exception <a 'sun/nio/fs/WindowsException'{0x00000000eabdb058}> (0x00000000eabdb058) 
thrown [s\src\hotspot\share\prims\jni.cpp, line 516]
Event: 3.987 Thread 0x000002488f58a550 Exception <a 'sun/nio/fs/WindowsException'{0x00000000eabeb480}> (0x00000000eabeb480) 
thrown [s\src\hotspot\share\prims\jni.cpp, line 516]
Event: 3.988 Thread 0x000002488f586380 Exception <a 'sun/nio/fs/WindowsException'{0x00000000eac2b388}> (0x00000000eac2b388) 
thrown [s\src\hotspot\share\prims\jni.cpp, line 516]
Event: 3.988 Thread 0x000002488f584a30 Exception <a 'sun/nio/fs/WindowsException'{0x00000000eab8a9f8}> (0x00000000eab8a9f8) 
thrown [s\src\hotspot\share\prims\jni.cpp, line 516]
Event: 3.989 Thread 0x000002488f585e70 Exception <a 'sun/nio/fs/WindowsException'{0x00000000eac4c620}> (0x00000000eac4c620) 
thrown [s\src\hotspot\share\prims\jni.cpp, line 516]
Event: 3.990 Thread 0x000002488f586da0 Exception <a 'sun/nio/fs/WindowsException'{0x00000000eac8b058}> (0x00000000eac8b058) 
thrown [s\src\hotspot\share\prims\jni.cpp, line 516]
Event: 3.990 Thread 0x000002488f585e70 Exception <a 'sun/nio/fs/WindowsException'{0x00000000eac4eea0}> (0x00000000eac4eea0) 
thrown [s\src\hotspot\share\prims\jni.cpp, line 516]
Event: 3.991 Thread 0x000002488f586da0 Exception <a 'sun/nio/fs/WindowsException'{0x00000000eac8c5f8}> (0x00000000eac8c5f8) 
thrown [s\src\hotspot\share\prims\jni.cpp, line 516]
Event: 4.402 Thread 0x00000248fd64c370 Exception <a 'java/lang/ExceptionInInitializerError'{0x00000000eacd2e80}> (0x00000000eacd2e80) 
thrown [s\src\hotspot\share\oops\instanceKlass.cpp, line 1218]
Event: 4.427 Thread 0x00000248fd64c370 Implicit null exception at 0x0000024887bf4aaf to 0x0000024887bf4c3c
Event: 4.427 Thread 0x00000248fd64c370 Implicit null exception at 0x0000024887b68609 to 0x0000024887b699ac
Event: 4.429 Thread 0x00000248fd64c370 Exception <a 'java/lang/NoSuchMethodError'{0x00000000eb666e70}: 'java.lang.Object java.lang.invoke.Invokers$Holder.invokeExact_MT(java.lang.Object, int, java.lang.Object)'> (0x00000000eb666e70) 
thrown [s\src\hotspot\share\interpreter\linkResolver.cpp, line 759]
Event: 4.704 Thread 0x00000248fd64c370 Exception <a 'java/lang/NoClassDefFoundError'{0x00000000eb8225e0}: com/google/inject/servlet/ServletModuleTargetVisitor> (0x00000000eb8225e0) 
thrown [s\src\hotspot\share\classfile\systemDictionary.cpp, line 245]

VM Operations (20 events):
Event: 4.516 Executing VM operation: ParallelGCFailedAllocation
Event: 4.519 Executing VM operation: ParallelGCFailedAllocation done
Event: 4.569 Executing VM operation: ParallelGCFailedAllocation
Event: 4.573 Executing VM operation: ParallelGCFailedAllocation done
Event: 4.619 Executing VM operation: ParallelGCFailedAllocation
Event: 4.673 Executing VM operation: ParallelGCFailedAllocation done
Event: 4.716 Executing VM operation: ParallelGCFailedAllocation
Event: 4.718 Executing VM operation: ParallelGCFailedAllocation done
Event: 4.765 Executing VM operation: HandshakeAllThreads
Event: 4.765 Executing VM operation: HandshakeAllThreads done
Event: 4.766 Executing VM operation: HandshakeAllThreads
Event: 4.766 Executing VM operation: HandshakeAllThreads done
Event: 4.766 Executing VM operation: ParallelGCFailedAllocation
Event: 4.769 Executing VM operation: ParallelGCFailedAllocation done
Event: 4.822 Executing VM operation: ParallelGCFailedAllocation
Event: 4.825 Executing VM operation: ParallelGCFailedAllocation done
Event: 4.887 Executing VM operation: ParallelGCFailedAllocation
Event: 4.890 Executing VM operation: ParallelGCFailedAllocation done
Event: 4.959 Executing VM operation: ParallelGCFailedAllocation
Event: 4.964 Executing VM operation: ParallelGCFailedAllocation done

Memory protections (0 events):
No events

Nmethod flushes (20 events):
Event: 3.755 Thread 0x00000248f5e8ab10 flushing  nmethod 0x0000024880a4c810
Event: 3.755 Thread 0x00000248f5e8ab10 flushing  nmethod 0x0000024880a4ce90
Event: 3.755 Thread 0x00000248f5e8ab10 flushing  nmethod 0x0000024880a4d990
Event: 3.755 Thread 0x00000248f5e8ab10 flushing  nmethod 0x0000024880a4e790
Event: 3.755 Thread 0x00000248f5e8ab10 flushing  nmethod 0x0000024880a50690
Event: 3.755 Thread 0x00000248f5e8ab10 flushing  nmethod 0x0000024880a50e10
Event: 3.755 Thread 0x00000248f5e8ab10 flushing  nmethod 0x0000024880a51910
Event: 3.755 Thread 0x00000248f5e8ab10 flushing  nmethod 0x0000024880a53410
Event: 3.755 Thread 0x00000248f5e8ab10 flushing  nmethod 0x0000024880a53890
Event: 3.755 Thread 0x00000248f5e8ab10 flushing  nmethod 0x0000024880a54a10
Event: 3.755 Thread 0x00000248f5e8ab10 flushing  nmethod 0x0000024880a57990
Event: 3.755 Thread 0x00000248f5e8ab10 flushing  nmethod 0x0000024880a5b610
Event: 3.755 Thread 0x00000248f5e8ab10 flushing  nmethod 0x0000024880a5ce90
Event: 3.755 Thread 0x00000248f5e8ab10 flushing  nmethod 0x0000024880a5df10
Event: 3.755 Thread 0x00000248f5e8ab10 flushing  nmethod 0x0000024880a60490
Event: 3.755 Thread 0x00000248f5e8ab10 flushing  nmethod 0x0000024880a68590
Event: 3.755 Thread 0x00000248f5e8ab10 flushing  nmethod 0x0000024880a6f290
Event: 3.755 Thread 0x00000248f5e8ab10 flushing  nmethod 0x0000024880a72090
Event: 3.756 Thread 0x00000248f5e8ab10 flushing  nmethod 0x0000024880ab2210
Event: 3.756 Thread 0x00000248f5e8ab10 flushing  nmethod 0x0000024880acf210

Events (20 events):
Event: 3.987 Thread 0x000002488f5886f0 Thread added: 0x000002488f58a550
Event: 3.987 Thread 0x000002488f584a30 Thread added: 0x000002488f586380
Event: 3.987 Thread 0x000002488f5886f0 Thread added: 0x000002488f58aa60
Event: 3.988 Thread 0x000002488f58a550 Thread added: 0x000002488f585e70
Event: 3.988 Thread 0x000002488f5886f0 Thread added: 0x000002488f5872b0
Event: 3.989 Thread 0x000002488f586380 Thread added: 0x000002488f586890
Event: 3.989 Thread 0x000002488f584a30 Thread added: 0x000002488f586da0
Event: 3.989 Thread 0x000002488f585e70 Thread added: 0x000002488f5877c0
Event: 3.989 Thread 0x000002488f58a550 Thread added: 0x000002488f587cd0
Event: 3.989 Thread 0x000002488f586380 Thread added: 0x000002488f584f40
Event: 4.144 Thread 0x00000248fd64d7b0 Thread added: 0x000002488f588c00
Event: 4.144 Thread 0x00000248fd64d7b0 Thread added: 0x000002488f58af70
Event: 4.144 Thread 0x00000248fd64d7b0 Thread added: 0x000002488f58a040
Event: 4.145 Thread 0x00000248fd64d7b0 Thread added: 0x000002488f58b480
Event: 4.145 Thread 0x00000248fd64d7b0 Thread added: 0x000002488f58c3b0
Event: 4.145 Thread 0x000002488f58b480 Thread added: 0x000002488f589110
Event: 4.145 Thread 0x000002488f58af70 Thread added: 0x000002488f589620
Event: 4.145 Thread 0x000002488f58c3b0 Thread added: 0x000002488f589b30
Event: 4.145 Thread 0x000002488f588c00 Thread added: 0x000002488f58bea0
Event: 4.145 Thread 0x000002488f589110 Thread added: 0x000002488f585450


Dynamic libraries:
0x00007ff7505a0000 - 0x00007ff7505ae000 	c:\Users\yenho\.vscode\extensions\redhat.java-1.38.0-win32-x64\jre\17.0.13-win32-x86_64\bin\java.exe
0x00007ffca76b0000 - 0x00007ffca78c7000 	C:\Windows\SYSTEM32\ntdll.dll
0x00007ffca6cb0000 - 0x00007ffca6d74000 	C:\Windows\System32\KERNEL32.DLL
0x00007ffca4ff0000 - 0x00007ffca53aa000 	C:\Windows\System32\KERNELBASE.dll
0x00007ffca4bc0000 - 0x00007ffca4cd1000 	C:\Windows\System32\ucrtbase.dll
0x00007ffca0300000 - 0x00007ffca0317000 	c:\Users\yenho\.vscode\extensions\redhat.java-1.38.0-win32-x64\jre\17.0.13-win32-x86_64\bin\jli.dll
0x00007ffca5a90000 - 0x00007ffca5c3e000 	C:\Windows\System32\USER32.dll
0x00007ffca02e0000 - 0x00007ffca02fe000 	c:\Users\yenho\.vscode\extensions\redhat.java-1.38.0-win32-x64\jre\17.0.13-win32-x86_64\bin\VCRUNTIME140.dll
0x00007ffca4980000 - 0x00007ffca49a6000 	C:\Windows\System32\win32u.dll
0x00007ffc91a90000 - 0x00007ffc91d22000 	C:\Windows\WinSxS\amd64_microsoft.windows.common-controls_6595b64144ccf1df_6.0.22621.4541_none_2710d1c57384c085\COMCTL32.dll
0x00007ffca63f0000 - 0x00007ffca6419000 	C:\Windows\System32\GDI32.dll
0x00007ffca73f0000 - 0x00007ffca7497000 	C:\Windows\System32\msvcrt.dll
0x00007ffca4e10000 - 0x00007ffca4f2b000 	C:\Windows\System32\gdi32full.dll
0x00007ffca49b0000 - 0x00007ffca4a4a000 	C:\Windows\System32\msvcp_win.dll
0x00007ffca5c40000 - 0x00007ffca5c71000 	C:\Windows\System32\IMM32.DLL
0x00007ffca02d0000 - 0x00007ffca02dc000 	c:\Users\yenho\.vscode\extensions\redhat.java-1.38.0-win32-x64\jre\17.0.13-win32-x86_64\bin\vcruntime140_1.dll
0x00007ffc56950000 - 0x00007ffc569dd000 	c:\Users\yenho\.vscode\extensions\redhat.java-1.38.0-win32-x64\jre\17.0.13-win32-x86_64\bin\msvcp140.dll
0x00007ffc35460000 - 0x00007ffc360cb000 	c:\Users\yenho\.vscode\extensions\redhat.java-1.38.0-win32-x64\jre\17.0.13-win32-x86_64\bin\server\jvm.dll
0x00007ffca70f0000 - 0x00007ffca71a2000 	C:\Windows\System32\ADVAPI32.dll
0x00007ffca6120000 - 0x00007ffca61c7000 	C:\Windows\System32\sechost.dll
0x00007ffca4d60000 - 0x00007ffca4d88000 	C:\Windows\System32\bcrypt.dll
0x00007ffca5960000 - 0x00007ffca5a74000 	C:\Windows\System32\RPCRT4.dll
0x00007ffca6e40000 - 0x00007ffca6eb1000 	C:\Windows\System32\WS2_32.dll
0x00007ffca37d0000 - 0x00007ffca381d000 	C:\Windows\SYSTEM32\POWRPROF.dll
0x00007ffc9ee50000 - 0x00007ffc9ee84000 	C:\Windows\SYSTEM32\WINMM.dll
0x00007ffc9e9b0000 - 0x00007ffc9e9ba000 	C:\Windows\SYSTEM32\VERSION.dll
0x00007ffca37b0000 - 0x00007ffca37c3000 	C:\Windows\SYSTEM32\UMPDC.dll
0x00007ffca3a80000 - 0x00007ffca3a98000 	C:\Windows\SYSTEM32\kernel.appcore.dll
0x00007ffc9eef0000 - 0x00007ffc9eefa000 	c:\Users\yenho\.vscode\extensions\redhat.java-1.38.0-win32-x64\jre\17.0.13-win32-x86_64\bin\jimage.dll
0x00007ffc9dcd0000 - 0x00007ffc9df02000 	C:\Windows\SYSTEM32\DBGHELP.DLL
0x00007ffca5d10000 - 0x00007ffca609f000 	C:\Windows\System32\combase.dll
0x00007ffca71b0000 - 0x00007ffca7287000 	C:\Windows\System32\OLEAUT32.dll
0x00007ffc9aad0000 - 0x00007ffc9ab02000 	C:\Windows\SYSTEM32\dbgcore.DLL
0x00007ffca4d90000 - 0x00007ffca4e0b000 	C:\Windows\System32\bcryptPrimitives.dll
0x00007ffc9ef30000 - 0x00007ffc9ef3e000 	c:\Users\yenho\.vscode\extensions\redhat.java-1.38.0-win32-x64\jre\17.0.13-win32-x86_64\bin\instrument.dll
0x00007ffc9eec0000 - 0x00007ffc9eee5000 	c:\Users\yenho\.vscode\extensions\redhat.java-1.38.0-win32-x64\jre\17.0.13-win32-x86_64\bin\java.dll
0x00007ffc98820000 - 0x00007ffc98838000 	c:\Users\yenho\.vscode\extensions\redhat.java-1.38.0-win32-x64\jre\17.0.13-win32-x86_64\bin\zip.dll
0x00007ffca6430000 - 0x00007ffca6ca8000 	C:\Windows\System32\SHELL32.dll
0x00007ffca2880000 - 0x00007ffca3188000 	C:\Windows\SYSTEM32\windows.storage.dll
0x00007ffca2740000 - 0x00007ffca287f000 	C:\Windows\SYSTEM32\wintypes.dll
0x00007ffca5860000 - 0x00007ffca595a000 	C:\Windows\System32\SHCORE.dll
0x00007ffca61d0000 - 0x00007ffca622e000 	C:\Windows\System32\shlwapi.dll
0x00007ffca48b0000 - 0x00007ffca48db000 	C:\Windows\SYSTEM32\profapi.dll
0x00007ffc94f30000 - 0x00007ffc94f49000 	C:\Users\yenho\.vscode\extensions\redhat.java-1.38.0-win32-x64\jre\17.0.13-win32-x86_64\bin\net.dll
0x00007ffca0800000 - 0x00007ffca0936000 	C:\Windows\SYSTEM32\WINHTTP.dll
0x00007ffca3f00000 - 0x00007ffca3f69000 	C:\Windows\system32\mswsock.dll
0x00007ffc94790000 - 0x00007ffc947a6000 	C:\Users\yenho\.vscode\extensions\redhat.java-1.38.0-win32-x64\jre\17.0.13-win32-x86_64\bin\nio.dll
0x00007ffc9ef00000 - 0x00007ffc9ef10000 	c:\Users\yenho\.vscode\extensions\redhat.java-1.38.0-win32-x64\jre\17.0.13-win32-x86_64\bin\verify.dll
0x00007ffc2e200000 - 0x00007ffc2e245000 	C:\Users\yenho\AppData\Roaming\Code\User\globalStorage\redhat.java\1.38.0\config_win\org.eclipse.equinox.launcher\org.eclipse.equinox.launcher.win32.win32.x86_64_1.2.1100.v20240722-2106\eclipse_11904.dll
0x00007ffca74a0000 - 0x00007ffca7645000 	C:\Windows\System32\ole32.dll
0x00007ffca4170000 - 0x00007ffca418b000 	C:\Windows\SYSTEM32\CRYPTSP.dll
0x00007ffca39d0000 - 0x00007ffca3a05000 	C:\Windows\system32\rsaenh.dll
0x00007ffca4000000 - 0x00007ffca4028000 	C:\Windows\SYSTEM32\USERENV.dll
0x00007ffca4160000 - 0x00007ffca416c000 	C:\Windows\SYSTEM32\CRYPTBASE.dll
0x00007ffca3460000 - 0x00007ffca348d000 	C:\Windows\SYSTEM32\IPHLPAPI.DLL
0x00007ffca6420000 - 0x00007ffca6429000 	C:\Windows\System32\NSI.dll
0x00007ffc9f3f0000 - 0x00007ffc9f409000 	C:\Windows\SYSTEM32\dhcpcsvc6.DLL
0x00007ffc9f3d0000 - 0x00007ffc9f3ef000 	C:\Windows\SYSTEM32\dhcpcsvc.DLL
0x00007ffca34d0000 - 0x00007ffca35d2000 	C:\Windows\SYSTEM32\DNSAPI.dll
0x00007ffc0bae0000 - 0x00007ffc0bb29000 	C:\Users\yenho\AppData\Local\Temp\jna-114863977\jna3459652096743661048.dll
0x00007ffca5a80000 - 0x00007ffca5a88000 	C:\Windows\System32\PSAPI.DLL

dbghelp: loaded successfully - version: 4.0.5 - missing functions: none
symbol engine: initialized successfully - sym options: 0x614 - pdb path: .;c:\Users\yenho\.vscode\extensions\redhat.java-1.38.0-win32-x64\jre\17.0.13-win32-x86_64\bin;C:\Windows\SYSTEM32;C:\Windows\WinSxS\amd64_microsoft.windows.common-controls_6595b64144ccf1df_6.0.22621.4541_none_2710d1c57384c085;c:\Users\yenho\.vscode\extensions\redhat.java-1.38.0-win32-x64\jre\17.0.13-win32-x86_64\bin\server;C:\Users\yenho\AppData\Roaming\Code\User\globalStorage\redhat.java\1.38.0\config_win\org.eclipse.equinox.launcher\org.eclipse.equinox.launcher.win32.win32.x86_64_1.2.1100.v20240722-2106;C:\Users\yenho\AppData\Local\Temp\jna-114863977

VM Arguments:
jvm_args: --add-modules=ALL-SYSTEM --add-opens=java.base/java.util=ALL-UNNAMED --add-opens=java.base/java.lang=ALL-UNNAMED --add-opens=java.base/sun.nio.fs=ALL-UNNAMED -Declipse.application=org.eclipse.jdt.ls.core.id1 -Dosgi.bundles.defaultStartLevel=4 -Declipse.product=org.eclipse.jdt.ls.core.product -Djava.import.generatesMetadataFilesAtProjectRoot=false -DDetectVMInstallationsJob.disabled=true -Dfile.encoding=utf8 -XX:+UseParallelGC -XX:GCTimeRatio=4 -XX:AdaptiveSizePolicyWeight=90 -Dsun.zip.disableMemoryMapping=true -Xmx1G -Xms100m -Xlog:disable -javaagent:c:\Users\yenho\.vscode\extensions\redhat.java-1.38.0-win32-x64\lombok\lombok-1.18.34.jar -XX:+HeapDumpOnOutOfMemoryError -XX:HeapDumpPath=c:\Users\yenho\AppData\Roaming\Code\User\workspaceStorage\be8ad8b4014e26bb98f6d4fcdc527ed2\redhat.java -Daether.dependencyCollector.impl=bf 
java_command: c:\Users\yenho\.vscode\extensions\redhat.java-1.38.0-win32-x64\server\plugins\org.eclipse.equinox.launcher_1.6.900.v20240613-2009.jar -configuration c:\Users\yenho\AppData\Roaming\Code\User\globalStorage\redhat.java\1.38.0\config_win -data c:\Users\yenho\AppData\Roaming\Code\User\workspaceStorage\be8ad8b4014e26bb98f6d4fcdc527ed2\redhat.java\jdt_ws --pipe=\\.\pipe\lsp-4fba645c24a9c534c7490f712efdd3d9-sock
java_class_path (initial): c:\Users\yenho\.vscode\extensions\redhat.java-1.38.0-win32-x64\server\plugins\org.eclipse.equinox.launcher_1.6.900.v20240613-2009.jar
Launcher Type: SUN_STANDARD

[Global flags]
    uintx AdaptiveSizePolicyWeight                 = 90                                        {product} {command line}
     intx CICompilerCount                          = 4                                         {product} {ergonomic}
    uintx GCTimeRatio                              = 4                                         {product} {command line}
     bool HeapDumpOnOutOfMemoryError               = true                                   {manageable} {command line}
    ccstr HeapDumpPath                             = c:\Users\yenho\AppData\Roaming\Code\User\workspaceStorage\be8ad8b4014e26bb98f6d4fcdc527ed2\redhat.java         {manageable} {command line}
   size_t InitialHeapSize                          = 104857600                                 {product} {command line}
   size_t MaxHeapSize                              = 1073741824                                {product} {command line}
   size_t MaxNewSize                               = 357564416                                 {product} {ergonomic}
   size_t MinHeapDeltaBytes                        = 524288                                    {product} {ergonomic}
   size_t MinHeapSize                              = 104857600                                 {product} {command line}
   size_t NewSize                                  = 34603008                                  {product} {ergonomic}
    uintx NonNMethodCodeHeapSize                   = 5839372                                {pd product} {ergonomic}
    uintx NonProfiledCodeHeapSize                  = 122909434                              {pd product} {ergonomic}
   size_t OldSize                                  = 70254592                                  {product} {ergonomic}
    uintx ProfiledCodeHeapSize                     = 122909434                              {pd product} {ergonomic}
    uintx ReservedCodeCacheSize                    = 251658240                              {pd product} {ergonomic}
     bool SegmentedCodeCache                       = true                                      {product} {ergonomic}
   size_t SoftMaxHeapSize                          = 1073741824                             {manageable} {ergonomic}
     bool UseCompressedClassPointers               = true                           {product lp64_product} {ergonomic}
     bool UseCompressedOops                        = true                           {product lp64_product} {ergonomic}
     bool UseLargePagesIndividualAllocation        = false                                  {pd product} {ergonomic}
     bool UseParallelGC                            = true                                      {product} {command line}

Logging:
Log output configuration:
 #0: stdout all=off uptime,level,tags
 #1: stderr all=off uptime,level,tags

Environment Variables:
JAVA_HOME=C:\Program Files\Java\jdk-17
PATH=C:\Program Files\Common Files\Oracle\Java\javapath;C:\Windows\system32;C:\Windows;C:\Windows\System32\Wbem;C:\Windows\System32\WindowsPowerShell\v1.0\;C:\Windows\System32\OpenSSH\;C:\Program Files (x86)\NVIDIA Corporation\PhysX\Common;C:\Program Files\NVIDIA Corporation\NVIDIA NvDLISR;C:\Windows\system32;C:\Windows;C:\Windows\System32\Wbem;C:\Windows\System32\WindowsPowerShell\v1.0\;C:\Windows\System32\OpenSSH\;C:\Program Files\dotnet\;C:\Program Files (x86)\Yarn\bin\;C:\Program Files\nodejs\;C:\Program Files\Java\jdk-17\bin;C:\Users\yenho\AppData\Local\Android\Sdk\platform-tools;C:\Program Files\Git\cmd;C:\Users\yenho\AppData\Local\Microsoft\WindowsApps;C:\Users\yenho\AppData\Local\Programs\Microsoft VS Code\bin;C:\Users\yenho\.dotnet\tools;C:\Users\yenho\AppData\Local\Yarn\bin;C:\Users\yenho\AppData\Roaming\npm;C:\Users\yenho\AppData\Local\GitHubDesktop\bin
USERNAME=yenho
OS=Windows_NT
PROCESSOR_IDENTIFIER=AMD64 Family 25 Model 68 Stepping 1, AuthenticAMD
TMP=C:\Users\yenho\AppData\Local\Temp
TEMP=C:\Users\yenho\AppData\Local\Temp



Periodic native trim disabled


---------------  S Y S T E M  ---------------

OS:
 Windows 11 , 64 bit Build 22621 (10.0.22621.4391)
OS uptime: 0 days 2:26 hours
Hyper-V role detected

CPU: total 12 (initial active 12) (12 cores per cpu, 2 threads per core) family 25 model 68 stepping 1 microcode 0x0, cx8, cmov, fxsr, ht, mmx, 3dnowpref, sse, sse2, sse3, ssse3, sse4a, sse4.1, sse4.2, popcnt, lzcnt, tsc, tscinvbit, avx, avx2, aes, erms, clmul, bmi1, bmi2, adx, sha, fma, vzeroupper, clflush, clflushopt, hv
Processor Information for all 12 processors :
  Max Mhz: 3301, Current Mhz: 3301, Mhz Limit: 3301

Memory: 4k page, system-wide physical 7365M (374M free)
TotalPageFile size 29893M (AvailPageFile size 8M)
current process WorkingSet (physical memory assigned to process): 321M, peak: 324M
current process commit charge ("private bytes"): 355M, peak: 366M

vm_info: OpenJDK 64-Bit Server VM (17.0.13+11) for windows-amd64 JRE (17.0.13+11), built on Oct 16 2024 00:10:08 by "admin" with MS VC++ 17.7 (VS2022)

END.
