#
# There is insufficient memory for the Java Runtime Environment to continue.
# Native memory allocation (malloc) failed to allocate 1825840 bytes. Error detail: Chunk::new
# Possible reasons:
#   The system is out of physical RAM or swap space
#   This process is running with CompressedOops enabled, and the Java Heap may be blocking the growth of the native heap
# Possible solutions:
#   Reduce memory load on the system
#   Increase physical memory or swap space
#   Check if swap backing store is full
#   Decrease Java heap size (-Xmx/-Xms)
#   Decrease number of Java threads
#   Decrease Java thread stack sizes (-Xss)
#   Set larger code cache with -XX:ReservedCodeCacheSize=
#   JVM is running with Unscaled Compressed Oops mode in which the Java heap is
#     placed in the first 4GB address space. The Java Heap base address is the
#     maximum limit for the native heap growth. Please use -XX:HeapBaseMinAddress
#     to set the Java Heap base and to place the Java Heap above 4GB virtual address.
# This output file may be truncated or incomplete.
#
#  Out of Memory Error (arena.cpp:191), pid=11164, tid=10404
#
# JRE version: OpenJDK Runtime Environment Temurin-17.0.13+11 (17.0.13+11) (build 17.0.13+11)
# Java VM: OpenJDK 64-Bit Server VM Temurin-17.0.13+11 (17.0.13+11, mixed mode, tiered, compressed oops, compressed class ptrs, parallel gc, windows-amd64)
# No core dump will be written. Minidumps are not enabled by default on client versions of Windows
#

---------------  S U M M A R Y ------------

Command Line: --add-modules=ALL-SYSTEM --add-opens=java.base/java.util=ALL-UNNAMED --add-opens=java.base/java.lang=ALL-UNNAMED --add-opens=java.base/sun.nio.fs=ALL-UNNAMED -Declipse.application=org.eclipse.jdt.ls.core.id1 -Dosgi.bundles.defaultStartLevel=4 -Declipse.product=org.eclipse.jdt.ls.core.product -Djava.import.generatesMetadataFilesAtProjectRoot=false -DDetectVMInstallationsJob.disabled=true -Dfile.encoding=utf8 -XX:+UseParallelGC -XX:GCTimeRatio=4 -XX:AdaptiveSizePolicyWeight=90 -Dsun.zip.disableMemoryMapping=true -Xmx1G -Xms100m -Xlog:disable -javaagent:c:\Users\yenho\.vscode\extensions\redhat.java-1.38.0-win32-x64\lombok\lombok-1.18.34.jar -XX:+HeapDumpOnOutOfMemoryError -XX:HeapDumpPath=c:\Users\yenho\AppData\Roaming\Code\User\workspaceStorage\be8ad8b4014e26bb98f6d4fcdc527ed2\redhat.java -Daether.dependencyCollector.impl=bf c:\Users\yenho\.vscode\extensions\redhat.java-1.38.0-win32-x64\server\plugins\org.eclipse.equinox.launcher_1.6.900.v20240613-2009.jar -configuration c:\Users\yenho\AppData\Roaming\Code\User\globalStorage\redhat.java\1.38.0\config_win -data c:\Users\yenho\AppData\Roaming\Code\User\workspaceStorage\be8ad8b4014e26bb98f6d4fcdc527ed2\redhat.java\jdt_ws --pipe=\\.\pipe\lsp-14cb8f4ce24519642e8823466fee8651-sock

Host: AMD Ryzen 5 7535HS with Radeon Graphics        , 12 cores, 7G,  Windows 11 , 64 bit Build 22621 (10.0.22621.4391)
Time: Thu Jan  9 14:33:15 2025 SE Asia Standard Time elapsed time: 7.943541 seconds (0d 0h 0m 7s)

---------------  T H R E A D  ---------------

Current thread (0x000001e0a90b9660):  JavaThread "C2 CompilerThread0" daemon [_thread_in_native, id=10404, stack(0x00000026d3b00000,0x00000026d3c00000)]


Current CompileTask:
C2:   7943 7557 %     4       org.lombokweb.asm.SymbolTable::<init> @ 98 (536 bytes)

Stack: [0x00000026d3b00000,0x00000026d3c00000]
Native frames: (J=compiled Java code, j=interpreted, Vv=VM code, C=native code)
V  [jvm.dll+0x682a19]
V  [jvm.dll+0x839538]
V  [jvm.dll+0x83afe3]
V  [jvm.dll+0x83b653]
V  [jvm.dll+0x24704f]
V  [jvm.dll+0xace34]
V  [jvm.dll+0xad4cc]
V  [jvm.dll+0x36597e]
V  [jvm.dll+0x1ba793]
V  [jvm.dll+0x2181a7]
V  [jvm.dll+0x21748f]
V  [jvm.dll+0x1a3070]
V  [jvm.dll+0x22788c]
V  [jvm.dll+0x2259eb]
V  [jvm.dll+0x7eec98]
V  [jvm.dll+0x7e8ffc]
V  [jvm.dll+0x6818f7]
C  [ucrtbase.dll+0x29333]
C  [KERNEL32.DLL+0x1259d]
C  [ntdll.dll+0x5af38]


---------------  P R O C E S S  ---------------

Threads class SMR info:
_java_thread_list=0x000001e0aacde9d0, length=68, elements={
0x000001e08e22e480, 0x000001e0a3ff5020, 0x000001e08e2d9d20, 0x000001e0a3ffcf00,
0x000001e0a3ffd9d0, 0x000001e0a3ffe590, 0x000001e0a90b6200, 0x000001e0a90b9660,
0x000001e0a911fdf0, 0x000001e0a9122fc0, 0x000001e08e290700, 0x000001e0a9284df0,
0x000001e0a933f280, 0x000001e0aaa5e120, 0x000001e0aaa5eb40, 0x000001e0aaa613c0,
0x000001e0aaa5f560, 0x000001e0aaa5fa70, 0x000001e0aaa60eb0, 0x000001e0aaa60490,
0x000001e0aaa5f050, 0x000001e0aaa609a0, 0x000001e0abae9d60, 0x000001e0abae5680,
0x000001e0abae9340, 0x000001e0abae3310, 0x000001e0abaea270, 0x000001e0abae4c60,
0x000001e0abae6ac0, 0x000001e0abae5170, 0x000001e0abae2e00, 0x000001e0abae6fd0,
0x000001e0abae3820, 0x000001e0abae74e0, 0x000001e0abae5b90, 0x000001e0abae9850,
0x000001e0abae60a0, 0x000001e0abae79f0, 0x000001e0abae65b0, 0x000001e0abae7f00,
0x000001e0abae8410, 0x000001e0abae8920, 0x000001e0abae8e30, 0x000001e0abaea780,
0x000001e0abae4240, 0x000001e0abae4750, 0x000001e0ab3e87d0, 0x000001e0ab3e91f0,
0x000001e0ab3ea630, 0x000001e0ab3e7390, 0x000001e0ab3e9c10, 0x000001e0ab3eba70,
0x000001e0ab3eb560, 0x000001e0ab3e5020, 0x000001e0ab3e8ce0, 0x000001e0ab3e9700,
0x000001e0ab3e6970, 0x000001e0ab3e6460, 0x000001e0ab3e4600, 0x000001e0ab3e5a40,
0x000001e0ab3e78a0, 0x000001e0ab3eab40, 0x000001e0ab3e7db0, 0x000001e0ab3ea120,
0x000001e0ab3eb050, 0x000001e0ab3e4b10, 0x000001e0ab3e6e80, 0x000001e0ab3e82c0
}

Java Threads: ( => current thread )
  0x000001e08e22e480 JavaThread "main" [_thread_blocked, id=13780, stack(0x00000026d3200000,0x00000026d3300000)]
  0x000001e0a3ff5020 JavaThread "Reference Handler" daemon [_thread_blocked, id=18016, stack(0x00000026d3500000,0x00000026d3600000)]
  0x000001e08e2d9d20 JavaThread "Finalizer" daemon [_thread_blocked, id=23364, stack(0x00000026d3600000,0x00000026d3700000)]
  0x000001e0a3ffcf00 JavaThread "Signal Dispatcher" daemon [_thread_blocked, id=3224, stack(0x00000026d3700000,0x00000026d3800000)]
  0x000001e0a3ffd9d0 JavaThread "Attach Listener" daemon [_thread_blocked, id=23632, stack(0x00000026d3800000,0x00000026d3900000)]
  0x000001e0a3ffe590 JavaThread "Service Thread" daemon [_thread_blocked, id=20024, stack(0x00000026d3900000,0x00000026d3a00000)]
  0x000001e0a90b6200 JavaThread "Monitor Deflation Thread" daemon [_thread_blocked, id=22788, stack(0x00000026d3a00000,0x00000026d3b00000)]
=>0x000001e0a90b9660 JavaThread "C2 CompilerThread0" daemon [_thread_in_native, id=10404, stack(0x00000026d3b00000,0x00000026d3c00000)]
  0x000001e0a911fdf0 JavaThread "C1 CompilerThread0" daemon [_thread_in_native, id=4812, stack(0x00000026d3c00000,0x00000026d3d00000)]
  0x000001e0a9122fc0 JavaThread "Sweeper thread" daemon [_thread_blocked, id=23332, stack(0x00000026d3d00000,0x00000026d3e00000)]
  0x000001e08e290700 JavaThread "Common-Cleaner" daemon [_thread_blocked, id=11336, stack(0x00000026d3e00000,0x00000026d3f00000)]
  0x000001e0a9284df0 JavaThread "C2 CompilerThread1" daemon [_thread_in_native, id=14316, stack(0x00000026d3f00000,0x00000026d4000000)]
  0x000001e0a933f280 JavaThread "Notification Thread" daemon [_thread_blocked, id=4624, stack(0x00000026d4000000,0x00000026d4100000)]
  0x000001e0aaa5e120 JavaThread "Active Thread: Equinox Container: 5a486077-9a0b-4ab9-8281-627abd1c0390" [_thread_blocked, id=19396, stack(0x00000026d4900000,0x00000026d4a00000)]
  0x000001e0aaa5eb40 JavaThread "Refresh Thread: Equinox Container: 5a486077-9a0b-4ab9-8281-627abd1c0390" daemon [_thread_blocked, id=13536, stack(0x00000026d4a00000,0x00000026d4b00000)]
  0x000001e0aaa613c0 JavaThread "Framework Event Dispatcher: Equinox Container: 5a486077-9a0b-4ab9-8281-627abd1c0390" daemon [_thread_blocked, id=19740, stack(0x00000026d4b00000,0x00000026d4c00000)]
  0x000001e0aaa5f560 JavaThread "Start Level: Equinox Container: 5a486077-9a0b-4ab9-8281-627abd1c0390" daemon [_thread_blocked, id=12908, stack(0x00000026d4c00000,0x00000026d4d00000)]
  0x000001e0aaa5fa70 JavaThread "Bundle File Closer" daemon [_thread_blocked, id=24156, stack(0x00000026d4e00000,0x00000026d4f00000)]
  0x000001e0aaa60eb0 JavaThread "SCR Component Actor" daemon [_thread_blocked, id=21220, stack(0x00000026d5000000,0x00000026d5100000)]
  0x000001e0aaa60490 JavaThread "SCR Component Registry" daemon [_thread_blocked, id=5920, stack(0x00000026d5100000,0x00000026d5200000)]
  0x000001e0aaa5f050 JavaThread "Worker-JM" [_thread_blocked, id=8528, stack(0x00000026d5200000,0x00000026d5300000)]
  0x000001e0aaa609a0 JavaThread "JNA Cleaner" daemon [_thread_blocked, id=23056, stack(0x00000026d5300000,0x00000026d5400000)]
  0x000001e0abae9d60 JavaThread "Worker-0" [_thread_blocked, id=16852, stack(0x00000026d5400000,0x00000026d5500000)]
  0x000001e0abae5680 JavaThread "Worker-1: Building" [_thread_in_vm, id=20036, stack(0x00000026d5500000,0x00000026d5600000)]
  0x000001e0abae9340 JavaThread "Java indexing" daemon [_thread_in_Java, id=21492, stack(0x00000026d5600000,0x00000026d5700000)]
  0x000001e0abae3310 JavaThread "Thread-2" daemon [_thread_in_native, id=18572, stack(0x00000026d5700000,0x00000026d5800000)]
  0x000001e0abaea270 JavaThread "Thread-3" daemon [_thread_in_native, id=2924, stack(0x00000026d5800000,0x00000026d5900000)]
  0x000001e0abae4c60 JavaThread "Thread-4" daemon [_thread_in_native, id=22972, stack(0x00000026d5900000,0x00000026d5a00000)]
  0x000001e0abae6ac0 JavaThread "Thread-5" daemon [_thread_in_native, id=14724, stack(0x00000026d5a00000,0x00000026d5b00000)]
  0x000001e0abae5170 JavaThread "Thread-6" daemon [_thread_in_native, id=20584, stack(0x00000026d5b00000,0x00000026d5c00000)]
  0x000001e0abae2e00 JavaThread "Thread-7" daemon [_thread_in_native, id=23380, stack(0x00000026d5c00000,0x00000026d5d00000)]
  0x000001e0abae6fd0 JavaThread "Thread-8" daemon [_thread_in_native, id=23896, stack(0x00000026d5d00000,0x00000026d5e00000)]
  0x000001e0abae3820 JavaThread "Thread-9" daemon [_thread_in_native, id=15060, stack(0x00000026d5e00000,0x00000026d5f00000)]
  0x000001e0abae74e0 JavaThread "Thread-10" daemon [_thread_in_native, id=15228, stack(0x00000026d5f00000,0x00000026d6000000)]
  0x000001e0abae5b90 JavaThread "Thread-11" daemon [_thread_in_native, id=24152, stack(0x00000026d6000000,0x00000026d6100000)]
  0x000001e0abae9850 JavaThread "Thread-12" daemon [_thread_in_native, id=24264, stack(0x00000026d6100000,0x00000026d6200000)]
  0x000001e0abae60a0 JavaThread "Thread-13" daemon [_thread_in_native, id=20964, stack(0x00000026d6200000,0x00000026d6300000)]
  0x000001e0abae79f0 JavaThread "Thread-14" daemon [_thread_in_native, id=1804, stack(0x00000026d6300000,0x00000026d6400000)]
  0x000001e0abae65b0 JavaThread "pool-2-thread-1" [_thread_blocked, id=18092, stack(0x00000026d6400000,0x00000026d6500000)]
  0x000001e0abae7f00 JavaThread "Worker-2" [_thread_blocked, id=4552, stack(0x00000026d6500000,0x00000026d6600000)]
  0x000001e0abae8410 JavaThread "Worker-3: Java indexing... " [_thread_blocked, id=22660, stack(0x00000026d6600000,0x00000026d6700000)]
  0x000001e0abae8920 JavaThread "Worker-4: Updating Maven Dependencies" [_thread_blocked, id=16108, stack(0x00000026d6700000,0x00000026d6800000)]
  0x000001e0abae8e30 JavaThread "Worker-5" [_thread_blocked, id=16652, stack(0x00000026d6800000,0x00000026d6900000)]
  0x000001e0abaea780 JavaThread "Worker-6" [_thread_blocked, id=23536, stack(0x00000026d6900000,0x00000026d6a00000)]
  0x000001e0abae4240 JavaThread "WorkspaceEventsHandler" [_thread_blocked, id=18684, stack(0x00000026d6a00000,0x00000026d6b00000)]
  0x000001e0abae4750 JavaThread "pool-1-thread-1" [_thread_blocked, id=23224, stack(0x00000026d6b00000,0x00000026d6c00000)]
  0x000001e0ab3e87d0 JavaThread "LocalFile Deleter" daemon [_thread_blocked, id=11204, stack(0x00000026d6c00000,0x00000026d6d00000)]
  0x000001e0ab3e91f0 JavaThread "LocalFile Deleter" daemon [_thread_blocked, id=17320, stack(0x00000026d6d00000,0x00000026d6e00000)]
  0x000001e0ab3ea630 JavaThread "LocalFile Deleter" daemon [_thread_blocked, id=23708, stack(0x00000026d6e00000,0x00000026d6f00000)]
  0x000001e0ab3e7390 JavaThread "LocalFile Deleter" daemon [_thread_blocked, id=14980, stack(0x00000026d6f00000,0x00000026d7000000)]
  0x000001e0ab3e9c10 JavaThread "LocalFile Deleter" daemon [_thread_blocked, id=23836, stack(0x00000026d7000000,0x00000026d7100000)]
  0x000001e0ab3eba70 JavaThread "LocalFile Deleter" daemon [_thread_blocked, id=17048, stack(0x00000026d7100000,0x00000026d7200000)]
  0x000001e0ab3eb560 JavaThread "LocalFile Deleter" daemon [_thread_blocked, id=9656, stack(0x00000026d7200000,0x00000026d7300000)]
  0x000001e0ab3e5020 JavaThread "LocalFile Deleter" daemon [_thread_blocked, id=19300, stack(0x00000026d7300000,0x00000026d7400000)]
  0x000001e0ab3e8ce0 JavaThread "LocalFile Deleter" daemon [_thread_blocked, id=18536, stack(0x00000026d7400000,0x00000026d7500000)]
  0x000001e0ab3e9700 JavaThread "LocalFile Deleter" daemon [_thread_blocked, id=22508, stack(0x00000026d7500000,0x00000026d7600000)]
  0x000001e0ab3e6970 JavaThread "LocalFile Deleter" daemon [_thread_blocked, id=10380, stack(0x00000026d7600000,0x00000026d7700000)]
  0x000001e0ab3e6460 JavaThread "LocalFile Deleter" daemon [_thread_blocked, id=22976, stack(0x00000026d7700000,0x00000026d7800000)]
  0x000001e0ab3e4600 JavaThread "Compiler Source File Reader" daemon [_thread_blocked, id=1724, stack(0x00000026d7800000,0x00000026d7900000)]
  0x000001e0ab3e5a40 JavaThread "Compiler Source File Reader" daemon [_thread_blocked, id=22624, stack(0x00000026d7900000,0x00000026d7a00000)]
  0x000001e0ab3e78a0 JavaThread "Compiler Source File Reader" daemon [_thread_blocked, id=10352, stack(0x00000026d7a00000,0x00000026d7b00000)]
  0x000001e0ab3eab40 JavaThread "Compiler Source File Reader" daemon [_thread_blocked, id=5760, stack(0x00000026d7b00000,0x00000026d7c00000)]
  0x000001e0ab3e7db0 JavaThread "Compiler Source File Reader" daemon [_thread_blocked, id=20416, stack(0x00000026d7c00000,0x00000026d7d00000)]
  0x000001e0ab3ea120 JavaThread "Compiler Source File Reader" daemon [_thread_blocked, id=10996, stack(0x00000026d7d00000,0x00000026d7e00000)]
  0x000001e0ab3eb050 JavaThread "Compiler Source File Reader" daemon [_thread_blocked, id=23248, stack(0x00000026d7e00000,0x00000026d7f00000)]
  0x000001e0ab3e4b10 JavaThread "Compiler Source File Reader" daemon [_thread_blocked, id=19076, stack(0x00000026d7f00000,0x00000026d8000000)]
  0x000001e0ab3e6e80 JavaThread "Compiler Source File Reader" daemon [_thread_blocked, id=9556, stack(0x00000026d8000000,0x00000026d8100000)]
  0x000001e0ab3e82c0 JavaThread "Compiler Source File Reader" daemon [_thread_blocked, id=20164, stack(0x00000026d8100000,0x00000026d8200000)]

Other Threads:
  0x000001e08e2b73c0 VMThread "VM Thread" [stack: 0x00000026d3400000,0x00000026d3500000] [id=4284]
  0x000001e0a933f760 WatcherThread [stack: 0x00000026d4100000,0x00000026d4200000] [id=22952]
  0x000001e08e245430 GCTaskThread "GC Thread#0" [stack: 0x00000026d3300000,0x00000026d3400000] [id=18072]
  0x000001e0aad0cc90 GCTaskThread "GC Thread#1" [stack: 0x00000026d4300000,0x00000026d4400000] [id=11780]
  0x000001e0aad0cf50 GCTaskThread "GC Thread#2" [stack: 0x00000026d4400000,0x00000026d4500000] [id=20180]
  0x000001e0ab1a9c60 GCTaskThread "GC Thread#3" [stack: 0x00000026d4500000,0x00000026d4600000] [id=3268]
  0x000001e0aaf2f030 GCTaskThread "GC Thread#4" [stack: 0x00000026d4600000,0x00000026d4700000] [id=15028]
  0x000001e0aaf2f2f0 GCTaskThread "GC Thread#5" [stack: 0x00000026d4700000,0x00000026d4800000] [id=14616]
  0x000001e0aafbc7f0 GCTaskThread "GC Thread#6" [stack: 0x00000026d4800000,0x00000026d4900000] [id=24404]
  0x000001e0ab3a1f30 GCTaskThread "GC Thread#7" [stack: 0x00000026d4d00000,0x00000026d4e00000] [id=10260]
  0x000001e0abb1bd20 GCTaskThread "GC Thread#8" [stack: 0x00000026d4f00000,0x00000026d5000000] [id=14208]
  0x000001e0abe6ab50 GCTaskThread "GC Thread#9" [stack: 0x00000026d4200000,0x00000026d4300000] [id=20912]

Threads with active compile tasks:
C2 CompilerThread0     7972 7557 %     4       org.lombokweb.asm.SymbolTable::<init> @ 98 (536 bytes)
C1 CompilerThread0     7972 7844       2       org.eclipse.jdt.internal.compiler.lookup.ReferenceBinding::computeId (3096 bytes)
C2 CompilerThread1     7972 7583       4       org.lombokweb.asm.ClassReader::readMethod (1066 bytes)

VM state: not at safepoint (normal execution)

VM Mutex/Monitor currently owned by a thread: None

Heap address: 0x00000000c0000000, size: 1024 MB, Compressed Oops mode: 32-bit

CDS archive(s) not mapped
Compressed class space mapped at: 0x0000000100000000-0x0000000140000000, reserved size: 1073741824
Narrow klass base: 0x0000000000000000, Narrow klass shift: 3, Narrow klass range: 0x140000000

GC Precious Log:
 CPUs: 12 total, 12 available
 Memory: 7365M
 Large Page Support: Disabled
 NUMA Support: Disabled
 Compressed Oops: Enabled (32-bit)
 Alignments: Space 512K, Generation 512K, Heap 2M
 Heap Min Capacity: 100M
 Heap Initial Capacity: 100M
 Heap Max Capacity: 1G
 Pre-touch: Disabled
 Parallel Workers: 10

Heap:
 PSYoungGen      total 23040K, used 9745K [0x00000000eab00000, 0x00000000ec680000, 0x0000000100000000)
  eden space 20992K, 36% used [0x00000000eab00000,0x00000000eb286018,0x00000000ebf80000)
  from space 2048K, 99% used [0x00000000ec000000,0x00000000ec1fe680,0x00000000ec200000)
  to   space 3584K, 0% used [0x00000000ec300000,0x00000000ec300000,0x00000000ec680000)
 ParOldGen       total 68608K, used 39713K [0x00000000c0000000, 0x00000000c4300000, 0x00000000eab00000)
  object space 68608K, 57% used [0x00000000c0000000,0x00000000c26c8438,0x00000000c4300000)
 Metaspace       used 61138K, committed 62208K, reserved 1114112K
  class space    used 6459K, committed 6912K, reserved 1048576K

Card table byte_map: [0x000001e0a1890000,0x000001e0a1aa0000] _byte_map_base: 0x000001e0a1290000

Marking Bits: (ParMarkBitMap*) 0x00007ffc36006940
 Begin Bits: [0x000001e0a1c00000, 0x000001e0a2c00000)
 End Bits:   [0x000001e0a2c00000, 0x000001e0a3c00000)

Polling page: 0x000001e08df80000

Metaspace:

Usage:
  Non-class:     53.40 MB used.
      Class:      6.31 MB used.
       Both:     59.71 MB used.

Virtual space:
  Non-class space:       64.00 MB reserved,      54.00 MB ( 84%) committed,  1 nodes.
      Class space:        1.00 GB reserved,       6.75 MB ( <1%) committed,  1 nodes.
             Both:        1.06 GB reserved,      60.75 MB (  6%) committed. 

Chunk freelists:
   Non-Class:  9.34 MB
       Class:  9.28 MB
        Both:  18.62 MB

MaxMetaspaceSize: unlimited
CompressedClassSpaceSize: 1.00 GB
Initial GC threshold: 21.00 MB
Current GC threshold: 97.31 MB
CDS: off
MetaspaceReclaimPolicy: balanced
 - commit_granule_bytes: 65536.
 - commit_granule_words: 8192.
 - virtual_space_node_default_size: 8388608.
 - enlarge_chunks_in_place: 1.
 - new_chunks_are_fully_committed: 0.
 - uncommit_free_chunks: 1.
 - use_allocation_guard: 0.
 - handle_deallocations: 1.


Internal statistics:

num_allocs_failed_limit: 9.
num_arena_births: 644.
num_arena_deaths: 26.
num_vsnodes_births: 2.
num_vsnodes_deaths: 0.
num_space_committed: 972.
num_space_uncommitted: 0.
num_chunks_returned_to_freelist: 37.
num_chunks_taken_from_freelist: 3154.
num_chunk_merges: 11.
num_chunk_splits: 1914.
num_chunks_enlarged: 1060.
num_inconsistent_stats: 0.

CodeHeap 'non-profiled nmethods': size=120000Kb used=3087Kb max_used=3087Kb free=116912Kb
 bounds [0x000001e09a180000, 0x000001e09a490000, 0x000001e0a16b0000]
CodeHeap 'profiled nmethods': size=120000Kb used=13705Kb max_used=13705Kb free=106294Kb
 bounds [0x000001e0926b0000, 0x000001e093420000, 0x000001e099be0000]
CodeHeap 'non-nmethods': size=5760Kb used=1346Kb max_used=1385Kb free=4413Kb
 bounds [0x000001e099be0000, 0x000001e099e50000, 0x000001e09a180000]
 total_blobs=7535 nmethods=6851 adapters=598
 compilation: enabled
              stopped_count=0, restarted_count=0
 full_count=0

Compilation events (20 events):
Event: 7.923 Thread 0x000001e0a911fdf0 7797       2       org.eclipse.jdt.internal.compiler.lookup.LookupEnvironment$$Lambda$413/0x00000001006b4278::apply (20 bytes)
Event: 7.923 Thread 0x000001e0a911fdf0 nmethod 7797 0x000001e0933fc590 code [0x000001e0933fc720, 0x000001e0933fc888]
Event: 7.923 Thread 0x000001e0a911fdf0 7798       2       org.eclipse.jdt.internal.compiler.lookup.LookupEnvironment::lambda$1 (8 bytes)
Event: 7.923 Thread 0x000001e0a911fdf0 nmethod 7798 0x000001e0933fc990 code [0x000001e0933fcb20, 0x000001e0933fcc28]
Event: 7.923 Thread 0x000001e0a911fdf0 7799       2       org.eclipse.jdt.internal.compiler.lookup.LookupEnvironment::fromSplitPackageOrOracle (89 bytes)
Event: 7.924 Thread 0x000001e0a911fdf0 nmethod 7799 0x000001e0933fcd10 code [0x000001e0933fcf40, 0x000001e0933fd478]
Event: 7.924 Thread 0x000001e0a911fdf0 7800       2       org.eclipse.jdt.internal.compiler.lookup.ReferenceBinding::isSealed (15 bytes)
Event: 7.924 Thread 0x000001e0a911fdf0 nmethod 7800 0x000001e0933fd810 code [0x000001e0933fd9a0, 0x000001e0933fdaf8]
Event: 7.928 Thread 0x000001e0a911fdf0 7802       2       org.eclipse.jdt.internal.compiler.classfmt.AnnotationInfo::scanAnnotation (330 bytes)
Event: 7.929 Thread 0x000001e0a911fdf0 nmethod 7802 0x000001e0933fdb90 code [0x000001e0933fde00, 0x000001e0933fe5c8]
Event: 7.929 Thread 0x000001e0a911fdf0 7801       2       org.eclipse.jdt.internal.compiler.classfmt.AnnotationInfo::<init> (18 bytes)
Event: 7.929 Thread 0x000001e0a911fdf0 nmethod 7801 0x000001e0933fea10 code [0x000001e0933feba0, 0x000001e0933fecf8]
Event: 7.929 Thread 0x000001e0a911fdf0 7803       2       org.eclipse.jdt.internal.compiler.classfmt.AnnotationInfo::<init> (32 bytes)
Event: 7.930 Thread 0x000001e0a911fdf0 nmethod 7803 0x000001e0933fed90 code [0x000001e0933fef40, 0x000001e0933ff118]
Event: 7.930 Thread 0x000001e0a911fdf0 7805       2       org.eclipse.jdt.core.Signature::toCharArray (83 bytes)
Event: 7.930 Thread 0x000001e0a911fdf0 nmethod 7805 0x000001e0933ff210 code [0x000001e0933ff400, 0x000001e0933ff7c8]
Event: 7.930 Thread 0x000001e0a911fdf0 7806       2       org.eclipse.jdt.core.Signature::appendTypeSignature (9 bytes)
Event: 7.930 Thread 0x000001e0a911fdf0 nmethod 7806 0x000001e0933ff990 code [0x000001e0933ffb20, 0x000001e0933ffc28]
Event: 7.930 Thread 0x000001e0a911fdf0 7807       2       org.eclipse.jdt.core.Signature::appendTypeSignature (513 bytes)
Event: 7.931 Thread 0x000001e0a911fdf0 nmethod 7807 0x000001e0933ffd10 code [0x000001e0934000a0, 0x000001e093400c98]

GC Heap History (20 events):
Event: 5.694 GC heap before
{Heap before GC invocations=23 (full 2):
 PSYoungGen      total 23552K, used 23083K [0x00000000eab00000, 0x00000000ec480000, 0x0000000100000000)
  eden space 21504K, 100% used [0x00000000eab00000,0x00000000ec000000,0x00000000ec000000)
  from space 2048K, 77% used [0x00000000ec280000,0x00000000ec40ac38,0x00000000ec480000)
  to   space 2048K, 0% used [0x00000000ec080000,0x00000000ec080000,0x00000000ec280000)
 ParOldGen       total 68608K, used 30509K [0x00000000c0000000, 0x00000000c4300000, 0x00000000eab00000)
  object space 68608K, 44% used [0x00000000c0000000,0x00000000c1dcb480,0x00000000c4300000)
 Metaspace       used 50750K, committed 51776K, reserved 1114112K
  class space    used 5301K, committed 5696K, reserved 1048576K
}
Event: 5.696 GC heap after
{Heap after GC invocations=23 (full 2):
 PSYoungGen      total 23552K, used 2029K [0x00000000eab00000, 0x00000000ec700000, 0x0000000100000000)
  eden space 21504K, 0% used [0x00000000eab00000,0x00000000eab00000,0x00000000ec000000)
  from space 2048K, 99% used [0x00000000ec080000,0x00000000ec27b5c0,0x00000000ec280000)
  to   space 3584K, 0% used [0x00000000ec380000,0x00000000ec380000,0x00000000ec700000)
 ParOldGen       total 68608K, used 31744K [0x00000000c0000000, 0x00000000c4300000, 0x00000000eab00000)
  object space 68608K, 46% used [0x00000000c0000000,0x00000000c1f002f8,0x00000000c4300000)
 Metaspace       used 50750K, committed 51776K, reserved 1114112K
  class space    used 5301K, committed 5696K, reserved 1048576K
}
Event: 5.956 GC heap before
{Heap before GC invocations=24 (full 2):
 PSYoungGen      total 23552K, used 23533K [0x00000000eab00000, 0x00000000ec700000, 0x0000000100000000)
  eden space 21504K, 100% used [0x00000000eab00000,0x00000000ec000000,0x00000000ec000000)
  from space 2048K, 99% used [0x00000000ec080000,0x00000000ec27b5c0,0x00000000ec280000)
  to   space 3584K, 0% used [0x00000000ec380000,0x00000000ec380000,0x00000000ec700000)
 ParOldGen       total 68608K, used 31744K [0x00000000c0000000, 0x00000000c4300000, 0x00000000eab00000)
  object space 68608K, 46% used [0x00000000c0000000,0x00000000c1f002f8,0x00000000c4300000)
 Metaspace       used 52500K, committed 53568K, reserved 1114112K
  class space    used 5513K, committed 5952K, reserved 1048576K
}
Event: 5.958 GC heap after
{Heap after GC invocations=24 (full 2):
 PSYoungGen      total 24064K, used 2128K [0x00000000eab00000, 0x00000000ec600000, 0x0000000100000000)
  eden space 21504K, 0% used [0x00000000eab00000,0x00000000eab00000,0x00000000ec000000)
  from space 2560K, 83% used [0x00000000ec380000,0x00000000ec594368,0x00000000ec600000)
  to   space 2560K, 0% used [0x00000000ec100000,0x00000000ec100000,0x00000000ec380000)
 ParOldGen       total 68608K, used 33700K [0x00000000c0000000, 0x00000000c4300000, 0x00000000eab00000)
  object space 68608K, 49% used [0x00000000c0000000,0x00000000c20e9198,0x00000000c4300000)
 Metaspace       used 52500K, committed 53568K, reserved 1114112K
  class space    used 5513K, committed 5952K, reserved 1048576K
}
Event: 6.302 GC heap before
{Heap before GC invocations=25 (full 2):
 PSYoungGen      total 24064K, used 23576K [0x00000000eab00000, 0x00000000ec600000, 0x0000000100000000)
  eden space 21504K, 99% used [0x00000000eab00000,0x00000000ebff1fe0,0x00000000ec000000)
  from space 2560K, 83% used [0x00000000ec380000,0x00000000ec594368,0x00000000ec600000)
  to   space 2560K, 0% used [0x00000000ec100000,0x00000000ec100000,0x00000000ec380000)
 ParOldGen       total 68608K, used 33700K [0x00000000c0000000, 0x00000000c4300000, 0x00000000eab00000)
  object space 68608K, 49% used [0x00000000c0000000,0x00000000c20e9198,0x00000000c4300000)
 Metaspace       used 54008K, committed 55104K, reserved 1114112K
  class space    used 5723K, committed 6208K, reserved 1048576K
}
Event: 6.304 GC heap after
{Heap after GC invocations=25 (full 2):
 PSYoungGen      total 23040K, used 1171K [0x00000000eab00000, 0x00000000ec400000, 0x0000000100000000)
  eden space 21504K, 0% used [0x00000000eab00000,0x00000000eab00000,0x00000000ec000000)
  from space 1536K, 76% used [0x00000000ec100000,0x00000000ec224c98,0x00000000ec280000)
  to   space 1536K, 0% used [0x00000000ec280000,0x00000000ec280000,0x00000000ec400000)
 ParOldGen       total 68608K, used 35606K [0x00000000c0000000, 0x00000000c4300000, 0x00000000eab00000)
  object space 68608K, 51% used [0x00000000c0000000,0x00000000c22c5a38,0x00000000c4300000)
 Metaspace       used 54008K, committed 55104K, reserved 1114112K
  class space    used 5723K, committed 6208K, reserved 1048576K
}
Event: 6.622 GC heap before
{Heap before GC invocations=26 (full 2):
 PSYoungGen      total 23040K, used 22675K [0x00000000eab00000, 0x00000000ec400000, 0x0000000100000000)
  eden space 21504K, 100% used [0x00000000eab00000,0x00000000ec000000,0x00000000ec000000)
  from space 1536K, 76% used [0x00000000ec100000,0x00000000ec224c98,0x00000000ec280000)
  to   space 1536K, 0% used [0x00000000ec280000,0x00000000ec280000,0x00000000ec400000)
 ParOldGen       total 68608K, used 35606K [0x00000000c0000000, 0x00000000c4300000, 0x00000000eab00000)
  object space 68608K, 51% used [0x00000000c0000000,0x00000000c22c5a38,0x00000000c4300000)
 Metaspace       used 55923K, committed 56960K, reserved 1114112K
  class space    used 5968K, committed 6400K, reserved 1048576K
}
Event: 6.623 GC heap after
{Heap after GC invocations=26 (full 2):
 PSYoungGen      total 22528K, used 1504K [0x00000000eab00000, 0x00000000ec600000, 0x0000000100000000)
  eden space 20992K, 0% used [0x00000000eab00000,0x00000000eab00000,0x00000000ebf80000)
  from space 1536K, 97% used [0x00000000ec280000,0x00000000ec3f8278,0x00000000ec400000)
  to   space 3072K, 0% used [0x00000000ebf80000,0x00000000ebf80000,0x00000000ec280000)
 ParOldGen       total 68608K, used 36587K [0x00000000c0000000, 0x00000000c4300000, 0x00000000eab00000)
  object space 68608K, 53% used [0x00000000c0000000,0x00000000c23baf40,0x00000000c4300000)
 Metaspace       used 55923K, committed 56960K, reserved 1114112K
  class space    used 5968K, committed 6400K, reserved 1048576K
}
Event: 7.025 GC heap before
{Heap before GC invocations=27 (full 2):
 PSYoungGen      total 22528K, used 22496K [0x00000000eab00000, 0x00000000ec600000, 0x0000000100000000)
  eden space 20992K, 100% used [0x00000000eab00000,0x00000000ebf80000,0x00000000ebf80000)
  from space 1536K, 97% used [0x00000000ec280000,0x00000000ec3f8278,0x00000000ec400000)
  to   space 3072K, 0% used [0x00000000ebf80000,0x00000000ebf80000,0x00000000ec280000)
 ParOldGen       total 68608K, used 36587K [0x00000000c0000000, 0x00000000c4300000, 0x00000000eab00000)
  object space 68608K, 53% used [0x00000000c0000000,0x00000000c23baf40,0x00000000c4300000)
 Metaspace       used 57683K, committed 58752K, reserved 1114112K
  class space    used 6163K, committed 6592K, reserved 1048576K
}
Event: 7.027 GC heap after
{Heap after GC invocations=27 (full 2):
 PSYoungGen      total 22016K, used 992K [0x00000000eab00000, 0x00000000ec300000, 0x0000000100000000)
  eden space 20992K, 0% used [0x00000000eab00000,0x00000000eab00000,0x00000000ebf80000)
  from space 1024K, 96% used [0x00000000ebf80000,0x00000000ec078000,0x00000000ec080000)
  to   space 1536K, 0% used [0x00000000ec180000,0x00000000ec180000,0x00000000ec300000)
 ParOldGen       total 68608K, used 37953K [0x00000000c0000000, 0x00000000c4300000, 0x00000000eab00000)
  object space 68608K, 55% used [0x00000000c0000000,0x00000000c2510538,0x00000000c4300000)
 Metaspace       used 57683K, committed 58752K, reserved 1114112K
  class space    used 6163K, committed 6592K, reserved 1048576K
}
Event: 7.145 GC heap before
{Heap before GC invocations=28 (full 2):
 PSYoungGen      total 22016K, used 9756K [0x00000000eab00000, 0x00000000ec300000, 0x0000000100000000)
  eden space 20992K, 41% used [0x00000000eab00000,0x00000000eb38f110,0x00000000ebf80000)
  from space 1024K, 96% used [0x00000000ebf80000,0x00000000ec078000,0x00000000ec080000)
  to   space 1536K, 0% used [0x00000000ec180000,0x00000000ec180000,0x00000000ec300000)
 ParOldGen       total 68608K, used 37953K [0x00000000c0000000, 0x00000000c4300000, 0x00000000eab00000)
  object space 68608K, 55% used [0x00000000c0000000,0x00000000c2510538,0x00000000c4300000)
 Metaspace       used 58761K, committed 59776K, reserved 1114112K
  class space    used 6257K, committed 6656K, reserved 1048576K
}
Event: 7.147 GC heap after
{Heap after GC invocations=28 (full 2):
 PSYoungGen      total 22528K, used 1152K [0x00000000eab00000, 0x00000000ec300000, 0x0000000100000000)
  eden space 20992K, 0% used [0x00000000eab00000,0x00000000eab00000,0x00000000ebf80000)
  from space 1536K, 75% used [0x00000000ec180000,0x00000000ec2a0020,0x00000000ec300000)
  to   space 1536K, 0% used [0x00000000ec000000,0x00000000ec000000,0x00000000ec180000)
 ParOldGen       total 68608K, used 38746K [0x00000000c0000000, 0x00000000c4300000, 0x00000000eab00000)
  object space 68608K, 56% used [0x00000000c0000000,0x00000000c25d6a08,0x00000000c4300000)
 Metaspace       used 58761K, committed 59776K, reserved 1114112K
  class space    used 6257K, committed 6656K, reserved 1048576K
}
Event: 7.147 GC heap before
{Heap before GC invocations=29 (full 3):
 PSYoungGen      total 22528K, used 1152K [0x00000000eab00000, 0x00000000ec300000, 0x0000000100000000)
  eden space 20992K, 0% used [0x00000000eab00000,0x00000000eab00000,0x00000000ebf80000)
  from space 1536K, 75% used [0x00000000ec180000,0x00000000ec2a0020,0x00000000ec300000)
  to   space 1536K, 0% used [0x00000000ec000000,0x00000000ec000000,0x00000000ec180000)
 ParOldGen       total 68608K, used 38746K [0x00000000c0000000, 0x00000000c4300000, 0x00000000eab00000)
  object space 68608K, 56% used [0x00000000c0000000,0x00000000c25d6a08,0x00000000c4300000)
 Metaspace       used 58761K, committed 59776K, reserved 1114112K
  class space    used 6257K, committed 6656K, reserved 1048576K
}
Event: 7.204 GC heap after
{Heap after GC invocations=29 (full 3):
 PSYoungGen      total 22528K, used 0K [0x00000000eab00000, 0x00000000ec300000, 0x0000000100000000)
  eden space 20992K, 0% used [0x00000000eab00000,0x00000000eab00000,0x00000000ebf80000)
  from space 1536K, 0% used [0x00000000ec180000,0x00000000ec180000,0x00000000ec300000)
  to   space 1536K, 0% used [0x00000000ec000000,0x00000000ec000000,0x00000000ec180000)
 ParOldGen       total 68608K, used 36040K [0x00000000c0000000, 0x00000000c4300000, 0x00000000eab00000)
  object space 68608K, 52% used [0x00000000c0000000,0x00000000c23322b8,0x00000000c4300000)
 Metaspace       used 58750K, committed 59776K, reserved 1114112K
  class space    used 6254K, committed 6656K, reserved 1048576K
}
Event: 7.510 GC heap before
{Heap before GC invocations=30 (full 3):
 PSYoungGen      total 22528K, used 20992K [0x00000000eab00000, 0x00000000ec300000, 0x0000000100000000)
  eden space 20992K, 100% used [0x00000000eab00000,0x00000000ebf80000,0x00000000ebf80000)
  from space 1536K, 0% used [0x00000000ec180000,0x00000000ec180000,0x00000000ec300000)
  to   space 1536K, 0% used [0x00000000ec000000,0x00000000ec000000,0x00000000ec180000)
 ParOldGen       total 68608K, used 36040K [0x00000000c0000000, 0x00000000c4300000, 0x00000000eab00000)
  object space 68608K, 52% used [0x00000000c0000000,0x00000000c23322b8,0x00000000c4300000)
 Metaspace       used 59449K, committed 60544K, reserved 1114112K
  class space    used 6317K, committed 6784K, reserved 1048576K
}
Event: 7.512 GC heap after
{Heap after GC invocations=30 (full 3):
 PSYoungGen      total 22528K, used 1521K [0x00000000eab00000, 0x00000000ec680000, 0x0000000100000000)
  eden space 20992K, 0% used [0x00000000eab00000,0x00000000eab00000,0x00000000ebf80000)
  from space 1536K, 99% used [0x00000000ec000000,0x00000000ec17c520,0x00000000ec180000)
  to   space 3584K, 0% used [0x00000000ec300000,0x00000000ec300000,0x00000000ec680000)
 ParOldGen       total 68608K, used 37588K [0x00000000c0000000, 0x00000000c4300000, 0x00000000eab00000)
  object space 68608K, 54% used [0x00000000c0000000,0x00000000c24b5080,0x00000000c4300000)
 Metaspace       used 59449K, committed 60544K, reserved 1114112K
  class space    used 6317K, committed 6784K, reserved 1048576K
}
Event: 7.628 GC heap before
{Heap before GC invocations=31 (full 3):
 PSYoungGen      total 22528K, used 22513K [0x00000000eab00000, 0x00000000ec680000, 0x0000000100000000)
  eden space 20992K, 100% used [0x00000000eab00000,0x00000000ebf80000,0x00000000ebf80000)
  from space 1536K, 99% used [0x00000000ec000000,0x00000000ec17c520,0x00000000ec180000)
  to   space 3584K, 0% used [0x00000000ec300000,0x00000000ec300000,0x00000000ec680000)
 ParOldGen       total 68608K, used 37588K [0x00000000c0000000, 0x00000000c4300000, 0x00000000eab00000)
  object space 68608K, 54% used [0x00000000c0000000,0x00000000c24b5080,0x00000000c4300000)
 Metaspace       used 59480K, committed 60608K, reserved 1114112K
  class space    used 6317K, committed 6784K, reserved 1048576K
}
Event: 7.629 GC heap after
{Heap after GC invocations=31 (full 3):
 PSYoungGen      total 22016K, used 1010K [0x00000000eab00000, 0x00000000ec400000, 0x0000000100000000)
  eden space 20992K, 0% used [0x00000000eab00000,0x00000000eab00000,0x00000000ebf80000)
  from space 1024K, 98% used [0x00000000ec300000,0x00000000ec3fcb98,0x00000000ec400000)
  to   space 2048K, 0% used [0x00000000ec000000,0x00000000ec000000,0x00000000ec200000)
 ParOldGen       total 68608K, used 38930K [0x00000000c0000000, 0x00000000c4300000, 0x00000000eab00000)
  object space 68608K, 56% used [0x00000000c0000000,0x00000000c2604bb0,0x00000000c4300000)
 Metaspace       used 59480K, committed 60608K, reserved 1114112K
  class space    used 6317K, committed 6784K, reserved 1048576K
}
Event: 7.896 GC heap before
{Heap before GC invocations=32 (full 3):
 PSYoungGen      total 22016K, used 22002K [0x00000000eab00000, 0x00000000ec400000, 0x0000000100000000)
  eden space 20992K, 100% used [0x00000000eab00000,0x00000000ebf80000,0x00000000ebf80000)
  from space 1024K, 98% used [0x00000000ec300000,0x00000000ec3fcb98,0x00000000ec400000)
  to   space 2048K, 0% used [0x00000000ec000000,0x00000000ec000000,0x00000000ec200000)
 ParOldGen       total 68608K, used 38930K [0x00000000c0000000, 0x00000000c4300000, 0x00000000eab00000)
  object space 68608K, 56% used [0x00000000c0000000,0x00000000c2604bb0,0x00000000c4300000)
 Metaspace       used 60883K, committed 61952K, reserved 1114112K
  class space    used 6449K, committed 6912K, reserved 1048576K
}
Event: 7.898 GC heap after
{Heap after GC invocations=32 (full 3):
 PSYoungGen      total 23040K, used 2041K [0x00000000eab00000, 0x00000000ec680000, 0x0000000100000000)
  eden space 20992K, 0% used [0x00000000eab00000,0x00000000eab00000,0x00000000ebf80000)
  from space 2048K, 99% used [0x00000000ec000000,0x00000000ec1fe680,0x00000000ec200000)
  to   space 3584K, 0% used [0x00000000ec300000,0x00000000ec300000,0x00000000ec680000)
 ParOldGen       total 68608K, used 39713K [0x00000000c0000000, 0x00000000c4300000, 0x00000000eab00000)
  object space 68608K, 57% used [0x00000000c0000000,0x00000000c26c8438,0x00000000c4300000)
 Metaspace       used 60883K, committed 61952K, reserved 1114112K
  class space    used 6449K, committed 6912K, reserved 1048576K
}

Dll operation events (10 events):
Event: 0.013 Loaded shared library c:\Users\yenho\.vscode\extensions\redhat.java-1.38.0-win32-x64\jre\17.0.13-win32-x86_64\bin\java.dll
Event: 0.262 Loaded shared library c:\Users\yenho\.vscode\extensions\redhat.java-1.38.0-win32-x64\jre\17.0.13-win32-x86_64\bin\zip.dll
Event: 0.265 Loaded shared library C:\Users\yenho\.vscode\extensions\redhat.java-1.38.0-win32-x64\jre\17.0.13-win32-x86_64\bin\instrument.dll
Event: 0.280 Loaded shared library C:\Users\yenho\.vscode\extensions\redhat.java-1.38.0-win32-x64\jre\17.0.13-win32-x86_64\bin\net.dll
Event: 0.282 Loaded shared library C:\Users\yenho\.vscode\extensions\redhat.java-1.38.0-win32-x64\jre\17.0.13-win32-x86_64\bin\nio.dll
Event: 0.290 Loaded shared library C:\Users\yenho\.vscode\extensions\redhat.java-1.38.0-win32-x64\jre\17.0.13-win32-x86_64\bin\zip.dll
Event: 0.309 Loaded shared library C:\Users\yenho\.vscode\extensions\redhat.java-1.38.0-win32-x64\jre\17.0.13-win32-x86_64\bin\jimage.dll
Event: 0.386 Loaded shared library c:\Users\yenho\.vscode\extensions\redhat.java-1.38.0-win32-x64\jre\17.0.13-win32-x86_64\bin\verify.dll
Event: 1.593 Loaded shared library C:\Users\yenho\AppData\Roaming\Code\User\globalStorage\redhat.java\1.38.0\config_win\org.eclipse.equinox.launcher\org.eclipse.equinox.launcher.win32.win32.x86_64_1.2.1100.v20240722-2106\eclipse_11904.dll
Event: 3.148 Loaded shared library C:\Users\yenho\AppData\Local\Temp\jna-114863977\jna15571512910358872814.dll

Deoptimization events (20 events):
Event: 7.748 Thread 0x000001e0abae5680 DEOPT PACKING pc=0x000001e09a476198 sp=0x00000026d55fe800
Event: 7.748 Thread 0x000001e0abae5680 DEOPT UNPACKING pc=0x000001e099c366a3 sp=0x00000026d55fe7e8 mode 2
Event: 7.761 Thread 0x000001e0abae5680 Uncommon trap: trap_request=0xffffff45 fr.pc=0x000001e09a45a5fc relative=0x000000000000085c
Event: 7.761 Thread 0x000001e0abae5680 Uncommon trap: reason=unstable_if action=reinterpret pc=0x000001e09a45a5fc method=lombok.eclipse.EclipseNode.traverse(Llombok/eclipse/EclipseASTVisitor;)V @ 28 c2
Event: 7.761 Thread 0x000001e0abae5680 DEOPT PACKING pc=0x000001e09a45a5fc sp=0x00000026d55fe2e0
Event: 7.761 Thread 0x000001e0abae5680 DEOPT UNPACKING pc=0x000001e099c366a3 sp=0x00000026d55fe298 mode 2
Event: 7.777 Thread 0x000001e0abae5680 Uncommon trap: trap_request=0xffffff45 fr.pc=0x000001e09a46c5f8 relative=0x0000000000000418
Event: 7.777 Thread 0x000001e0abae5680 Uncommon trap: reason=unstable_if action=reinterpret pc=0x000001e09a46c5f8 method=org.eclipse.jdt.internal.compiler.parser.Scanner.getNextToken()I @ 80 c2
Event: 7.777 Thread 0x000001e0abae5680 DEOPT PACKING pc=0x000001e09a46c5f8 sp=0x00000026d55fe2f0
Event: 7.777 Thread 0x000001e0abae5680 DEOPT UNPACKING pc=0x000001e099c366a3 sp=0x00000026d55fe298 mode 2
Event: 7.802 Thread 0x000001e0abae5680 DEOPT PACKING pc=0x000001e093294d67 sp=0x00000026d55fe720
Event: 7.802 Thread 0x000001e0abae5680 DEOPT UNPACKING pc=0x000001e099c36e43 sp=0x00000026d55fdc28 mode 0
Event: 7.832 Thread 0x000001e0abae5680 Uncommon trap: trap_request=0xffffff45 fr.pc=0x000001e09a46e304 relative=0x00000000000001e4
Event: 7.832 Thread 0x000001e0abae5680 Uncommon trap: reason=unstable_if action=reinterpret pc=0x000001e09a46e304 method=org.eclipse.jdt.internal.compiler.parser.Scanner.scanIdentifierOrKeyword()I @ 98 c2
Event: 7.832 Thread 0x000001e0abae5680 DEOPT PACKING pc=0x000001e09a46e304 sp=0x00000026d55fe130
Event: 7.832 Thread 0x000001e0abae5680 DEOPT UNPACKING pc=0x000001e099c366a3 sp=0x00000026d55fe0b8 mode 2
Event: 7.848 Thread 0x000001e0abae9340 DEOPT PACKING pc=0x000001e093312f0c sp=0x00000026d56fe450
Event: 7.849 Thread 0x000001e0abae9340 DEOPT UNPACKING pc=0x000001e099c36e43 sp=0x00000026d56fd8f0 mode 0
Event: 7.886 Thread 0x000001e0abae9340 DEOPT PACKING pc=0x000001e093312f0c sp=0x00000026d56fe420
Event: 7.886 Thread 0x000001e0abae9340 DEOPT UNPACKING pc=0x000001e099c36e43 sp=0x00000026d56fd8c0 mode 0

Classes loaded (20 events):
Event: 7.291 Loading class sun/security/provider/MD5
Event: 7.291 Loading class sun/security/provider/MD5 done
Event: 7.292 Loading class sun/security/provider/ByteArrayAccess$LE
Event: 7.292 Loading class sun/security/provider/ByteArrayAccess$LE done
Event: 7.312 Loading class java/util/stream/MatchOps$MatchKind
Event: 7.312 Loading class java/util/stream/MatchOps$MatchKind done
Event: 7.312 Loading class java/util/stream/MatchOps
Event: 7.313 Loading class java/util/stream/MatchOps done
Event: 7.313 Loading class java/util/stream/MatchOps$MatchOp
Event: 7.313 Loading class java/util/stream/MatchOps$MatchOp done
Event: 7.313 Loading class java/util/stream/MatchOps$BooleanTerminalSink
Event: 7.313 Loading class java/util/stream/MatchOps$BooleanTerminalSink done
Event: 7.314 Loading class java/util/stream/MatchOps$1MatchSink
Event: 7.314 Loading class java/util/stream/MatchOps$1MatchSink done
Event: 7.852 Loading class java/util/stream/ReduceOps$4
Event: 7.852 Loading class java/util/stream/ReduceOps$4 done
Event: 7.854 Loading class java/util/stream/ReduceOps$4ReducingSink
Event: 7.854 Loading class java/util/stream/ReduceOps$4ReducingSink done
Event: 7.856 Loading class java/nio/file/Files$2
Event: 7.856 Loading class java/nio/file/Files$2 done

Classes unloaded (13 events):
Event: 4.083 Thread 0x000001e08e2b73c0 Unloading class 0x000000010025e000 'java/lang/invoke/LambdaForm$MH+0x000000010025e000'
Event: 4.083 Thread 0x000001e08e2b73c0 Unloading class 0x000000010025dc00 'java/lang/invoke/LambdaForm$MH+0x000000010025dc00'
Event: 4.083 Thread 0x000001e08e2b73c0 Unloading class 0x000000010025d800 'java/lang/invoke/LambdaForm$MH+0x000000010025d800'
Event: 4.083 Thread 0x000001e08e2b73c0 Unloading class 0x000000010025d400 'java/lang/invoke/LambdaForm$MH+0x000000010025d400'
Event: 4.083 Thread 0x000001e08e2b73c0 Unloading class 0x000000010025d000 'java/lang/invoke/LambdaForm$BMH+0x000000010025d000'
Event: 4.083 Thread 0x000001e08e2b73c0 Unloading class 0x000000010025cc00 'java/lang/invoke/LambdaForm$DMH+0x000000010025cc00'
Event: 4.083 Thread 0x000001e08e2b73c0 Unloading class 0x0000000100258400 'java/lang/invoke/LambdaForm$DMH+0x0000000100258400'
Event: 7.154 Thread 0x000001e08e2b73c0 Unloading class 0x0000000100487800 'java/lang/invoke/LambdaForm$MH+0x0000000100487800'
Event: 7.154 Thread 0x000001e08e2b73c0 Unloading class 0x0000000100487000 'java/lang/invoke/LambdaForm$MH+0x0000000100487000'
Event: 7.154 Thread 0x000001e08e2b73c0 Unloading class 0x0000000100486800 'java/lang/invoke/LambdaForm$MH+0x0000000100486800'
Event: 7.154 Thread 0x000001e08e2b73c0 Unloading class 0x0000000100486400 'java/lang/invoke/LambdaForm$DMH+0x0000000100486400'
Event: 7.154 Thread 0x000001e08e2b73c0 Unloading class 0x0000000100485c00 'java/lang/invoke/LambdaForm$MH+0x0000000100485c00'
Event: 7.154 Thread 0x000001e08e2b73c0 Unloading class 0x0000000100485000 'java/lang/invoke/LambdaForm$MH+0x0000000100485000'

Classes redefined (0 events):
No events

Internal exceptions (20 events):
Event: 5.652 Thread 0x000001e0ab3ea630 Exception <a 'sun/nio/fs/WindowsException'{0x00000000ebcb7178}> (0x00000000ebcb7178) 
thrown [s\src\hotspot\share\prims\jni.cpp, line 516]
Event: 5.653 Thread 0x000001e0ab3ea630 Exception <a 'sun/nio/fs/WindowsException'{0x00000000ebcb8b30}> (0x00000000ebcb8b30) 
thrown [s\src\hotspot\share\prims\jni.cpp, line 516]
Event: 5.653 Thread 0x000001e0ab3e91f0 Exception <a 'sun/nio/fs/WindowsException'{0x00000000ebc89548}> (0x00000000ebc89548) 
thrown [s\src\hotspot\share\prims\jni.cpp, line 516]
Event: 5.654 Thread 0x000001e0ab3e91f0 Exception <a 'sun/nio/fs/WindowsException'{0x00000000ebc8cc20}> (0x00000000ebc8cc20) 
thrown [s\src\hotspot\share\prims\jni.cpp, line 516]
Event: 5.656 Thread 0x000001e0ab3eb560 Exception <a 'sun/nio/fs/WindowsException'{0x00000000ebcead90}> (0x00000000ebcead90) 
thrown [s\src\hotspot\share\prims\jni.cpp, line 516]
Event: 5.656 Thread 0x000001e0ab3e87d0 Exception <a 'sun/nio/fs/WindowsException'{0x00000000ebc746c0}> (0x00000000ebc746c0) 
thrown [s\src\hotspot\share\prims\jni.cpp, line 516]
Event: 5.665 Thread 0x000001e0ab3eba70 Exception <a 'sun/nio/fs/WindowsException'{0x00000000ebd09de0}> (0x00000000ebd09de0) 
thrown [s\src\hotspot\share\prims\jni.cpp, line 516]
Event: 5.665 Thread 0x000001e0ab3e5020 Exception <a 'sun/nio/fs/WindowsException'{0x00000000ebd3e110}> (0x00000000ebd3e110) 
thrown [s\src\hotspot\share\prims\jni.cpp, line 516]
Event: 5.665 Thread 0x000001e0ab3e9c10 Exception <a 'sun/nio/fs/WindowsException'{0x00000000ebcfa3f8}> (0x00000000ebcfa3f8) 
thrown [s\src\hotspot\share\prims\jni.cpp, line 516]
Event: 5.666 Thread 0x000001e0ab3e9c10 Exception <a 'sun/nio/fs/WindowsException'{0x00000000ebcfb998}> (0x00000000ebcfb998) 
thrown [s\src\hotspot\share\prims\jni.cpp, line 516]
Event: 5.666 Thread 0x000001e0ab3e5020 Exception <a 'sun/nio/fs/WindowsException'{0x00000000ebd40088}> (0x00000000ebd40088) 
thrown [s\src\hotspot\share\prims\jni.cpp, line 516]
Event: 5.666 Thread 0x000001e0ab3eba70 Exception <a 'sun/nio/fs/WindowsException'{0x00000000ebd0b3d0}> (0x00000000ebd0b3d0) 
thrown [s\src\hotspot\share\prims\jni.cpp, line 516]
Event: 5.667 Thread 0x000001e0ab3e91f0 Exception <a 'sun/nio/fs/WindowsException'{0x00000000ebd72cd0}> (0x00000000ebd72cd0) 
thrown [s\src\hotspot\share\prims\jni.cpp, line 516]
Event: 6.244 Thread 0x000001e0abae8920 Exception <a 'java/lang/ExceptionInInitializerError'{0x00000000ebaa65a0}> (0x00000000ebaa65a0) 
thrown [s\src\hotspot\share\oops\instanceKlass.cpp, line 1218]
Event: 6.282 Thread 0x000001e0abae8920 Implicit null exception at 0x000001e09a2aad2f to 0x000001e09a2aaebc
Event: 6.282 Thread 0x000001e0abae8920 Implicit null exception at 0x000001e09a216109 to 0x000001e09a2174b4
Event: 6.284 Thread 0x000001e0abae8920 Exception <a 'java/lang/NoSuchMethodError'{0x00000000ebe611b0}: 'java.lang.Object java.lang.invoke.Invokers$Holder.invokeExact_MT(java.lang.Object, int, java.lang.Object)'> (0x00000000ebe611b0) 
thrown [s\src\hotspot\share\interpreter\linkResolver.cpp, line 759]
Event: 6.718 Thread 0x000001e0abae8920 Exception <a 'java/lang/NoClassDefFoundError'{0x00000000eb38f710}: com/google/inject/servlet/ServletModuleTargetVisitor> (0x00000000eb38f710) 
thrown [s\src\hotspot\share\classfile\systemDictionary.cpp, line 245]
Event: 7.638 Thread 0x000001e0abae9340 Implicit null exception at 0x000001e09a21acac to 0x000001e09a21ad9c
Event: 7.859 Thread 0x000001e0abae5680 Exception <a 'java/lang/NoSuchMethodError'{0x00000000eb97ae10}: 'int java.lang.invoke.DirectMethodHandle$Holder.invokeSpecialIFC(java.lang.Object, java.lang.Object, java.lang.Object)'> (0x00000000eb97ae10) 
thrown [s\src\hotspot\share\interpreter\linkResolver.cpp, line 759]

VM Operations (20 events):
Event: 6.934 Executing VM operation: HandshakeAllThreads
Event: 6.964 Executing VM operation: HandshakeAllThreads done
Event: 7.011 Executing VM operation: ParallelGCFailedAllocation
Event: 7.027 Executing VM operation: ParallelGCFailedAllocation done
Event: 7.144 Executing VM operation: CollectForMetadataAllocation
Event: 7.204 Executing VM operation: CollectForMetadataAllocation done
Event: 7.495 Executing VM operation: ParallelGCFailedAllocation
Event: 7.512 Executing VM operation: ParallelGCFailedAllocation done
Event: 7.544 Executing VM operation: HandshakeAllThreads
Event: 7.546 Executing VM operation: HandshakeAllThreads done
Event: 7.624 Executing VM operation: ParallelGCFailedAllocation
Event: 7.629 Executing VM operation: ParallelGCFailedAllocation done
Event: 7.788 Executing VM operation: HandshakeAllThreads
Event: 7.802 Executing VM operation: HandshakeAllThreads done
Event: 7.853 Executing VM operation: HandshakeAllThreads
Event: 7.854 Executing VM operation: HandshakeAllThreads done
Event: 7.880 Executing VM operation: HandshakeAllThreads
Event: 7.880 Executing VM operation: HandshakeAllThreads done
Event: 7.896 Executing VM operation: ParallelGCFailedAllocation
Event: 7.898 Executing VM operation: ParallelGCFailedAllocation done

Memory protections (0 events):
No events

Nmethod flushes (20 events):
Event: 5.157 Thread 0x000001e0a9122fc0 flushing  nmethod 0x000001e093096410
Event: 5.157 Thread 0x000001e0a9122fc0 flushing  nmethod 0x000001e093096a90
Event: 5.157 Thread 0x000001e0a9122fc0 flushing  nmethod 0x000001e093096e10
Event: 5.157 Thread 0x000001e0a9122fc0 flushing  nmethod 0x000001e093097a90
Event: 5.157 Thread 0x000001e0a9122fc0 flushing  nmethod 0x000001e093099910
Event: 5.157 Thread 0x000001e0a9122fc0 flushing  nmethod 0x000001e09309a590
Event: 5.157 Thread 0x000001e0a9122fc0 flushing  nmethod 0x000001e09309b310
Event: 5.157 Thread 0x000001e0a9122fc0 flushing  nmethod 0x000001e09309b810
Event: 5.157 Thread 0x000001e0a9122fc0 flushing  nmethod 0x000001e09309bf10
Event: 5.157 Thread 0x000001e0a9122fc0 flushing  nmethod 0x000001e09309c310
Event: 5.157 Thread 0x000001e0a9122fc0 flushing  nmethod 0x000001e0930ad610
Event: 5.157 Thread 0x000001e0a9122fc0 flushing  nmethod 0x000001e0930b5d10
Event: 5.157 Thread 0x000001e0a9122fc0 flushing  nmethod 0x000001e0930ba590
Event: 5.157 Thread 0x000001e0a9122fc0 flushing  nmethod 0x000001e0930bc910
Event: 5.157 Thread 0x000001e0a9122fc0 flushing  nmethod 0x000001e0930bcf10
Event: 5.157 Thread 0x000001e0a9122fc0 flushing  nmethod 0x000001e0930d3010
Event: 5.157 Thread 0x000001e0a9122fc0 flushing  nmethod 0x000001e0930db310
Event: 5.157 Thread 0x000001e0a9122fc0 flushing  nmethod 0x000001e0930eb210
Event: 5.157 Thread 0x000001e0a9122fc0 flushing  nmethod 0x000001e0930fa590
Event: 7.563 Thread 0x000001e0a9122fc0 flushing  nmethod 0x000001e09313ef10

Events (20 events):
Event: 5.651 Thread 0x000001e0ab3e91f0 Thread added: 0x000001e0ab3ea630
Event: 5.651 Thread 0x000001e0ab3ea630 Thread added: 0x000001e0ab3e7390
Event: 5.652 Thread 0x000001e0ab3e91f0 Thread added: 0x000001e0ab3e9c10
Event: 5.652 Thread 0x000001e0ab3ea630 Thread added: 0x000001e0ab3eba70
Event: 5.653 Thread 0x000001e0ab3ea630 Thread added: 0x000001e0ab3eb560
Event: 5.653 Thread 0x000001e0ab3e91f0 Thread added: 0x000001e0ab3e5020
Event: 5.655 Thread 0x000001e0ab3eb560 Thread added: 0x000001e0ab3e8ce0
Event: 5.657 Thread 0x000001e0ab3e87d0 Thread added: 0x000001e0ab3e9700
Event: 5.660 Thread 0x000001e0ab3e87d0 Thread added: 0x000001e0ab3e6970
Event: 5.660 Thread 0x000001e0ab3e91f0 Thread added: 0x000001e0ab3e6460
Event: 5.900 Thread 0x000001e0abae5680 Thread added: 0x000001e0ab3e4600
Event: 5.900 Thread 0x000001e0abae5680 Thread added: 0x000001e0ab3e5a40
Event: 5.900 Thread 0x000001e0abae5680 Thread added: 0x000001e0ab3e78a0
Event: 5.900 Thread 0x000001e0abae5680 Thread added: 0x000001e0ab3eab40
Event: 5.900 Thread 0x000001e0abae5680 Thread added: 0x000001e0ab3e7db0
Event: 5.900 Thread 0x000001e0abae5680 Thread added: 0x000001e0ab3ea120
Event: 5.900 Thread 0x000001e0abae5680 Thread added: 0x000001e0ab3eb050
Event: 5.901 Thread 0x000001e0abae5680 Thread added: 0x000001e0ab3e4b10
Event: 5.901 Thread 0x000001e0abae5680 Thread added: 0x000001e0ab3e6e80
Event: 5.901 Thread 0x000001e0abae5680 Thread added: 0x000001e0ab3e82c0


Dynamic libraries:
0x00007ff7505a0000 - 0x00007ff7505ae000 	c:\Users\yenho\.vscode\extensions\redhat.java-1.38.0-win32-x64\jre\17.0.13-win32-x86_64\bin\java.exe
0x00007ffca76b0000 - 0x00007ffca78c7000 	C:\Windows\SYSTEM32\ntdll.dll
0x00007ffca6cb0000 - 0x00007ffca6d74000 	C:\Windows\System32\KERNEL32.DLL
0x00007ffca4ff0000 - 0x00007ffca53aa000 	C:\Windows\System32\KERNELBASE.dll
0x00007ffca4bc0000 - 0x00007ffca4cd1000 	C:\Windows\System32\ucrtbase.dll
0x00007ffca0300000 - 0x00007ffca0317000 	c:\Users\yenho\.vscode\extensions\redhat.java-1.38.0-win32-x64\jre\17.0.13-win32-x86_64\bin\jli.dll
0x00007ffca5a90000 - 0x00007ffca5c3e000 	C:\Windows\System32\USER32.dll
0x00007ffca4980000 - 0x00007ffca49a6000 	C:\Windows\System32\win32u.dll
0x00007ffca63f0000 - 0x00007ffca6419000 	C:\Windows\System32\GDI32.dll
0x00007ffca02e0000 - 0x00007ffca02fe000 	c:\Users\yenho\.vscode\extensions\redhat.java-1.38.0-win32-x64\jre\17.0.13-win32-x86_64\bin\VCRUNTIME140.dll
0x00007ffca4e10000 - 0x00007ffca4f2b000 	C:\Windows\System32\gdi32full.dll
0x00007ffca49b0000 - 0x00007ffca4a4a000 	C:\Windows\System32\msvcp_win.dll
0x00007ffc91a90000 - 0x00007ffc91d22000 	C:\Windows\WinSxS\amd64_microsoft.windows.common-controls_6595b64144ccf1df_6.0.22621.4541_none_2710d1c57384c085\COMCTL32.dll
0x00007ffca73f0000 - 0x00007ffca7497000 	C:\Windows\System32\msvcrt.dll
0x00007ffca5c40000 - 0x00007ffca5c71000 	C:\Windows\System32\IMM32.DLL
0x00007ffca02d0000 - 0x00007ffca02dc000 	c:\Users\yenho\.vscode\extensions\redhat.java-1.38.0-win32-x64\jre\17.0.13-win32-x86_64\bin\vcruntime140_1.dll
0x00007ffc56950000 - 0x00007ffc569dd000 	c:\Users\yenho\.vscode\extensions\redhat.java-1.38.0-win32-x64\jre\17.0.13-win32-x86_64\bin\msvcp140.dll
0x00007ffc35460000 - 0x00007ffc360cb000 	c:\Users\yenho\.vscode\extensions\redhat.java-1.38.0-win32-x64\jre\17.0.13-win32-x86_64\bin\server\jvm.dll
0x00007ffca70f0000 - 0x00007ffca71a2000 	C:\Windows\System32\ADVAPI32.dll
0x00007ffca6120000 - 0x00007ffca61c7000 	C:\Windows\System32\sechost.dll
0x00007ffca4d60000 - 0x00007ffca4d88000 	C:\Windows\System32\bcrypt.dll
0x00007ffca5960000 - 0x00007ffca5a74000 	C:\Windows\System32\RPCRT4.dll
0x00007ffca6e40000 - 0x00007ffca6eb1000 	C:\Windows\System32\WS2_32.dll
0x00007ffc9ee50000 - 0x00007ffc9ee84000 	C:\Windows\SYSTEM32\WINMM.dll
0x00007ffc9e9b0000 - 0x00007ffc9e9ba000 	C:\Windows\SYSTEM32\VERSION.dll
0x00007ffca37d0000 - 0x00007ffca381d000 	C:\Windows\SYSTEM32\POWRPROF.dll
0x00007ffca37b0000 - 0x00007ffca37c3000 	C:\Windows\SYSTEM32\UMPDC.dll
0x00007ffca3a80000 - 0x00007ffca3a98000 	C:\Windows\SYSTEM32\kernel.appcore.dll
0x00007ffc9eef0000 - 0x00007ffc9eefa000 	c:\Users\yenho\.vscode\extensions\redhat.java-1.38.0-win32-x64\jre\17.0.13-win32-x86_64\bin\jimage.dll
0x00007ffc9dcd0000 - 0x00007ffc9df02000 	C:\Windows\SYSTEM32\DBGHELP.DLL
0x00007ffca5d10000 - 0x00007ffca609f000 	C:\Windows\System32\combase.dll
0x00007ffca71b0000 - 0x00007ffca7287000 	C:\Windows\System32\OLEAUT32.dll
0x00007ffc9aad0000 - 0x00007ffc9ab02000 	C:\Windows\SYSTEM32\dbgcore.DLL
0x00007ffca4d90000 - 0x00007ffca4e0b000 	C:\Windows\System32\bcryptPrimitives.dll
0x00007ffca02c0000 - 0x00007ffca02ce000 	c:\Users\yenho\.vscode\extensions\redhat.java-1.38.0-win32-x64\jre\17.0.13-win32-x86_64\bin\instrument.dll
0x00007ffc9eec0000 - 0x00007ffc9eee5000 	c:\Users\yenho\.vscode\extensions\redhat.java-1.38.0-win32-x64\jre\17.0.13-win32-x86_64\bin\java.dll
0x00007ffc98820000 - 0x00007ffc98838000 	c:\Users\yenho\.vscode\extensions\redhat.java-1.38.0-win32-x64\jre\17.0.13-win32-x86_64\bin\zip.dll
0x00007ffca6430000 - 0x00007ffca6ca8000 	C:\Windows\System32\SHELL32.dll
0x00007ffca2880000 - 0x00007ffca3188000 	C:\Windows\SYSTEM32\windows.storage.dll
0x00007ffca2740000 - 0x00007ffca287f000 	C:\Windows\SYSTEM32\wintypes.dll
0x00007ffca5860000 - 0x00007ffca595a000 	C:\Windows\System32\SHCORE.dll
0x00007ffca61d0000 - 0x00007ffca622e000 	C:\Windows\System32\shlwapi.dll
0x00007ffca48b0000 - 0x00007ffca48db000 	C:\Windows\SYSTEM32\profapi.dll
0x00007ffc94f30000 - 0x00007ffc94f49000 	C:\Users\yenho\.vscode\extensions\redhat.java-1.38.0-win32-x64\jre\17.0.13-win32-x86_64\bin\net.dll
0x00007ffca0800000 - 0x00007ffca0936000 	C:\Windows\SYSTEM32\WINHTTP.dll
0x00007ffca3f00000 - 0x00007ffca3f69000 	C:\Windows\system32\mswsock.dll
0x00007ffc94790000 - 0x00007ffc947a6000 	C:\Users\yenho\.vscode\extensions\redhat.java-1.38.0-win32-x64\jre\17.0.13-win32-x86_64\bin\nio.dll
0x00007ffc9efc0000 - 0x00007ffc9efd0000 	c:\Users\yenho\.vscode\extensions\redhat.java-1.38.0-win32-x64\jre\17.0.13-win32-x86_64\bin\verify.dll
0x00007ffc2bfa0000 - 0x00007ffc2bfe5000 	C:\Users\yenho\AppData\Roaming\Code\User\globalStorage\redhat.java\1.38.0\config_win\org.eclipse.equinox.launcher\org.eclipse.equinox.launcher.win32.win32.x86_64_1.2.1100.v20240722-2106\eclipse_11904.dll
0x00007ffca74a0000 - 0x00007ffca7645000 	C:\Windows\System32\ole32.dll
0x00007ffca4170000 - 0x00007ffca418b000 	C:\Windows\SYSTEM32\CRYPTSP.dll
0x00007ffca39d0000 - 0x00007ffca3a05000 	C:\Windows\system32\rsaenh.dll
0x00007ffca4000000 - 0x00007ffca4028000 	C:\Windows\SYSTEM32\USERENV.dll
0x00007ffca4160000 - 0x00007ffca416c000 	C:\Windows\SYSTEM32\CRYPTBASE.dll
0x00007ffca3460000 - 0x00007ffca348d000 	C:\Windows\SYSTEM32\IPHLPAPI.DLL
0x00007ffca6420000 - 0x00007ffca6429000 	C:\Windows\System32\NSI.dll
0x00007ffc9f3f0000 - 0x00007ffc9f409000 	C:\Windows\SYSTEM32\dhcpcsvc6.DLL
0x00007ffc9f3d0000 - 0x00007ffc9f3ef000 	C:\Windows\SYSTEM32\dhcpcsvc.DLL
0x00007ffca34d0000 - 0x00007ffca35d2000 	C:\Windows\SYSTEM32\DNSAPI.dll
0x00007ffc15be0000 - 0x00007ffc15c29000 	C:\Users\yenho\AppData\Local\Temp\jna-114863977\jna15571512910358872814.dll
0x00007ffca5a80000 - 0x00007ffca5a88000 	C:\Windows\System32\PSAPI.DLL

dbghelp: loaded successfully - version: 4.0.5 - missing functions: none
symbol engine: initialized successfully - sym options: 0x614 - pdb path: .;c:\Users\yenho\.vscode\extensions\redhat.java-1.38.0-win32-x64\jre\17.0.13-win32-x86_64\bin;C:\Windows\SYSTEM32;C:\Windows\WinSxS\amd64_microsoft.windows.common-controls_6595b64144ccf1df_6.0.22621.4541_none_2710d1c57384c085;c:\Users\yenho\.vscode\extensions\redhat.java-1.38.0-win32-x64\jre\17.0.13-win32-x86_64\bin\server;C:\Users\yenho\AppData\Roaming\Code\User\globalStorage\redhat.java\1.38.0\config_win\org.eclipse.equinox.launcher\org.eclipse.equinox.launcher.win32.win32.x86_64_1.2.1100.v20240722-2106;C:\Users\yenho\AppData\Local\Temp\jna-114863977

VM Arguments:
jvm_args: --add-modules=ALL-SYSTEM --add-opens=java.base/java.util=ALL-UNNAMED --add-opens=java.base/java.lang=ALL-UNNAMED --add-opens=java.base/sun.nio.fs=ALL-UNNAMED -Declipse.application=org.eclipse.jdt.ls.core.id1 -Dosgi.bundles.defaultStartLevel=4 -Declipse.product=org.eclipse.jdt.ls.core.product -Djava.import.generatesMetadataFilesAtProjectRoot=false -DDetectVMInstallationsJob.disabled=true -Dfile.encoding=utf8 -XX:+UseParallelGC -XX:GCTimeRatio=4 -XX:AdaptiveSizePolicyWeight=90 -Dsun.zip.disableMemoryMapping=true -Xmx1G -Xms100m -Xlog:disable -javaagent:c:\Users\yenho\.vscode\extensions\redhat.java-1.38.0-win32-x64\lombok\lombok-1.18.34.jar -XX:+HeapDumpOnOutOfMemoryError -XX:HeapDumpPath=c:\Users\yenho\AppData\Roaming\Code\User\workspaceStorage\be8ad8b4014e26bb98f6d4fcdc527ed2\redhat.java -Daether.dependencyCollector.impl=bf 
java_command: c:\Users\yenho\.vscode\extensions\redhat.java-1.38.0-win32-x64\server\plugins\org.eclipse.equinox.launcher_1.6.900.v20240613-2009.jar -configuration c:\Users\yenho\AppData\Roaming\Code\User\globalStorage\redhat.java\1.38.0\config_win -data c:\Users\yenho\AppData\Roaming\Code\User\workspaceStorage\be8ad8b4014e26bb98f6d4fcdc527ed2\redhat.java\jdt_ws --pipe=\\.\pipe\lsp-14cb8f4ce24519642e8823466fee8651-sock
java_class_path (initial): c:\Users\yenho\.vscode\extensions\redhat.java-1.38.0-win32-x64\server\plugins\org.eclipse.equinox.launcher_1.6.900.v20240613-2009.jar
Launcher Type: SUN_STANDARD

[Global flags]
    uintx AdaptiveSizePolicyWeight                 = 90                                        {product} {command line}
     intx CICompilerCount                          = 4                                         {product} {ergonomic}
    uintx GCTimeRatio                              = 4                                         {product} {command line}
     bool HeapDumpOnOutOfMemoryError               = true                                   {manageable} {command line}
    ccstr HeapDumpPath                             = c:\Users\yenho\AppData\Roaming\Code\User\workspaceStorage\be8ad8b4014e26bb98f6d4fcdc527ed2\redhat.java         {manageable} {command line}
   size_t InitialHeapSize                          = 104857600                                 {product} {command line}
   size_t MaxHeapSize                              = 1073741824                                {product} {command line}
   size_t MaxNewSize                               = 357564416                                 {product} {ergonomic}
   size_t MinHeapDeltaBytes                        = 524288                                    {product} {ergonomic}
   size_t MinHeapSize                              = 104857600                                 {product} {command line}
   size_t NewSize                                  = 34603008                                  {product} {ergonomic}
    uintx NonNMethodCodeHeapSize                   = 5839372                                {pd product} {ergonomic}
    uintx NonProfiledCodeHeapSize                  = 122909434                              {pd product} {ergonomic}
   size_t OldSize                                  = 70254592                                  {product} {ergonomic}
    uintx ProfiledCodeHeapSize                     = 122909434                              {pd product} {ergonomic}
    uintx ReservedCodeCacheSize                    = 251658240                              {pd product} {ergonomic}
     bool SegmentedCodeCache                       = true                                      {product} {ergonomic}
   size_t SoftMaxHeapSize                          = 1073741824                             {manageable} {ergonomic}
     bool UseCompressedClassPointers               = true                           {product lp64_product} {ergonomic}
     bool UseCompressedOops                        = true                           {product lp64_product} {ergonomic}
     bool UseLargePagesIndividualAllocation        = false                                  {pd product} {ergonomic}
     bool UseParallelGC                            = true                                      {product} {command line}

Logging:
Log output configuration:
 #0: stdout all=off uptime,level,tags
 #1: stderr all=off uptime,level,tags

Environment Variables:
JAVA_HOME=C:\Program Files\Java\jdk-17
PATH=C:\Program Files\Common Files\Oracle\Java\javapath;C:\Windows\system32;C:\Windows;C:\Windows\System32\Wbem;C:\Windows\System32\WindowsPowerShell\v1.0\;C:\Windows\System32\OpenSSH\;C:\Program Files (x86)\NVIDIA Corporation\PhysX\Common;C:\Program Files\NVIDIA Corporation\NVIDIA NvDLISR;C:\Windows\system32;C:\Windows;C:\Windows\System32\Wbem;C:\Windows\System32\WindowsPowerShell\v1.0\;C:\Windows\System32\OpenSSH\;C:\Program Files\dotnet\;C:\Program Files (x86)\Yarn\bin\;C:\Program Files\nodejs\;C:\Program Files\Java\jdk-17\bin;C:\Users\yenho\AppData\Local\Android\Sdk\platform-tools;C:\Program Files\Git\cmd;C:\Users\yenho\AppData\Local\Microsoft\WindowsApps;C:\Users\yenho\AppData\Local\Programs\Microsoft VS Code\bin;C:\Users\yenho\.dotnet\tools;C:\Users\yenho\AppData\Local\Yarn\bin;C:\Users\yenho\AppData\Roaming\npm;C:\Users\yenho\AppData\Local\GitHubDesktop\bin
USERNAME=yenho
OS=Windows_NT
PROCESSOR_IDENTIFIER=AMD64 Family 25 Model 68 Stepping 1, AuthenticAMD
TMP=C:\Users\yenho\AppData\Local\Temp
TEMP=C:\Users\yenho\AppData\Local\Temp



Periodic native trim disabled


---------------  S Y S T E M  ---------------

OS:
 Windows 11 , 64 bit Build 22621 (10.0.22621.4391)
OS uptime: 0 days 1:04 hours
Hyper-V role detected

CPU: total 12 (initial active 12) (12 cores per cpu, 2 threads per core) family 25 model 68 stepping 1 microcode 0x0, cx8, cmov, fxsr, ht, mmx, 3dnowpref, sse, sse2, sse3, ssse3, sse4a, sse4.1, sse4.2, popcnt, lzcnt, tsc, tscinvbit, avx, avx2, aes, erms, clmul, bmi1, bmi2, adx, sha, fma, vzeroupper, clflush, clflushopt, hv
Processor Information for all 12 processors :
  Max Mhz: 3301, Current Mhz: 3301, Mhz Limit: 3301

Memory: 4k page, system-wide physical 7365M (326M free)
TotalPageFile size 29893M (AvailPageFile size 43M)
current process WorkingSet (physical memory assigned to process): 247M, peak: 251M
current process commit charge ("private bytes"): 327M, peak: 330M

vm_info: OpenJDK 64-Bit Server VM (17.0.13+11) for windows-amd64 JRE (17.0.13+11), built on Oct 16 2024 00:10:08 by "admin" with MS VC++ 17.7 (VS2022)

END.
