#
# There is insufficient memory for the Java Runtime Environment to continue.
# Native memory allocation (malloc) failed to allocate 1520816 bytes. Error detail: Chunk::new
# Possible reasons:
#   The system is out of physical RAM or swap space
#   This process is running with CompressedOops enabled, and the Java Heap may be blocking the growth of the native heap
# Possible solutions:
#   Reduce memory load on the system
#   Increase physical memory or swap space
#   Check if swap backing store is full
#   Decrease Java heap size (-Xmx/-Xms)
#   Decrease number of Java threads
#   Decrease Java thread stack sizes (-Xss)
#   Set larger code cache with -XX:ReservedCodeCacheSize=
#   JVM is running with Unscaled Compressed Oops mode in which the Java heap is
#     placed in the first 4GB address space. The Java Heap base address is the
#     maximum limit for the native heap growth. Please use -XX:HeapBaseMinAddress
#     to set the Java Heap base and to place the Java Heap above 4GB virtual address.
# This output file may be truncated or incomplete.
#
#  Out of Memory Error (arena.cpp:191), pid=18772, tid=13008
#
# JRE version: OpenJDK Runtime Environment Temurin-17.0.13+11 (17.0.13+11) (build 17.0.13+11)
# Java VM: OpenJDK 64-Bit Server VM Temurin-17.0.13+11 (17.0.13+11, mixed mode, tiered, compressed oops, compressed class ptrs, parallel gc, windows-amd64)
# No core dump will be written. Minidumps are not enabled by default on client versions of Windows
#

---------------  S U M M A R Y ------------

Command Line: --add-modules=ALL-SYSTEM --add-opens=java.base/java.util=ALL-UNNAMED --add-opens=java.base/java.lang=ALL-UNNAMED --add-opens=java.base/sun.nio.fs=ALL-UNNAMED -Declipse.application=org.eclipse.jdt.ls.core.id1 -Dosgi.bundles.defaultStartLevel=4 -Declipse.product=org.eclipse.jdt.ls.core.product -Djava.import.generatesMetadataFilesAtProjectRoot=false -DDetectVMInstallationsJob.disabled=true -Dfile.encoding=utf8 -XX:+UseParallelGC -XX:GCTimeRatio=4 -XX:AdaptiveSizePolicyWeight=90 -Dsun.zip.disableMemoryMapping=true -Xmx1G -Xms100m -Xlog:disable -javaagent:c:\Users\yenho\.vscode\extensions\redhat.java-1.38.0-win32-x64\lombok\lombok-1.18.34.jar -XX:+HeapDumpOnOutOfMemoryError -XX:HeapDumpPath=c:\Users\yenho\AppData\Roaming\Code\User\workspaceStorage\be8ad8b4014e26bb98f6d4fcdc527ed2\redhat.java -Daether.dependencyCollector.impl=bf c:\Users\yenho\.vscode\extensions\redhat.java-1.38.0-win32-x64\server\plugins\org.eclipse.equinox.launcher_1.6.900.v20240613-2009.jar -configuration c:\Users\yenho\AppData\Roaming\Code\User\globalStorage\redhat.java\1.38.0\config_win -data c:\Users\yenho\AppData\Roaming\Code\User\workspaceStorage\be8ad8b4014e26bb98f6d4fcdc527ed2\redhat.java\jdt_ws --pipe=\\.\pipe\lsp-ca4b46445e4e424159f2cb702424ffd8-sock

Host: AMD Ryzen 5 7535HS with Radeon Graphics        , 12 cores, 7G,  Windows 11 , 64 bit Build 22621 (10.0.22621.4391)
Time: Thu Jan  9 14:32:01 2025 SE Asia Standard Time elapsed time: 9.812634 seconds (0d 0h 0m 9s)

---------------  T H R E A D  ---------------

Current thread (0x0000024407805e00):  JavaThread "C2 CompilerThread2" daemon [_thread_in_native, id=13008, stack(0x0000008375e00000,0x0000008375f00000)]


Current CompileTask:
C2:   9812 10226       4       org.eclipse.core.internal.resources.AliasManager$LocationMap$$Lambda$180/0x0000000100295108::compare (14 bytes)

Stack: [0x0000008375e00000,0x0000008375f00000]
Native frames: (J=compiled Java code, j=interpreted, Vv=VM code, C=native code)
V  [jvm.dll+0x682a19]
V  [jvm.dll+0x839538]
V  [jvm.dll+0x83afe3]
V  [jvm.dll+0x83b653]
V  [jvm.dll+0x24704f]
V  [jvm.dll+0xace34]
V  [jvm.dll+0xad4cc]
V  [jvm.dll+0x36592f]
V  [jvm.dll+0x32fbd8]
V  [jvm.dll+0x32f05a]
V  [jvm.dll+0x21804f]
V  [jvm.dll+0x21748f]
V  [jvm.dll+0x1a3070]
V  [jvm.dll+0x22788c]
V  [jvm.dll+0x2259eb]
V  [jvm.dll+0x7eec98]
V  [jvm.dll+0x7e8ffc]
V  [jvm.dll+0x6818f7]
C  [ucrtbase.dll+0x29333]
C  [KERNEL32.DLL+0x1259d]
C  [ntdll.dll+0x5af38]


---------------  P R O C E S S  ---------------

Threads class SMR info:
_java_thread_list=0x0000024409c66250, length=88, elements={
0x000002446729ce90, 0x000002447b11f030, 0x000002447b120390, 0x00000244050aaf50,
0x00000244050ab820, 0x000002447b12c3c0, 0x000002447b12d3d0, 0x0000024405093ac0,
0x0000024405096b80, 0x0000024405097d60, 0x00000244051884f0, 0x00000244050c23f0,
0x00000244053eb4b0, 0x00000244072c2610, 0x0000024406f67dd0, 0x00000244073cd5e0,
0x00000244073cdac0, 0x0000024407766920, 0x0000024407829bc0, 0x0000024407827d60,
0x0000024407805e00, 0x000002440782a5e0, 0x0000024407828780, 0x000002440782aaf0,
0x000002440782a0d0, 0x0000024407828c90, 0x000002440782b000, 0x00000244078296b0,
0x0000024409d4f710, 0x0000024409d533d0, 0x0000024409d4d3a0, 0x0000024409d4c980,
0x0000024409d50640, 0x0000024409d538e0, 0x0000024409d54300, 0x0000024409d4ce90,
0x0000024409d52ec0, 0x0000024409d4d8b0, 0x0000024409d4e7e0, 0x0000024409d50b50,
0x0000024409d53df0, 0x0000024409d4ddc0, 0x0000024409d4e2d0, 0x0000024409d4ecf0,
0x000002440909f840, 0x000002440937e9d0, 0x0000024412912f00, 0x0000024412afb750,
0x000002440909e910, 0x000002440931b920, 0x000002440a520ae0, 0x000002440909e400,
0x000002440a520ff0, 0x0000024409d4f200, 0x0000024412afa820, 0x00000244129124e0,
0x00000244129115b0, 0x000002440a3ea4e0, 0x000002440a3a5430, 0x000002440a3a6360,
0x000002440a3a6870, 0x000002440a3a5940, 0x000002440a3a6d80, 0x000002440a3a5e50,
0x0000024412ac1160, 0x000002440937f900, 0x00000244129129f0, 0x000002440931be30,
0x0000024412abf300, 0x0000024412abfd20, 0x0000024412abf810, 0x0000024412ac2090,
0x0000024412ac25a0, 0x0000024412ac2ab0, 0x0000024412ac0230, 0x0000024412ac0740,
0x0000024412ac0c50, 0x000002440a3e95b0, 0x000002440a3e9ac0, 0x000002440931af00,
0x0000024412af9e00, 0x000002440937eee0, 0x000002440937e4c0, 0x000002441328fdf0,
0x000002440a3ea9f0, 0x0000024412afa310, 0x0000024412afad30, 0x000002440a427cf0
}

Java Threads: ( => current thread )
  0x000002446729ce90 JavaThread "main" [_thread_blocked, id=11604, stack(0x0000008373d00000,0x0000008373e00000)]
  0x000002447b11f030 JavaThread "Reference Handler" daemon [_thread_blocked, id=22484, stack(0x0000008374000000,0x0000008374100000)]
  0x000002447b120390 JavaThread "Finalizer" daemon [_thread_blocked, id=6916, stack(0x0000008374100000,0x0000008374200000)]
  0x00000244050aaf50 JavaThread "Signal Dispatcher" daemon [_thread_blocked, id=18728, stack(0x0000008374200000,0x0000008374300000)]
  0x00000244050ab820 JavaThread "Attach Listener" daemon [_thread_blocked, id=18752, stack(0x0000008374300000,0x0000008374400000)]
  0x000002447b12c3c0 JavaThread "Service Thread" daemon [_thread_blocked, id=20264, stack(0x0000008374400000,0x0000008374500000)]
  0x000002447b12d3d0 JavaThread "Monitor Deflation Thread" daemon [_thread_blocked, id=10276, stack(0x0000008374500000,0x0000008374600000)]
  0x0000024405093ac0 JavaThread "C2 CompilerThread0" daemon [_thread_in_native, id=23588, stack(0x0000008374600000,0x0000008374700000)]
  0x0000024405096b80 JavaThread "C1 CompilerThread0" daemon [_thread_blocked, id=23008, stack(0x0000008374700000,0x0000008374800000)]
  0x0000024405097d60 JavaThread "Sweeper thread" daemon [_thread_blocked, id=4236, stack(0x0000008374800000,0x0000008374900000)]
  0x00000244051884f0 JavaThread "Common-Cleaner" daemon [_thread_blocked, id=5780, stack(0x0000008374900000,0x0000008374a00000)]
  0x00000244050c23f0 JavaThread "C2 CompilerThread1" daemon [_thread_in_native, id=21140, stack(0x0000008374a00000,0x0000008374b00000)]
  0x00000244053eb4b0 JavaThread "Notification Thread" daemon [_thread_blocked, id=23320, stack(0x0000008374b00000,0x0000008374c00000)]
  0x00000244072c2610 JavaThread "Active Thread: Equinox Container: 4a3e6e54-9bb5-492d-9edd-2e5f1b26890d" [_thread_blocked, id=22620, stack(0x0000008375400000,0x0000008375500000)]
  0x0000024406f67dd0 JavaThread "Refresh Thread: Equinox Container: 4a3e6e54-9bb5-492d-9edd-2e5f1b26890d" daemon [_thread_blocked, id=9860, stack(0x0000008375500000,0x0000008375600000)]
  0x00000244073cd5e0 JavaThread "Framework Event Dispatcher: Equinox Container: 4a3e6e54-9bb5-492d-9edd-2e5f1b26890d" daemon [_thread_blocked, id=14632, stack(0x0000008375600000,0x0000008375700000)]
  0x00000244073cdac0 JavaThread "Start Level: Equinox Container: 4a3e6e54-9bb5-492d-9edd-2e5f1b26890d" daemon [_thread_blocked, id=23884, stack(0x0000008375700000,0x0000008375800000)]
  0x0000024407766920 JavaThread "Bundle File Closer" daemon [_thread_blocked, id=7836, stack(0x0000008375900000,0x0000008375a00000)]
  0x0000024407829bc0 JavaThread "SCR Component Actor" daemon [_thread_blocked, id=9656, stack(0x0000008375b00000,0x0000008375c00000)]
  0x0000024407827d60 JavaThread "Worker-JM" [_thread_blocked, id=11192, stack(0x0000008375d00000,0x0000008375e00000)]
=>0x0000024407805e00 JavaThread "C2 CompilerThread2" daemon [_thread_in_native, id=13008, stack(0x0000008375e00000,0x0000008375f00000)]
  0x000002440782a5e0 JavaThread "JNA Cleaner" daemon [_thread_blocked, id=2312, stack(0x0000008375f00000,0x0000008376000000)]
  0x0000024407828780 JavaThread "Worker-0: Check JDK Index" [_thread_blocked, id=21112, stack(0x0000008376000000,0x0000008376100000)]
  0x000002440782aaf0 JavaThread "Worker-1" [_thread_blocked, id=19152, stack(0x0000008376100000,0x0000008376200000)]
  0x000002440782a0d0 JavaThread "Java indexing" daemon [_thread_in_native, id=11336, stack(0x0000008376200000,0x0000008376300000)]
  0x0000024407828c90 JavaThread "Thread-2" daemon [_thread_in_native, id=17568, stack(0x0000008376300000,0x0000008376400000)]
  0x000002440782b000 JavaThread "Thread-3" daemon [_thread_in_native, id=20188, stack(0x0000008376400000,0x0000008376500000)]
  0x00000244078296b0 JavaThread "Thread-4" daemon [_thread_in_native, id=14808, stack(0x0000008376500000,0x0000008376600000)]
  0x0000024409d4f710 JavaThread "Thread-5" daemon [_thread_in_native, id=24320, stack(0x0000008376600000,0x0000008376700000)]
  0x0000024409d533d0 JavaThread "Thread-6" daemon [_thread_in_native, id=2228, stack(0x0000008376700000,0x0000008376800000)]
  0x0000024409d4d3a0 JavaThread "Thread-7" daemon [_thread_in_native, id=7652, stack(0x0000008376800000,0x0000008376900000)]
  0x0000024409d4c980 JavaThread "Thread-8" daemon [_thread_in_native, id=4148, stack(0x0000008376900000,0x0000008376a00000)]
  0x0000024409d50640 JavaThread "Thread-9" daemon [_thread_in_native, id=15892, stack(0x0000008376a00000,0x0000008376b00000)]
  0x0000024409d538e0 JavaThread "Thread-10" daemon [_thread_in_native, id=23656, stack(0x0000008376b00000,0x0000008376c00000)]
  0x0000024409d54300 JavaThread "Thread-11" daemon [_thread_in_native, id=12928, stack(0x0000008376c00000,0x0000008376d00000)]
  0x0000024409d4ce90 JavaThread "Thread-12" daemon [_thread_in_native, id=21488, stack(0x0000008376d00000,0x0000008376e00000)]
  0x0000024409d52ec0 JavaThread "Thread-13" daemon [_thread_in_native, id=7140, stack(0x0000008376e00000,0x0000008376f00000)]
  0x0000024409d4d8b0 JavaThread "Thread-14" daemon [_thread_in_native, id=17680, stack(0x0000008376f00000,0x0000008377000000)]
  0x0000024409d4e7e0 JavaThread "pool-2-thread-1" [_thread_blocked, id=13468, stack(0x0000008377000000,0x0000008377100000)]
  0x0000024409d50b50 JavaThread "Worker-2" [_thread_blocked, id=15168, stack(0x0000008377100000,0x0000008377200000)]
  0x0000024409d53df0 JavaThread "Worker-3" [_thread_blocked, id=13576, stack(0x0000008377200000,0x0000008377300000)]
  0x0000024409d4ddc0 JavaThread "Worker-4: Java indexing... " [_thread_blocked, id=21392, stack(0x0000008377300000,0x0000008377400000)]
  0x0000024409d4e2d0 JavaThread "WorkspaceEventsHandler" [_thread_blocked, id=1004, stack(0x0000008377400000,0x0000008377500000)]
  0x0000024409d4ecf0 JavaThread "pool-1-thread-1" [_thread_blocked, id=2060, stack(0x0000008377500000,0x0000008377600000)]
  0x000002440909f840 JavaThread "Worker-5" [_thread_blocked, id=22120, stack(0x0000008377600000,0x0000008377700000)]
  0x000002440937e9d0 JavaThread "Worker-6" [_thread_blocked, id=5428, stack(0x0000008377700000,0x0000008377800000)]
  0x0000024412912f00 JavaThread "LocalFile Deleter" daemon [_thread_blocked, id=11892, stack(0x0000008377800000,0x0000008377900000)]
  0x0000024412afb750 JavaThread "LocalFile Deleter" daemon [_thread_blocked, id=7540, stack(0x0000008377900000,0x0000008377a00000)]
  0x000002440909e910 JavaThread "LocalFile Deleter" daemon [_thread_blocked, id=14188, stack(0x0000008377a00000,0x0000008377b00000)]
  0x000002440931b920 JavaThread "LocalFile Deleter" daemon [_thread_blocked, id=18756, stack(0x0000008377b00000,0x0000008377c00000)]
  0x000002440a520ae0 JavaThread "LocalFile Deleter" daemon [_thread_blocked, id=12800, stack(0x0000008377c00000,0x0000008377d00000)]
  0x000002440909e400 JavaThread "LocalFile Deleter" daemon [_thread_blocked, id=19520, stack(0x0000008377d00000,0x0000008377e00000)]
  0x000002440a520ff0 JavaThread "LocalFile Deleter" daemon [_thread_blocked, id=17696, stack(0x0000008377e00000,0x0000008377f00000)]
  0x0000024409d4f200 JavaThread "LocalFile Deleter" daemon [_thread_blocked, id=23512, stack(0x0000008377f00000,0x0000008378000000)]
  0x0000024412afa820 JavaThread "LocalFile Deleter" daemon [_thread_blocked, id=16192, stack(0x0000008378000000,0x0000008378100000)]
  0x00000244129124e0 JavaThread "LocalFile Deleter" daemon [_thread_blocked, id=9360, stack(0x0000008378100000,0x0000008378200000)]
  0x00000244129115b0 JavaThread "LocalFile Deleter" daemon [_thread_blocked, id=17704, stack(0x0000008378200000,0x0000008378300000)]
  0x000002440a3ea4e0 JavaThread "LocalFile Deleter" daemon [_thread_blocked, id=16656, stack(0x0000008378300000,0x0000008378400000)]
  0x000002440a3a5430 JavaThread "Compiler Source File Reader" daemon [_thread_blocked, id=17692, stack(0x0000008378400000,0x0000008378500000)]
  0x000002440a3a6360 JavaThread "Compiler Source File Reader" daemon [_thread_blocked, id=17720, stack(0x0000008378500000,0x0000008378600000)]
  0x000002440a3a6870 JavaThread "Compiler Source File Reader" daemon [_thread_blocked, id=20792, stack(0x0000008378600000,0x0000008378700000)]
  0x000002440a3a5940 JavaThread "Compiler Source File Reader" daemon [_thread_blocked, id=19060, stack(0x0000008378700000,0x0000008378800000)]
  0x000002440a3a6d80 JavaThread "Compiler Source File Reader" daemon [_thread_blocked, id=19108, stack(0x0000008378800000,0x0000008378900000)]
  0x000002440a3a5e50 JavaThread "Compiler Source File Reader" daemon [_thread_blocked, id=17228, stack(0x0000008378900000,0x0000008378a00000)]
  0x0000024412ac1160 JavaThread "Compiler Source File Reader" daemon [_thread_blocked, id=14260, stack(0x0000008378a00000,0x0000008378b00000)]
  0x000002440937f900 JavaThread "Compiler Source File Reader" daemon [_thread_blocked, id=9516, stack(0x0000008378b00000,0x0000008378c00000)]
  0x00000244129129f0 JavaThread "Compiler Source File Reader" daemon [_thread_blocked, id=24216, stack(0x0000008378c00000,0x0000008378d00000)]
  0x000002440931be30 JavaThread "Compiler Source File Reader" daemon [_thread_blocked, id=20500, stack(0x0000008378d00000,0x0000008378e00000)]
  0x0000024412abf300 JavaThread "Compiler Processing Task" daemon [_thread_blocked, id=21036, stack(0x0000008378e00000,0x0000008378f00000)]
  0x0000024412abfd20 JavaThread "Compiler Class File Writer" daemon [_thread_blocked, id=13588, stack(0x0000008378f00000,0x0000008379000000)]
  0x0000024412abf810 JavaThread "Compiler Class File Writer" daemon [_thread_blocked, id=11108, stack(0x0000008379000000,0x0000008379100000)]
  0x0000024412ac2090 JavaThread "Compiler Class File Writer" daemon [_thread_blocked, id=9920, stack(0x0000008379100000,0x0000008379200000)]
  0x0000024412ac25a0 JavaThread "Compiler Class File Writer" daemon [_thread_blocked, id=21016, stack(0x0000008379200000,0x0000008379300000)]
  0x0000024412ac2ab0 JavaThread "Compiler Class File Writer" daemon [_thread_blocked, id=15356, stack(0x0000008379300000,0x0000008379400000)]
  0x0000024412ac0230 JavaThread "Compiler Class File Writer" daemon [_thread_blocked, id=15292, stack(0x0000008379400000,0x0000008379500000)]
  0x0000024412ac0740 JavaThread "Compiler Class File Writer" daemon [_thread_blocked, id=2972, stack(0x0000008379500000,0x0000008379600000)]
  0x0000024412ac0c50 JavaThread "Compiler Class File Writer" daemon [_thread_blocked, id=12816, stack(0x0000008379600000,0x0000008379700000)]
  0x000002440a3e95b0 JavaThread "Compiler Class File Writer" daemon [_thread_blocked, id=22152, stack(0x0000008379700000,0x0000008379800000)]
  0x000002440a3e9ac0 JavaThread "Compiler Class File Writer" daemon [_thread_blocked, id=13464, stack(0x0000008379800000,0x0000008379900000)]
  0x000002440931af00 JavaThread "Timer-0" [_thread_blocked, id=11780, stack(0x0000008379900000,0x0000008379a00000)]
  0x0000024412af9e00 JavaThread "Exec process" [_thread_blocked, id=18132, stack(0x0000008375c00000,0x0000008375d00000)]
  0x000002440937eee0 JavaThread "Exec process Thread 2" [_thread_blocked, id=3744, stack(0x0000008379b00000,0x0000008379c00000)]
  0x000002440937e4c0 JavaThread "Exec process Thread 3" [_thread_blocked, id=23024, stack(0x0000008379c00000,0x0000008379d00000)]
  0x000002441328fdf0 JavaThread "Timer-1" [_thread_blocked, id=21380, stack(0x0000008379a00000,0x0000008379b00000)]
  0x000002440a3ea9f0 JavaThread "ForkJoinPool.commonPool-worker-1" daemon [_thread_blocked, id=20552, stack(0x0000008379d00000,0x0000008379e00000)]
  0x0000024412afa310 JavaThread "ForkJoinPool.commonPool-worker-2" daemon [_thread_blocked, id=19956, stack(0x0000008379e00000,0x0000008379f00000)]
  0x0000024412afad30 JavaThread "ForkJoinPool.commonPool-worker-3" daemon [_thread_blocked, id=10504, stack(0x0000008379f00000,0x000000837a000000)]
  0x000002440a427cf0 JavaThread "ForkJoinPool.commonPool-worker-4" daemon [_thread_blocked, id=23524, stack(0x000000837a000000,0x000000837a100000)]

Other Threads:
  0x0000024467328670 VMThread "VM Thread" [stack: 0x0000008373f00000,0x0000008374000000] [id=22880]
  0x00000244053eb990 WatcherThread [stack: 0x0000008374c00000,0x0000008374d00000] [id=3420]
  0x00000244672b3ba0 GCTaskThread "GC Thread#0" [stack: 0x0000008373e00000,0x0000008373f00000] [id=23764]
  0x0000024407015c30 GCTaskThread "GC Thread#1" [stack: 0x0000008374e00000,0x0000008374f00000] [id=18324]
  0x0000024406c8a9a0 GCTaskThread "GC Thread#2" [stack: 0x0000008374f00000,0x0000008375000000] [id=20744]
  0x0000024406dd6a80 GCTaskThread "GC Thread#3" [stack: 0x0000008375000000,0x0000008375100000] [id=14236]
  0x0000024406dd6d40 GCTaskThread "GC Thread#4" [stack: 0x0000008375100000,0x0000008375200000] [id=2608]
  0x0000024406dd7000 GCTaskThread "GC Thread#5" [stack: 0x0000008375200000,0x0000008375300000] [id=332]
  0x0000024406de34a0 GCTaskThread "GC Thread#6" [stack: 0x0000008375300000,0x0000008375400000] [id=23456]
  0x00000244075cd890 GCTaskThread "GC Thread#7" [stack: 0x0000008375800000,0x0000008375900000] [id=14348]
  0x0000024407a247c0 GCTaskThread "GC Thread#8" [stack: 0x0000008375a00000,0x0000008375b00000] [id=24068]
  0x0000024407500f80 GCTaskThread "GC Thread#9" [stack: 0x0000008374d00000,0x0000008374e00000] [id=7484]

Threads with active compile tasks:
C2 CompilerThread0     9837 10227       4       org.eclipse.core.internal.filesystem.local.LocalFile::compareTo (36 bytes)
C2 CompilerThread1     9837 10362       4       com.google.gson.stream.JsonWriter::string (169 bytes)
C2 CompilerThread2     9837 10226       4       org.eclipse.core.internal.resources.AliasManager$LocationMap$$Lambda$180/0x0000000100295108::compare (14 bytes)

VM state: not at safepoint (normal execution)

VM Mutex/Monitor currently owned by a thread: None

Heap address: 0x00000000c0000000, size: 1024 MB, Compressed Oops mode: 32-bit

CDS archive(s) not mapped
Compressed class space mapped at: 0x0000000100000000-0x0000000140000000, reserved size: 1073741824
Narrow klass base: 0x0000000000000000, Narrow klass shift: 3, Narrow klass range: 0x140000000

GC Precious Log:
 CPUs: 12 total, 12 available
 Memory: 7365M
 Large Page Support: Disabled
 NUMA Support: Disabled
 Compressed Oops: Enabled (32-bit)
 Alignments: Space 512K, Generation 512K, Heap 2M
 Heap Min Capacity: 100M
 Heap Initial Capacity: 100M
 Heap Max Capacity: 1G
 Pre-touch: Disabled
 Parallel Workers: 10

Heap:
 PSYoungGen      total 30208K, used 19653K [0x00000000eab00000, 0x00000000ed480000, 0x0000000100000000)
  eden space 18944K, 46% used [0x00000000eab00000,0x00000000eb385a18,0x00000000ebd80000)
  from space 11264K, 97% used [0x00000000ec080000,0x00000000ecb2bae8,0x00000000ecb80000)
  to   space 9216K, 0% used [0x00000000ecb80000,0x00000000ecb80000,0x00000000ed480000)
 ParOldGen       total 388096K, used 328934K [0x00000000c0000000, 0x00000000d7b00000, 0x00000000eab00000)
  object space 388096K, 84% used [0x00000000c0000000,0x00000000d4139b00,0x00000000d7b00000)
 Metaspace       used 74670K, committed 75840K, reserved 1179648K
  class space    used 8367K, committed 8832K, reserved 1048576K

Card table byte_map: [0x0000024466c60000,0x0000024466e70000] _byte_map_base: 0x0000024466660000

Marking Bits: (ParMarkBitMap*) 0x00007ffc36006940
 Begin Bits: [0x0000024478f30000, 0x0000024479f30000)
 End Bits:   [0x0000024479f30000, 0x000002447af30000)

Polling page: 0x0000024466a50000

Metaspace:

Usage:
  Non-class:     64.75 MB used.
      Class:      8.17 MB used.
       Both:     72.92 MB used.

Virtual space:
  Non-class space:      128.00 MB reserved,      65.44 MB ( 51%) committed,  2 nodes.
      Class space:        1.00 GB reserved,       8.62 MB ( <1%) committed,  1 nodes.
             Both:        1.12 GB reserved,      74.06 MB (  6%) committed. 

Chunk freelists:
   Non-Class:  14.16 MB
       Class:  7.19 MB
        Both:  21.34 MB

MaxMetaspaceSize: unlimited
CompressedClassSpaceSize: 1.00 GB
Initial GC threshold: 21.00 MB
Current GC threshold: 120.94 MB
CDS: off
MetaspaceReclaimPolicy: balanced
 - commit_granule_bytes: 65536.
 - commit_granule_words: 8192.
 - virtual_space_node_default_size: 8388608.
 - enlarge_chunks_in_place: 1.
 - new_chunks_are_fully_committed: 0.
 - uncommit_free_chunks: 1.
 - use_allocation_guard: 0.
 - handle_deallocations: 1.


Internal statistics:

num_allocs_failed_limit: 8.
num_arena_births: 746.
num_arena_deaths: 32.
num_vsnodes_births: 3.
num_vsnodes_deaths: 0.
num_space_committed: 1185.
num_space_uncommitted: 0.
num_chunks_returned_to_freelist: 48.
num_chunks_taken_from_freelist: 3858.
num_chunk_merges: 8.
num_chunk_splits: 2399.
num_chunks_enlarged: 1399.
num_inconsistent_stats: 0.

CodeHeap 'non-profiled nmethods': size=120000Kb used=5491Kb max_used=5565Kb free=114508Kb
 bounds [0x0000024471a00000, 0x0000024471f70000, 0x0000024478f30000]
CodeHeap 'profiled nmethods': size=120000Kb used=14685Kb max_used=16559Kb free=105314Kb
 bounds [0x0000024469f30000, 0x000002446af70000, 0x0000024471460000]
CodeHeap 'non-nmethods': size=5760Kb used=1374Kb max_used=1424Kb free=4385Kb
 bounds [0x0000024471460000, 0x00000244716d0000, 0x0000024471a00000]
 total_blobs=8644 nmethods=7928 adapters=629
 compilation: enabled
              stopped_count=0, restarted_count=0
 full_count=0

Compilation events (20 events):
Event: 9.754 Thread 0x0000024405096b80 10365       1       org.eclipse.jdt.ls.core.internal.preferences.PreferenceManager::getClientPreferences (5 bytes)
Event: 9.754 Thread 0x0000024405096b80 nmethod 10365 0x0000024471e06510 code [0x0000024471e066a0, 0x0000024471e06778]
Event: 9.755 Thread 0x0000024405096b80 10367       3       com.google.gson.internal.$Gson$Types::canonicalize (139 bytes)
Event: 9.756 Thread 0x0000024405096b80 nmethod 10367 0x000002446accc990 code [0x000002446acccd00, 0x000002446acce588]
Event: 9.756 Thread 0x0000024405096b80 10368       3       sun.nio.ch.Util::getTemporaryDirectBuffer (55 bytes)
Event: 9.756 Thread 0x0000024405096b80 nmethod 10368 0x000002446a8ab610 code [0x000002446a8ab880, 0x000002446a8ac248]
Event: 9.756 Thread 0x0000024405096b80 10369       3       sun.nio.ch.Util$BufferCache::get (164 bytes)
Event: 9.757 Thread 0x0000024405096b80 nmethod 10369 0x0000024469fa3e10 code [0x0000024469fa4040, 0x0000024469fa4978]
Event: 9.757 Thread 0x0000024405096b80 10370       3       java.nio.MappedByteBuffer::flip (5 bytes)
Event: 9.757 Thread 0x0000024405096b80 nmethod 10370 0x000002446a858810 code [0x000002446a8589c0, 0x000002446a858bf8]
Event: 9.757 Thread 0x0000024405096b80 10371       3       java.nio.MappedByteBuffer::flip (7 bytes)
Event: 9.757 Thread 0x0000024405096b80 nmethod 10371 0x000002446aa73310 code [0x000002446aa734c0, 0x000002446aa73698]
Event: 9.757 Thread 0x0000024405096b80 10372       1       org.eclipse.jdt.ls.core.internal.preferences.PreferenceManager::getPreferences (5 bytes)
Event: 9.757 Thread 0x0000024405096b80 nmethod 10372 0x0000024471e06210 code [0x0000024471e063a0, 0x0000024471e06478]
Event: 9.759 Thread 0x0000024405096b80 10374       3       sun.nio.ch.Util$BufferCache::offerFirst (73 bytes)
Event: 9.759 Thread 0x0000024405096b80 nmethod 10374 0x000002446a933f90 code [0x000002446a934140, 0x000002446a934458]
Event: 9.769 Thread 0x00000244050c23f0 nmethod 10361 0x0000024471e05290 code [0x0000024471e05440, 0x0000024471e05df8]
Event: 9.769 Thread 0x00000244050c23f0 10375 %     4       org.eclipse.jdt.internal.core.index.DiskIndex::writeCategoryTable @ 154 (252 bytes)
Event: 9.793 Thread 0x00000244050c23f0 nmethod 10375% 0x0000024471e03710 code [0x0000024471e03920, 0x0000024471e049a0]
Event: 9.793 Thread 0x00000244050c23f0 10373       4       java.util.Properties::getProperty (50 bytes)

GC Heap History (20 events):
Event: 8.442 GC heap before
{Heap before GC invocations=156 (full 9):
 PSYoungGen      total 25600K, used 21881K [0x00000000eab00000, 0x00000000ec980000, 0x0000000100000000)
  eden space 18432K, 100% used [0x00000000eab00000,0x00000000ebd00000,0x00000000ebd00000)
  from space 7168K, 48% used [0x00000000ebd00000,0x00000000ec05e680,0x00000000ec400000)
  to   space 5120K, 0% used [0x00000000ec480000,0x00000000ec480000,0x00000000ec980000)
 ParOldGen       total 321536K, used 289078K [0x00000000c0000000, 0x00000000d3a00000, 0x00000000eab00000)
  object space 321536K, 89% used [0x00000000c0000000,0x00000000d1a4d880,0x00000000d3a00000)
 Metaspace       used 70241K, committed 71360K, reserved 1114112K
  class space    used 7760K, committed 8256K, reserved 1048576K
}
Event: 8.448 GC heap after
{Heap after GC invocations=156 (full 9):
 PSYoungGen      total 20992K, used 5118K [0x00000000eab00000, 0x00000000ed380000, 0x0000000100000000)
  eden space 15872K, 0% used [0x00000000eab00000,0x00000000eab00000,0x00000000eba80000)
  from space 5120K, 99% used [0x00000000ec480000,0x00000000ec97f800,0x00000000ec980000)
  to   space 10240K, 0% used [0x00000000eba80000,0x00000000eba80000,0x00000000ec480000)
 ParOldGen       total 321536K, used 293112K [0x00000000c0000000, 0x00000000d3a00000, 0x00000000eab00000)
  object space 321536K, 91% used [0x00000000c0000000,0x00000000d1e3e128,0x00000000d3a00000)
 Metaspace       used 70241K, committed 71360K, reserved 1114112K
  class space    used 7760K, committed 8256K, reserved 1048576K
}
Event: 8.565 GC heap before
{Heap before GC invocations=157 (full 9):
 PSYoungGen      total 20992K, used 20990K [0x00000000eab00000, 0x00000000ed380000, 0x0000000100000000)
  eden space 15872K, 100% used [0x00000000eab00000,0x00000000eba80000,0x00000000eba80000)
  from space 5120K, 99% used [0x00000000ec480000,0x00000000ec97f800,0x00000000ec980000)
  to   space 10240K, 0% used [0x00000000eba80000,0x00000000eba80000,0x00000000ec480000)
 ParOldGen       total 321536K, used 293112K [0x00000000c0000000, 0x00000000d3a00000, 0x00000000eab00000)
  object space 321536K, 91% used [0x00000000c0000000,0x00000000d1e3e128,0x00000000d3a00000)
 Metaspace       used 71148K, committed 72320K, reserved 1114112K
  class space    used 7916K, committed 8448K, reserved 1048576K
}
Event: 8.570 GC heap after
{Heap after GC invocations=157 (full 9):
 PSYoungGen      total 22528K, used 6587K [0x00000000eab00000, 0x00000000ecb80000, 0x0000000100000000)
  eden space 15872K, 0% used [0x00000000eab00000,0x00000000eab00000,0x00000000eba80000)
  from space 6656K, 98% used [0x00000000eba80000,0x00000000ec0eedb0,0x00000000ec100000)
  to   space 7680K, 0% used [0x00000000ec400000,0x00000000ec400000,0x00000000ecb80000)
 ParOldGen       total 321536K, used 296700K [0x00000000c0000000, 0x00000000d3a00000, 0x00000000eab00000)
  object space 321536K, 92% used [0x00000000c0000000,0x00000000d21bf3c0,0x00000000d3a00000)
 Metaspace       used 71148K, committed 72320K, reserved 1114112K
  class space    used 7916K, committed 8448K, reserved 1048576K
}
Event: 8.704 GC heap before
{Heap before GC invocations=158 (full 9):
 PSYoungGen      total 22528K, used 22459K [0x00000000eab00000, 0x00000000ecb80000, 0x0000000100000000)
  eden space 15872K, 100% used [0x00000000eab00000,0x00000000eba80000,0x00000000eba80000)
  from space 6656K, 98% used [0x00000000eba80000,0x00000000ec0eedb0,0x00000000ec100000)
  to   space 7680K, 0% used [0x00000000ec400000,0x00000000ec400000,0x00000000ecb80000)
 ParOldGen       total 321536K, used 296700K [0x00000000c0000000, 0x00000000d3a00000, 0x00000000eab00000)
  object space 321536K, 92% used [0x00000000c0000000,0x00000000d21bf3c0,0x00000000d3a00000)
 Metaspace       used 72141K, committed 73280K, reserved 1114112K
  class space    used 8092K, committed 8576K, reserved 1048576K
}
Event: 8.711 GC heap after
{Heap after GC invocations=158 (full 9):
 PSYoungGen      total 24576K, used 6383K [0x00000000eab00000, 0x00000000eca80000, 0x0000000100000000)
  eden space 17920K, 0% used [0x00000000eab00000,0x00000000eab00000,0x00000000ebc80000)
  from space 6656K, 95% used [0x00000000ec400000,0x00000000eca3bda8,0x00000000eca80000)
  to   space 6656K, 0% used [0x00000000ebd80000,0x00000000ebd80000,0x00000000ec400000)
 ParOldGen       total 321536K, used 302310K [0x00000000c0000000, 0x00000000d3a00000, 0x00000000eab00000)
  object space 321536K, 94% used [0x00000000c0000000,0x00000000d2739b28,0x00000000d3a00000)
 Metaspace       used 72141K, committed 73280K, reserved 1114112K
  class space    used 8092K, committed 8576K, reserved 1048576K
}
Event: 8.910 GC heap before
{Heap before GC invocations=159 (full 9):
 PSYoungGen      total 24576K, used 24201K [0x00000000eab00000, 0x00000000eca80000, 0x0000000100000000)
  eden space 17920K, 99% used [0x00000000eab00000,0x00000000ebc66710,0x00000000ebc80000)
  from space 6656K, 95% used [0x00000000ec400000,0x00000000eca3bda8,0x00000000eca80000)
  to   space 6656K, 0% used [0x00000000ebd80000,0x00000000ebd80000,0x00000000ec400000)
 ParOldGen       total 321536K, used 302310K [0x00000000c0000000, 0x00000000d3a00000, 0x00000000eab00000)
  object space 321536K, 94% used [0x00000000c0000000,0x00000000d2739b28,0x00000000d3a00000)
 Metaspace       used 72999K, committed 74176K, reserved 1179648K
  class space    used 8175K, committed 8704K, reserved 1048576K
}
Event: 8.917 GC heap after
{Heap after GC invocations=159 (full 9):
 PSYoungGen      total 25600K, used 6638K [0x00000000eab00000, 0x00000000ee600000, 0x0000000100000000)
  eden space 18944K, 0% used [0x00000000eab00000,0x00000000eab00000,0x00000000ebd80000)
  from space 6656K, 99% used [0x00000000ebd80000,0x00000000ec3fbb40,0x00000000ec400000)
  to   space 20480K, 0% used [0x00000000ed200000,0x00000000ed200000,0x00000000ee600000)
 ParOldGen       total 321536K, used 313803K [0x00000000c0000000, 0x00000000d3a00000, 0x00000000eab00000)
  object space 321536K, 97% used [0x00000000c0000000,0x00000000d3272fe0,0x00000000d3a00000)
 Metaspace       used 72999K, committed 74176K, reserved 1179648K
  class space    used 8175K, committed 8704K, reserved 1048576K
}
Event: 9.035 GC heap before
{Heap before GC invocations=160 (full 10):
 PSYoungGen      total 25600K, used 25582K [0x00000000eab00000, 0x00000000ee600000, 0x0000000100000000)
  eden space 18944K, 100% used [0x00000000eab00000,0x00000000ebd80000,0x00000000ebd80000)
  from space 6656K, 99% used [0x00000000ebd80000,0x00000000ec3fbb40,0x00000000ec400000)
  to   space 20480K, 0% used [0x00000000ed200000,0x00000000ed200000,0x00000000ee600000)
 ParOldGen       total 321536K, used 313803K [0x00000000c0000000, 0x00000000d3a00000, 0x00000000eab00000)
  object space 321536K, 97% used [0x00000000c0000000,0x00000000d3272fe0,0x00000000d3a00000)
 Metaspace       used 73117K, committed 74304K, reserved 1179648K
  class space    used 8190K, committed 8704K, reserved 1048576K
}
Event: 9.159 GC heap after
{Heap after GC invocations=160 (full 10):
 PSYoungGen      total 38912K, used 0K [0x00000000eab00000, 0x00000000ee580000, 0x0000000100000000)
  eden space 18944K, 0% used [0x00000000eab00000,0x00000000eab00000,0x00000000ebd80000)
  from space 19968K, 0% used [0x00000000ed200000,0x00000000ed200000,0x00000000ee580000)
  to   space 20480K, 0% used [0x00000000ebd80000,0x00000000ebd80000,0x00000000ed180000)
 ParOldGen       total 388096K, used 317884K [0x00000000c0000000, 0x00000000d7b00000, 0x00000000eab00000)
  object space 388096K, 81% used [0x00000000c0000000,0x00000000d366f158,0x00000000d7b00000)
 Metaspace       used 73117K, committed 74304K, reserved 1179648K
  class space    used 8190K, committed 8704K, reserved 1048576K
}
Event: 9.231 GC heap before
{Heap before GC invocations=161 (full 10):
 PSYoungGen      total 38912K, used 18944K [0x00000000eab00000, 0x00000000ee580000, 0x0000000100000000)
  eden space 18944K, 100% used [0x00000000eab00000,0x00000000ebd80000,0x00000000ebd80000)
  from space 19968K, 0% used [0x00000000ed200000,0x00000000ed200000,0x00000000ee580000)
  to   space 20480K, 0% used [0x00000000ebd80000,0x00000000ebd80000,0x00000000ed180000)
 ParOldGen       total 388096K, used 317884K [0x00000000c0000000, 0x00000000d7b00000, 0x00000000eab00000)
  object space 388096K, 81% used [0x00000000c0000000,0x00000000d366f158,0x00000000d7b00000)
 Metaspace       used 73119K, committed 74304K, reserved 1179648K
  class space    used 8190K, committed 8704K, reserved 1048576K
}
Event: 9.234 GC heap after
{Heap after GC invocations=161 (full 10):
 PSYoungGen      total 24064K, used 5059K [0x00000000eab00000, 0x00000000ed280000, 0x0000000100000000)
  eden space 18944K, 0% used [0x00000000eab00000,0x00000000eab00000,0x00000000ebd80000)
  from space 5120K, 98% used [0x00000000ebd80000,0x00000000ec270cf0,0x00000000ec280000)
  to   space 10240K, 0% used [0x00000000ec880000,0x00000000ec880000,0x00000000ed280000)
 ParOldGen       total 388096K, used 317884K [0x00000000c0000000, 0x00000000d7b00000, 0x00000000eab00000)
  object space 388096K, 81% used [0x00000000c0000000,0x00000000d366f158,0x00000000d7b00000)
 Metaspace       used 73119K, committed 74304K, reserved 1179648K
  class space    used 8190K, committed 8704K, reserved 1048576K
}
Event: 9.324 GC heap before
{Heap before GC invocations=162 (full 10):
 PSYoungGen      total 24064K, used 24003K [0x00000000eab00000, 0x00000000ed280000, 0x0000000100000000)
  eden space 18944K, 100% used [0x00000000eab00000,0x00000000ebd80000,0x00000000ebd80000)
  from space 5120K, 98% used [0x00000000ebd80000,0x00000000ec270cf0,0x00000000ec280000)
  to   space 10240K, 0% used [0x00000000ec880000,0x00000000ec880000,0x00000000ed280000)
 ParOldGen       total 388096K, used 317884K [0x00000000c0000000, 0x00000000d7b00000, 0x00000000eab00000)
  object space 388096K, 81% used [0x00000000c0000000,0x00000000d366f158,0x00000000d7b00000)
 Metaspace       used 73121K, committed 74304K, reserved 1179648K
  class space    used 8190K, committed 8704K, reserved 1048576K
}
Event: 9.330 GC heap after
{Heap after GC invocations=162 (full 10):
 PSYoungGen      total 29184K, used 10073K [0x00000000eab00000, 0x00000000ed380000, 0x0000000100000000)
  eden space 18944K, 0% used [0x00000000eab00000,0x00000000eab00000,0x00000000ebd80000)
  from space 10240K, 98% used [0x00000000ec880000,0x00000000ed256638,0x00000000ed280000)
  to   space 11264K, 0% used [0x00000000ebd80000,0x00000000ebd80000,0x00000000ec880000)
 ParOldGen       total 388096K, used 317884K [0x00000000c0000000, 0x00000000d7b00000, 0x00000000eab00000)
  object space 388096K, 81% used [0x00000000c0000000,0x00000000d366f158,0x00000000d7b00000)
 Metaspace       used 73121K, committed 74304K, reserved 1179648K
  class space    used 8190K, committed 8704K, reserved 1048576K
}
Event: 9.432 GC heap before
{Heap before GC invocations=163 (full 10):
 PSYoungGen      total 29184K, used 29016K [0x00000000eab00000, 0x00000000ed380000, 0x0000000100000000)
  eden space 18944K, 99% used [0x00000000eab00000,0x00000000ebd7fa70,0x00000000ebd80000)
  from space 10240K, 98% used [0x00000000ec880000,0x00000000ed256638,0x00000000ed280000)
  to   space 11264K, 0% used [0x00000000ebd80000,0x00000000ebd80000,0x00000000ec880000)
 ParOldGen       total 388096K, used 317884K [0x00000000c0000000, 0x00000000d7b00000, 0x00000000eab00000)
  object space 388096K, 81% used [0x00000000c0000000,0x00000000d366f158,0x00000000d7b00000)
 Metaspace       used 73297K, committed 74432K, reserved 1179648K
  class space    used 8208K, committed 8704K, reserved 1048576K
}
Event: 9.438 GC heap after
{Heap after GC invocations=163 (full 10):
 PSYoungGen      total 30208K, used 11248K [0x00000000eab00000, 0x00000000ede80000, 0x0000000100000000)
  eden space 18944K, 0% used [0x00000000eab00000,0x00000000eab00000,0x00000000ebd80000)
  from space 11264K, 99% used [0x00000000ebd80000,0x00000000ec87c000,0x00000000ec880000)
  to   space 16896K, 0% used [0x00000000ece00000,0x00000000ece00000,0x00000000ede80000)
 ParOldGen       total 388096K, used 322221K [0x00000000c0000000, 0x00000000d7b00000, 0x00000000eab00000)
  object space 388096K, 83% used [0x00000000c0000000,0x00000000d3aab608,0x00000000d7b00000)
 Metaspace       used 73297K, committed 74432K, reserved 1179648K
  class space    used 8208K, committed 8704K, reserved 1048576K
}
Event: 9.562 GC heap before
{Heap before GC invocations=164 (full 10):
 PSYoungGen      total 30208K, used 30192K [0x00000000eab00000, 0x00000000ede80000, 0x0000000100000000)
  eden space 18944K, 100% used [0x00000000eab00000,0x00000000ebd80000,0x00000000ebd80000)
  from space 11264K, 99% used [0x00000000ebd80000,0x00000000ec87c000,0x00000000ec880000)
  to   space 16896K, 0% used [0x00000000ece00000,0x00000000ece00000,0x00000000ede80000)
 ParOldGen       total 388096K, used 322221K [0x00000000c0000000, 0x00000000d7b00000, 0x00000000eab00000)
  object space 388096K, 83% used [0x00000000c0000000,0x00000000d3aab608,0x00000000d7b00000)
 Metaspace       used 73995K, committed 75136K, reserved 1179648K
  class space    used 8282K, committed 8768K, reserved 1048576K
}
Event: 9.574 GC heap after
{Heap after GC invocations=164 (full 10):
 PSYoungGen      total 27648K, used 8598K [0x00000000eab00000, 0x00000000ed680000, 0x0000000100000000)
  eden space 18944K, 0% used [0x00000000eab00000,0x00000000eab00000,0x00000000ebd80000)
  from space 8704K, 98% used [0x00000000ece00000,0x00000000ed665b08,0x00000000ed680000)
  to   space 11264K, 0% used [0x00000000ec080000,0x00000000ec080000,0x00000000ecb80000)
 ParOldGen       total 388096K, used 328926K [0x00000000c0000000, 0x00000000d7b00000, 0x00000000eab00000)
  object space 388096K, 84% used [0x00000000c0000000,0x00000000d4137b00,0x00000000d7b00000)
 Metaspace       used 73995K, committed 75136K, reserved 1179648K
  class space    used 8282K, committed 8768K, reserved 1048576K
}
Event: 9.624 GC heap before
{Heap before GC invocations=165 (full 10):
 PSYoungGen      total 27648K, used 27542K [0x00000000eab00000, 0x00000000ed680000, 0x0000000100000000)
  eden space 18944K, 100% used [0x00000000eab00000,0x00000000ebd80000,0x00000000ebd80000)
  from space 8704K, 98% used [0x00000000ece00000,0x00000000ed665b08,0x00000000ed680000)
  to   space 11264K, 0% used [0x00000000ec080000,0x00000000ec080000,0x00000000ecb80000)
 ParOldGen       total 388096K, used 328926K [0x00000000c0000000, 0x00000000d7b00000, 0x00000000eab00000)
  object space 388096K, 84% used [0x00000000c0000000,0x00000000d4137b00,0x00000000d7b00000)
 Metaspace       used 74120K, committed 75264K, reserved 1179648K
  class space    used 8293K, committed 8768K, reserved 1048576K
}
Event: 9.629 GC heap after
{Heap after GC invocations=165 (full 10):
 PSYoungGen      total 30208K, used 10926K [0x00000000eab00000, 0x00000000ed480000, 0x0000000100000000)
  eden space 18944K, 0% used [0x00000000eab00000,0x00000000eab00000,0x00000000ebd80000)
  from space 11264K, 97% used [0x00000000ec080000,0x00000000ecb2bae8,0x00000000ecb80000)
  to   space 9216K, 0% used [0x00000000ecb80000,0x00000000ecb80000,0x00000000ed480000)
 ParOldGen       total 388096K, used 328934K [0x00000000c0000000, 0x00000000d7b00000, 0x00000000eab00000)
  object space 388096K, 84% used [0x00000000c0000000,0x00000000d4139b00,0x00000000d7b00000)
 Metaspace       used 74120K, committed 75264K, reserved 1179648K
  class space    used 8293K, committed 8768K, reserved 1048576K
}

Dll operation events (13 events):
Event: 0.009 Loaded shared library c:\Users\yenho\.vscode\extensions\redhat.java-1.38.0-win32-x64\jre\17.0.13-win32-x86_64\bin\java.dll
Event: 0.125 Loaded shared library c:\Users\yenho\.vscode\extensions\redhat.java-1.38.0-win32-x64\jre\17.0.13-win32-x86_64\bin\zip.dll
Event: 0.127 Loaded shared library C:\Users\yenho\.vscode\extensions\redhat.java-1.38.0-win32-x64\jre\17.0.13-win32-x86_64\bin\instrument.dll
Event: 0.137 Loaded shared library C:\Users\yenho\.vscode\extensions\redhat.java-1.38.0-win32-x64\jre\17.0.13-win32-x86_64\bin\net.dll
Event: 0.139 Loaded shared library C:\Users\yenho\.vscode\extensions\redhat.java-1.38.0-win32-x64\jre\17.0.13-win32-x86_64\bin\nio.dll
Event: 0.145 Loaded shared library C:\Users\yenho\.vscode\extensions\redhat.java-1.38.0-win32-x64\jre\17.0.13-win32-x86_64\bin\zip.dll
Event: 0.156 Loaded shared library C:\Users\yenho\.vscode\extensions\redhat.java-1.38.0-win32-x64\jre\17.0.13-win32-x86_64\bin\jimage.dll
Event: 0.202 Loaded shared library c:\Users\yenho\.vscode\extensions\redhat.java-1.38.0-win32-x64\jre\17.0.13-win32-x86_64\bin\verify.dll
Event: 0.835 Loaded shared library C:\Users\yenho\AppData\Roaming\Code\User\globalStorage\redhat.java\1.38.0\config_win\org.eclipse.equinox.launcher\org.eclipse.equinox.launcher.win32.win32.x86_64_1.2.1100.v20240722-2106\eclipse_11904.dll
Event: 1.872 Loaded shared library C:\Users\yenho\AppData\Local\Temp\jna-114863977\jna2261276664264229300.dll
Event: 7.280 Loaded shared library C:\Users\yenho\.gradle\native\c067742578af261105cb4f569cf0c3c89f3d7b1fecec35dd04571415982c5e48\windows-amd64\native-platform.dll
Event: 8.432 Loaded shared library C:\Users\yenho\.vscode\extensions\redhat.java-1.38.0-win32-x64\jre\17.0.13-win32-x86_64\bin\management.dll
Event: 8.436 Loaded shared library C:\Users\yenho\.vscode\extensions\redhat.java-1.38.0-win32-x64\jre\17.0.13-win32-x86_64\bin\management_ext.dll

Deoptimization events (20 events):
Event: 9.750 Thread 0x000002440782a0d0 DEOPT PACKING pc=0x000002446ad30998 sp=0x00000083762ff050
Event: 9.750 Thread 0x000002440782a0d0 DEOPT UNPACKING pc=0x00000244714b6e43 sp=0x00000083762fe4b8 mode 0
Event: 9.750 Thread 0x000002440782a0d0 DEOPT PACKING pc=0x000002446ad30998 sp=0x00000083762ff050
Event: 9.750 Thread 0x000002440782a0d0 DEOPT UNPACKING pc=0x00000244714b6e43 sp=0x00000083762fe4b8 mode 0
Event: 9.751 Thread 0x000002440782a0d0 DEOPT PACKING pc=0x000002446ad30998 sp=0x00000083762ff050
Event: 9.751 Thread 0x000002440782a0d0 DEOPT UNPACKING pc=0x00000244714b6e43 sp=0x00000083762fe4b8 mode 0
Event: 9.751 Thread 0x000002440782a0d0 DEOPT PACKING pc=0x000002446ad30998 sp=0x00000083762ff050
Event: 9.751 Thread 0x000002440782a0d0 DEOPT UNPACKING pc=0x00000244714b6e43 sp=0x00000083762fe4b8 mode 0
Event: 9.751 Thread 0x000002440782a0d0 DEOPT PACKING pc=0x000002446ad30998 sp=0x00000083762ff050
Event: 9.751 Thread 0x000002440782a0d0 DEOPT UNPACKING pc=0x00000244714b6e43 sp=0x00000083762fe4b8 mode 0
Event: 9.751 Thread 0x000002440782a0d0 DEOPT PACKING pc=0x000002446ad30998 sp=0x00000083762ff050
Event: 9.751 Thread 0x000002440782a0d0 DEOPT UNPACKING pc=0x00000244714b6e43 sp=0x00000083762fe4b8 mode 0
Event: 9.752 Thread 0x000002440782a0d0 DEOPT PACKING pc=0x000002446ad30998 sp=0x00000083762ff050
Event: 9.752 Thread 0x000002440782a0d0 DEOPT UNPACKING pc=0x00000244714b6e43 sp=0x00000083762fe4b8 mode 0
Event: 9.754 Thread 0x000002440937e9d0 Uncommon trap: trap_request=0xffffffbe fr.pc=0x0000024471f59b08 relative=0x0000000000000aa8
Event: 9.754 Thread 0x000002440937e9d0 Uncommon trap: reason=profile_predicate action=maybe_recompile pc=0x0000024471f59b08 method=java.util.regex.Pattern$BnM.optimize(Ljava/util/regex/Pattern$Node;)Ljava/util/regex/Pattern$Node; @ 67 c2
Event: 9.754 Thread 0x000002440937e9d0 DEOPT PACKING pc=0x0000024471f59b08 sp=0x00000083777feb50
Event: 9.754 Thread 0x000002440937e9d0 DEOPT UNPACKING pc=0x00000244714b66a3 sp=0x00000083777fea80 mode 2
Event: 9.784 Thread 0x000002440782a0d0 DEOPT PACKING pc=0x000002446aae3ca6 sp=0x00000083762ff150
Event: 9.784 Thread 0x000002440782a0d0 DEOPT UNPACKING pc=0x00000244714b6e43 sp=0x00000083762fe650 mode 0

Classes loaded (20 events):
Event: 9.527 Loading class java/util/stream/DistinctOps$1
Event: 9.527 Loading class java/util/stream/DistinctOps$1 done
Event: 9.530 Loading class java/util/stream/DistinctOps$1$2
Event: 9.530 Loading class java/util/stream/DistinctOps$1$2 done
Event: 9.539 Loading class java/util/concurrent/CompletableFuture$UniApply
Event: 9.539 Loading class java/util/concurrent/CompletableFuture$UniCompletion
Event: 9.539 Loading class java/util/concurrent/CompletableFuture$UniCompletion done
Event: 9.539 Loading class java/util/concurrent/CompletableFuture$UniApply done
Event: 9.540 Loading class java/util/concurrent/ForkJoinPool$DefaultCommonPoolForkJoinWorkerThreadFactory$1
Event: 9.541 Loading class java/util/concurrent/ForkJoinPool$DefaultCommonPoolForkJoinWorkerThreadFactory$1 done
Event: 9.541 Loading class java/util/concurrent/CompletableFuture$UniAccept
Event: 9.542 Loading class java/util/concurrent/CompletableFuture$UniAccept done
Event: 9.542 Loading class java/util/concurrent/CompletableFuture$UniExceptionally
Event: 9.542 Loading class java/util/concurrent/CompletableFuture$UniExceptionally done
Event: 9.590 Loading class java/util/regex/PatternSyntaxException
Event: 9.590 Loading class java/util/regex/PatternSyntaxException done
Event: 9.724 Loading class java/nio/charset/CharacterCodingException
Event: 9.724 Loading class java/nio/charset/CharacterCodingException done
Event: 9.724 Loading class java/io/SequenceInputStream
Event: 9.724 Loading class java/io/SequenceInputStream done

Classes unloaded (16 events):
Event: 2.688 Thread 0x0000024467328670 Unloading class 0x0000000100258000 'java/lang/invoke/LambdaForm$MH+0x0000000100258000'
Event: 2.688 Thread 0x0000024467328670 Unloading class 0x0000000100257c00 'java/lang/invoke/LambdaForm$MH+0x0000000100257c00'
Event: 2.688 Thread 0x0000024467328670 Unloading class 0x0000000100257800 'java/lang/invoke/LambdaForm$MH+0x0000000100257800'
Event: 2.688 Thread 0x0000024467328670 Unloading class 0x0000000100257400 'java/lang/invoke/LambdaForm$MH+0x0000000100257400'
Event: 2.688 Thread 0x0000024467328670 Unloading class 0x0000000100257000 'java/lang/invoke/LambdaForm$BMH+0x0000000100257000'
Event: 2.688 Thread 0x0000024467328670 Unloading class 0x0000000100256c00 'java/lang/invoke/LambdaForm$DMH+0x0000000100256c00'
Event: 2.688 Thread 0x0000024467328670 Unloading class 0x0000000100254400 'java/lang/invoke/LambdaForm$DMH+0x0000000100254400'
Event: 4.362 Thread 0x0000024467328670 Unloading class 0x00000001004a5800 'java/lang/invoke/LambdaForm$MH+0x00000001004a5800'
Event: 4.362 Thread 0x0000024467328670 Unloading class 0x00000001004a5400 'java/lang/invoke/LambdaForm$MH+0x00000001004a5400'
Event: 4.362 Thread 0x0000024467328670 Unloading class 0x00000001004a4800 'java/lang/invoke/LambdaForm$MH+0x00000001004a4800'
Event: 4.362 Thread 0x0000024467328670 Unloading class 0x00000001004a4000 'java/lang/invoke/LambdaForm$MH+0x00000001004a4000'
Event: 4.362 Thread 0x0000024467328670 Unloading class 0x00000001004a3800 'java/lang/invoke/LambdaForm$DMH+0x00000001004a3800'
Event: 4.362 Thread 0x0000024467328670 Unloading class 0x00000001004a2c00 'java/lang/invoke/LambdaForm$MH+0x00000001004a2c00'
Event: 4.362 Thread 0x0000024467328670 Unloading class 0x00000001004a2000 'java/lang/invoke/LambdaForm$MH+0x00000001004a2000'
Event: 4.362 Thread 0x0000024467328670 Unloading class 0x0000000100499000 'java/lang/invoke/LambdaForm$MH+0x0000000100499000'
Event: 4.362 Thread 0x0000024467328670 Unloading class 0x0000000100498800 'java/lang/invoke/LambdaForm$MH+0x0000000100498800'

Classes redefined (0 events):
No events

Internal exceptions (20 events):
Event: 9.595 Thread 0x0000024412afad30 Exception <a 'sun/nio/fs/WindowsException'{0x00000000eb144a38}> (0x00000000eb144a38) 
thrown [s\src\hotspot\share\prims\jni.cpp, line 516]
Event: 9.595 Thread 0x0000024412afad30 Exception <a 'sun/nio/fs/WindowsException'{0x00000000eb145798}> (0x00000000eb145798) 
thrown [s\src\hotspot\share\prims\jni.cpp, line 516]
Event: 9.595 Thread 0x0000024412afad30 Exception <a 'sun/nio/fs/WindowsException'{0x00000000eb146078}> (0x00000000eb146078) 
thrown [s\src\hotspot\share\prims\jni.cpp, line 516]
Event: 9.596 Thread 0x0000024412afad30 Exception <a 'sun/nio/fs/WindowsException'{0x00000000eb147778}> (0x00000000eb147778) 
thrown [s\src\hotspot\share\prims\jni.cpp, line 516]
Event: 9.596 Thread 0x0000024412afad30 Exception <a 'sun/nio/fs/WindowsException'{0x00000000eb148058}> (0x00000000eb148058) 
thrown [s\src\hotspot\share\prims\jni.cpp, line 516]
Event: 9.657 Thread 0x000002440937e9d0 Exception <a 'sun/nio/fs/WindowsException'{0x00000000ead507d0}> (0x00000000ead507d0) 
thrown [s\src\hotspot\share\prims\jni.cpp, line 516]
Event: 9.657 Thread 0x000002440937e9d0 Exception <a 'sun/nio/fs/WindowsException'{0x00000000ead50e08}> (0x00000000ead50e08) 
thrown [s\src\hotspot\share\prims\jni.cpp, line 516]
Event: 9.657 Thread 0x000002440937e9d0 Exception <a 'sun/nio/fs/WindowsException'{0x00000000ead518c0}> (0x00000000ead518c0) 
thrown [s\src\hotspot\share\prims\jni.cpp, line 516]
Event: 9.657 Thread 0x000002440937e9d0 Exception <a 'sun/nio/fs/WindowsException'{0x00000000ead51ef8}> (0x00000000ead51ef8) 
thrown [s\src\hotspot\share\prims\jni.cpp, line 516]
Event: 9.658 Thread 0x000002440937e9d0 Exception <a 'sun/nio/fs/WindowsException'{0x00000000ead532d0}> (0x00000000ead532d0) 
thrown [s\src\hotspot\share\prims\jni.cpp, line 516]
Event: 9.658 Thread 0x000002440937e9d0 Exception <a 'sun/nio/fs/WindowsException'{0x00000000ead53908}> (0x00000000ead53908) 
thrown [s\src\hotspot\share\prims\jni.cpp, line 516]
Event: 9.663 Thread 0x000002440937e9d0 Exception <a 'sun/nio/fs/WindowsException'{0x00000000eadac5b0}> (0x00000000eadac5b0) 
thrown [s\src\hotspot\share\prims\jni.cpp, line 516]
Event: 9.663 Thread 0x000002440937e9d0 Exception <a 'sun/nio/fs/WindowsException'{0x00000000eadacbe8}> (0x00000000eadacbe8) 
thrown [s\src\hotspot\share\prims\jni.cpp, line 516]
Event: 9.663 Thread 0x000002440937e9d0 Exception <a 'sun/nio/fs/WindowsException'{0x00000000eadad6a0}> (0x00000000eadad6a0) 
thrown [s\src\hotspot\share\prims\jni.cpp, line 516]
Event: 9.663 Thread 0x000002440937e9d0 Exception <a 'sun/nio/fs/WindowsException'{0x00000000eadadcd8}> (0x00000000eadadcd8) 
thrown [s\src\hotspot\share\prims\jni.cpp, line 516]
Event: 9.664 Thread 0x000002440937e9d0 Exception <a 'sun/nio/fs/WindowsException'{0x00000000eadaf0b0}> (0x00000000eadaf0b0) 
thrown [s\src\hotspot\share\prims\jni.cpp, line 516]
Event: 9.664 Thread 0x000002440937e9d0 Exception <a 'sun/nio/fs/WindowsException'{0x00000000eadaf6e8}> (0x00000000eadaf6e8) 
thrown [s\src\hotspot\share\prims\jni.cpp, line 516]
Event: 9.700 Thread 0x000002440937e9d0 Exception <a 'java/lang/NoSuchMethodError'{0x00000000eaf24ea0}: 'java.lang.Object java.lang.invoke.DirectMethodHandle$Holder.invokeStatic(java.lang.Object, java.lang.Object, int, java.lang.Object)'> (0x00000000eaf24ea0) 
thrown [s\src\hotspot\share\interpreter\linkResolver.cpp, line 759]
Event: 9.743 Thread 0x000002440937e9d0 Exception <a 'java/io/FileNotFoundException'{0x00000000eb1e6f58}> (0x00000000eb1e6f58) 
thrown [s\src\hotspot\share\prims\jni.cpp, line 516]
Event: 9.744 Thread 0x000002440937e9d0 Exception <a 'java/io/FileNotFoundException'{0x00000000eb1e7cb8}> (0x00000000eb1e7cb8) 
thrown [s\src\hotspot\share\prims\jni.cpp, line 516]

VM Operations (20 events):
Event: 9.394 Executing VM operation: HandshakeAllThreads
Event: 9.394 Executing VM operation: HandshakeAllThreads done
Event: 9.419 Executing VM operation: HandshakeAllThreads
Event: 9.420 Executing VM operation: HandshakeAllThreads done
Event: 9.431 Executing VM operation: ParallelGCFailedAllocation
Event: 9.438 Executing VM operation: ParallelGCFailedAllocation done
Event: 9.450 Executing VM operation: HandshakeAllThreads
Event: 9.451 Executing VM operation: HandshakeAllThreads done
Event: 9.451 Executing VM operation: HandshakeAllThreads
Event: 9.451 Executing VM operation: HandshakeAllThreads done
Event: 9.529 Executing VM operation: HandshakeAllThreads
Event: 9.529 Executing VM operation: HandshakeAllThreads done
Event: 9.562 Executing VM operation: ParallelGCFailedAllocation
Event: 9.574 Executing VM operation: ParallelGCFailedAllocation done
Event: 9.601 Executing VM operation: HandshakeAllThreads
Event: 9.601 Executing VM operation: HandshakeAllThreads done
Event: 9.624 Executing VM operation: ParallelGCFailedAllocation
Event: 9.629 Executing VM operation: ParallelGCFailedAllocation done
Event: 9.638 Executing VM operation: HandshakeAllThreads
Event: 9.638 Executing VM operation: HandshakeAllThreads done

Memory protections (0 events):
No events

Nmethod flushes (20 events):
Event: 9.443 Thread 0x0000024405097d60 flushing  nmethod 0x000002446ae91190
Event: 9.443 Thread 0x0000024405097d60 flushing  nmethod 0x000002446ae9d190
Event: 9.443 Thread 0x0000024405097d60 flushing  nmethod 0x000002446aea0290
Event: 9.443 Thread 0x0000024405097d60 flushing  nmethod 0x000002446aea2010
Event: 9.443 Thread 0x0000024405097d60 flushing  nmethod 0x000002446aea2510
Event: 9.443 Thread 0x0000024405097d60 flushing  nmethod 0x000002446aea3710
Event: 9.444 Thread 0x0000024405097d60 flushing osr nmethod 0x000002446aebca10
Event: 9.444 Thread 0x0000024405097d60 flushing  nmethod 0x000002446aec6690
Event: 9.444 Thread 0x0000024405097d60 flushing  nmethod 0x000002446aecd410
Event: 9.444 Thread 0x0000024405097d60 flushing  nmethod 0x000002446aecdc90
Event: 9.444 Thread 0x0000024405097d60 flushing osr nmethod 0x000002446aed3490
Event: 9.444 Thread 0x0000024405097d60 flushing  nmethod 0x000002446aedbd90
Event: 9.444 Thread 0x0000024405097d60 flushing  nmethod 0x000002446aedd090
Event: 9.444 Thread 0x0000024405097d60 flushing  nmethod 0x000002446af0c790
Event: 9.444 Thread 0x0000024405097d60 flushing  nmethod 0x000002446af1d910
Event: 9.444 Thread 0x0000024405097d60 flushing  nmethod 0x000002446af1dc90
Event: 9.444 Thread 0x0000024405097d60 flushing  nmethod 0x000002446af1e010
Event: 9.444 Thread 0x0000024405097d60 flushing  nmethod 0x000002446af1e390
Event: 9.444 Thread 0x0000024405097d60 flushing  nmethod 0x000002446af1f010
Event: 9.444 Thread 0x0000024405097d60 flushing  nmethod 0x000002446af51c10

Events (20 events):
Event: 5.315 Thread 0x0000024409d50b50 Thread added: 0x0000024412ac2ab0
Event: 5.324 Thread 0x0000024409d50b50 Thread added: 0x0000024412ac0230
Event: 5.324 Thread 0x0000024409d50b50 Thread added: 0x0000024412ac0740
Event: 5.324 Thread 0x0000024409d50b50 Thread added: 0x0000024412ac0c50
Event: 5.336 Thread 0x0000024409d50b50 Thread added: 0x000002440a3e95b0
Event: 5.340 Thread 0x0000024409d50b50 Thread added: 0x000002440a3e9ac0
Event: 6.709 Thread 0x0000024409d53df0 Thread added: 0x000002440931af00
Event: 6.815 Thread 0x0000024409d53df0 Thread added: 0x0000024412afad30
Event: 7.280 Thread 0x0000024407828270 Thread exited: 0x0000024407828270
Event: 8.786 Thread 0x0000024412afad30 Thread added: 0x0000024412af9e00
Event: 8.813 Thread 0x0000024412af9e00 Thread added: 0x000002440937eee0
Event: 8.814 Thread 0x0000024412af9e00 Thread added: 0x000002440937e4c0
Event: 8.920 Thread 0x0000024412afad30 Thread exited: 0x0000024412afad30
Event: 8.943 Thread 0x0000024409d53df0 Thread added: 0x000002441328fdf0
Event: 8.944 Thread 0x0000024409d53df0 Thread added: 0x0000024413290810
Event: 8.964 Thread 0x0000024413290810 Thread exited: 0x0000024413290810
Event: 9.541 Thread 0x0000024409d4ecf0 Thread added: 0x000002440a3ea9f0
Event: 9.544 Thread 0x000002440a3ea9f0 Thread added: 0x0000024412afa310
Event: 9.546 Thread 0x0000024412afa310 Thread added: 0x0000024412afad30
Event: 9.547 Thread 0x0000024412afad30 Thread added: 0x000002440a427cf0


Dynamic libraries:
0x00007ff7505a0000 - 0x00007ff7505ae000 	c:\Users\yenho\.vscode\extensions\redhat.java-1.38.0-win32-x64\jre\17.0.13-win32-x86_64\bin\java.exe
0x00007ffca76b0000 - 0x00007ffca78c7000 	C:\Windows\SYSTEM32\ntdll.dll
0x00007ffca6cb0000 - 0x00007ffca6d74000 	C:\Windows\System32\KERNEL32.DLL
0x00007ffca4ff0000 - 0x00007ffca53aa000 	C:\Windows\System32\KERNELBASE.dll
0x00007ffca4bc0000 - 0x00007ffca4cd1000 	C:\Windows\System32\ucrtbase.dll
0x00007ffca0300000 - 0x00007ffca0317000 	c:\Users\yenho\.vscode\extensions\redhat.java-1.38.0-win32-x64\jre\17.0.13-win32-x86_64\bin\jli.dll
0x00007ffca02e0000 - 0x00007ffca02fe000 	c:\Users\yenho\.vscode\extensions\redhat.java-1.38.0-win32-x64\jre\17.0.13-win32-x86_64\bin\VCRUNTIME140.dll
0x00007ffca5a90000 - 0x00007ffca5c3e000 	C:\Windows\System32\USER32.dll
0x00007ffca4980000 - 0x00007ffca49a6000 	C:\Windows\System32\win32u.dll
0x00007ffca63f0000 - 0x00007ffca6419000 	C:\Windows\System32\GDI32.dll
0x00007ffc91a90000 - 0x00007ffc91d22000 	C:\Windows\WinSxS\amd64_microsoft.windows.common-controls_6595b64144ccf1df_6.0.22621.4541_none_2710d1c57384c085\COMCTL32.dll
0x00007ffca4e10000 - 0x00007ffca4f2b000 	C:\Windows\System32\gdi32full.dll
0x00007ffca73f0000 - 0x00007ffca7497000 	C:\Windows\System32\msvcrt.dll
0x00007ffca49b0000 - 0x00007ffca4a4a000 	C:\Windows\System32\msvcp_win.dll
0x00007ffca5c40000 - 0x00007ffca5c71000 	C:\Windows\System32\IMM32.DLL
0x00007ffca02d0000 - 0x00007ffca02dc000 	c:\Users\yenho\.vscode\extensions\redhat.java-1.38.0-win32-x64\jre\17.0.13-win32-x86_64\bin\vcruntime140_1.dll
0x00007ffc56950000 - 0x00007ffc569dd000 	c:\Users\yenho\.vscode\extensions\redhat.java-1.38.0-win32-x64\jre\17.0.13-win32-x86_64\bin\msvcp140.dll
0x00007ffc35460000 - 0x00007ffc360cb000 	c:\Users\yenho\.vscode\extensions\redhat.java-1.38.0-win32-x64\jre\17.0.13-win32-x86_64\bin\server\jvm.dll
0x00007ffca70f0000 - 0x00007ffca71a2000 	C:\Windows\System32\ADVAPI32.dll
0x00007ffca6120000 - 0x00007ffca61c7000 	C:\Windows\System32\sechost.dll
0x00007ffca4d60000 - 0x00007ffca4d88000 	C:\Windows\System32\bcrypt.dll
0x00007ffca5960000 - 0x00007ffca5a74000 	C:\Windows\System32\RPCRT4.dll
0x00007ffca6e40000 - 0x00007ffca6eb1000 	C:\Windows\System32\WS2_32.dll
0x00007ffca37d0000 - 0x00007ffca381d000 	C:\Windows\SYSTEM32\POWRPROF.dll
0x00007ffc9ee50000 - 0x00007ffc9ee84000 	C:\Windows\SYSTEM32\WINMM.dll
0x00007ffc9e9b0000 - 0x00007ffc9e9ba000 	C:\Windows\SYSTEM32\VERSION.dll
0x00007ffca37b0000 - 0x00007ffca37c3000 	C:\Windows\SYSTEM32\UMPDC.dll
0x00007ffca3a80000 - 0x00007ffca3a98000 	C:\Windows\SYSTEM32\kernel.appcore.dll
0x00007ffc9eef0000 - 0x00007ffc9eefa000 	c:\Users\yenho\.vscode\extensions\redhat.java-1.38.0-win32-x64\jre\17.0.13-win32-x86_64\bin\jimage.dll
0x00007ffc9dcd0000 - 0x00007ffc9df02000 	C:\Windows\SYSTEM32\DBGHELP.DLL
0x00007ffca5d10000 - 0x00007ffca609f000 	C:\Windows\System32\combase.dll
0x00007ffca71b0000 - 0x00007ffca7287000 	C:\Windows\System32\OLEAUT32.dll
0x00007ffc9aad0000 - 0x00007ffc9ab02000 	C:\Windows\SYSTEM32\dbgcore.DLL
0x00007ffca4d90000 - 0x00007ffca4e0b000 	C:\Windows\System32\bcryptPrimitives.dll
0x00007ffc9d9c0000 - 0x00007ffc9d9ce000 	c:\Users\yenho\.vscode\extensions\redhat.java-1.38.0-win32-x64\jre\17.0.13-win32-x86_64\bin\instrument.dll
0x00007ffc9eec0000 - 0x00007ffc9eee5000 	c:\Users\yenho\.vscode\extensions\redhat.java-1.38.0-win32-x64\jre\17.0.13-win32-x86_64\bin\java.dll
0x00007ffc98820000 - 0x00007ffc98838000 	c:\Users\yenho\.vscode\extensions\redhat.java-1.38.0-win32-x64\jre\17.0.13-win32-x86_64\bin\zip.dll
0x00007ffca6430000 - 0x00007ffca6ca8000 	C:\Windows\System32\SHELL32.dll
0x00007ffca2880000 - 0x00007ffca3188000 	C:\Windows\SYSTEM32\windows.storage.dll
0x00007ffca2740000 - 0x00007ffca287f000 	C:\Windows\SYSTEM32\wintypes.dll
0x00007ffca5860000 - 0x00007ffca595a000 	C:\Windows\System32\SHCORE.dll
0x00007ffca61d0000 - 0x00007ffca622e000 	C:\Windows\System32\shlwapi.dll
0x00007ffca48b0000 - 0x00007ffca48db000 	C:\Windows\SYSTEM32\profapi.dll
0x00007ffc94f30000 - 0x00007ffc94f49000 	C:\Users\yenho\.vscode\extensions\redhat.java-1.38.0-win32-x64\jre\17.0.13-win32-x86_64\bin\net.dll
0x00007ffca0800000 - 0x00007ffca0936000 	C:\Windows\SYSTEM32\WINHTTP.dll
0x00007ffca3f00000 - 0x00007ffca3f69000 	C:\Windows\system32\mswsock.dll
0x00007ffc94790000 - 0x00007ffc947a6000 	C:\Users\yenho\.vscode\extensions\redhat.java-1.38.0-win32-x64\jre\17.0.13-win32-x86_64\bin\nio.dll
0x00007ffc8ed40000 - 0x00007ffc8ed50000 	c:\Users\yenho\.vscode\extensions\redhat.java-1.38.0-win32-x64\jre\17.0.13-win32-x86_64\bin\verify.dll
0x00007ffc1a1e0000 - 0x00007ffc1a225000 	C:\Users\yenho\AppData\Roaming\Code\User\globalStorage\redhat.java\1.38.0\config_win\org.eclipse.equinox.launcher\org.eclipse.equinox.launcher.win32.win32.x86_64_1.2.1100.v20240722-2106\eclipse_11904.dll
0x00007ffca74a0000 - 0x00007ffca7645000 	C:\Windows\System32\ole32.dll
0x00007ffca4170000 - 0x00007ffca418b000 	C:\Windows\SYSTEM32\CRYPTSP.dll
0x00007ffca39d0000 - 0x00007ffca3a05000 	C:\Windows\system32\rsaenh.dll
0x00007ffca4000000 - 0x00007ffca4028000 	C:\Windows\SYSTEM32\USERENV.dll
0x00007ffca4160000 - 0x00007ffca416c000 	C:\Windows\SYSTEM32\CRYPTBASE.dll
0x00007ffca3460000 - 0x00007ffca348d000 	C:\Windows\SYSTEM32\IPHLPAPI.DLL
0x00007ffca6420000 - 0x00007ffca6429000 	C:\Windows\System32\NSI.dll
0x00007ffc9f3f0000 - 0x00007ffc9f409000 	C:\Windows\SYSTEM32\dhcpcsvc6.DLL
0x00007ffc9f3d0000 - 0x00007ffc9f3ef000 	C:\Windows\SYSTEM32\dhcpcsvc.DLL
0x00007ffca34d0000 - 0x00007ffca35d2000 	C:\Windows\SYSTEM32\DNSAPI.dll
0x00007ffc0a5f0000 - 0x00007ffc0a639000 	C:\Users\yenho\AppData\Local\Temp\jna-114863977\jna2261276664264229300.dll
0x00007ffca5a80000 - 0x00007ffca5a88000 	C:\Windows\System32\PSAPI.DLL
0x00007ffc0ab20000 - 0x00007ffc0ab47000 	C:\Users\yenho\.gradle\native\c067742578af261105cb4f569cf0c3c89f3d7b1fecec35dd04571415982c5e48\windows-amd64\native-platform.dll
0x00007ffc9ef20000 - 0x00007ffc9ef2a000 	C:\Users\yenho\.vscode\extensions\redhat.java-1.38.0-win32-x64\jre\17.0.13-win32-x86_64\bin\management.dll
0x00007ffc9ef10000 - 0x00007ffc9ef1b000 	C:\Users\yenho\.vscode\extensions\redhat.java-1.38.0-win32-x64\jre\17.0.13-win32-x86_64\bin\management_ext.dll

dbghelp: loaded successfully - version: 4.0.5 - missing functions: none
symbol engine: initialized successfully - sym options: 0x614 - pdb path: .;c:\Users\yenho\.vscode\extensions\redhat.java-1.38.0-win32-x64\jre\17.0.13-win32-x86_64\bin;C:\Windows\SYSTEM32;C:\Windows\WinSxS\amd64_microsoft.windows.common-controls_6595b64144ccf1df_6.0.22621.4541_none_2710d1c57384c085;c:\Users\yenho\.vscode\extensions\redhat.java-1.38.0-win32-x64\jre\17.0.13-win32-x86_64\bin\server;C:\Users\yenho\AppData\Roaming\Code\User\globalStorage\redhat.java\1.38.0\config_win\org.eclipse.equinox.launcher\org.eclipse.equinox.launcher.win32.win32.x86_64_1.2.1100.v20240722-2106;C:\Users\yenho\AppData\Local\Temp\jna-114863977;C:\Users\yenho\.gradle\native\c067742578af261105cb4f569cf0c3c89f3d7b1fecec35dd04571415982c5e48\windows-amd64

VM Arguments:
jvm_args: --add-modules=ALL-SYSTEM --add-opens=java.base/java.util=ALL-UNNAMED --add-opens=java.base/java.lang=ALL-UNNAMED --add-opens=java.base/sun.nio.fs=ALL-UNNAMED -Declipse.application=org.eclipse.jdt.ls.core.id1 -Dosgi.bundles.defaultStartLevel=4 -Declipse.product=org.eclipse.jdt.ls.core.product -Djava.import.generatesMetadataFilesAtProjectRoot=false -DDetectVMInstallationsJob.disabled=true -Dfile.encoding=utf8 -XX:+UseParallelGC -XX:GCTimeRatio=4 -XX:AdaptiveSizePolicyWeight=90 -Dsun.zip.disableMemoryMapping=true -Xmx1G -Xms100m -Xlog:disable -javaagent:c:\Users\yenho\.vscode\extensions\redhat.java-1.38.0-win32-x64\lombok\lombok-1.18.34.jar -XX:+HeapDumpOnOutOfMemoryError -XX:HeapDumpPath=c:\Users\yenho\AppData\Roaming\Code\User\workspaceStorage\be8ad8b4014e26bb98f6d4fcdc527ed2\redhat.java -Daether.dependencyCollector.impl=bf 
java_command: c:\Users\yenho\.vscode\extensions\redhat.java-1.38.0-win32-x64\server\plugins\org.eclipse.equinox.launcher_1.6.900.v20240613-2009.jar -configuration c:\Users\yenho\AppData\Roaming\Code\User\globalStorage\redhat.java\1.38.0\config_win -data c:\Users\yenho\AppData\Roaming\Code\User\workspaceStorage\be8ad8b4014e26bb98f6d4fcdc527ed2\redhat.java\jdt_ws --pipe=\\.\pipe\lsp-ca4b46445e4e424159f2cb702424ffd8-sock
java_class_path (initial): c:\Users\yenho\.vscode\extensions\redhat.java-1.38.0-win32-x64\server\plugins\org.eclipse.equinox.launcher_1.6.900.v20240613-2009.jar
Launcher Type: SUN_STANDARD

[Global flags]
    uintx AdaptiveSizePolicyWeight                 = 90                                        {product} {command line}
     intx CICompilerCount                          = 4                                         {product} {ergonomic}
    uintx GCTimeRatio                              = 4                                         {product} {command line}
     bool HeapDumpOnOutOfMemoryError               = true                                   {manageable} {command line}
    ccstr HeapDumpPath                             = c:\Users\yenho\AppData\Roaming\Code\User\workspaceStorage\be8ad8b4014e26bb98f6d4fcdc527ed2\redhat.java         {manageable} {command line}
   size_t InitialHeapSize                          = 104857600                                 {product} {command line}
   size_t MaxHeapSize                              = 1073741824                                {product} {command line}
   size_t MaxNewSize                               = 357564416                                 {product} {ergonomic}
   size_t MinHeapDeltaBytes                        = 524288                                    {product} {ergonomic}
   size_t MinHeapSize                              = 104857600                                 {product} {command line}
   size_t NewSize                                  = 34603008                                  {product} {ergonomic}
    uintx NonNMethodCodeHeapSize                   = 5839372                                {pd product} {ergonomic}
    uintx NonProfiledCodeHeapSize                  = 122909434                              {pd product} {ergonomic}
   size_t OldSize                                  = 70254592                                  {product} {ergonomic}
    uintx ProfiledCodeHeapSize                     = 122909434                              {pd product} {ergonomic}
    uintx ReservedCodeCacheSize                    = 251658240                              {pd product} {ergonomic}
     bool SegmentedCodeCache                       = true                                      {product} {ergonomic}
   size_t SoftMaxHeapSize                          = 1073741824                             {manageable} {ergonomic}
     bool UseCompressedClassPointers               = true                           {product lp64_product} {ergonomic}
     bool UseCompressedOops                        = true                           {product lp64_product} {ergonomic}
     bool UseLargePagesIndividualAllocation        = false                                  {pd product} {ergonomic}
     bool UseParallelGC                            = true                                      {product} {command line}

Logging:
Log output configuration:
 #0: stdout all=off uptime,level,tags
 #1: stderr all=off uptime,level,tags

Environment Variables:
JAVA_HOME=C:\Program Files\Java\jdk-17
PATH=C:\Program Files\Common Files\Oracle\Java\javapath;C:\Windows\system32;C:\Windows;C:\Windows\System32\Wbem;C:\Windows\System32\WindowsPowerShell\v1.0\;C:\Windows\System32\OpenSSH\;C:\Program Files (x86)\NVIDIA Corporation\PhysX\Common;C:\Program Files\NVIDIA Corporation\NVIDIA NvDLISR;C:\Windows\system32;C:\Windows;C:\Windows\System32\Wbem;C:\Windows\System32\WindowsPowerShell\v1.0\;C:\Windows\System32\OpenSSH\;C:\Program Files\dotnet\;C:\Program Files (x86)\Yarn\bin\;C:\Program Files\nodejs\;C:\Program Files\Java\jdk-17\bin;C:\Users\yenho\AppData\Local\Android\Sdk\platform-tools;C:\Program Files\Git\cmd;C:\Users\yenho\AppData\Local\Microsoft\WindowsApps;C:\Users\yenho\AppData\Local\Programs\Microsoft VS Code\bin;C:\Users\yenho\.dotnet\tools;C:\Users\yenho\AppData\Local\Yarn\bin;C:\Users\yenho\AppData\Roaming\npm;C:\Users\yenho\AppData\Local\GitHubDesktop\bin
USERNAME=yenho
OS=Windows_NT
PROCESSOR_IDENTIFIER=AMD64 Family 25 Model 68 Stepping 1, AuthenticAMD
TMP=C:\Users\yenho\AppData\Local\Temp
TEMP=C:\Users\yenho\AppData\Local\Temp



Periodic native trim disabled


---------------  S Y S T E M  ---------------

OS:
 Windows 11 , 64 bit Build 22621 (10.0.22621.4391)
OS uptime: 0 days 1:03 hours
Hyper-V role detected

CPU: total 12 (initial active 12) (12 cores per cpu, 2 threads per core) family 25 model 68 stepping 1 microcode 0x0, cx8, cmov, fxsr, ht, mmx, 3dnowpref, sse, sse2, sse3, ssse3, sse4a, sse4.1, sse4.2, popcnt, lzcnt, tsc, tscinvbit, avx, avx2, aes, erms, clmul, bmi1, bmi2, adx, sha, fma, vzeroupper, clflush, clflushopt, hv
Processor Information for processor 0
  Max Mhz: 3301, Current Mhz: 3301, Mhz Limit: 3301
Processor Information for processor 1
  Max Mhz: 3301, Current Mhz: 3301, Mhz Limit: 3301
Processor Information for processor 2
  Max Mhz: 3301, Current Mhz: 2024, Mhz Limit: 3301
Processor Information for processor 3
  Max Mhz: 3301, Current Mhz: 3301, Mhz Limit: 3301
Processor Information for processor 4
  Max Mhz: 3301, Current Mhz: 3301, Mhz Limit: 3301
Processor Information for processor 5
  Max Mhz: 3301, Current Mhz: 3301, Mhz Limit: 3301
Processor Information for processor 6
  Max Mhz: 3301, Current Mhz: 3301, Mhz Limit: 3301
Processor Information for processor 7
  Max Mhz: 3301, Current Mhz: 3301, Mhz Limit: 3301
Processor Information for processor 8
  Max Mhz: 3301, Current Mhz: 3301, Mhz Limit: 3301
Processor Information for processor 9
  Max Mhz: 3301, Current Mhz: 3301, Mhz Limit: 3301
Processor Information for processor 10
  Max Mhz: 3301, Current Mhz: 3301, Mhz Limit: 3301
Processor Information for processor 11
  Max Mhz: 3301, Current Mhz: 3301, Mhz Limit: 3301

Memory: 4k page, system-wide physical 7365M (329M free)
TotalPageFile size 29893M (AvailPageFile size 0M)
current process WorkingSet (physical memory assigned to process): 632M, peak: 651M
current process commit charge ("private bytes"): 709M, peak: 722M

vm_info: OpenJDK 64-Bit Server VM (17.0.13+11) for windows-amd64 JRE (17.0.13+11), built on Oct 16 2024 00:10:08 by "admin" with MS VC++ 17.7 (VS2022)

END.
