#
# There is insufficient memory for the Java Runtime Environment to continue.
# Native memory allocation (malloc) failed to allocate 309456 bytes. Error detail: Chunk::new
# Possible reasons:
#   The system is out of physical RAM or swap space
#   This process is running with CompressedOops enabled, and the Java Heap may be blocking the growth of the native heap
# Possible solutions:
#   Reduce memory load on the system
#   Increase physical memory or swap space
#   Check if swap backing store is full
#   Decrease Java heap size (-Xmx/-Xms)
#   Decrease number of Java threads
#   Decrease Java thread stack sizes (-Xss)
#   Set larger code cache with -XX:ReservedCodeCacheSize=
#   JVM is running with Unscaled Compressed Oops mode in which the Java heap is
#     placed in the first 4GB address space. The Java Heap base address is the
#     maximum limit for the native heap growth. Please use -XX:HeapBaseMinAddress
#     to set the Java Heap base and to place the Java Heap above 4GB virtual address.
# This output file may be truncated or incomplete.
#
#  Out of Memory Error (arena.cpp:191), pid=20252, tid=24260
#
# JRE version: OpenJDK Runtime Environment Temurin-17.0.13+11 (17.0.13+11) (build 17.0.13+11)
# Java VM: OpenJDK 64-Bit Server VM Temurin-17.0.13+11 (17.0.13+11, mixed mode, tiered, compressed oops, compressed class ptrs, parallel gc, windows-amd64)
# No core dump will be written. Minidumps are not enabled by default on client versions of Windows
#

---------------  S U M M A R Y ------------

Command Line: --add-modules=ALL-SYSTEM --add-opens=java.base/java.util=ALL-UNNAMED --add-opens=java.base/java.lang=ALL-UNNAMED --add-opens=java.base/sun.nio.fs=ALL-UNNAMED -Declipse.application=org.eclipse.jdt.ls.core.id1 -Dosgi.bundles.defaultStartLevel=4 -Declipse.product=org.eclipse.jdt.ls.core.product -Djava.import.generatesMetadataFilesAtProjectRoot=false -DDetectVMInstallationsJob.disabled=true -Dfile.encoding=utf8 -XX:+UseParallelGC -XX:GCTimeRatio=4 -XX:AdaptiveSizePolicyWeight=90 -Dsun.zip.disableMemoryMapping=true -Xmx1G -Xms100m -Xlog:disable -javaagent:c:\Users\yenho\.vscode\extensions\redhat.java-1.38.0-win32-x64\lombok\lombok-1.18.34.jar -XX:+HeapDumpOnOutOfMemoryError -XX:HeapDumpPath=c:\Users\yenho\AppData\Roaming\Code\User\workspaceStorage\be8ad8b4014e26bb98f6d4fcdc527ed2\redhat.java -Daether.dependencyCollector.impl=bf c:\Users\yenho\.vscode\extensions\redhat.java-1.38.0-win32-x64\server\plugins\org.eclipse.equinox.launcher_1.6.900.v20240613-2009.jar -configuration c:\Users\yenho\AppData\Roaming\Code\User\globalStorage\redhat.java\1.38.0\config_win -data c:\Users\yenho\AppData\Roaming\Code\User\workspaceStorage\be8ad8b4014e26bb98f6d4fcdc527ed2\redhat.java\jdt_ws --pipe=\\.\pipe\lsp-4ca5c8179df08e20c39dc7c66ae0139b-sock

Host: AMD Ryzen 5 7535HS with Radeon Graphics        , 12 cores, 7G,  Windows 11 , 64 bit Build 22621 (10.0.22621.4391)
Time: Wed Jan  8 11:26:22 2025 SE Asia Standard Time elapsed time: 1.188860 seconds (0d 0h 0m 1s)

---------------  T H R E A D  ---------------

Current thread (0x00000257c774e940):  JavaThread "C2 CompilerThread0" daemon [_thread_in_native, id=24260, stack(0x00000071dfa00000,0x00000071dfb00000)]


Current CompileTask:
C2:   1188 1286       4       lombok.patcher.scripts.MethodLevelPatchScript::patch (21 bytes)

Stack: [0x00000071dfa00000,0x00000071dfb00000]
Native frames: (J=compiled Java code, j=interpreted, Vv=VM code, C=native code)
V  [jvm.dll+0x682a19]
V  [jvm.dll+0x839538]
V  [jvm.dll+0x83afe3]
V  [jvm.dll+0x83b653]
V  [jvm.dll+0x24704f]
V  [jvm.dll+0xace34]
V  [jvm.dll+0xad4cc]
V  [jvm.dll+0x36592f]
V  [jvm.dll+0x32fbd8]
V  [jvm.dll+0x32f05a]
V  [jvm.dll+0x21804f]
V  [jvm.dll+0x21748f]
V  [jvm.dll+0x1a3070]
V  [jvm.dll+0x22788c]
V  [jvm.dll+0x2259eb]
V  [jvm.dll+0x7eec98]
V  [jvm.dll+0x7e8ffc]
V  [jvm.dll+0x6818f7]
C  [ucrtbase.dll+0x29333]
C  [KERNEL32.DLL+0x1259d]
C  [ntdll.dll+0x5af38]


---------------  P R O C E S S  ---------------

Threads class SMR info:
_java_thread_list=0x00000257ce382780, length=13, elements={
0x00000257b38c0130, 0x00000257c7744030, 0x00000257c77450a0, 0x00000257c774abf0,
0x00000257c774b4c0, 0x00000257c774c530, 0x00000257c774d5a0, 0x00000257c774e940,
0x00000257cc820ad0, 0x00000257cc8233f0, 0x00000257cc917400, 0x00000257ccb1b4c0,
0x00000257ce493170
}

Java Threads: ( => current thread )
  0x00000257b38c0130 JavaThread "main" [_thread_in_Java, id=25288, stack(0x00000071df100000,0x00000071df200000)]
  0x00000257c7744030 JavaThread "Reference Handler" daemon [_thread_blocked, id=10316, stack(0x00000071df400000,0x00000071df500000)]
  0x00000257c77450a0 JavaThread "Finalizer" daemon [_thread_blocked, id=14928, stack(0x00000071df500000,0x00000071df600000)]
  0x00000257c774abf0 JavaThread "Signal Dispatcher" daemon [_thread_blocked, id=2920, stack(0x00000071df600000,0x00000071df700000)]
  0x00000257c774b4c0 JavaThread "Attach Listener" daemon [_thread_blocked, id=21652, stack(0x00000071df700000,0x00000071df800000)]
  0x00000257c774c530 JavaThread "Service Thread" daemon [_thread_blocked, id=24968, stack(0x00000071df800000,0x00000071df900000)]
  0x00000257c774d5a0 JavaThread "Monitor Deflation Thread" daemon [_thread_blocked, id=14556, stack(0x00000071df900000,0x00000071dfa00000)]
=>0x00000257c774e940 JavaThread "C2 CompilerThread0" daemon [_thread_in_native, id=24260, stack(0x00000071dfa00000,0x00000071dfb00000)]
  0x00000257cc820ad0 JavaThread "C1 CompilerThread0" daemon [_thread_in_native, id=9924, stack(0x00000071dfb00000,0x00000071dfc00000)]
  0x00000257cc8233f0 JavaThread "Sweeper thread" daemon [_thread_blocked, id=3300, stack(0x00000071dfc00000,0x00000071dfd00000)]
  0x00000257cc917400 JavaThread "Common-Cleaner" daemon [_thread_blocked, id=16044, stack(0x00000071dfd00000,0x00000071dfe00000)]
  0x00000257ccb1b4c0 JavaThread "Notification Thread" daemon [_thread_blocked, id=16388, stack(0x00000071dfe00000,0x00000071dff00000)]
  0x00000257ce493170 JavaThread "Active Thread: Equinox Container: 5c764998-2e53-4784-9e87-35dd4b9fb856" [_thread_blocked, id=6316, stack(0x00000071e0500000,0x00000071e0600000)]

Other Threads:
  0x00000257b396ea40 VMThread "VM Thread" [stack: 0x00000071df300000,0x00000071df400000] [id=9444]
  0x00000257ccb1ce90 WatcherThread [stack: 0x00000071dff00000,0x00000071e0000000] [id=6040]
  0x00000257b38d6b50 GCTaskThread "GC Thread#0" [stack: 0x00000071df200000,0x00000071df300000] [id=24184]
  0x00000257ce5ae550 GCTaskThread "GC Thread#1" [stack: 0x00000071e0000000,0x00000071e0100000] [id=22376]
  0x00000257ce5aec20 GCTaskThread "GC Thread#2" [stack: 0x00000071e0100000,0x00000071e0200000] [id=19164]
  0x00000257ce724fc0 GCTaskThread "GC Thread#3" [stack: 0x00000071e0200000,0x00000071e0300000] [id=18592]
  0x00000257ce725280 GCTaskThread "GC Thread#4" [stack: 0x00000071e0300000,0x00000071e0400000] [id=23940]
  0x00000257ce725b50 GCTaskThread "GC Thread#5" [stack: 0x00000071e0400000,0x00000071e0500000] [id=14724]

Threads with active compile tasks:
C2 CompilerThread0     1208 1286       4       lombok.patcher.scripts.MethodLevelPatchScript::patch (21 bytes)
C1 CompilerThread0     1208 1343       3       sun.invoke.util.Wrapper::findPrimitiveType (25 bytes)

VM state: not at safepoint (normal execution)

VM Mutex/Monitor currently owned by a thread:  ([mutex/lock_event])
[0x00000257b38bd330] AdapterHandlerLibrary_lock - owner thread: 0x0000000000000000

Heap address: 0x00000000c0000000, size: 1024 MB, Compressed Oops mode: 32-bit

CDS archive(s) not mapped
Compressed class space mapped at: 0x0000000100000000-0x0000000140000000, reserved size: 1073741824
Narrow klass base: 0x0000000000000000, Narrow klass shift: 3, Narrow klass range: 0x140000000

GC Precious Log:
 CPUs: 12 total, 12 available
 Memory: 7365M
 Large Page Support: Disabled
 NUMA Support: Disabled
 Compressed Oops: Enabled (32-bit)
 Alignments: Space 512K, Generation 512K, Heap 2M
 Heap Min Capacity: 100M
 Heap Initial Capacity: 100M
 Heap Max Capacity: 1G
 Pre-touch: Disabled
 Parallel Workers: 10

Heap:
 PSYoungGen      total 29696K, used 20064K [0x00000000eab00000, 0x00000000ecc00000, 0x0000000100000000)
  eden space 25600K, 66% used [0x00000000eab00000,0x00000000ebb82b50,0x00000000ec400000)
  from space 4096K, 77% used [0x00000000ec400000,0x00000000ec7154f8,0x00000000ec800000)
  to   space 4096K, 0% used [0x00000000ec800000,0x00000000ec800000,0x00000000ecc00000)
 ParOldGen       total 68608K, used 16K [0x00000000c0000000, 0x00000000c4300000, 0x00000000eab00000)
  object space 68608K, 0% used [0x00000000c0000000,0x00000000c0004000,0x00000000c4300000)
 Metaspace       used 13266K, committed 13440K, reserved 1114112K
  class space    used 1306K, committed 1408K, reserved 1048576K

Card table byte_map: [0x00000257b3250000,0x00000257b3460000] _byte_map_base: 0x00000257b2c50000

Marking Bits: (ParMarkBitMap*) 0x00007fff3f306940
 Begin Bits: [0x00000257c5550000, 0x00000257c6550000)
 End Bits:   [0x00000257c6550000, 0x00000257c7550000)

Polling page: 0x00000257b1820000

Metaspace:

Usage:
  Non-class:     11.68 MB used.
      Class:      1.28 MB used.
       Both:     12.96 MB used.

Virtual space:
  Non-class space:       64.00 MB reserved,      11.75 MB ( 18%) committed,  1 nodes.
      Class space:        1.00 GB reserved,       1.38 MB ( <1%) committed,  1 nodes.
             Both:        1.06 GB reserved,      13.12 MB (  1%) committed. 

Chunk freelists:
   Non-Class:  3.78 MB
       Class:  14.53 MB
        Both:  18.31 MB

MaxMetaspaceSize: unlimited
CompressedClassSpaceSize: 1.00 GB
Initial GC threshold: 21.00 MB
Current GC threshold: 21.00 MB
CDS: off
MetaspaceReclaimPolicy: balanced
 - commit_granule_bytes: 65536.
 - commit_granule_words: 8192.
 - virtual_space_node_default_size: 8388608.
 - enlarge_chunks_in_place: 1.
 - new_chunks_are_fully_committed: 0.
 - uncommit_free_chunks: 1.
 - use_allocation_guard: 0.
 - handle_deallocations: 1.


Internal statistics:

num_allocs_failed_limit: 0.
num_arena_births: 46.
num_arena_deaths: 0.
num_vsnodes_births: 2.
num_vsnodes_deaths: 0.
num_space_committed: 210.
num_space_uncommitted: 0.
num_chunks_returned_to_freelist: 0.
num_chunks_taken_from_freelist: 180.
num_chunk_merges: 0.
num_chunk_splits: 127.
num_chunks_enlarged: 106.
num_inconsistent_stats: 0.

CodeHeap 'non-profiled nmethods': size=120000Kb used=485Kb max_used=485Kb free=119514Kb
 bounds [0x00000257be020000, 0x00000257be290000, 0x00000257c5550000]
CodeHeap 'profiled nmethods': size=120000Kb used=2359Kb max_used=2359Kb free=117640Kb
 bounds [0x00000257b6550000, 0x00000257b67c0000, 0x00000257bda80000]
CodeHeap 'non-nmethods': size=5760Kb used=1151Kb max_used=1167Kb free=4608Kb
 bounds [0x00000257bda80000, 0x00000257bdcf0000, 0x00000257be020000]
 total_blobs=1783 nmethods=1338 adapters=360
 compilation: enabled
              stopped_count=0, restarted_count=0
 full_count=0

Compilation events (20 events):
Event: 1.180 Thread 0x00000257cc820ad0 1321       3       java.lang.ClassLoader::setSigners (6 bytes)
Event: 1.180 Thread 0x00000257cc820ad0 nmethod 1321 0x00000257b678d310 code [0x00000257b678d4c0, 0x00000257b678d608]
Event: 1.180 Thread 0x00000257cc820ad0 1322   !   3       java.net.URLClassLoader::findClass (47 bytes)
Event: 1.181 Thread 0x00000257cc820ad0 nmethod 1322 0x00000257b678d710 code [0x00000257b678d900, 0x00000257b678df08]
Event: 1.181 Thread 0x00000257cc820ad0 1323       3       java.net.URLClassLoader$1::<init> (15 bytes)
Event: 1.181 Thread 0x00000257cc820ad0 nmethod 1323 0x00000257b678e110 code [0x00000257b678e2a0, 0x00000257b678e438]
Event: 1.181 Thread 0x00000257cc820ad0 1324       1       java.util.Collections$EmptyMap::get (2 bytes)
Event: 1.182 Thread 0x00000257cc820ad0 nmethod 1324 0x00000257be098590 code [0x00000257be098720, 0x00000257be0987f8]
Event: 1.182 Thread 0x00000257cc820ad0 1325       1       org.eclipse.osgi.container.ModuleCapability::getDirectives (5 bytes)
Event: 1.182 Thread 0x00000257cc820ad0 nmethod 1325 0x00000257be098890 code [0x00000257be098a20, 0x00000257be098af8]
Event: 1.182 Thread 0x00000257cc820ad0 1326       3       java.util.ArrayList$SubList$1::hasNext (20 bytes)
Event: 1.182 Thread 0x00000257cc820ad0 nmethod 1326 0x00000257b678e510 code [0x00000257b678e6a0, 0x00000257b678e818]
Event: 1.182 Thread 0x00000257cc820ad0 1327       3       java.util.ArrayList$SubList$1::next (85 bytes)
Event: 1.182 Thread 0x00000257cc820ad0 nmethod 1327 0x00000257b678e910 code [0x00000257b678eb00, 0x00000257b678ef28]
Event: 1.183 Thread 0x00000257cc820ad0 1328   !   3       java.net.URLClassLoader::defineClass (225 bytes)
Event: 1.186 Thread 0x00000257cc820ad0 nmethod 1328 0x00000257b678f190 code [0x00000257b678f640, 0x00000257b6791788]
Event: 1.186 Thread 0x00000257cc820ad0 1330       3       java.security.CodeSigner::equals (75 bytes)
Event: 1.186 Thread 0x00000257cc820ad0 nmethod 1330 0x00000257b6792690 code [0x00000257b6792880, 0x00000257b6792ed8]
Event: 1.186 Thread 0x00000257cc820ad0 1329       3       java.net.URLClassLoader::getAndVerifyPackage (110 bytes)
Event: 1.187 Thread 0x00000257cc820ad0 nmethod 1329 0x00000257b6793090 code [0x00000257b6793400, 0x00000257b67945a8]

GC Heap History (2 events):
Event: 0.841 GC heap before
{Heap before GC invocations=1 (full 0):
 PSYoungGen      total 29696K, used 25600K [0x00000000eab00000, 0x00000000ecc00000, 0x0000000100000000)
  eden space 25600K, 100% used [0x00000000eab00000,0x00000000ec400000,0x00000000ec400000)
  from space 4096K, 0% used [0x00000000ec800000,0x00000000ec800000,0x00000000ecc00000)
  to   space 4096K, 0% used [0x00000000ec400000,0x00000000ec400000,0x00000000ec800000)
 ParOldGen       total 68608K, used 0K [0x00000000c0000000, 0x00000000c4300000, 0x00000000eab00000)
  object space 68608K, 0% used [0x00000000c0000000,0x00000000c0000000,0x00000000c4300000)
 Metaspace       used 10928K, committed 11072K, reserved 1114112K
  class space    used 1082K, committed 1152K, reserved 1048576K
}
Event: 0.847 GC heap after
{Heap after GC invocations=1 (full 0):
 PSYoungGen      total 29696K, used 3157K [0x00000000eab00000, 0x00000000ecc00000, 0x0000000100000000)
  eden space 25600K, 0% used [0x00000000eab00000,0x00000000eab00000,0x00000000ec400000)
  from space 4096K, 77% used [0x00000000ec400000,0x00000000ec7154f8,0x00000000ec800000)
  to   space 4096K, 0% used [0x00000000ec800000,0x00000000ec800000,0x00000000ecc00000)
 ParOldGen       total 68608K, used 16K [0x00000000c0000000, 0x00000000c4300000, 0x00000000eab00000)
  object space 68608K, 0% used [0x00000000c0000000,0x00000000c0004000,0x00000000c4300000)
 Metaspace       used 10928K, committed 11072K, reserved 1114112K
  class space    used 1082K, committed 1152K, reserved 1048576K
}

Dll operation events (8 events):
Event: 0.013 Loaded shared library c:\Users\yenho\.vscode\extensions\redhat.java-1.38.0-win32-x64\jre\17.0.13-win32-x86_64\bin\java.dll
Event: 0.154 Loaded shared library c:\Users\yenho\.vscode\extensions\redhat.java-1.38.0-win32-x64\jre\17.0.13-win32-x86_64\bin\zip.dll
Event: 0.157 Loaded shared library C:\Users\yenho\.vscode\extensions\redhat.java-1.38.0-win32-x64\jre\17.0.13-win32-x86_64\bin\instrument.dll
Event: 0.169 Loaded shared library C:\Users\yenho\.vscode\extensions\redhat.java-1.38.0-win32-x64\jre\17.0.13-win32-x86_64\bin\net.dll
Event: 0.172 Loaded shared library C:\Users\yenho\.vscode\extensions\redhat.java-1.38.0-win32-x64\jre\17.0.13-win32-x86_64\bin\nio.dll
Event: 0.179 Loaded shared library C:\Users\yenho\.vscode\extensions\redhat.java-1.38.0-win32-x64\jre\17.0.13-win32-x86_64\bin\zip.dll
Event: 0.195 Loaded shared library C:\Users\yenho\.vscode\extensions\redhat.java-1.38.0-win32-x64\jre\17.0.13-win32-x86_64\bin\jimage.dll
Event: 0.262 Loaded shared library c:\Users\yenho\.vscode\extensions\redhat.java-1.38.0-win32-x64\jre\17.0.13-win32-x86_64\bin\verify.dll

Deoptimization events (20 events):
Event: 0.969 Thread 0x00000257b38c0130 DEOPT PACKING pc=0x00000257b65c2b21 sp=0x00000071df1f7a00
Event: 0.969 Thread 0x00000257b38c0130 DEOPT UNPACKING pc=0x00000257bdad6e43 sp=0x00000071df1f6eb0 mode 0
Event: 0.982 Thread 0x00000257b38c0130 DEOPT PACKING pc=0x00000257b65c2b21 sp=0x00000071df1f3e10
Event: 0.982 Thread 0x00000257b38c0130 DEOPT UNPACKING pc=0x00000257bdad6e43 sp=0x00000071df1f32c0 mode 0
Event: 0.988 Thread 0x00000257b38c0130 DEOPT PACKING pc=0x00000257b65c2b21 sp=0x00000071df1f3e10
Event: 0.988 Thread 0x00000257b38c0130 DEOPT UNPACKING pc=0x00000257bdad6e43 sp=0x00000071df1f32c0 mode 0
Event: 0.999 Thread 0x00000257b38c0130 DEOPT PACKING pc=0x00000257b65c2b21 sp=0x00000071df1f3e10
Event: 0.999 Thread 0x00000257b38c0130 DEOPT UNPACKING pc=0x00000257bdad6e43 sp=0x00000071df1f32c0 mode 0
Event: 1.005 Thread 0x00000257b38c0130 DEOPT PACKING pc=0x00000257b65c2b21 sp=0x00000071df1f7910
Event: 1.005 Thread 0x00000257b38c0130 DEOPT UNPACKING pc=0x00000257bdad6e43 sp=0x00000071df1f6dc0 mode 0
Event: 1.026 Thread 0x00000257b38c0130 DEOPT PACKING pc=0x00000257b65c2b21 sp=0x00000071df1f3aa0
Event: 1.026 Thread 0x00000257b38c0130 DEOPT UNPACKING pc=0x00000257bdad6e43 sp=0x00000071df1f2f50 mode 0
Event: 1.038 Thread 0x00000257b38c0130 Uncommon trap: trap_request=0xffffffc6 fr.pc=0x00000257be04e59c relative=0x000000000000027c
Event: 1.038 Thread 0x00000257b38c0130 Uncommon trap: reason=bimorphic_or_optimized_type_check action=maybe_recompile pc=0x00000257be04e59c method=java.util.Collections$UnmodifiableCollection$1.next()Ljava/lang/Object; @ 4 c2
Event: 1.038 Thread 0x00000257b38c0130 DEOPT PACKING pc=0x00000257be04e59c sp=0x00000071df1f7fe0
Event: 1.038 Thread 0x00000257b38c0130 DEOPT UNPACKING pc=0x00000257bdad66a3 sp=0x00000071df1f7f90 mode 2
Event: 1.038 Thread 0x00000257b38c0130 Uncommon trap: trap_request=0xffffffc6 fr.pc=0x00000257be04e59c relative=0x000000000000027c
Event: 1.038 Thread 0x00000257b38c0130 Uncommon trap: reason=bimorphic_or_optimized_type_check action=maybe_recompile pc=0x00000257be04e59c method=java.util.Collections$UnmodifiableCollection$1.next()Ljava/lang/Object; @ 4 c2
Event: 1.038 Thread 0x00000257b38c0130 DEOPT PACKING pc=0x00000257be04e59c sp=0x00000071df1f7fe0
Event: 1.038 Thread 0x00000257b38c0130 DEOPT UNPACKING pc=0x00000257bdad66a3 sp=0x00000071df1f7f90 mode 2

Classes loaded (20 events):
Event: 1.176 Loading class java/lang/invoke/VarHandleLongs$FieldInstanceReadWrite
Event: 1.176 Loading class java/lang/invoke/VarHandleLongs$FieldInstanceReadOnly
Event: 1.176 Loading class java/lang/invoke/VarHandleLongs$FieldInstanceReadOnly done
Event: 1.176 Loading class java/lang/invoke/VarHandleLongs$FieldInstanceReadWrite done
Event: 1.176 Loading class java/lang/invoke/VarHandleInts$FieldStaticReadWrite
Event: 1.177 Loading class java/lang/invoke/VarHandleInts$FieldStaticReadOnly
Event: 1.177 Loading class java/lang/invoke/VarHandleInts$FieldStaticReadOnly done
Event: 1.177 Loading class java/lang/invoke/VarHandleInts$FieldStaticReadWrite done
Event: 1.177 Loading class java/util/concurrent/ForkJoinPool$DefaultForkJoinWorkerThreadFactory
Event: 1.177 Loading class java/util/concurrent/ForkJoinPool$ForkJoinWorkerThreadFactory
Event: 1.177 Loading class java/util/concurrent/ForkJoinPool$ForkJoinWorkerThreadFactory done
Event: 1.177 Loading class java/util/concurrent/ForkJoinPool$DefaultForkJoinWorkerThreadFactory done
Event: 1.177 Loading class java/util/concurrent/ForkJoinPool$1
Event: 1.177 Loading class java/util/concurrent/ForkJoinPool$1 done
Event: 1.177 Loading class java/util/concurrent/ForkJoinPool$DefaultCommonPoolForkJoinWorkerThreadFactory
Event: 1.177 Loading class java/util/concurrent/ForkJoinPool$DefaultCommonPoolForkJoinWorkerThreadFactory done
Event: 1.177 Loading class java/util/concurrent/ForkJoinPool$WorkQueue
Event: 1.178 Loading class java/util/concurrent/ForkJoinPool$WorkQueue done
Event: 1.178 Loading class java/util/concurrent/ForkJoinWorkerThread
Event: 1.178 Loading class java/util/concurrent/ForkJoinWorkerThread done

Classes unloaded (0 events):
No events

Classes redefined (0 events):
No events

Internal exceptions (20 events):
Event: 0.129 Thread 0x00000257b38c0130 Exception <a 'java/lang/NoSuchMethodError'{0x00000000eacb5168}: 'void java.lang.invoke.DirectMethodHandle$Holder.invokeStatic(java.lang.Object, java.lang.Object, java.lang.Object)'> (0x00000000eacb5168) 
thrown [s\src\hotspot\share\interpreter\linkResolver.cpp, line 759]
Event: 0.295 Thread 0x00000257b38c0130 Exception <a 'java/lang/reflect/InvocationTargetException'{0x00000000eafe7dd0}> (0x00000000eafe7dd0) 
thrown [s\src\hotspot\share\runtime\reflection.cpp, line 1128]
Event: 0.573 Thread 0x00000257b38c0130 Exception <a 'java/lang/ClassNotFoundException'{0x00000000eb889268}: sun/net/www/protocol/c/Handler> (0x00000000eb889268) 
thrown [s\src\hotspot\share\classfile\systemDictionary.cpp, line 256]
Event: 0.578 Thread 0x00000257b38c0130 Exception <a 'java/io/FileNotFoundException'{0x00000000eb8a4ad8}> (0x00000000eb8a4ad8) 
thrown [s\src\hotspot\share\prims\jni.cpp, line 516]
Event: 0.578 Thread 0x00000257b38c0130 Exception <a 'java/io/FileNotFoundException'{0x00000000eb8a57f8}> (0x00000000eb8a57f8) 
thrown [s\src\hotspot\share\prims\jni.cpp, line 516]
Event: 0.578 Thread 0x00000257b38c0130 Exception <a 'java/io/FileNotFoundException'{0x00000000eb8a64f8}> (0x00000000eb8a64f8) 
thrown [s\src\hotspot\share\prims\jni.cpp, line 516]
Event: 0.579 Thread 0x00000257b38c0130 Exception <a 'java/io/FileNotFoundException'{0x00000000eb8a71c8}> (0x00000000eb8a71c8) 
thrown [s\src\hotspot\share\prims\jni.cpp, line 516]
Event: 0.584 Thread 0x00000257b38c0130 Implicit null exception at 0x00000257be0459f2 to 0x00000257be045f10
Event: 0.586 Thread 0x00000257b38c0130 Exception <a 'java/io/FileNotFoundException'{0x00000000eb8e1cf0}> (0x00000000eb8e1cf0) 
thrown [s\src\hotspot\share\prims\jni.cpp, line 516]
Event: 0.761 Thread 0x00000257b38c0130 Exception <a 'java/lang/ClassNotFoundException'{0x00000000ec128680}: sun/net/www/protocol/c/Handler> (0x00000000ec128680) 
thrown [s\src\hotspot\share\classfile\systemDictionary.cpp, line 256]
Event: 0.762 Thread 0x00000257b38c0130 Exception <a 'java/lang/ClassNotFoundException'{0x00000000ec1299e0}: sun/net/www/protocol/c/Handler> (0x00000000ec1299e0) 
thrown [s\src\hotspot\share\classfile\systemDictionary.cpp, line 256]
Event: 0.762 Thread 0x00000257b38c0130 Exception <a 'java/lang/ClassNotFoundException'{0x00000000ec12ab80}: sun/net/www/protocol/c/Handler> (0x00000000ec12ab80) 
thrown [s\src\hotspot\share\classfile\systemDictionary.cpp, line 256]
Event: 0.769 Thread 0x00000257b38c0130 Exception <a 'java/io/FileNotFoundException'{0x00000000ec153ee0}> (0x00000000ec153ee0) 
thrown [s\src\hotspot\share\prims\jni.cpp, line 516]
Event: 0.857 Thread 0x00000257b38c0130 Exception <a 'java/lang/NoSuchMethodError'{0x00000000eab34590}: 'int java.lang.invoke.DirectMethodHandle$Holder.invokeStaticInit(java.lang.Object, java.lang.Object, java.lang.Object, java.lang.Object)'> (0x00000000eab34590) 
thrown [s\src\hotspot\share\interpreter\linkResolver.cpp, line 759]
Event: 0.858 Thread 0x00000257b38c0130 Exception <a 'java/lang/NoSuchMethodError'{0x00000000eab3ecf8}: 'java.lang.Object java.lang.invoke.DirectMethodHandle$Holder.invokeInterface(java.lang.Object, java.lang.Object)'> (0x00000000eab3ecf8) 
thrown [s\src\hotspot\share\interpreter\linkResolver.cpp, line 759]
Event: 0.859 Thread 0x00000257b38c0130 Exception <a 'java/lang/IncompatibleClassChangeError'{0x00000000eab424f0}: Found class java.lang.Object, but interface was expected> (0x00000000eab424f0) 
thrown [s\src\hotspot\share\interpreter\linkResolver.cpp, line 826]
Event: 0.859 Thread 0x00000257b38c0130 Exception <a 'java/lang/NoSuchMethodError'{0x00000000eab469d0}: 'void java.lang.invoke.DirectMethodHandle$Holder.invokeStatic(java.lang.Object, java.lang.Object)'> (0x00000000eab469d0) 
thrown [s\src\hotspot\share\interpreter\linkResolver.cpp, line 759]
Event: 0.860 Thread 0x00000257b38c0130 Exception <a 'java/lang/NoSuchMethodError'{0x00000000eab4a1d0}: 'void java.lang.invoke.DirectMethodHandle$Holder.invokeStaticInit(java.lang.Object, java.lang.Object)'> (0x00000000eab4a1d0) 
thrown [s\src\hotspot\share\interpreter\linkResolver.cpp, line 759]
Event: 0.861 Thread 0x00000257b38c0130 Exception <a 'java/lang/NoSuchMethodError'{0x00000000eab516f0}: 'int java.lang.invoke.DirectMethodHandle$Holder.invokeStaticInit(java.lang.Object, java.lang.Object)'> (0x00000000eab516f0) 
thrown [s\src\hotspot\share\interpreter\linkResolver.cpp, line 759]
Event: 0.900 Thread 0x00000257b38c0130 Exception <a 'java/lang/NoSuchMethodError'{0x00000000eacdd730}: 'void java.lang.invoke.DirectMethodHandle$Holder.invokeSpecial(java.lang.Object, java.lang.Object, java.lang.Object)'> (0x00000000eacdd730) 
thrown [s\src\hotspot\share\interpreter\linkResolver.cpp, line 759]

VM Operations (14 events):
Event: 0.135 Executing VM operation: HandshakeAllThreads
Event: 0.135 Executing VM operation: HandshakeAllThreads done
Event: 0.552 Executing VM operation: HandshakeAllThreads
Event: 0.552 Executing VM operation: HandshakeAllThreads done
Event: 0.567 Executing VM operation: HandshakeAllThreads
Event: 0.567 Executing VM operation: HandshakeAllThreads done
Event: 0.840 Executing VM operation: ICBufferFull
Event: 0.840 Executing VM operation: ICBufferFull done
Event: 0.841 Executing VM operation: ParallelGCFailedAllocation
Event: 0.847 Executing VM operation: ParallelGCFailedAllocation done
Event: 1.183 Executing VM operation: HandshakeAllThreads
Event: 1.183 Executing VM operation: HandshakeAllThreads done
Event: 1.183 Executing VM operation: HandshakeAllThreads
Event: 1.183 Executing VM operation: HandshakeAllThreads done

Memory protections (0 events):
No events

Nmethod flushes (0 events):
No events

Events (13 events):
Event: 0.040 Thread 0x00000257b38c0130 Thread added: 0x00000257b38c0130
Event: 0.050 Thread 0x00000257b38c0130 Thread added: 0x00000257c7744030
Event: 0.051 Thread 0x00000257b38c0130 Thread added: 0x00000257c77450a0
Event: 0.069 Thread 0x00000257b38c0130 Thread added: 0x00000257c774abf0
Event: 0.069 Thread 0x00000257b38c0130 Thread added: 0x00000257c774b4c0
Event: 0.069 Thread 0x00000257b38c0130 Thread added: 0x00000257c774c530
Event: 0.069 Thread 0x00000257b38c0130 Thread added: 0x00000257c774d5a0
Event: 0.069 Thread 0x00000257b38c0130 Thread added: 0x00000257c774e940
Event: 0.069 Thread 0x00000257b38c0130 Thread added: 0x00000257cc820ad0
Event: 0.069 Thread 0x00000257b38c0130 Thread added: 0x00000257cc8233f0
Event: 0.112 Thread 0x00000257b38c0130 Thread added: 0x00000257cc917400
Event: 0.393 Thread 0x00000257b38c0130 Thread added: 0x00000257ccb1b4c0
Event: 1.174 Thread 0x00000257b38c0130 Thread added: 0x00000257ce493170


Dynamic libraries:
0x00007ff78a340000 - 0x00007ff78a34e000 	c:\Users\yenho\.vscode\extensions\redhat.java-1.38.0-win32-x64\jre\17.0.13-win32-x86_64\bin\java.exe
0x00007fffdc5b0000 - 0x00007fffdc7c7000 	C:\Windows\SYSTEM32\ntdll.dll
0x00007fffda930000 - 0x00007fffda9f4000 	C:\Windows\System32\KERNEL32.DLL
0x00007fffd9a40000 - 0x00007fffd9dfa000 	C:\Windows\System32\KERNELBASE.dll
0x00007fffda110000 - 0x00007fffda221000 	C:\Windows\System32\ucrtbase.dll
0x00007fffa09a0000 - 0x00007fffa09be000 	c:\Users\yenho\.vscode\extensions\redhat.java-1.38.0-win32-x64\jre\17.0.13-win32-x86_64\bin\VCRUNTIME140.dll
0x00007fffa44d0000 - 0x00007fffa44e7000 	c:\Users\yenho\.vscode\extensions\redhat.java-1.38.0-win32-x64\jre\17.0.13-win32-x86_64\bin\jli.dll
0x00007fffda420000 - 0x00007fffda5ce000 	C:\Windows\System32\USER32.dll
0x00007fffd9e00000 - 0x00007fffd9e26000 	C:\Windows\System32\win32u.dll
0x00007fffda5d0000 - 0x00007fffda5f9000 	C:\Windows\System32\GDI32.dll
0x00007fffd9880000 - 0x00007fffd999b000 	C:\Windows\System32\gdi32full.dll
0x00007fffbf570000 - 0x00007fffbf802000 	C:\Windows\WinSxS\amd64_microsoft.windows.common-controls_6595b64144ccf1df_6.0.22621.4541_none_2710d1c57384c085\COMCTL32.dll
0x00007fffd99a0000 - 0x00007fffd9a3a000 	C:\Windows\System32\msvcp_win.dll
0x00007fffda2b0000 - 0x00007fffda357000 	C:\Windows\System32\msvcrt.dll
0x00007fffdb6e0000 - 0x00007fffdb711000 	C:\Windows\System32\IMM32.DLL
0x00007fffc9c60000 - 0x00007fffc9c6c000 	c:\Users\yenho\.vscode\extensions\redhat.java-1.38.0-win32-x64\jre\17.0.13-win32-x86_64\bin\vcruntime140_1.dll
0x00007fffa4440000 - 0x00007fffa44cd000 	c:\Users\yenho\.vscode\extensions\redhat.java-1.38.0-win32-x64\jre\17.0.13-win32-x86_64\bin\msvcp140.dll
0x00007fff3e760000 - 0x00007fff3f3cb000 	c:\Users\yenho\.vscode\extensions\redhat.java-1.38.0-win32-x64\jre\17.0.13-win32-x86_64\bin\server\jvm.dll
0x00007fffda860000 - 0x00007fffda912000 	C:\Windows\System32\ADVAPI32.dll
0x00007fffda370000 - 0x00007fffda417000 	C:\Windows\System32\sechost.dll
0x00007fffd9f70000 - 0x00007fffd9f98000 	C:\Windows\System32\bcrypt.dll
0x00007fffdc2d0000 - 0x00007fffdc3e4000 	C:\Windows\System32\RPCRT4.dll
0x00007fffdb720000 - 0x00007fffdb791000 	C:\Windows\System32\WS2_32.dll
0x00007fffd86d0000 - 0x00007fffd871d000 	C:\Windows\SYSTEM32\POWRPROF.dll
0x00007fffd3d70000 - 0x00007fffd3da4000 	C:\Windows\SYSTEM32\WINMM.dll
0x00007fffd1c30000 - 0x00007fffd1c3a000 	C:\Windows\SYSTEM32\VERSION.dll
0x00007fffd86b0000 - 0x00007fffd86c3000 	C:\Windows\SYSTEM32\UMPDC.dll
0x00007fffd8970000 - 0x00007fffd8988000 	C:\Windows\SYSTEM32\kernel.appcore.dll
0x00007fffc84d0000 - 0x00007fffc84da000 	c:\Users\yenho\.vscode\extensions\redhat.java-1.38.0-win32-x64\jre\17.0.13-win32-x86_64\bin\jimage.dll
0x00007fffd0e40000 - 0x00007fffd1072000 	C:\Windows\SYSTEM32\DBGHELP.DLL
0x00007fffdaa90000 - 0x00007fffdae1f000 	C:\Windows\System32\combase.dll
0x00007fffdae80000 - 0x00007fffdaf57000 	C:\Windows\System32\OLEAUT32.dll
0x00007fffce7a0000 - 0x00007fffce7d2000 	C:\Windows\SYSTEM32\dbgcore.DLL
0x00007fffd9e30000 - 0x00007fffd9eab000 	C:\Windows\System32\bcryptPrimitives.dll
0x00007fffccbb0000 - 0x00007fffccbbe000 	c:\Users\yenho\.vscode\extensions\redhat.java-1.38.0-win32-x64\jre\17.0.13-win32-x86_64\bin\instrument.dll
0x00007fff9fbe0000 - 0x00007fff9fc05000 	c:\Users\yenho\.vscode\extensions\redhat.java-1.38.0-win32-x64\jre\17.0.13-win32-x86_64\bin\java.dll
0x00007fffa09c0000 - 0x00007fffa09d8000 	c:\Users\yenho\.vscode\extensions\redhat.java-1.38.0-win32-x64\jre\17.0.13-win32-x86_64\bin\zip.dll
0x00007fffdba50000 - 0x00007fffdc2c8000 	C:\Windows\System32\SHELL32.dll
0x00007fffd7780000 - 0x00007fffd8088000 	C:\Windows\SYSTEM32\windows.storage.dll
0x00007fffd7640000 - 0x00007fffd777f000 	C:\Windows\SYSTEM32\wintypes.dll
0x00007fffdc3f0000 - 0x00007fffdc4ea000 	C:\Windows\System32\SHCORE.dll
0x00007fffdc4f0000 - 0x00007fffdc54e000 	C:\Windows\System32\shlwapi.dll
0x00007fffd97b0000 - 0x00007fffd97db000 	C:\Windows\SYSTEM32\profapi.dll
0x00007fffc9f90000 - 0x00007fffc9fa9000 	C:\Users\yenho\.vscode\extensions\redhat.java-1.38.0-win32-x64\jre\17.0.13-win32-x86_64\bin\net.dll
0x00007fffd5770000 - 0x00007fffd58a6000 	C:\Windows\SYSTEM32\WINHTTP.dll
0x00007fffd8df0000 - 0x00007fffd8e59000 	C:\Windows\system32\mswsock.dll
0x00007fffc5f00000 - 0x00007fffc5f16000 	C:\Users\yenho\.vscode\extensions\redhat.java-1.38.0-win32-x64\jre\17.0.13-win32-x86_64\bin\nio.dll
0x00007fffc8430000 - 0x00007fffc8440000 	c:\Users\yenho\.vscode\extensions\redhat.java-1.38.0-win32-x64\jre\17.0.13-win32-x86_64\bin\verify.dll

dbghelp: loaded successfully - version: 4.0.5 - missing functions: none
symbol engine: initialized successfully - sym options: 0x614 - pdb path: .;c:\Users\yenho\.vscode\extensions\redhat.java-1.38.0-win32-x64\jre\17.0.13-win32-x86_64\bin;C:\Windows\SYSTEM32;C:\Windows\WinSxS\amd64_microsoft.windows.common-controls_6595b64144ccf1df_6.0.22621.4541_none_2710d1c57384c085;c:\Users\yenho\.vscode\extensions\redhat.java-1.38.0-win32-x64\jre\17.0.13-win32-x86_64\bin\server

VM Arguments:
jvm_args: --add-modules=ALL-SYSTEM --add-opens=java.base/java.util=ALL-UNNAMED --add-opens=java.base/java.lang=ALL-UNNAMED --add-opens=java.base/sun.nio.fs=ALL-UNNAMED -Declipse.application=org.eclipse.jdt.ls.core.id1 -Dosgi.bundles.defaultStartLevel=4 -Declipse.product=org.eclipse.jdt.ls.core.product -Djava.import.generatesMetadataFilesAtProjectRoot=false -DDetectVMInstallationsJob.disabled=true -Dfile.encoding=utf8 -XX:+UseParallelGC -XX:GCTimeRatio=4 -XX:AdaptiveSizePolicyWeight=90 -Dsun.zip.disableMemoryMapping=true -Xmx1G -Xms100m -Xlog:disable -javaagent:c:\Users\yenho\.vscode\extensions\redhat.java-1.38.0-win32-x64\lombok\lombok-1.18.34.jar -XX:+HeapDumpOnOutOfMemoryError -XX:HeapDumpPath=c:\Users\yenho\AppData\Roaming\Code\User\workspaceStorage\be8ad8b4014e26bb98f6d4fcdc527ed2\redhat.java -Daether.dependencyCollector.impl=bf 
java_command: c:\Users\yenho\.vscode\extensions\redhat.java-1.38.0-win32-x64\server\plugins\org.eclipse.equinox.launcher_1.6.900.v20240613-2009.jar -configuration c:\Users\yenho\AppData\Roaming\Code\User\globalStorage\redhat.java\1.38.0\config_win -data c:\Users\yenho\AppData\Roaming\Code\User\workspaceStorage\be8ad8b4014e26bb98f6d4fcdc527ed2\redhat.java\jdt_ws --pipe=\\.\pipe\lsp-4ca5c8179df08e20c39dc7c66ae0139b-sock
java_class_path (initial): c:\Users\yenho\.vscode\extensions\redhat.java-1.38.0-win32-x64\server\plugins\org.eclipse.equinox.launcher_1.6.900.v20240613-2009.jar
Launcher Type: SUN_STANDARD

[Global flags]
    uintx AdaptiveSizePolicyWeight                 = 90                                        {product} {command line}
     intx CICompilerCount                          = 4                                         {product} {ergonomic}
    uintx GCTimeRatio                              = 4                                         {product} {command line}
     bool HeapDumpOnOutOfMemoryError               = true                                   {manageable} {command line}
    ccstr HeapDumpPath                             = c:\Users\yenho\AppData\Roaming\Code\User\workspaceStorage\be8ad8b4014e26bb98f6d4fcdc527ed2\redhat.java         {manageable} {command line}
   size_t InitialHeapSize                          = 104857600                                 {product} {command line}
   size_t MaxHeapSize                              = 1073741824                                {product} {command line}
   size_t MaxNewSize                               = 357564416                                 {product} {ergonomic}
   size_t MinHeapDeltaBytes                        = 524288                                    {product} {ergonomic}
   size_t MinHeapSize                              = 104857600                                 {product} {command line}
   size_t NewSize                                  = 34603008                                  {product} {ergonomic}
    uintx NonNMethodCodeHeapSize                   = 5839372                                {pd product} {ergonomic}
    uintx NonProfiledCodeHeapSize                  = 122909434                              {pd product} {ergonomic}
   size_t OldSize                                  = 70254592                                  {product} {ergonomic}
    uintx ProfiledCodeHeapSize                     = 122909434                              {pd product} {ergonomic}
    uintx ReservedCodeCacheSize                    = 251658240                              {pd product} {ergonomic}
     bool SegmentedCodeCache                       = true                                      {product} {ergonomic}
   size_t SoftMaxHeapSize                          = 1073741824                             {manageable} {ergonomic}
     bool UseCompressedClassPointers               = true                           {product lp64_product} {ergonomic}
     bool UseCompressedOops                        = true                           {product lp64_product} {ergonomic}
     bool UseLargePagesIndividualAllocation        = false                                  {pd product} {ergonomic}
     bool UseParallelGC                            = true                                      {product} {command line}

Logging:
Log output configuration:
 #0: stdout all=off uptime,level,tags
 #1: stderr all=off uptime,level,tags

Environment Variables:
JAVA_HOME=C:\Program Files\Java\jdk-17
PATH=C:\Program Files\Common Files\Oracle\Java\javapath;C:\Windows\system32;C:\Windows;C:\Windows\System32\Wbem;C:\Windows\System32\WindowsPowerShell\v1.0\;C:\Windows\System32\OpenSSH\;C:\Program Files (x86)\NVIDIA Corporation\PhysX\Common;C:\Program Files\NVIDIA Corporation\NVIDIA NvDLISR;C:\Windows\system32;C:\Windows;C:\Windows\System32\Wbem;C:\Windows\System32\WindowsPowerShell\v1.0\;C:\Windows\System32\OpenSSH\;C:\Program Files\dotnet\;C:\Program Files (x86)\Yarn\bin\;C:\Program Files\nodejs\;C:\Program Files\Java\jdk-17\bin;C:\Users\yenho\AppData\Local\Android\Sdk\platform-tools;C:\Program Files\Git\cmd;C:\Users\yenho\AppData\Local\Microsoft\WindowsApps;C:\Users\yenho\AppData\Local\Programs\Microsoft VS Code\bin;C:\Users\yenho\.dotnet\tools;C:\Users\yenho\AppData\Local\Yarn\bin;C:\Users\yenho\AppData\Roaming\npm;C:\Users\yenho\AppData\Local\GitHubDesktop\bin
USERNAME=yenho
OS=Windows_NT
PROCESSOR_IDENTIFIER=AMD64 Family 25 Model 68 Stepping 1, AuthenticAMD
TMP=C:\Users\yenho\AppData\Local\Temp
TEMP=C:\Users\yenho\AppData\Local\Temp



Periodic native trim disabled


---------------  S Y S T E M  ---------------

OS:
 Windows 11 , 64 bit Build 22621 (10.0.22621.4391)
OS uptime: 0 days 3:29 hours
Hyper-V role detected

CPU: total 12 (initial active 12) (12 cores per cpu, 2 threads per core) family 25 model 68 stepping 1 microcode 0x0, cx8, cmov, fxsr, ht, mmx, 3dnowpref, sse, sse2, sse3, ssse3, sse4a, sse4.1, sse4.2, popcnt, lzcnt, tsc, tscinvbit, avx, avx2, aes, erms, clmul, bmi1, bmi2, adx, sha, fma, vzeroupper, clflush, clflushopt, hv
Processor Information for processor 0
  Max Mhz: 3301, Current Mhz: 3301, Mhz Limit: 3301
Processor Information for processor 1
  Max Mhz: 3301, Current Mhz: 3301, Mhz Limit: 3301
Processor Information for processor 2
  Max Mhz: 3301, Current Mhz: 3301, Mhz Limit: 3301
Processor Information for processor 3
  Max Mhz: 3301, Current Mhz: 3301, Mhz Limit: 3301
Processor Information for processor 4
  Max Mhz: 3301, Current Mhz: 3301, Mhz Limit: 3301
Processor Information for processor 5
  Max Mhz: 3301, Current Mhz: 3301, Mhz Limit: 3301
Processor Information for processor 6
  Max Mhz: 3301, Current Mhz: 2024, Mhz Limit: 3301
Processor Information for processor 7
  Max Mhz: 3301, Current Mhz: 3301, Mhz Limit: 3301
Processor Information for processor 8
  Max Mhz: 3301, Current Mhz: 3301, Mhz Limit: 3301
Processor Information for processor 9
  Max Mhz: 3301, Current Mhz: 3301, Mhz Limit: 3301
Processor Information for processor 10
  Max Mhz: 3301, Current Mhz: 3301, Mhz Limit: 3301
Processor Information for processor 11
  Max Mhz: 3301, Current Mhz: 3301, Mhz Limit: 3301

Memory: 4k page, system-wide physical 7365M (260M free)
TotalPageFile size 29893M (AvailPageFile size 15M)
current process WorkingSet (physical memory assigned to process): 80M, peak: 80M
current process commit charge ("private bytes"): 208M, peak: 208M

vm_info: OpenJDK 64-Bit Server VM (17.0.13+11) for windows-amd64 JRE (17.0.13+11), built on Oct 16 2024 00:10:08 by "admin" with MS VC++ 17.7 (VS2022)

END.
