#
# There is insufficient memory for the Java Runtime Environment to continue.
# Native memory allocation (malloc) failed to allocate 676176 bytes. Error detail: Chunk::new
# Possible reasons:
#   The system is out of physical RAM or swap space
#   This process is running with CompressedOops enabled, and the Java Heap may be blocking the growth of the native heap
# Possible solutions:
#   Reduce memory load on the system
#   Increase physical memory or swap space
#   Check if swap backing store is full
#   Decrease Java heap size (-Xmx/-Xms)
#   Decrease number of Java threads
#   Decrease Java thread stack sizes (-Xss)
#   Set larger code cache with -XX:ReservedCodeCacheSize=
#   JVM is running with Unscaled Compressed Oops mode in which the Java heap is
#     placed in the first 4GB address space. The Java Heap base address is the
#     maximum limit for the native heap growth. Please use -XX:HeapBaseMinAddress
#     to set the Java Heap base and to place the Java Heap above 4GB virtual address.
# This output file may be truncated or incomplete.
#
#  Out of Memory Error (arena.cpp:191), pid=19740, tid=13732
#
# JRE version: OpenJDK Runtime Environment Temurin-17.0.13+11 (17.0.13+11) (build 17.0.13+11)
# Java VM: OpenJDK 64-Bit Server VM Temurin-17.0.13+11 (17.0.13+11, mixed mode, tiered, compressed oops, compressed class ptrs, parallel gc, windows-amd64)
# No core dump will be written. Minidumps are not enabled by default on client versions of Windows
#

---------------  S U M M A R Y ------------

Command Line: --add-modules=ALL-SYSTEM --add-opens=java.base/java.util=ALL-UNNAMED --add-opens=java.base/java.lang=ALL-UNNAMED --add-opens=java.base/sun.nio.fs=ALL-UNNAMED -Declipse.application=org.eclipse.jdt.ls.core.id1 -Dosgi.bundles.defaultStartLevel=4 -Declipse.product=org.eclipse.jdt.ls.core.product -Djava.import.generatesMetadataFilesAtProjectRoot=false -DDetectVMInstallationsJob.disabled=true -Dfile.encoding=utf8 -XX:+UseParallelGC -XX:GCTimeRatio=4 -XX:AdaptiveSizePolicyWeight=90 -Dsun.zip.disableMemoryMapping=true -Xmx1G -Xms100m -Xlog:disable -javaagent:c:\Users\yenho\.vscode\extensions\redhat.java-1.38.0-win32-x64\lombok\lombok-1.18.34.jar -XX:+HeapDumpOnOutOfMemoryError -XX:HeapDumpPath=c:\Users\yenho\AppData\Roaming\Code\User\workspaceStorage\be8ad8b4014e26bb98f6d4fcdc527ed2\redhat.java -Daether.dependencyCollector.impl=bf c:\Users\yenho\.vscode\extensions\redhat.java-1.38.0-win32-x64\server\plugins\org.eclipse.equinox.launcher_1.6.900.v20240613-2009.jar -configuration c:\Users\yenho\AppData\Roaming\Code\User\globalStorage\redhat.java\1.38.0\config_win -data c:\Users\yenho\AppData\Roaming\Code\User\workspaceStorage\be8ad8b4014e26bb98f6d4fcdc527ed2\redhat.java\jdt_ws --pipe=\\.\pipe\lsp-484c61b104c55dea0caabf69b3ec00ab-sock

Host: AMD Ryzen 5 7535HS with Radeon Graphics        , 12 cores, 7G,  Windows 11 , 64 bit Build 22621 (10.0.22621.4391)
Time: Thu Jan  9 14:32:31 2025 SE Asia Standard Time elapsed time: 12.577644 seconds (0d 0h 0m 12s)

---------------  T H R E A D  ---------------

Current thread (0x00000246ff3a4f10):  JavaThread "C2 CompilerThread0" daemon [_thread_in_native, id=13732, stack(0x000000feddd00000,0x000000fedde00000)]


Current CompileTask:
C2:  12577 10310       4       java.io.WinNTFileSystem::normalize (143 bytes)

Stack: [0x000000feddd00000,0x000000fedde00000]
Native frames: (J=compiled Java code, j=interpreted, Vv=VM code, C=native code)
V  [jvm.dll+0x682a19]
V  [jvm.dll+0x839538]
V  [jvm.dll+0x83afe3]
V  [jvm.dll+0x83b653]
V  [jvm.dll+0x24704f]
V  [jvm.dll+0xace34]
V  [jvm.dll+0xad4cc]
V  [jvm.dll+0x2ac84f]
V  [jvm.dll+0x588a79]
V  [jvm.dll+0x220ea2]
V  [jvm.dll+0x22129f]
V  [jvm.dll+0x21a2b0]
V  [jvm.dll+0x21738b]
V  [jvm.dll+0x1a3070]
V  [jvm.dll+0x22788c]
V  [jvm.dll+0x2259eb]
V  [jvm.dll+0x7eec98]
V  [jvm.dll+0x7e8ffc]
V  [jvm.dll+0x6818f7]
C  [ucrtbase.dll+0x29333]
C  [KERNEL32.DLL+0x1259d]
C  [ntdll.dll+0x5af38]


---------------  P R O C E S S  ---------------

Threads class SMR info:
_java_thread_list=0x00000246972f70a0, length=79, elements={
0x00000246f750efc0, 0x00000246f75bbec0, 0x00000246f75bd220, 0x00000246fe2ebfd0,
0x00000246fe2ec9a0, 0x00000246fe2ed560, 0x00000246fe2ee120, 0x00000246ff3a4f10,
0x00000246ff408ad0, 0x00000246ff40b890, 0x00000246ff4d4010, 0x00000246ff6bf020,
0x00000246944f0080, 0x0000024694999730, 0x0000024694533f70, 0x0000024694536460,
0x0000024694c86980, 0x0000024694c7f570, 0x0000024694c7fa80, 0x0000024694c818e0,
0x0000024694c7eb50, 0x0000024694c80ec0, 0x0000024694c7e130, 0x0000024694c7ff90,
0x0000024694c804a0, 0x0000024694c809b0, 0x0000024694fc0cd0, 0x0000024694fc16f0,
0x0000024694fc1c00, 0x0000024694fc53b0, 0x0000024694fc07c0, 0x0000024694fc58c0,
0x0000024694fc2110, 0x0000024694fbe960, 0x0000024694fc2620, 0x0000024694fc2b30,
0x0000024694fbf380, 0x0000024694fc02b0, 0x0000024694fbf890, 0x0000024694fc4990,
0x0000024694fc3f70, 0x0000024694fbfda0, 0x0000024694fc11e0, 0x0000024694fc3550,
0x0000024694fc3a60, 0x0000024694fc4480, 0x0000024694fc4ea0, 0x0000024694fc5dd0,
0x0000024694fc62e0, 0x0000024694fbee70, 0x0000024694c7e640, 0x0000024695b80f60,
0x0000024695b85b50, 0x0000024695b85130, 0x0000024695b82dc0, 0x0000024695b85640,
0x0000024695b823a0, 0x0000024695b832d0, 0x0000024695b7e6e0, 0x0000024695b84200,
0x0000024695b84710, 0x0000024695b84c20, 0x0000024695b80030, 0x0000024695b86060,
0x0000024695b80a50, 0x0000024695b7f610, 0x0000024695b7ebf0, 0x0000024695b7f100,
0x0000024695b837e0, 0x0000024695b81470, 0x0000024695b7fb20, 0x0000024695b80540,
0x0000024695b81980, 0x0000024695b81e90, 0x0000024695f66680, 0x0000024695f67ac0,
0x0000024695f624b0, 0x0000024695f67fd0, 0x0000024695f675b0
}

Java Threads: ( => current thread )
  0x00000246f750efc0 JavaThread "main" [_thread_blocked, id=24512, stack(0x000000fedd400000,0x000000fedd500000)]
  0x00000246f75bbec0 JavaThread "Reference Handler" daemon [_thread_blocked, id=4736, stack(0x000000fedd700000,0x000000fedd800000)]
  0x00000246f75bd220 JavaThread "Finalizer" daemon [_thread_blocked, id=17344, stack(0x000000fedd800000,0x000000fedd900000)]
  0x00000246fe2ebfd0 JavaThread "Signal Dispatcher" daemon [_thread_blocked, id=23292, stack(0x000000fedd900000,0x000000fedda00000)]
  0x00000246fe2ec9a0 JavaThread "Attach Listener" daemon [_thread_blocked, id=5228, stack(0x000000fedda00000,0x000000feddb00000)]
  0x00000246fe2ed560 JavaThread "Service Thread" daemon [_thread_blocked, id=15040, stack(0x000000feddb00000,0x000000feddc00000)]
  0x00000246fe2ee120 JavaThread "Monitor Deflation Thread" daemon [_thread_blocked, id=20944, stack(0x000000feddc00000,0x000000feddd00000)]
=>0x00000246ff3a4f10 JavaThread "C2 CompilerThread0" daemon [_thread_in_native, id=13732, stack(0x000000feddd00000,0x000000fedde00000)]
  0x00000246ff408ad0 JavaThread "C1 CompilerThread0" daemon [_thread_blocked, id=20016, stack(0x000000fedde00000,0x000000feddf00000)]
  0x00000246ff40b890 JavaThread "Sweeper thread" daemon [_thread_blocked, id=23668, stack(0x000000feddf00000,0x000000fede000000)]
  0x00000246ff4d4010 JavaThread "Common-Cleaner" daemon [_thread_blocked, id=13780, stack(0x000000fede000000,0x000000fede100000)]
  0x00000246ff6bf020 JavaThread "Notification Thread" daemon [_thread_blocked, id=6564, stack(0x000000fede200000,0x000000fede300000)]
  0x00000246944f0080 JavaThread "Active Thread: Equinox Container: 27d2b7dd-9a07-408f-977d-fff810869c64" [_thread_blocked, id=18556, stack(0x000000fedea00000,0x000000fedeb00000)]
  0x0000024694999730 JavaThread "Refresh Thread: Equinox Container: 27d2b7dd-9a07-408f-977d-fff810869c64" daemon [_thread_blocked, id=22800, stack(0x000000fedeb00000,0x000000fedec00000)]
  0x0000024694533f70 JavaThread "Framework Event Dispatcher: Equinox Container: 27d2b7dd-9a07-408f-977d-fff810869c64" daemon [_thread_blocked, id=10356, stack(0x000000fedec00000,0x000000feded00000)]
  0x0000024694536460 JavaThread "Start Level: Equinox Container: 27d2b7dd-9a07-408f-977d-fff810869c64" daemon [_thread_blocked, id=9492, stack(0x000000feded00000,0x000000fedee00000)]
  0x0000024694c86980 JavaThread "Bundle File Closer" daemon [_thread_blocked, id=2820, stack(0x000000fedef00000,0x000000fedf000000)]
  0x0000024694c7f570 JavaThread "SCR Component Actor" daemon [_thread_blocked, id=22700, stack(0x000000fedf100000,0x000000fedf200000)]
  0x0000024694c7fa80 JavaThread "Worker-JM" [_thread_blocked, id=2436, stack(0x000000fedf300000,0x000000fedf400000)]
  0x0000024694c818e0 JavaThread "JNA Cleaner" daemon [_thread_blocked, id=8832, stack(0x000000fedf400000,0x000000fedf500000)]
  0x0000024694c7eb50 JavaThread "Worker-0" [_thread_blocked, id=18860, stack(0x000000fedf500000,0x000000fedf600000)]
  0x0000024694c80ec0 JavaThread "Worker-1" [_thread_blocked, id=10660, stack(0x000000fedf600000,0x000000fedf700000)]
  0x0000024694c7e130 JavaThread "Java indexing" daemon [_thread_in_vm, id=17804, stack(0x000000fedf700000,0x000000fedf800000)]
  0x0000024694c7ff90 JavaThread "Thread-2" daemon [_thread_in_native, id=23832, stack(0x000000fedf800000,0x000000fedf900000)]
  0x0000024694c804a0 JavaThread "Thread-3" daemon [_thread_in_native, id=22300, stack(0x000000fedf900000,0x000000fedfa00000)]
  0x0000024694c809b0 JavaThread "Thread-4" daemon [_thread_in_native, id=3844, stack(0x000000fedfa00000,0x000000fedfb00000)]
  0x0000024694fc0cd0 JavaThread "Thread-5" daemon [_thread_in_native, id=17324, stack(0x000000fedfb00000,0x000000fedfc00000)]
  0x0000024694fc16f0 JavaThread "Thread-6" daemon [_thread_in_native, id=20164, stack(0x000000fedfc00000,0x000000fedfd00000)]
  0x0000024694fc1c00 JavaThread "Thread-7" daemon [_thread_in_native, id=13532, stack(0x000000fedfd00000,0x000000fedfe00000)]
  0x0000024694fc53b0 JavaThread "Thread-8" daemon [_thread_in_native, id=24188, stack(0x000000fedfe00000,0x000000fedff00000)]
  0x0000024694fc07c0 JavaThread "Thread-9" daemon [_thread_in_native, id=18816, stack(0x000000fedff00000,0x000000fee0000000)]
  0x0000024694fc58c0 JavaThread "Thread-10" daemon [_thread_in_native, id=18824, stack(0x000000fee0000000,0x000000fee0100000)]
  0x0000024694fc2110 JavaThread "Thread-11" daemon [_thread_in_native, id=24032, stack(0x000000fee0100000,0x000000fee0200000)]
  0x0000024694fbe960 JavaThread "Thread-12" daemon [_thread_in_native, id=24028, stack(0x000000fee0200000,0x000000fee0300000)]
  0x0000024694fc2620 JavaThread "Thread-13" daemon [_thread_in_native, id=11324, stack(0x000000fee0300000,0x000000fee0400000)]
  0x0000024694fc2b30 JavaThread "Thread-14" daemon [_thread_in_native, id=20376, stack(0x000000fee0400000,0x000000fee0500000)]
  0x0000024694fbf380 JavaThread "pool-2-thread-1" [_thread_blocked, id=23432, stack(0x000000fee0500000,0x000000fee0600000)]
  0x0000024694fc02b0 JavaThread "Worker-2: Initialize Workspace" [_thread_blocked, id=24036, stack(0x000000fee0600000,0x000000fee0700000)]
  0x0000024694fbf890 JavaThread "Worker-3" [_thread_blocked, id=20056, stack(0x000000fee0700000,0x000000fee0800000)]
  0x0000024694fc4990 JavaThread "Worker-4: Java indexing... " [_thread_blocked, id=18080, stack(0x000000fee0800000,0x000000fee0900000)]
  0x0000024694fc3f70 JavaThread "WorkspaceEventsHandler" [_thread_blocked, id=1888, stack(0x000000fee0900000,0x000000fee0a00000)]
  0x0000024694fbfda0 JavaThread "pool-1-thread-1" [_thread_blocked, id=17252, stack(0x000000fee0a00000,0x000000fee0b00000)]
  0x0000024694fc11e0 JavaThread "Worker-5" [_thread_blocked, id=20096, stack(0x000000fee0b00000,0x000000fee0c00000)]
  0x0000024694fc3550 JavaThread "Worker-6" [_thread_blocked, id=10192, stack(0x000000fee0c00000,0x000000fee0d00000)]
  0x0000024694fc3a60 JavaThread "LocalFile Deleter" daemon [_thread_blocked, id=18748, stack(0x000000fee0d00000,0x000000fee0e00000)]
  0x0000024694fc4480 JavaThread "LocalFile Deleter" daemon [_thread_blocked, id=18316, stack(0x000000fee0e00000,0x000000fee0f00000)]
  0x0000024694fc4ea0 JavaThread "LocalFile Deleter" daemon [_thread_blocked, id=11376, stack(0x000000fee0f00000,0x000000fee1000000)]
  0x0000024694fc5dd0 JavaThread "LocalFile Deleter" daemon [_thread_blocked, id=804, stack(0x000000fee1000000,0x000000fee1100000)]
  0x0000024694fc62e0 JavaThread "LocalFile Deleter" daemon [_thread_blocked, id=23288, stack(0x000000fee1100000,0x000000fee1200000)]
  0x0000024694fbee70 JavaThread "LocalFile Deleter" daemon [_thread_blocked, id=10352, stack(0x000000fee1200000,0x000000fee1300000)]
  0x0000024694c7e640 JavaThread "LocalFile Deleter" daemon [_thread_blocked, id=2652, stack(0x000000fee1300000,0x000000fee1400000)]
  0x0000024695b80f60 JavaThread "LocalFile Deleter" daemon [_thread_blocked, id=17708, stack(0x000000fee1400000,0x000000fee1500000)]
  0x0000024695b85b50 JavaThread "LocalFile Deleter" daemon [_thread_blocked, id=23120, stack(0x000000fee1500000,0x000000fee1600000)]
  0x0000024695b85130 JavaThread "LocalFile Deleter" daemon [_thread_blocked, id=24192, stack(0x000000fee1600000,0x000000fee1700000)]
  0x0000024695b82dc0 JavaThread "LocalFile Deleter" daemon [_thread_blocked, id=2932, stack(0x000000fee1700000,0x000000fee1800000)]
  0x0000024695b85640 JavaThread "LocalFile Deleter" daemon [_thread_blocked, id=18872, stack(0x000000fee1800000,0x000000fee1900000)]
  0x0000024695b823a0 JavaThread "Compiler Source File Reader" daemon [_thread_blocked, id=20012, stack(0x000000fee1900000,0x000000fee1a00000)]
  0x0000024695b832d0 JavaThread "Compiler Source File Reader" daemon [_thread_blocked, id=12264, stack(0x000000fee1a00000,0x000000fee1b00000)]
  0x0000024695b7e6e0 JavaThread "Compiler Source File Reader" daemon [_thread_blocked, id=20852, stack(0x000000fee1b00000,0x000000fee1c00000)]
  0x0000024695b84200 JavaThread "Compiler Source File Reader" daemon [_thread_blocked, id=14144, stack(0x000000fee1c00000,0x000000fee1d00000)]
  0x0000024695b84710 JavaThread "Compiler Source File Reader" daemon [_thread_blocked, id=3420, stack(0x000000fee1d00000,0x000000fee1e00000)]
  0x0000024695b84c20 JavaThread "Compiler Source File Reader" daemon [_thread_blocked, id=4148, stack(0x000000fee1e00000,0x000000fee1f00000)]
  0x0000024695b80030 JavaThread "Compiler Source File Reader" daemon [_thread_blocked, id=24068, stack(0x000000fee1f00000,0x000000fee2000000)]
  0x0000024695b86060 JavaThread "Compiler Source File Reader" daemon [_thread_blocked, id=20808, stack(0x000000fee2000000,0x000000fee2100000)]
  0x0000024695b80a50 JavaThread "Compiler Source File Reader" daemon [_thread_blocked, id=2312, stack(0x000000fee2100000,0x000000fee2200000)]
  0x0000024695b7f610 JavaThread "Compiler Source File Reader" daemon [_thread_blocked, id=7836, stack(0x000000fee2200000,0x000000fee2300000)]
  0x0000024695b7ebf0 JavaThread "Compiler Processing Task" daemon [_thread_blocked, id=19440, stack(0x000000fee2300000,0x000000fee2400000)]
  0x0000024695b7f100 JavaThread "Compiler Class File Writer" daemon [_thread_blocked, id=23040, stack(0x000000fee2400000,0x000000fee2500000)]
  0x0000024695b837e0 JavaThread "Compiler Class File Writer" daemon [_thread_blocked, id=16792, stack(0x000000fee2500000,0x000000fee2600000)]
  0x0000024695b81470 JavaThread "Compiler Class File Writer" daemon [_thread_blocked, id=11892, stack(0x000000fee2600000,0x000000fee2700000)]
  0x0000024695b7fb20 JavaThread "Compiler Class File Writer" daemon [_thread_blocked, id=16560, stack(0x000000fee2700000,0x000000fee2800000)]
  0x0000024695b80540 JavaThread "Compiler Class File Writer" daemon [_thread_blocked, id=21484, stack(0x000000fee2800000,0x000000fee2900000)]
  0x0000024695b81980 JavaThread "Compiler Class File Writer" daemon [_thread_blocked, id=24252, stack(0x000000fee2900000,0x000000fee2a00000)]
  0x0000024695b81e90 JavaThread "Compiler Class File Writer" daemon [_thread_blocked, id=14388, stack(0x000000fee2a00000,0x000000fee2b00000)]
  0x0000024695f66680 JavaThread "Compiler Class File Writer" daemon [_thread_blocked, id=22940, stack(0x000000fee2b00000,0x000000fee2c00000)]
  0x0000024695f67ac0 JavaThread "Compiler Class File Writer" daemon [_thread_blocked, id=7508, stack(0x000000fee2c00000,0x000000fee2d00000)]
  0x0000024695f624b0 JavaThread "Compiler Class File Writer" daemon [_thread_blocked, id=2704, stack(0x000000fee2d00000,0x000000fee2e00000)]
  0x0000024695f67fd0 JavaThread "Timer-0" [_thread_blocked, id=8020, stack(0x000000fedf200000,0x000000fedf300000)]
  0x0000024695f675b0 JavaThread "Connection worker" [_thread_in_vm, id=23372, stack(0x000000fee2e00000,0x000000fee2f00000)]

Other Threads:
  0x00000246f7596510 VMThread "VM Thread" [stack: 0x000000fedd600000,0x000000fedd700000] [id=7884]
  0x00000246ff6bf500 WatcherThread [stack: 0x000000fede300000,0x000000fede400000] [id=23904]
  0x00000246f7523e50 GCTaskThread "GC Thread#0" [stack: 0x000000fedd500000,0x000000fedd600000] [id=12128]
  0x00000246941c69c0 GCTaskThread "GC Thread#1" [stack: 0x000000fede400000,0x000000fede500000] [id=15604]
  0x00000246941c0ed0 GCTaskThread "GC Thread#2" [stack: 0x000000fede500000,0x000000fede600000] [id=10760]
  0x00000246941c1190 GCTaskThread "GC Thread#3" [stack: 0x000000fede600000,0x000000fede700000] [id=20896]
  0x00000246942466f0 GCTaskThread "GC Thread#4" [stack: 0x000000fede700000,0x000000fede800000] [id=15204]
  0x00000246942469b0 GCTaskThread "GC Thread#5" [stack: 0x000000fede800000,0x000000fede900000] [id=4180]
  0x0000024694246c70 GCTaskThread "GC Thread#6" [stack: 0x000000fede900000,0x000000fedea00000] [id=6936]
  0x00000246947f2ca0 GCTaskThread "GC Thread#7" [stack: 0x000000fedee00000,0x000000fedef00000] [id=18648]
  0x0000024694e34350 GCTaskThread "GC Thread#8" [stack: 0x000000fedf000000,0x000000fedf100000] [id=4560]
  0x0000024694e45190 GCTaskThread "GC Thread#9" [stack: 0x000000fede100000,0x000000fede200000] [id=2336]

Threads with active compile tasks:
C2 CompilerThread0    12611 10310       4       java.io.WinNTFileSystem::normalize (143 bytes)

VM state: not at safepoint (normal execution)

VM Mutex/Monitor currently owned by a thread: None

Heap address: 0x00000000c0000000, size: 1024 MB, Compressed Oops mode: 32-bit

CDS archive(s) not mapped
Compressed class space mapped at: 0x0000000100000000-0x0000000140000000, reserved size: 1073741824
Narrow klass base: 0x0000000000000000, Narrow klass shift: 3, Narrow klass range: 0x140000000

GC Precious Log:
 CPUs: 12 total, 12 available
 Memory: 7365M
 Large Page Support: Disabled
 NUMA Support: Disabled
 Compressed Oops: Enabled (32-bit)
 Alignments: Space 512K, Generation 512K, Heap 2M
 Heap Min Capacity: 100M
 Heap Initial Capacity: 100M
 Heap Max Capacity: 1G
 Pre-touch: Disabled
 Parallel Workers: 10

Heap:
 PSYoungGen      total 6144K, used 6035K [0x00000000eab00000, 0x00000000eb380000, 0x0000000100000000)
  eden space 3584K, 98% used [0x00000000eab00000,0x00000000eae7dde8,0x00000000eae80000)
  from space 2560K, 97% used [0x00000000eb100000,0x00000000eb36f940,0x00000000eb380000)
  to   space 2560K, 0% used [0x00000000eae80000,0x00000000eae80000,0x00000000eb100000)
 ParOldGen       total 178688K, used 151487K [0x00000000c0000000, 0x00000000cae80000, 0x00000000eab00000)
  object space 178688K, 84% used [0x00000000c0000000,0x00000000c93efdb8,0x00000000cae80000)
 Metaspace       used 69175K, committed 70400K, reserved 1114112K
  class space    used 7410K, committed 7936K, reserved 1048576K

Card table byte_map: [0x00000246fbb60000,0x00000246fbd70000] _byte_map_base: 0x00000246fb560000

Marking Bits: (ParMarkBitMap*) 0x00007ffc36006940
 Begin Bits: [0x00000246fbed0000, 0x00000246fced0000)
 End Bits:   [0x00000246fced0000, 0x00000246fded0000)

Polling page: 0x00000246fb950000

Metaspace:

Usage:
  Non-class:     60.32 MB used.
      Class:      7.24 MB used.
       Both:     67.55 MB used.

Virtual space:
  Non-class space:       64.00 MB reserved,      61.00 MB ( 95%) committed,  1 nodes.
      Class space:        1.00 GB reserved,       7.75 MB ( <1%) committed,  1 nodes.
             Both:        1.06 GB reserved,      68.75 MB (  6%) committed. 

Chunk freelists:
   Non-Class:  2.61 MB
       Class:  8.30 MB
        Both:  10.91 MB

MaxMetaspaceSize: unlimited
CompressedClassSpaceSize: 1.00 GB
Initial GC threshold: 21.00 MB
Current GC threshold: 114.50 MB
CDS: off
MetaspaceReclaimPolicy: balanced
 - commit_granule_bytes: 65536.
 - commit_granule_words: 8192.
 - virtual_space_node_default_size: 8388608.
 - enlarge_chunks_in_place: 1.
 - new_chunks_are_fully_committed: 0.
 - uncommit_free_chunks: 1.
 - use_allocation_guard: 0.
 - handle_deallocations: 1.


Internal statistics:

num_allocs_failed_limit: 9.
num_arena_births: 718.
num_arena_deaths: 28.
num_vsnodes_births: 2.
num_vsnodes_deaths: 0.
num_space_committed: 1100.
num_space_uncommitted: 0.
num_chunks_returned_to_freelist: 43.
num_chunks_taken_from_freelist: 3549.
num_chunk_merges: 11.
num_chunk_splits: 2185.
num_chunks_enlarged: 1277.
num_inconsistent_stats: 0.

CodeHeap 'non-profiled nmethods': size=120000Kb used=2714Kb max_used=2714Kb free=117286Kb
 bounds [0x0000024687ad0000, 0x0000024687d80000, 0x000002468f000000]
CodeHeap 'profiled nmethods': size=120000Kb used=17782Kb max_used=19948Kb free=102217Kb
 bounds [0x0000024680000000, 0x0000024681380000, 0x0000024687530000]
CodeHeap 'non-nmethods': size=5760Kb used=1361Kb max_used=1417Kb free=4398Kb
 bounds [0x0000024687530000, 0x00000246877a0000, 0x0000024687ad0000]
 total_blobs=8972 nmethods=8266 adapters=616
 compilation: enabled
              stopped_count=0, restarted_count=0
 full_count=0

Compilation events (20 events):
Event: 12.477 Thread 0x00000246ff3a4f10 nmethod 10202 0x0000024687b80890 code [0x0000024687b80a60, 0x0000024687b81258]
Event: 12.477 Thread 0x00000246ff3a4f10 10131       4       org.eclipse.jdt.internal.core.search.indexing.AbstractIndexer::addNameReference (9 bytes)
Event: 12.484 Thread 0x00000246ff3a4f10 nmethod 10131 0x0000024687cd6110 code [0x0000024687cd62c0, 0x0000024687cd6988]
Event: 12.484 Thread 0x00000246ff3a4f10 10310       4       java.io.WinNTFileSystem::normalize (143 bytes)
Event: 12.508 Thread 0x00000246ff408ad0 10311       2       org.gradle.api.internal.classpath.DefaultModuleRegistry::getModules (51 bytes)
Event: 12.508 Thread 0x00000246ff408ad0 nmethod 10311 0x00000246808a9890 code [0x00000246808a9a80, 0x00000246808a9d08]
Event: 12.508 Thread 0x00000246ff408ad0 10312       3       org.gradle.api.internal.classpath.DefaultModuleRegistry$DefaultModule::collectRequiredModules (99 bytes)
Event: 12.509 Thread 0x00000246ff408ad0 nmethod 10312 0x0000024680b68190 code [0x0000024680b68420, 0x0000024680b69038]
Event: 12.509 Thread 0x00000246ff408ad0 10313       3       org.gradle.api.internal.classpath.DefaultModuleRegistry::getModule (38 bytes)
Event: 12.509 Thread 0x00000246ff408ad0 nmethod 10313 0x0000024680ae7f10 code [0x0000024680ae80e0, 0x0000024680ae8508]
Event: 12.524 Thread 0x00000246ff408ad0 10315       3       org.gradle.internal.classpath.DefaultClassPath$ImmutableUniqueList$Builder::add (57 bytes)
Event: 12.525 Thread 0x00000246ff408ad0 nmethod 10315 0x00000246809b6390 code [0x00000246809b6560, 0x00000246809b69d8]
Event: 12.527 Thread 0x00000246ff408ad0 10316       2       java.util.regex.Pattern::newCharProperty (39 bytes)
Event: 12.527 Thread 0x00000246ff408ad0 nmethod 10316 0x0000024680a84d10 code [0x0000024680a84ec0, 0x0000024680a851f8]
Event: 12.546 Thread 0x00000246ff408ad0 10317       2       java.util.regex.CharPredicates$$Lambda$26/0x00000001000b8858::is (5 bytes)
Event: 12.546 Thread 0x00000246ff408ad0 nmethod 10317 0x0000024680faee90 code [0x0000024680faf020, 0x0000024680faf178]
Event: 12.546 Thread 0x00000246ff408ad0 10318       2       java.util.regex.CharPredicates::lambda$ASCII_DIGIT$18 (20 bytes)
Event: 12.546 Thread 0x00000246ff408ad0 nmethod 10318 0x0000024680fbc790 code [0x0000024680fbc920, 0x0000024680fbca58]
Event: 12.571 Thread 0x00000246ff408ad0 10320       2       java.io.File::listFiles (52 bytes)
Event: 12.571 Thread 0x00000246ff408ad0 nmethod 10320 0x0000024680af3310 code [0x0000024680af34e0, 0x0000024680af3898]

GC Heap History (20 events):
Event: 12.268 GC heap before
{Heap before GC invocations=146 (full 7):
 PSYoungGen      total 5632K, used 5612K [0x00000000eab00000, 0x00000000eb680000, 0x0000000100000000)
  eden space 2560K, 100% used [0x00000000eab00000,0x00000000ead80000,0x00000000ead80000)
  from space 3072K, 99% used [0x00000000eb180000,0x00000000eb47b2a0,0x00000000eb480000)
  to   space 4096K, 0% used [0x00000000ead80000,0x00000000ead80000,0x00000000eb180000)
 ParOldGen       total 151040K, used 148381K [0x00000000c0000000, 0x00000000c9380000, 0x00000000eab00000)
  object space 151040K, 98% used [0x00000000c0000000,0x00000000c90e75b8,0x00000000c9380000)
 Metaspace       used 68970K, committed 70080K, reserved 1114112K
  class space    used 7385K, committed 7872K, reserved 1048576K
}
Event: 12.269 GC heap after
{Heap after GC invocations=146 (full 7):
 PSYoungGen      total 5632K, used 2661K [0x00000000eab00000, 0x00000000eb400000, 0x0000000100000000)
  eden space 2560K, 0% used [0x00000000eab00000,0x00000000eab00000,0x00000000ead80000)
  from space 3072K, 86% used [0x00000000ead80000,0x00000000eb019500,0x00000000eb080000)
  to   space 3072K, 0% used [0x00000000eb100000,0x00000000eb100000,0x00000000eb400000)
 ParOldGen       total 151040K, used 149347K [0x00000000c0000000, 0x00000000c9380000, 0x00000000eab00000)
  object space 151040K, 98% used [0x00000000c0000000,0x00000000c91d8dd0,0x00000000c9380000)
 Metaspace       used 68970K, committed 70080K, reserved 1114112K
  class space    used 7385K, committed 7872K, reserved 1048576K
}
Event: 12.283 GC heap before
{Heap before GC invocations=147 (full 7):
 PSYoungGen      total 5632K, used 5221K [0x00000000eab00000, 0x00000000eb400000, 0x0000000100000000)
  eden space 2560K, 100% used [0x00000000eab00000,0x00000000ead80000,0x00000000ead80000)
  from space 3072K, 86% used [0x00000000ead80000,0x00000000eb019500,0x00000000eb080000)
  to   space 3072K, 0% used [0x00000000eb100000,0x00000000eb100000,0x00000000eb400000)
 ParOldGen       total 151040K, used 149347K [0x00000000c0000000, 0x00000000c9380000, 0x00000000eab00000)
  object space 151040K, 98% used [0x00000000c0000000,0x00000000c91d8dd0,0x00000000c9380000)
 Metaspace       used 69040K, committed 70144K, reserved 1114112K
  class space    used 7396K, committed 7872K, reserved 1048576K
}
Event: 12.285 GC heap after
{Heap after GC invocations=147 (full 7):
 PSYoungGen      total 6144K, used 2605K [0x00000000eab00000, 0x00000000eb400000, 0x0000000100000000)
  eden space 3072K, 0% used [0x00000000eab00000,0x00000000eab00000,0x00000000eae00000)
  from space 3072K, 84% used [0x00000000eb100000,0x00000000eb38b780,0x00000000eb400000)
  to   space 3072K, 0% used [0x00000000eae00000,0x00000000eae00000,0x00000000eb100000)
 ParOldGen       total 151040K, used 149864K [0x00000000c0000000, 0x00000000c9380000, 0x00000000eab00000)
  object space 151040K, 99% used [0x00000000c0000000,0x00000000c925a0c8,0x00000000c9380000)
 Metaspace       used 69040K, committed 70144K, reserved 1114112K
  class space    used 7396K, committed 7872K, reserved 1048576K
}
Event: 12.308 GC heap before
{Heap before GC invocations=148 (full 7):
 PSYoungGen      total 6144K, used 5677K [0x00000000eab00000, 0x00000000eb400000, 0x0000000100000000)
  eden space 3072K, 100% used [0x00000000eab00000,0x00000000eae00000,0x00000000eae00000)
  from space 3072K, 84% used [0x00000000eb100000,0x00000000eb38b780,0x00000000eb400000)
  to   space 3072K, 0% used [0x00000000eae00000,0x00000000eae00000,0x00000000eb100000)
 ParOldGen       total 151040K, used 149864K [0x00000000c0000000, 0x00000000c9380000, 0x00000000eab00000)
  object space 151040K, 99% used [0x00000000c0000000,0x00000000c925a0c8,0x00000000c9380000)
 Metaspace       used 69156K, committed 70336K, reserved 1114112K
  class space    used 7409K, committed 7936K, reserved 1048576K
}
Event: 12.310 GC heap after
{Heap after GC invocations=148 (full 7):
 PSYoungGen      total 6144K, used 2569K [0x00000000eab00000, 0x00000000eb480000, 0x0000000100000000)
  eden space 3072K, 0% used [0x00000000eab00000,0x00000000eab00000,0x00000000eae00000)
  from space 3072K, 83% used [0x00000000eae00000,0x00000000eb082688,0x00000000eb100000)
  to   space 3072K, 0% used [0x00000000eb180000,0x00000000eb180000,0x00000000eb480000)
 ParOldGen       total 151040K, used 150405K [0x00000000c0000000, 0x00000000c9380000, 0x00000000eab00000)
  object space 151040K, 99% used [0x00000000c0000000,0x00000000c92e1548,0x00000000c9380000)
 Metaspace       used 69156K, committed 70336K, reserved 1114112K
  class space    used 7409K, committed 7936K, reserved 1048576K
}
Event: 12.322 GC heap before
{Heap before GC invocations=149 (full 7):
 PSYoungGen      total 6144K, used 5641K [0x00000000eab00000, 0x00000000eb480000, 0x0000000100000000)
  eden space 3072K, 100% used [0x00000000eab00000,0x00000000eae00000,0x00000000eae00000)
  from space 3072K, 83% used [0x00000000eae00000,0x00000000eb082688,0x00000000eb100000)
  to   space 3072K, 0% used [0x00000000eb180000,0x00000000eb180000,0x00000000eb480000)
 ParOldGen       total 151040K, used 150405K [0x00000000c0000000, 0x00000000c9380000, 0x00000000eab00000)
  object space 151040K, 99% used [0x00000000c0000000,0x00000000c92e1548,0x00000000c9380000)
 Metaspace       used 69163K, committed 70336K, reserved 1114112K
  class space    used 7409K, committed 7936K, reserved 1048576K
}
Event: 12.324 GC heap after
{Heap after GC invocations=149 (full 7):
 PSYoungGen      total 6656K, used 2586K [0x00000000eab00000, 0x00000000eb480000, 0x0000000100000000)
  eden space 3584K, 0% used [0x00000000eab00000,0x00000000eab00000,0x00000000eae80000)
  from space 3072K, 84% used [0x00000000eb180000,0x00000000eb4068e0,0x00000000eb480000)
  to   space 3072K, 0% used [0x00000000eae80000,0x00000000eae80000,0x00000000eb180000)
 ParOldGen       total 151040K, used 150949K [0x00000000c0000000, 0x00000000c9380000, 0x00000000eab00000)
  object space 151040K, 99% used [0x00000000c0000000,0x00000000c93696f8,0x00000000c9380000)
 Metaspace       used 69163K, committed 70336K, reserved 1114112K
  class space    used 7409K, committed 7936K, reserved 1048576K
}
Event: 12.339 GC heap before
{Heap before GC invocations=150 (full 8):
 PSYoungGen      total 6656K, used 6170K [0x00000000eab00000, 0x00000000eb480000, 0x0000000100000000)
  eden space 3584K, 100% used [0x00000000eab00000,0x00000000eae80000,0x00000000eae80000)
  from space 3072K, 84% used [0x00000000eb180000,0x00000000eb4068e0,0x00000000eb480000)
  to   space 3072K, 0% used [0x00000000eae80000,0x00000000eae80000,0x00000000eb180000)
 ParOldGen       total 151040K, used 150949K [0x00000000c0000000, 0x00000000c9380000, 0x00000000eab00000)
  object space 151040K, 99% used [0x00000000c0000000,0x00000000c93696f8,0x00000000c9380000)
 Metaspace       used 69164K, committed 70336K, reserved 1114112K
  class space    used 7409K, committed 7936K, reserved 1048576K
}
Event: 12.412 GC heap after
{Heap after GC invocations=150 (full 8):
 PSYoungGen      total 6656K, used 420K [0x00000000eab00000, 0x00000000eb580000, 0x0000000100000000)
  eden space 3584K, 0% used [0x00000000eab00000,0x00000000eab00000,0x00000000eae80000)
  from space 3072K, 13% used [0x00000000eb180000,0x00000000eb1e9080,0x00000000eb480000)
  to   space 3072K, 0% used [0x00000000eae80000,0x00000000eae80000,0x00000000eb180000)
 ParOldGen       total 178688K, used 150655K [0x00000000c0000000, 0x00000000cae80000, 0x00000000eab00000)
  object space 178688K, 84% used [0x00000000c0000000,0x00000000c931fd48,0x00000000cae80000)
 Metaspace       used 69164K, committed 70336K, reserved 1114112K
  class space    used 7409K, committed 7936K, reserved 1048576K
}
Event: 12.432 GC heap before
{Heap before GC invocations=151 (full 8):
 PSYoungGen      total 6656K, used 4001K [0x00000000eab00000, 0x00000000eb580000, 0x0000000100000000)
  eden space 3584K, 99% used [0x00000000eab00000,0x00000000eae7f618,0x00000000eae80000)
  from space 3072K, 13% used [0x00000000eb180000,0x00000000eb1e9080,0x00000000eb480000)
  to   space 3072K, 0% used [0x00000000eae80000,0x00000000eae80000,0x00000000eb180000)
 ParOldGen       total 178688K, used 150655K [0x00000000c0000000, 0x00000000cae80000, 0x00000000eab00000)
  object space 178688K, 84% used [0x00000000c0000000,0x00000000c931fd48,0x00000000cae80000)
 Metaspace       used 69164K, committed 70336K, reserved 1114112K
  class space    used 7409K, committed 7936K, reserved 1048576K
}
Event: 12.440 GC heap after
{Heap after GC invocations=151 (full 8):
 PSYoungGen      total 4608K, used 854K [0x00000000eab00000, 0x00000000eb200000, 0x0000000100000000)
  eden space 3584K, 0% used [0x00000000eab00000,0x00000000eab00000,0x00000000eae80000)
  from space 1024K, 83% used [0x00000000eae80000,0x00000000eaf55940,0x00000000eaf80000)
  to   space 1536K, 0% used [0x00000000eb080000,0x00000000eb080000,0x00000000eb200000)
 ParOldGen       total 178688K, used 150755K [0x00000000c0000000, 0x00000000cae80000, 0x00000000eab00000)
  object space 178688K, 84% used [0x00000000c0000000,0x00000000c9338fa0,0x00000000cae80000)
 Metaspace       used 69164K, committed 70336K, reserved 1114112K
  class space    used 7409K, committed 7936K, reserved 1048576K
}
Event: 12.461 GC heap before
{Heap before GC invocations=152 (full 8):
 PSYoungGen      total 4608K, used 4438K [0x00000000eab00000, 0x00000000eb200000, 0x0000000100000000)
  eden space 3584K, 100% used [0x00000000eab00000,0x00000000eae80000,0x00000000eae80000)
  from space 1024K, 83% used [0x00000000eae80000,0x00000000eaf55940,0x00000000eaf80000)
  to   space 1536K, 0% used [0x00000000eb080000,0x00000000eb080000,0x00000000eb200000)
 ParOldGen       total 178688K, used 150755K [0x00000000c0000000, 0x00000000cae80000, 0x00000000eab00000)
  object space 178688K, 84% used [0x00000000c0000000,0x00000000c9338fa0,0x00000000cae80000)
 Metaspace       used 69164K, committed 70336K, reserved 1114112K
  class space    used 7409K, committed 7936K, reserved 1048576K
}
Event: 12.462 GC heap after
{Heap after GC invocations=152 (full 8):
 PSYoungGen      total 5120K, used 1409K [0x00000000eab00000, 0x00000000eb200000, 0x0000000100000000)
  eden space 3584K, 0% used [0x00000000eab00000,0x00000000eab00000,0x00000000eae80000)
  from space 1536K, 91% used [0x00000000eb080000,0x00000000eb1e0510,0x00000000eb200000)
  to   space 1536K, 0% used [0x00000000eaf00000,0x00000000eaf00000,0x00000000eb080000)
 ParOldGen       total 178688K, used 150755K [0x00000000c0000000, 0x00000000cae80000, 0x00000000eab00000)
  object space 178688K, 84% used [0x00000000c0000000,0x00000000c9338fa0,0x00000000cae80000)
 Metaspace       used 69164K, committed 70336K, reserved 1114112K
  class space    used 7409K, committed 7936K, reserved 1048576K
}
Event: 12.486 GC heap before
{Heap before GC invocations=153 (full 8):
 PSYoungGen      total 5120K, used 4993K [0x00000000eab00000, 0x00000000eb200000, 0x0000000100000000)
  eden space 3584K, 100% used [0x00000000eab00000,0x00000000eae80000,0x00000000eae80000)
  from space 1536K, 91% used [0x00000000eb080000,0x00000000eb1e0510,0x00000000eb200000)
  to   space 1536K, 0% used [0x00000000eaf00000,0x00000000eaf00000,0x00000000eb080000)
 ParOldGen       total 178688K, used 150755K [0x00000000c0000000, 0x00000000cae80000, 0x00000000eab00000)
  object space 178688K, 84% used [0x00000000c0000000,0x00000000c9338fa0,0x00000000cae80000)
 Metaspace       used 69164K, committed 70336K, reserved 1114112K
  class space    used 7409K, committed 7936K, reserved 1048576K
}
Event: 12.488 GC heap after
{Heap after GC invocations=153 (full 8):
 PSYoungGen      total 5120K, used 1506K [0x00000000eab00000, 0x00000000eb280000, 0x0000000100000000)
  eden space 3584K, 0% used [0x00000000eab00000,0x00000000eab00000,0x00000000eae80000)
  from space 1536K, 98% used [0x00000000eaf00000,0x00000000eb078af0,0x00000000eb080000)
  to   space 2048K, 0% used [0x00000000eb080000,0x00000000eb080000,0x00000000eb280000)
 ParOldGen       total 178688K, used 150934K [0x00000000c0000000, 0x00000000cae80000, 0x00000000eab00000)
  object space 178688K, 84% used [0x00000000c0000000,0x00000000c93659c0,0x00000000cae80000)
 Metaspace       used 69164K, committed 70336K, reserved 1114112K
  class space    used 7409K, committed 7936K, reserved 1048576K
}
Event: 12.515 GC heap before
{Heap before GC invocations=154 (full 8):
 PSYoungGen      total 5120K, used 5090K [0x00000000eab00000, 0x00000000eb280000, 0x0000000100000000)
  eden space 3584K, 100% used [0x00000000eab00000,0x00000000eae80000,0x00000000eae80000)
  from space 1536K, 98% used [0x00000000eaf00000,0x00000000eb078af0,0x00000000eb080000)
  to   space 2048K, 0% used [0x00000000eb080000,0x00000000eb080000,0x00000000eb280000)
 ParOldGen       total 178688K, used 150934K [0x00000000c0000000, 0x00000000cae80000, 0x00000000eab00000)
  object space 178688K, 84% used [0x00000000c0000000,0x00000000c93659c0,0x00000000cae80000)
 Metaspace       used 69171K, committed 70336K, reserved 1114112K
  class space    used 7410K, committed 7936K, reserved 1048576K
}
Event: 12.516 GC heap after
{Heap after GC invocations=154 (full 8):
 PSYoungGen      total 5632K, used 1906K [0x00000000eab00000, 0x00000000eb280000, 0x0000000100000000)
  eden space 3584K, 0% used [0x00000000eab00000,0x00000000eab00000,0x00000000eae80000)
  from space 2048K, 93% used [0x00000000eb080000,0x00000000eb25c978,0x00000000eb280000)
  to   space 2048K, 0% used [0x00000000eae80000,0x00000000eae80000,0x00000000eb080000)
 ParOldGen       total 178688K, used 151164K [0x00000000c0000000, 0x00000000cae80000, 0x00000000eab00000)
  object space 178688K, 84% used [0x00000000c0000000,0x00000000c939f368,0x00000000cae80000)
 Metaspace       used 69171K, committed 70336K, reserved 1114112K
  class space    used 7410K, committed 7936K, reserved 1048576K
}
Event: 12.543 GC heap before
{Heap before GC invocations=155 (full 8):
 PSYoungGen      total 5632K, used 5490K [0x00000000eab00000, 0x00000000eb280000, 0x0000000100000000)
  eden space 3584K, 100% used [0x00000000eab00000,0x00000000eae80000,0x00000000eae80000)
  from space 2048K, 93% used [0x00000000eb080000,0x00000000eb25c978,0x00000000eb280000)
  to   space 2048K, 0% used [0x00000000eae80000,0x00000000eae80000,0x00000000eb080000)
 ParOldGen       total 178688K, used 151164K [0x00000000c0000000, 0x00000000cae80000, 0x00000000eab00000)
  object space 178688K, 84% used [0x00000000c0000000,0x00000000c939f368,0x00000000cae80000)
 Metaspace       used 69171K, committed 70336K, reserved 1114112K
  class space    used 7410K, committed 7936K, reserved 1048576K
}
Event: 12.545 GC heap after
{Heap after GC invocations=155 (full 8):
 PSYoungGen      total 5632K, used 2046K [0x00000000eab00000, 0x00000000eb380000, 0x0000000100000000)
  eden space 3584K, 0% used [0x00000000eab00000,0x00000000eab00000,0x00000000eae80000)
  from space 2048K, 99% used [0x00000000eae80000,0x00000000eb07f950,0x00000000eb080000)
  to   space 2560K, 0% used [0x00000000eb100000,0x00000000eb100000,0x00000000eb380000)
 ParOldGen       total 178688K, used 151337K [0x00000000c0000000, 0x00000000cae80000, 0x00000000eab00000)
  object space 178688K, 84% used [0x00000000c0000000,0x00000000c93ca470,0x00000000cae80000)
 Metaspace       used 69171K, committed 70336K, reserved 1114112K
  class space    used 7410K, committed 7936K, reserved 1048576K
}

Dll operation events (11 events):
Event: 0.017 Loaded shared library c:\Users\yenho\.vscode\extensions\redhat.java-1.38.0-win32-x64\jre\17.0.13-win32-x86_64\bin\java.dll
Event: 0.286 Loaded shared library c:\Users\yenho\.vscode\extensions\redhat.java-1.38.0-win32-x64\jre\17.0.13-win32-x86_64\bin\zip.dll
Event: 0.289 Loaded shared library C:\Users\yenho\.vscode\extensions\redhat.java-1.38.0-win32-x64\jre\17.0.13-win32-x86_64\bin\instrument.dll
Event: 0.304 Loaded shared library C:\Users\yenho\.vscode\extensions\redhat.java-1.38.0-win32-x64\jre\17.0.13-win32-x86_64\bin\net.dll
Event: 0.306 Loaded shared library C:\Users\yenho\.vscode\extensions\redhat.java-1.38.0-win32-x64\jre\17.0.13-win32-x86_64\bin\nio.dll
Event: 0.314 Loaded shared library C:\Users\yenho\.vscode\extensions\redhat.java-1.38.0-win32-x64\jre\17.0.13-win32-x86_64\bin\zip.dll
Event: 0.334 Loaded shared library C:\Users\yenho\.vscode\extensions\redhat.java-1.38.0-win32-x64\jre\17.0.13-win32-x86_64\bin\jimage.dll
Event: 0.406 Loaded shared library c:\Users\yenho\.vscode\extensions\redhat.java-1.38.0-win32-x64\jre\17.0.13-win32-x86_64\bin\verify.dll
Event: 1.622 Loaded shared library C:\Users\yenho\AppData\Roaming\Code\User\globalStorage\redhat.java\1.38.0\config_win\org.eclipse.equinox.launcher\org.eclipse.equinox.launcher.win32.win32.x86_64_1.2.1100.v20240722-2106\eclipse_11904.dll
Event: 3.795 Loaded shared library C:\Users\yenho\AppData\Local\Temp\jna-114863977\jna7095464534894133149.dll
Event: 11.969 Loaded shared library C:\Users\yenho\.gradle\native\c067742578af261105cb4f569cf0c3c89f3d7b1fecec35dd04571415982c5e48\windows-amd64\native-platform.dll

Deoptimization events (20 events):
Event: 12.320 Thread 0x0000024695f675b0 DEOPT PACKING pc=0x0000024680883efe sp=0x000000fee2efcd40
Event: 12.320 Thread 0x0000024695f675b0 DEOPT UNPACKING pc=0x0000024687586e43 sp=0x000000fee2efc230 mode 0
Event: 12.415 Thread 0x0000024695f675b0 DEOPT PACKING pc=0x0000024680883efe sp=0x000000fee2efcd40
Event: 12.415 Thread 0x0000024695f675b0 DEOPT UNPACKING pc=0x0000024687586e43 sp=0x000000fee2efc230 mode 0
Event: 12.440 Thread 0x0000024695f675b0 DEOPT PACKING pc=0x0000024680883efe sp=0x000000fee2efcd40
Event: 12.440 Thread 0x0000024695f675b0 DEOPT UNPACKING pc=0x0000024687586e43 sp=0x000000fee2efc230 mode 0
Event: 12.465 Thread 0x0000024695f675b0 DEOPT PACKING pc=0x0000024680883efe sp=0x000000fee2efce30
Event: 12.465 Thread 0x0000024695f675b0 DEOPT UNPACKING pc=0x0000024687586e43 sp=0x000000fee2efc320 mode 0
Event: 12.481 Thread 0x0000024695f675b0 DEOPT PACKING pc=0x000002468086b008 sp=0x000000fee2efcf60
Event: 12.481 Thread 0x0000024695f675b0 DEOPT UNPACKING pc=0x0000024687586e43 sp=0x000000fee2efc468 mode 0
Event: 12.483 Thread 0x0000024695f675b0 DEOPT PACKING pc=0x0000024680883efe sp=0x000000fee2efcf90
Event: 12.483 Thread 0x0000024695f675b0 DEOPT UNPACKING pc=0x0000024687586e43 sp=0x000000fee2efc480 mode 0
Event: 12.507 Thread 0x0000024695f675b0 DEOPT PACKING pc=0x0000024680883efe sp=0x000000fee2efcf90
Event: 12.507 Thread 0x0000024695f675b0 DEOPT UNPACKING pc=0x0000024687586e43 sp=0x000000fee2efc480 mode 0
Event: 12.523 Thread 0x0000024695f675b0 DEOPT PACKING pc=0x0000024680883efe sp=0x000000fee2efd030
Event: 12.523 Thread 0x0000024695f675b0 DEOPT UNPACKING pc=0x0000024687586e43 sp=0x000000fee2efc520 mode 0
Event: 12.537 Thread 0x0000024695f675b0 DEOPT PACKING pc=0x0000024680883efe sp=0x000000fee2efce40
Event: 12.537 Thread 0x0000024695f675b0 DEOPT UNPACKING pc=0x0000024687586e43 sp=0x000000fee2efc330 mode 0
Event: 12.562 Thread 0x0000024695f675b0 DEOPT PACKING pc=0x0000024680883efe sp=0x000000fee2efce40
Event: 12.562 Thread 0x0000024695f675b0 DEOPT UNPACKING pc=0x0000024687586e43 sp=0x000000fee2efc330 mode 0

Classes loaded (20 events):
Event: 10.526 Loading class sun/nio/fs/WindowsFileSystem$2
Event: 10.526 Loading class java/nio/file/PathMatcher
Event: 10.526 Loading class java/nio/file/PathMatcher done
Event: 10.526 Loading class sun/nio/fs/WindowsFileSystem$2 done
Event: 10.896 Loading class java/nio/file/FileChannelLinesSpliterator
Event: 10.896 Loading class java/nio/file/FileChannelLinesSpliterator done
Event: 10.897 Loading class java/util/stream/Streams$1
Event: 10.897 Loading class java/util/stream/Streams$1 done
Event: 10.898 Loading class java/nio/file/FileChannelLinesSpliterator$1
Event: 10.898 Loading class java/nio/file/FileChannelLinesSpliterator$1 done
Event: 11.005 Loading class java/util/concurrent/CopyOnWriteArraySet
Event: 11.005 Loading class java/util/concurrent/CopyOnWriteArraySet done
Event: 11.124 Loading class java/net/HttpURLConnection
Event: 11.124 Loading class java/net/HttpURLConnection done
Event: 11.138 Loading class java/io/FileFilter
Event: 11.139 Loading class java/io/FileFilter done
Event: 11.168 Loading class java/util/concurrent/ConcurrentHashMap$ValueSpliterator
Event: 11.168 Loading class java/util/concurrent/ConcurrentHashMap$ValueSpliterator done
Event: 11.170 Loading class jdk/internal/loader/BootLoader$PackageHelper
Event: 11.170 Loading class jdk/internal/loader/BootLoader$PackageHelper done

Classes unloaded (14 events):
Event: 5.199 Thread 0x00000246f7596510 Unloading class 0x000000010025c000 'java/lang/invoke/LambdaForm$MH+0x000000010025c000'
Event: 5.199 Thread 0x00000246f7596510 Unloading class 0x000000010025bc00 'java/lang/invoke/LambdaForm$MH+0x000000010025bc00'
Event: 5.199 Thread 0x00000246f7596510 Unloading class 0x000000010025b800 'java/lang/invoke/LambdaForm$MH+0x000000010025b800'
Event: 5.199 Thread 0x00000246f7596510 Unloading class 0x000000010025b400 'java/lang/invoke/LambdaForm$MH+0x000000010025b400'
Event: 5.199 Thread 0x00000246f7596510 Unloading class 0x000000010025b000 'java/lang/invoke/LambdaForm$BMH+0x000000010025b000'
Event: 5.199 Thread 0x00000246f7596510 Unloading class 0x000000010025ac00 'java/lang/invoke/LambdaForm$DMH+0x000000010025ac00'
Event: 5.199 Thread 0x00000246f7596510 Unloading class 0x0000000100258400 'java/lang/invoke/LambdaForm$DMH+0x0000000100258400'
Event: 7.526 Thread 0x00000246f7596510 Unloading class 0x0000000100495c00 'java/lang/invoke/LambdaForm$MH+0x0000000100495c00'
Event: 7.526 Thread 0x00000246f7596510 Unloading class 0x0000000100495000 'java/lang/invoke/LambdaForm$MH+0x0000000100495000'
Event: 7.526 Thread 0x00000246f7596510 Unloading class 0x0000000100494800 'java/lang/invoke/LambdaForm$MH+0x0000000100494800'
Event: 7.526 Thread 0x00000246f7596510 Unloading class 0x0000000100494400 'java/lang/invoke/LambdaForm$MH+0x0000000100494400'
Event: 7.526 Thread 0x00000246f7596510 Unloading class 0x0000000100493c00 'java/lang/invoke/LambdaForm$DMH+0x0000000100493c00'
Event: 7.526 Thread 0x00000246f7596510 Unloading class 0x0000000100493000 'java/lang/invoke/LambdaForm$MH+0x0000000100493000'
Event: 7.526 Thread 0x00000246f7596510 Unloading class 0x0000000100492c00 'java/lang/invoke/LambdaForm$MH+0x0000000100492c00'

Classes redefined (0 events):
No events

Internal exceptions (20 events):
Event: 10.885 Thread 0x0000024694fc02b0 Exception <a 'sun/nio/fs/WindowsException'{0x00000000eac83ca0}> (0x00000000eac83ca0) 
thrown [s\src\hotspot\share\prims\jni.cpp, line 516]
Event: 10.885 Thread 0x0000024694fc02b0 Exception <a 'sun/nio/fs/WindowsException'{0x00000000eac91218}> (0x00000000eac91218) 
thrown [s\src\hotspot\share\prims\jni.cpp, line 516]
Event: 10.885 Thread 0x0000024694fc02b0 Exception <a 'sun/nio/fs/WindowsException'{0x00000000eac918b8}> (0x00000000eac918b8) 
thrown [s\src\hotspot\share\prims\jni.cpp, line 516]
Event: 10.886 Thread 0x0000024694fc02b0 Exception <a 'sun/nio/fs/WindowsException'{0x00000000eacb0240}> (0x00000000eacb0240) 
thrown [s\src\hotspot\share\prims\jni.cpp, line 516]
Event: 10.886 Thread 0x0000024694fc02b0 Exception <a 'sun/nio/fs/WindowsException'{0x00000000eacb0878}> (0x00000000eacb0878) 
thrown [s\src\hotspot\share\prims\jni.cpp, line 516]
Event: 10.886 Thread 0x0000024694fc02b0 Exception <a 'sun/nio/fs/WindowsException'{0x00000000eacb0eb0}> (0x00000000eacb0eb0) 
thrown [s\src\hotspot\share\prims\jni.cpp, line 516]
Event: 10.886 Thread 0x0000024694fc02b0 Exception <a 'sun/nio/fs/WindowsException'{0x00000000eacb1508}> (0x00000000eacb1508) 
thrown [s\src\hotspot\share\prims\jni.cpp, line 516]
Event: 10.887 Thread 0x0000024694fc02b0 Exception <a 'sun/nio/fs/WindowsException'{0x00000000ead10720}> (0x00000000ead10720) 
thrown [s\src\hotspot\share\prims\jni.cpp, line 516]
Event: 10.887 Thread 0x0000024694fc02b0 Exception <a 'sun/nio/fs/WindowsException'{0x00000000ead10d78}> (0x00000000ead10d78) 
thrown [s\src\hotspot\share\prims\jni.cpp, line 516]
Event: 10.887 Thread 0x0000024694fc02b0 Exception <a 'sun/nio/fs/WindowsException'{0x00000000ead113d0}> (0x00000000ead113d0) 
thrown [s\src\hotspot\share\prims\jni.cpp, line 516]
Event: 10.887 Thread 0x0000024694fc02b0 Exception <a 'sun/nio/fs/WindowsException'{0x00000000ead11a40}> (0x00000000ead11a40) 
thrown [s\src\hotspot\share\prims\jni.cpp, line 516]
Event: 10.888 Thread 0x0000024694fc02b0 Exception <a 'sun/nio/fs/WindowsException'{0x00000000ead7d060}> (0x00000000ead7d060) 
thrown [s\src\hotspot\share\prims\jni.cpp, line 516]
Event: 10.888 Thread 0x0000024694fc02b0 Exception <a 'sun/nio/fs/WindowsException'{0x00000000ead7d698}> (0x00000000ead7d698) 
thrown [s\src\hotspot\share\prims\jni.cpp, line 516]
Event: 10.888 Thread 0x0000024694fc02b0 Exception <a 'sun/nio/fs/WindowsException'{0x00000000ead97878}> (0x00000000ead97878) 
thrown [s\src\hotspot\share\prims\jni.cpp, line 516]
Event: 10.888 Thread 0x0000024694fc02b0 Exception <a 'sun/nio/fs/WindowsException'{0x00000000ead97ed0}> (0x00000000ead97ed0) 
thrown [s\src\hotspot\share\prims\jni.cpp, line 516]
Event: 10.889 Thread 0x0000024694fc02b0 Exception <a 'sun/nio/fs/WindowsException'{0x00000000eadaa8d0}> (0x00000000eadaa8d0) 
thrown [s\src\hotspot\share\prims\jni.cpp, line 516]
Event: 10.889 Thread 0x0000024694fc02b0 Exception <a 'sun/nio/fs/WindowsException'{0x00000000eadaaf08}> (0x00000000eadaaf08) 
thrown [s\src\hotspot\share\prims\jni.cpp, line 516]
Event: 10.889 Thread 0x0000024694fc02b0 Exception <a 'sun/nio/fs/WindowsException'{0x00000000eadab540}> (0x00000000eadab540) 
thrown [s\src\hotspot\share\prims\jni.cpp, line 516]
Event: 10.889 Thread 0x0000024694fc02b0 Exception <a 'sun/nio/fs/WindowsException'{0x00000000eadb91c0}> (0x00000000eadb91c0) 
thrown [s\src\hotspot\share\prims\jni.cpp, line 516]
Event: 11.939 Thread 0x0000024695f675b0 Exception <a 'java/lang/NoSuchMethodError'{0x00000000eab21ec8}: 'java.lang.Object java.lang.invoke.Invokers$Holder.invoker(java.lang.Object, java.lang.Object, java.lang.Object)'> (0x00000000eab21ec8) 
thrown [s\src\hotspot\share\interpreter\linkResolver.cpp, line 759]

VM Operations (20 events):
Event: 12.268 Executing VM operation: ParallelGCFailedAllocation
Event: 12.269 Executing VM operation: ParallelGCFailedAllocation done
Event: 12.283 Executing VM operation: ParallelGCFailedAllocation
Event: 12.285 Executing VM operation: ParallelGCFailedAllocation done
Event: 12.308 Executing VM operation: ParallelGCFailedAllocation
Event: 12.310 Executing VM operation: ParallelGCFailedAllocation done
Event: 12.322 Executing VM operation: ParallelGCFailedAllocation
Event: 12.324 Executing VM operation: ParallelGCFailedAllocation done
Event: 12.339 Executing VM operation: ParallelGCFailedAllocation
Event: 12.412 Executing VM operation: ParallelGCFailedAllocation done
Event: 12.432 Executing VM operation: ParallelGCFailedAllocation
Event: 12.440 Executing VM operation: ParallelGCFailedAllocation done
Event: 12.460 Executing VM operation: ParallelGCFailedAllocation
Event: 12.462 Executing VM operation: ParallelGCFailedAllocation done
Event: 12.486 Executing VM operation: ParallelGCFailedAllocation
Event: 12.488 Executing VM operation: ParallelGCFailedAllocation done
Event: 12.514 Executing VM operation: ParallelGCFailedAllocation
Event: 12.516 Executing VM operation: ParallelGCFailedAllocation done
Event: 12.543 Executing VM operation: ParallelGCFailedAllocation
Event: 12.545 Executing VM operation: ParallelGCFailedAllocation done

Memory protections (0 events):
No events

Nmethod flushes (20 events):
Event: 10.571 Thread 0x00000246ff40b890 flushing  nmethod 0x0000024680fbc790
Event: 10.571 Thread 0x00000246ff40b890 flushing  nmethod 0x0000024680fd6b90
Event: 10.571 Thread 0x00000246ff40b890 flushing  nmethod 0x0000024680fdbd90
Event: 10.571 Thread 0x00000246ff40b890 flushing  nmethod 0x0000024680fdd790
Event: 10.571 Thread 0x00000246ff40b890 flushing  nmethod 0x0000024680fe1490
Event: 10.571 Thread 0x00000246ff40b890 flushing  nmethod 0x0000024680ff6c10
Event: 10.571 Thread 0x00000246ff40b890 flushing  nmethod 0x000002468101cc10
Event: 10.571 Thread 0x00000246ff40b890 flushing  nmethod 0x000002468101cf90
Event: 10.571 Thread 0x00000246ff40b890 flushing  nmethod 0x000002468102ba10
Event: 10.572 Thread 0x00000246ff40b890 flushing  nmethod 0x0000024681053190
Event: 10.572 Thread 0x00000246ff40b890 flushing  nmethod 0x0000024681081290
Event: 10.572 Thread 0x00000246ff40b890 flushing  nmethod 0x0000024681093010
Event: 10.572 Thread 0x00000246ff40b890 flushing  nmethod 0x0000024681097510
Event: 10.572 Thread 0x00000246ff40b890 flushing  nmethod 0x00000246810b2490
Event: 10.572 Thread 0x00000246ff40b890 flushing  nmethod 0x00000246810c7310
Event: 10.572 Thread 0x00000246ff40b890 flushing  nmethod 0x00000246810ccf90
Event: 10.572 Thread 0x00000246ff40b890 flushing  nmethod 0x0000024681114d10
Event: 10.573 Thread 0x00000246ff40b890 flushing  nmethod 0x0000024681143690
Event: 10.573 Thread 0x00000246ff40b890 flushing  nmethod 0x0000024681167610
Event: 10.573 Thread 0x00000246ff40b890 flushing  nmethod 0x0000024681167990

Events (20 events):
Event: 6.645 Thread 0x0000024694fc11e0 Thread added: 0x0000024695b84710
Event: 6.645 Thread 0x0000024694fc11e0 Thread added: 0x0000024695b84c20
Event: 6.646 Thread 0x0000024694fc11e0 Thread added: 0x0000024695b80030
Event: 6.646 Thread 0x0000024694fc11e0 Thread added: 0x0000024695b86060
Event: 6.646 Thread 0x0000024694fc11e0 Thread added: 0x0000024695b80a50
Event: 6.646 Thread 0x0000024694fc11e0 Thread added: 0x0000024695b7f610
Event: 8.414 Thread 0x0000024694fc11e0 Thread added: 0x0000024695b7ebf0
Event: 8.487 Thread 0x0000024694fc11e0 Thread added: 0x0000024695b7f100
Event: 8.494 Thread 0x0000024694fc11e0 Thread added: 0x0000024695b837e0
Event: 8.501 Thread 0x0000024694fc11e0 Thread added: 0x0000024695b81470
Event: 8.501 Thread 0x0000024694fc11e0 Thread added: 0x0000024695b7fb20
Event: 8.575 Thread 0x0000024694fc11e0 Thread added: 0x0000024695b80540
Event: 8.581 Thread 0x0000024694fc11e0 Thread added: 0x0000024695b81980
Event: 8.581 Thread 0x0000024694fc11e0 Thread added: 0x0000024695b81e90
Event: 8.581 Thread 0x0000024694fc11e0 Thread added: 0x0000024695f66680
Event: 8.604 Thread 0x0000024694fc11e0 Thread added: 0x0000024695f67ac0
Event: 8.609 Thread 0x0000024694fc11e0 Thread added: 0x0000024695f624b0
Event: 9.661 Thread 0x0000024694c7f060 Thread exited: 0x0000024694c7f060
Event: 10.958 Thread 0x0000024694fc02b0 Thread added: 0x0000024695f67fd0
Event: 11.077 Thread 0x0000024694fc02b0 Thread added: 0x0000024695f675b0


Dynamic libraries:
0x00007ff7505a0000 - 0x00007ff7505ae000 	c:\Users\yenho\.vscode\extensions\redhat.java-1.38.0-win32-x64\jre\17.0.13-win32-x86_64\bin\java.exe
0x00007ffca76b0000 - 0x00007ffca78c7000 	C:\Windows\SYSTEM32\ntdll.dll
0x00007ffca6cb0000 - 0x00007ffca6d74000 	C:\Windows\System32\KERNEL32.DLL
0x00007ffca4ff0000 - 0x00007ffca53aa000 	C:\Windows\System32\KERNELBASE.dll
0x00007ffca4bc0000 - 0x00007ffca4cd1000 	C:\Windows\System32\ucrtbase.dll
0x00007ffca0300000 - 0x00007ffca0317000 	c:\Users\yenho\.vscode\extensions\redhat.java-1.38.0-win32-x64\jre\17.0.13-win32-x86_64\bin\jli.dll
0x00007ffca5a90000 - 0x00007ffca5c3e000 	C:\Windows\System32\USER32.dll
0x00007ffca4980000 - 0x00007ffca49a6000 	C:\Windows\System32\win32u.dll
0x00007ffca63f0000 - 0x00007ffca6419000 	C:\Windows\System32\GDI32.dll
0x00007ffca4e10000 - 0x00007ffca4f2b000 	C:\Windows\System32\gdi32full.dll
0x00007ffca02e0000 - 0x00007ffca02fe000 	c:\Users\yenho\.vscode\extensions\redhat.java-1.38.0-win32-x64\jre\17.0.13-win32-x86_64\bin\VCRUNTIME140.dll
0x00007ffca49b0000 - 0x00007ffca4a4a000 	C:\Windows\System32\msvcp_win.dll
0x00007ffc91a90000 - 0x00007ffc91d22000 	C:\Windows\WinSxS\amd64_microsoft.windows.common-controls_6595b64144ccf1df_6.0.22621.4541_none_2710d1c57384c085\COMCTL32.dll
0x00007ffca73f0000 - 0x00007ffca7497000 	C:\Windows\System32\msvcrt.dll
0x00007ffca5c40000 - 0x00007ffca5c71000 	C:\Windows\System32\IMM32.DLL
0x00007ffca02d0000 - 0x00007ffca02dc000 	c:\Users\yenho\.vscode\extensions\redhat.java-1.38.0-win32-x64\jre\17.0.13-win32-x86_64\bin\vcruntime140_1.dll
0x00007ffc56950000 - 0x00007ffc569dd000 	c:\Users\yenho\.vscode\extensions\redhat.java-1.38.0-win32-x64\jre\17.0.13-win32-x86_64\bin\msvcp140.dll
0x00007ffc35460000 - 0x00007ffc360cb000 	c:\Users\yenho\.vscode\extensions\redhat.java-1.38.0-win32-x64\jre\17.0.13-win32-x86_64\bin\server\jvm.dll
0x00007ffca70f0000 - 0x00007ffca71a2000 	C:\Windows\System32\ADVAPI32.dll
0x00007ffca6120000 - 0x00007ffca61c7000 	C:\Windows\System32\sechost.dll
0x00007ffca4d60000 - 0x00007ffca4d88000 	C:\Windows\System32\bcrypt.dll
0x00007ffca5960000 - 0x00007ffca5a74000 	C:\Windows\System32\RPCRT4.dll
0x00007ffca6e40000 - 0x00007ffca6eb1000 	C:\Windows\System32\WS2_32.dll
0x00007ffca37d0000 - 0x00007ffca381d000 	C:\Windows\SYSTEM32\POWRPROF.dll
0x00007ffc9ee50000 - 0x00007ffc9ee84000 	C:\Windows\SYSTEM32\WINMM.dll
0x00007ffc9e9b0000 - 0x00007ffc9e9ba000 	C:\Windows\SYSTEM32\VERSION.dll
0x00007ffca37b0000 - 0x00007ffca37c3000 	C:\Windows\SYSTEM32\UMPDC.dll
0x00007ffca3a80000 - 0x00007ffca3a98000 	C:\Windows\SYSTEM32\kernel.appcore.dll
0x00007ffc9eef0000 - 0x00007ffc9eefa000 	c:\Users\yenho\.vscode\extensions\redhat.java-1.38.0-win32-x64\jre\17.0.13-win32-x86_64\bin\jimage.dll
0x00007ffc9dcd0000 - 0x00007ffc9df02000 	C:\Windows\SYSTEM32\DBGHELP.DLL
0x00007ffca5d10000 - 0x00007ffca609f000 	C:\Windows\System32\combase.dll
0x00007ffca71b0000 - 0x00007ffca7287000 	C:\Windows\System32\OLEAUT32.dll
0x00007ffc9aad0000 - 0x00007ffc9ab02000 	C:\Windows\SYSTEM32\dbgcore.DLL
0x00007ffca4d90000 - 0x00007ffca4e0b000 	C:\Windows\System32\bcryptPrimitives.dll
0x00007ffca02c0000 - 0x00007ffca02ce000 	c:\Users\yenho\.vscode\extensions\redhat.java-1.38.0-win32-x64\jre\17.0.13-win32-x86_64\bin\instrument.dll
0x00007ffc9eec0000 - 0x00007ffc9eee5000 	c:\Users\yenho\.vscode\extensions\redhat.java-1.38.0-win32-x64\jre\17.0.13-win32-x86_64\bin\java.dll
0x00007ffc98820000 - 0x00007ffc98838000 	c:\Users\yenho\.vscode\extensions\redhat.java-1.38.0-win32-x64\jre\17.0.13-win32-x86_64\bin\zip.dll
0x00007ffca6430000 - 0x00007ffca6ca8000 	C:\Windows\System32\SHELL32.dll
0x00007ffca2880000 - 0x00007ffca3188000 	C:\Windows\SYSTEM32\windows.storage.dll
0x00007ffca2740000 - 0x00007ffca287f000 	C:\Windows\SYSTEM32\wintypes.dll
0x00007ffca5860000 - 0x00007ffca595a000 	C:\Windows\System32\SHCORE.dll
0x00007ffca61d0000 - 0x00007ffca622e000 	C:\Windows\System32\shlwapi.dll
0x00007ffca48b0000 - 0x00007ffca48db000 	C:\Windows\SYSTEM32\profapi.dll
0x00007ffc94f30000 - 0x00007ffc94f49000 	C:\Users\yenho\.vscode\extensions\redhat.java-1.38.0-win32-x64\jre\17.0.13-win32-x86_64\bin\net.dll
0x00007ffca0800000 - 0x00007ffca0936000 	C:\Windows\SYSTEM32\WINHTTP.dll
0x00007ffca3f00000 - 0x00007ffca3f69000 	C:\Windows\system32\mswsock.dll
0x00007ffc94790000 - 0x00007ffc947a6000 	C:\Users\yenho\.vscode\extensions\redhat.java-1.38.0-win32-x64\jre\17.0.13-win32-x86_64\bin\nio.dll
0x00007ffc9efc0000 - 0x00007ffc9efd0000 	c:\Users\yenho\.vscode\extensions\redhat.java-1.38.0-win32-x64\jre\17.0.13-win32-x86_64\bin\verify.dll
0x00007ffc11250000 - 0x00007ffc11295000 	C:\Users\yenho\AppData\Roaming\Code\User\globalStorage\redhat.java\1.38.0\config_win\org.eclipse.equinox.launcher\org.eclipse.equinox.launcher.win32.win32.x86_64_1.2.1100.v20240722-2106\eclipse_11904.dll
0x00007ffca74a0000 - 0x00007ffca7645000 	C:\Windows\System32\ole32.dll
0x00007ffca4170000 - 0x00007ffca418b000 	C:\Windows\SYSTEM32\CRYPTSP.dll
0x00007ffca39d0000 - 0x00007ffca3a05000 	C:\Windows\system32\rsaenh.dll
0x00007ffca4000000 - 0x00007ffca4028000 	C:\Windows\SYSTEM32\USERENV.dll
0x00007ffca4160000 - 0x00007ffca416c000 	C:\Windows\SYSTEM32\CRYPTBASE.dll
0x00007ffca3460000 - 0x00007ffca348d000 	C:\Windows\SYSTEM32\IPHLPAPI.DLL
0x00007ffca6420000 - 0x00007ffca6429000 	C:\Windows\System32\NSI.dll
0x00007ffc9f3f0000 - 0x00007ffc9f409000 	C:\Windows\SYSTEM32\dhcpcsvc6.DLL
0x00007ffc9f3d0000 - 0x00007ffc9f3ef000 	C:\Windows\SYSTEM32\dhcpcsvc.DLL
0x00007ffca34d0000 - 0x00007ffca35d2000 	C:\Windows\SYSTEM32\DNSAPI.dll
0x00007ffc29d20000 - 0x00007ffc29d69000 	C:\Users\yenho\AppData\Local\Temp\jna-114863977\jna7095464534894133149.dll
0x00007ffca5a80000 - 0x00007ffca5a88000 	C:\Windows\System32\PSAPI.DLL
0x00007ffc0ab20000 - 0x00007ffc0ab47000 	C:\Users\yenho\.gradle\native\c067742578af261105cb4f569cf0c3c89f3d7b1fecec35dd04571415982c5e48\windows-amd64\native-platform.dll

dbghelp: loaded successfully - version: 4.0.5 - missing functions: none
symbol engine: initialized successfully - sym options: 0x614 - pdb path: .;c:\Users\yenho\.vscode\extensions\redhat.java-1.38.0-win32-x64\jre\17.0.13-win32-x86_64\bin;C:\Windows\SYSTEM32;C:\Windows\WinSxS\amd64_microsoft.windows.common-controls_6595b64144ccf1df_6.0.22621.4541_none_2710d1c57384c085;c:\Users\yenho\.vscode\extensions\redhat.java-1.38.0-win32-x64\jre\17.0.13-win32-x86_64\bin\server;C:\Users\yenho\AppData\Roaming\Code\User\globalStorage\redhat.java\1.38.0\config_win\org.eclipse.equinox.launcher\org.eclipse.equinox.launcher.win32.win32.x86_64_1.2.1100.v20240722-2106;C:\Users\yenho\AppData\Local\Temp\jna-114863977;C:\Users\yenho\.gradle\native\c067742578af261105cb4f569cf0c3c89f3d7b1fecec35dd04571415982c5e48\windows-amd64

VM Arguments:
jvm_args: --add-modules=ALL-SYSTEM --add-opens=java.base/java.util=ALL-UNNAMED --add-opens=java.base/java.lang=ALL-UNNAMED --add-opens=java.base/sun.nio.fs=ALL-UNNAMED -Declipse.application=org.eclipse.jdt.ls.core.id1 -Dosgi.bundles.defaultStartLevel=4 -Declipse.product=org.eclipse.jdt.ls.core.product -Djava.import.generatesMetadataFilesAtProjectRoot=false -DDetectVMInstallationsJob.disabled=true -Dfile.encoding=utf8 -XX:+UseParallelGC -XX:GCTimeRatio=4 -XX:AdaptiveSizePolicyWeight=90 -Dsun.zip.disableMemoryMapping=true -Xmx1G -Xms100m -Xlog:disable -javaagent:c:\Users\yenho\.vscode\extensions\redhat.java-1.38.0-win32-x64\lombok\lombok-1.18.34.jar -XX:+HeapDumpOnOutOfMemoryError -XX:HeapDumpPath=c:\Users\yenho\AppData\Roaming\Code\User\workspaceStorage\be8ad8b4014e26bb98f6d4fcdc527ed2\redhat.java -Daether.dependencyCollector.impl=bf 
java_command: c:\Users\yenho\.vscode\extensions\redhat.java-1.38.0-win32-x64\server\plugins\org.eclipse.equinox.launcher_1.6.900.v20240613-2009.jar -configuration c:\Users\yenho\AppData\Roaming\Code\User\globalStorage\redhat.java\1.38.0\config_win -data c:\Users\yenho\AppData\Roaming\Code\User\workspaceStorage\be8ad8b4014e26bb98f6d4fcdc527ed2\redhat.java\jdt_ws --pipe=\\.\pipe\lsp-484c61b104c55dea0caabf69b3ec00ab-sock
java_class_path (initial): c:\Users\yenho\.vscode\extensions\redhat.java-1.38.0-win32-x64\server\plugins\org.eclipse.equinox.launcher_1.6.900.v20240613-2009.jar
Launcher Type: SUN_STANDARD

[Global flags]
    uintx AdaptiveSizePolicyWeight                 = 90                                        {product} {command line}
     intx CICompilerCount                          = 4                                         {product} {ergonomic}
    uintx GCTimeRatio                              = 4                                         {product} {command line}
     bool HeapDumpOnOutOfMemoryError               = true                                   {manageable} {command line}
    ccstr HeapDumpPath                             = c:\Users\yenho\AppData\Roaming\Code\User\workspaceStorage\be8ad8b4014e26bb98f6d4fcdc527ed2\redhat.java         {manageable} {command line}
   size_t InitialHeapSize                          = 104857600                                 {product} {command line}
   size_t MaxHeapSize                              = 1073741824                                {product} {command line}
   size_t MaxNewSize                               = 357564416                                 {product} {ergonomic}
   size_t MinHeapDeltaBytes                        = 524288                                    {product} {ergonomic}
   size_t MinHeapSize                              = 104857600                                 {product} {command line}
   size_t NewSize                                  = 34603008                                  {product} {ergonomic}
    uintx NonNMethodCodeHeapSize                   = 5839372                                {pd product} {ergonomic}
    uintx NonProfiledCodeHeapSize                  = 122909434                              {pd product} {ergonomic}
   size_t OldSize                                  = 70254592                                  {product} {ergonomic}
    uintx ProfiledCodeHeapSize                     = 122909434                              {pd product} {ergonomic}
    uintx ReservedCodeCacheSize                    = 251658240                              {pd product} {ergonomic}
     bool SegmentedCodeCache                       = true                                      {product} {ergonomic}
   size_t SoftMaxHeapSize                          = 1073741824                             {manageable} {ergonomic}
     bool UseCompressedClassPointers               = true                           {product lp64_product} {ergonomic}
     bool UseCompressedOops                        = true                           {product lp64_product} {ergonomic}
     bool UseLargePagesIndividualAllocation        = false                                  {pd product} {ergonomic}
     bool UseParallelGC                            = true                                      {product} {command line}

Logging:
Log output configuration:
 #0: stdout all=off uptime,level,tags
 #1: stderr all=off uptime,level,tags

Environment Variables:
JAVA_HOME=C:\Program Files\Java\jdk-17
PATH=C:\Program Files\Common Files\Oracle\Java\javapath;C:\Windows\system32;C:\Windows;C:\Windows\System32\Wbem;C:\Windows\System32\WindowsPowerShell\v1.0\;C:\Windows\System32\OpenSSH\;C:\Program Files (x86)\NVIDIA Corporation\PhysX\Common;C:\Program Files\NVIDIA Corporation\NVIDIA NvDLISR;C:\Windows\system32;C:\Windows;C:\Windows\System32\Wbem;C:\Windows\System32\WindowsPowerShell\v1.0\;C:\Windows\System32\OpenSSH\;C:\Program Files\dotnet\;C:\Program Files (x86)\Yarn\bin\;C:\Program Files\nodejs\;C:\Program Files\Java\jdk-17\bin;C:\Users\yenho\AppData\Local\Android\Sdk\platform-tools;C:\Program Files\Git\cmd;C:\Users\yenho\AppData\Local\Microsoft\WindowsApps;C:\Users\yenho\AppData\Local\Programs\Microsoft VS Code\bin;C:\Users\yenho\.dotnet\tools;C:\Users\yenho\AppData\Local\Yarn\bin;C:\Users\yenho\AppData\Roaming\npm;C:\Users\yenho\AppData\Local\GitHubDesktop\bin
USERNAME=yenho
OS=Windows_NT
PROCESSOR_IDENTIFIER=AMD64 Family 25 Model 68 Stepping 1, AuthenticAMD
TMP=C:\Users\yenho\AppData\Local\Temp
TEMP=C:\Users\yenho\AppData\Local\Temp



Periodic native trim disabled


---------------  S Y S T E M  ---------------

OS:
 Windows 11 , 64 bit Build 22621 (10.0.22621.4391)
OS uptime: 0 days 1:04 hours
Hyper-V role detected

CPU: total 12 (initial active 12) (12 cores per cpu, 2 threads per core) family 25 model 68 stepping 1 microcode 0x0, cx8, cmov, fxsr, ht, mmx, 3dnowpref, sse, sse2, sse3, ssse3, sse4a, sse4.1, sse4.2, popcnt, lzcnt, tsc, tscinvbit, avx, avx2, aes, erms, clmul, bmi1, bmi2, adx, sha, fma, vzeroupper, clflush, clflushopt, hv
Processor Information for all 12 processors :
  Max Mhz: 3301, Current Mhz: 3301, Mhz Limit: 3301

Memory: 4k page, system-wide physical 7365M (53M free)
TotalPageFile size 29893M (AvailPageFile size 0M)
current process WorkingSet (physical memory assigned to process): 403M, peak: 403M
current process commit charge ("private bytes"): 426M, peak: 428M

vm_info: OpenJDK 64-Bit Server VM (17.0.13+11) for windows-amd64 JRE (17.0.13+11), built on Oct 16 2024 00:10:08 by "admin" with MS VC++ 17.7 (VS2022)

END.
