#
# There is insufficient memory for the Java Runtime Environment to continue.
# Native memory allocation (malloc) failed to allocate 1629424 bytes. Error detail: Chunk::new
# Possible reasons:
#   The system is out of physical RAM or swap space
#   This process is running with CompressedOops enabled, and the Java Heap may be blocking the growth of the native heap
# Possible solutions:
#   Reduce memory load on the system
#   Increase physical memory or swap space
#   Check if swap backing store is full
#   Decrease Java heap size (-Xmx/-Xms)
#   Decrease number of Java threads
#   Decrease Java thread stack sizes (-Xss)
#   Set larger code cache with -XX:ReservedCodeCacheSize=
#   JVM is running with Unscaled Compressed Oops mode in which the Java heap is
#     placed in the first 4GB address space. The Java Heap base address is the
#     maximum limit for the native heap growth. Please use -XX:HeapBaseMinAddress
#     to set the Java Heap base and to place the Java Heap above 4GB virtual address.
# This output file may be truncated or incomplete.
#
#  Out of Memory Error (arena.cpp:191), pid=18524, tid=22804
#
# JRE version: OpenJDK Runtime Environment Temurin-17.0.13+11 (17.0.13+11) (build 17.0.13+11)
# Java VM: OpenJDK 64-Bit Server VM Temurin-17.0.13+11 (17.0.13+11, mixed mode, tiered, compressed oops, compressed class ptrs, parallel gc, windows-amd64)
# No core dump will be written. Minidumps are not enabled by default on client versions of Windows
#

---------------  S U M M A R Y ------------

Command Line: --add-modules=ALL-SYSTEM --add-opens=java.base/java.util=ALL-UNNAMED --add-opens=java.base/java.lang=ALL-UNNAMED --add-opens=java.base/sun.nio.fs=ALL-UNNAMED -Declipse.application=org.eclipse.jdt.ls.core.id1 -Dosgi.bundles.defaultStartLevel=4 -Declipse.product=org.eclipse.jdt.ls.core.product -Djava.import.generatesMetadataFilesAtProjectRoot=false -DDetectVMInstallationsJob.disabled=true -Dfile.encoding=utf8 -XX:+UseParallelGC -XX:GCTimeRatio=4 -XX:AdaptiveSizePolicyWeight=90 -Dsun.zip.disableMemoryMapping=true -Xmx1G -Xms100m -Xlog:disable -javaagent:c:\Users\yenho\.vscode\extensions\redhat.java-1.38.0-win32-x64\lombok\lombok-1.18.34.jar -XX:+HeapDumpOnOutOfMemoryError -XX:HeapDumpPath=c:\Users\yenho\AppData\Roaming\Code\User\workspaceStorage\be8ad8b4014e26bb98f6d4fcdc527ed2\redhat.java -Daether.dependencyCollector.impl=bf c:\Users\yenho\.vscode\extensions\redhat.java-1.38.0-win32-x64\server\plugins\org.eclipse.equinox.launcher_1.6.900.v20240613-2009.jar -configuration c:\Users\yenho\AppData\Roaming\Code\User\globalStorage\redhat.java\1.38.0\config_win -data c:\Users\yenho\AppData\Roaming\Code\User\workspaceStorage\be8ad8b4014e26bb98f6d4fcdc527ed2\redhat.java\jdt_ws --pipe=\\.\pipe\lsp-f8a9294f7d366be51321023ab2fd095f-sock

Host: AMD Ryzen 5 7535HS with Radeon Graphics        , 12 cores, 7G,  Windows 11 , 64 bit Build 22621 (10.0.22621.4391)
Time: Thu Jan  9 14:32:53 2025 SE Asia Standard Time elapsed time: 9.440062 seconds (0d 0h 0m 9s)

---------------  T H R E A D  ---------------

Current thread (0x000002a7462c85a0):  JavaThread "C2 CompilerThread0" daemon [_thread_in_native, id=22804, stack(0x000000d6c6d00000,0x000000d6c6e00000)]


Current CompileTask:
C2:   9440 9374       4       org.eclipse.jdt.internal.core.search.indexing.BinaryIndexer::extractReferenceFromConstantPool (358 bytes)

Stack: [0x000000d6c6d00000,0x000000d6c6e00000]
Native frames: (J=compiled Java code, j=interpreted, Vv=VM code, C=native code)
V  [jvm.dll+0x682a19]
V  [jvm.dll+0x839538]
V  [jvm.dll+0x83afe3]
V  [jvm.dll+0x83b653]
V  [jvm.dll+0x24704f]
V  [jvm.dll+0xace34]
V  [jvm.dll+0xad4cc]
V  [jvm.dll+0x36597e]
V  [jvm.dll+0x1ba793]
V  [jvm.dll+0x2181a7]
V  [jvm.dll+0x21748f]
V  [jvm.dll+0x1a3070]
V  [jvm.dll+0x22788c]
V  [jvm.dll+0x2259eb]
V  [jvm.dll+0x7eec98]
V  [jvm.dll+0x7e8ffc]
V  [jvm.dll+0x6818f7]
C  [ucrtbase.dll+0x29333]
C  [KERNEL32.DLL+0x1259d]
C  [ntdll.dll+0x5af38]


---------------  P R O C E S S  ---------------

Threads class SMR info:
_java_thread_list=0x000002a7544bb3c0, length=78, elements={
0x000002a72d2f0470, 0x000002a741172030, 0x000002a7411750b0, 0x000002a74117d2a0,
0x000002a74117db70, 0x000002a74117e640, 0x000002a7462c7200, 0x000002a7462c85a0,
0x000002a74632e7c0, 0x000002a74632f480, 0x000002a7463a2aa0, 0x000002a7465949d0,
0x000002a74841c0b0, 0x000002a748a161b0, 0x000002a7485e1240, 0x000002a7485e1720,
0x000002a74823ea80, 0x000002a748c5d340, 0x000002a748c5dd60, 0x000002a748c5d850,
0x000002a748c5ce30, 0x000002a748c5e270, 0x000002a748c5e780, 0x000002a748c5b9f0,
0x000002a748c5c410, 0x000002a748c5c920, 0x000002a749272e10, 0x000002a7492723f0,
0x000002a749270590, 0x000002a7492714c0, 0x000002a749272900, 0x000002a74926f660,
0x000002a749270aa0, 0x000002a74926fb70, 0x000002a749270fb0, 0x000002a7492719d0,
0x000002a749270080, 0x000002a749271ee0, 0x000002a749ccb3a0, 0x000002a749cce130,
0x000002a749cc9540, 0x000002a749cd09b0, 0x000002a749ccc7e0, 0x000002a749ccbdc0,
0x000002a749cd0ec0, 0x000002a749ccc2d0, 0x000002a749ccf570, 0x000002a749cc9a50,
0x000002a749cc9f60, 0x000002a749cceb50, 0x000002a749cca470, 0x000002a749cce640,
0x000002a749ccf060, 0x000002a749ccfa80, 0x000002a749ccff90, 0x000002a749ccd710,
0x000002a749ccae90, 0x000002a749ccdc20, 0x000002a748c5bf00, 0x000002a749cfc980,
0x000002a749cf87b0, 0x000002a749cf96e0, 0x000002a749cfc470, 0x000002a749cfb540,
0x000002a749cf9bf0, 0x000002a749cf91d0, 0x000002a749cf7880, 0x000002a749cfa100,
0x000002a749cfa610, 0x000002a749cfab20, 0x000002a749cf82a0, 0x000002a749cf8cc0,
0x000002a749cfb030, 0x000002a749cfba50, 0x000002a749cfbf60, 0x000002a749cfce90,
0x000002a749cfd3a0, 0x000002a749cfddc0
}

Java Threads: ( => current thread )
  0x000002a72d2f0470 JavaThread "main" [_thread_blocked, id=11500, stack(0x000000d6c6400000,0x000000d6c6500000)]
  0x000002a741172030 JavaThread "Reference Handler" daemon [_thread_blocked, id=20192, stack(0x000000d6c6700000,0x000000d6c6800000)]
  0x000002a7411750b0 JavaThread "Finalizer" daemon [_thread_blocked, id=22484, stack(0x000000d6c6800000,0x000000d6c6900000)]
  0x000002a74117d2a0 JavaThread "Signal Dispatcher" daemon [_thread_blocked, id=7652, stack(0x000000d6c6900000,0x000000d6c6a00000)]
  0x000002a74117db70 JavaThread "Attach Listener" daemon [_thread_blocked, id=4236, stack(0x000000d6c6a00000,0x000000d6c6b00000)]
  0x000002a74117e640 JavaThread "Service Thread" daemon [_thread_blocked, id=23472, stack(0x000000d6c6b00000,0x000000d6c6c00000)]
  0x000002a7462c7200 JavaThread "Monitor Deflation Thread" daemon [_thread_blocked, id=23212, stack(0x000000d6c6c00000,0x000000d6c6d00000)]
=>0x000002a7462c85a0 JavaThread "C2 CompilerThread0" daemon [_thread_in_native, id=22804, stack(0x000000d6c6d00000,0x000000d6c6e00000)]
  0x000002a74632e7c0 JavaThread "C1 CompilerThread0" daemon [_thread_blocked, id=4720, stack(0x000000d6c6e00000,0x000000d6c6f00000)]
  0x000002a74632f480 JavaThread "Sweeper thread" daemon [_thread_blocked, id=14244, stack(0x000000d6c6f00000,0x000000d6c7000000)]
  0x000002a7463a2aa0 JavaThread "Common-Cleaner" daemon [_thread_blocked, id=2616, stack(0x000000d6c7000000,0x000000d6c7100000)]
  0x000002a7465949d0 JavaThread "Notification Thread" daemon [_thread_blocked, id=24052, stack(0x000000d6c7100000,0x000000d6c7200000)]
  0x000002a74841c0b0 JavaThread "Active Thread: Equinox Container: dd495bbe-6a7e-4d84-b2a5-dad8376ab6d7" [_thread_blocked, id=3148, stack(0x000000d6c7a00000,0x000000d6c7b00000)]
  0x000002a748a161b0 JavaThread "Refresh Thread: Equinox Container: dd495bbe-6a7e-4d84-b2a5-dad8376ab6d7" daemon [_thread_blocked, id=19924, stack(0x000000d6c7b00000,0x000000d6c7c00000)]
  0x000002a7485e1240 JavaThread "Framework Event Dispatcher: Equinox Container: dd495bbe-6a7e-4d84-b2a5-dad8376ab6d7" daemon [_thread_blocked, id=16132, stack(0x000000d6c7c00000,0x000000d6c7d00000)]
  0x000002a7485e1720 JavaThread "Start Level: Equinox Container: dd495bbe-6a7e-4d84-b2a5-dad8376ab6d7" daemon [_thread_blocked, id=21468, stack(0x000000d6c7d00000,0x000000d6c7e00000)]
  0x000002a74823ea80 JavaThread "Bundle File Closer" daemon [_thread_blocked, id=6936, stack(0x000000d6c7f00000,0x000000d6c8000000)]
  0x000002a748c5d340 JavaThread "SCR Component Actor" daemon [_thread_blocked, id=18556, stack(0x000000d6c8100000,0x000000d6c8200000)]
  0x000002a748c5dd60 JavaThread "Worker-JM" [_thread_blocked, id=23832, stack(0x000000d6c8300000,0x000000d6c8400000)]
  0x000002a748c5d850 JavaThread "JNA Cleaner" daemon [_thread_blocked, id=17208, stack(0x000000d6c8400000,0x000000d6c8500000)]
  0x000002a748c5ce30 JavaThread "Worker-0" [_thread_blocked, id=18648, stack(0x000000d6c8500000,0x000000d6c8600000)]
  0x000002a748c5e270 JavaThread "Worker-1" [_thread_blocked, id=20056, stack(0x000000d6c8600000,0x000000d6c8700000)]
  0x000002a748c5e780 JavaThread "Java indexing" daemon [_thread_in_vm, id=10760, stack(0x000000d6c8700000,0x000000d6c8800000)]
  0x000002a748c5b9f0 JavaThread "Thread-2" daemon [_thread_in_native, id=16176, stack(0x000000d6c8800000,0x000000d6c8900000)]
  0x000002a748c5c410 JavaThread "Thread-3" daemon [_thread_in_native, id=20048, stack(0x000000d6c8900000,0x000000d6c8a00000)]
  0x000002a748c5c920 JavaThread "Thread-4" daemon [_thread_in_native, id=15924, stack(0x000000d6c8a00000,0x000000d6c8b00000)]
  0x000002a749272e10 JavaThread "Thread-5" daemon [_thread_in_native, id=23452, stack(0x000000d6c8b00000,0x000000d6c8c00000)]
  0x000002a7492723f0 JavaThread "Thread-6" daemon [_thread_in_native, id=23040, stack(0x000000d6c8c00000,0x000000d6c8d00000)]
  0x000002a749270590 JavaThread "Thread-7" daemon [_thread_in_native, id=10352, stack(0x000000d6c8d00000,0x000000d6c8e00000)]
  0x000002a7492714c0 JavaThread "Thread-8" daemon [_thread_in_native, id=19440, stack(0x000000d6c8e00000,0x000000d6c8f00000)]
  0x000002a749272900 JavaThread "Thread-9" daemon [_thread_in_native, id=3844, stack(0x000000d6c8f00000,0x000000d6c9000000)]
  0x000002a74926f660 JavaThread "Thread-10" daemon [_thread_in_native, id=16792, stack(0x000000d6c9000000,0x000000d6c9100000)]
  0x000002a749270aa0 JavaThread "Thread-11" daemon [_thread_in_native, id=23288, stack(0x000000d6c9100000,0x000000d6c9200000)]
  0x000002a74926fb70 JavaThread "Thread-12" daemon [_thread_in_native, id=16560, stack(0x000000d6c9200000,0x000000d6c9300000)]
  0x000002a749270fb0 JavaThread "Thread-13" daemon [_thread_in_native, id=2312, stack(0x000000d6c9300000,0x000000d6c9400000)]
  0x000002a7492719d0 JavaThread "Thread-14" daemon [_thread_in_native, id=23880, stack(0x000000d6c9400000,0x000000d6c9500000)]
  0x000002a749270080 JavaThread "pool-2-thread-1" [_thread_blocked, id=14216, stack(0x000000d6c9500000,0x000000d6c9600000)]
  0x000002a749271ee0 JavaThread "Worker-2" [_thread_blocked, id=17708, stack(0x000000d6c9600000,0x000000d6c9700000)]
  0x000002a749ccb3a0 JavaThread "Worker-3" [_thread_blocked, id=3352, stack(0x000000d6c9700000,0x000000d6c9800000)]
  0x000002a749cce130 JavaThread "Worker-4: Java indexing... " [_thread_blocked, id=23440, stack(0x000000d6c9800000,0x000000d6c9900000)]
  0x000002a749cc9540 JavaThread "Worker-5: Initialize Workspace" [_thread_in_vm, id=24412, stack(0x000000d6c9900000,0x000000d6c9a00000)]
  0x000002a749cd09b0 JavaThread "Worker-6" [_thread_blocked, id=11300, stack(0x000000d6c9a00000,0x000000d6c9b00000)]
  0x000002a749ccc7e0 JavaThread "WorkspaceEventsHandler" [_thread_blocked, id=16864, stack(0x000000d6c9b00000,0x000000d6c9c00000)]
  0x000002a749ccbdc0 JavaThread "pool-1-thread-1" [_thread_blocked, id=4732, stack(0x000000d6c9c00000,0x000000d6c9d00000)]
  0x000002a749cd0ec0 JavaThread "LocalFile Deleter" daemon [_thread_blocked, id=16108, stack(0x000000d6c9d00000,0x000000d6c9e00000)]
  0x000002a749ccc2d0 JavaThread "LocalFile Deleter" daemon [_thread_blocked, id=13256, stack(0x000000d6c9e00000,0x000000d6c9f00000)]
  0x000002a749ccf570 JavaThread "LocalFile Deleter" daemon [_thread_blocked, id=20348, stack(0x000000d6c9f00000,0x000000d6ca000000)]
  0x000002a749cc9a50 JavaThread "LocalFile Deleter" daemon [_thread_blocked, id=23924, stack(0x000000d6ca000000,0x000000d6ca100000)]
  0x000002a749cc9f60 JavaThread "LocalFile Deleter" daemon [_thread_blocked, id=10672, stack(0x000000d6ca100000,0x000000d6ca200000)]
  0x000002a749cceb50 JavaThread "LocalFile Deleter" daemon [_thread_blocked, id=2604, stack(0x000000d6ca200000,0x000000d6ca300000)]
  0x000002a749cca470 JavaThread "LocalFile Deleter" daemon [_thread_blocked, id=20144, stack(0x000000d6ca300000,0x000000d6ca400000)]
  0x000002a749cce640 JavaThread "LocalFile Deleter" daemon [_thread_blocked, id=18964, stack(0x000000d6ca400000,0x000000d6ca500000)]
  0x000002a749ccf060 JavaThread "LocalFile Deleter" daemon [_thread_blocked, id=4764, stack(0x000000d6ca500000,0x000000d6ca600000)]
  0x000002a749ccfa80 JavaThread "LocalFile Deleter" daemon [_thread_blocked, id=23192, stack(0x000000d6ca600000,0x000000d6ca700000)]
  0x000002a749ccff90 JavaThread "LocalFile Deleter" daemon [_thread_blocked, id=8904, stack(0x000000d6ca700000,0x000000d6ca800000)]
  0x000002a749ccd710 JavaThread "LocalFile Deleter" daemon [_thread_blocked, id=24380, stack(0x000000d6ca800000,0x000000d6ca900000)]
  0x000002a749ccae90 JavaThread "Compiler Source File Reader" daemon [_thread_blocked, id=19424, stack(0x000000d6ca900000,0x000000d6caa00000)]
  0x000002a749ccdc20 JavaThread "Compiler Source File Reader" daemon [_thread_blocked, id=696, stack(0x000000d6caa00000,0x000000d6cab00000)]
  0x000002a748c5bf00 JavaThread "Compiler Source File Reader" daemon [_thread_blocked, id=8912, stack(0x000000d6cab00000,0x000000d6cac00000)]
  0x000002a749cfc980 JavaThread "Compiler Source File Reader" daemon [_thread_blocked, id=20004, stack(0x000000d6cac00000,0x000000d6cad00000)]
  0x000002a749cf87b0 JavaThread "Compiler Source File Reader" daemon [_thread_blocked, id=22996, stack(0x000000d6cad00000,0x000000d6cae00000)]
  0x000002a749cf96e0 JavaThread "Compiler Source File Reader" daemon [_thread_blocked, id=16136, stack(0x000000d6cae00000,0x000000d6caf00000)]
  0x000002a749cfc470 JavaThread "Compiler Source File Reader" daemon [_thread_blocked, id=22676, stack(0x000000d6caf00000,0x000000d6cb000000)]
  0x000002a749cfb540 JavaThread "Compiler Source File Reader" daemon [_thread_blocked, id=20216, stack(0x000000d6cb000000,0x000000d6cb100000)]
  0x000002a749cf9bf0 JavaThread "Compiler Source File Reader" daemon [_thread_blocked, id=23888, stack(0x000000d6cb100000,0x000000d6cb200000)]
  0x000002a749cf91d0 JavaThread "Compiler Source File Reader" daemon [_thread_blocked, id=16860, stack(0x000000d6cb200000,0x000000d6cb300000)]
  0x000002a749cf7880 JavaThread "Compiler Processing Task" daemon [_thread_blocked, id=1620, stack(0x000000d6cb300000,0x000000d6cb400000)]
  0x000002a749cfa100 JavaThread "Compiler Class File Writer" daemon [_thread_blocked, id=24568, stack(0x000000d6cb400000,0x000000d6cb500000)]
  0x000002a749cfa610 JavaThread "Compiler Class File Writer" daemon [_thread_blocked, id=18088, stack(0x000000d6cb500000,0x000000d6cb600000)]
  0x000002a749cfab20 JavaThread "Compiler Class File Writer" daemon [_thread_blocked, id=13720, stack(0x000000d6cb600000,0x000000d6cb700000)]
  0x000002a749cf82a0 JavaThread "Compiler Class File Writer" daemon [_thread_blocked, id=7804, stack(0x000000d6cb700000,0x000000d6cb800000)]
  0x000002a749cf8cc0 JavaThread "Compiler Class File Writer" daemon [_thread_blocked, id=13248, stack(0x000000d6cb800000,0x000000d6cb900000)]
  0x000002a749cfb030 JavaThread "Compiler Class File Writer" daemon [_thread_blocked, id=13464, stack(0x000000d6cb900000,0x000000d6cba00000)]
  0x000002a749cfba50 JavaThread "Compiler Class File Writer" daemon [_thread_blocked, id=12948, stack(0x000000d6cba00000,0x000000d6cbb00000)]
  0x000002a749cfbf60 JavaThread "Compiler Class File Writer" daemon [_thread_blocked, id=22608, stack(0x000000d6cbb00000,0x000000d6cbc00000)]
  0x000002a749cfce90 JavaThread "Compiler Class File Writer" daemon [_thread_blocked, id=7328, stack(0x000000d6cbc00000,0x000000d6cbd00000)]
  0x000002a749cfd3a0 JavaThread "Compiler Class File Writer" daemon [_thread_blocked, id=20848, stack(0x000000d6cbd00000,0x000000d6cbe00000)]
  0x000002a749cfddc0 JavaThread "Timer-0" [_thread_blocked, id=14576, stack(0x000000d6c8200000,0x000000d6c8300000)]

Other Threads:
  0x000002a72d3798b0 VMThread "VM Thread" [stack: 0x000000d6c6600000,0x000000d6c6700000] [id=24176]
  0x000002a7465c6fb0 WatcherThread [stack: 0x000000d6c7200000,0x000000d6c7300000] [id=23524]
  0x000002a72d304e80 GCTaskThread "GC Thread#0" [stack: 0x000000d6c6500000,0x000000d6c6600000] [id=20336]
  0x000002a747d99020 GCTaskThread "GC Thread#1" [stack: 0x000000d6c7400000,0x000000d6c7500000] [id=12088]
  0x000002a747ccb260 GCTaskThread "GC Thread#2" [stack: 0x000000d6c7500000,0x000000d6c7600000] [id=17084]
  0x000002a748110170 GCTaskThread "GC Thread#3" [stack: 0x000000d6c7600000,0x000000d6c7700000] [id=14368]
  0x000002a748110430 GCTaskThread "GC Thread#4" [stack: 0x000000d6c7700000,0x000000d6c7800000] [id=6084]
  0x000002a7481106f0 GCTaskThread "GC Thread#5" [stack: 0x000000d6c7800000,0x000000d6c7900000] [id=2184]
  0x000002a7481109b0 GCTaskThread "GC Thread#6" [stack: 0x000000d6c7900000,0x000000d6c7a00000] [id=20872]
  0x000002a74810de10 GCTaskThread "GC Thread#7" [stack: 0x000000d6c7e00000,0x000000d6c7f00000] [id=19792]
  0x000002a748ca7a40 GCTaskThread "GC Thread#8" [stack: 0x000000d6c8000000,0x000000d6c8100000] [id=22568]
  0x000002a748805190 GCTaskThread "GC Thread#9" [stack: 0x000000d6c7300000,0x000000d6c7400000] [id=22800]

Threads with active compile tasks:
C2 CompilerThread0     9472 9374       4       org.eclipse.jdt.internal.core.search.indexing.BinaryIndexer::extractReferenceFromConstantPool (358 bytes)

VM state: at safepoint (normal execution)

VM Mutex/Monitor currently owned by a thread:  ([mutex/lock_event])
[0x000002a72d2ea290] Threads_lock - owner thread: 0x000002a72d3798b0
[0x000002a72d2eaf80] Heap_lock - owner thread: 0x000002a749cc9540

Heap address: 0x00000000c0000000, size: 1024 MB, Compressed Oops mode: 32-bit

CDS archive(s) not mapped
Compressed class space mapped at: 0x0000000100000000-0x0000000140000000, reserved size: 1073741824
Narrow klass base: 0x0000000000000000, Narrow klass shift: 3, Narrow klass range: 0x140000000

GC Precious Log:
 CPUs: 12 total, 12 available
 Memory: 7365M
 Large Page Support: Disabled
 NUMA Support: Disabled
 Compressed Oops: Enabled (32-bit)
 Alignments: Space 512K, Generation 512K, Heap 2M
 Heap Min Capacity: 100M
 Heap Initial Capacity: 100M
 Heap Max Capacity: 1G
 Pre-touch: Disabled
 Parallel Workers: 10

Heap:
 PSYoungGen      total 2048K, used 2016K [0x00000000eab00000, 0x00000000eae80000, 0x0000000100000000)
  eden space 1536K, 100% used [0x00000000eab00000,0x00000000eac80000,0x00000000eac80000)
  from space 512K, 93% used [0x00000000eae00000,0x00000000eae78000,0x00000000eae80000)
  to   space 512K, 90% used [0x00000000ead80000,0x00000000eadf3a38,0x00000000eae00000)
 ParOldGen       total 142848K, used 128375K [0x00000000c0000000, 0x00000000c8b80000, 0x00000000eab00000)
  object space 142848K, 89% used [0x00000000c0000000,0x00000000c7d5dd30,0x00000000c8b80000)
 Metaspace       used 64929K, committed 66048K, reserved 1114112K
  class space    used 6815K, committed 7232K, reserved 1048576K

Card table byte_map: [0x000002a72cc80000,0x000002a72ce90000] _byte_map_base: 0x000002a72c680000

Marking Bits: (ParMarkBitMap*) 0x00007ffc36006940
 Begin Bits: [0x000002a73ef80000, 0x000002a73ff80000)
 End Bits:   [0x000002a73ff80000, 0x000002a740f80000)

Polling page: 0x000002a72b2c0000

Metaspace:

Usage:
  Non-class:     56.75 MB used.
      Class:      6.66 MB used.
       Both:     63.41 MB used.

Virtual space:
  Non-class space:       64.00 MB reserved,      57.44 MB ( 90%) committed,  1 nodes.
      Class space:        1.00 GB reserved,       7.06 MB ( <1%) committed,  1 nodes.
             Both:        1.06 GB reserved,      64.50 MB (  6%) committed. 

Chunk freelists:
   Non-Class:  6.27 MB
       Class:  8.97 MB
        Both:  15.23 MB

MaxMetaspaceSize: unlimited
CompressedClassSpaceSize: 1.00 GB
Initial GC threshold: 21.00 MB
Current GC threshold: 104.19 MB
CDS: off
MetaspaceReclaimPolicy: balanced
 - commit_granule_bytes: 65536.
 - commit_granule_words: 8192.
 - virtual_space_node_default_size: 8388608.
 - enlarge_chunks_in_place: 1.
 - new_chunks_are_fully_committed: 0.
 - uncommit_free_chunks: 1.
 - use_allocation_guard: 0.
 - handle_deallocations: 1.


Internal statistics:

num_allocs_failed_limit: 6.
num_arena_births: 690.
num_arena_deaths: 18.
num_vsnodes_births: 2.
num_vsnodes_deaths: 0.
num_space_committed: 1032.
num_space_uncommitted: 0.
num_chunks_returned_to_freelist: 24.
num_chunks_taken_from_freelist: 3352.
num_chunk_merges: 11.
num_chunk_splits: 2032.
num_chunks_enlarged: 1145.
num_inconsistent_stats: 0.

CodeHeap 'non-profiled nmethods': size=120000Kb used=2511Kb max_used=2511Kb free=117488Kb
 bounds [0x000002a737a50000, 0x000002a737cd0000, 0x000002a73ef80000]
CodeHeap 'profiled nmethods': size=120000Kb used=18293Kb max_used=18293Kb free=101706Kb
 bounds [0x000002a72ff80000, 0x000002a731160000, 0x000002a7374b0000]
CodeHeap 'non-nmethods': size=5760Kb used=1354Kb max_used=1406Kb free=4405Kb
 bounds [0x000002a7374b0000, 0x000002a737720000, 0x000002a737a50000]
 total_blobs=8952 nmethods=8253 adapters=611
 compilation: enabled
              stopped_count=0, restarted_count=0
 full_count=0

Compilation events (20 events):
Event: 9.408 Thread 0x000002a74632e7c0 9416       2       java.util.HashMap$Values::iterator (12 bytes)
Event: 9.408 Thread 0x000002a74632e7c0 nmethod 9416 0x000002a731155990 code [0x000002a731155b20, 0x000002a731155cc8]
Event: 9.408 Thread 0x000002a74632e7c0 9417       2       java.util.HashMap$ValueIterator::<init> (11 bytes)
Event: 9.408 Thread 0x000002a74632e7c0 nmethod 9417 0x000002a731155d90 code [0x000002a731155f20, 0x000002a731156068]
Event: 9.408 Thread 0x000002a74632e7c0 9418       2       java.lang.WeakPairMap$Pair::equals (34 bytes)
Event: 9.408 Thread 0x000002a74632e7c0 nmethod 9418 0x000002a731156110 code [0x000002a7311562c0, 0x000002a731156458]
Event: 9.408 Thread 0x000002a74632e7c0 9419       2       java.lang.reflect.ProxyGenerator::checkReturnTypes (281 bytes)
Event: 9.410 Thread 0x000002a74632e7c0 nmethod 9419 0x000002a731156510 code [0x000002a7311568a0, 0x000002a731157598]
Event: 9.410 Thread 0x000002a74632e7c0 9420       2       java.lang.reflect.ProxyGenerator$ProxyMethod::generateMethod (548 bytes)
Event: 9.414 Thread 0x000002a74632e7c0 nmethod 9420 0x000002a731157f10 code [0x000002a731158360, 0x000002a731159458]
Event: 9.414 Thread 0x000002a74632e7c0 9421       2       java.lang.reflect.ProxyGenerator::computeUniqueCatchList (167 bytes)
Event: 9.415 Thread 0x000002a74632e7c0 nmethod 9421 0x000002a73115a090 code [0x000002a73115a2e0, 0x000002a73115aab8]
Event: 9.431 Thread 0x000002a74632e7c0 9423       2       org.eclipse.core.runtime.SubMonitor::convert (8 bytes)
Event: 9.432 Thread 0x000002a74632e7c0 nmethod 9423 0x000002a73115b190 code [0x000002a73115b320, 0x000002a73115b428]
Event: 9.435 Thread 0x000002a74632e7c0 9424       2       java.util.concurrent.ConcurrentLinkedQueue::offer (120 bytes)
Event: 9.436 Thread 0x000002a74632e7c0 nmethod 9424 0x000002a73115b510 code [0x000002a73115b780, 0x000002a73115c0a8]
Event: 9.436 Thread 0x000002a74632e7c0 9425       2       java.util.concurrent.ConcurrentLinkedQueue$Node::<init> (13 bytes)
Event: 9.437 Thread 0x000002a74632e7c0 nmethod 9425 0x000002a73115c610 code [0x000002a73115c7e0, 0x000002a73115cb58]
Event: 9.437 Thread 0x000002a74632e7c0 9426       2       java.lang.invoke.VarHandleReferences$FieldInstanceReadWrite::set (35 bytes)
Event: 9.437 Thread 0x000002a74632e7c0 nmethod 9426 0x000002a73115cd90 code [0x000002a73115cf80, 0x000002a73115d3c8]

GC Heap History (20 events):
Event: 9.226 GC heap before
{Heap before GC invocations=78 (full 5):
 PSYoungGen      total 3072K, used 3070K [0x00000000eab00000, 0x00000000eb100000, 0x0000000100000000)
  eden space 1536K, 100% used [0x00000000eab00000,0x00000000eac80000,0x00000000eac80000)
  from space 1536K, 99% used [0x00000000eae80000,0x00000000eafffa60,0x00000000eb000000)
  to   space 2048K, 0% used [0x00000000eac80000,0x00000000eac80000,0x00000000eae80000)
 ParOldGen       total 142848K, used 123878K [0x00000000c0000000, 0x00000000c8b80000, 0x00000000eab00000)
  object space 142848K, 86% used [0x00000000c0000000,0x00000000c78f9988,0x00000000c8b80000)
 Metaspace       used 64431K, committed 65536K, reserved 1114112K
  class space    used 6734K, committed 7168K, reserved 1048576K
}
Event: 9.228 GC heap after
{Heap after GC invocations=78 (full 5):
 PSYoungGen      total 3072K, used 1026K [0x00000000eab00000, 0x00000000eaf80000, 0x0000000100000000)
  eden space 1536K, 0% used [0x00000000eab00000,0x00000000eab00000,0x00000000eac80000)
  from space 1536K, 66% used [0x00000000eac80000,0x00000000ead80908,0x00000000eae00000)
  to   space 1536K, 0% used [0x00000000eae00000,0x00000000eae00000,0x00000000eaf80000)
 ParOldGen       total 142848K, used 124678K [0x00000000c0000000, 0x00000000c8b80000, 0x00000000eab00000)
  object space 142848K, 87% used [0x00000000c0000000,0x00000000c79c1888,0x00000000c8b80000)
 Metaspace       used 64431K, committed 65536K, reserved 1114112K
  class space    used 6734K, committed 7168K, reserved 1048576K
}
Event: 9.239 GC heap before
{Heap before GC invocations=79 (full 5):
 PSYoungGen      total 3072K, used 2562K [0x00000000eab00000, 0x00000000eaf80000, 0x0000000100000000)
  eden space 1536K, 100% used [0x00000000eab00000,0x00000000eac80000,0x00000000eac80000)
  from space 1536K, 66% used [0x00000000eac80000,0x00000000ead80908,0x00000000eae00000)
  to   space 1536K, 0% used [0x00000000eae00000,0x00000000eae00000,0x00000000eaf80000)
 ParOldGen       total 142848K, used 124678K [0x00000000c0000000, 0x00000000c8b80000, 0x00000000eab00000)
  object space 142848K, 87% used [0x00000000c0000000,0x00000000c79c1888,0x00000000c8b80000)
 Metaspace       used 64431K, committed 65536K, reserved 1114112K
  class space    used 6734K, committed 7168K, reserved 1048576K
}
Event: 9.241 GC heap after
{Heap after GC invocations=79 (full 5):
 PSYoungGen      total 2560K, used 896K [0x00000000eab00000, 0x00000000eaf00000, 0x0000000100000000)
  eden space 1536K, 0% used [0x00000000eab00000,0x00000000eab00000,0x00000000eac80000)
  from space 1024K, 87% used [0x00000000eae00000,0x00000000eaee0000,0x00000000eaf00000)
  to   space 1024K, 0% used [0x00000000ead00000,0x00000000ead00000,0x00000000eae00000)
 ParOldGen       total 142848K, used 125121K [0x00000000c0000000, 0x00000000c8b80000, 0x00000000eab00000)
  object space 142848K, 87% used [0x00000000c0000000,0x00000000c7a30510,0x00000000c8b80000)
 Metaspace       used 64431K, committed 65536K, reserved 1114112K
  class space    used 6734K, committed 7168K, reserved 1048576K
}
Event: 9.257 GC heap before
{Heap before GC invocations=80 (full 5):
 PSYoungGen      total 2560K, used 2432K [0x00000000eab00000, 0x00000000eaf00000, 0x0000000100000000)
  eden space 1536K, 100% used [0x00000000eab00000,0x00000000eac80000,0x00000000eac80000)
  from space 1024K, 87% used [0x00000000eae00000,0x00000000eaee0000,0x00000000eaf00000)
  to   space 1024K, 0% used [0x00000000ead00000,0x00000000ead00000,0x00000000eae00000)
 ParOldGen       total 142848K, used 125121K [0x00000000c0000000, 0x00000000c8b80000, 0x00000000eab00000)
  object space 142848K, 87% used [0x00000000c0000000,0x00000000c7a30510,0x00000000c8b80000)
 Metaspace       used 64431K, committed 65536K, reserved 1114112K
  class space    used 6734K, committed 7168K, reserved 1048576K
}
Event: 9.258 GC heap after
{Heap after GC invocations=80 (full 5):
 PSYoungGen      total 2560K, used 706K [0x00000000eab00000, 0x00000000eae80000, 0x0000000100000000)
  eden space 1536K, 0% used [0x00000000eab00000,0x00000000eab00000,0x00000000eac80000)
  from space 1024K, 69% used [0x00000000ead00000,0x00000000eadb0be0,0x00000000eae00000)
  to   space 512K, 0% used [0x00000000eae00000,0x00000000eae00000,0x00000000eae80000)
 ParOldGen       total 142848K, used 125581K [0x00000000c0000000, 0x00000000c8b80000, 0x00000000eab00000)
  object space 142848K, 87% used [0x00000000c0000000,0x00000000c7aa35d0,0x00000000c8b80000)
 Metaspace       used 64431K, committed 65536K, reserved 1114112K
  class space    used 6734K, committed 7168K, reserved 1048576K
}
Event: 9.276 GC heap before
{Heap before GC invocations=81 (full 5):
 PSYoungGen      total 2560K, used 2242K [0x00000000eab00000, 0x00000000eae80000, 0x0000000100000000)
  eden space 1536K, 100% used [0x00000000eab00000,0x00000000eac80000,0x00000000eac80000)
  from space 1024K, 69% used [0x00000000ead00000,0x00000000eadb0be0,0x00000000eae00000)
  to   space 512K, 0% used [0x00000000eae00000,0x00000000eae00000,0x00000000eae80000)
 ParOldGen       total 142848K, used 125581K [0x00000000c0000000, 0x00000000c8b80000, 0x00000000eab00000)
  object space 142848K, 87% used [0x00000000c0000000,0x00000000c7aa35d0,0x00000000c8b80000)
 Metaspace       used 64431K, committed 65536K, reserved 1114112K
  class space    used 6734K, committed 7168K, reserved 1048576K
}
Event: 9.277 GC heap after
{Heap after GC invocations=81 (full 5):
 PSYoungGen      total 2048K, used 448K [0x00000000eab00000, 0x00000000eae80000, 0x0000000100000000)
  eden space 1536K, 0% used [0x00000000eab00000,0x00000000eab00000,0x00000000eac80000)
  from space 512K, 87% used [0x00000000eae00000,0x00000000eae70000,0x00000000eae80000)
  to   space 1024K, 0% used [0x00000000eac80000,0x00000000eac80000,0x00000000ead80000)
 ParOldGen       total 142848K, used 126126K [0x00000000c0000000, 0x00000000c8b80000, 0x00000000eab00000)
  object space 142848K, 88% used [0x00000000c0000000,0x00000000c7b2b838,0x00000000c8b80000)
 Metaspace       used 64431K, committed 65536K, reserved 1114112K
  class space    used 6734K, committed 7168K, reserved 1048576K
}
Event: 9.296 GC heap before
{Heap before GC invocations=82 (full 5):
 PSYoungGen      total 2048K, used 1984K [0x00000000eab00000, 0x00000000eae80000, 0x0000000100000000)
  eden space 1536K, 100% used [0x00000000eab00000,0x00000000eac80000,0x00000000eac80000)
  from space 512K, 87% used [0x00000000eae00000,0x00000000eae70000,0x00000000eae80000)
  to   space 1024K, 0% used [0x00000000eac80000,0x00000000eac80000,0x00000000ead80000)
 ParOldGen       total 142848K, used 126126K [0x00000000c0000000, 0x00000000c8b80000, 0x00000000eab00000)
  object space 142848K, 88% used [0x00000000c0000000,0x00000000c7b2b838,0x00000000c8b80000)
 Metaspace       used 64431K, committed 65536K, reserved 1114112K
  class space    used 6734K, committed 7168K, reserved 1048576K
}
Event: 9.298 GC heap after
{Heap after GC invocations=82 (full 5):
 PSYoungGen      total 2560K, used 423K [0x00000000eab00000, 0x00000000eae80000, 0x0000000100000000)
  eden space 1536K, 0% used [0x00000000eab00000,0x00000000eab00000,0x00000000eac80000)
  from space 1024K, 41% used [0x00000000eac80000,0x00000000eace9e88,0x00000000ead80000)
  to   space 512K, 0% used [0x00000000eae00000,0x00000000eae00000,0x00000000eae80000)
 ParOldGen       total 142848K, used 126357K [0x00000000c0000000, 0x00000000c8b80000, 0x00000000eab00000)
  object space 142848K, 88% used [0x00000000c0000000,0x00000000c7b656b0,0x00000000c8b80000)
 Metaspace       used 64431K, committed 65536K, reserved 1114112K
  class space    used 6734K, committed 7168K, reserved 1048576K
}
Event: 9.323 GC heap before
{Heap before GC invocations=83 (full 5):
 PSYoungGen      total 2560K, used 1956K [0x00000000eab00000, 0x00000000eae80000, 0x0000000100000000)
  eden space 1536K, 99% used [0x00000000eab00000,0x00000000eac7f368,0x00000000eac80000)
  from space 1024K, 41% used [0x00000000eac80000,0x00000000eace9e88,0x00000000ead80000)
  to   space 512K, 0% used [0x00000000eae00000,0x00000000eae00000,0x00000000eae80000)
 ParOldGen       total 142848K, used 126357K [0x00000000c0000000, 0x00000000c8b80000, 0x00000000eab00000)
  object space 142848K, 88% used [0x00000000c0000000,0x00000000c7b656b0,0x00000000c8b80000)
 Metaspace       used 64431K, committed 65536K, reserved 1114112K
  class space    used 6734K, committed 7168K, reserved 1048576K
}
Event: 9.324 GC heap after
{Heap after GC invocations=83 (full 5):
 PSYoungGen      total 2048K, used 352K [0x00000000eab00000, 0x00000000eae80000, 0x0000000100000000)
  eden space 1536K, 0% used [0x00000000eab00000,0x00000000eab00000,0x00000000eac80000)
  from space 512K, 68% used [0x00000000eae00000,0x00000000eae58000,0x00000000eae80000)
  to   space 512K, 0% used [0x00000000ead80000,0x00000000ead80000,0x00000000eae00000)
 ParOldGen       total 142848K, used 126642K [0x00000000c0000000, 0x00000000c8b80000, 0x00000000eab00000)
  object space 142848K, 88% used [0x00000000c0000000,0x00000000c7bac8c0,0x00000000c8b80000)
 Metaspace       used 64431K, committed 65536K, reserved 1114112K
  class space    used 6734K, committed 7168K, reserved 1048576K
}
Event: 9.353 GC heap before
{Heap before GC invocations=84 (full 5):
 PSYoungGen      total 2048K, used 1888K [0x00000000eab00000, 0x00000000eae80000, 0x0000000100000000)
  eden space 1536K, 100% used [0x00000000eab00000,0x00000000eac80000,0x00000000eac80000)
  from space 512K, 68% used [0x00000000eae00000,0x00000000eae58000,0x00000000eae80000)
  to   space 512K, 0% used [0x00000000ead80000,0x00000000ead80000,0x00000000eae00000)
 ParOldGen       total 142848K, used 126642K [0x00000000c0000000, 0x00000000c8b80000, 0x00000000eab00000)
  object space 142848K, 88% used [0x00000000c0000000,0x00000000c7bac8c0,0x00000000c8b80000)
 Metaspace       used 64516K, committed 65600K, reserved 1114112K
  class space    used 6743K, committed 7168K, reserved 1048576K
}
Event: 9.367 GC heap after
{Heap after GC invocations=84 (full 5):
 PSYoungGen      total 2048K, used 457K [0x00000000eab00000, 0x00000000eae80000, 0x0000000100000000)
  eden space 1536K, 0% used [0x00000000eab00000,0x00000000eab00000,0x00000000eac80000)
  from space 512K, 89% used [0x00000000ead80000,0x00000000eadf27a0,0x00000000eae00000)
  to   space 512K, 0% used [0x00000000eae00000,0x00000000eae00000,0x00000000eae80000)
 ParOldGen       total 142848K, used 126862K [0x00000000c0000000, 0x00000000c8b80000, 0x00000000eab00000)
  object space 142848K, 88% used [0x00000000c0000000,0x00000000c7be3868,0x00000000c8b80000)
 Metaspace       used 64516K, committed 65600K, reserved 1114112K
  class space    used 6743K, committed 7168K, reserved 1048576K
}
Event: 9.380 GC heap before
{Heap before GC invocations=85 (full 5):
 PSYoungGen      total 2048K, used 1993K [0x00000000eab00000, 0x00000000eae80000, 0x0000000100000000)
  eden space 1536K, 100% used [0x00000000eab00000,0x00000000eac80000,0x00000000eac80000)
  from space 512K, 89% used [0x00000000ead80000,0x00000000eadf27a0,0x00000000eae00000)
  to   space 512K, 0% used [0x00000000eae00000,0x00000000eae00000,0x00000000eae80000)
 ParOldGen       total 142848K, used 126862K [0x00000000c0000000, 0x00000000c8b80000, 0x00000000eab00000)
  object space 142848K, 88% used [0x00000000c0000000,0x00000000c7be3868,0x00000000c8b80000)
 Metaspace       used 64575K, committed 65664K, reserved 1114112K
  class space    used 6753K, committed 7168K, reserved 1048576K
}
Event: 9.382 GC heap after
{Heap after GC invocations=85 (full 5):
 PSYoungGen      total 2048K, used 448K [0x00000000eab00000, 0x00000000eae80000, 0x0000000100000000)
  eden space 1536K, 0% used [0x00000000eab00000,0x00000000eab00000,0x00000000eac80000)
  from space 512K, 87% used [0x00000000eae00000,0x00000000eae70000,0x00000000eae80000)
  to   space 512K, 0% used [0x00000000ead80000,0x00000000ead80000,0x00000000eae00000)
 ParOldGen       total 142848K, used 127125K [0x00000000c0000000, 0x00000000c8b80000, 0x00000000eab00000)
  object space 142848K, 88% used [0x00000000c0000000,0x00000000c7c25418,0x00000000c8b80000)
 Metaspace       used 64575K, committed 65664K, reserved 1114112K
  class space    used 6753K, committed 7168K, reserved 1048576K
}
Event: 9.397 GC heap before
{Heap before GC invocations=86 (full 5):
 PSYoungGen      total 2048K, used 1984K [0x00000000eab00000, 0x00000000eae80000, 0x0000000100000000)
  eden space 1536K, 100% used [0x00000000eab00000,0x00000000eac80000,0x00000000eac80000)
  from space 512K, 87% used [0x00000000eae00000,0x00000000eae70000,0x00000000eae80000)
  to   space 512K, 0% used [0x00000000ead80000,0x00000000ead80000,0x00000000eae00000)
 ParOldGen       total 142848K, used 127125K [0x00000000c0000000, 0x00000000c8b80000, 0x00000000eab00000)
  object space 142848K, 88% used [0x00000000c0000000,0x00000000c7c25418,0x00000000c8b80000)
 Metaspace       used 64637K, committed 65728K, reserved 1114112K
  class space    used 6768K, committed 7168K, reserved 1048576K
}
Event: 9.399 GC heap after
{Heap after GC invocations=86 (full 5):
 PSYoungGen      total 2048K, used 306K [0x00000000eab00000, 0x00000000eae80000, 0x0000000100000000)
  eden space 1536K, 0% used [0x00000000eab00000,0x00000000eab00000,0x00000000eac80000)
  from space 512K, 59% used [0x00000000ead80000,0x00000000eadcc9e0,0x00000000eae00000)
  to   space 512K, 0% used [0x00000000eae00000,0x00000000eae00000,0x00000000eae80000)
 ParOldGen       total 142848K, used 127400K [0x00000000c0000000, 0x00000000c8b80000, 0x00000000eab00000)
  object space 142848K, 89% used [0x00000000c0000000,0x00000000c7c6a050,0x00000000c8b80000)
 Metaspace       used 64637K, committed 65728K, reserved 1114112K
  class space    used 6768K, committed 7168K, reserved 1048576K
}
Event: 9.411 GC heap before
{Heap before GC invocations=87 (full 5):
 PSYoungGen      total 2048K, used 1842K [0x00000000eab00000, 0x00000000eae80000, 0x0000000100000000)
  eden space 1536K, 100% used [0x00000000eab00000,0x00000000eac80000,0x00000000eac80000)
  from space 512K, 59% used [0x00000000ead80000,0x00000000eadcc9e0,0x00000000eae00000)
  to   space 512K, 0% used [0x00000000eae00000,0x00000000eae00000,0x00000000eae80000)
 ParOldGen       total 142848K, used 127400K [0x00000000c0000000, 0x00000000c8b80000, 0x00000000eab00000)
  object space 142848K, 89% used [0x00000000c0000000,0x00000000c7c6a050,0x00000000c8b80000)
 Metaspace       used 64693K, committed 65792K, reserved 1114112K
  class space    used 6778K, committed 7168K, reserved 1048576K
}
Event: 9.414 GC heap after
{Heap after GC invocations=87 (full 5):
 PSYoungGen      total 2048K, used 416K [0x00000000eab00000, 0x00000000eae80000, 0x0000000100000000)
  eden space 1536K, 0% used [0x00000000eab00000,0x00000000eab00000,0x00000000eac80000)
  from space 512K, 81% used [0x00000000eae00000,0x00000000eae68000,0x00000000eae80000)
  to   space 512K, 0% used [0x00000000ead80000,0x00000000ead80000,0x00000000eae00000)
 ParOldGen       total 142848K, used 127641K [0x00000000c0000000, 0x00000000c8b80000, 0x00000000eab00000)
  object space 142848K, 89% used [0x00000000c0000000,0x00000000c7ca6510,0x00000000c8b80000)
 Metaspace       used 64693K, committed 65792K, reserved 1114112K
  class space    used 6778K, committed 7168K, reserved 1048576K
}

Dll operation events (10 events):
Event: 0.018 Loaded shared library c:\Users\yenho\.vscode\extensions\redhat.java-1.38.0-win32-x64\jre\17.0.13-win32-x86_64\bin\java.dll
Event: 0.249 Loaded shared library c:\Users\yenho\.vscode\extensions\redhat.java-1.38.0-win32-x64\jre\17.0.13-win32-x86_64\bin\zip.dll
Event: 0.253 Loaded shared library C:\Users\yenho\.vscode\extensions\redhat.java-1.38.0-win32-x64\jre\17.0.13-win32-x86_64\bin\instrument.dll
Event: 0.281 Loaded shared library C:\Users\yenho\.vscode\extensions\redhat.java-1.38.0-win32-x64\jre\17.0.13-win32-x86_64\bin\net.dll
Event: 0.284 Loaded shared library C:\Users\yenho\.vscode\extensions\redhat.java-1.38.0-win32-x64\jre\17.0.13-win32-x86_64\bin\nio.dll
Event: 0.292 Loaded shared library C:\Users\yenho\.vscode\extensions\redhat.java-1.38.0-win32-x64\jre\17.0.13-win32-x86_64\bin\zip.dll
Event: 0.319 Loaded shared library C:\Users\yenho\.vscode\extensions\redhat.java-1.38.0-win32-x64\jre\17.0.13-win32-x86_64\bin\jimage.dll
Event: 0.398 Loaded shared library c:\Users\yenho\.vscode\extensions\redhat.java-1.38.0-win32-x64\jre\17.0.13-win32-x86_64\bin\verify.dll
Event: 1.662 Loaded shared library C:\Users\yenho\AppData\Roaming\Code\User\globalStorage\redhat.java\1.38.0\config_win\org.eclipse.equinox.launcher\org.eclipse.equinox.launcher.win32.win32.x86_64_1.2.1100.v20240722-2106\eclipse_11904.dll
Event: 3.369 Loaded shared library C:\Users\yenho\AppData\Local\Temp\jna-114863977\jna16435461354275435734.dll

Deoptimization events (20 events):
Event: 9.177 Thread 0x000002a748c5e780 DEOPT PACKING pc=0x000002a730afc1bb sp=0x000000d6c87fe3a0
Event: 9.177 Thread 0x000002a748c5e780 DEOPT UNPACKING pc=0x000002a737506e43 sp=0x000000d6c87fd908 mode 0
Event: 9.220 Thread 0x000002a748c5e780 DEOPT PACKING pc=0x000002a730afc13b sp=0x000000d6c87fe3a0
Event: 9.220 Thread 0x000002a748c5e780 DEOPT UNPACKING pc=0x000002a737506e43 sp=0x000000d6c87fd908 mode 0
Event: 9.249 Thread 0x000002a748c5e780 DEOPT PACKING pc=0x000002a730afc1bb sp=0x000000d6c87fe3a0
Event: 9.249 Thread 0x000002a748c5e780 DEOPT UNPACKING pc=0x000002a737506e43 sp=0x000000d6c87fd908 mode 0
Event: 9.271 Thread 0x000002a748c5e780 DEOPT PACKING pc=0x000002a730afc1bb sp=0x000000d6c87fe3a0
Event: 9.271 Thread 0x000002a748c5e780 DEOPT UNPACKING pc=0x000002a737506e43 sp=0x000000d6c87fd908 mode 0
Event: 9.302 Thread 0x000002a748c5e780 DEOPT PACKING pc=0x000002a730afc13b sp=0x000000d6c87fe3a0
Event: 9.302 Thread 0x000002a748c5e780 DEOPT UNPACKING pc=0x000002a737506e43 sp=0x000000d6c87fd908 mode 0
Event: 9.339 Thread 0x000002a748c5e780 DEOPT PACKING pc=0x000002a730afc1bb sp=0x000000d6c87fe3a0
Event: 9.339 Thread 0x000002a748c5e780 DEOPT UNPACKING pc=0x000002a737506e43 sp=0x000000d6c87fd908 mode 0
Event: 9.372 Thread 0x000002a749cc9540 DEOPT PACKING pc=0x000002a7308f5b8d sp=0x000000d6c99f9b40
Event: 9.372 Thread 0x000002a749cc9540 DEOPT UNPACKING pc=0x000002a737506e43 sp=0x000000d6c99f9048 mode 0
Event: 9.378 Thread 0x000002a748c5e780 DEOPT PACKING pc=0x000002a730afc360 sp=0x000000d6c87fe3a0
Event: 9.378 Thread 0x000002a748c5e780 DEOPT UNPACKING pc=0x000002a737506e43 sp=0x000000d6c87fd908 mode 0
Event: 9.406 Thread 0x000002a748c5e780 DEOPT PACKING pc=0x000002a730afc360 sp=0x000000d6c87fe3a0
Event: 9.406 Thread 0x000002a748c5e780 DEOPT UNPACKING pc=0x000002a737506e43 sp=0x000000d6c87fd908 mode 0
Event: 9.434 Thread 0x000002a749cc9540 DEOPT PACKING pc=0x000002a7308f5b8d sp=0x000000d6c99f8990
Event: 9.434 Thread 0x000002a749cc9540 DEOPT UNPACKING pc=0x000002a737506e43 sp=0x000000d6c99f7e98 mode 0

Classes loaded (20 events):
Event: 8.873 Loading class java/util/concurrent/CompletionException
Event: 8.874 Loading class java/util/concurrent/CompletionException done
Event: 8.878 Loading class java/lang/Class$EnclosingMethodInfo
Event: 8.878 Loading class java/lang/Class$EnclosingMethodInfo done
Event: 8.896 Loading class java/nio/file/FileTreeWalker$1
Event: 8.896 Loading class java/nio/file/FileTreeWalker$1 done
Event: 8.897 Loading class sun/nio/fs/Globs
Event: 8.897 Loading class sun/nio/fs/Globs done
Event: 8.898 Loading class java/util/regex/Pattern$SliceU
Event: 8.898 Loading class java/util/regex/Pattern$SliceU done
Event: 8.898 Loading class sun/nio/fs/WindowsFileSystem$2
Event: 8.898 Loading class java/nio/file/PathMatcher
Event: 8.898 Loading class java/nio/file/PathMatcher done
Event: 8.898 Loading class sun/nio/fs/WindowsFileSystem$2 done
Event: 9.337 Loading class java/nio/file/FileChannelLinesSpliterator
Event: 9.337 Loading class java/nio/file/FileChannelLinesSpliterator done
Event: 9.338 Loading class java/util/stream/Streams$1
Event: 9.338 Loading class java/util/stream/Streams$1 done
Event: 9.339 Loading class java/nio/file/FileChannelLinesSpliterator$1
Event: 9.339 Loading class java/nio/file/FileChannelLinesSpliterator$1 done

Classes unloaded (9 events):
Event: 4.432 Thread 0x000002a72d3798b0 Unloading class 0x0000000100254000 'java/lang/invoke/LambdaForm$MH+0x0000000100254000'
Event: 4.432 Thread 0x000002a72d3798b0 Unloading class 0x0000000100253c00 'java/lang/invoke/LambdaForm$MH+0x0000000100253c00'
Event: 4.432 Thread 0x000002a72d3798b0 Unloading class 0x0000000100253800 'java/lang/invoke/LambdaForm$MH+0x0000000100253800'
Event: 4.432 Thread 0x000002a72d3798b0 Unloading class 0x0000000100253400 'java/lang/invoke/LambdaForm$MH+0x0000000100253400'
Event: 4.432 Thread 0x000002a72d3798b0 Unloading class 0x0000000100253000 'java/lang/invoke/LambdaForm$BMH+0x0000000100253000'
Event: 4.432 Thread 0x000002a72d3798b0 Unloading class 0x0000000100252c00 'java/lang/invoke/LambdaForm$DMH+0x0000000100252c00'
Event: 4.432 Thread 0x000002a72d3798b0 Unloading class 0x0000000100250400 'java/lang/invoke/LambdaForm$DMH+0x0000000100250400'
Event: 6.689 Thread 0x000002a72d3798b0 Unloading class 0x0000000100489000 'java/lang/invoke/LambdaForm$MH+0x0000000100489000'
Event: 6.689 Thread 0x000002a72d3798b0 Unloading class 0x0000000100483c00 'java/lang/invoke/LambdaForm$MH+0x0000000100483c00'

Classes redefined (0 events):
No events

Internal exceptions (20 events):
Event: 9.320 Thread 0x000002a749cc9540 Exception <a 'sun/nio/fs/WindowsException'{0x00000000eac480d0}> (0x00000000eac480d0) 
thrown [s\src\hotspot\share\prims\jni.cpp, line 516]
Event: 9.320 Thread 0x000002a749cc9540 Exception <a 'sun/nio/fs/WindowsException'{0x00000000eac522e0}> (0x00000000eac522e0) 
thrown [s\src\hotspot\share\prims\jni.cpp, line 516]
Event: 9.320 Thread 0x000002a749cc9540 Exception <a 'sun/nio/fs/WindowsException'{0x00000000eac52968}> (0x00000000eac52968) 
thrown [s\src\hotspot\share\prims\jni.cpp, line 516]
Event: 9.320 Thread 0x000002a749cc9540 Exception <a 'sun/nio/fs/WindowsException'{0x00000000eac53008}> (0x00000000eac53008) 
thrown [s\src\hotspot\share\prims\jni.cpp, line 516]
Event: 9.321 Thread 0x000002a749cc9540 Exception <a 'sun/nio/fs/WindowsException'{0x00000000eac61698}> (0x00000000eac61698) 
thrown [s\src\hotspot\share\prims\jni.cpp, line 516]
Event: 9.321 Thread 0x000002a749cc9540 Exception <a 'sun/nio/fs/WindowsException'{0x00000000eac61cd0}> (0x00000000eac61cd0) 
thrown [s\src\hotspot\share\prims\jni.cpp, line 516]
Event: 9.322 Thread 0x000002a749cc9540 Exception <a 'sun/nio/fs/WindowsException'{0x00000000eac62308}> (0x00000000eac62308) 
thrown [s\src\hotspot\share\prims\jni.cpp, line 516]
Event: 9.322 Thread 0x000002a749cc9540 Exception <a 'sun/nio/fs/WindowsException'{0x00000000eac62960}> (0x00000000eac62960) 
thrown [s\src\hotspot\share\prims\jni.cpp, line 516]
Event: 9.323 Thread 0x000002a749cc9540 Exception <a 'sun/nio/fs/WindowsException'{0x00000000eac72328}> (0x00000000eac72328) 
thrown [s\src\hotspot\share\prims\jni.cpp, line 516]
Event: 9.325 Thread 0x000002a749cc9540 Exception <a 'sun/nio/fs/WindowsException'{0x00000000eab00d28}> (0x00000000eab00d28) 
thrown [s\src\hotspot\share\prims\jni.cpp, line 516]
Event: 9.325 Thread 0x000002a749cc9540 Exception <a 'sun/nio/fs/WindowsException'{0x00000000eab01380}> (0x00000000eab01380) 
thrown [s\src\hotspot\share\prims\jni.cpp, line 516]
Event: 9.325 Thread 0x000002a749cc9540 Exception <a 'sun/nio/fs/WindowsException'{0x00000000eab019f0}> (0x00000000eab019f0) 
thrown [s\src\hotspot\share\prims\jni.cpp, line 516]
Event: 9.326 Thread 0x000002a749cc9540 Exception <a 'sun/nio/fs/WindowsException'{0x00000000eab06478}> (0x00000000eab06478) 
thrown [s\src\hotspot\share\prims\jni.cpp, line 516]
Event: 9.326 Thread 0x000002a749cc9540 Exception <a 'sun/nio/fs/WindowsException'{0x00000000eab06d20}> (0x00000000eab06d20) 
thrown [s\src\hotspot\share\prims\jni.cpp, line 516]
Event: 9.326 Thread 0x000002a749cc9540 Exception <a 'sun/nio/fs/WindowsException'{0x00000000eab07358}> (0x00000000eab07358) 
thrown [s\src\hotspot\share\prims\jni.cpp, line 516]
Event: 9.326 Thread 0x000002a749cc9540 Exception <a 'sun/nio/fs/WindowsException'{0x00000000eab079b0}> (0x00000000eab079b0) 
thrown [s\src\hotspot\share\prims\jni.cpp, line 516]
Event: 9.329 Thread 0x000002a749cc9540 Exception <a 'sun/nio/fs/WindowsException'{0x00000000eab0cf38}> (0x00000000eab0cf38) 
thrown [s\src\hotspot\share\prims\jni.cpp, line 516]
Event: 9.329 Thread 0x000002a749cc9540 Exception <a 'sun/nio/fs/WindowsException'{0x00000000eab0d570}> (0x00000000eab0d570) 
thrown [s\src\hotspot\share\prims\jni.cpp, line 516]
Event: 9.329 Thread 0x000002a749cc9540 Exception <a 'sun/nio/fs/WindowsException'{0x00000000eab0dba8}> (0x00000000eab0dba8) 
thrown [s\src\hotspot\share\prims\jni.cpp, line 516]
Event: 9.329 Thread 0x000002a749cc9540 Exception <a 'sun/nio/fs/WindowsException'{0x00000000eab0e200}> (0x00000000eab0e200) 
thrown [s\src\hotspot\share\prims\jni.cpp, line 516]

VM Operations (20 events):
Event: 9.226 Executing VM operation: ParallelGCFailedAllocation
Event: 9.228 Executing VM operation: ParallelGCFailedAllocation done
Event: 9.239 Executing VM operation: ParallelGCFailedAllocation
Event: 9.241 Executing VM operation: ParallelGCFailedAllocation done
Event: 9.257 Executing VM operation: ParallelGCFailedAllocation
Event: 9.258 Executing VM operation: ParallelGCFailedAllocation done
Event: 9.275 Executing VM operation: ParallelGCFailedAllocation
Event: 9.277 Executing VM operation: ParallelGCFailedAllocation done
Event: 9.296 Executing VM operation: ParallelGCFailedAllocation
Event: 9.298 Executing VM operation: ParallelGCFailedAllocation done
Event: 9.323 Executing VM operation: ParallelGCFailedAllocation
Event: 9.324 Executing VM operation: ParallelGCFailedAllocation done
Event: 9.353 Executing VM operation: ParallelGCFailedAllocation
Event: 9.367 Executing VM operation: ParallelGCFailedAllocation done
Event: 9.380 Executing VM operation: ParallelGCFailedAllocation
Event: 9.382 Executing VM operation: ParallelGCFailedAllocation done
Event: 9.397 Executing VM operation: ParallelGCFailedAllocation
Event: 9.399 Executing VM operation: ParallelGCFailedAllocation done
Event: 9.411 Executing VM operation: ParallelGCFailedAllocation
Event: 9.414 Executing VM operation: ParallelGCFailedAllocation done

Memory protections (0 events):
No events

Nmethod flushes (20 events):
Event: 5.776 Thread 0x000002a74632f480 flushing  nmethod 0x000002a730ad1010
Event: 5.776 Thread 0x000002a74632f480 flushing  nmethod 0x000002a730aec210
Event: 5.776 Thread 0x000002a74632f480 flushing  nmethod 0x000002a730affa90
Event: 5.776 Thread 0x000002a74632f480 flushing  nmethod 0x000002a730b04390
Event: 5.776 Thread 0x000002a74632f480 flushing  nmethod 0x000002a730b1ab90
Event: 5.776 Thread 0x000002a74632f480 flushing  nmethod 0x000002a730b1d990
Event: 5.776 Thread 0x000002a74632f480 flushing  nmethod 0x000002a730b2ec10
Event: 5.776 Thread 0x000002a74632f480 flushing  nmethod 0x000002a730b2f810
Event: 5.777 Thread 0x000002a74632f480 flushing  nmethod 0x000002a730b6d190
Event: 5.777 Thread 0x000002a74632f480 flushing  nmethod 0x000002a730b6d810
Event: 5.777 Thread 0x000002a74632f480 flushing  nmethod 0x000002a730b6dc10
Event: 7.484 Thread 0x000002a74632f480 flushing  nmethod 0x000002a73053e190
Event: 7.486 Thread 0x000002a74632f480 flushing  nmethod 0x000002a7307cb990
Event: 7.488 Thread 0x000002a74632f480 flushing  nmethod 0x000002a730a79b90
Event: 7.488 Thread 0x000002a74632f480 flushing  nmethod 0x000002a730a87c90
Event: 7.489 Thread 0x000002a74632f480 flushing  nmethod 0x000002a730aac210
Event: 7.489 Thread 0x000002a74632f480 flushing  nmethod 0x000002a730acf110
Event: 7.489 Thread 0x000002a74632f480 flushing  nmethod 0x000002a730b05d10
Event: 7.489 Thread 0x000002a74632f480 flushing  nmethod 0x000002a730b15890
Event: 7.489 Thread 0x000002a74632f480 flushing  nmethod 0x000002a730b80990

Events (20 events):
Event: 5.930 Thread 0x000002a749cd09b0 Thread added: 0x000002a749cfc980
Event: 5.930 Thread 0x000002a749cd09b0 Thread added: 0x000002a749cf87b0
Event: 5.930 Thread 0x000002a749cd09b0 Thread added: 0x000002a749cf96e0
Event: 5.930 Thread 0x000002a749cd09b0 Thread added: 0x000002a749cfc470
Event: 5.930 Thread 0x000002a749cd09b0 Thread added: 0x000002a749cfb540
Event: 5.931 Thread 0x000002a749cd09b0 Thread added: 0x000002a749cf9bf0
Event: 5.931 Thread 0x000002a749cd09b0 Thread added: 0x000002a749cf91d0
Event: 7.253 Thread 0x000002a749cd09b0 Thread added: 0x000002a749cf7880
Event: 7.315 Thread 0x000002a749cd09b0 Thread added: 0x000002a749cfa100
Event: 7.319 Thread 0x000002a749cd09b0 Thread added: 0x000002a749cfa610
Event: 7.325 Thread 0x000002a749cd09b0 Thread added: 0x000002a749cfab20
Event: 7.328 Thread 0x000002a749cd09b0 Thread added: 0x000002a749cf82a0
Event: 7.345 Thread 0x000002a749cd09b0 Thread added: 0x000002a749cf8cc0
Event: 7.350 Thread 0x000002a749cd09b0 Thread added: 0x000002a749cfb030
Event: 7.350 Thread 0x000002a749cd09b0 Thread added: 0x000002a749cfba50
Event: 7.350 Thread 0x000002a749cd09b0 Thread added: 0x000002a749cfbf60
Event: 7.365 Thread 0x000002a749cd09b0 Thread added: 0x000002a749cfce90
Event: 7.369 Thread 0x000002a749cd09b0 Thread added: 0x000002a749cfd3a0
Event: 8.918 Thread 0x000002a748c5b4e0 Thread exited: 0x000002a748c5b4e0
Event: 9.430 Thread 0x000002a749cc9540 Thread added: 0x000002a749cfddc0


Dynamic libraries:
0x00007ff7505a0000 - 0x00007ff7505ae000 	c:\Users\yenho\.vscode\extensions\redhat.java-1.38.0-win32-x64\jre\17.0.13-win32-x86_64\bin\java.exe
0x00007ffca76b0000 - 0x00007ffca78c7000 	C:\Windows\SYSTEM32\ntdll.dll
0x00007ffca6cb0000 - 0x00007ffca6d74000 	C:\Windows\System32\KERNEL32.DLL
0x00007ffca4ff0000 - 0x00007ffca53aa000 	C:\Windows\System32\KERNELBASE.dll
0x00007ffca4bc0000 - 0x00007ffca4cd1000 	C:\Windows\System32\ucrtbase.dll
0x00007ffca0300000 - 0x00007ffca0317000 	c:\Users\yenho\.vscode\extensions\redhat.java-1.38.0-win32-x64\jre\17.0.13-win32-x86_64\bin\jli.dll
0x00007ffca5a90000 - 0x00007ffca5c3e000 	C:\Windows\System32\USER32.dll
0x00007ffca4980000 - 0x00007ffca49a6000 	C:\Windows\System32\win32u.dll
0x00007ffca63f0000 - 0x00007ffca6419000 	C:\Windows\System32\GDI32.dll
0x00007ffca4e10000 - 0x00007ffca4f2b000 	C:\Windows\System32\gdi32full.dll
0x00007ffca49b0000 - 0x00007ffca4a4a000 	C:\Windows\System32\msvcp_win.dll
0x00007ffca02e0000 - 0x00007ffca02fe000 	c:\Users\yenho\.vscode\extensions\redhat.java-1.38.0-win32-x64\jre\17.0.13-win32-x86_64\bin\VCRUNTIME140.dll
0x00007ffc91a90000 - 0x00007ffc91d22000 	C:\Windows\WinSxS\amd64_microsoft.windows.common-controls_6595b64144ccf1df_6.0.22621.4541_none_2710d1c57384c085\COMCTL32.dll
0x00007ffca73f0000 - 0x00007ffca7497000 	C:\Windows\System32\msvcrt.dll
0x00007ffca5c40000 - 0x00007ffca5c71000 	C:\Windows\System32\IMM32.DLL
0x00007ffca02d0000 - 0x00007ffca02dc000 	c:\Users\yenho\.vscode\extensions\redhat.java-1.38.0-win32-x64\jre\17.0.13-win32-x86_64\bin\vcruntime140_1.dll
0x00007ffc56950000 - 0x00007ffc569dd000 	c:\Users\yenho\.vscode\extensions\redhat.java-1.38.0-win32-x64\jre\17.0.13-win32-x86_64\bin\msvcp140.dll
0x00007ffc35460000 - 0x00007ffc360cb000 	c:\Users\yenho\.vscode\extensions\redhat.java-1.38.0-win32-x64\jre\17.0.13-win32-x86_64\bin\server\jvm.dll
0x00007ffca70f0000 - 0x00007ffca71a2000 	C:\Windows\System32\ADVAPI32.dll
0x00007ffca6120000 - 0x00007ffca61c7000 	C:\Windows\System32\sechost.dll
0x00007ffca4d60000 - 0x00007ffca4d88000 	C:\Windows\System32\bcrypt.dll
0x00007ffca5960000 - 0x00007ffca5a74000 	C:\Windows\System32\RPCRT4.dll
0x00007ffca6e40000 - 0x00007ffca6eb1000 	C:\Windows\System32\WS2_32.dll
0x00007ffca37d0000 - 0x00007ffca381d000 	C:\Windows\SYSTEM32\POWRPROF.dll
0x00007ffc9e9b0000 - 0x00007ffc9e9ba000 	C:\Windows\SYSTEM32\VERSION.dll
0x00007ffc9ee50000 - 0x00007ffc9ee84000 	C:\Windows\SYSTEM32\WINMM.dll
0x00007ffca37b0000 - 0x00007ffca37c3000 	C:\Windows\SYSTEM32\UMPDC.dll
0x00007ffca3a80000 - 0x00007ffca3a98000 	C:\Windows\SYSTEM32\kernel.appcore.dll
0x00007ffc9eef0000 - 0x00007ffc9eefa000 	c:\Users\yenho\.vscode\extensions\redhat.java-1.38.0-win32-x64\jre\17.0.13-win32-x86_64\bin\jimage.dll
0x00007ffc9dcd0000 - 0x00007ffc9df02000 	C:\Windows\SYSTEM32\DBGHELP.DLL
0x00007ffca5d10000 - 0x00007ffca609f000 	C:\Windows\System32\combase.dll
0x00007ffca71b0000 - 0x00007ffca7287000 	C:\Windows\System32\OLEAUT32.dll
0x00007ffc9aad0000 - 0x00007ffc9ab02000 	C:\Windows\SYSTEM32\dbgcore.DLL
0x00007ffca4d90000 - 0x00007ffca4e0b000 	C:\Windows\System32\bcryptPrimitives.dll
0x00007ffca02c0000 - 0x00007ffca02ce000 	c:\Users\yenho\.vscode\extensions\redhat.java-1.38.0-win32-x64\jre\17.0.13-win32-x86_64\bin\instrument.dll
0x00007ffc9eec0000 - 0x00007ffc9eee5000 	c:\Users\yenho\.vscode\extensions\redhat.java-1.38.0-win32-x64\jre\17.0.13-win32-x86_64\bin\java.dll
0x00007ffc98820000 - 0x00007ffc98838000 	c:\Users\yenho\.vscode\extensions\redhat.java-1.38.0-win32-x64\jre\17.0.13-win32-x86_64\bin\zip.dll
0x00007ffca6430000 - 0x00007ffca6ca8000 	C:\Windows\System32\SHELL32.dll
0x00007ffca2880000 - 0x00007ffca3188000 	C:\Windows\SYSTEM32\windows.storage.dll
0x00007ffca2740000 - 0x00007ffca287f000 	C:\Windows\SYSTEM32\wintypes.dll
0x00007ffca5860000 - 0x00007ffca595a000 	C:\Windows\System32\SHCORE.dll
0x00007ffca61d0000 - 0x00007ffca622e000 	C:\Windows\System32\shlwapi.dll
0x00007ffca48b0000 - 0x00007ffca48db000 	C:\Windows\SYSTEM32\profapi.dll
0x00007ffc94f30000 - 0x00007ffc94f49000 	C:\Users\yenho\.vscode\extensions\redhat.java-1.38.0-win32-x64\jre\17.0.13-win32-x86_64\bin\net.dll
0x00007ffca0800000 - 0x00007ffca0936000 	C:\Windows\SYSTEM32\WINHTTP.dll
0x00007ffca3f00000 - 0x00007ffca3f69000 	C:\Windows\system32\mswsock.dll
0x00007ffc94790000 - 0x00007ffc947a6000 	C:\Users\yenho\.vscode\extensions\redhat.java-1.38.0-win32-x64\jre\17.0.13-win32-x86_64\bin\nio.dll
0x00007ffc9efc0000 - 0x00007ffc9efd0000 	c:\Users\yenho\.vscode\extensions\redhat.java-1.38.0-win32-x64\jre\17.0.13-win32-x86_64\bin\verify.dll
0x00007ffc2c000000 - 0x00007ffc2c045000 	C:\Users\yenho\AppData\Roaming\Code\User\globalStorage\redhat.java\1.38.0\config_win\org.eclipse.equinox.launcher\org.eclipse.equinox.launcher.win32.win32.x86_64_1.2.1100.v20240722-2106\eclipse_11904.dll
0x00007ffca74a0000 - 0x00007ffca7645000 	C:\Windows\System32\ole32.dll
0x00007ffca4170000 - 0x00007ffca418b000 	C:\Windows\SYSTEM32\CRYPTSP.dll
0x00007ffca39d0000 - 0x00007ffca3a05000 	C:\Windows\system32\rsaenh.dll
0x00007ffca4000000 - 0x00007ffca4028000 	C:\Windows\SYSTEM32\USERENV.dll
0x00007ffca4160000 - 0x00007ffca416c000 	C:\Windows\SYSTEM32\CRYPTBASE.dll
0x00007ffca3460000 - 0x00007ffca348d000 	C:\Windows\SYSTEM32\IPHLPAPI.DLL
0x00007ffca6420000 - 0x00007ffca6429000 	C:\Windows\System32\NSI.dll
0x00007ffc9f3f0000 - 0x00007ffc9f409000 	C:\Windows\SYSTEM32\dhcpcsvc6.DLL
0x00007ffc9f3d0000 - 0x00007ffc9f3ef000 	C:\Windows\SYSTEM32\dhcpcsvc.DLL
0x00007ffca34d0000 - 0x00007ffca35d2000 	C:\Windows\SYSTEM32\DNSAPI.dll
0x00007ffc114d0000 - 0x00007ffc11519000 	C:\Users\yenho\AppData\Local\Temp\jna-114863977\jna16435461354275435734.dll
0x00007ffca5a80000 - 0x00007ffca5a88000 	C:\Windows\System32\PSAPI.DLL

dbghelp: loaded successfully - version: 4.0.5 - missing functions: none
symbol engine: initialized successfully - sym options: 0x614 - pdb path: .;c:\Users\yenho\.vscode\extensions\redhat.java-1.38.0-win32-x64\jre\17.0.13-win32-x86_64\bin;C:\Windows\SYSTEM32;C:\Windows\WinSxS\amd64_microsoft.windows.common-controls_6595b64144ccf1df_6.0.22621.4541_none_2710d1c57384c085;c:\Users\yenho\.vscode\extensions\redhat.java-1.38.0-win32-x64\jre\17.0.13-win32-x86_64\bin\server;C:\Users\yenho\AppData\Roaming\Code\User\globalStorage\redhat.java\1.38.0\config_win\org.eclipse.equinox.launcher\org.eclipse.equinox.launcher.win32.win32.x86_64_1.2.1100.v20240722-2106;C:\Users\yenho\AppData\Local\Temp\jna-114863977

VM Arguments:
jvm_args: --add-modules=ALL-SYSTEM --add-opens=java.base/java.util=ALL-UNNAMED --add-opens=java.base/java.lang=ALL-UNNAMED --add-opens=java.base/sun.nio.fs=ALL-UNNAMED -Declipse.application=org.eclipse.jdt.ls.core.id1 -Dosgi.bundles.defaultStartLevel=4 -Declipse.product=org.eclipse.jdt.ls.core.product -Djava.import.generatesMetadataFilesAtProjectRoot=false -DDetectVMInstallationsJob.disabled=true -Dfile.encoding=utf8 -XX:+UseParallelGC -XX:GCTimeRatio=4 -XX:AdaptiveSizePolicyWeight=90 -Dsun.zip.disableMemoryMapping=true -Xmx1G -Xms100m -Xlog:disable -javaagent:c:\Users\yenho\.vscode\extensions\redhat.java-1.38.0-win32-x64\lombok\lombok-1.18.34.jar -XX:+HeapDumpOnOutOfMemoryError -XX:HeapDumpPath=c:\Users\yenho\AppData\Roaming\Code\User\workspaceStorage\be8ad8b4014e26bb98f6d4fcdc527ed2\redhat.java -Daether.dependencyCollector.impl=bf 
java_command: c:\Users\yenho\.vscode\extensions\redhat.java-1.38.0-win32-x64\server\plugins\org.eclipse.equinox.launcher_1.6.900.v20240613-2009.jar -configuration c:\Users\yenho\AppData\Roaming\Code\User\globalStorage\redhat.java\1.38.0\config_win -data c:\Users\yenho\AppData\Roaming\Code\User\workspaceStorage\be8ad8b4014e26bb98f6d4fcdc527ed2\redhat.java\jdt_ws --pipe=\\.\pipe\lsp-f8a9294f7d366be51321023ab2fd095f-sock
java_class_path (initial): c:\Users\yenho\.vscode\extensions\redhat.java-1.38.0-win32-x64\server\plugins\org.eclipse.equinox.launcher_1.6.900.v20240613-2009.jar
Launcher Type: SUN_STANDARD

[Global flags]
    uintx AdaptiveSizePolicyWeight                 = 90                                        {product} {command line}
     intx CICompilerCount                          = 4                                         {product} {ergonomic}
    uintx GCTimeRatio                              = 4                                         {product} {command line}
     bool HeapDumpOnOutOfMemoryError               = true                                   {manageable} {command line}
    ccstr HeapDumpPath                             = c:\Users\yenho\AppData\Roaming\Code\User\workspaceStorage\be8ad8b4014e26bb98f6d4fcdc527ed2\redhat.java         {manageable} {command line}
   size_t InitialHeapSize                          = 104857600                                 {product} {command line}
   size_t MaxHeapSize                              = 1073741824                                {product} {command line}
   size_t MaxNewSize                               = 357564416                                 {product} {ergonomic}
   size_t MinHeapDeltaBytes                        = 524288                                    {product} {ergonomic}
   size_t MinHeapSize                              = 104857600                                 {product} {command line}
   size_t NewSize                                  = 34603008                                  {product} {ergonomic}
    uintx NonNMethodCodeHeapSize                   = 5839372                                {pd product} {ergonomic}
    uintx NonProfiledCodeHeapSize                  = 122909434                              {pd product} {ergonomic}
   size_t OldSize                                  = 70254592                                  {product} {ergonomic}
    uintx ProfiledCodeHeapSize                     = 122909434                              {pd product} {ergonomic}
    uintx ReservedCodeCacheSize                    = 251658240                              {pd product} {ergonomic}
     bool SegmentedCodeCache                       = true                                      {product} {ergonomic}
   size_t SoftMaxHeapSize                          = 1073741824                             {manageable} {ergonomic}
     bool UseCompressedClassPointers               = true                           {product lp64_product} {ergonomic}
     bool UseCompressedOops                        = true                           {product lp64_product} {ergonomic}
     bool UseLargePagesIndividualAllocation        = false                                  {pd product} {ergonomic}
     bool UseParallelGC                            = true                                      {product} {command line}

Logging:
Log output configuration:
 #0: stdout all=off uptime,level,tags
 #1: stderr all=off uptime,level,tags

Environment Variables:
JAVA_HOME=C:\Program Files\Java\jdk-17
PATH=C:\Program Files\Common Files\Oracle\Java\javapath;C:\Windows\system32;C:\Windows;C:\Windows\System32\Wbem;C:\Windows\System32\WindowsPowerShell\v1.0\;C:\Windows\System32\OpenSSH\;C:\Program Files (x86)\NVIDIA Corporation\PhysX\Common;C:\Program Files\NVIDIA Corporation\NVIDIA NvDLISR;C:\Windows\system32;C:\Windows;C:\Windows\System32\Wbem;C:\Windows\System32\WindowsPowerShell\v1.0\;C:\Windows\System32\OpenSSH\;C:\Program Files\dotnet\;C:\Program Files (x86)\Yarn\bin\;C:\Program Files\nodejs\;C:\Program Files\Java\jdk-17\bin;C:\Users\yenho\AppData\Local\Android\Sdk\platform-tools;C:\Program Files\Git\cmd;C:\Users\yenho\AppData\Local\Microsoft\WindowsApps;C:\Users\yenho\AppData\Local\Programs\Microsoft VS Code\bin;C:\Users\yenho\.dotnet\tools;C:\Users\yenho\AppData\Local\Yarn\bin;C:\Users\yenho\AppData\Roaming\npm;C:\Users\yenho\AppData\Local\GitHubDesktop\bin
USERNAME=yenho
OS=Windows_NT
PROCESSOR_IDENTIFIER=AMD64 Family 25 Model 68 Stepping 1, AuthenticAMD
TMP=C:\Users\yenho\AppData\Local\Temp
TEMP=C:\Users\yenho\AppData\Local\Temp



Periodic native trim disabled


---------------  S Y S T E M  ---------------

OS:
 Windows 11 , 64 bit Build 22621 (10.0.22621.4391)
OS uptime: 0 days 1:04 hours
Hyper-V role detected

CPU: total 12 (initial active 12) (12 cores per cpu, 2 threads per core) family 25 model 68 stepping 1 microcode 0x0, cx8, cmov, fxsr, ht, mmx, 3dnowpref, sse, sse2, sse3, ssse3, sse4a, sse4.1, sse4.2, popcnt, lzcnt, tsc, tscinvbit, avx, avx2, aes, erms, clmul, bmi1, bmi2, adx, sha, fma, vzeroupper, clflush, clflushopt, hv
Processor Information for all 12 processors :
  Max Mhz: 3301, Current Mhz: 3301, Mhz Limit: 3301

Memory: 4k page, system-wide physical 7365M (72M free)
TotalPageFile size 29893M (AvailPageFile size 53M)
current process WorkingSet (physical memory assigned to process): 367M, peak: 367M
current process commit charge ("private bytes"): 388M, peak: 394M

vm_info: OpenJDK 64-Bit Server VM (17.0.13+11) for windows-amd64 JRE (17.0.13+11), built on Oct 16 2024 00:10:08 by "admin" with MS VC++ 17.7 (VS2022)

END.
