#
# There is insufficient memory for the Java Runtime Environment to continue.
# Native memory allocation (malloc) failed to allocate 194016 bytes. Error detail: Chunk::new
# Possible reasons:
#   The system is out of physical RAM or swap space
#   This process is running with CompressedOops enabled, and the Java Heap may be blocking the growth of the native heap
# Possible solutions:
#   Reduce memory load on the system
#   Increase physical memory or swap space
#   Check if swap backing store is full
#   Decrease Java heap size (-Xmx/-Xms)
#   Decrease number of Java threads
#   Decrease Java thread stack sizes (-Xss)
#   Set larger code cache with -XX:ReservedCodeCacheSize=
#   JVM is running with Unscaled Compressed Oops mode in which the Java heap is
#     placed in the first 4GB address space. The Java Heap base address is the
#     maximum limit for the native heap growth. Please use -XX:HeapBaseMinAddress
#     to set the Java Heap base and to place the Java Heap above 4GB virtual address.
# This output file may be truncated or incomplete.
#
#  Out of Memory Error (arena.cpp:191), pid=7348, tid=2264
#
# JRE version: OpenJDK Runtime Environment Temurin-17.0.13+11 (17.0.13+11) (build 17.0.13+11)
# Java VM: OpenJDK 64-Bit Server VM Temurin-17.0.13+11 (17.0.13+11, mixed mode, tiered, compressed oops, compressed class ptrs, parallel gc, windows-amd64)
# No core dump will be written. Minidumps are not enabled by default on client versions of Windows
#

---------------  S U M M A R Y ------------

Command Line: --add-modules=ALL-SYSTEM --add-opens=java.base/java.util=ALL-UNNAMED --add-opens=java.base/java.lang=ALL-UNNAMED --add-opens=java.base/sun.nio.fs=ALL-UNNAMED -Declipse.application=org.eclipse.jdt.ls.core.id1 -Dosgi.bundles.defaultStartLevel=4 -Declipse.product=org.eclipse.jdt.ls.core.product -Djava.import.generatesMetadataFilesAtProjectRoot=false -DDetectVMInstallationsJob.disabled=true -Dfile.encoding=utf8 -XX:+UseParallelGC -XX:GCTimeRatio=4 -XX:AdaptiveSizePolicyWeight=90 -Dsun.zip.disableMemoryMapping=true -Xmx1G -Xms100m -Xlog:disable -javaagent:c:\Users\yenho\.vscode\extensions\redhat.java-1.38.0-win32-x64\lombok\lombok-1.18.34.jar -XX:+HeapDumpOnOutOfMemoryError -XX:HeapDumpPath=c:\Users\yenho\AppData\Roaming\Code\User\workspaceStorage\be8ad8b4014e26bb98f6d4fcdc527ed2\redhat.java -Daether.dependencyCollector.impl=bf c:\Users\yenho\.vscode\extensions\redhat.java-1.38.0-win32-x64\server\plugins\org.eclipse.equinox.launcher_1.6.900.v20240613-2009.jar -configuration c:\Users\yenho\AppData\Roaming\Code\User\globalStorage\redhat.java\1.38.0\config_win -data c:\Users\yenho\AppData\Roaming\Code\User\workspaceStorage\be8ad8b4014e26bb98f6d4fcdc527ed2\redhat.java\jdt_ws --pipe=\\.\pipe\lsp-84dfcecb6c5553f2cc35f32cf4798a2a-sock

Host: AMD Ryzen 5 7535HS with Radeon Graphics        , 12 cores, 7G,  Windows 11 , 64 bit Build 22621 (10.0.22621.4391)
Time: Wed Jan  8 11:26:38 2025 SE Asia Standard Time elapsed time: 4.791052 seconds (0d 0h 0m 4s)

---------------  T H R E A D  ---------------

Current thread (0x000001fcf992a3b0):  JavaThread "C2 CompilerThread0" daemon [_thread_in_native, id=2264, stack(0x000000f572100000,0x000000f572200000)]


Current CompileTask:
C2:   4791 3730       4       org.lombokweb.asm.SymbolTable::addConstantMemberReference (29 bytes)

Stack: [0x000000f572100000,0x000000f572200000]
Native frames: (J=compiled Java code, j=interpreted, Vv=VM code, C=native code)
V  [jvm.dll+0x682a19]
V  [jvm.dll+0x839538]
V  [jvm.dll+0x83afe3]
V  [jvm.dll+0x83b653]
V  [jvm.dll+0x24704f]
V  [jvm.dll+0xace34]
V  [jvm.dll+0xad4cc]
V  [jvm.dll+0x2ac84f]
V  [jvm.dll+0x588a79]
V  [jvm.dll+0x220ea2]
V  [jvm.dll+0x22129f]
V  [jvm.dll+0x21a2b0]
V  [jvm.dll+0x21738b]
V  [jvm.dll+0x1a3070]
V  [jvm.dll+0x22788c]
V  [jvm.dll+0x2259eb]
V  [jvm.dll+0x7eec98]
V  [jvm.dll+0x7e8ffc]
V  [jvm.dll+0x6818f7]
C  [ucrtbase.dll+0x29333]
C  [KERNEL32.DLL+0x1259d]
C  [ntdll.dll+0x5af38]


---------------  P R O C E S S  ---------------

Threads class SMR info:
_java_thread_list=0x000001fcfbf83640, length=23, elements={
0x000001fcef8ff210, 0x000001fcf4781030, 0x000001fcf47822a0, 0x000001fcf478cf00,
0x000001fcf478d8d0, 0x000001fcf478e3a0, 0x000001fcf9927000, 0x000001fcf992a3b0,
0x000001fcf9931050, 0x000001fcf9940b00, 0x000001fcf9a3ec60, 0x000001fcfafba0a0,
0x000001fcfb79a010, 0x000001fcfb658da0, 0x000001fcfb74c500, 0x000001fcfb9d1020,
0x000001fcfbc44040, 0x000001fcfb39d3d0, 0x000001fcfb39c9b0, 0x000001fcfb39cec0,
0x000001fcfb39e810, 0x000001fcfb39b060, 0x000001fcfb39b570
}

Java Threads: ( => current thread )
  0x000001fcef8ff210 JavaThread "main" [_thread_blocked, id=24620, stack(0x000000f571800000,0x000000f571900000)]
  0x000001fcf4781030 JavaThread "Reference Handler" daemon [_thread_blocked, id=18340, stack(0x000000f571b00000,0x000000f571c00000)]
  0x000001fcf47822a0 JavaThread "Finalizer" daemon [_thread_blocked, id=11492, stack(0x000000f571c00000,0x000000f571d00000)]
  0x000001fcf478cf00 JavaThread "Signal Dispatcher" daemon [_thread_blocked, id=304, stack(0x000000f571d00000,0x000000f571e00000)]
  0x000001fcf478d8d0 JavaThread "Attach Listener" daemon [_thread_blocked, id=22316, stack(0x000000f571e00000,0x000000f571f00000)]
  0x000001fcf478e3a0 JavaThread "Service Thread" daemon [_thread_blocked, id=8224, stack(0x000000f571f00000,0x000000f572000000)]
  0x000001fcf9927000 JavaThread "Monitor Deflation Thread" daemon [_thread_blocked, id=9908, stack(0x000000f572000000,0x000000f572100000)]
=>0x000001fcf992a3b0 JavaThread "C2 CompilerThread0" daemon [_thread_in_native, id=2264, stack(0x000000f572100000,0x000000f572200000)]
  0x000001fcf9931050 JavaThread "C1 CompilerThread0" daemon [_thread_in_native, id=17856, stack(0x000000f572200000,0x000000f572300000)]
  0x000001fcf9940b00 JavaThread "Sweeper thread" daemon [_thread_blocked, id=23676, stack(0x000000f572300000,0x000000f572400000)]
  0x000001fcf9a3ec60 JavaThread "Common-Cleaner" daemon [_thread_blocked, id=18644, stack(0x000000f572400000,0x000000f572500000)]
  0x000001fcfafba0a0 JavaThread "Notification Thread" daemon [_thread_blocked, id=19412, stack(0x000000f572600000,0x000000f572700000)]
  0x000001fcfb79a010 JavaThread "Active Thread: Equinox Container: 284ba6ad-ffd8-4229-9c42-ab6e48bfb63d" [_thread_blocked, id=21752, stack(0x000000f572f00000,0x000000f573000000)]
  0x000001fcfb658da0 JavaThread "Refresh Thread: Equinox Container: 284ba6ad-ffd8-4229-9c42-ab6e48bfb63d" daemon [_thread_blocked, id=1576, stack(0x000000f573000000,0x000000f573100000)]
  0x000001fcfb74c500 JavaThread "Framework Event Dispatcher: Equinox Container: 284ba6ad-ffd8-4229-9c42-ab6e48bfb63d" daemon [_thread_blocked, id=17092, stack(0x000000f573100000,0x000000f573200000)]
  0x000001fcfb9d1020 JavaThread "Start Level: Equinox Container: 284ba6ad-ffd8-4229-9c42-ab6e48bfb63d" daemon [_thread_in_Java, id=4024, stack(0x000000f573200000,0x000000f573300000)]
  0x000001fcfbc44040 JavaThread "Bundle File Closer" daemon [_thread_blocked, id=14028, stack(0x000000f572e00000,0x000000f572f00000)]
  0x000001fcfb39d3d0 JavaThread "SCR Component Actor" daemon [_thread_blocked, id=19960, stack(0x000000f573500000,0x000000f573600000)]
  0x000001fcfb39c9b0 JavaThread "SCR Component Registry" daemon [_thread_blocked, id=12036, stack(0x000000f573600000,0x000000f573700000)]
  0x000001fcfb39cec0 JavaThread "Worker-JM" [_thread_blocked, id=6036, stack(0x000000f573700000,0x000000f573800000)]
  0x000001fcfb39e810 JavaThread "JNA Cleaner" daemon [_thread_blocked, id=21652, stack(0x000000f573800000,0x000000f573900000)]
  0x000001fcfb39b060 JavaThread "Worker-0" [_thread_blocked, id=5076, stack(0x000000f573900000,0x000000f573a00000)]
  0x000001fcfb39b570 JavaThread "Worker-1" [_thread_blocked, id=14072, stack(0x000000f573a00000,0x000000f573b00000)]

Other Threads:
  0x000001fcf9902860 VMThread "VM Thread" [stack: 0x000000f571a00000,0x000000f571b00000] [id=11920]
  0x000001fcfafba580 WatcherThread [stack: 0x000000f572700000,0x000000f572800000] [id=6344]
  0x000001fcef915e30 GCTaskThread "GC Thread#0" [stack: 0x000000f571900000,0x000000f571a00000] [id=18580]
  0x000001fcfb4a1f80 GCTaskThread "GC Thread#1" [stack: 0x000000f572800000,0x000000f572900000] [id=22796]
  0x000001fcfb3b5d60 GCTaskThread "GC Thread#2" [stack: 0x000000f572900000,0x000000f572a00000] [id=15200]
  0x000001fcfb3b6020 GCTaskThread "GC Thread#3" [stack: 0x000000f572a00000,0x000000f572b00000] [id=24700]
  0x000001fcfb3b62e0 GCTaskThread "GC Thread#4" [stack: 0x000000f572b00000,0x000000f572c00000] [id=19816]
  0x000001fcfb3b65a0 GCTaskThread "GC Thread#5" [stack: 0x000000f572c00000,0x000000f572d00000] [id=3556]
  0x000001fcfb3b6860 GCTaskThread "GC Thread#6" [stack: 0x000000f572d00000,0x000000f572e00000] [id=11084]
  0x000001fcfb5c3660 GCTaskThread "GC Thread#7" [stack: 0x000000f573300000,0x000000f573400000] [id=7652]
  0x000001fcfba0d2a0 GCTaskThread "GC Thread#8" [stack: 0x000000f573400000,0x000000f573500000] [id=2272]
  0x000001fcfbeb8a20 GCTaskThread "GC Thread#9" [stack: 0x000000f572500000,0x000000f572600000] [id=22552]

Threads with active compile tasks:
C2 CompilerThread0     4821 3730       4       org.lombokweb.asm.SymbolTable::addConstantMemberReference (29 bytes)
C1 CompilerThread0     4821 3753       3       java.lang.String::split (327 bytes)

VM state: not at safepoint (normal execution)

VM Mutex/Monitor currently owned by a thread: None

Heap address: 0x00000000c0000000, size: 1024 MB, Compressed Oops mode: 32-bit

CDS archive(s) not mapped
Compressed class space mapped at: 0x0000000100000000-0x0000000140000000, reserved size: 1073741824
Narrow klass base: 0x0000000000000000, Narrow klass shift: 3, Narrow klass range: 0x140000000

GC Precious Log:
 CPUs: 12 total, 12 available
 Memory: 7365M
 Large Page Support: Disabled
 NUMA Support: Disabled
 Compressed Oops: Enabled (32-bit)
 Alignments: Space 512K, Generation 512K, Heap 2M
 Heap Min Capacity: 100M
 Heap Initial Capacity: 100M
 Heap Max Capacity: 1G
 Pre-touch: Disabled
 Parallel Workers: 10

Heap:
 PSYoungGen      total 28160K, used 10211K [0x00000000eab00000, 0x00000000ecc00000, 0x0000000100000000)
  eden space 24576K, 26% used [0x00000000eab00000,0x00000000eb17ad28,0x00000000ec300000)
  from space 3584K, 99% used [0x00000000ec880000,0x00000000ecbfe068,0x00000000ecc00000)
  to   space 3584K, 0% used [0x00000000ec500000,0x00000000ec500000,0x00000000ec880000)
 ParOldGen       total 68608K, used 12339K [0x00000000c0000000, 0x00000000c4300000, 0x00000000eab00000)
  object space 68608K, 17% used [0x00000000c0000000,0x00000000c0c0cf70,0x00000000c4300000)
 Metaspace       used 30661K, committed 31360K, reserved 1114112K
  class space    used 3033K, committed 3328K, reserved 1048576K

Card table byte_map: [0x000001fcef290000,0x000001fcef4a0000] _byte_map_base: 0x000001fceec90000

Marking Bits: (ParMarkBitMap*) 0x00007fff3f306940
 Begin Bits: [0x000001fcf2590000, 0x000001fcf3590000)
 End Bits:   [0x000001fcf3590000, 0x000001fcf4590000)

Polling page: 0x000001fced860000

Metaspace:

Usage:
  Non-class:     26.98 MB used.
      Class:      2.96 MB used.
       Both:     29.94 MB used.

Virtual space:
  Non-class space:       64.00 MB reserved,      27.38 MB ( 43%) committed,  1 nodes.
      Class space:        1.00 GB reserved,       3.25 MB ( <1%) committed,  1 nodes.
             Both:        1.06 GB reserved,      30.62 MB (  3%) committed. 

Chunk freelists:
   Non-Class:  4.56 MB
       Class:  12.72 MB
        Both:  17.28 MB

MaxMetaspaceSize: unlimited
CompressedClassSpaceSize: 1.00 GB
Initial GC threshold: 21.00 MB
Current GC threshold: 35.00 MB
CDS: off
MetaspaceReclaimPolicy: balanced
 - commit_granule_bytes: 65536.
 - commit_granule_words: 8192.
 - virtual_space_node_default_size: 8388608.
 - enlarge_chunks_in_place: 1.
 - new_chunks_are_fully_committed: 0.
 - uncommit_free_chunks: 1.
 - use_allocation_guard: 0.
 - handle_deallocations: 1.


Internal statistics:

num_allocs_failed_limit: 3.
num_arena_births: 352.
num_arena_deaths: 0.
num_vsnodes_births: 2.
num_vsnodes_deaths: 0.
num_space_committed: 490.
num_space_uncommitted: 0.
num_chunks_returned_to_freelist: 3.
num_chunks_taken_from_freelist: 1221.
num_chunk_merges: 3.
num_chunk_splits: 818.
num_chunks_enlarged: 572.
num_inconsistent_stats: 0.

CodeHeap 'non-profiled nmethods': size=120000Kb used=1539Kb max_used=1539Kb free=118460Kb
 bounds [0x000001fc87ad0000, 0x000001fc87d40000, 0x000001fc8f000000]
CodeHeap 'profiled nmethods': size=120000Kb used=7742Kb max_used=7742Kb free=112257Kb
 bounds [0x000001fc80000000, 0x000001fc80790000, 0x000001fc87530000]
CodeHeap 'non-nmethods': size=5760Kb used=1215Kb max_used=1240Kb free=4544Kb
 bounds [0x000001fc87530000, 0x000001fc877a0000, 0x000001fc87ad0000]
 total_blobs=4273 nmethods=3745 adapters=441
 compilation: enabled
              stopped_count=0, restarted_count=0
 full_count=0

Compilation events (20 events):
Event: 4.758 Thread 0x000001fcf992a3b0 nmethod 3717 0x000001fc87c4d690 code [0x000001fc87c4d820, 0x000001fc87c4d9a8]
Event: 4.758 Thread 0x000001fcf992a3b0 3664       4       org.lombokweb.asm.ClassReader::readInt (52 bytes)
Event: 4.759 Thread 0x000001fcf992a3b0 nmethod 3664 0x000001fc87c4db10 code [0x000001fc87c4dc80, 0x000001fc87c4dd78]
Event: 4.759 Thread 0x000001fcf992a3b0 3712       4       org.lombokweb.asm.SymbolTable::addConstantUtf8 (20 bytes)
Event: 4.763 Thread 0x000001fcf992a3b0 nmethod 3712 0x000001fc87c4de90 code [0x000001fc87c4e020, 0x000001fc87c4e358]
Event: 4.763 Thread 0x000001fcf992a3b0 3725       4       org.lombokweb.asm.ClassReader::readClass (7 bytes)
Event: 4.766 Thread 0x000001fcf9931050 3735       3       java.lang.invoke.MethodHandleNatives$CallSiteContext::run (5 bytes)
Event: 4.766 Thread 0x000001fcf9931050 nmethod 3735 0x000001fc80784010 code [0x000001fc807841a0, 0x000001fc807842c8]
Event: 4.772 Thread 0x000001fcf9931050 3736       3       org.lombokweb.asm.SymbolTable::addConstantIntegerOrFloat (21 bytes)
Event: 4.772 Thread 0x000001fcf9931050 nmethod 3736 0x000001fc80784390 code [0x000001fc80784540, 0x000001fc80784798]
Event: 4.772 Thread 0x000001fcf9931050 3737       1       lombok.patcher.scripts.AddFieldScript::access$0 (5 bytes)
Event: 4.772 Thread 0x000001fcf9931050 nmethod 3737 0x000001fc87c4e610 code [0x000001fc87c4e7a0, 0x000001fc87c4e858]
Event: 4.777 Thread 0x000001fcf992a3b0 nmethod 3725 0x000001fc87c4e910 code [0x000001fc87c4eac0, 0x000001fc87c4f4f8]
Event: 4.777 Thread 0x000001fcf992a3b0 3738       4       org.lombokweb.asm.SymbolTable::addConstantUtf8 (98 bytes)
Event: 4.783 Thread 0x000001fcf992a3b0 nmethod 3738 0x000001fc87c4fb90 code [0x000001fc87c4fd40, 0x000001fc87c502c8]
Event: 4.783 Thread 0x000001fcf992a3b0 3729       4       org.lombokweb.asm.SymbolTable$Entry::<init> (20 bytes)
Event: 4.784 Thread 0x000001fcf992a3b0 nmethod 3729 0x000001fc87c50710 code [0x000001fc87c50880, 0x000001fc87c50938]
Event: 4.784 Thread 0x000001fcf992a3b0 3645       4       org.eclipse.core.runtime.Assert::isNotNull (7 bytes)
Event: 4.784 Thread 0x000001fcf992a3b0 nmethod 3645 0x000001fc87c50a10 code [0x000001fc87c50b80, 0x000001fc87c50bf8]
Event: 4.784 Thread 0x000001fcf992a3b0 3730       4       org.lombokweb.asm.SymbolTable::addConstantMemberReference (29 bytes)

GC Heap History (18 events):
Event: 1.147 GC heap before
{Heap before GC invocations=1 (full 0):
 PSYoungGen      total 29696K, used 25600K [0x00000000eab00000, 0x00000000ecc00000, 0x0000000100000000)
  eden space 25600K, 100% used [0x00000000eab00000,0x00000000ec400000,0x00000000ec400000)
  from space 4096K, 0% used [0x00000000ec800000,0x00000000ec800000,0x00000000ecc00000)
  to   space 4096K, 0% used [0x00000000ec400000,0x00000000ec400000,0x00000000ec800000)
 ParOldGen       total 68608K, used 0K [0x00000000c0000000, 0x00000000c4300000, 0x00000000eab00000)
  object space 68608K, 0% used [0x00000000c0000000,0x00000000c0000000,0x00000000c4300000)
 Metaspace       used 10949K, committed 11072K, reserved 1114112K
  class space    used 1087K, committed 1152K, reserved 1048576K
}
Event: 1.155 GC heap after
{Heap after GC invocations=1 (full 0):
 PSYoungGen      total 29696K, used 3173K [0x00000000eab00000, 0x00000000ecc00000, 0x0000000100000000)
  eden space 25600K, 0% used [0x00000000eab00000,0x00000000eab00000,0x00000000ec400000)
  from space 4096K, 77% used [0x00000000ec400000,0x00000000ec719508,0x00000000ec800000)
  to   space 4096K, 0% used [0x00000000ec800000,0x00000000ec800000,0x00000000ecc00000)
 ParOldGen       total 68608K, used 16K [0x00000000c0000000, 0x00000000c4300000, 0x00000000eab00000)
  object space 68608K, 0% used [0x00000000c0000000,0x00000000c0004000,0x00000000c4300000)
 Metaspace       used 10949K, committed 11072K, reserved 1114112K
  class space    used 1087K, committed 1152K, reserved 1048576K
}
Event: 2.013 GC heap before
{Heap before GC invocations=2 (full 0):
 PSYoungGen      total 29696K, used 28773K [0x00000000eab00000, 0x00000000ecc00000, 0x0000000100000000)
  eden space 25600K, 100% used [0x00000000eab00000,0x00000000ec400000,0x00000000ec400000)
  from space 4096K, 77% used [0x00000000ec400000,0x00000000ec719508,0x00000000ec800000)
  to   space 4096K, 0% used [0x00000000ec800000,0x00000000ec800000,0x00000000ecc00000)
 ParOldGen       total 68608K, used 16K [0x00000000c0000000, 0x00000000c4300000, 0x00000000eab00000)
  object space 68608K, 0% used [0x00000000c0000000,0x00000000c0004000,0x00000000c4300000)
 Metaspace       used 14476K, committed 14656K, reserved 1114112K
  class space    used 1443K, committed 1536K, reserved 1048576K
}
Event: 2.020 GC heap after
{Heap after GC invocations=2 (full 0):
 PSYoungGen      total 29696K, used 4085K [0x00000000eab00000, 0x00000000ecc00000, 0x0000000100000000)
  eden space 25600K, 0% used [0x00000000eab00000,0x00000000eab00000,0x00000000ec400000)
  from space 4096K, 99% used [0x00000000ec800000,0x00000000ecbfd4f8,0x00000000ecc00000)
  to   space 4096K, 0% used [0x00000000ec400000,0x00000000ec400000,0x00000000ec800000)
 ParOldGen       total 68608K, used 1526K [0x00000000c0000000, 0x00000000c4300000, 0x00000000eab00000)
  object space 68608K, 2% used [0x00000000c0000000,0x00000000c017d830,0x00000000c4300000)
 Metaspace       used 14476K, committed 14656K, reserved 1114112K
  class space    used 1443K, committed 1536K, reserved 1048576K
}
Event: 2.715 GC heap before
{Heap before GC invocations=3 (full 0):
 PSYoungGen      total 29696K, used 29685K [0x00000000eab00000, 0x00000000ecc00000, 0x0000000100000000)
  eden space 25600K, 100% used [0x00000000eab00000,0x00000000ec400000,0x00000000ec400000)
  from space 4096K, 99% used [0x00000000ec800000,0x00000000ecbfd4f8,0x00000000ecc00000)
  to   space 4096K, 0% used [0x00000000ec400000,0x00000000ec400000,0x00000000ec800000)
 ParOldGen       total 68608K, used 1526K [0x00000000c0000000, 0x00000000c4300000, 0x00000000eab00000)
  object space 68608K, 2% used [0x00000000c0000000,0x00000000c017d830,0x00000000c4300000)
 Metaspace       used 16126K, committed 16320K, reserved 1114112K
  class space    used 1616K, committed 1728K, reserved 1048576K
}
Event: 2.721 GC heap after
{Heap after GC invocations=3 (full 0):
 PSYoungGen      total 29696K, used 4092K [0x00000000eab00000, 0x00000000ecc00000, 0x0000000100000000)
  eden space 25600K, 0% used [0x00000000eab00000,0x00000000eab00000,0x00000000ec400000)
  from space 4096K, 99% used [0x00000000ec400000,0x00000000ec7ff2c8,0x00000000ec800000)
  to   space 4096K, 0% used [0x00000000ec800000,0x00000000ec800000,0x00000000ecc00000)
 ParOldGen       total 68608K, used 5195K [0x00000000c0000000, 0x00000000c4300000, 0x00000000eab00000)
  object space 68608K, 7% used [0x00000000c0000000,0x00000000c0512ce0,0x00000000c4300000)
 Metaspace       used 16126K, committed 16320K, reserved 1114112K
  class space    used 1616K, committed 1728K, reserved 1048576K
}
Event: 3.415 GC heap before
{Heap before GC invocations=4 (full 0):
 PSYoungGen      total 29696K, used 29692K [0x00000000eab00000, 0x00000000ecc00000, 0x0000000100000000)
  eden space 25600K, 100% used [0x00000000eab00000,0x00000000ec400000,0x00000000ec400000)
  from space 4096K, 99% used [0x00000000ec400000,0x00000000ec7ff2c8,0x00000000ec800000)
  to   space 4096K, 0% used [0x00000000ec800000,0x00000000ec800000,0x00000000ecc00000)
 ParOldGen       total 68608K, used 5195K [0x00000000c0000000, 0x00000000c4300000, 0x00000000eab00000)
  object space 68608K, 7% used [0x00000000c0000000,0x00000000c0512ce0,0x00000000c4300000)
 Metaspace       used 19552K, committed 19904K, reserved 1114112K
  class space    used 1977K, committed 2112K, reserved 1048576K
}
Event: 3.420 GC heap after
{Heap after GC invocations=4 (full 0):
 PSYoungGen      total 29696K, used 4066K [0x00000000eab00000, 0x00000000ecc00000, 0x0000000100000000)
  eden space 25600K, 0% used [0x00000000eab00000,0x00000000eab00000,0x00000000ec400000)
  from space 4096K, 99% used [0x00000000ec800000,0x00000000ecbf8b88,0x00000000ecc00000)
  to   space 4096K, 0% used [0x00000000ec400000,0x00000000ec400000,0x00000000ec800000)
 ParOldGen       total 68608K, used 6418K [0x00000000c0000000, 0x00000000c4300000, 0x00000000eab00000)
  object space 68608K, 9% used [0x00000000c0000000,0x00000000c0644b90,0x00000000c4300000)
 Metaspace       used 19552K, committed 19904K, reserved 1114112K
  class space    used 1977K, committed 2112K, reserved 1048576K
}
Event: 3.565 GC heap before
{Heap before GC invocations=5 (full 0):
 PSYoungGen      total 29696K, used 12592K [0x00000000eab00000, 0x00000000ecc00000, 0x0000000100000000)
  eden space 25600K, 33% used [0x00000000eab00000,0x00000000eb3537c0,0x00000000ec400000)
  from space 4096K, 99% used [0x00000000ec800000,0x00000000ecbf8b88,0x00000000ecc00000)
  to   space 4096K, 0% used [0x00000000ec400000,0x00000000ec400000,0x00000000ec800000)
 ParOldGen       total 68608K, used 6418K [0x00000000c0000000, 0x00000000c4300000, 0x00000000eab00000)
  object space 68608K, 9% used [0x00000000c0000000,0x00000000c0644b90,0x00000000c4300000)
 Metaspace       used 21039K, committed 21504K, reserved 1114112K
  class space    used 2111K, committed 2368K, reserved 1048576K
}
Event: 3.569 GC heap after
{Heap after GC invocations=5 (full 0):
 PSYoungGen      total 29696K, used 4085K [0x00000000eab00000, 0x00000000ece00000, 0x0000000100000000)
  eden space 25600K, 0% used [0x00000000eab00000,0x00000000eab00000,0x00000000ec400000)
  from space 4096K, 99% used [0x00000000ec400000,0x00000000ec7fd6b8,0x00000000ec800000)
  to   space 5120K, 0% used [0x00000000ec900000,0x00000000ec900000,0x00000000ece00000)
 ParOldGen       total 68608K, used 6831K [0x00000000c0000000, 0x00000000c4300000, 0x00000000eab00000)
  object space 68608K, 9% used [0x00000000c0000000,0x00000000c06abc48,0x00000000c4300000)
 Metaspace       used 21039K, committed 21504K, reserved 1114112K
  class space    used 2111K, committed 2368K, reserved 1048576K
}
Event: 3.569 GC heap before
{Heap before GC invocations=6 (full 1):
 PSYoungGen      total 29696K, used 4085K [0x00000000eab00000, 0x00000000ece00000, 0x0000000100000000)
  eden space 25600K, 0% used [0x00000000eab00000,0x00000000eab00000,0x00000000ec400000)
  from space 4096K, 99% used [0x00000000ec400000,0x00000000ec7fd6b8,0x00000000ec800000)
  to   space 5120K, 0% used [0x00000000ec900000,0x00000000ec900000,0x00000000ece00000)
 ParOldGen       total 68608K, used 6831K [0x00000000c0000000, 0x00000000c4300000, 0x00000000eab00000)
  object space 68608K, 9% used [0x00000000c0000000,0x00000000c06abc48,0x00000000c4300000)
 Metaspace       used 21039K, committed 21504K, reserved 1114112K
  class space    used 2111K, committed 2368K, reserved 1048576K
}
Event: 3.591 GC heap after
{Heap after GC invocations=6 (full 1):
 PSYoungGen      total 29696K, used 0K [0x00000000eab00000, 0x00000000ece00000, 0x0000000100000000)
  eden space 25600K, 0% used [0x00000000eab00000,0x00000000eab00000,0x00000000ec400000)
  from space 4096K, 0% used [0x00000000ec400000,0x00000000ec400000,0x00000000ec800000)
  to   space 5120K, 0% used [0x00000000ec900000,0x00000000ec900000,0x00000000ece00000)
 ParOldGen       total 68608K, used 10604K [0x00000000c0000000, 0x00000000c4300000, 0x00000000eab00000)
  object space 68608K, 15% used [0x00000000c0000000,0x00000000c0a5b130,0x00000000c4300000)
 Metaspace       used 21039K, committed 21504K, reserved 1114112K
  class space    used 2111K, committed 2368K, reserved 1048576K
}
Event: 4.242 GC heap before
{Heap before GC invocations=7 (full 1):
 PSYoungGen      total 29696K, used 25600K [0x00000000eab00000, 0x00000000ece00000, 0x0000000100000000)
  eden space 25600K, 100% used [0x00000000eab00000,0x00000000ec400000,0x00000000ec400000)
  from space 4096K, 0% used [0x00000000ec400000,0x00000000ec400000,0x00000000ec800000)
  to   space 5120K, 0% used [0x00000000ec900000,0x00000000ec900000,0x00000000ece00000)
 ParOldGen       total 68608K, used 10604K [0x00000000c0000000, 0x00000000c4300000, 0x00000000eab00000)
  object space 68608K, 15% used [0x00000000c0000000,0x00000000c0a5b130,0x00000000c4300000)
 Metaspace       used 24579K, committed 25152K, reserved 1114112K
  class space    used 2494K, committed 2752K, reserved 1048576K
}
Event: 4.244 GC heap after
{Heap after GC invocations=7 (full 1):
 PSYoungGen      total 28160K, used 2691K [0x00000000eab00000, 0x00000000ecc00000, 0x0000000100000000)
  eden space 25088K, 0% used [0x00000000eab00000,0x00000000eab00000,0x00000000ec380000)
  from space 3072K, 87% used [0x00000000ec900000,0x00000000ecba0e70,0x00000000ecc00000)
  to   space 3584K, 0% used [0x00000000ec500000,0x00000000ec500000,0x00000000ec880000)
 ParOldGen       total 68608K, used 10612K [0x00000000c0000000, 0x00000000c4300000, 0x00000000eab00000)
  object space 68608K, 15% used [0x00000000c0000000,0x00000000c0a5d130,0x00000000c4300000)
 Metaspace       used 24579K, committed 25152K, reserved 1114112K
  class space    used 2494K, committed 2752K, reserved 1048576K
}
Event: 4.577 GC heap before
{Heap before GC invocations=8 (full 1):
 PSYoungGen      total 28160K, used 27779K [0x00000000eab00000, 0x00000000ecc00000, 0x0000000100000000)
  eden space 25088K, 100% used [0x00000000eab00000,0x00000000ec380000,0x00000000ec380000)
  from space 3072K, 87% used [0x00000000ec900000,0x00000000ecba0e70,0x00000000ecc00000)
  to   space 3584K, 0% used [0x00000000ec500000,0x00000000ec500000,0x00000000ec880000)
 ParOldGen       total 68608K, used 10612K [0x00000000c0000000, 0x00000000c4300000, 0x00000000eab00000)
  object space 68608K, 15% used [0x00000000c0000000,0x00000000c0a5d130,0x00000000c4300000)
 Metaspace       used 27200K, committed 27904K, reserved 1114112K
  class space    used 2789K, committed 3136K, reserved 1048576K
}
Event: 4.581 GC heap after
{Heap after GC invocations=8 (full 1):
 PSYoungGen      total 28160K, used 3574K [0x00000000eab00000, 0x00000000ecc00000, 0x0000000100000000)
  eden space 24576K, 0% used [0x00000000eab00000,0x00000000eab00000,0x00000000ec300000)
  from space 3584K, 99% used [0x00000000ec500000,0x00000000ec87d8c0,0x00000000ec880000)
  to   space 3584K, 0% used [0x00000000ec880000,0x00000000ec880000,0x00000000ecc00000)
 ParOldGen       total 68608K, used 11148K [0x00000000c0000000, 0x00000000c4300000, 0x00000000eab00000)
  object space 68608K, 16% used [0x00000000c0000000,0x00000000c0ae3190,0x00000000c4300000)
 Metaspace       used 27200K, committed 27904K, reserved 1114112K
  class space    used 2789K, committed 3136K, reserved 1048576K
}
Event: 4.764 GC heap before
{Heap before GC invocations=9 (full 1):
 PSYoungGen      total 28160K, used 28148K [0x00000000eab00000, 0x00000000ecc00000, 0x0000000100000000)
  eden space 24576K, 99% used [0x00000000eab00000,0x00000000ec2ff8d0,0x00000000ec300000)
  from space 3584K, 99% used [0x00000000ec500000,0x00000000ec87d8c0,0x00000000ec880000)
  to   space 3584K, 0% used [0x00000000ec880000,0x00000000ec880000,0x00000000ecc00000)
 ParOldGen       total 68608K, used 11148K [0x00000000c0000000, 0x00000000c4300000, 0x00000000eab00000)
  object space 68608K, 16% used [0x00000000c0000000,0x00000000c0ae3190,0x00000000c4300000)
 Metaspace       used 29397K, committed 30144K, reserved 1114112K
  class space    used 2975K, committed 3264K, reserved 1048576K
}
Event: 4.766 GC heap after
{Heap after GC invocations=9 (full 1):
 PSYoungGen      total 28160K, used 3576K [0x00000000eab00000, 0x00000000ecc00000, 0x0000000100000000)
  eden space 24576K, 0% used [0x00000000eab00000,0x00000000eab00000,0x00000000ec300000)
  from space 3584K, 99% used [0x00000000ec880000,0x00000000ecbfe068,0x00000000ecc00000)
  to   space 3584K, 0% used [0x00000000ec500000,0x00000000ec500000,0x00000000ec880000)
 ParOldGen       total 68608K, used 12339K [0x00000000c0000000, 0x00000000c4300000, 0x00000000eab00000)
  object space 68608K, 17% used [0x00000000c0000000,0x00000000c0c0cf70,0x00000000c4300000)
 Metaspace       used 29397K, committed 30144K, reserved 1114112K
  class space    used 2975K, committed 3264K, reserved 1048576K
}

Dll operation events (10 events):
Event: 0.013 Loaded shared library c:\Users\yenho\.vscode\extensions\redhat.java-1.38.0-win32-x64\jre\17.0.13-win32-x86_64\bin\java.dll
Event: 0.183 Loaded shared library c:\Users\yenho\.vscode\extensions\redhat.java-1.38.0-win32-x64\jre\17.0.13-win32-x86_64\bin\zip.dll
Event: 0.187 Loaded shared library C:\Users\yenho\.vscode\extensions\redhat.java-1.38.0-win32-x64\jre\17.0.13-win32-x86_64\bin\instrument.dll
Event: 0.202 Loaded shared library C:\Users\yenho\.vscode\extensions\redhat.java-1.38.0-win32-x64\jre\17.0.13-win32-x86_64\bin\net.dll
Event: 0.207 Loaded shared library C:\Users\yenho\.vscode\extensions\redhat.java-1.38.0-win32-x64\jre\17.0.13-win32-x86_64\bin\nio.dll
Event: 0.214 Loaded shared library C:\Users\yenho\.vscode\extensions\redhat.java-1.38.0-win32-x64\jre\17.0.13-win32-x86_64\bin\zip.dll
Event: 0.231 Loaded shared library C:\Users\yenho\.vscode\extensions\redhat.java-1.38.0-win32-x64\jre\17.0.13-win32-x86_64\bin\jimage.dll
Event: 0.302 Loaded shared library c:\Users\yenho\.vscode\extensions\redhat.java-1.38.0-win32-x64\jre\17.0.13-win32-x86_64\bin\verify.dll
Event: 1.935 Loaded shared library C:\Users\yenho\AppData\Roaming\Code\User\globalStorage\redhat.java\1.38.0\config_win\org.eclipse.equinox.launcher\org.eclipse.equinox.launcher.win32.win32.x86_64_1.2.1100.v20240722-2106\eclipse_11904.dll
Event: 4.012 Loaded shared library C:\Users\yenho\AppData\Local\Temp\jna-114863977\jna15906078906240211745.dll

Deoptimization events (20 events):
Event: 4.257 Thread 0x000001fcfb9d1020 DEOPT PACKING pc=0x000001fc87be553c sp=0x000000f5732ef940
Event: 4.257 Thread 0x000001fcfb9d1020 DEOPT UNPACKING pc=0x000001fc875866a3 sp=0x000000f5732ef8d8 mode 2
Event: 4.396 Thread 0x000001fcfb9d1020 DEOPT PACKING pc=0x000001fc8042b938 sp=0x000000f5732f09d0
Event: 4.396 Thread 0x000001fcfb9d1020 DEOPT UNPACKING pc=0x000001fc87586e43 sp=0x000000f5732efed8 mode 0
Event: 4.446 Thread 0x000001fcfb9d1020 DEOPT PACKING pc=0x000001fc800c0100 sp=0x000000f5732f0fe0
Event: 4.446 Thread 0x000001fcfb9d1020 DEOPT UNPACKING pc=0x000001fc87586e43 sp=0x000000f5732f0460 mode 0
Event: 4.447 Thread 0x000001fcfb9d1020 DEOPT PACKING pc=0x000001fc800c0100 sp=0x000000f5732f1230
Event: 4.447 Thread 0x000001fcfb9d1020 DEOPT UNPACKING pc=0x000001fc87586e43 sp=0x000000f5732f06b0 mode 0
Event: 4.507 Thread 0x000001fcfb9d1020 Uncommon trap: trap_request=0xffffff45 fr.pc=0x000001fc87aec574 relative=0x0000000000000354
Event: 4.507 Thread 0x000001fcfb9d1020 Uncommon trap: reason=unstable_if action=reinterpret pc=0x000001fc87aec574 method=java.lang.StringLatin1.canEncode(I)Z @ 4 c2
Event: 4.507 Thread 0x000001fcfb9d1020 DEOPT PACKING pc=0x000001fc87aec574 sp=0x000000f5732f2b50
Event: 4.507 Thread 0x000001fcfb9d1020 DEOPT UNPACKING pc=0x000001fc875866a3 sp=0x000000f5732f2a78 mode 2
Event: 4.507 Thread 0x000001fcfb9d1020 Uncommon trap: trap_request=0xffffff45 fr.pc=0x000001fc87aebc54 relative=0x0000000000000334
Event: 4.507 Thread 0x000001fcfb9d1020 Uncommon trap: reason=unstable_if action=reinterpret pc=0x000001fc87aebc54 method=java.lang.AbstractStringBuilder.isLatin1()Z @ 10 c2
Event: 4.507 Thread 0x000001fcfb9d1020 DEOPT PACKING pc=0x000001fc87aebc54 sp=0x000000f5732f2b60
Event: 4.507 Thread 0x000001fcfb9d1020 DEOPT UNPACKING pc=0x000001fc875866a3 sp=0x000000f5732f2ae0 mode 2
Event: 4.512 Thread 0x000001fcfb9d1020 Uncommon trap: trap_request=0xffffff45 fr.pc=0x000001fc87aff7c8 relative=0x0000000000000048
Event: 4.512 Thread 0x000001fcfb9d1020 Uncommon trap: reason=unstable_if action=reinterpret pc=0x000001fc87aff7c8 method=java.lang.CharacterData.of(I)Ljava/lang/CharacterData; @ 4 c2
Event: 4.512 Thread 0x000001fcfb9d1020 DEOPT PACKING pc=0x000001fc87aff7c8 sp=0x000000f5732f2320
Event: 4.512 Thread 0x000001fcfb9d1020 DEOPT UNPACKING pc=0x000001fc875866a3 sp=0x000000f5732f22b8 mode 2

Classes loaded (20 events):
Event: 4.680 Loading class java/io/StringReader
Event: 4.680 Loading class java/io/StringReader done
Event: 4.682 Loading class java/util/zip/GZIPInputStream
Event: 4.682 Loading class java/util/zip/GZIPInputStream done
Event: 4.687 Loading class java/net/SocketTimeoutException
Event: 4.687 Loading class java/io/InterruptedIOException
Event: 4.687 Loading class java/io/InterruptedIOException done
Event: 4.687 Loading class java/net/SocketTimeoutException done
Event: 4.687 Loading class java/net/SocketException
Event: 4.687 Loading class java/net/SocketException done
Event: 4.687 Loading class java/net/UnknownHostException
Event: 4.687 Loading class java/net/UnknownHostException done
Event: 4.687 Loading class java/net/ProtocolException
Event: 4.688 Loading class java/net/ProtocolException done
Event: 4.703 Loading class java/lang/ThreadLocal$SuppliedThreadLocal
Event: 4.704 Loading class java/lang/ThreadLocal$SuppliedThreadLocal done
Event: 4.708 Loading class java/io/FileWriter
Event: 4.708 Loading class java/io/FileWriter done
Event: 4.750 Loading class java/lang/NegativeArraySizeException
Event: 4.750 Loading class java/lang/NegativeArraySizeException done

Classes unloaded (0 events):
No events

Classes redefined (0 events):
No events

Internal exceptions (20 events):
Event: 3.945 Thread 0x000001fcfb9d1020 Exception <a 'java/lang/NoSuchMethodError'{0x00000000ebac0aa0}: 'java.lang.Object java.lang.invoke.DirectMethodHandle$Holder.invokeStaticInit(java.lang.Object, java.lang.Object, int, int, int, int)'> (0x00000000ebac0aa0) 
thrown [s\src\hotspot\share\interpreter\linkResolver.cpp, line 759]
Event: 4.102 Thread 0x000001fcfb9d1020 Exception <a 'java/lang/NoSuchMethodError'{0x00000000ebe41e08}: 'java.lang.Object java.lang.invoke.DirectMethodHandle$Holder.invokeSpecial(java.lang.Object, java.lang.Object, java.lang.Object, long, java.lang.Object)'> (0x00000000ebe41e08) 
thrown [s\src\hotspot\share\interpreter\linkResolver.cpp, line 759]
Event: 4.103 Thread 0x000001fcfb9d1020 Exception <a 'java/lang/NoSuchMethodError'{0x00000000ebe4a200}: 'java.lang.Object java.lang.invoke.DirectMethodHandle$Holder.newInvokeSpecial(java.lang.Object, java.lang.Object, java.lang.Object, long)'> (0x00000000ebe4a200) 
thrown [s\src\hotspot\share\interpreter\linkResolver.cpp, line 759]
Event: 4.103 Thread 0x000001fcfb9d1020 Exception <a 'java/lang/NoSuchMethodError'{0x00000000ebe4e7a0}: 'java.lang.Object java.lang.invoke.DirectMethodHandle$Holder.invokeSpecial(java.lang.Object, java.lang.Object, java.lang.Object, java.lang.Object, long)'> (0x00000000ebe4e7a0) 
thrown [s\src\hotspot\share\interpreter\linkResolver.cpp, line 759]
Event: 4.104 Thread 0x000001fcfb9d1020 Exception <a 'java/lang/NoSuchMethodError'{0x00000000ebe52618}: 'java.lang.Object java.lang.invoke.Invokers$Holder.linkToTargetMethod(java.lang.Object, java.lang.Object, long, java.lang.Object)'> (0x00000000ebe52618) 
thrown [s\src\hotspot\share\interpreter\linkResolver.cpp, line 759]
Event: 4.119 Thread 0x000001fcfb9d1020 Exception <a 'java/lang/NoSuchMethodError'{0x00000000ebed6210}: 'int java.lang.invoke.DirectMethodHandle$Holder.invokeStaticInit(java.lang.Object, java.lang.Object, java.lang.Object)'> (0x00000000ebed6210) 
thrown [s\src\hotspot\share\interpreter\linkResolver.cpp, line 759]
Event: 4.136 Thread 0x000001fcfb9d1020 Exception <a 'java/lang/IncompatibleClassChangeError'{0x00000000ebf77f08}: Found class java.lang.Object, but interface was expected> (0x00000000ebf77f08) 
thrown [s\src\hotspot\share\interpreter\linkResolver.cpp, line 826]
Event: 4.179 Thread 0x000001fcfb9d1020 Exception <a 'java/lang/NoSuchMethodError'{0x00000000ebfc2b40}: 'java.lang.Object java.lang.invoke.DirectMethodHandle$Holder.invokeSpecial(java.lang.Object, java.lang.Object, java.lang.Object, int, java.lang.Object, java.lang.Object)'> (0x00000000ebfc2b40) 
thrown [s\src\hotspot\share\interpreter\linkResolver.cpp, line 759]
Event: 4.179 Thread 0x000001fcfb9d1020 Exception <a 'java/lang/NoSuchMethodError'{0x00000000ebfcb238}: 'java.lang.Object java.lang.invoke.DirectMethodHandle$Holder.newInvokeSpecial(java.lang.Object, java.lang.Object, java.lang.Object, int, java.lang.Object)'> (0x00000000ebfcb238) 
thrown [s\src\hotspot\share\interpreter\linkResolver.cpp, line 759]
Event: 4.180 Thread 0x000001fcfb9d1020 Exception <a 'java/lang/NoSuchMethodError'{0x00000000ebfcf690}: 'java.lang.Object java.lang.invoke.DirectMethodHandle$Holder.invokeSpecial(java.lang.Object, java.lang.Object, java.lang.Object, java.lang.Object, int, java.lang.Object)'> (0x00000000ebfcf690) 
thrown [s\src\hotspot\share\interpreter\linkResolver.cpp, line 759]
Event: 4.181 Thread 0x000001fcfb39b060 Exception <a 'java/lang/NoSuchMethodError'{0x00000000ebe9aa38}: 'java.lang.Object java.lang.invoke.DirectMethodHandle$Holder.invokeSpecial(java.lang.Object, java.lang.Object, int, java.lang.Object, java.lang.Object)'> (0x00000000ebe9aa38) 
thrown [s\src\hotspot\share\interpreter\linkResolver.cpp, line 759]
Event: 4.366 Thread 0x000001fcfb9d1020 Exception <a 'java/lang/NoSuchMethodError'{0x00000000eb337060}: 'java.lang.Object java.lang.invoke.Invokers$Holder.linkToTargetMethod(java.lang.Object, long, java.lang.Object, java.lang.Object)'> (0x00000000eb337060) 
thrown [s\src\hotspot\share\interpreter\linkResolver.cpp, line 759]
Event: 4.461 Thread 0x000001fcfb9d1020 Exception <a 'java/io/FileNotFoundException'{0x00000000ebae2388}> (0x00000000ebae2388) 
thrown [s\src\hotspot\share\prims\jni.cpp, line 516]
Event: 4.462 Thread 0x000001fcfb9d1020 Exception <a 'java/lang/NoSuchMethodError'{0x00000000ebaeb648}: 'java.lang.Object java.lang.invoke.DirectMethodHandle$Holder.newInvokeSpecial(java.lang.Object, int, java.lang.Object, java.lang.Object)'> (0x00000000ebaeb648) 
thrown [s\src\hotspot\share\interpreter\linkResolver.cpp, line 759]
Event: 4.566 Thread 0x000001fcfb9d1020 Exception <a 'java/lang/NoSuchMethodError'{0x00000000ec32c290}: 'void java.lang.invoke.DirectMethodHandle$Holder.invokeSpecial(java.lang.Object, java.lang.Object, java.lang.Object, int)'> (0x00000000ec32c290) 
thrown [s\src\hotspot\share\interpreter\linkResolver.cpp, line 759]
Event: 4.657 Thread 0x000001fcfb9d1020 Exception <a 'java/lang/NoSuchMethodError'{0x00000000eb0b7db8}: 'double java.lang.invoke.DirectMethodHandle$Holder.invokeStatic(java.lang.Object, java.lang.Object)'> (0x00000000eb0b7db8) 
thrown [s\src\hotspot\share\interpreter\linkResolver.cpp, line 759]
Event: 4.657 Thread 0x000001fcfb9d1020 Exception <a 'java/lang/NoSuchMethodError'{0x00000000eb0bb6d0}: 'double java.lang.invoke.DirectMethodHandle$Holder.invokeStaticInit(java.lang.Object, java.lang.Object)'> (0x00000000eb0bb6d0) 
thrown [s\src\hotspot\share\interpreter\linkResolver.cpp, line 759]
Event: 4.752 Thread 0x000001fcfb9d1020 Exception <a 'java/io/FileNotFoundException'{0x00000000ec1901f8}> (0x00000000ec1901f8) 
thrown [s\src\hotspot\share\prims\jni.cpp, line 516]
Event: 4.752 Thread 0x000001fcfb9d1020 Exception <a 'java/io/FileNotFoundException'{0x00000000ec191010}> (0x00000000ec191010) 
thrown [s\src\hotspot\share\prims\jni.cpp, line 516]
Event: 4.753 Thread 0x000001fcfb9d1020 Exception <a 'java/io/FileNotFoundException'{0x00000000ec191f78}> (0x00000000ec191f78) 
thrown [s\src\hotspot\share\prims\jni.cpp, line 516]

VM Operations (20 events):
Event: 3.934 Executing VM operation: HandshakeAllThreads
Event: 3.934 Executing VM operation: HandshakeAllThreads done
Event: 4.022 Executing VM operation: HandshakeAllThreads
Event: 4.022 Executing VM operation: HandshakeAllThreads done
Event: 4.238 Executing VM operation: HandshakeAllThreads
Event: 4.238 Executing VM operation: HandshakeAllThreads done
Event: 4.242 Executing VM operation: ParallelGCFailedAllocation
Event: 4.244 Executing VM operation: ParallelGCFailedAllocation done
Event: 4.272 Executing VM operation: HandshakeAllThreads
Event: 4.272 Executing VM operation: HandshakeAllThreads done
Event: 4.278 Executing VM operation: HandshakeAllThreads
Event: 4.278 Executing VM operation: HandshakeAllThreads done
Event: 4.492 Executing VM operation: HandshakeAllThreads
Event: 4.492 Executing VM operation: HandshakeAllThreads done
Event: 4.513 Executing VM operation: HandshakeAllThreads
Event: 4.513 Executing VM operation: HandshakeAllThreads done
Event: 4.577 Executing VM operation: ParallelGCFailedAllocation
Event: 4.581 Executing VM operation: ParallelGCFailedAllocation done
Event: 4.764 Executing VM operation: ParallelGCFailedAllocation
Event: 4.766 Executing VM operation: ParallelGCFailedAllocation done

Memory protections (0 events):
No events

Nmethod flushes (0 events):
No events

Events (20 events):
Event: 0.078 Thread 0x000001fcef8ff210 Thread added: 0x000001fcf9940b00
Event: 0.140 Thread 0x000001fcef8ff210 Thread added: 0x000001fcf9a3ec60
Event: 0.170 Thread 0x000001fcf9931050 Thread added: 0x000001fcf9b05e20
Event: 0.433 Thread 0x000001fcef8ff210 Thread added: 0x000001fcfafba0a0
Event: 0.699 Thread 0x000001fcf9b05e20 Thread exited: 0x000001fcf9b05e20
Event: 0.738 Thread 0x000001fcf9931050 Thread added: 0x000001fcfb089e30
Event: 1.298 Thread 0x000001fcf9931050 Thread added: 0x000001fcfb4d13e0
Event: 1.575 Thread 0x000001fcef8ff210 Thread added: 0x000001fcfb79a010
Event: 1.929 Thread 0x000001fcef8ff210 Thread added: 0x000001fcfb658da0
Event: 1.981 Thread 0x000001fcfb658da0 Thread added: 0x000001fcfb74c500
Event: 1.987 Thread 0x000001fcef8ff210 Thread added: 0x000001fcfb9d1020
Event: 2.032 Thread 0x000001fcfb4d13e0 Thread exited: 0x000001fcfb4d13e0
Event: 2.531 Thread 0x000001fcfb9d1020 Thread added: 0x000001fcfbc44040
Event: 2.775 Thread 0x000001fcfb9d1020 Thread added: 0x000001fcfb39d3d0
Event: 2.960 Thread 0x000001fcfb9d1020 Thread added: 0x000001fcfb39c9b0
Event: 2.980 Thread 0x000001fcfb089e30 Thread exited: 0x000001fcfb089e30
Event: 3.532 Thread 0x000001fcfb9d1020 Thread added: 0x000001fcfb39cec0
Event: 4.039 Thread 0x000001fcfb9d1020 Thread added: 0x000001fcfb39e810
Event: 4.111 Thread 0x000001fcfb9d1020 Thread added: 0x000001fcfb39b060
Event: 4.182 Thread 0x000001fcfb9d1020 Thread added: 0x000001fcfb39b570


Dynamic libraries:
0x00007ff78a340000 - 0x00007ff78a34e000 	c:\Users\yenho\.vscode\extensions\redhat.java-1.38.0-win32-x64\jre\17.0.13-win32-x86_64\bin\java.exe
0x00007fffdc5b0000 - 0x00007fffdc7c7000 	C:\Windows\SYSTEM32\ntdll.dll
0x00007fffda930000 - 0x00007fffda9f4000 	C:\Windows\System32\KERNEL32.DLL
0x00007fffd9a40000 - 0x00007fffd9dfa000 	C:\Windows\System32\KERNELBASE.dll
0x00007fffda110000 - 0x00007fffda221000 	C:\Windows\System32\ucrtbase.dll
0x00007fffa44d0000 - 0x00007fffa44e7000 	c:\Users\yenho\.vscode\extensions\redhat.java-1.38.0-win32-x64\jre\17.0.13-win32-x86_64\bin\jli.dll
0x00007fffda420000 - 0x00007fffda5ce000 	C:\Windows\System32\USER32.dll
0x00007fffd9e00000 - 0x00007fffd9e26000 	C:\Windows\System32\win32u.dll
0x00007fffda5d0000 - 0x00007fffda5f9000 	C:\Windows\System32\GDI32.dll
0x00007fffd9880000 - 0x00007fffd999b000 	C:\Windows\System32\gdi32full.dll
0x00007fffd99a0000 - 0x00007fffd9a3a000 	C:\Windows\System32\msvcp_win.dll
0x00007fffa09a0000 - 0x00007fffa09be000 	c:\Users\yenho\.vscode\extensions\redhat.java-1.38.0-win32-x64\jre\17.0.13-win32-x86_64\bin\VCRUNTIME140.dll
0x00007fffbf570000 - 0x00007fffbf802000 	C:\Windows\WinSxS\amd64_microsoft.windows.common-controls_6595b64144ccf1df_6.0.22621.4541_none_2710d1c57384c085\COMCTL32.dll
0x00007fffda2b0000 - 0x00007fffda357000 	C:\Windows\System32\msvcrt.dll
0x00007fffdb6e0000 - 0x00007fffdb711000 	C:\Windows\System32\IMM32.DLL
0x00007fffc9c60000 - 0x00007fffc9c6c000 	c:\Users\yenho\.vscode\extensions\redhat.java-1.38.0-win32-x64\jre\17.0.13-win32-x86_64\bin\vcruntime140_1.dll
0x00007fffa4440000 - 0x00007fffa44cd000 	c:\Users\yenho\.vscode\extensions\redhat.java-1.38.0-win32-x64\jre\17.0.13-win32-x86_64\bin\msvcp140.dll
0x00007fff3e760000 - 0x00007fff3f3cb000 	c:\Users\yenho\.vscode\extensions\redhat.java-1.38.0-win32-x64\jre\17.0.13-win32-x86_64\bin\server\jvm.dll
0x00007fffda860000 - 0x00007fffda912000 	C:\Windows\System32\ADVAPI32.dll
0x00007fffda370000 - 0x00007fffda417000 	C:\Windows\System32\sechost.dll
0x00007fffd9f70000 - 0x00007fffd9f98000 	C:\Windows\System32\bcrypt.dll
0x00007fffdc2d0000 - 0x00007fffdc3e4000 	C:\Windows\System32\RPCRT4.dll
0x00007fffdb720000 - 0x00007fffdb791000 	C:\Windows\System32\WS2_32.dll
0x00007fffd86d0000 - 0x00007fffd871d000 	C:\Windows\SYSTEM32\POWRPROF.dll
0x00007fffd1c30000 - 0x00007fffd1c3a000 	C:\Windows\SYSTEM32\VERSION.dll
0x00007fffd3d70000 - 0x00007fffd3da4000 	C:\Windows\SYSTEM32\WINMM.dll
0x00007fffd86b0000 - 0x00007fffd86c3000 	C:\Windows\SYSTEM32\UMPDC.dll
0x00007fffd8970000 - 0x00007fffd8988000 	C:\Windows\SYSTEM32\kernel.appcore.dll
0x00007fffc84d0000 - 0x00007fffc84da000 	c:\Users\yenho\.vscode\extensions\redhat.java-1.38.0-win32-x64\jre\17.0.13-win32-x86_64\bin\jimage.dll
0x00007fffd0e40000 - 0x00007fffd1072000 	C:\Windows\SYSTEM32\DBGHELP.DLL
0x00007fffdaa90000 - 0x00007fffdae1f000 	C:\Windows\System32\combase.dll
0x00007fffdae80000 - 0x00007fffdaf57000 	C:\Windows\System32\OLEAUT32.dll
0x00007fffce7a0000 - 0x00007fffce7d2000 	C:\Windows\SYSTEM32\dbgcore.DLL
0x00007fffd9e30000 - 0x00007fffd9eab000 	C:\Windows\System32\bcryptPrimitives.dll
0x00007fffccbb0000 - 0x00007fffccbbe000 	c:\Users\yenho\.vscode\extensions\redhat.java-1.38.0-win32-x64\jre\17.0.13-win32-x86_64\bin\instrument.dll
0x00007fff9fbe0000 - 0x00007fff9fc05000 	c:\Users\yenho\.vscode\extensions\redhat.java-1.38.0-win32-x64\jre\17.0.13-win32-x86_64\bin\java.dll
0x00007fffa09c0000 - 0x00007fffa09d8000 	c:\Users\yenho\.vscode\extensions\redhat.java-1.38.0-win32-x64\jre\17.0.13-win32-x86_64\bin\zip.dll
0x00007fffdba50000 - 0x00007fffdc2c8000 	C:\Windows\System32\SHELL32.dll
0x00007fffd7780000 - 0x00007fffd8088000 	C:\Windows\SYSTEM32\windows.storage.dll
0x00007fffd7640000 - 0x00007fffd777f000 	C:\Windows\SYSTEM32\wintypes.dll
0x00007fffdc3f0000 - 0x00007fffdc4ea000 	C:\Windows\System32\SHCORE.dll
0x00007fffdc4f0000 - 0x00007fffdc54e000 	C:\Windows\System32\shlwapi.dll
0x00007fffd97b0000 - 0x00007fffd97db000 	C:\Windows\SYSTEM32\profapi.dll
0x00007fffc9f90000 - 0x00007fffc9fa9000 	C:\Users\yenho\.vscode\extensions\redhat.java-1.38.0-win32-x64\jre\17.0.13-win32-x86_64\bin\net.dll
0x00007fffd5770000 - 0x00007fffd58a6000 	C:\Windows\SYSTEM32\WINHTTP.dll
0x00007fffd8df0000 - 0x00007fffd8e59000 	C:\Windows\system32\mswsock.dll
0x00007fffc5f00000 - 0x00007fffc5f16000 	C:\Users\yenho\.vscode\extensions\redhat.java-1.38.0-win32-x64\jre\17.0.13-win32-x86_64\bin\nio.dll
0x00007fffc8430000 - 0x00007fffc8440000 	c:\Users\yenho\.vscode\extensions\redhat.java-1.38.0-win32-x64\jre\17.0.13-win32-x86_64\bin\verify.dll
0x00007fff72180000 - 0x00007fff721c5000 	C:\Users\yenho\AppData\Roaming\Code\User\globalStorage\redhat.java\1.38.0\config_win\org.eclipse.equinox.launcher\org.eclipse.equinox.launcher.win32.win32.x86_64_1.2.1100.v20240722-2106\eclipse_11904.dll
0x00007fffdb7a0000 - 0x00007fffdb945000 	C:\Windows\System32\ole32.dll
0x00007fffd9040000 - 0x00007fffd905b000 	C:\Windows\SYSTEM32\CRYPTSP.dll
0x00007fffd88d0000 - 0x00007fffd8905000 	C:\Windows\system32\rsaenh.dll
0x00007fffd8ec0000 - 0x00007fffd8ee8000 	C:\Windows\SYSTEM32\USERENV.dll
0x00007fffd9030000 - 0x00007fffd903c000 	C:\Windows\SYSTEM32\CRYPTBASE.dll
0x00007fffd8360000 - 0x00007fffd838d000 	C:\Windows\SYSTEM32\IPHLPAPI.DLL
0x00007fffdae70000 - 0x00007fffdae79000 	C:\Windows\System32\NSI.dll
0x00007fffd45c0000 - 0x00007fffd45d9000 	C:\Windows\SYSTEM32\dhcpcsvc6.DLL
0x00007fffd4380000 - 0x00007fffd439f000 	C:\Windows\SYSTEM32\dhcpcsvc.DLL
0x00007fffd83d0000 - 0x00007fffd84d2000 	C:\Windows\SYSTEM32\DNSAPI.dll
0x00007fff77ae0000 - 0x00007fff77b29000 	C:\Users\yenho\AppData\Local\Temp\jna-114863977\jna15906078906240211745.dll
0x00007fffda360000 - 0x00007fffda368000 	C:\Windows\System32\PSAPI.DLL

dbghelp: loaded successfully - version: 4.0.5 - missing functions: none
symbol engine: initialized successfully - sym options: 0x614 - pdb path: .;c:\Users\yenho\.vscode\extensions\redhat.java-1.38.0-win32-x64\jre\17.0.13-win32-x86_64\bin;C:\Windows\SYSTEM32;C:\Windows\WinSxS\amd64_microsoft.windows.common-controls_6595b64144ccf1df_6.0.22621.4541_none_2710d1c57384c085;c:\Users\yenho\.vscode\extensions\redhat.java-1.38.0-win32-x64\jre\17.0.13-win32-x86_64\bin\server;C:\Users\yenho\AppData\Roaming\Code\User\globalStorage\redhat.java\1.38.0\config_win\org.eclipse.equinox.launcher\org.eclipse.equinox.launcher.win32.win32.x86_64_1.2.1100.v20240722-2106;C:\Users\yenho\AppData\Local\Temp\jna-114863977

VM Arguments:
jvm_args: --add-modules=ALL-SYSTEM --add-opens=java.base/java.util=ALL-UNNAMED --add-opens=java.base/java.lang=ALL-UNNAMED --add-opens=java.base/sun.nio.fs=ALL-UNNAMED -Declipse.application=org.eclipse.jdt.ls.core.id1 -Dosgi.bundles.defaultStartLevel=4 -Declipse.product=org.eclipse.jdt.ls.core.product -Djava.import.generatesMetadataFilesAtProjectRoot=false -DDetectVMInstallationsJob.disabled=true -Dfile.encoding=utf8 -XX:+UseParallelGC -XX:GCTimeRatio=4 -XX:AdaptiveSizePolicyWeight=90 -Dsun.zip.disableMemoryMapping=true -Xmx1G -Xms100m -Xlog:disable -javaagent:c:\Users\yenho\.vscode\extensions\redhat.java-1.38.0-win32-x64\lombok\lombok-1.18.34.jar -XX:+HeapDumpOnOutOfMemoryError -XX:HeapDumpPath=c:\Users\yenho\AppData\Roaming\Code\User\workspaceStorage\be8ad8b4014e26bb98f6d4fcdc527ed2\redhat.java -Daether.dependencyCollector.impl=bf 
java_command: c:\Users\yenho\.vscode\extensions\redhat.java-1.38.0-win32-x64\server\plugins\org.eclipse.equinox.launcher_1.6.900.v20240613-2009.jar -configuration c:\Users\yenho\AppData\Roaming\Code\User\globalStorage\redhat.java\1.38.0\config_win -data c:\Users\yenho\AppData\Roaming\Code\User\workspaceStorage\be8ad8b4014e26bb98f6d4fcdc527ed2\redhat.java\jdt_ws --pipe=\\.\pipe\lsp-84dfcecb6c5553f2cc35f32cf4798a2a-sock
java_class_path (initial): c:\Users\yenho\.vscode\extensions\redhat.java-1.38.0-win32-x64\server\plugins\org.eclipse.equinox.launcher_1.6.900.v20240613-2009.jar
Launcher Type: SUN_STANDARD

[Global flags]
    uintx AdaptiveSizePolicyWeight                 = 90                                        {product} {command line}
     intx CICompilerCount                          = 4                                         {product} {ergonomic}
    uintx GCTimeRatio                              = 4                                         {product} {command line}
     bool HeapDumpOnOutOfMemoryError               = true                                   {manageable} {command line}
    ccstr HeapDumpPath                             = c:\Users\yenho\AppData\Roaming\Code\User\workspaceStorage\be8ad8b4014e26bb98f6d4fcdc527ed2\redhat.java         {manageable} {command line}
   size_t InitialHeapSize                          = 104857600                                 {product} {command line}
   size_t MaxHeapSize                              = 1073741824                                {product} {command line}
   size_t MaxNewSize                               = 357564416                                 {product} {ergonomic}
   size_t MinHeapDeltaBytes                        = 524288                                    {product} {ergonomic}
   size_t MinHeapSize                              = 104857600                                 {product} {command line}
   size_t NewSize                                  = 34603008                                  {product} {ergonomic}
    uintx NonNMethodCodeHeapSize                   = 5839372                                {pd product} {ergonomic}
    uintx NonProfiledCodeHeapSize                  = 122909434                              {pd product} {ergonomic}
   size_t OldSize                                  = 70254592                                  {product} {ergonomic}
    uintx ProfiledCodeHeapSize                     = 122909434                              {pd product} {ergonomic}
    uintx ReservedCodeCacheSize                    = 251658240                              {pd product} {ergonomic}
     bool SegmentedCodeCache                       = true                                      {product} {ergonomic}
   size_t SoftMaxHeapSize                          = 1073741824                             {manageable} {ergonomic}
     bool UseCompressedClassPointers               = true                           {product lp64_product} {ergonomic}
     bool UseCompressedOops                        = true                           {product lp64_product} {ergonomic}
     bool UseLargePagesIndividualAllocation        = false                                  {pd product} {ergonomic}
     bool UseParallelGC                            = true                                      {product} {command line}

Logging:
Log output configuration:
 #0: stdout all=off uptime,level,tags
 #1: stderr all=off uptime,level,tags

Environment Variables:
JAVA_HOME=C:\Program Files\Java\jdk-17
PATH=C:\Program Files\Common Files\Oracle\Java\javapath;C:\Windows\system32;C:\Windows;C:\Windows\System32\Wbem;C:\Windows\System32\WindowsPowerShell\v1.0\;C:\Windows\System32\OpenSSH\;C:\Program Files (x86)\NVIDIA Corporation\PhysX\Common;C:\Program Files\NVIDIA Corporation\NVIDIA NvDLISR;C:\Windows\system32;C:\Windows;C:\Windows\System32\Wbem;C:\Windows\System32\WindowsPowerShell\v1.0\;C:\Windows\System32\OpenSSH\;C:\Program Files\dotnet\;C:\Program Files (x86)\Yarn\bin\;C:\Program Files\nodejs\;C:\Program Files\Java\jdk-17\bin;C:\Users\yenho\AppData\Local\Android\Sdk\platform-tools;C:\Program Files\Git\cmd;C:\Users\yenho\AppData\Local\Microsoft\WindowsApps;C:\Users\yenho\AppData\Local\Programs\Microsoft VS Code\bin;C:\Users\yenho\.dotnet\tools;C:\Users\yenho\AppData\Local\Yarn\bin;C:\Users\yenho\AppData\Roaming\npm;C:\Users\yenho\AppData\Local\GitHubDesktop\bin
USERNAME=yenho
OS=Windows_NT
PROCESSOR_IDENTIFIER=AMD64 Family 25 Model 68 Stepping 1, AuthenticAMD
TMP=C:\Users\yenho\AppData\Local\Temp
TEMP=C:\Users\yenho\AppData\Local\Temp



Periodic native trim disabled


---------------  S Y S T E M  ---------------

OS:
 Windows 11 , 64 bit Build 22621 (10.0.22621.4391)
OS uptime: 0 days 3:29 hours
Hyper-V role detected

CPU: total 12 (initial active 12) (12 cores per cpu, 2 threads per core) family 25 model 68 stepping 1 microcode 0x0, cx8, cmov, fxsr, ht, mmx, 3dnowpref, sse, sse2, sse3, ssse3, sse4a, sse4.1, sse4.2, popcnt, lzcnt, tsc, tscinvbit, avx, avx2, aes, erms, clmul, bmi1, bmi2, adx, sha, fma, vzeroupper, clflush, clflushopt, hv
Processor Information for all 12 processors :
  Max Mhz: 3301, Current Mhz: 3301, Mhz Limit: 3301

Memory: 4k page, system-wide physical 7365M (318M free)
TotalPageFile size 29893M (AvailPageFile size 62M)
current process WorkingSet (physical memory assigned to process): 137M, peak: 137M
current process commit charge ("private bytes"): 243M, peak: 243M

vm_info: OpenJDK 64-Bit Server VM (17.0.13+11) for windows-amd64 JRE (17.0.13+11), built on Oct 16 2024 00:10:08 by "admin" with MS VC++ 17.7 (VS2022)

END.
