#
# There is insufficient memory for the Java Runtime Environment to continue.
# Native memory allocation (mmap) failed to map 65536 bytes. Error detail: Failed to commit metaspace.
# Possible reasons:
#   The system is out of physical RAM or swap space
#   This process is running with CompressedOops enabled, and the Java Heap may be blocking the growth of the native heap
# Possible solutions:
#   Reduce memory load on the system
#   Increase physical memory or swap space
#   Check if swap backing store is full
#   Decrease Java heap size (-Xmx/-Xms)
#   Decrease number of Java threads
#   Decrease Java thread stack sizes (-Xss)
#   Set larger code cache with -XX:ReservedCodeCacheSize=
#   JVM is running with Unscaled Compressed Oops mode in which the Java heap is
#     placed in the first 4GB address space. The Java Heap base address is the
#     maximum limit for the native heap growth. Please use -XX:HeapBaseMinAddress
#     to set the Java Heap base and to place the Java Heap above 4GB virtual address.
# This output file may be truncated or incomplete.
#
#  Out of Memory Error (virtualSpaceNode.cpp:110), pid=24484, tid=23180
#
# JRE version: OpenJDK Runtime Environment Temurin-17.0.13+11 (17.0.13+11) (build 17.0.13+11)
# Java VM: OpenJDK 64-Bit Server VM Temurin-17.0.13+11 (17.0.13+11, mixed mode, tiered, compressed oops, compressed class ptrs, parallel gc, windows-amd64)
# No core dump will be written. Minidumps are not enabled by default on client versions of Windows
#

---------------  S U M M A R Y ------------

Command Line: --add-modules=ALL-SYSTEM --add-opens=java.base/java.util=ALL-UNNAMED --add-opens=java.base/java.lang=ALL-UNNAMED --add-opens=java.base/sun.nio.fs=ALL-UNNAMED -Declipse.application=org.eclipse.jdt.ls.core.id1 -Dosgi.bundles.defaultStartLevel=4 -Declipse.product=org.eclipse.jdt.ls.core.product -Djava.import.generatesMetadataFilesAtProjectRoot=false -DDetectVMInstallationsJob.disabled=true -Dfile.encoding=utf8 -XX:+UseParallelGC -XX:GCTimeRatio=4 -XX:AdaptiveSizePolicyWeight=90 -Dsun.zip.disableMemoryMapping=true -Xmx1G -Xms100m -Xlog:disable -javaagent:c:\Users\yenho\.vscode\extensions\redhat.java-1.38.0-win32-x64\lombok\lombok-1.18.34.jar c:\Users\yenho\.vscode\extensions\redhat.java-1.38.0-win32-x64\server\plugins\org.eclipse.equinox.launcher_1.6.900.v20240613-2009.jar -configuration c:\Users\yenho\AppData\Roaming\Code\User\globalStorage\redhat.java\1.38.0\config_ss_win -data c:\Users\yenho\AppData\Roaming\Code\User\workspaceStorage\be8ad8b4014e26bb98f6d4fcdc527ed2\redhat.java\ss_ws --pipe=\\.\pipe\lsp-a14c4eeb7d5da7d217dd12360b9aaa3d-sock

Host: AMD Ryzen 5 7535HS with Radeon Graphics        , 12 cores, 7G,  Windows 11 , 64 bit Build 22621 (10.0.22621.4391)
Time: Thu Jan  9 14:38:05 2025 SE Asia Standard Time elapsed time: 1.198695 seconds (0d 0h 0m 1s)

---------------  T H R E A D  ---------------

Current thread (0x0000015ab564e6e0):  JavaThread "main" [_thread_in_vm, id=23180, stack(0x0000003a5e200000,0x0000003a5e300000)]

Stack: [0x0000003a5e200000,0x0000003a5e300000]
Native frames: (J=compiled Java code, j=interpreted, Vv=VM code, C=native code)
V  [jvm.dll+0x682a19]
V  [jvm.dll+0x839538]
V  [jvm.dll+0x83afe3]
V  [jvm.dll+0x83b653]
V  [jvm.dll+0x24704f]
V  [jvm.dll+0x83530d]
V  [jvm.dll+0x62762e]
V  [jvm.dll+0x62769a]
V  [jvm.dll+0x629ec3]
V  [jvm.dll+0x627ff6]
V  [jvm.dll+0x631f37]
V  [jvm.dll+0x1e8b31]
V  [jvm.dll+0x1e913a]
V  [jvm.dll+0x1e9b2d]
V  [jvm.dll+0x1df251]
V  [jvm.dll+0x54611b]
V  [jvm.dll+0x1efdda]
V  [jvm.dll+0x7b243b]
V  [jvm.dll+0x7b3859]
V  [jvm.dll+0x7b3bb8]
V  [jvm.dll+0x23eb4b]
V  [jvm.dll+0x23edaf]
V  [jvm.dll+0x564628]
V  [jvm.dll+0x567547]
V  [jvm.dll+0x385424]
V  [jvm.dll+0x384a7f]
C  0x0000015ac1019d99

The last pc belongs to invokestatic (printed below).
Java frames: (J=compiled Java code, j=interpreted, Vv=VM code)
j  sun.nio.ch.FileLockTable.<init>(Ljava/nio/channels/Channel;Ljava/io/FileDescriptor;)V+11 java.base@17.0.13
j  sun.nio.ch.FileChannelImpl.fileLockTable()Lsun/nio/ch/FileLockTable;+40 java.base@17.0.13
j  sun.nio.ch.FileChannelImpl.tryLock(JJZ)Ljava/nio/channels/FileLock;+59 java.base@17.0.13
j  org.eclipse.osgi.internal.location.Locker_JavaNio.lock()Z+28
j  org.eclipse.osgi.storagemanager.StorageManager.lock(Z)Z+54
j  org.eclipse.osgi.storagemanager.StorageManager.open(Z)V+50
j  org.eclipse.osgi.storage.Storage.getChildStorageManager()Lorg/eclipse/osgi/storagemanager/StorageManager;+57
j  org.eclipse.osgi.storage.Storage.getInfoInputStream()Ljava/io/InputStream;+1
j  org.eclipse.osgi.storage.Storage.<init>(Lorg/eclipse/osgi/internal/framework/EquinoxContainer;[Ljava/lang/String;)V+525
j  org.eclipse.osgi.storage.Storage.createStorage(Lorg/eclipse/osgi/internal/framework/EquinoxContainer;)Lorg/eclipse/osgi/storage/Storage;+11
j  org.eclipse.osgi.internal.framework.EquinoxContainer.<init>(Ljava/util/Map;Lorg/osgi/framework/connect/ModuleConnector;)V+146
j  org.eclipse.osgi.launch.Equinox.<init>(Ljava/util/Map;Lorg/osgi/framework/connect/ModuleConnector;)V+10
j  org.eclipse.osgi.launch.Equinox.<init>(Ljava/util/Map;)V+3
j  org.eclipse.core.runtime.adaptor.EclipseStarter.startup([Ljava/lang/String;Ljava/lang/Runnable;)Lorg/osgi/framework/BundleContext;+28
j  org.eclipse.core.runtime.adaptor.EclipseStarter.run([Ljava/lang/String;Ljava/lang/Runnable;)Ljava/lang/Object;+21
v  ~StubRoutines::call_stub
j  jdk.internal.reflect.NativeMethodAccessorImpl.invoke0(Ljava/lang/reflect/Method;Ljava/lang/Object;[Ljava/lang/Object;)Ljava/lang/Object;+0 java.base@17.0.13
j  jdk.internal.reflect.NativeMethodAccessorImpl.invoke(Ljava/lang/Object;[Ljava/lang/Object;)Ljava/lang/Object;+133 java.base@17.0.13
j  jdk.internal.reflect.DelegatingMethodAccessorImpl.invoke(Ljava/lang/Object;[Ljava/lang/Object;)Ljava/lang/Object;+6 java.base@17.0.13
j  java.lang.reflect.Method.invoke(Ljava/lang/Object;[Ljava/lang/Object;)Ljava/lang/Object;+59 java.base@17.0.13
j  org.eclipse.equinox.launcher.Main.invokeFramework([Ljava/lang/String;[Ljava/net/URL;)V+202
j  org.eclipse.equinox.launcher.Main.basicRun([Ljava/lang/String;)V+159
j  org.eclipse.equinox.launcher.Main.run([Ljava/lang/String;)I+4
j  org.eclipse.equinox.launcher.Main.main([Ljava/lang/String;)V+10
v  ~StubRoutines::call_stub
invokestatic  184 invokestatic  [0x0000015ac1019ce0, 0x0000015ac1019fc0]  736 bytes
[MachCode]
  0x0000015ac1019ce0: 4883 ec08 | c5fa 1104 | 24eb 1f48 | 83ec 10c5 | fb11 0424 | eb14 4883 | ec10 4889 | 0424 48c7 
  0x0000015ac1019d00: 4424 0800 | 0000 00eb | 0150 4c89 | 6dc0 410f | b755 0148 | 8b4d d0c1 | e202 8b5c | d120 c1eb 
  0x0000015ac1019d20: 1081 e3ff | 0000 0081 | fbb8 0000 | 000f 84b6 | 0000 00bb | b800 0000 | e805 0000 | 00e9 9b00 
  0x0000015ac1019d40: 0000 488b | d348 8d44 | 2408 4c89 | 6dc0 498b | cfc5 f877 | 4989 afa8 | 0200 0049 | 8987 9802 
  0x0000015ac1019d60: 0000 4883 | ec20 f7c4 | 0f00 0000 | 0f84 1a00 | 0000 4883 | ec08 49ba | 104a 7e35 | fc7f 0000 
  0x0000015ac1019d80: 41ff d248 | 83c4 08e9 | 0d00 0000 | 49ba 104a | 7e35 fc7f | 0000 41ff | d248 83c4 | 2049 c787 
  0x0000015ac1019da0: 9802 0000 | 0000 0000 | 49c7 87a8 | 0200 0000 | 0000 0049 | c787 a002 | 0000 0000 | 0000 c5f8 
  0x0000015ac1019dc0: 7749 817f | 0800 0000 | 000f 8405 | 0000 00e9 | 2c71 feff | 4c8b 6dc0 | 4c8b 75c8 | c341 0fb7 
  0x0000015ac1019de0: 5501 488b | 4dd0 c1e2 | 0248 8b5c | d128 488b | 5b08 488b | 5b08 488b | 5b18 80bb | 3301 0000 
  0x0000015ac1019e00: 040f 840d | 0000 004c | 3bbb 3801 | 0000 0f85 | 1fff ffff | 488b 5cd1 | 288b 54d1 | 38c1 ea1c 
  0x0000015ac1019e20: 49ba 10f6 | 0036 fc7f | 0000 498b | 14d2 5248 | 8b45 d848 | 85c0 0f84 | 1200 0000 | 4883 4008 
  0x0000015ac1019e40: 0148 8358 | 0800 4883 | c010 4889 | 45d8 488b | 45d8 4885 | c00f 8445 | 0100 0080 | 78f0 0a0f 
  0x0000015ac1019e60: 853b 0100 | 0048 83c0 | 084c 8b68 | f841 83ed | 0041 83fd | 020f 8c1a | 0100 004c | 8b6b 0845 
  0x0000015ac1019e80: 0fb7 6d2c | 4c2b 2841 | 83ed 014e | 8b6c ec08 | 4d85 ed75 | 1248 f740 | 0801 0000 | 0075 58f0 
  0x0000015ac1019ea0: 4883 4808 | 01eb 5045 | 8b6d 0849 | c1e5 034d | 8bd5 4c33 | 6808 49f7 | c5fc ffff | ff74 3849 
  0x0000015ac1019ec0: f7c5 0200 | 0000 752f | 4881 7808 | 0000 0000 | 7421 4881 | 7808 0100 | 0000 7417 | 4d8b ea4c 
  0x0000015ac1019ee0: 3368 0849 | f7c5 fcff | ffff 740b | 4883 4808 | 02eb 044c | 8968 0848 | 83c0 104c | 8b68 e841 
  0x0000015ac1019f00: 83ed 0241 | 83fd 020f | 8c88 0000 | 004c 8b6b | 0845 0fb7 | 6d2c 4c2b | 2841 83ed | 014e 8b6c 
  0x0000015ac1019f20: ec08 4d85 | ed75 1248 | f740 0801 | 0000 0075 | 58f0 4883 | 4808 01eb | 5045 8b6d | 0849 c1e5 
  0x0000015ac1019f40: 034d 8bd5 | 4c33 6808 | 49f7 c5fc | ffff ff74 | 3849 f7c5 | 0200 0000 | 752f 4881 | 7808 0000 
  0x0000015ac1019f60: 0000 7421 | 4881 7808 | 0100 0000 | 7417 4d8b | ea4c 3368 | 0849 f7c5 | fcff ffff | 740b 4883 
  0x0000015ac1019f80: 4808 02eb | 044c 8968 | 0848 83c0 | 104c 8b68 | d841 83ed | 0441 c1e5 | 0349 03c5 | 4889 45d8 
  0x0000015ac1019fa0: 4c8d 6c24 | 084c 896d | f0ff 6350 | 0f1f 4000 | 0000 0000 | 0000 0000 | 0000 0000 | 0000 0000 
[/MachCode]

---------------  P R O C E S S  ---------------

Threads class SMR info:
_java_thread_list=0x0000015ad1cb42d0, length=13, elements={
0x0000015ab564e6e0, 0x0000015acb434020, 0x0000015acb435290, 0x0000015acb43dec0,
0x0000015acb43e790, 0x0000015ad04e53f0, 0x0000015ad04e7cd0, 0x0000015ad04e88d0,
0x0000015ad054dff0, 0x0000015ad054ecb0, 0x0000015ad05a8ce0, 0x0000015ad0602610,
0x0000015ad1d74ab0
}

Java Threads: ( => current thread )
=>0x0000015ab564e6e0 JavaThread "main" [_thread_in_vm, id=23180, stack(0x0000003a5e200000,0x0000003a5e300000)]
  0x0000015acb434020 JavaThread "Reference Handler" daemon [_thread_blocked, id=24528, stack(0x0000003a5e500000,0x0000003a5e600000)]
  0x0000015acb435290 JavaThread "Finalizer" daemon [_thread_blocked, id=22940, stack(0x0000003a5e600000,0x0000003a5e700000)]
  0x0000015acb43dec0 JavaThread "Signal Dispatcher" daemon [_thread_blocked, id=6048, stack(0x0000003a5e700000,0x0000003a5e800000)]
  0x0000015acb43e790 JavaThread "Attach Listener" daemon [_thread_blocked, id=16900, stack(0x0000003a5e800000,0x0000003a5e900000)]
  0x0000015ad04e53f0 JavaThread "Service Thread" daemon [_thread_blocked, id=23068, stack(0x0000003a5e900000,0x0000003a5ea00000)]
  0x0000015ad04e7cd0 JavaThread "Monitor Deflation Thread" daemon [_thread_blocked, id=23472, stack(0x0000003a5ea00000,0x0000003a5eb00000)]
  0x0000015ad04e88d0 JavaThread "C2 CompilerThread0" daemon [_thread_blocked, id=21576, stack(0x0000003a5eb00000,0x0000003a5ec00000)]
  0x0000015ad054dff0 JavaThread "C1 CompilerThread0" daemon [_thread_blocked, id=24492, stack(0x0000003a5ec00000,0x0000003a5ed00000)]
  0x0000015ad054ecb0 JavaThread "Sweeper thread" daemon [_thread_blocked, id=18916, stack(0x0000003a5ed00000,0x0000003a5ee00000)]
  0x0000015ad05a8ce0 JavaThread "Common-Cleaner" daemon [_thread_blocked, id=20336, stack(0x0000003a5ee00000,0x0000003a5ef00000)]
  0x0000015ad0602610 JavaThread "C2 CompilerThread1" daemon [_thread_blocked, id=2152, stack(0x0000003a5ef00000,0x0000003a5f000000)]
  0x0000015ad1d74ab0 JavaThread "Notification Thread" daemon [_thread_blocked, id=13172, stack(0x0000003a5f000000,0x0000003a5f100000)]

Other Threads:
  0x0000015ab56d60f0 VMThread "VM Thread" [stack: 0x0000003a5e400000,0x0000003a5e500000] [id=12056]
  0x0000015ad1cb2390 WatcherThread [stack: 0x0000003a5f100000,0x0000003a5f200000] [id=16812]
  0x0000015ab5664300 GCTaskThread "GC Thread#0" [stack: 0x0000003a5e300000,0x0000003a5e400000] [id=11320]
  0x0000015ad246f380 GCTaskThread "GC Thread#1" [stack: 0x0000003a5f200000,0x0000003a5f300000] [id=6676]
  0x0000015ad2603390 GCTaskThread "GC Thread#2" [stack: 0x0000003a5f300000,0x0000003a5f400000] [id=12080]
  0x0000015ad2603650 GCTaskThread "GC Thread#3" [stack: 0x0000003a5f400000,0x0000003a5f500000] [id=22648]
  0x0000015ad26172e0 GCTaskThread "GC Thread#4" [stack: 0x0000003a5f500000,0x0000003a5f600000] [id=16740]
  0x0000015ad26175a0 GCTaskThread "GC Thread#5" [stack: 0x0000003a5f600000,0x0000003a5f700000] [id=23960]
  0x0000015ad2617860 GCTaskThread "GC Thread#6" [stack: 0x0000003a5f700000,0x0000003a5f800000] [id=11004]

Threads with active compile tasks:

VM state: not at safepoint (normal execution)

VM Mutex/Monitor currently owned by a thread:  ([mutex/lock_event])
[0x0000015ab56492e0] Metaspace_lock - owner thread: 0x0000015ab564e6e0

Heap address: 0x00000000c0000000, size: 1024 MB, Compressed Oops mode: 32-bit

CDS archive(s) not mapped
Compressed class space mapped at: 0x0000000100000000-0x0000000140000000, reserved size: 1073741824
Narrow klass base: 0x0000000000000000, Narrow klass shift: 3, Narrow klass range: 0x140000000

GC Precious Log:
 CPUs: 12 total, 12 available
 Memory: 7365M
 Large Page Support: Disabled
 NUMA Support: Disabled
 Compressed Oops: Enabled (32-bit)
 Alignments: Space 512K, Generation 512K, Heap 2M
 Heap Min Capacity: 100M
 Heap Initial Capacity: 100M
 Heap Max Capacity: 1G
 Pre-touch: Disabled
 Parallel Workers: 10

Heap:
 PSYoungGen      total 29696K, used 4463K [0x00000000eab00000, 0x00000000ecc00000, 0x0000000100000000)
  eden space 25600K, 4% used [0x00000000eab00000,0x00000000eac3a920,0x00000000ec400000)
  from space 4096K, 78% used [0x00000000ec400000,0x00000000ec721508,0x00000000ec800000)
  to   space 4096K, 0% used [0x00000000ec800000,0x00000000ec800000,0x00000000ecc00000)
 ParOldGen       total 68608K, used 16K [0x00000000c0000000, 0x00000000c4300000, 0x00000000eab00000)
  object space 68608K, 0% used [0x00000000c0000000,0x00000000c0004000,0x00000000c4300000)
 Metaspace       used 11159K, committed 11328K, reserved 1114112K
  class space    used 1117K, committed 1216K, reserved 1048576K

Card table byte_map: [0x0000015ac8cb0000,0x0000015ac8ec0000] _byte_map_base: 0x0000015ac86b0000

Marking Bits: (ParMarkBitMap*) 0x00007ffc36006940
 Begin Bits: [0x0000015ac9020000, 0x0000015aca020000)
 End Bits:   [0x0000015aca020000, 0x0000015acb020000)

Polling page: 0x0000015ab5700000

Metaspace:

Usage:
  Non-class:      9.81 MB used.
      Class:      1.09 MB used.
       Both:     10.90 MB used.

Virtual space:
  Non-class space:       64.00 MB reserved,       9.88 MB ( 15%) committed,  1 nodes.
      Class space:        1.00 GB reserved,       1.19 MB ( <1%) committed,  1 nodes.
             Both:        1.06 GB reserved,      11.06 MB (  1%) committed. 

Chunk freelists:
   Non-Class:  6.11 MB
       Class:  14.68 MB
        Both:  20.79 MB

MaxMetaspaceSize: unlimited
CompressedClassSpaceSize: 1.00 GB
Initial GC threshold: 21.00 MB
Current GC threshold: 21.00 MB
CDS: off
MetaspaceReclaimPolicy: balanced
 - commit_granule_bytes: 65536.
 - commit_granule_words: 8192.
 - virtual_space_node_default_size: 8388608.
 - enlarge_chunks_in_place: 1.
 - new_chunks_are_fully_committed: 0.
 - uncommit_free_chunks: 1.
 - use_allocation_guard: 0.
 - handle_deallocations: 1.


Internal statistics:

num_allocs_failed_limit: 0.
num_arena_births: 30.
num_arena_deaths: 0.
num_vsnodes_births: 2.
num_vsnodes_deaths: 0.
num_space_committed: 177.
num_space_uncommitted: 0.
num_chunks_returned_to_freelist: 0.
num_chunks_taken_from_freelist: 103.
num_chunk_merges: 0.
num_chunk_splits: 72.
num_chunks_enlarged: 61.
num_inconsistent_stats: 0.

CodeHeap 'non-profiled nmethods': size=120000Kb used=411Kb max_used=411Kb free=119588Kb
 bounds [0x0000015ac15a0000, 0x0000015ac1810000, 0x0000015ac8ad0000]
CodeHeap 'profiled nmethods': size=120000Kb used=1604Kb max_used=1604Kb free=118395Kb
 bounds [0x0000015ab9ad0000, 0x0000015ab9d40000, 0x0000015ac1000000]
CodeHeap 'non-nmethods': size=5760Kb used=1141Kb max_used=1165Kb free=4618Kb
 bounds [0x0000015ac1000000, 0x0000015ac1270000, 0x0000015ac15a0000]
 total_blobs=1430 nmethods=996 adapters=349
 compilation: enabled
              stopped_count=0, restarted_count=0
 full_count=0

Compilation events (20 events):
Event: 1.171 Thread 0x0000015ad054dff0  987       3       java.lang.SecurityManager::lambda$addNonExportedPackages$1 (14 bytes)
Event: 1.171 Thread 0x0000015ad054dff0 nmethod 987 0x0000015ab9c5db10 code [0x0000015ab9c5dcc0, 0x0000015ab9c5df48]
Event: 1.171 Thread 0x0000015ad054dff0  988       1       java.util.stream.AbstractPipeline::getStreamAndOpFlags (5 bytes)
Event: 1.171 Thread 0x0000015ad054dff0 nmethod 988 0x0000015ac1606090 code [0x0000015ac1606220, 0x0000015ac16062f8]
Event: 1.171 Thread 0x0000015ad04e88d0  989       4       java.lang.Integer::numberOfLeadingZeros (79 bytes)
Event: 1.171 Thread 0x0000015ad054dff0  990       3       java.lang.SecurityManager$$Lambda$48/0x0000000100144d18::test (8 bytes)
Event: 1.171 Thread 0x0000015ad054dff0 nmethod 990 0x0000015ab9c5e010 code [0x0000015ab9c5e1c0, 0x0000015ab9c5e3e8]
Event: 1.171 Thread 0x0000015ad054dff0  991       3       java.lang.SecurityManager::lambda$nonExportedPkgs$2 (13 bytes)
Event: 1.172 Thread 0x0000015ad054dff0 nmethod 991 0x0000015ab9c5e490 code [0x0000015ab9c5e640, 0x0000015ab9c5e928]
Event: 1.172 Thread 0x0000015ad054dff0  992       3       java.util.HashSet::remove (20 bytes)
Event: 1.172 Thread 0x0000015ad04e88d0 nmethod 989 0x0000015ac1606790 code [0x0000015ac1606900, 0x0000015ac16069b8]
Event: 1.172 Thread 0x0000015ad054dff0 nmethod 992 0x0000015ab9c5ea10 code [0x0000015ab9c5ebc0, 0x0000015ab9c5ede8]
Event: 1.172 Thread 0x0000015ad054dff0  995       3       java.util.stream.ReferencePipeline$StatelessOp::<init> (29 bytes)
Event: 1.172 Thread 0x0000015ad054dff0 nmethod 995 0x0000015ab9c5ee90 code [0x0000015ab9c5f040, 0x0000015ab9c5f208]
Event: 1.172 Thread 0x0000015ad054dff0  993       1       java.util.ImmutableCollections$SetN::size (5 bytes)
Event: 1.172 Thread 0x0000015ad054dff0 nmethod 993 0x0000015ac1606a90 code [0x0000015ac1606c20, 0x0000015ac1606cf8]
Event: 1.172 Thread 0x0000015ad054dff0  996       3       sun.net.util.IPAddressUtil::scan (92 bytes)
Event: 1.173 Thread 0x0000015ad054dff0 nmethod 996 0x0000015ab9c5f310 code [0x0000015ab9c5f580, 0x0000015ab9c60078]
Event: 1.174 Thread 0x0000015ad054dff0  997       3       jdk.internal.loader.BuiltinClassLoader::findLoadedModule (33 bytes)
Event: 1.175 Thread 0x0000015ad054dff0 nmethod 997 0x0000015ab9c60610 code [0x0000015ab9c60820, 0x0000015ab9c60e38]

GC Heap History (2 events):
Event: 1.143 GC heap before
{Heap before GC invocations=1 (full 0):
 PSYoungGen      total 29696K, used 25600K [0x00000000eab00000, 0x00000000ecc00000, 0x0000000100000000)
  eden space 25600K, 100% used [0x00000000eab00000,0x00000000ec400000,0x00000000ec400000)
  from space 4096K, 0% used [0x00000000ec800000,0x00000000ec800000,0x00000000ecc00000)
  to   space 4096K, 0% used [0x00000000ec400000,0x00000000ec400000,0x00000000ec800000)
 ParOldGen       total 68608K, used 0K [0x00000000c0000000, 0x00000000c4300000, 0x00000000eab00000)
  object space 68608K, 0% used [0x00000000c0000000,0x00000000c0000000,0x00000000c4300000)
 Metaspace       used 10937K, committed 11072K, reserved 1114112K
  class space    used 1086K, committed 1152K, reserved 1048576K
}
Event: 1.152 GC heap after
{Heap after GC invocations=1 (full 0):
 PSYoungGen      total 29696K, used 3205K [0x00000000eab00000, 0x00000000ecc00000, 0x0000000100000000)
  eden space 25600K, 0% used [0x00000000eab00000,0x00000000eab00000,0x00000000ec400000)
  from space 4096K, 78% used [0x00000000ec400000,0x00000000ec721508,0x00000000ec800000)
  to   space 4096K, 0% used [0x00000000ec800000,0x00000000ec800000,0x00000000ecc00000)
 ParOldGen       total 68608K, used 16K [0x00000000c0000000, 0x00000000c4300000, 0x00000000eab00000)
  object space 68608K, 0% used [0x00000000c0000000,0x00000000c0004000,0x00000000c4300000)
 Metaspace       used 10937K, committed 11072K, reserved 1114112K
  class space    used 1086K, committed 1152K, reserved 1048576K
}

Dll operation events (8 events):
Event: 0.021 Loaded shared library c:\Users\yenho\.vscode\extensions\redhat.java-1.38.0-win32-x64\jre\17.0.13-win32-x86_64\bin\java.dll
Event: 0.268 Loaded shared library c:\Users\yenho\.vscode\extensions\redhat.java-1.38.0-win32-x64\jre\17.0.13-win32-x86_64\bin\zip.dll
Event: 0.272 Loaded shared library C:\Users\yenho\.vscode\extensions\redhat.java-1.38.0-win32-x64\jre\17.0.13-win32-x86_64\bin\instrument.dll
Event: 0.287 Loaded shared library C:\Users\yenho\.vscode\extensions\redhat.java-1.38.0-win32-x64\jre\17.0.13-win32-x86_64\bin\net.dll
Event: 0.290 Loaded shared library C:\Users\yenho\.vscode\extensions\redhat.java-1.38.0-win32-x64\jre\17.0.13-win32-x86_64\bin\nio.dll
Event: 0.299 Loaded shared library C:\Users\yenho\.vscode\extensions\redhat.java-1.38.0-win32-x64\jre\17.0.13-win32-x86_64\bin\zip.dll
Event: 0.318 Loaded shared library C:\Users\yenho\.vscode\extensions\redhat.java-1.38.0-win32-x64\jre\17.0.13-win32-x86_64\bin\jimage.dll
Event: 0.399 Loaded shared library c:\Users\yenho\.vscode\extensions\redhat.java-1.38.0-win32-x64\jre\17.0.13-win32-x86_64\bin\verify.dll

Deoptimization events (20 events):
Event: 1.073 Thread 0x0000015ab564e6e0 Uncommon trap: trap_request=0xffffffde fr.pc=0x0000015ac15e3194 relative=0x0000000000000534
Event: 1.073 Thread 0x0000015ab564e6e0 Uncommon trap: reason=class_check action=maybe_recompile pc=0x0000015ac15e3194 method=java.util.Collections$UnmodifiableCollection$1.<init>(Ljava/util/Collections$UnmodifiableCollection;)V @ 17 c2
Event: 1.073 Thread 0x0000015ab564e6e0 DEOPT PACKING pc=0x0000015ac15e3194 sp=0x0000003a5e2fe3b0
Event: 1.073 Thread 0x0000015ab564e6e0 DEOPT UNPACKING pc=0x0000015ac10566a3 sp=0x0000003a5e2fe2f8 mode 2
Event: 1.073 Thread 0x0000015ab564e6e0 Uncommon trap: trap_request=0xffffff45 fr.pc=0x0000015ac15ee0c0 relative=0x0000000000000280
Event: 1.073 Thread 0x0000015ab564e6e0 Uncommon trap: reason=unstable_if action=reinterpret pc=0x0000015ac15ee0c0 method=java.util.HashMap.hash(Ljava/lang/Object;)I @ 1 c2
Event: 1.073 Thread 0x0000015ab564e6e0 DEOPT PACKING pc=0x0000015ac15ee0c0 sp=0x0000003a5e2fe360
Event: 1.073 Thread 0x0000015ab564e6e0 DEOPT UNPACKING pc=0x0000015ac10566a3 sp=0x0000003a5e2fe1f8 mode 2
Event: 1.073 Thread 0x0000015ab564e6e0 Uncommon trap: trap_request=0xffffff45 fr.pc=0x0000015ac15ed4f4 relative=0x00000000000002b4
Event: 1.073 Thread 0x0000015ab564e6e0 Uncommon trap: reason=unstable_if action=reinterpret pc=0x0000015ac15ed4f4 method=java.util.HashMap.hash(Ljava/lang/Object;)I @ 1 c2
Event: 1.073 Thread 0x0000015ab564e6e0 DEOPT PACKING pc=0x0000015ac15ed4f4 sp=0x0000003a5e2fe3f0
Event: 1.073 Thread 0x0000015ab564e6e0 DEOPT UNPACKING pc=0x0000015ac10566a3 sp=0x0000003a5e2fe308 mode 2
Event: 1.073 Thread 0x0000015ab564e6e0 Uncommon trap: trap_request=0xffffffde fr.pc=0x0000015ac15e3194 relative=0x0000000000000534
Event: 1.073 Thread 0x0000015ab564e6e0 Uncommon trap: reason=class_check action=maybe_recompile pc=0x0000015ac15e3194 method=java.util.Collections$UnmodifiableCollection$1.<init>(Ljava/util/Collections$UnmodifiableCollection;)V @ 17 c2
Event: 1.073 Thread 0x0000015ab564e6e0 DEOPT PACKING pc=0x0000015ac15e3194 sp=0x0000003a5e2fe3b0
Event: 1.073 Thread 0x0000015ab564e6e0 DEOPT UNPACKING pc=0x0000015ac10566a3 sp=0x0000003a5e2fe2f8 mode 2
Event: 1.073 Thread 0x0000015ab564e6e0 Uncommon trap: trap_request=0xffffff45 fr.pc=0x0000015ac15e8a94 relative=0x0000000000000094
Event: 1.073 Thread 0x0000015ab564e6e0 Uncommon trap: reason=unstable_if action=reinterpret pc=0x0000015ac15e8a94 method=java.util.HashMap.hash(Ljava/lang/Object;)I @ 1 c2
Event: 1.073 Thread 0x0000015ab564e6e0 DEOPT PACKING pc=0x0000015ac15e8a94 sp=0x0000003a5e2fe260
Event: 1.073 Thread 0x0000015ab564e6e0 DEOPT UNPACKING pc=0x0000015ac10566a3 sp=0x0000003a5e2fe1f8 mode 2

Classes loaded (20 events):
Event: 1.186 Loading class java/nio/file/attribute/FileAttribute done
Event: 1.186 Loading class sun/nio/ch/IOUtil
Event: 1.187 Loading class sun/nio/ch/IOUtil done
Event: 1.194 Loading class sun/nio/ch/NativeThreadSet
Event: 1.194 Loading class sun/nio/ch/NativeThreadSet done
Event: 1.194 Loading class sun/nio/ch/FileDispatcherImpl
Event: 1.194 Loading class sun/nio/ch/FileDispatcher
Event: 1.194 Loading class sun/nio/ch/NativeDispatcher
Event: 1.194 Loading class sun/nio/ch/NativeDispatcher done
Event: 1.194 Loading class sun/nio/ch/FileDispatcher done
Event: 1.194 Loading class sun/nio/ch/FileDispatcherImpl done
Event: 1.194 Loading class sun/nio/ch/FileLockImpl
Event: 1.195 Loading class java/nio/channels/FileLock
Event: 1.195 Loading class java/nio/channels/FileLock done
Event: 1.195 Loading class sun/nio/ch/FileLockImpl done
Event: 1.195 Loading class sun/nio/ch/NativeThread
Event: 1.195 Loading class sun/nio/ch/NativeThread done
Event: 1.195 Loading class sun/nio/ch/FileLockTable
Event: 1.195 Loading class sun/nio/ch/FileLockTable done
Event: 1.196 Loading class sun/nio/ch/FileKey

Classes unloaded (0 events):
No events

Classes redefined (0 events):
No events

Internal exceptions (20 events):
Event: 0.751 Thread 0x0000015ab564e6e0 Exception <a 'java/io/FileNotFoundException'{0x00000000eb895fe0}> (0x00000000eb895fe0) 
thrown [s\src\hotspot\share\prims\jni.cpp, line 516]
Event: 0.752 Thread 0x0000015ab564e6e0 Exception <a 'java/io/FileNotFoundException'{0x00000000eb896d00}> (0x00000000eb896d00) 
thrown [s\src\hotspot\share\prims\jni.cpp, line 516]
Event: 0.752 Thread 0x0000015ab564e6e0 Exception <a 'java/io/FileNotFoundException'{0x00000000eb897a00}> (0x00000000eb897a00) 
thrown [s\src\hotspot\share\prims\jni.cpp, line 516]
Event: 0.752 Thread 0x0000015ab564e6e0 Exception <a 'java/io/FileNotFoundException'{0x00000000eb8986d0}> (0x00000000eb8986d0) 
thrown [s\src\hotspot\share\prims\jni.cpp, line 516]
Event: 0.768 Thread 0x0000015ab564e6e0 Implicit null exception at 0x0000015ac15c68f2 to 0x0000015ac15c6e10
Event: 0.774 Thread 0x0000015ab564e6e0 Exception <a 'java/io/FileNotFoundException'{0x00000000eb8d34e0}> (0x00000000eb8d34e0) 
thrown [s\src\hotspot\share\prims\jni.cpp, line 516]
Event: 1.001 Thread 0x0000015ab564e6e0 Exception <a 'java/lang/ClassNotFoundException'{0x00000000ec1146e0}: sun/net/www/protocol/c/Handler> (0x00000000ec1146e0) 
thrown [s\src\hotspot\share\classfile\systemDictionary.cpp, line 256]
Event: 1.001 Thread 0x0000015ab564e6e0 Exception <a 'java/lang/ClassNotFoundException'{0x00000000ec115a40}: sun/net/www/protocol/c/Handler> (0x00000000ec115a40) 
thrown [s\src\hotspot\share\classfile\systemDictionary.cpp, line 256]
Event: 1.001 Thread 0x0000015ab564e6e0 Exception <a 'java/lang/ClassNotFoundException'{0x00000000ec116be0}: sun/net/www/protocol/c/Handler> (0x00000000ec116be0) 
thrown [s\src\hotspot\share\classfile\systemDictionary.cpp, line 256]
Event: 1.014 Thread 0x0000015ab564e6e0 Exception <a 'java/io/FileNotFoundException'{0x00000000ec13a220}> (0x00000000ec13a220) 
thrown [s\src\hotspot\share\prims\jni.cpp, line 516]
Event: 1.073 Thread 0x0000015ab564e6e0 Implicit null exception at 0x0000015ac15f74fb to 0x0000015ac15f7e80
Event: 1.073 Thread 0x0000015ab564e6e0 Implicit null exception at 0x0000015ac15ede8c to 0x0000015ac15ee0a4
Event: 1.073 Thread 0x0000015ab564e6e0 Implicit null exception at 0x0000015ac15ed28e to 0x0000015ac15ed4d4
Event: 1.073 Thread 0x0000015ab564e6e0 Implicit null exception at 0x0000015ac15e8a0f to 0x0000015ac15e8a85
Event: 1.158 Thread 0x0000015ab564e6e0 Exception <a 'java/lang/NoSuchMethodError'{0x00000000eab160a0}: 'int java.lang.invoke.DirectMethodHandle$Holder.invokeStaticInit(java.lang.Object, java.lang.Object, java.lang.Object, java.lang.Object)'> (0x00000000eab160a0) 
thrown [s\src\hotspot\share\interpreter\linkResolver.cpp, line 759]
Event: 1.161 Thread 0x0000015ab564e6e0 Exception <a 'java/lang/NoSuchMethodError'{0x00000000eab20808}: 'java.lang.Object java.lang.invoke.DirectMethodHandle$Holder.invokeInterface(java.lang.Object, java.lang.Object)'> (0x00000000eab20808) 
thrown [s\src\hotspot\share\interpreter\linkResolver.cpp, line 759]
Event: 1.162 Thread 0x0000015ab564e6e0 Exception <a 'java/lang/IncompatibleClassChangeError'{0x00000000eab24000}: Found class java.lang.Object, but interface was expected> (0x00000000eab24000) 
thrown [s\src\hotspot\share\interpreter\linkResolver.cpp, line 826]
Event: 1.163 Thread 0x0000015ab564e6e0 Exception <a 'java/lang/NoSuchMethodError'{0x00000000eab284e0}: 'void java.lang.invoke.DirectMethodHandle$Holder.invokeStatic(java.lang.Object, java.lang.Object)'> (0x00000000eab284e0) 
thrown [s\src\hotspot\share\interpreter\linkResolver.cpp, line 759]
Event: 1.164 Thread 0x0000015ab564e6e0 Exception <a 'java/lang/NoSuchMethodError'{0x00000000eab2bce0}: 'void java.lang.invoke.DirectMethodHandle$Holder.invokeStaticInit(java.lang.Object, java.lang.Object)'> (0x00000000eab2bce0) 
thrown [s\src\hotspot\share\interpreter\linkResolver.cpp, line 759]
Event: 1.166 Thread 0x0000015ab564e6e0 Exception <a 'java/lang/NoSuchMethodError'{0x00000000eab331e0}: 'int java.lang.invoke.DirectMethodHandle$Holder.invokeStaticInit(java.lang.Object, java.lang.Object)'> (0x00000000eab331e0) 
thrown [s\src\hotspot\share\interpreter\linkResolver.cpp, line 759]

VM Operations (12 events):
Event: 0.245 Executing VM operation: HandshakeAllThreads
Event: 0.245 Executing VM operation: HandshakeAllThreads done
Event: 0.714 Executing VM operation: HandshakeAllThreads
Event: 0.714 Executing VM operation: HandshakeAllThreads done
Event: 0.731 Executing VM operation: HandshakeAllThreads
Event: 0.731 Executing VM operation: HandshakeAllThreads done
Event: 0.970 Executing VM operation: ICBufferFull
Event: 0.970 Executing VM operation: ICBufferFull done
Event: 0.977 Executing VM operation: HandshakeAllThreads
Event: 0.977 Executing VM operation: HandshakeAllThreads done
Event: 1.143 Executing VM operation: ParallelGCFailedAllocation
Event: 1.152 Executing VM operation: ParallelGCFailedAllocation done

Memory protections (0 events):
No events

Nmethod flushes (0 events):
No events

Events (13 events):
Event: 0.080 Thread 0x0000015ab564e6e0 Thread added: 0x0000015ab564e6e0
Event: 0.098 Thread 0x0000015ab564e6e0 Thread added: 0x0000015acb434020
Event: 0.098 Thread 0x0000015ab564e6e0 Thread added: 0x0000015acb435290
Event: 0.128 Thread 0x0000015ab564e6e0 Thread added: 0x0000015acb43dec0
Event: 0.128 Thread 0x0000015ab564e6e0 Thread added: 0x0000015acb43e790
Event: 0.128 Thread 0x0000015ab564e6e0 Thread added: 0x0000015ad04e53f0
Event: 0.128 Thread 0x0000015ab564e6e0 Thread added: 0x0000015ad04e7cd0
Event: 0.128 Thread 0x0000015ab564e6e0 Thread added: 0x0000015ad04e88d0
Event: 0.136 Thread 0x0000015ab564e6e0 Thread added: 0x0000015ad054dff0
Event: 0.137 Thread 0x0000015ab564e6e0 Thread added: 0x0000015ad054ecb0
Event: 0.216 Thread 0x0000015ab564e6e0 Thread added: 0x0000015ad05a8ce0
Event: 0.253 Thread 0x0000015ad054dff0 Thread added: 0x0000015ad0602610
Event: 0.524 Thread 0x0000015ab564e6e0 Thread added: 0x0000015ad1d74ab0


Dynamic libraries:
0x00007ff7505a0000 - 0x00007ff7505ae000 	c:\Users\yenho\.vscode\extensions\redhat.java-1.38.0-win32-x64\jre\17.0.13-win32-x86_64\bin\java.exe
0x00007ffca76b0000 - 0x00007ffca78c7000 	C:\Windows\SYSTEM32\ntdll.dll
0x00007ffca6cb0000 - 0x00007ffca6d74000 	C:\Windows\System32\KERNEL32.DLL
0x00007ffca4ff0000 - 0x00007ffca53aa000 	C:\Windows\System32\KERNELBASE.dll
0x00007ffca4bc0000 - 0x00007ffca4cd1000 	C:\Windows\System32\ucrtbase.dll
0x00007ffca0300000 - 0x00007ffca0317000 	c:\Users\yenho\.vscode\extensions\redhat.java-1.38.0-win32-x64\jre\17.0.13-win32-x86_64\bin\jli.dll
0x00007ffca5a90000 - 0x00007ffca5c3e000 	C:\Windows\System32\USER32.dll
0x00007ffca4980000 - 0x00007ffca49a6000 	C:\Windows\System32\win32u.dll
0x00007ffca63f0000 - 0x00007ffca6419000 	C:\Windows\System32\GDI32.dll
0x00007ffca4e10000 - 0x00007ffca4f2b000 	C:\Windows\System32\gdi32full.dll
0x00007ffca49b0000 - 0x00007ffca4a4a000 	C:\Windows\System32\msvcp_win.dll
0x00007ffca02e0000 - 0x00007ffca02fe000 	c:\Users\yenho\.vscode\extensions\redhat.java-1.38.0-win32-x64\jre\17.0.13-win32-x86_64\bin\VCRUNTIME140.dll
0x00007ffc91a90000 - 0x00007ffc91d22000 	C:\Windows\WinSxS\amd64_microsoft.windows.common-controls_6595b64144ccf1df_6.0.22621.4541_none_2710d1c57384c085\COMCTL32.dll
0x00007ffca73f0000 - 0x00007ffca7497000 	C:\Windows\System32\msvcrt.dll
0x00007ffca5c40000 - 0x00007ffca5c71000 	C:\Windows\System32\IMM32.DLL
0x00007ffca02d0000 - 0x00007ffca02dc000 	c:\Users\yenho\.vscode\extensions\redhat.java-1.38.0-win32-x64\jre\17.0.13-win32-x86_64\bin\vcruntime140_1.dll
0x00007ffc56950000 - 0x00007ffc569dd000 	c:\Users\yenho\.vscode\extensions\redhat.java-1.38.0-win32-x64\jre\17.0.13-win32-x86_64\bin\msvcp140.dll
0x00007ffc35460000 - 0x00007ffc360cb000 	c:\Users\yenho\.vscode\extensions\redhat.java-1.38.0-win32-x64\jre\17.0.13-win32-x86_64\bin\server\jvm.dll
0x00007ffca70f0000 - 0x00007ffca71a2000 	C:\Windows\System32\ADVAPI32.dll
0x00007ffca6120000 - 0x00007ffca61c7000 	C:\Windows\System32\sechost.dll
0x00007ffca4d60000 - 0x00007ffca4d88000 	C:\Windows\System32\bcrypt.dll
0x00007ffca5960000 - 0x00007ffca5a74000 	C:\Windows\System32\RPCRT4.dll
0x00007ffca6e40000 - 0x00007ffca6eb1000 	C:\Windows\System32\WS2_32.dll
0x00007ffca37d0000 - 0x00007ffca381d000 	C:\Windows\SYSTEM32\POWRPROF.dll
0x00007ffc9ee50000 - 0x00007ffc9ee84000 	C:\Windows\SYSTEM32\WINMM.dll
0x00007ffc9e9b0000 - 0x00007ffc9e9ba000 	C:\Windows\SYSTEM32\VERSION.dll
0x00007ffca37b0000 - 0x00007ffca37c3000 	C:\Windows\SYSTEM32\UMPDC.dll
0x00007ffca3a80000 - 0x00007ffca3a98000 	C:\Windows\SYSTEM32\kernel.appcore.dll
0x00007ffc9eef0000 - 0x00007ffc9eefa000 	c:\Users\yenho\.vscode\extensions\redhat.java-1.38.0-win32-x64\jre\17.0.13-win32-x86_64\bin\jimage.dll
0x00007ffc9dcd0000 - 0x00007ffc9df02000 	C:\Windows\SYSTEM32\DBGHELP.DLL
0x00007ffca5d10000 - 0x00007ffca609f000 	C:\Windows\System32\combase.dll
0x00007ffca71b0000 - 0x00007ffca7287000 	C:\Windows\System32\OLEAUT32.dll
0x00007ffc9aad0000 - 0x00007ffc9ab02000 	C:\Windows\SYSTEM32\dbgcore.DLL
0x00007ffca4d90000 - 0x00007ffca4e0b000 	C:\Windows\System32\bcryptPrimitives.dll
0x00007ffc9ef00000 - 0x00007ffc9ef0e000 	c:\Users\yenho\.vscode\extensions\redhat.java-1.38.0-win32-x64\jre\17.0.13-win32-x86_64\bin\instrument.dll
0x00007ffc9eec0000 - 0x00007ffc9eee5000 	c:\Users\yenho\.vscode\extensions\redhat.java-1.38.0-win32-x64\jre\17.0.13-win32-x86_64\bin\java.dll
0x00007ffc98820000 - 0x00007ffc98838000 	c:\Users\yenho\.vscode\extensions\redhat.java-1.38.0-win32-x64\jre\17.0.13-win32-x86_64\bin\zip.dll
0x00007ffca6430000 - 0x00007ffca6ca8000 	C:\Windows\System32\SHELL32.dll
0x00007ffca2880000 - 0x00007ffca3188000 	C:\Windows\SYSTEM32\windows.storage.dll
0x00007ffca2740000 - 0x00007ffca287f000 	C:\Windows\SYSTEM32\wintypes.dll
0x00007ffca5860000 - 0x00007ffca595a000 	C:\Windows\System32\SHCORE.dll
0x00007ffca61d0000 - 0x00007ffca622e000 	C:\Windows\System32\shlwapi.dll
0x00007ffca48b0000 - 0x00007ffca48db000 	C:\Windows\SYSTEM32\profapi.dll
0x00007ffc94f30000 - 0x00007ffc94f49000 	C:\Users\yenho\.vscode\extensions\redhat.java-1.38.0-win32-x64\jre\17.0.13-win32-x86_64\bin\net.dll
0x00007ffca0800000 - 0x00007ffca0936000 	C:\Windows\SYSTEM32\WINHTTP.dll
0x00007ffca3f00000 - 0x00007ffca3f69000 	C:\Windows\system32\mswsock.dll
0x00007ffc94790000 - 0x00007ffc947a6000 	C:\Users\yenho\.vscode\extensions\redhat.java-1.38.0-win32-x64\jre\17.0.13-win32-x86_64\bin\nio.dll
0x00007ffc9d9d0000 - 0x00007ffc9d9e0000 	c:\Users\yenho\.vscode\extensions\redhat.java-1.38.0-win32-x64\jre\17.0.13-win32-x86_64\bin\verify.dll

dbghelp: loaded successfully - version: 4.0.5 - missing functions: none
symbol engine: initialized successfully - sym options: 0x614 - pdb path: .;c:\Users\yenho\.vscode\extensions\redhat.java-1.38.0-win32-x64\jre\17.0.13-win32-x86_64\bin;C:\Windows\SYSTEM32;C:\Windows\WinSxS\amd64_microsoft.windows.common-controls_6595b64144ccf1df_6.0.22621.4541_none_2710d1c57384c085;c:\Users\yenho\.vscode\extensions\redhat.java-1.38.0-win32-x64\jre\17.0.13-win32-x86_64\bin\server

VM Arguments:
jvm_args: --add-modules=ALL-SYSTEM --add-opens=java.base/java.util=ALL-UNNAMED --add-opens=java.base/java.lang=ALL-UNNAMED --add-opens=java.base/sun.nio.fs=ALL-UNNAMED -Declipse.application=org.eclipse.jdt.ls.core.id1 -Dosgi.bundles.defaultStartLevel=4 -Declipse.product=org.eclipse.jdt.ls.core.product -Djava.import.generatesMetadataFilesAtProjectRoot=false -DDetectVMInstallationsJob.disabled=true -Dfile.encoding=utf8 -XX:+UseParallelGC -XX:GCTimeRatio=4 -XX:AdaptiveSizePolicyWeight=90 -Dsun.zip.disableMemoryMapping=true -Xmx1G -Xms100m -Xlog:disable -javaagent:c:\Users\yenho\.vscode\extensions\redhat.java-1.38.0-win32-x64\lombok\lombok-1.18.34.jar 
java_command: c:\Users\yenho\.vscode\extensions\redhat.java-1.38.0-win32-x64\server\plugins\org.eclipse.equinox.launcher_1.6.900.v20240613-2009.jar -configuration c:\Users\yenho\AppData\Roaming\Code\User\globalStorage\redhat.java\1.38.0\config_ss_win -data c:\Users\yenho\AppData\Roaming\Code\User\workspaceStorage\be8ad8b4014e26bb98f6d4fcdc527ed2\redhat.java\ss_ws --pipe=\\.\pipe\lsp-a14c4eeb7d5da7d217dd12360b9aaa3d-sock
java_class_path (initial): c:\Users\yenho\.vscode\extensions\redhat.java-1.38.0-win32-x64\server\plugins\org.eclipse.equinox.launcher_1.6.900.v20240613-2009.jar
Launcher Type: SUN_STANDARD

[Global flags]
    uintx AdaptiveSizePolicyWeight                 = 90                                        {product} {command line}
     intx CICompilerCount                          = 4                                         {product} {ergonomic}
    uintx GCTimeRatio                              = 4                                         {product} {command line}
   size_t InitialHeapSize                          = 104857600                                 {product} {command line}
   size_t MaxHeapSize                              = 1073741824                                {product} {command line}
   size_t MaxNewSize                               = 357564416                                 {product} {ergonomic}
   size_t MinHeapDeltaBytes                        = 524288                                    {product} {ergonomic}
   size_t MinHeapSize                              = 104857600                                 {product} {command line}
   size_t NewSize                                  = 34603008                                  {product} {ergonomic}
    uintx NonNMethodCodeHeapSize                   = 5839372                                {pd product} {ergonomic}
    uintx NonProfiledCodeHeapSize                  = 122909434                              {pd product} {ergonomic}
   size_t OldSize                                  = 70254592                                  {product} {ergonomic}
    uintx ProfiledCodeHeapSize                     = 122909434                              {pd product} {ergonomic}
    uintx ReservedCodeCacheSize                    = 251658240                              {pd product} {ergonomic}
     bool SegmentedCodeCache                       = true                                      {product} {ergonomic}
   size_t SoftMaxHeapSize                          = 1073741824                             {manageable} {ergonomic}
     bool UseCompressedClassPointers               = true                           {product lp64_product} {ergonomic}
     bool UseCompressedOops                        = true                           {product lp64_product} {ergonomic}
     bool UseLargePagesIndividualAllocation        = false                                  {pd product} {ergonomic}
     bool UseParallelGC                            = true                                      {product} {command line}

Logging:
Log output configuration:
 #0: stdout all=off uptime,level,tags
 #1: stderr all=off uptime,level,tags

Environment Variables:
JAVA_HOME=C:\Program Files\Java\jdk-17
PATH=C:\Program Files\Common Files\Oracle\Java\javapath;C:\Windows\system32;C:\Windows;C:\Windows\System32\Wbem;C:\Windows\System32\WindowsPowerShell\v1.0\;C:\Windows\System32\OpenSSH\;C:\Program Files (x86)\NVIDIA Corporation\PhysX\Common;C:\Program Files\NVIDIA Corporation\NVIDIA NvDLISR;C:\Windows\system32;C:\Windows;C:\Windows\System32\Wbem;C:\Windows\System32\WindowsPowerShell\v1.0\;C:\Windows\System32\OpenSSH\;C:\Program Files\dotnet\;C:\Program Files (x86)\Yarn\bin\;C:\Program Files\nodejs\;C:\Program Files\Java\jdk-17\bin;C:\Users\yenho\AppData\Local\Android\Sdk\platform-tools;C:\Program Files\Git\cmd;C:\Users\yenho\AppData\Local\Microsoft\WindowsApps;C:\Users\yenho\AppData\Local\Programs\Microsoft VS Code\bin;C:\Users\yenho\.dotnet\tools;C:\Users\yenho\AppData\Local\Yarn\bin;C:\Users\yenho\AppData\Roaming\npm;C:\Users\yenho\AppData\Local\GitHubDesktop\bin
USERNAME=yenho
OS=Windows_NT
PROCESSOR_IDENTIFIER=AMD64 Family 25 Model 68 Stepping 1, AuthenticAMD
TMP=C:\Users\yenho\AppData\Local\Temp
TEMP=C:\Users\yenho\AppData\Local\Temp



Periodic native trim disabled


---------------  S Y S T E M  ---------------

OS:
 Windows 11 , 64 bit Build 22621 (10.0.22621.4391)
OS uptime: 0 days 1:09 hours
Hyper-V role detected

CPU: total 12 (initial active 12) (12 cores per cpu, 2 threads per core) family 25 model 68 stepping 1 microcode 0x0, cx8, cmov, fxsr, ht, mmx, 3dnowpref, sse, sse2, sse3, ssse3, sse4a, sse4.1, sse4.2, popcnt, lzcnt, tsc, tscinvbit, avx, avx2, aes, erms, clmul, bmi1, bmi2, adx, sha, fma, vzeroupper, clflush, clflushopt, hv
Processor Information for processor 0
  Max Mhz: 3301, Current Mhz: 3301, Mhz Limit: 3301
Processor Information for processor 1
  Max Mhz: 3301, Current Mhz: 3301, Mhz Limit: 3301
Processor Information for processor 2
  Max Mhz: 3301, Current Mhz: 3301, Mhz Limit: 3301
Processor Information for processor 3
  Max Mhz: 3301, Current Mhz: 3301, Mhz Limit: 3301
Processor Information for processor 4
  Max Mhz: 3301, Current Mhz: 3301, Mhz Limit: 3301
Processor Information for processor 5
  Max Mhz: 3301, Current Mhz: 3301, Mhz Limit: 3301
Processor Information for processor 6
  Max Mhz: 3301, Current Mhz: 3301, Mhz Limit: 3301
Processor Information for processor 7
  Max Mhz: 3301, Current Mhz: 3301, Mhz Limit: 3301
Processor Information for processor 8
  Max Mhz: 3301, Current Mhz: 2024, Mhz Limit: 3301
Processor Information for processor 9
  Max Mhz: 3301, Current Mhz: 3301, Mhz Limit: 3301
Processor Information for processor 10
  Max Mhz: 3301, Current Mhz: 2024, Mhz Limit: 3301
Processor Information for processor 11
  Max Mhz: 3301, Current Mhz: 3301, Mhz Limit: 3301

Memory: 4k page, system-wide physical 7365M (520M free)
TotalPageFile size 29893M (AvailPageFile size 187M)
current process WorkingSet (physical memory assigned to process): 78M, peak: 78M
current process commit charge ("private bytes"): 207M, peak: 207M

vm_info: OpenJDK 64-Bit Server VM (17.0.13+11) for windows-amd64 JRE (17.0.13+11), built on Oct 16 2024 00:10:08 by "admin" with MS VC++ 17.7 (VS2022)

END.
