#
# There is insufficient memory for the Java Runtime Environment to continue.
# Native memory allocation (malloc) failed to allocate 1371056 bytes. Error detail: Chunk::new
# Possible reasons:
#   The system is out of physical RAM or swap space
#   This process is running with CompressedOops enabled, and the Java Heap may be blocking the growth of the native heap
# Possible solutions:
#   Reduce memory load on the system
#   Increase physical memory or swap space
#   Check if swap backing store is full
#   Decrease Java heap size (-Xmx/-Xms)
#   Decrease number of Java threads
#   Decrease Java thread stack sizes (-Xss)
#   Set larger code cache with -XX:ReservedCodeCacheSize=
#   JVM is running with Unscaled Compressed Oops mode in which the Java heap is
#     placed in the first 4GB address space. The Java Heap base address is the
#     maximum limit for the native heap growth. Please use -XX:HeapBaseMinAddress
#     to set the Java Heap base and to place the Java Heap above 4GB virtual address.
# This output file may be truncated or incomplete.
#
#  Out of Memory Error (arena.cpp:191), pid=21476, tid=10960
#
# JRE version: OpenJDK Runtime Environment Temurin-17.0.13+11 (17.0.13+11) (build 17.0.13+11)
# Java VM: OpenJDK 64-Bit Server VM Temurin-17.0.13+11 (17.0.13+11, mixed mode, tiered, compressed oops, compressed class ptrs, parallel gc, windows-amd64)
# No core dump will be written. Minidumps are not enabled by default on client versions of Windows
#

---------------  S U M M A R Y ------------

Command Line: --add-modules=ALL-SYSTEM --add-opens=java.base/java.util=ALL-UNNAMED --add-opens=java.base/java.lang=ALL-UNNAMED --add-opens=java.base/sun.nio.fs=ALL-UNNAMED -Declipse.application=org.eclipse.jdt.ls.core.id1 -Dosgi.bundles.defaultStartLevel=4 -Declipse.product=org.eclipse.jdt.ls.core.product -Djava.import.generatesMetadataFilesAtProjectRoot=false -DDetectVMInstallationsJob.disabled=true -Dfile.encoding=utf8 -XX:+UseParallelGC -XX:GCTimeRatio=4 -XX:AdaptiveSizePolicyWeight=90 -Dsun.zip.disableMemoryMapping=true -Xmx1G -Xms100m -Xlog:disable -javaagent:c:\Users\yenho\.vscode\extensions\redhat.java-1.38.0-win32-x64\lombok\lombok-1.18.34.jar -XX:+HeapDumpOnOutOfMemoryError -XX:HeapDumpPath=c:\Users\yenho\AppData\Roaming\Code\User\workspaceStorage\be8ad8b4014e26bb98f6d4fcdc527ed2\redhat.java -Daether.dependencyCollector.impl=bf c:\Users\yenho\.vscode\extensions\redhat.java-1.38.0-win32-x64\server\plugins\org.eclipse.equinox.launcher_1.6.900.v20240613-2009.jar -configuration c:\Users\yenho\AppData\Roaming\Code\User\globalStorage\redhat.java\1.38.0\config_win -data c:\Users\yenho\AppData\Roaming\Code\User\workspaceStorage\be8ad8b4014e26bb98f6d4fcdc527ed2\redhat.java\jdt_ws --pipe=\\.\pipe\lsp-5ef4d723d7b3f7ead9bcefac60cf0d89-sock

Host: AMD Ryzen 5 7535HS with Radeon Graphics        , 12 cores, 7G,  Windows 11 , 64 bit Build 22621 (10.0.22621.4391)
Time: Thu Jan  9 15:54:28 2025 SE Asia Standard Time elapsed time: 6.755099 seconds (0d 0h 0m 6s)

---------------  T H R E A D  ---------------

Current thread (0x0000025f7ef6c320):  JavaThread "C2 CompilerThread0" daemon [_thread_in_native, id=10960, stack(0x000000f34ed00000,0x000000f34ee00000)]


Current CompileTask:
C2:   6755 7825 %     4       org.eclipse.jdt.internal.core.search.indexing.BinaryIndexer::extractReferenceFromConstantPool @ 155 (358 bytes)

Stack: [0x000000f34ed00000,0x000000f34ee00000]
Native frames: (J=compiled Java code, j=interpreted, Vv=VM code, C=native code)
V  [jvm.dll+0x682a19]
V  [jvm.dll+0x839538]
V  [jvm.dll+0x83afe3]
V  [jvm.dll+0x83b653]
V  [jvm.dll+0x24704f]
V  [jvm.dll+0xace34]
V  [jvm.dll+0xad4cc]
V  [jvm.dll+0x36592f]
V  [jvm.dll+0x32fbd8]
V  [jvm.dll+0x32f05a]
V  [jvm.dll+0x21804f]
V  [jvm.dll+0x21748f]
V  [jvm.dll+0x1a3070]
V  [jvm.dll+0x22788c]
V  [jvm.dll+0x2259eb]
V  [jvm.dll+0x7eec98]
V  [jvm.dll+0x7e8ffc]
V  [jvm.dll+0x6818f7]
C  [ucrtbase.dll+0x29333]
C  [KERNEL32.DLL+0x1259d]
C  [ntdll.dll+0x5af38]


---------------  P R O C E S S  ---------------

Threads class SMR info:
_java_thread_list=0x0000025f1f476f80, length=79, elements={
0x0000025f7903c340, 0x0000025f7dec6030, 0x0000025f7dec7480, 0x0000025f7dec9f60,
0x0000025f7decab20, 0x0000025f7decbcf0, 0x0000025f7decd050, 0x0000025f7ef6c320,
0x0000025f7ef708d0, 0x0000025f7ef71980, 0x0000025f7909f930, 0x0000025f7f10b390,
0x0000025f7f260c40, 0x0000025f13f8e840, 0x0000025f145579e0, 0x0000025f140f7670,
0x0000025f142143f0, 0x0000025f1491c8b0, 0x0000025f146abe50, 0x0000025f146ac870,
0x0000025f146a9ae0, 0x0000025f146ad290, 0x0000025f146acd80, 0x0000025f146aaa10,
0x0000025f146aaf20, 0x0000025f146ac360, 0x0000025f146ab430, 0x0000025f146ab940,
0x0000025f1719b450, 0x0000025f17198bd0, 0x0000025f171990e0, 0x0000025f17193fe0,
0x0000025f171944f0, 0x0000025f1719aa30, 0x0000025f1719af40, 0x0000025f17195e40,
0x0000025f171981b0, 0x0000025f171995f0, 0x0000025f17197ca0, 0x0000025f17194a00,
0x0000025f17196350, 0x0000025f17199b00, 0x0000025f17196860, 0x0000025f1719a010,
0x0000025f17194f10, 0x0000025f17195420, 0x0000025f17197280, 0x0000025f17197790,
0x0000025f146a9ff0, 0x0000025f1749a190, 0x0000025f1749e870, 0x0000025f1749cf20,
0x0000025f1749d430, 0x0000025f1749bae0, 0x0000025f1749de50, 0x0000025f1749b0c0,
0x0000025f1749d940, 0x0000025f1749e360, 0x0000025f17499c80, 0x0000025f1749c500,
0x0000025f1749fcb0, 0x0000025f1749f290, 0x0000025f1749ca10, 0x0000025f1749ed80,
0x0000025f1749f7a0, 0x0000025f174a01c0, 0x0000025f174a06d0, 0x0000025f174a0be0,
0x0000025f1749a6a0, 0x0000025f1749abb0, 0x0000025f176638e0, 0x0000025f17664810,
0x0000025f17663df0, 0x0000025f17664300, 0x0000025f17667090, 0x0000025f176675a0,
0x0000025f17661f90, 0x0000025f17667ab0, 0x0000025f17664d20
}

Java Threads: ( => current thread )
  0x0000025f7903c340 JavaThread "main" [_thread_blocked, id=20148, stack(0x000000f34e400000,0x000000f34e500000)]
  0x0000025f7dec6030 JavaThread "Reference Handler" daemon [_thread_blocked, id=3036, stack(0x000000f34e700000,0x000000f34e800000)]
  0x0000025f7dec7480 JavaThread "Finalizer" daemon [_thread_blocked, id=16476, stack(0x000000f34e800000,0x000000f34e900000)]
  0x0000025f7dec9f60 JavaThread "Signal Dispatcher" daemon [_thread_blocked, id=23184, stack(0x000000f34e900000,0x000000f34ea00000)]
  0x0000025f7decab20 JavaThread "Attach Listener" daemon [_thread_blocked, id=26264, stack(0x000000f34ea00000,0x000000f34eb00000)]
  0x0000025f7decbcf0 JavaThread "Service Thread" daemon [_thread_blocked, id=5376, stack(0x000000f34eb00000,0x000000f34ec00000)]
  0x0000025f7decd050 JavaThread "Monitor Deflation Thread" daemon [_thread_blocked, id=800, stack(0x000000f34ec00000,0x000000f34ed00000)]
=>0x0000025f7ef6c320 JavaThread "C2 CompilerThread0" daemon [_thread_in_native, id=10960, stack(0x000000f34ed00000,0x000000f34ee00000)]
  0x0000025f7ef708d0 JavaThread "C1 CompilerThread0" daemon [_thread_in_native, id=20500, stack(0x000000f34ee00000,0x000000f34ef00000)]
  0x0000025f7ef71980 JavaThread "Sweeper thread" daemon [_thread_blocked, id=15524, stack(0x000000f34ef00000,0x000000f34f000000)]
  0x0000025f7909f930 JavaThread "Common-Cleaner" daemon [_thread_blocked, id=23160, stack(0x000000f34f000000,0x000000f34f100000)]
  0x0000025f7f10b390 JavaThread "C2 CompilerThread1" daemon [_thread_in_native, id=20044, stack(0x000000f34f100000,0x000000f34f200000)]
  0x0000025f7f260c40 JavaThread "Notification Thread" daemon [_thread_blocked, id=19664, stack(0x000000f34f200000,0x000000f34f300000)]
  0x0000025f13f8e840 JavaThread "Active Thread: Equinox Container: bf3f2764-a09c-41c3-a749-c5b6075b16ec" [_thread_blocked, id=25480, stack(0x000000f34fb00000,0x000000f34fc00000)]
  0x0000025f145579e0 JavaThread "Refresh Thread: Equinox Container: bf3f2764-a09c-41c3-a749-c5b6075b16ec" daemon [_thread_blocked, id=22600, stack(0x000000f34fc00000,0x000000f34fd00000)]
  0x0000025f140f7670 JavaThread "Framework Event Dispatcher: Equinox Container: bf3f2764-a09c-41c3-a749-c5b6075b16ec" daemon [_thread_blocked, id=21428, stack(0x000000f34fd00000,0x000000f34fe00000)]
  0x0000025f142143f0 JavaThread "Start Level: Equinox Container: bf3f2764-a09c-41c3-a749-c5b6075b16ec" daemon [_thread_blocked, id=4220, stack(0x000000f34fe00000,0x000000f34ff00000)]
  0x0000025f1491c8b0 JavaThread "Bundle File Closer" daemon [_thread_blocked, id=26332, stack(0x000000f350000000,0x000000f350100000)]
  0x0000025f146abe50 JavaThread "SCR Component Actor" daemon [_thread_blocked, id=22292, stack(0x000000f350200000,0x000000f350300000)]
  0x0000025f146ac870 JavaThread "SCR Component Registry" daemon [_thread_blocked, id=5224, stack(0x000000f350300000,0x000000f350400000)]
  0x0000025f146a9ae0 JavaThread "Worker-JM" [_thread_blocked, id=22064, stack(0x000000f350400000,0x000000f350500000)]
  0x0000025f146ad290 JavaThread "JNA Cleaner" daemon [_thread_blocked, id=23996, stack(0x000000f350500000,0x000000f350600000)]
  0x0000025f146acd80 JavaThread "Worker-0: Updating Maven Dependencies" [_thread_blocked, id=23640, stack(0x000000f350600000,0x000000f350700000)]
  0x0000025f146aaa10 JavaThread "Worker-1" [_thread_blocked, id=24584, stack(0x000000f350700000,0x000000f350800000)]
  0x0000025f146aaf20 JavaThread "Java indexing" daemon [_thread_in_Java, id=3304, stack(0x000000f350800000,0x000000f350900000)]
  0x0000025f146ac360 JavaThread "Thread-2" daemon [_thread_in_native, id=2616, stack(0x000000f350900000,0x000000f350a00000)]
  0x0000025f146ab430 JavaThread "Thread-3" daemon [_thread_in_native, id=23864, stack(0x000000f350a00000,0x000000f350b00000)]
  0x0000025f146ab940 JavaThread "Thread-4" daemon [_thread_in_native, id=6572, stack(0x000000f350b00000,0x000000f350c00000)]
  0x0000025f1719b450 JavaThread "Thread-5" daemon [_thread_in_native, id=17052, stack(0x000000f350c00000,0x000000f350d00000)]
  0x0000025f17198bd0 JavaThread "Thread-6" daemon [_thread_in_native, id=25496, stack(0x000000f350d00000,0x000000f350e00000)]
  0x0000025f171990e0 JavaThread "Thread-7" daemon [_thread_in_native, id=15628, stack(0x000000f350e00000,0x000000f350f00000)]
  0x0000025f17193fe0 JavaThread "Thread-8" daemon [_thread_in_native, id=10860, stack(0x000000f350f00000,0x000000f351000000)]
  0x0000025f171944f0 JavaThread "Thread-9" daemon [_thread_in_native, id=14836, stack(0x000000f351000000,0x000000f351100000)]
  0x0000025f1719aa30 JavaThread "Thread-10" daemon [_thread_in_native, id=12188, stack(0x000000f351100000,0x000000f351200000)]
  0x0000025f1719af40 JavaThread "Thread-11" daemon [_thread_in_native, id=18440, stack(0x000000f351200000,0x000000f351300000)]
  0x0000025f17195e40 JavaThread "Thread-12" daemon [_thread_in_native, id=1888, stack(0x000000f351300000,0x000000f351400000)]
  0x0000025f171981b0 JavaThread "Thread-13" daemon [_thread_in_native, id=16884, stack(0x000000f351400000,0x000000f351500000)]
  0x0000025f171995f0 JavaThread "Thread-14" daemon [_thread_in_native, id=25824, stack(0x000000f351500000,0x000000f351600000)]
  0x0000025f17197ca0 JavaThread "pool-2-thread-1" [_thread_blocked, id=17240, stack(0x000000f351600000,0x000000f351700000)]
  0x0000025f17194a00 JavaThread "Worker-2" [_thread_blocked, id=15832, stack(0x000000f351700000,0x000000f351800000)]
  0x0000025f17196350 JavaThread "Worker-3: Building" [_thread_in_Java, id=5256, stack(0x000000f351800000,0x000000f351900000)]
  0x0000025f17199b00 JavaThread "Worker-4: Java indexing... " [_thread_blocked, id=22552, stack(0x000000f351900000,0x000000f351a00000)]
  0x0000025f17196860 JavaThread "WorkspaceEventsHandler" [_thread_blocked, id=10568, stack(0x000000f351a00000,0x000000f351b00000)]
  0x0000025f1719a010 JavaThread "pool-1-thread-1" [_thread_blocked, id=12064, stack(0x000000f351b00000,0x000000f351c00000)]
  0x0000025f17194f10 JavaThread "Worker-5" [_thread_blocked, id=16044, stack(0x000000f351c00000,0x000000f351d00000)]
  0x0000025f17195420 JavaThread "Worker-6" [_thread_blocked, id=12168, stack(0x000000f351d00000,0x000000f351e00000)]
  0x0000025f17197280 JavaThread "LocalFile Deleter" daemon [_thread_blocked, id=25460, stack(0x000000f351e00000,0x000000f351f00000)]
  0x0000025f17197790 JavaThread "LocalFile Deleter" daemon [_thread_blocked, id=22888, stack(0x000000f351f00000,0x000000f352000000)]
  0x0000025f146a9ff0 JavaThread "LocalFile Deleter" daemon [_thread_blocked, id=7584, stack(0x000000f352000000,0x000000f352100000)]
  0x0000025f1749a190 JavaThread "LocalFile Deleter" daemon [_thread_blocked, id=6264, stack(0x000000f352100000,0x000000f352200000)]
  0x0000025f1749e870 JavaThread "LocalFile Deleter" daemon [_thread_blocked, id=4136, stack(0x000000f352200000,0x000000f352300000)]
  0x0000025f1749cf20 JavaThread "LocalFile Deleter" daemon [_thread_blocked, id=12896, stack(0x000000f352300000,0x000000f352400000)]
  0x0000025f1749d430 JavaThread "LocalFile Deleter" daemon [_thread_blocked, id=26184, stack(0x000000f352400000,0x000000f352500000)]
  0x0000025f1749bae0 JavaThread "LocalFile Deleter" daemon [_thread_blocked, id=9340, stack(0x000000f352500000,0x000000f352600000)]
  0x0000025f1749de50 JavaThread "LocalFile Deleter" daemon [_thread_blocked, id=24904, stack(0x000000f352600000,0x000000f352700000)]
  0x0000025f1749b0c0 JavaThread "LocalFile Deleter" daemon [_thread_blocked, id=23144, stack(0x000000f352700000,0x000000f352800000)]
  0x0000025f1749d940 JavaThread "LocalFile Deleter" daemon [_thread_blocked, id=25280, stack(0x000000f352800000,0x000000f352900000)]
  0x0000025f1749e360 JavaThread "LocalFile Deleter" daemon [_thread_blocked, id=19956, stack(0x000000f352900000,0x000000f352a00000)]
  0x0000025f17499c80 JavaThread "Compiler Source File Reader" daemon [_thread_blocked, id=26324, stack(0x000000f352a00000,0x000000f352b00000)]
  0x0000025f1749c500 JavaThread "Compiler Source File Reader" daemon [_thread_blocked, id=25752, stack(0x000000f352b00000,0x000000f352c00000)]
  0x0000025f1749fcb0 JavaThread "Compiler Source File Reader" daemon [_thread_blocked, id=19120, stack(0x000000f352c00000,0x000000f352d00000)]
  0x0000025f1749f290 JavaThread "Compiler Source File Reader" daemon [_thread_blocked, id=2064, stack(0x000000f352d00000,0x000000f352e00000)]
  0x0000025f1749ca10 JavaThread "Compiler Source File Reader" daemon [_thread_blocked, id=24812, stack(0x000000f352e00000,0x000000f352f00000)]
  0x0000025f1749ed80 JavaThread "Compiler Source File Reader" daemon [_thread_blocked, id=9364, stack(0x000000f352f00000,0x000000f353000000)]
  0x0000025f1749f7a0 JavaThread "Compiler Source File Reader" daemon [_thread_blocked, id=10324, stack(0x000000f353000000,0x000000f353100000)]
  0x0000025f174a01c0 JavaThread "Compiler Source File Reader" daemon [_thread_blocked, id=19436, stack(0x000000f353100000,0x000000f353200000)]
  0x0000025f174a06d0 JavaThread "Compiler Source File Reader" daemon [_thread_blocked, id=13296, stack(0x000000f353200000,0x000000f353300000)]
  0x0000025f174a0be0 JavaThread "Compiler Source File Reader" daemon [_thread_blocked, id=17812, stack(0x000000f353300000,0x000000f353400000)]
  0x0000025f1749a6a0 JavaThread "Compiler Processing Task" daemon [_thread_in_Java, id=26328, stack(0x000000f353400000,0x000000f353500000)]
  0x0000025f1749abb0 JavaThread "Compiler Class File Writer" daemon [_thread_blocked, id=2448, stack(0x000000f353500000,0x000000f353600000)]
  0x0000025f176638e0 JavaThread "Compiler Class File Writer" daemon [_thread_blocked, id=26144, stack(0x000000f353600000,0x000000f353700000)]
  0x0000025f17664810 JavaThread "Compiler Class File Writer" daemon [_thread_blocked, id=25940, stack(0x000000f353700000,0x000000f353800000)]
  0x0000025f17663df0 JavaThread "Compiler Class File Writer" daemon [_thread_blocked, id=24028, stack(0x000000f353800000,0x000000f353900000)]
  0x0000025f17664300 JavaThread "Compiler Class File Writer" daemon [_thread_blocked, id=11208, stack(0x000000f353900000,0x000000f353a00000)]
  0x0000025f17667090 JavaThread "Compiler Class File Writer" daemon [_thread_blocked, id=16224, stack(0x000000f353a00000,0x000000f353b00000)]
  0x0000025f176675a0 JavaThread "Compiler Class File Writer" daemon [_thread_blocked, id=23772, stack(0x000000f353b00000,0x000000f353c00000)]
  0x0000025f17661f90 JavaThread "Compiler Class File Writer" daemon [_thread_blocked, id=21552, stack(0x000000f353c00000,0x000000f353d00000)]
  0x0000025f17667ab0 JavaThread "Compiler Class File Writer" daemon [_thread_blocked, id=3504, stack(0x000000f353d00000,0x000000f353e00000)]
  0x0000025f17664d20 JavaThread "Compiler Class File Writer" daemon [_thread_blocked, id=15536, stack(0x000000f353e00000,0x000000f353f00000)]

Other Threads:
  0x0000025f790e9a30 VMThread "VM Thread" [stack: 0x000000f34e600000,0x000000f34e700000] [id=18496]
  0x0000025f7f2ad170 WatcherThread [stack: 0x000000f34f300000,0x000000f34f400000] [id=24560]
  0x0000025f79053050 GCTaskThread "GC Thread#0" [stack: 0x000000f34e500000,0x000000f34e600000] [id=16660]
  0x0000025f13904010 GCTaskThread "GC Thread#1" [stack: 0x000000f34f500000,0x000000f34f600000] [id=18684]
  0x0000025f13dda2d0 GCTaskThread "GC Thread#2" [stack: 0x000000f34f600000,0x000000f34f700000] [id=13348]
  0x0000025f13dda590 GCTaskThread "GC Thread#3" [stack: 0x000000f34f700000,0x000000f34f800000] [id=20996]
  0x0000025f13dda850 GCTaskThread "GC Thread#4" [stack: 0x000000f34f800000,0x000000f34f900000] [id=23116]
  0x0000025f14272870 GCTaskThread "GC Thread#5" [stack: 0x000000f34f900000,0x000000f34fa00000] [id=14948]
  0x0000025f14272b30 GCTaskThread "GC Thread#6" [stack: 0x000000f34fa00000,0x000000f34fb00000] [id=25064]
  0x0000025f76df9a60 GCTaskThread "GC Thread#7" [stack: 0x000000f34ff00000,0x000000f350000000] [id=14700]
  0x0000025f144cf030 GCTaskThread "GC Thread#8" [stack: 0x000000f350100000,0x000000f350200000] [id=5700]
  0x0000025f142ae050 GCTaskThread "GC Thread#9" [stack: 0x000000f34f400000,0x000000f34f500000] [id=10300]

Threads with active compile tasks:
C2 CompilerThread0     6783 7825 %     4       org.eclipse.jdt.internal.core.search.indexing.BinaryIndexer::extractReferenceFromConstantPool @ 155 (358 bytes)
C1 CompilerThread0     6783 8497       2       org.eclipse.jdt.internal.compiler.ast.Literal::<init> (15 bytes)
C2 CompilerThread1     6783 7616   !   4       org.eclipse.jdt.internal.compiler.classfmt.ClassFileReader::<init> (2119 bytes)

VM state: not at safepoint (normal execution)

VM Mutex/Monitor currently owned by a thread: None

Heap address: 0x00000000c0000000, size: 1024 MB, Compressed Oops mode: 32-bit

CDS archive(s) not mapped
Compressed class space mapped at: 0x0000000100000000-0x0000000140000000, reserved size: 1073741824
Narrow klass base: 0x0000000000000000, Narrow klass shift: 3, Narrow klass range: 0x140000000

GC Precious Log:
 CPUs: 12 total, 12 available
 Memory: 7365M
 Large Page Support: Disabled
 NUMA Support: Disabled
 Compressed Oops: Enabled (32-bit)
 Alignments: Space 512K, Generation 512K, Heap 2M
 Heap Min Capacity: 100M
 Heap Initial Capacity: 100M
 Heap Max Capacity: 1G
 Pre-touch: Disabled
 Parallel Workers: 10

Heap:
 PSYoungGen      total 12800K, used 11621K [0x00000000eab00000, 0x00000000ebb00000, 0x0000000100000000)
  eden space 9728K, 88% used [0x00000000eab00000,0x00000000eb35efc8,0x00000000eb480000)
  from space 3072K, 99% used [0x00000000eb800000,0x00000000ebafa4c8,0x00000000ebb00000)
  to   space 2560K, 0% used [0x00000000eb480000,0x00000000eb480000,0x00000000eb700000)
 ParOldGen       total 119296K, used 87314K [0x00000000c0000000, 0x00000000c7480000, 0x00000000eab00000)
  object space 119296K, 73% used [0x00000000c0000000,0x00000000c5544898,0x00000000c7480000)
 Metaspace       used 62131K, committed 63232K, reserved 1114112K
  class space    used 6519K, committed 6976K, reserved 1048576K

Card table byte_map: [0x0000025f789e0000,0x0000025f78bf0000] _byte_map_base: 0x0000025f783e0000

Marking Bits: (ParMarkBitMap*) 0x00007ffc36006940
 Begin Bits: [0x0000025f7bcd0000, 0x0000025f7ccd0000)
 End Bits:   [0x0000025f7ccd0000, 0x0000025f7dcd0000)

Polling page: 0x0000025f76fb0000

Metaspace:

Usage:
  Non-class:     54.31 MB used.
      Class:      6.37 MB used.
       Both:     60.68 MB used.

Virtual space:
  Non-class space:       64.00 MB reserved,      54.94 MB ( 86%) committed,  1 nodes.
      Class space:        1.00 GB reserved,       6.81 MB ( <1%) committed,  1 nodes.
             Both:        1.06 GB reserved,      61.75 MB (  6%) committed. 

Chunk freelists:
   Non-Class:  9.05 MB
       Class:  9.22 MB
        Both:  18.27 MB

MaxMetaspaceSize: unlimited
CompressedClassSpaceSize: 1.00 GB
Initial GC threshold: 21.00 MB
Current GC threshold: 98.44 MB
CDS: off
MetaspaceReclaimPolicy: balanced
 - commit_granule_bytes: 65536.
 - commit_granule_words: 8192.
 - virtual_space_node_default_size: 8388608.
 - enlarge_chunks_in_place: 1.
 - new_chunks_are_fully_committed: 0.
 - uncommit_free_chunks: 1.
 - use_allocation_guard: 0.
 - handle_deallocations: 1.


Internal statistics:

num_allocs_failed_limit: 9.
num_arena_births: 662.
num_arena_deaths: 28.
num_vsnodes_births: 2.
num_vsnodes_deaths: 0.
num_space_committed: 988.
num_space_uncommitted: 0.
num_chunks_returned_to_freelist: 43.
num_chunks_taken_from_freelist: 3220.
num_chunk_merges: 15.
num_chunk_splits: 1958.
num_chunks_enlarged: 1071.
num_inconsistent_stats: 0.

CodeHeap 'non-profiled nmethods': size=120000Kb used=2835Kb max_used=2835Kb free=117165Kb
 bounds [0x0000025f07ad0000, 0x0000025f07da0000, 0x0000025f0f000000]
CodeHeap 'profiled nmethods': size=120000Kb used=15358Kb max_used=15358Kb free=104641Kb
 bounds [0x0000025f00000000, 0x0000025f00f00000, 0x0000025f07530000]
CodeHeap 'non-nmethods': size=5760Kb used=1352Kb max_used=1403Kb free=4408Kb
 bounds [0x0000025f07530000, 0x0000025f077a0000, 0x0000025f07ad0000]
 total_blobs=8115 nmethods=7421 adapters=606
 compilation: enabled
              stopped_count=0, restarted_count=0
 full_count=0

Compilation events (20 events):
Event: 6.750 Thread 0x0000025f7ef708d0 nmethod 8440 0x0000025f00ed2690 code [0x0000025f00ed2820, 0x0000025f00ed2948]
Event: 6.751 Thread 0x0000025f7ef708d0 8420       1       org.eclipse.jdt.internal.compiler.ast.ASTNode::isThis (2 bytes)
Event: 6.751 Thread 0x0000025f7ef708d0 nmethod 8420 0x0000025f07d93310 code [0x0000025f07d934a0, 0x0000025f07d93578]
Event: 6.751 Thread 0x0000025f7ef708d0 8421       1       org.eclipse.jdt.internal.compiler.ast.ConditionalExpression::setExpressionContext (6 bytes)
Event: 6.751 Thread 0x0000025f7ef708d0 nmethod 8421 0x0000025f07d93610 code [0x0000025f07d937a0, 0x0000025f07d93878]
Event: 6.751 Thread 0x0000025f7ef708d0 8443       2       org.eclipse.jdt.internal.compiler.lookup.ReferenceBinding::hasEnclosingInstanceContext (42 bytes)
Event: 6.751 Thread 0x0000025f7ef708d0 nmethod 8443 0x0000025f00ed2a10 code [0x0000025f00ed2ba0, 0x0000025f00ed2d78]
Event: 6.751 Thread 0x0000025f7ef708d0 8444       2       org.eclipse.jdt.internal.compiler.lookup.ParameterizedTypeBinding::capture (8 bytes)
Event: 6.751 Thread 0x0000025f7ef708d0 nmethod 8444 0x0000025f00ed2e10 code [0x0000025f00ed2fa0, 0x0000025f00ed30c8]
Event: 6.751 Thread 0x0000025f7ef708d0 8429       1       org.eclipse.jdt.internal.compiler.lookup.Binding::isTaggedRepeatable (2 bytes)
Event: 6.751 Thread 0x0000025f7ef708d0 nmethod 8429 0x0000025f07d93910 code [0x0000025f07d93aa0, 0x0000025f07d93b78]
Event: 6.751 Thread 0x0000025f7ef708d0 8441       1       org.eclipse.jdt.internal.compiler.lookup.TypeBinding::isUnboundWildcard (2 bytes)
Event: 6.751 Thread 0x0000025f7ef708d0 nmethod 8441 0x0000025f07d93c10 code [0x0000025f07d93da0, 0x0000025f07d93e78]
Event: 6.751 Thread 0x0000025f7ef708d0 8442       1       org.eclipse.jdt.internal.compiler.ast.ASTNode::isSuper (2 bytes)
Event: 6.751 Thread 0x0000025f7ef708d0 nmethod 8442 0x0000025f07d93f10 code [0x0000025f07d940a0, 0x0000025f07d94178]
Event: 6.751 Thread 0x0000025f7ef708d0 8445       2       org.eclipse.jdt.internal.compiler.lookup.BlockScope::problemReporter (8 bytes)
Event: 6.751 Thread 0x0000025f7ef708d0 nmethod 8445 0x0000025f00ed3190 code [0x0000025f00ed3340, 0x0000025f00ed3598]
Event: 6.751 Thread 0x0000025f7ef708d0 8446       2       org.eclipse.jdt.internal.compiler.lookup.TypeBinding::findSuperTypeOriginatingFrom (754 bytes)
Event: 6.753 Thread 0x0000025f7ef708d0 nmethod 8446 0x0000025f00ed3790 code [0x0000025f00ed3bc0, 0x0000025f00ed5378]
Event: 6.753 Thread 0x0000025f7ef708d0 8449       3       org.eclipse.jdt.internal.compiler.lookup.Scope::getBaseType (442 bytes)

GC Heap History (20 events):
Event: 6.175 GC heap before
{Heap before GC invocations=40 (full 4):
 PSYoungGen      total 17408K, used 14848K [0x00000000eab00000, 0x00000000ebf00000, 0x0000000100000000)
  eden space 14848K, 100% used [0x00000000eab00000,0x00000000eb980000,0x00000000eb980000)
  from space 2560K, 0% used [0x00000000ebc00000,0x00000000ebc00000,0x00000000ebe80000)
  to   space 2560K, 0% used [0x00000000eb980000,0x00000000eb980000,0x00000000ebc00000)
 ParOldGen       total 119296K, used 67913K [0x00000000c0000000, 0x00000000c7480000, 0x00000000eab00000)
  object space 119296K, 56% used [0x00000000c0000000,0x00000000c42525f0,0x00000000c7480000)
 Metaspace       used 59741K, committed 60800K, reserved 1114112K
  class space    used 6329K, committed 6784K, reserved 1048576K
}
Event: 6.177 GC heap after
{Heap after GC invocations=40 (full 4):
 PSYoungGen      total 17408K, used 1861K [0x00000000eab00000, 0x00000000ebe00000, 0x0000000100000000)
  eden space 14848K, 0% used [0x00000000eab00000,0x00000000eab00000,0x00000000eb980000)
  from space 2560K, 72% used [0x00000000eb980000,0x00000000ebb51418,0x00000000ebc00000)
  to   space 2048K, 0% used [0x00000000ebc00000,0x00000000ebc00000,0x00000000ebe00000)
 ParOldGen       total 119296K, used 67913K [0x00000000c0000000, 0x00000000c7480000, 0x00000000eab00000)
  object space 119296K, 56% used [0x00000000c0000000,0x00000000c42525f0,0x00000000c7480000)
 Metaspace       used 59741K, committed 60800K, reserved 1114112K
  class space    used 6329K, committed 6784K, reserved 1048576K
}
Event: 6.221 GC heap before
{Heap before GC invocations=41 (full 4):
 PSYoungGen      total 17408K, used 16709K [0x00000000eab00000, 0x00000000ebe00000, 0x0000000100000000)
  eden space 14848K, 100% used [0x00000000eab00000,0x00000000eb980000,0x00000000eb980000)
  from space 2560K, 72% used [0x00000000eb980000,0x00000000ebb51418,0x00000000ebc00000)
  to   space 2048K, 0% used [0x00000000ebc00000,0x00000000ebc00000,0x00000000ebe00000)
 ParOldGen       total 119296K, used 67913K [0x00000000c0000000, 0x00000000c7480000, 0x00000000eab00000)
  object space 119296K, 56% used [0x00000000c0000000,0x00000000c42525f0,0x00000000c7480000)
 Metaspace       used 60402K, committed 61440K, reserved 1114112K
  class space    used 6403K, committed 6848K, reserved 1048576K
}
Event: 6.223 GC heap after
{Heap after GC invocations=41 (full 4):
 PSYoungGen      total 14336K, used 2028K [0x00000000eab00000, 0x00000000ec400000, 0x0000000100000000)
  eden space 12288K, 0% used [0x00000000eab00000,0x00000000eab00000,0x00000000eb700000)
  from space 2048K, 99% used [0x00000000ebc00000,0x00000000ebdfb2f8,0x00000000ebe00000)
  to   space 5120K, 0% used [0x00000000eb700000,0x00000000eb700000,0x00000000ebc00000)
 ParOldGen       total 119296K, used 70276K [0x00000000c0000000, 0x00000000c7480000, 0x00000000eab00000)
  object space 119296K, 58% used [0x00000000c0000000,0x00000000c44a13a8,0x00000000c7480000)
 Metaspace       used 60402K, committed 61440K, reserved 1114112K
  class space    used 6403K, committed 6848K, reserved 1048576K
}
Event: 6.273 GC heap before
{Heap before GC invocations=42 (full 4):
 PSYoungGen      total 14336K, used 14316K [0x00000000eab00000, 0x00000000ec400000, 0x0000000100000000)
  eden space 12288K, 100% used [0x00000000eab00000,0x00000000eb700000,0x00000000eb700000)
  from space 2048K, 99% used [0x00000000ebc00000,0x00000000ebdfb2f8,0x00000000ebe00000)
  to   space 5120K, 0% used [0x00000000eb700000,0x00000000eb700000,0x00000000ebc00000)
 ParOldGen       total 119296K, used 70276K [0x00000000c0000000, 0x00000000c7480000, 0x00000000eab00000)
  object space 119296K, 58% used [0x00000000c0000000,0x00000000c44a13a8,0x00000000c7480000)
 Metaspace       used 60571K, committed 61632K, reserved 1114112K
  class space    used 6415K, committed 6912K, reserved 1048576K
}
Event: 6.275 GC heap after
{Heap after GC invocations=42 (full 4):
 PSYoungGen      total 15360K, used 2810K [0x00000000eab00000, 0x00000000ebf00000, 0x0000000100000000)
  eden space 12288K, 0% used [0x00000000eab00000,0x00000000eab00000,0x00000000eb700000)
  from space 3072K, 91% used [0x00000000eb700000,0x00000000eb9beaf8,0x00000000eba00000)
  to   space 3584K, 0% used [0x00000000ebb80000,0x00000000ebb80000,0x00000000ebf00000)
 ParOldGen       total 119296K, used 72267K [0x00000000c0000000, 0x00000000c7480000, 0x00000000eab00000)
  object space 119296K, 60% used [0x00000000c0000000,0x00000000c4692f80,0x00000000c7480000)
 Metaspace       used 60571K, committed 61632K, reserved 1114112K
  class space    used 6415K, committed 6912K, reserved 1048576K
}
Event: 6.345 GC heap before
{Heap before GC invocations=43 (full 4):
 PSYoungGen      total 15360K, used 15098K [0x00000000eab00000, 0x00000000ebf00000, 0x0000000100000000)
  eden space 12288K, 100% used [0x00000000eab00000,0x00000000eb700000,0x00000000eb700000)
  from space 3072K, 91% used [0x00000000eb700000,0x00000000eb9beaf8,0x00000000eba00000)
  to   space 3584K, 0% used [0x00000000ebb80000,0x00000000ebb80000,0x00000000ebf00000)
 ParOldGen       total 119296K, used 72267K [0x00000000c0000000, 0x00000000c7480000, 0x00000000eab00000)
  object space 119296K, 60% used [0x00000000c0000000,0x00000000c4692f80,0x00000000c7480000)
 Metaspace       used 60842K, committed 61888K, reserved 1114112K
  class space    used 6438K, committed 6912K, reserved 1048576K
}
Event: 6.348 GC heap after
{Heap after GC invocations=43 (full 4):
 PSYoungGen      total 14336K, used 3568K [0x00000000eab00000, 0x00000000ec400000, 0x0000000100000000)
  eden space 10752K, 0% used [0x00000000eab00000,0x00000000eab00000,0x00000000eb580000)
  from space 3584K, 99% used [0x00000000ebb80000,0x00000000ebefc0d0,0x00000000ebf00000)
  to   space 6144K, 0% used [0x00000000eb580000,0x00000000eb580000,0x00000000ebb80000)
 ParOldGen       total 119296K, used 73994K [0x00000000c0000000, 0x00000000c7480000, 0x00000000eab00000)
  object space 119296K, 62% used [0x00000000c0000000,0x00000000c4842a30,0x00000000c7480000)
 Metaspace       used 60842K, committed 61888K, reserved 1114112K
  class space    used 6438K, committed 6912K, reserved 1048576K
}
Event: 6.395 GC heap before
{Heap before GC invocations=44 (full 4):
 PSYoungGen      total 14336K, used 14320K [0x00000000eab00000, 0x00000000ec400000, 0x0000000100000000)
  eden space 10752K, 100% used [0x00000000eab00000,0x00000000eb580000,0x00000000eb580000)
  from space 3584K, 99% used [0x00000000ebb80000,0x00000000ebefc0d0,0x00000000ebf00000)
  to   space 6144K, 0% used [0x00000000eb580000,0x00000000eb580000,0x00000000ebb80000)
 ParOldGen       total 119296K, used 73994K [0x00000000c0000000, 0x00000000c7480000, 0x00000000eab00000)
  object space 119296K, 62% used [0x00000000c0000000,0x00000000c4842a30,0x00000000c7480000)
 Metaspace       used 60960K, committed 62016K, reserved 1114112K
  class space    used 6444K, committed 6912K, reserved 1048576K
}
Event: 6.398 GC heap after
{Heap after GC invocations=44 (full 4):
 PSYoungGen      total 13824K, used 2934K [0x00000000eab00000, 0x00000000ebe80000, 0x0000000100000000)
  eden space 10752K, 0% used [0x00000000eab00000,0x00000000eab00000,0x00000000eb580000)
  from space 3072K, 95% used [0x00000000eb580000,0x00000000eb85da58,0x00000000eb880000)
  to   space 4096K, 0% used [0x00000000eba80000,0x00000000eba80000,0x00000000ebe80000)
 ParOldGen       total 119296K, used 77586K [0x00000000c0000000, 0x00000000c7480000, 0x00000000eab00000)
  object space 119296K, 65% used [0x00000000c0000000,0x00000000c4bc4840,0x00000000c7480000)
 Metaspace       used 60960K, committed 62016K, reserved 1114112K
  class space    used 6444K, committed 6912K, reserved 1048576K
}
Event: 6.467 GC heap before
{Heap before GC invocations=45 (full 4):
 PSYoungGen      total 13824K, used 13686K [0x00000000eab00000, 0x00000000ebe80000, 0x0000000100000000)
  eden space 10752K, 100% used [0x00000000eab00000,0x00000000eb580000,0x00000000eb580000)
  from space 3072K, 95% used [0x00000000eb580000,0x00000000eb85da58,0x00000000eb880000)
  to   space 4096K, 0% used [0x00000000eba80000,0x00000000eba80000,0x00000000ebe80000)
 ParOldGen       total 119296K, used 77586K [0x00000000c0000000, 0x00000000c7480000, 0x00000000eab00000)
  object space 119296K, 65% used [0x00000000c0000000,0x00000000c4bc4840,0x00000000c7480000)
 Metaspace       used 61326K, committed 62400K, reserved 1114112K
  class space    used 6471K, committed 6912K, reserved 1048576K
}
Event: 6.470 GC heap after
{Heap after GC invocations=45 (full 4):
 PSYoungGen      total 14336K, used 4084K [0x00000000eab00000, 0x00000000ec100000, 0x0000000100000000)
  eden space 10240K, 0% used [0x00000000eab00000,0x00000000eab00000,0x00000000eb500000)
  from space 4096K, 99% used [0x00000000eba80000,0x00000000ebe7d180,0x00000000ebe80000)
  to   space 5632K, 0% used [0x00000000eb500000,0x00000000eb500000,0x00000000eba80000)
 ParOldGen       total 119296K, used 78503K [0x00000000c0000000, 0x00000000c7480000, 0x00000000eab00000)
  object space 119296K, 65% used [0x00000000c0000000,0x00000000c4ca9f58,0x00000000c7480000)
 Metaspace       used 61326K, committed 62400K, reserved 1114112K
  class space    used 6471K, committed 6912K, reserved 1048576K
}
Event: 6.545 GC heap before
{Heap before GC invocations=46 (full 4):
 PSYoungGen      total 14336K, used 14324K [0x00000000eab00000, 0x00000000ec100000, 0x0000000100000000)
  eden space 10240K, 100% used [0x00000000eab00000,0x00000000eb500000,0x00000000eb500000)
  from space 4096K, 99% used [0x00000000eba80000,0x00000000ebe7d180,0x00000000ebe80000)
  to   space 5632K, 0% used [0x00000000eb500000,0x00000000eb500000,0x00000000eba80000)
 ParOldGen       total 119296K, used 78503K [0x00000000c0000000, 0x00000000c7480000, 0x00000000eab00000)
  object space 119296K, 65% used [0x00000000c0000000,0x00000000c4ca9f58,0x00000000c7480000)
 Metaspace       used 61666K, committed 62720K, reserved 1114112K
  class space    used 6517K, committed 6976K, reserved 1048576K
}
Event: 6.549 GC heap after
{Heap after GC invocations=46 (full 4):
 PSYoungGen      total 12288K, used 1989K [0x00000000eab00000, 0x00000000ebc80000, 0x0000000100000000)
  eden space 10240K, 0% used [0x00000000eab00000,0x00000000eab00000,0x00000000eb500000)
  from space 2048K, 97% used [0x00000000eb500000,0x00000000eb6f1508,0x00000000eb700000)
  to   space 3584K, 0% used [0x00000000eb900000,0x00000000eb900000,0x00000000ebc80000)
 ParOldGen       total 119296K, used 82509K [0x00000000c0000000, 0x00000000c7480000, 0x00000000eab00000)
  object space 119296K, 69% used [0x00000000c0000000,0x00000000c5093530,0x00000000c7480000)
 Metaspace       used 61666K, committed 62720K, reserved 1114112K
  class space    used 6517K, committed 6976K, reserved 1048576K
}
Event: 6.604 GC heap before
{Heap before GC invocations=47 (full 4):
 PSYoungGen      total 12288K, used 12229K [0x00000000eab00000, 0x00000000ebc80000, 0x0000000100000000)
  eden space 10240K, 100% used [0x00000000eab00000,0x00000000eb500000,0x00000000eb500000)
  from space 2048K, 97% used [0x00000000eb500000,0x00000000eb6f1508,0x00000000eb700000)
  to   space 3584K, 0% used [0x00000000eb900000,0x00000000eb900000,0x00000000ebc80000)
 ParOldGen       total 119296K, used 82509K [0x00000000c0000000, 0x00000000c7480000, 0x00000000eab00000)
  object space 119296K, 69% used [0x00000000c0000000,0x00000000c5093530,0x00000000c7480000)
 Metaspace       used 61783K, committed 62784K, reserved 1114112K
  class space    used 6517K, committed 6976K, reserved 1048576K
}
Event: 6.607 GC heap after
{Heap after GC invocations=47 (full 4):
 PSYoungGen      total 13312K, used 3556K [0x00000000eab00000, 0x00000000ebe80000, 0x0000000100000000)
  eden space 9728K, 0% used [0x00000000eab00000,0x00000000eab00000,0x00000000eb480000)
  from space 3584K, 99% used [0x00000000eb900000,0x00000000ebc793a0,0x00000000ebc80000)
  to   space 4608K, 0% used [0x00000000eb480000,0x00000000eb480000,0x00000000eb900000)
 ParOldGen       total 119296K, used 82859K [0x00000000c0000000, 0x00000000c7480000, 0x00000000eab00000)
  object space 119296K, 69% used [0x00000000c0000000,0x00000000c50eade0,0x00000000c7480000)
 Metaspace       used 61783K, committed 62784K, reserved 1114112K
  class space    used 6517K, committed 6976K, reserved 1048576K
}
Event: 6.689 GC heap before
{Heap before GC invocations=48 (full 4):
 PSYoungGen      total 13312K, used 13284K [0x00000000eab00000, 0x00000000ebe80000, 0x0000000100000000)
  eden space 9728K, 100% used [0x00000000eab00000,0x00000000eb480000,0x00000000eb480000)
  from space 3584K, 99% used [0x00000000eb900000,0x00000000ebc793a0,0x00000000ebc80000)
  to   space 4608K, 0% used [0x00000000eb480000,0x00000000eb480000,0x00000000eb900000)
 ParOldGen       total 119296K, used 82859K [0x00000000c0000000, 0x00000000c7480000, 0x00000000eab00000)
  object space 119296K, 69% used [0x00000000c0000000,0x00000000c50eade0,0x00000000c7480000)
 Metaspace       used 61969K, committed 63040K, reserved 1114112K
  class space    used 6519K, committed 6976K, reserved 1048576K
}
Event: 6.693 GC heap after
{Heap after GC invocations=48 (full 4):
 PSYoungGen      total 12288K, used 2112K [0x00000000eab00000, 0x00000000ebb00000, 0x0000000100000000)
  eden space 9728K, 0% used [0x00000000eab00000,0x00000000eab00000,0x00000000eb480000)
  from space 2560K, 82% used [0x00000000eb480000,0x00000000eb690000,0x00000000eb700000)
  to   space 3072K, 0% used [0x00000000eb800000,0x00000000eb800000,0x00000000ebb00000)
 ParOldGen       total 119296K, used 86407K [0x00000000c0000000, 0x00000000c7480000, 0x00000000eab00000)
  object space 119296K, 72% used [0x00000000c0000000,0x00000000c5461f68,0x00000000c7480000)
 Metaspace       used 61969K, committed 63040K, reserved 1114112K
  class space    used 6519K, committed 6976K, reserved 1048576K
}
Event: 6.744 GC heap before
{Heap before GC invocations=49 (full 4):
 PSYoungGen      total 12288K, used 11840K [0x00000000eab00000, 0x00000000ebb00000, 0x0000000100000000)
  eden space 9728K, 100% used [0x00000000eab00000,0x00000000eb480000,0x00000000eb480000)
  from space 2560K, 82% used [0x00000000eb480000,0x00000000eb690000,0x00000000eb700000)
  to   space 3072K, 0% used [0x00000000eb800000,0x00000000eb800000,0x00000000ebb00000)
 ParOldGen       total 119296K, used 86407K [0x00000000c0000000, 0x00000000c7480000, 0x00000000eab00000)
  object space 119296K, 72% used [0x00000000c0000000,0x00000000c5461f68,0x00000000c7480000)
 Metaspace       used 62041K, committed 63104K, reserved 1114112K
  class space    used 6519K, committed 6976K, reserved 1048576K
}
Event: 6.746 GC heap after
{Heap after GC invocations=49 (full 4):
 PSYoungGen      total 12800K, used 3049K [0x00000000eab00000, 0x00000000ebb00000, 0x0000000100000000)
  eden space 9728K, 0% used [0x00000000eab00000,0x00000000eab00000,0x00000000eb480000)
  from space 3072K, 99% used [0x00000000eb800000,0x00000000ebafa4c8,0x00000000ebb00000)
  to   space 2560K, 0% used [0x00000000eb480000,0x00000000eb480000,0x00000000eb700000)
 ParOldGen       total 119296K, used 87314K [0x00000000c0000000, 0x00000000c7480000, 0x00000000eab00000)
  object space 119296K, 73% used [0x00000000c0000000,0x00000000c5544898,0x00000000c7480000)
 Metaspace       used 62041K, committed 63104K, reserved 1114112K
  class space    used 6519K, committed 6976K, reserved 1048576K
}

Dll operation events (10 events):
Event: 0.010 Loaded shared library c:\Users\yenho\.vscode\extensions\redhat.java-1.38.0-win32-x64\jre\17.0.13-win32-x86_64\bin\java.dll
Event: 0.137 Loaded shared library c:\Users\yenho\.vscode\extensions\redhat.java-1.38.0-win32-x64\jre\17.0.13-win32-x86_64\bin\zip.dll
Event: 0.141 Loaded shared library C:\Users\yenho\.vscode\extensions\redhat.java-1.38.0-win32-x64\jre\17.0.13-win32-x86_64\bin\instrument.dll
Event: 0.151 Loaded shared library C:\Users\yenho\.vscode\extensions\redhat.java-1.38.0-win32-x64\jre\17.0.13-win32-x86_64\bin\net.dll
Event: 0.154 Loaded shared library C:\Users\yenho\.vscode\extensions\redhat.java-1.38.0-win32-x64\jre\17.0.13-win32-x86_64\bin\nio.dll
Event: 0.160 Loaded shared library C:\Users\yenho\.vscode\extensions\redhat.java-1.38.0-win32-x64\jre\17.0.13-win32-x86_64\bin\zip.dll
Event: 0.174 Loaded shared library C:\Users\yenho\.vscode\extensions\redhat.java-1.38.0-win32-x64\jre\17.0.13-win32-x86_64\bin\jimage.dll
Event: 0.230 Loaded shared library c:\Users\yenho\.vscode\extensions\redhat.java-1.38.0-win32-x64\jre\17.0.13-win32-x86_64\bin\verify.dll
Event: 1.232 Loaded shared library C:\Users\yenho\AppData\Roaming\Code\User\globalStorage\redhat.java\1.38.0\config_win\org.eclipse.equinox.launcher\org.eclipse.equinox.launcher.win32.win32.x86_64_1.2.1100.v20240722-2106\eclipse_11904.dll
Event: 2.552 Loaded shared library C:\Users\yenho\AppData\Local\Temp\jna-114863977\jna13335313231545640289.dll

Deoptimization events (20 events):
Event: 6.721 Thread 0x0000025f17196350 DEOPT PACKING pc=0x0000025f0062e45f sp=0x000000f3518fdd10
Event: 6.721 Thread 0x0000025f17196350 DEOPT UNPACKING pc=0x0000025f07586e43 sp=0x000000f3518fd208 mode 0
Event: 6.721 Thread 0x0000025f17196350 DEOPT PACKING pc=0x0000025f0062e45f sp=0x000000f3518fdd10
Event: 6.721 Thread 0x0000025f17196350 DEOPT UNPACKING pc=0x0000025f07586e43 sp=0x000000f3518fd208 mode 0
Event: 6.722 Thread 0x0000025f17196350 DEOPT PACKING pc=0x0000025f0034deb7 sp=0x000000f3518fd8b0
Event: 6.722 Thread 0x0000025f17196350 DEOPT UNPACKING pc=0x0000025f07586e43 sp=0x000000f3518fcd38 mode 0
Event: 6.724 Thread 0x0000025f146aaf20 DEOPT PACKING pc=0x0000025f00c27d3b sp=0x000000f3508fea20
Event: 6.724 Thread 0x0000025f146aaf20 DEOPT UNPACKING pc=0x0000025f07586e43 sp=0x000000f3508fdf88 mode 0
Event: 6.727 Thread 0x0000025f17196350 DEOPT PACKING pc=0x0000025f0034deb7 sp=0x000000f3518fd8b0
Event: 6.727 Thread 0x0000025f17196350 DEOPT UNPACKING pc=0x0000025f07586e43 sp=0x000000f3518fcd38 mode 0
Event: 6.735 Thread 0x0000025f17196350 DEOPT PACKING pc=0x0000025f0034deb7 sp=0x000000f3518fd8b0
Event: 6.735 Thread 0x0000025f17196350 DEOPT UNPACKING pc=0x0000025f07586e43 sp=0x000000f3518fcd38 mode 0
Event: 6.738 Thread 0x0000025f146aaf20 DEOPT PACKING pc=0x0000025f00c27d3b sp=0x000000f3508fea20
Event: 6.738 Thread 0x0000025f146aaf20 DEOPT UNPACKING pc=0x0000025f07586e43 sp=0x000000f3508fdf88 mode 0
Event: 6.738 Thread 0x0000025f17196350 DEOPT PACKING pc=0x0000025f0062e45f sp=0x000000f3518fdd10
Event: 6.738 Thread 0x0000025f17196350 DEOPT UNPACKING pc=0x0000025f07586e43 sp=0x000000f3518fd208 mode 0
Event: 6.741 Thread 0x0000025f146aaf20 DEOPT PACKING pc=0x0000025f00ae5185 sp=0x000000f3508fe9e0
Event: 6.741 Thread 0x0000025f146aaf20 DEOPT UNPACKING pc=0x0000025f07586e43 sp=0x000000f3508fdf68 mode 0
Event: 6.752 Thread 0x0000025f146aaf20 DEOPT PACKING pc=0x0000025f00c27d3b sp=0x000000f3508fea20
Event: 6.752 Thread 0x0000025f146aaf20 DEOPT UNPACKING pc=0x0000025f07586e43 sp=0x000000f3508fdf88 mode 0

Classes loaded (20 events):
Event: 6.296 Loading class java/nio/file/Files$2
Event: 6.296 Loading class java/nio/file/Files$2 done
Event: 6.425 Loading class java/util/concurrent/ArrayBlockingQueue
Event: 6.426 Loading class java/util/concurrent/ArrayBlockingQueue done
Event: 6.483 Loading class java/util/Hashtable$ValueCollection
Event: 6.483 Loading class java/util/Hashtable$ValueCollection done
Event: 6.487 Loading class java/util/stream/ReferencePipeline$4
Event: 6.487 Loading class java/util/stream/ReferencePipeline$4 done
Event: 6.488 Loading class java/util/concurrent/ConcurrentHashMap$KeySpliterator
Event: 6.489 Loading class java/util/concurrent/ConcurrentHashMap$KeySpliterator done
Event: 6.489 Loading class java/util/stream/Nodes$IntFixedNodeBuilder
Event: 6.489 Loading class java/util/stream/Node$Builder$OfInt
Event: 6.489 Loading class java/util/stream/Node$Builder$OfInt done
Event: 6.489 Loading class java/util/stream/Nodes$IntArrayNode
Event: 6.489 Loading class java/util/stream/Nodes$IntArrayNode done
Event: 6.489 Loading class java/util/stream/Nodes$IntFixedNodeBuilder done
Event: 6.490 Loading class java/util/stream/ReferencePipeline$4$1
Event: 6.490 Loading class java/util/stream/ReferencePipeline$4$1 done
Event: 6.496 Loading class java/nio/channels/Channels$1
Event: 6.496 Loading class java/nio/channels/Channels$1 done

Classes unloaded (14 events):
Event: 3.450 Thread 0x0000025f790e9a30 Unloading class 0x000000010025a000 'java/lang/invoke/LambdaForm$MH+0x000000010025a000'
Event: 3.450 Thread 0x0000025f790e9a30 Unloading class 0x0000000100259c00 'java/lang/invoke/LambdaForm$MH+0x0000000100259c00'
Event: 3.450 Thread 0x0000025f790e9a30 Unloading class 0x0000000100259800 'java/lang/invoke/LambdaForm$MH+0x0000000100259800'
Event: 3.450 Thread 0x0000025f790e9a30 Unloading class 0x0000000100259400 'java/lang/invoke/LambdaForm$MH+0x0000000100259400'
Event: 3.450 Thread 0x0000025f790e9a30 Unloading class 0x0000000100259000 'java/lang/invoke/LambdaForm$BMH+0x0000000100259000'
Event: 3.450 Thread 0x0000025f790e9a30 Unloading class 0x0000000100258c00 'java/lang/invoke/LambdaForm$DMH+0x0000000100258c00'
Event: 3.450 Thread 0x0000025f790e9a30 Unloading class 0x0000000100254400 'java/lang/invoke/LambdaForm$DMH+0x0000000100254400'
Event: 5.851 Thread 0x0000025f790e9a30 Unloading class 0x00000001004b1000 'java/lang/invoke/LambdaForm$MH+0x00000001004b1000'
Event: 5.851 Thread 0x0000025f790e9a30 Unloading class 0x00000001004b0800 'java/lang/invoke/LambdaForm$MH+0x00000001004b0800'
Event: 5.851 Thread 0x0000025f790e9a30 Unloading class 0x00000001004b0400 'java/lang/invoke/LambdaForm$MH+0x00000001004b0400'
Event: 5.851 Thread 0x0000025f790e9a30 Unloading class 0x00000001004af400 'java/lang/invoke/LambdaForm$MH+0x00000001004af400'
Event: 5.851 Thread 0x0000025f790e9a30 Unloading class 0x00000001004af000 'java/lang/invoke/LambdaForm$DMH+0x00000001004af000'
Event: 5.851 Thread 0x0000025f790e9a30 Unloading class 0x00000001004ae400 'java/lang/invoke/LambdaForm$MH+0x00000001004ae400'
Event: 5.851 Thread 0x0000025f790e9a30 Unloading class 0x00000001004ad800 'java/lang/invoke/LambdaForm$MH+0x00000001004ad800'

Classes redefined (0 events):
No events

Internal exceptions (20 events):
Event: 4.501 Thread 0x0000025f17196350 Exception <a 'sun/nio/fs/WindowsException'{0x00000000eab1c540}> (0x00000000eab1c540) 
thrown [s\src\hotspot\share\prims\jni.cpp, line 516]
Event: 4.502 Thread 0x0000025f17196350 Exception <a 'sun/nio/fs/WindowsException'{0x00000000eab1cb78}> (0x00000000eab1cb78) 
thrown [s\src\hotspot\share\prims\jni.cpp, line 516]
Event: 4.535 Thread 0x0000025f17196350 Exception <a 'sun/nio/fs/WindowsException'{0x00000000eb1ea988}> (0x00000000eb1ea988) 
thrown [s\src\hotspot\share\prims\jni.cpp, line 516]
Event: 4.540 Thread 0x0000025f17197280 Exception <a 'sun/nio/fs/WindowsException'{0x00000000eb33fd48}> (0x00000000eb33fd48) 
thrown [s\src\hotspot\share\prims\jni.cpp, line 516]
Event: 4.543 Thread 0x0000025f17197280 Exception <a 'sun/nio/fs/WindowsException'{0x00000000eb345df8}> (0x00000000eb345df8) 
thrown [s\src\hotspot\share\prims\jni.cpp, line 516]
Event: 4.544 Thread 0x0000025f17197790 Exception <a 'sun/nio/fs/WindowsException'{0x00000000eb3ed688}> (0x00000000eb3ed688) 
thrown [s\src\hotspot\share\prims\jni.cpp, line 516]
Event: 4.544 Thread 0x0000025f146a9ff0 Exception <a 'sun/nio/fs/WindowsException'{0x00000000eb3fcb60}> (0x00000000eb3fcb60) 
thrown [s\src\hotspot\share\prims\jni.cpp, line 516]
Event: 4.544 Thread 0x0000025f1749e870 Exception <a 'sun/nio/fs/WindowsException'{0x00000000eb424f40}> (0x00000000eb424f40) 
thrown [s\src\hotspot\share\prims\jni.cpp, line 516]
Event: 4.545 Thread 0x0000025f17197280 Exception <a 'sun/nio/fs/WindowsException'{0x00000000eb348f10}> (0x00000000eb348f10) 
thrown [s\src\hotspot\share\prims\jni.cpp, line 516]
Event: 4.545 Thread 0x0000025f17197280 Exception <a 'sun/nio/fs/WindowsException'{0x00000000eb34a4b0}> (0x00000000eb34a4b0) 
thrown [s\src\hotspot\share\prims\jni.cpp, line 516]
Event: 4.546 Thread 0x0000025f1749cf20 Exception <a 'sun/nio/fs/WindowsException'{0x00000000eb433d78}> (0x00000000eb433d78) 
thrown [s\src\hotspot\share\prims\jni.cpp, line 516]
Event: 5.055 Thread 0x0000025f146acd80 Exception <a 'java/lang/ExceptionInInitializerError'{0x00000000eb77f318}> (0x00000000eb77f318) 
thrown [s\src\hotspot\share\oops\instanceKlass.cpp, line 1218]
Event: 5.094 Thread 0x0000025f146acd80 Implicit null exception at 0x0000025f07bf4e2f to 0x0000025f07bf4fbc
Event: 5.094 Thread 0x0000025f146acd80 Implicit null exception at 0x0000025f07b64e09 to 0x0000025f07b661b4
Event: 5.096 Thread 0x0000025f146acd80 Exception <a 'java/lang/NoSuchMethodError'{0x00000000eabbcd00}: 'java.lang.Object java.lang.invoke.Invokers$Holder.invokeExact_MT(java.lang.Object, int, java.lang.Object)'> (0x00000000eabbcd00) 
thrown [s\src\hotspot\share\interpreter\linkResolver.cpp, line 759]
Event: 5.542 Thread 0x0000025f146acd80 Exception <a 'java/lang/NoClassDefFoundError'{0x00000000eb3604f8}: com/google/inject/servlet/ServletModuleTargetVisitor> (0x00000000eb3604f8) 
thrown [s\src\hotspot\share\classfile\systemDictionary.cpp, line 245]
Event: 6.298 Thread 0x0000025f17196350 Exception <a 'java/lang/NoSuchMethodError'{0x00000000eaf2aaa0}: 'int java.lang.invoke.DirectMethodHandle$Holder.invokeSpecialIFC(java.lang.Object, java.lang.Object, java.lang.Object)'> (0x00000000eaf2aaa0) 
thrown [s\src\hotspot\share\interpreter\linkResolver.cpp, line 759]
Event: 6.480 Thread 0x0000025f1749a6a0 Exception <a 'java/lang/NoSuchMethodError'{0x00000000eac73ed0}: 'int java.lang.invoke.DirectMethodHandle$Holder.invokeStatic(java.lang.Object, int, java.lang.Object)'> (0x00000000eac73ed0) 
thrown [s\src\hotspot\share\interpreter\linkResolver.cpp, line 759]
Event: 6.489 Thread 0x0000025f17196350 Exception <a 'java/lang/NoSuchMethodError'{0x00000000eadeba78}: 'java.lang.Object java.lang.invoke.DirectMethodHandle$Holder.invokeInterface(java.lang.Object, java.lang.Object, java.lang.Object)'> (0x00000000eadeba78) 
thrown [s\src\hotspot\share\interpreter\linkResolver.cpp, line 759]
Event: 6.492 Thread 0x0000025f17196350 Exception <a 'java/lang/NoSuchMethodError'{0x00000000eae5cba8}: 'java.lang.Object java.lang.invoke.DirectMethodHandle$Holder.newInvokeSpecial(java.lang.Object, java.lang.Object, int, int, java.lang.Object)'> (0x00000000eae5cba8) 
thrown [s\src\hotspot\share\interpreter\linkResolver.cpp, line 759]

VM Operations (20 events):
Event: 6.272 Executing VM operation: ParallelGCFailedAllocation
Event: 6.275 Executing VM operation: ParallelGCFailedAllocation done
Event: 6.294 Executing VM operation: HandshakeAllThreads
Event: 6.294 Executing VM operation: HandshakeAllThreads done
Event: 6.317 Executing VM operation: HandshakeAllThreads
Event: 6.317 Executing VM operation: HandshakeAllThreads done
Event: 6.344 Executing VM operation: ParallelGCFailedAllocation
Event: 6.348 Executing VM operation: ParallelGCFailedAllocation done
Event: 6.395 Executing VM operation: ParallelGCFailedAllocation
Event: 6.399 Executing VM operation: ParallelGCFailedAllocation done
Event: 6.467 Executing VM operation: ParallelGCFailedAllocation
Event: 6.470 Executing VM operation: ParallelGCFailedAllocation done
Event: 6.544 Executing VM operation: ParallelGCFailedAllocation
Event: 6.549 Executing VM operation: ParallelGCFailedAllocation done
Event: 6.604 Executing VM operation: ParallelGCFailedAllocation
Event: 6.607 Executing VM operation: ParallelGCFailedAllocation done
Event: 6.689 Executing VM operation: ParallelGCFailedAllocation
Event: 6.693 Executing VM operation: ParallelGCFailedAllocation done
Event: 6.744 Executing VM operation: ParallelGCFailedAllocation
Event: 6.746 Executing VM operation: ParallelGCFailedAllocation done

Memory protections (0 events):
No events

Nmethod flushes (20 events):
Event: 4.246 Thread 0x0000025f7ef71980 flushing  nmethod 0x0000025f00a37b90
Event: 4.246 Thread 0x0000025f7ef71980 flushing  nmethod 0x0000025f00a39510
Event: 4.246 Thread 0x0000025f7ef71980 flushing  nmethod 0x0000025f00a3a390
Event: 4.246 Thread 0x0000025f7ef71980 flushing  nmethod 0x0000025f00a3dc90
Event: 4.246 Thread 0x0000025f7ef71980 flushing  nmethod 0x0000025f00a41d10
Event: 4.246 Thread 0x0000025f7ef71980 flushing  nmethod 0x0000025f00a47710
Event: 4.246 Thread 0x0000025f7ef71980 flushing  nmethod 0x0000025f00a4de10
Event: 4.246 Thread 0x0000025f7ef71980 flushing  nmethod 0x0000025f00a57610
Event: 4.246 Thread 0x0000025f7ef71980 flushing  nmethod 0x0000025f00a5f810
Event: 4.246 Thread 0x0000025f7ef71980 flushing  nmethod 0x0000025f00a75890
Event: 4.246 Thread 0x0000025f7ef71980 flushing  nmethod 0x0000025f00a82190
Event: 4.246 Thread 0x0000025f7ef71980 flushing  nmethod 0x0000025f00ab2e10
Event: 6.042 Thread 0x0000025f7ef71980 flushing  nmethod 0x0000025f009adc90
Event: 6.042 Thread 0x0000025f7ef71980 flushing  nmethod 0x0000025f009b6190
Event: 6.043 Thread 0x0000025f7ef71980 flushing  nmethod 0x0000025f00a1f010
Event: 6.043 Thread 0x0000025f7ef71980 flushing  nmethod 0x0000025f00a38510
Event: 6.043 Thread 0x0000025f7ef71980 flushing  nmethod 0x0000025f00a43310
Event: 6.043 Thread 0x0000025f7ef71980 flushing  nmethod 0x0000025f00a48710
Event: 6.043 Thread 0x0000025f7ef71980 flushing  nmethod 0x0000025f00a52f10
Event: 6.043 Thread 0x0000025f7ef71980 flushing  nmethod 0x0000025f00a66a90

Events (20 events):
Event: 4.731 Thread 0x0000025f17196350 Thread added: 0x0000025f1749c500
Event: 4.731 Thread 0x0000025f17196350 Thread added: 0x0000025f1749fcb0
Event: 4.731 Thread 0x0000025f17196350 Thread added: 0x0000025f1749f290
Event: 4.731 Thread 0x0000025f17196350 Thread added: 0x0000025f1749ca10
Event: 4.731 Thread 0x0000025f17196350 Thread added: 0x0000025f1749ed80
Event: 4.731 Thread 0x0000025f17196350 Thread added: 0x0000025f1749f7a0
Event: 4.731 Thread 0x0000025f17196350 Thread added: 0x0000025f174a01c0
Event: 4.731 Thread 0x0000025f17196350 Thread added: 0x0000025f174a06d0
Event: 4.731 Thread 0x0000025f17196350 Thread added: 0x0000025f174a0be0
Event: 6.427 Thread 0x0000025f17196350 Thread added: 0x0000025f1749a6a0
Event: 6.493 Thread 0x0000025f17196350 Thread added: 0x0000025f1749abb0
Event: 6.499 Thread 0x0000025f17196350 Thread added: 0x0000025f176638e0
Event: 6.507 Thread 0x0000025f17196350 Thread added: 0x0000025f17664810
Event: 6.511 Thread 0x0000025f17196350 Thread added: 0x0000025f17663df0
Event: 6.530 Thread 0x0000025f17196350 Thread added: 0x0000025f17664300
Event: 6.536 Thread 0x0000025f17196350 Thread added: 0x0000025f17667090
Event: 6.536 Thread 0x0000025f17196350 Thread added: 0x0000025f176675a0
Event: 6.536 Thread 0x0000025f17196350 Thread added: 0x0000025f17661f90
Event: 6.563 Thread 0x0000025f17196350 Thread added: 0x0000025f17667ab0
Event: 6.568 Thread 0x0000025f17196350 Thread added: 0x0000025f17664d20


Dynamic libraries:
0x00007ff7505a0000 - 0x00007ff7505ae000 	c:\Users\yenho\.vscode\extensions\redhat.java-1.38.0-win32-x64\jre\17.0.13-win32-x86_64\bin\java.exe
0x00007ffca76b0000 - 0x00007ffca78c7000 	C:\Windows\SYSTEM32\ntdll.dll
0x00007ffca6cb0000 - 0x00007ffca6d74000 	C:\Windows\System32\KERNEL32.DLL
0x00007ffca4ff0000 - 0x00007ffca53aa000 	C:\Windows\System32\KERNELBASE.dll
0x00007ffca4bc0000 - 0x00007ffca4cd1000 	C:\Windows\System32\ucrtbase.dll
0x00007ffca02e0000 - 0x00007ffca02fe000 	c:\Users\yenho\.vscode\extensions\redhat.java-1.38.0-win32-x64\jre\17.0.13-win32-x86_64\bin\VCRUNTIME140.dll
0x00007ffca0300000 - 0x00007ffca0317000 	c:\Users\yenho\.vscode\extensions\redhat.java-1.38.0-win32-x64\jre\17.0.13-win32-x86_64\bin\jli.dll
0x00007ffca5a90000 - 0x00007ffca5c3e000 	C:\Windows\System32\USER32.dll
0x00007ffca4980000 - 0x00007ffca49a6000 	C:\Windows\System32\win32u.dll
0x00007ffca63f0000 - 0x00007ffca6419000 	C:\Windows\System32\GDI32.dll
0x00007ffc91a90000 - 0x00007ffc91d22000 	C:\Windows\WinSxS\amd64_microsoft.windows.common-controls_6595b64144ccf1df_6.0.22621.4541_none_2710d1c57384c085\COMCTL32.dll
0x00007ffca4e10000 - 0x00007ffca4f2b000 	C:\Windows\System32\gdi32full.dll
0x00007ffca49b0000 - 0x00007ffca4a4a000 	C:\Windows\System32\msvcp_win.dll
0x00007ffca73f0000 - 0x00007ffca7497000 	C:\Windows\System32\msvcrt.dll
0x00007ffca5c40000 - 0x00007ffca5c71000 	C:\Windows\System32\IMM32.DLL
0x00007ffca02d0000 - 0x00007ffca02dc000 	c:\Users\yenho\.vscode\extensions\redhat.java-1.38.0-win32-x64\jre\17.0.13-win32-x86_64\bin\vcruntime140_1.dll
0x00007ffc56950000 - 0x00007ffc569dd000 	c:\Users\yenho\.vscode\extensions\redhat.java-1.38.0-win32-x64\jre\17.0.13-win32-x86_64\bin\msvcp140.dll
0x00007ffc35460000 - 0x00007ffc360cb000 	c:\Users\yenho\.vscode\extensions\redhat.java-1.38.0-win32-x64\jre\17.0.13-win32-x86_64\bin\server\jvm.dll
0x00007ffca70f0000 - 0x00007ffca71a2000 	C:\Windows\System32\ADVAPI32.dll
0x00007ffca6120000 - 0x00007ffca61c7000 	C:\Windows\System32\sechost.dll
0x00007ffca4d60000 - 0x00007ffca4d88000 	C:\Windows\System32\bcrypt.dll
0x00007ffca5960000 - 0x00007ffca5a74000 	C:\Windows\System32\RPCRT4.dll
0x00007ffca6e40000 - 0x00007ffca6eb1000 	C:\Windows\System32\WS2_32.dll
0x00007ffc9e9b0000 - 0x00007ffc9e9ba000 	C:\Windows\SYSTEM32\VERSION.dll
0x00007ffc9ee50000 - 0x00007ffc9ee84000 	C:\Windows\SYSTEM32\WINMM.dll
0x00007ffca37d0000 - 0x00007ffca381d000 	C:\Windows\SYSTEM32\POWRPROF.dll
0x00007ffca37b0000 - 0x00007ffca37c3000 	C:\Windows\SYSTEM32\UMPDC.dll
0x00007ffca3a80000 - 0x00007ffca3a98000 	C:\Windows\SYSTEM32\kernel.appcore.dll
0x00007ffc9eef0000 - 0x00007ffc9eefa000 	c:\Users\yenho\.vscode\extensions\redhat.java-1.38.0-win32-x64\jre\17.0.13-win32-x86_64\bin\jimage.dll
0x00007ffc9dcd0000 - 0x00007ffc9df02000 	C:\Windows\SYSTEM32\DBGHELP.DLL
0x00007ffca5d10000 - 0x00007ffca609f000 	C:\Windows\System32\combase.dll
0x00007ffca71b0000 - 0x00007ffca7287000 	C:\Windows\System32\OLEAUT32.dll
0x00007ffc9aad0000 - 0x00007ffc9ab02000 	C:\Windows\SYSTEM32\dbgcore.DLL
0x00007ffca4d90000 - 0x00007ffca4e0b000 	C:\Windows\System32\bcryptPrimitives.dll
0x00007ffc9ef30000 - 0x00007ffc9ef3e000 	c:\Users\yenho\.vscode\extensions\redhat.java-1.38.0-win32-x64\jre\17.0.13-win32-x86_64\bin\instrument.dll
0x00007ffc9eec0000 - 0x00007ffc9eee5000 	c:\Users\yenho\.vscode\extensions\redhat.java-1.38.0-win32-x64\jre\17.0.13-win32-x86_64\bin\java.dll
0x00007ffc98820000 - 0x00007ffc98838000 	c:\Users\yenho\.vscode\extensions\redhat.java-1.38.0-win32-x64\jre\17.0.13-win32-x86_64\bin\zip.dll
0x00007ffca6430000 - 0x00007ffca6ca8000 	C:\Windows\System32\SHELL32.dll
0x00007ffca2880000 - 0x00007ffca3188000 	C:\Windows\SYSTEM32\windows.storage.dll
0x00007ffca2740000 - 0x00007ffca287f000 	C:\Windows\SYSTEM32\wintypes.dll
0x00007ffca5860000 - 0x00007ffca595a000 	C:\Windows\System32\SHCORE.dll
0x00007ffca61d0000 - 0x00007ffca622e000 	C:\Windows\System32\shlwapi.dll
0x00007ffca48b0000 - 0x00007ffca48db000 	C:\Windows\SYSTEM32\profapi.dll
0x00007ffc94f30000 - 0x00007ffc94f49000 	C:\Users\yenho\.vscode\extensions\redhat.java-1.38.0-win32-x64\jre\17.0.13-win32-x86_64\bin\net.dll
0x00007ffca0800000 - 0x00007ffca0936000 	C:\Windows\SYSTEM32\WINHTTP.dll
0x00007ffca3f00000 - 0x00007ffca3f69000 	C:\Windows\system32\mswsock.dll
0x00007ffc94790000 - 0x00007ffc947a6000 	C:\Users\yenho\.vscode\extensions\redhat.java-1.38.0-win32-x64\jre\17.0.13-win32-x86_64\bin\nio.dll
0x00007ffc9ef00000 - 0x00007ffc9ef10000 	c:\Users\yenho\.vscode\extensions\redhat.java-1.38.0-win32-x64\jre\17.0.13-win32-x86_64\bin\verify.dll
0x00007ffc0bae0000 - 0x00007ffc0bb25000 	C:\Users\yenho\AppData\Roaming\Code\User\globalStorage\redhat.java\1.38.0\config_win\org.eclipse.equinox.launcher\org.eclipse.equinox.launcher.win32.win32.x86_64_1.2.1100.v20240722-2106\eclipse_11904.dll
0x00007ffca74a0000 - 0x00007ffca7645000 	C:\Windows\System32\ole32.dll
0x00007ffca4170000 - 0x00007ffca418b000 	C:\Windows\SYSTEM32\CRYPTSP.dll
0x00007ffca39d0000 - 0x00007ffca3a05000 	C:\Windows\system32\rsaenh.dll
0x00007ffca4000000 - 0x00007ffca4028000 	C:\Windows\SYSTEM32\USERENV.dll
0x00007ffca4160000 - 0x00007ffca416c000 	C:\Windows\SYSTEM32\CRYPTBASE.dll
0x00007ffca3460000 - 0x00007ffca348d000 	C:\Windows\SYSTEM32\IPHLPAPI.DLL
0x00007ffca6420000 - 0x00007ffca6429000 	C:\Windows\System32\NSI.dll
0x00007ffc9f3f0000 - 0x00007ffc9f409000 	C:\Windows\SYSTEM32\dhcpcsvc6.DLL
0x00007ffc9f3d0000 - 0x00007ffc9f3ef000 	C:\Windows\SYSTEM32\dhcpcsvc.DLL
0x00007ffca34d0000 - 0x00007ffca35d2000 	C:\Windows\SYSTEM32\DNSAPI.dll
0x00007ffc0ba90000 - 0x00007ffc0bad9000 	C:\Users\yenho\AppData\Local\Temp\jna-114863977\jna13335313231545640289.dll
0x00007ffca5a80000 - 0x00007ffca5a88000 	C:\Windows\System32\PSAPI.DLL

dbghelp: loaded successfully - version: 4.0.5 - missing functions: none
symbol engine: initialized successfully - sym options: 0x614 - pdb path: .;c:\Users\yenho\.vscode\extensions\redhat.java-1.38.0-win32-x64\jre\17.0.13-win32-x86_64\bin;C:\Windows\SYSTEM32;C:\Windows\WinSxS\amd64_microsoft.windows.common-controls_6595b64144ccf1df_6.0.22621.4541_none_2710d1c57384c085;c:\Users\yenho\.vscode\extensions\redhat.java-1.38.0-win32-x64\jre\17.0.13-win32-x86_64\bin\server;C:\Users\yenho\AppData\Roaming\Code\User\globalStorage\redhat.java\1.38.0\config_win\org.eclipse.equinox.launcher\org.eclipse.equinox.launcher.win32.win32.x86_64_1.2.1100.v20240722-2106;C:\Users\yenho\AppData\Local\Temp\jna-114863977

VM Arguments:
jvm_args: --add-modules=ALL-SYSTEM --add-opens=java.base/java.util=ALL-UNNAMED --add-opens=java.base/java.lang=ALL-UNNAMED --add-opens=java.base/sun.nio.fs=ALL-UNNAMED -Declipse.application=org.eclipse.jdt.ls.core.id1 -Dosgi.bundles.defaultStartLevel=4 -Declipse.product=org.eclipse.jdt.ls.core.product -Djava.import.generatesMetadataFilesAtProjectRoot=false -DDetectVMInstallationsJob.disabled=true -Dfile.encoding=utf8 -XX:+UseParallelGC -XX:GCTimeRatio=4 -XX:AdaptiveSizePolicyWeight=90 -Dsun.zip.disableMemoryMapping=true -Xmx1G -Xms100m -Xlog:disable -javaagent:c:\Users\yenho\.vscode\extensions\redhat.java-1.38.0-win32-x64\lombok\lombok-1.18.34.jar -XX:+HeapDumpOnOutOfMemoryError -XX:HeapDumpPath=c:\Users\yenho\AppData\Roaming\Code\User\workspaceStorage\be8ad8b4014e26bb98f6d4fcdc527ed2\redhat.java -Daether.dependencyCollector.impl=bf 
java_command: c:\Users\yenho\.vscode\extensions\redhat.java-1.38.0-win32-x64\server\plugins\org.eclipse.equinox.launcher_1.6.900.v20240613-2009.jar -configuration c:\Users\yenho\AppData\Roaming\Code\User\globalStorage\redhat.java\1.38.0\config_win -data c:\Users\yenho\AppData\Roaming\Code\User\workspaceStorage\be8ad8b4014e26bb98f6d4fcdc527ed2\redhat.java\jdt_ws --pipe=\\.\pipe\lsp-5ef4d723d7b3f7ead9bcefac60cf0d89-sock
java_class_path (initial): c:\Users\yenho\.vscode\extensions\redhat.java-1.38.0-win32-x64\server\plugins\org.eclipse.equinox.launcher_1.6.900.v20240613-2009.jar
Launcher Type: SUN_STANDARD

[Global flags]
    uintx AdaptiveSizePolicyWeight                 = 90                                        {product} {command line}
     intx CICompilerCount                          = 4                                         {product} {ergonomic}
    uintx GCTimeRatio                              = 4                                         {product} {command line}
     bool HeapDumpOnOutOfMemoryError               = true                                   {manageable} {command line}
    ccstr HeapDumpPath                             = c:\Users\yenho\AppData\Roaming\Code\User\workspaceStorage\be8ad8b4014e26bb98f6d4fcdc527ed2\redhat.java         {manageable} {command line}
   size_t InitialHeapSize                          = 104857600                                 {product} {command line}
   size_t MaxHeapSize                              = 1073741824                                {product} {command line}
   size_t MaxNewSize                               = 357564416                                 {product} {ergonomic}
   size_t MinHeapDeltaBytes                        = 524288                                    {product} {ergonomic}
   size_t MinHeapSize                              = 104857600                                 {product} {command line}
   size_t NewSize                                  = 34603008                                  {product} {ergonomic}
    uintx NonNMethodCodeHeapSize                   = 5839372                                {pd product} {ergonomic}
    uintx NonProfiledCodeHeapSize                  = 122909434                              {pd product} {ergonomic}
   size_t OldSize                                  = 70254592                                  {product} {ergonomic}
    uintx ProfiledCodeHeapSize                     = 122909434                              {pd product} {ergonomic}
    uintx ReservedCodeCacheSize                    = 251658240                              {pd product} {ergonomic}
     bool SegmentedCodeCache                       = true                                      {product} {ergonomic}
   size_t SoftMaxHeapSize                          = 1073741824                             {manageable} {ergonomic}
     bool UseCompressedClassPointers               = true                           {product lp64_product} {ergonomic}
     bool UseCompressedOops                        = true                           {product lp64_product} {ergonomic}
     bool UseLargePagesIndividualAllocation        = false                                  {pd product} {ergonomic}
     bool UseParallelGC                            = true                                      {product} {command line}

Logging:
Log output configuration:
 #0: stdout all=off uptime,level,tags
 #1: stderr all=off uptime,level,tags

Environment Variables:
JAVA_HOME=C:\Program Files\Java\jdk-17
PATH=C:\Program Files\Common Files\Oracle\Java\javapath;C:\Windows\system32;C:\Windows;C:\Windows\System32\Wbem;C:\Windows\System32\WindowsPowerShell\v1.0\;C:\Windows\System32\OpenSSH\;C:\Program Files (x86)\NVIDIA Corporation\PhysX\Common;C:\Program Files\NVIDIA Corporation\NVIDIA NvDLISR;C:\Windows\system32;C:\Windows;C:\Windows\System32\Wbem;C:\Windows\System32\WindowsPowerShell\v1.0\;C:\Windows\System32\OpenSSH\;C:\Program Files\dotnet\;C:\Program Files (x86)\Yarn\bin\;C:\Program Files\nodejs\;C:\Program Files\Java\jdk-17\bin;C:\Users\yenho\AppData\Local\Android\Sdk\platform-tools;C:\Program Files\Git\cmd;C:\Users\yenho\AppData\Local\Microsoft\WindowsApps;C:\Users\yenho\AppData\Local\Programs\Microsoft VS Code\bin;C:\Users\yenho\.dotnet\tools;C:\Users\yenho\AppData\Local\Yarn\bin;C:\Users\yenho\AppData\Roaming\npm;C:\Users\yenho\AppData\Local\GitHubDesktop\bin
USERNAME=yenho
OS=Windows_NT
PROCESSOR_IDENTIFIER=AMD64 Family 25 Model 68 Stepping 1, AuthenticAMD
TMP=C:\Users\yenho\AppData\Local\Temp
TEMP=C:\Users\yenho\AppData\Local\Temp



Periodic native trim disabled


---------------  S Y S T E M  ---------------

OS:
 Windows 11 , 64 bit Build 22621 (10.0.22621.4391)
OS uptime: 0 days 2:26 hours
Hyper-V role detected

CPU: total 12 (initial active 12) (12 cores per cpu, 2 threads per core) family 25 model 68 stepping 1 microcode 0x0, cx8, cmov, fxsr, ht, mmx, 3dnowpref, sse, sse2, sse3, ssse3, sse4a, sse4.1, sse4.2, popcnt, lzcnt, tsc, tscinvbit, avx, avx2, aes, erms, clmul, bmi1, bmi2, adx, sha, fma, vzeroupper, clflush, clflushopt, hv
Processor Information for processor 0
  Max Mhz: 3301, Current Mhz: 3301, Mhz Limit: 3301
Processor Information for processor 1
  Max Mhz: 3301, Current Mhz: 3301, Mhz Limit: 3301
Processor Information for processor 2
  Max Mhz: 3301, Current Mhz: 3301, Mhz Limit: 3301
Processor Information for processor 3
  Max Mhz: 3301, Current Mhz: 3301, Mhz Limit: 3301
Processor Information for processor 4
  Max Mhz: 3301, Current Mhz: 3301, Mhz Limit: 3301
Processor Information for processor 5
  Max Mhz: 3301, Current Mhz: 3301, Mhz Limit: 3301
Processor Information for processor 6
  Max Mhz: 3301, Current Mhz: 3301, Mhz Limit: 3301
Processor Information for processor 7
  Max Mhz: 3301, Current Mhz: 3301, Mhz Limit: 3301
Processor Information for processor 8
  Max Mhz: 3301, Current Mhz: 2024, Mhz Limit: 3301
Processor Information for processor 9
  Max Mhz: 3301, Current Mhz: 2024, Mhz Limit: 3301
Processor Information for processor 10
  Max Mhz: 3301, Current Mhz: 3301, Mhz Limit: 3301
Processor Information for processor 11
  Max Mhz: 3301, Current Mhz: 3301, Mhz Limit: 3301

Memory: 4k page, system-wide physical 7365M (410M free)
TotalPageFile size 29893M (AvailPageFile size 82M)
current process WorkingSet (physical memory assigned to process): 322M, peak: 322M
current process commit charge ("private bytes"): 375M, peak: 380M

vm_info: OpenJDK 64-Bit Server VM (17.0.13+11) for windows-amd64 JRE (17.0.13+11), built on Oct 16 2024 00:10:08 by "admin" with MS VC++ 17.7 (VS2022)

END.
