#
# There is insufficient memory for the Java Runtime Environment to continue.
# Native memory allocation (malloc) failed to allocate 885120 bytes. Error detail: Chunk::new
# Possible reasons:
#   The system is out of physical RAM or swap space
#   This process is running with CompressedOops enabled, and the Java Heap may be blocking the growth of the native heap
# Possible solutions:
#   Reduce memory load on the system
#   Increase physical memory or swap space
#   Check if swap backing store is full
#   Decrease Java heap size (-Xmx/-Xms)
#   Decrease number of Java threads
#   Decrease Java thread stack sizes (-Xss)
#   Set larger code cache with -XX:ReservedCodeCacheSize=
#   JVM is running with Unscaled Compressed Oops mode in which the Java heap is
#     placed in the first 4GB address space. The Java Heap base address is the
#     maximum limit for the native heap growth. Please use -XX:HeapBaseMinAddress
#     to set the Java Heap base and to place the Java Heap above 4GB virtual address.
# This output file may be truncated or incomplete.
#
#  Out of Memory Error (arena.cpp:191), pid=24628, tid=20656
#
# JRE version: OpenJDK Runtime Environment Temurin-17.0.13+11 (17.0.13+11) (build 17.0.13+11)
# Java VM: OpenJDK 64-Bit Server VM Temurin-17.0.13+11 (17.0.13+11, mixed mode, tiered, compressed oops, compressed class ptrs, parallel gc, windows-amd64)
# No core dump will be written. Minidumps are not enabled by default on client versions of Windows
#

---------------  S U M M A R Y ------------

Command Line: --add-modules=ALL-SYSTEM --add-opens=java.base/java.util=ALL-UNNAMED --add-opens=java.base/java.lang=ALL-UNNAMED --add-opens=java.base/sun.nio.fs=ALL-UNNAMED -Declipse.application=org.eclipse.jdt.ls.core.id1 -Dosgi.bundles.defaultStartLevel=4 -Declipse.product=org.eclipse.jdt.ls.core.product -Djava.import.generatesMetadataFilesAtProjectRoot=false -DDetectVMInstallationsJob.disabled=true -Dfile.encoding=utf8 -XX:+UseParallelGC -XX:GCTimeRatio=4 -XX:AdaptiveSizePolicyWeight=90 -Dsun.zip.disableMemoryMapping=true -Xmx1G -Xms100m -Xlog:disable -javaagent:c:\Users\yenho\.vscode\extensions\redhat.java-1.38.0-win32-x64\lombok\lombok-1.18.34.jar -XX:+HeapDumpOnOutOfMemoryError -XX:HeapDumpPath=c:\Users\yenho\AppData\Roaming\Code\User\workspaceStorage\be8ad8b4014e26bb98f6d4fcdc527ed2\redhat.java -Daether.dependencyCollector.impl=bf c:\Users\yenho\.vscode\extensions\redhat.java-1.38.0-win32-x64\server\plugins\org.eclipse.equinox.launcher_1.6.900.v20240613-2009.jar -configuration c:\Users\yenho\AppData\Roaming\Code\User\globalStorage\redhat.java\1.38.0\config_win -data c:\Users\yenho\AppData\Roaming\Code\User\workspaceStorage\be8ad8b4014e26bb98f6d4fcdc527ed2\redhat.java\jdt_ws --pipe=\\.\pipe\lsp-551fd41efe1517257a34c9039d2cd6aa-sock

Host: AMD Ryzen 5 7535HS with Radeon Graphics        , 12 cores, 7G,  Windows 11 , 64 bit Build 22621 (10.0.22621.4391)
Time: Thu Jan  9 15:54:06 2025 SE Asia Standard Time elapsed time: 16.401253 seconds (0d 0h 0m 16s)

---------------  T H R E A D  ---------------

Current thread (0x00000197ecf94580):  JavaThread "C2 CompilerThread0" daemon [_thread_in_native, id=20656, stack(0x000000418e800000,0x000000418e900000)]


Current CompileTask:
C2:  16401 10695       4       java.lang.invoke.MethodType::makeImpl (109 bytes)

Stack: [0x000000418e800000,0x000000418e900000]
Native frames: (J=compiled Java code, j=interpreted, Vv=VM code, C=native code)
V  [jvm.dll+0x682a19]
V  [jvm.dll+0x839538]
V  [jvm.dll+0x83afe3]
V  [jvm.dll+0x83b653]
V  [jvm.dll+0x24704f]
V  [jvm.dll+0xace34]
V  [jvm.dll+0xad4cc]
V  [jvm.dll+0x36597e]
V  [jvm.dll+0x1ba989]
V  [jvm.dll+0x2181a7]
V  [jvm.dll+0x21748f]
V  [jvm.dll+0x1a3070]
V  [jvm.dll+0x22788c]
V  [jvm.dll+0x2259eb]
V  [jvm.dll+0x7eec98]
V  [jvm.dll+0x7e8ffc]
V  [jvm.dll+0x6818f7]
C  [ucrtbase.dll+0x29333]
C  [KERNEL32.DLL+0x1259d]
C  [ntdll.dll+0x5af38]


---------------  P R O C E S S  ---------------

Threads class SMR info:
_java_thread_list=0x00000197f281b270, length=84, elements={
0x00000197d3f5ed80, 0x00000197ecf66f20, 0x00000197ecf68540, 0x00000197e7de82d0,
0x00000197e7de9150, 0x00000197e7dee690, 0x00000197ecf8bf50, 0x00000197ecf94580,
0x00000197ecf95030, 0x00000197ecf9e200, 0x00000197ecf8ba40, 0x00000197ecf8ddb0,
0x00000197ecf8e7d0, 0x00000197ecf8ece0, 0x00000197ecf8d390, 0x00000197ecf8d8a0,
0x00000197ecf8c460, 0x00000197ecf8b530, 0x00000197ef2061c0, 0x00000197ef208020,
0x00000197ef2070f0, 0x00000197ef203940, 0x00000197ef2066d0, 0x00000197ef202500,
0x00000197ef206be0, 0x00000197ef207600, 0x00000197ef207b10, 0x00000197ef202a10,
0x00000197ef203e50, 0x00000197ef208530, 0x00000197ef204360, 0x00000197ef205cb0,
0x00000197ef202f20, 0x00000197ef204d80, 0x00000197ef201ff0, 0x00000197ef208a40,
0x00000197ef203430, 0x00000197ef204870, 0x00000197ef208f50, 0x00000197ef209970,
0x00000197ef2057a0, 0x00000197f08440d0, 0x00000197f0847370, 0x00000197f0845510,
0x00000197f0847880, 0x00000197f08445e0, 0x00000197f0846950, 0x00000197f08487b0,
0x00000197f08496e0, 0x00000197f08491d0, 0x00000197f0848cc0, 0x00000197f0844af0,
0x00000197f0847d90, 0x00000197f0845000, 0x00000197f0845a20, 0x00000197f0845f30,
0x00000197f0846440, 0x00000197f08482a0, 0x00000197f084b030, 0x00000197f0849bf0,
0x00000197f084a100, 0x00000197f084a610, 0x00000197f0846e60, 0x00000197f084ab20,
0x00000197f084b540, 0x00000197f084ba50, 0x00000197ecf8ce80, 0x00000197ecf8c970,
0x00000197f2119ff0, 0x00000197f211c360, 0x00000197f211dcb0, 0x00000197f211be50,
0x00000197f211b430, 0x00000197f211d7a0, 0x00000197f211e1c0, 0x00000197f211e6d0,
0x00000197f2120020, 0x00000197f211ebe0, 0x00000197f211f0f0, 0x00000197f21195d0,
0x00000197f211b940, 0x00000197f211a500, 0x00000197f2119ae0, 0x00000197f211aa10
}

Java Threads: ( => current thread )
  0x00000197d3f5ed80 JavaThread "main" [_thread_blocked, id=23168, stack(0x000000418df00000,0x000000418e000000)]
  0x00000197ecf66f20 JavaThread "Reference Handler" daemon [_thread_blocked, id=14504, stack(0x000000418e200000,0x000000418e300000)]
  0x00000197ecf68540 JavaThread "Finalizer" daemon [_thread_blocked, id=13848, stack(0x000000418e300000,0x000000418e400000)]
  0x00000197e7de82d0 JavaThread "Signal Dispatcher" daemon [_thread_blocked, id=4372, stack(0x000000418e400000,0x000000418e500000)]
  0x00000197e7de9150 JavaThread "Attach Listener" daemon [_thread_blocked, id=20080, stack(0x000000418e500000,0x000000418e600000)]
  0x00000197e7dee690 JavaThread "Service Thread" daemon [_thread_blocked, id=7052, stack(0x000000418e600000,0x000000418e700000)]
  0x00000197ecf8bf50 JavaThread "Monitor Deflation Thread" daemon [_thread_blocked, id=16616, stack(0x000000418e700000,0x000000418e800000)]
=>0x00000197ecf94580 JavaThread "C2 CompilerThread0" daemon [_thread_in_native, id=20656, stack(0x000000418e800000,0x000000418e900000)]
  0x00000197ecf95030 JavaThread "C1 CompilerThread0" daemon [_thread_in_native, id=16440, stack(0x000000418e900000,0x000000418ea00000)]
  0x00000197ecf9e200 JavaThread "Sweeper thread" daemon [_thread_blocked, id=7668, stack(0x000000418ea00000,0x000000418eb00000)]
  0x00000197ecf8ba40 JavaThread "Common-Cleaner" daemon [_thread_blocked, id=7176, stack(0x000000418eb00000,0x000000418ec00000)]
  0x00000197ecf8ddb0 JavaThread "Notification Thread" daemon [_thread_blocked, id=16408, stack(0x000000418ed00000,0x000000418ee00000)]
  0x00000197ecf8e7d0 JavaThread "Active Thread: Equinox Container: 6ab95f23-fc33-4884-abeb-577d468d0feb" [_thread_blocked, id=8388, stack(0x000000418f600000,0x000000418f700000)]
  0x00000197ecf8ece0 JavaThread "Refresh Thread: Equinox Container: 6ab95f23-fc33-4884-abeb-577d468d0feb" daemon [_thread_blocked, id=19488, stack(0x000000418f700000,0x000000418f800000)]
  0x00000197ecf8d390 JavaThread "Framework Event Dispatcher: Equinox Container: 6ab95f23-fc33-4884-abeb-577d468d0feb" daemon [_thread_blocked, id=26580, stack(0x000000418f800000,0x000000418f900000)]
  0x00000197ecf8d8a0 JavaThread "Start Level: Equinox Container: 6ab95f23-fc33-4884-abeb-577d468d0feb" daemon [_thread_blocked, id=23644, stack(0x000000418f900000,0x000000418fa00000)]
  0x00000197ecf8c460 JavaThread "Bundle File Closer" daemon [_thread_blocked, id=21280, stack(0x000000418fb00000,0x000000418fc00000)]
  0x00000197ecf8b530 JavaThread "SCR Component Actor" daemon [_thread_blocked, id=19224, stack(0x000000418fd00000,0x000000418fe00000)]
  0x00000197ef2061c0 JavaThread "Worker-JM" [_thread_blocked, id=16064, stack(0x000000418ff00000,0x0000004190000000)]
  0x00000197ef208020 JavaThread "JNA Cleaner" daemon [_thread_blocked, id=2348, stack(0x000000418ef00000,0x000000418f000000)]
  0x00000197ef2070f0 JavaThread "Worker-0" [_thread_blocked, id=15612, stack(0x0000004190100000,0x0000004190200000)]
  0x00000197ef203940 JavaThread "Worker-1" [_thread_blocked, id=21992, stack(0x0000004190200000,0x0000004190300000)]
  0x00000197ef2066d0 JavaThread "Java indexing" daemon [_thread_blocked, id=26536, stack(0x0000004190300000,0x0000004190400000)]
  0x00000197ef202500 JavaThread "Thread-2" daemon [_thread_in_native, id=3272, stack(0x0000004190500000,0x0000004190600000)]
  0x00000197ef206be0 JavaThread "Thread-3" daemon [_thread_in_native, id=21164, stack(0x0000004190600000,0x0000004190700000)]
  0x00000197ef207600 JavaThread "Thread-4" daemon [_thread_in_native, id=17600, stack(0x0000004190700000,0x0000004190800000)]
  0x00000197ef207b10 JavaThread "Thread-5" daemon [_thread_in_native, id=12552, stack(0x0000004190800000,0x0000004190900000)]
  0x00000197ef202a10 JavaThread "Thread-6" daemon [_thread_in_native, id=15908, stack(0x0000004190900000,0x0000004190a00000)]
  0x00000197ef203e50 JavaThread "Thread-7" daemon [_thread_in_native, id=14720, stack(0x0000004190a00000,0x0000004190b00000)]
  0x00000197ef208530 JavaThread "Thread-8" daemon [_thread_in_native, id=10052, stack(0x0000004190b00000,0x0000004190c00000)]
  0x00000197ef204360 JavaThread "Thread-9" daemon [_thread_in_native, id=11108, stack(0x0000004190c00000,0x0000004190d00000)]
  0x00000197ef205cb0 JavaThread "Thread-10" daemon [_thread_in_native, id=19272, stack(0x0000004190d00000,0x0000004190e00000)]
  0x00000197ef202f20 JavaThread "Thread-11" daemon [_thread_in_native, id=19556, stack(0x0000004190e00000,0x0000004190f00000)]
  0x00000197ef204d80 JavaThread "Thread-12" daemon [_thread_in_native, id=5812, stack(0x0000004190f00000,0x0000004191000000)]
  0x00000197ef201ff0 JavaThread "Thread-13" daemon [_thread_in_native, id=2700, stack(0x0000004191000000,0x0000004191100000)]
  0x00000197ef208a40 JavaThread "Thread-14" daemon [_thread_in_native, id=22992, stack(0x0000004191100000,0x0000004191200000)]
  0x00000197ef203430 JavaThread "pool-2-thread-1" [_thread_blocked, id=14912, stack(0x0000004191200000,0x0000004191300000)]
  0x00000197ef204870 JavaThread "Worker-2" [_thread_blocked, id=4012, stack(0x0000004191300000,0x0000004191400000)]
  0x00000197ef208f50 JavaThread "Worker-3: Initialize workspace" [_thread_in_Java, id=10788, stack(0x0000004191400000,0x0000004191500000)]
  0x00000197ef209970 JavaThread "Worker-4" [_thread_blocked, id=25228, stack(0x0000004191500000,0x0000004191600000)]
  0x00000197ef2057a0 JavaThread "Worker-5: Java indexing... " [_thread_blocked, id=13088, stack(0x0000004191600000,0x0000004191700000)]
  0x00000197f08440d0 JavaThread "Worker-6" [_thread_blocked, id=11432, stack(0x0000004191700000,0x0000004191800000)]
  0x00000197f0847370 JavaThread "Worker-7" [_thread_blocked, id=7476, stack(0x0000004191800000,0x0000004191900000)]
  0x00000197f0845510 JavaThread "WorkspaceEventsHandler" [_thread_blocked, id=13868, stack(0x0000004191900000,0x0000004191a00000)]
  0x00000197f0847880 JavaThread "pool-1-thread-1" [_thread_blocked, id=18724, stack(0x0000004191a00000,0x0000004191b00000)]
  0x00000197f08445e0 JavaThread "LocalFile Deleter" daemon [_thread_blocked, id=6156, stack(0x0000004191b00000,0x0000004191c00000)]
  0x00000197f0846950 JavaThread "LocalFile Deleter" daemon [_thread_blocked, id=25604, stack(0x0000004191c00000,0x0000004191d00000)]
  0x00000197f08487b0 JavaThread "LocalFile Deleter" daemon [_thread_blocked, id=1680, stack(0x0000004191d00000,0x0000004191e00000)]
  0x00000197f08496e0 JavaThread "LocalFile Deleter" daemon [_thread_blocked, id=17224, stack(0x0000004191e00000,0x0000004191f00000)]
  0x00000197f08491d0 JavaThread "LocalFile Deleter" daemon [_thread_blocked, id=16904, stack(0x0000004191f00000,0x0000004192000000)]
  0x00000197f0848cc0 JavaThread "LocalFile Deleter" daemon [_thread_blocked, id=16536, stack(0x0000004192000000,0x0000004192100000)]
  0x00000197f0844af0 JavaThread "LocalFile Deleter" daemon [_thread_blocked, id=19632, stack(0x0000004192100000,0x0000004192200000)]
  0x00000197f0847d90 JavaThread "LocalFile Deleter" daemon [_thread_blocked, id=18884, stack(0x0000004192200000,0x0000004192300000)]
  0x00000197f0845000 JavaThread "LocalFile Deleter" daemon [_thread_blocked, id=20164, stack(0x0000004192300000,0x0000004192400000)]
  0x00000197f0845a20 JavaThread "LocalFile Deleter" daemon [_thread_blocked, id=200, stack(0x0000004192400000,0x0000004192500000)]
  0x00000197f0845f30 JavaThread "LocalFile Deleter" daemon [_thread_blocked, id=7708, stack(0x0000004192500000,0x0000004192600000)]
  0x00000197f0846440 JavaThread "LocalFile Deleter" daemon [_thread_blocked, id=12612, stack(0x0000004192600000,0x0000004192700000)]
  0x00000197f08482a0 JavaThread "Compiler Source File Reader" daemon [_thread_blocked, id=18800, stack(0x0000004192700000,0x0000004192800000)]
  0x00000197f084b030 JavaThread "Compiler Source File Reader" daemon [_thread_blocked, id=10800, stack(0x0000004192800000,0x0000004192900000)]
  0x00000197f0849bf0 JavaThread "Compiler Source File Reader" daemon [_thread_blocked, id=19280, stack(0x0000004192900000,0x0000004192a00000)]
  0x00000197f084a100 JavaThread "Compiler Source File Reader" daemon [_thread_blocked, id=328, stack(0x0000004192a00000,0x0000004192b00000)]
  0x00000197f084a610 JavaThread "Compiler Source File Reader" daemon [_thread_blocked, id=3164, stack(0x0000004192b00000,0x0000004192c00000)]
  0x00000197f0846e60 JavaThread "Compiler Source File Reader" daemon [_thread_blocked, id=7124, stack(0x0000004192c00000,0x0000004192d00000)]
  0x00000197f084ab20 JavaThread "Compiler Source File Reader" daemon [_thread_blocked, id=3184, stack(0x0000004192d00000,0x0000004192e00000)]
  0x00000197f084b540 JavaThread "Compiler Source File Reader" daemon [_thread_blocked, id=3596, stack(0x0000004192e00000,0x0000004192f00000)]
  0x00000197f084ba50 JavaThread "Compiler Source File Reader" daemon [_thread_blocked, id=3564, stack(0x0000004192f00000,0x0000004193000000)]
  0x00000197ecf8ce80 JavaThread "Compiler Source File Reader" daemon [_thread_blocked, id=19888, stack(0x0000004193000000,0x0000004193100000)]
  0x00000197ecf8c970 JavaThread "Compiler Processing Task" daemon [_thread_blocked, id=15936, stack(0x000000418fe00000,0x000000418ff00000)]
  0x00000197f2119ff0 JavaThread "Compiler Class File Writer" daemon [_thread_blocked, id=18964, stack(0x0000004193100000,0x0000004193200000)]
  0x00000197f211c360 JavaThread "Compiler Class File Writer" daemon [_thread_blocked, id=25784, stack(0x0000004193200000,0x0000004193300000)]
  0x00000197f211dcb0 JavaThread "Compiler Class File Writer" daemon [_thread_blocked, id=5788, stack(0x0000004193300000,0x0000004193400000)]
  0x00000197f211be50 JavaThread "Compiler Class File Writer" daemon [_thread_blocked, id=17432, stack(0x0000004193400000,0x0000004193500000)]
  0x00000197f211b430 JavaThread "Compiler Class File Writer" daemon [_thread_blocked, id=15168, stack(0x0000004193500000,0x0000004193600000)]
  0x00000197f211d7a0 JavaThread "Compiler Class File Writer" daemon [_thread_blocked, id=16492, stack(0x0000004193600000,0x0000004193700000)]
  0x00000197f211e1c0 JavaThread "Compiler Class File Writer" daemon [_thread_blocked, id=21092, stack(0x0000004193700000,0x0000004193800000)]
  0x00000197f211e6d0 JavaThread "Compiler Class File Writer" daemon [_thread_blocked, id=25572, stack(0x0000004193800000,0x0000004193900000)]
  0x00000197f2120020 JavaThread "Compiler Class File Writer" daemon [_thread_blocked, id=23632, stack(0x0000004193900000,0x0000004193a00000)]
  0x00000197f211ebe0 JavaThread "Compiler Class File Writer" daemon [_thread_blocked, id=13220, stack(0x0000004193a00000,0x0000004193b00000)]
  0x00000197f211f0f0 JavaThread "Timer-0" [_thread_blocked, id=3228, stack(0x0000004193b00000,0x0000004193c00000)]
  0x00000197f21195d0 JavaThread "Exec process" [_thread_blocked, id=23288, stack(0x0000004193d00000,0x0000004193e00000)]
  0x00000197f211b940 JavaThread "Exec process Thread 2" [_thread_blocked, id=21376, stack(0x0000004193e00000,0x0000004193f00000)]
  0x00000197f211a500 JavaThread "Exec process Thread 3" [_thread_blocked, id=26212, stack(0x0000004193f00000,0x0000004194000000)]
  0x00000197f2119ae0 JavaThread "Timer-1" [_thread_blocked, id=9520, stack(0x0000004190000000,0x0000004190100000)]
  0x00000197f211aa10 JavaThread "ForkJoinPool.commonPool-worker-1" daemon [_thread_blocked, id=18108, stack(0x0000004190400000,0x0000004190500000)]

Other Threads:
  0x00000197ecf64870 VMThread "VM Thread" [stack: 0x000000418e100000,0x000000418e200000] [id=26148]
  0x00000197ee61e330 WatcherThread [stack: 0x000000418ee00000,0x000000418ef00000] [id=18984]
  0x00000197d3f73f80 GCTaskThread "GC Thread#0" [stack: 0x000000418e000000,0x000000418e100000] [id=18980]
  0x00000197eeeb0c80 GCTaskThread "GC Thread#1" [stack: 0x000000418f000000,0x000000418f100000] [id=21564]
  0x00000197eedca370 GCTaskThread "GC Thread#2" [stack: 0x000000418f100000,0x000000418f200000] [id=17136]
  0x00000197eedca630 GCTaskThread "GC Thread#3" [stack: 0x000000418f200000,0x000000418f300000] [id=7916]
  0x00000197eedca8f0 GCTaskThread "GC Thread#4" [stack: 0x000000418f300000,0x000000418f400000] [id=24920]
  0x00000197eedcabb0 GCTaskThread "GC Thread#5" [stack: 0x000000418f400000,0x000000418f500000] [id=4232]
  0x00000197eedcae70 GCTaskThread "GC Thread#6" [stack: 0x000000418f500000,0x000000418f600000] [id=16212]
  0x00000197eedc0830 GCTaskThread "GC Thread#7" [stack: 0x000000418fa00000,0x000000418fb00000] [id=12348]
  0x00000197ef56e000 GCTaskThread "GC Thread#8" [stack: 0x000000418fc00000,0x000000418fd00000] [id=15056]
  0x00000197ef2ab830 GCTaskThread "GC Thread#9" [stack: 0x000000418ec00000,0x000000418ed00000] [id=9516]

Threads with active compile tasks:
C2 CompilerThread0    16438 10695       4       java.lang.invoke.MethodType::makeImpl (109 bytes)

VM state: not at safepoint (normal execution)

VM Mutex/Monitor currently owned by a thread: None

Heap address: 0x00000000c0000000, size: 1024 MB, Compressed Oops mode: 32-bit

CDS archive(s) not mapped
Compressed class space mapped at: 0x0000000100000000-0x0000000140000000, reserved size: 1073741824
Narrow klass base: 0x0000000000000000, Narrow klass shift: 3, Narrow klass range: 0x140000000

GC Precious Log:
 CPUs: 12 total, 12 available
 Memory: 7365M
 Large Page Support: Disabled
 NUMA Support: Disabled
 Compressed Oops: Enabled (32-bit)
 Alignments: Space 512K, Generation 512K, Heap 2M
 Heap Min Capacity: 100M
 Heap Initial Capacity: 100M
 Heap Max Capacity: 1G
 Pre-touch: Disabled
 Parallel Workers: 10

Heap:
 PSYoungGen      total 5632K, used 5169K [0x00000000eab00000, 0x00000000eb280000, 0x0000000100000000)
  eden space 4608K, 96% used [0x00000000eab00000,0x00000000eaf545d0,0x00000000eaf80000)
  from space 1024K, 71% used [0x00000000eb180000,0x00000000eb238000,0x00000000eb280000)
  to   space 1536K, 0% used [0x00000000eaf80000,0x00000000eaf80000,0x00000000eb100000)
 ParOldGen       total 223744K, used 207657K [0x00000000c0000000, 0x00000000cda80000, 0x00000000eab00000)
  object space 223744K, 92% used [0x00000000c0000000,0x00000000ccaca410,0x00000000cda80000)
 Metaspace       used 74563K, committed 75712K, reserved 1179648K
  class space    used 8275K, committed 8768K, reserved 1048576K

Card table byte_map: [0x00000197d3920000,0x00000197d3b30000] _byte_map_base: 0x00000197d3320000

Marking Bits: (ParMarkBitMap*) 0x00007ffc36006940
 Begin Bits: [0x00000197e5bf0000, 0x00000197e6bf0000)
 End Bits:   [0x00000197e6bf0000, 0x00000197e7bf0000)

Polling page: 0x00000197d3710000

Metaspace:

Usage:
  Non-class:     64.73 MB used.
      Class:      8.08 MB used.
       Both:     72.82 MB used.

Virtual space:
  Non-class space:      128.00 MB reserved,      65.38 MB ( 51%) committed,  2 nodes.
      Class space:        1.00 GB reserved,       8.56 MB ( <1%) committed,  1 nodes.
             Both:        1.12 GB reserved,      73.94 MB (  6%) committed. 

Chunk freelists:
   Non-Class:  13.20 MB
       Class:  7.27 MB
        Both:  20.47 MB

MaxMetaspaceSize: unlimited
CompressedClassSpaceSize: 1.00 GB
Initial GC threshold: 21.00 MB
Current GC threshold: 122.00 MB
CDS: off
MetaspaceReclaimPolicy: balanced
 - commit_granule_bytes: 65536.
 - commit_granule_words: 8192.
 - virtual_space_node_default_size: 8388608.
 - enlarge_chunks_in_place: 1.
 - new_chunks_are_fully_committed: 0.
 - uncommit_free_chunks: 1.
 - use_allocation_guard: 0.
 - handle_deallocations: 1.


Internal statistics:

num_allocs_failed_limit: 9.
num_arena_births: 734.
num_arena_deaths: 24.
num_vsnodes_births: 3.
num_vsnodes_deaths: 0.
num_space_committed: 1183.
num_space_uncommitted: 0.
num_chunks_returned_to_freelist: 38.
num_chunks_taken_from_freelist: 3837.
num_chunk_merges: 14.
num_chunk_splits: 2373.
num_chunks_enlarged: 1367.
num_inconsistent_stats: 0.

CodeHeap 'non-profiled nmethods': size=120000Kb used=5893Kb max_used=5893Kb free=114106Kb
 bounds [0x00000197de6c0000, 0x00000197dec90000, 0x00000197e5bf0000]
CodeHeap 'profiled nmethods': size=120000Kb used=17044Kb max_used=18610Kb free=102955Kb
 bounds [0x00000197d6bf0000, 0x00000197d7e20000, 0x00000197de120000]
CodeHeap 'non-nmethods': size=5760Kb used=1368Kb max_used=1455Kb free=4391Kb
 bounds [0x00000197de120000, 0x00000197de390000, 0x00000197de6c0000]
 total_blobs=9256 nmethods=8542 adapters=625
 compilation: enabled
              stopped_count=0, restarted_count=0
 full_count=0

Compilation events (20 events):
Event: 16.348 Thread 0x00000197ecf95030 10767       3       org.eclipse.core.runtime.ProgressMonitorWrapper::internalWorked (11 bytes)
Event: 16.348 Thread 0x00000197ecf95030 nmethod 10767 0x00000197d792df90 code [0x00000197d792e140, 0x00000197d792e308]
Event: 16.348 Thread 0x00000197ecf95030 10768       3       org.eclipse.jdt.internal.core.search.indexing.AbstractIndexer::addModuleReference (12 bytes)
Event: 16.349 Thread 0x00000197ecf95030 nmethod 10768 0x00000197d7b18790 code [0x00000197d7b18980, 0x00000197d7b18ed8]
Event: 16.352 Thread 0x00000197ecf95030 10769       3       jdk.internal.module.ServicesCatalog::findServices (17 bytes)
Event: 16.352 Thread 0x00000197ecf95030 nmethod 10769 0x00000197d7c14410 code [0x00000197d7c145c0, 0x00000197d7c148e8]
Event: 16.355 Thread 0x00000197ecf95030 10770       3       org.xml.sax.InputSource::<init> (10 bytes)
Event: 16.355 Thread 0x00000197ecf95030 nmethod 10770 0x00000197d7a75c90 code [0x00000197d7a75e20, 0x00000197d7a75fd8]
Event: 16.357 Thread 0x00000197ecf95030 10772       3       org.eclipse.osgi.internal.loader.sources.MultiSourcePackage::loadClass (48 bytes)
Event: 16.357 Thread 0x00000197ecf95030 nmethod 10772 0x00000197d7b28d10 code [0x00000197d7b28ee0, 0x00000197d7b29328]
Event: 16.361 Thread 0x00000197ecf95030 10773       3       org.eclipse.core.internal.registry.HashtableOfStringAndInt::get (72 bytes)
Event: 16.361 Thread 0x00000197ecf95030 nmethod 10773 0x00000197d7a71910 code [0x00000197d7a71b20, 0x00000197d7a720d8]
Event: 16.362 Thread 0x00000197ecf95030 10774       3       com.sun.org.apache.xerces.internal.dom.NodeListCache::<init> (20 bytes)
Event: 16.362 Thread 0x00000197ecf95030 nmethod 10774 0x00000197d7abc690 code [0x00000197d7abc820, 0x00000197d7abc9b8]
Event: 16.373 Thread 0x00000197ecf95030 10775       3       sun.invoke.util.VerifyAccess::isModuleAccessible (97 bytes)
Event: 16.374 Thread 0x00000197ecf95030 nmethod 10775 0x00000197d6cbdc10 code [0x00000197d6cbdee0, 0x00000197d6cbeb88]
Event: 16.382 Thread 0x00000197ecf95030 10776       3       java.util.ImmutableCollections$AbstractImmutableList::iterator (13 bytes)
Event: 16.383 Thread 0x00000197ecf95030 nmethod 10776 0x00000197d7cfda10 code [0x00000197d7cfdbc0, 0x00000197d7cfdee8]
Event: 16.383 Thread 0x00000197ecf95030 10777       3       java.lang.ThreadLocal$ThreadLocalMap$Entry::<init> (11 bytes)
Event: 16.383 Thread 0x00000197ecf95030 nmethod 10777 0x00000197d7d89d10 code [0x00000197d7d89ec0, 0x00000197d7d8a1d8]

GC Heap History (20 events):
Event: 16.174 GC heap before
{Heap before GC invocations=232 (full 10):
 PSYoungGen      total 5120K, used 4602K [0x00000000eab00000, 0x00000000eb180000, 0x0000000100000000)
  eden space 4608K, 99% used [0x00000000eab00000,0x00000000eaf7e840,0x00000000eaf80000)
  from space 512K, 0% used [0x00000000eb100000,0x00000000eb100000,0x00000000eb180000)
  to   space 1024K, 0% used [0x00000000eaf80000,0x00000000eaf80000,0x00000000eb080000)
 ParOldGen       total 223744K, used 197105K [0x00000000c0000000, 0x00000000cda80000, 0x00000000eab00000)
  object space 223744K, 88% used [0x00000000c0000000,0x00000000cc07c550,0x00000000cda80000)
 Metaspace       used 73747K, committed 74944K, reserved 1179648K
  class space    used 8190K, committed 8704K, reserved 1048576K
}
Event: 16.175 GC heap after
{Heap after GC invocations=232 (full 10):
 PSYoungGen      total 5632K, used 912K [0x00000000eab00000, 0x00000000eb180000, 0x0000000100000000)
  eden space 4608K, 0% used [0x00000000eab00000,0x00000000eab00000,0x00000000eaf80000)
  from space 1024K, 89% used [0x00000000eaf80000,0x00000000eb0643c8,0x00000000eb080000)
  to   space 1024K, 0% used [0x00000000eb080000,0x00000000eb080000,0x00000000eb180000)
 ParOldGen       total 223744K, used 197105K [0x00000000c0000000, 0x00000000cda80000, 0x00000000eab00000)
  object space 223744K, 88% used [0x00000000c0000000,0x00000000cc07c550,0x00000000cda80000)
 Metaspace       used 73747K, committed 74944K, reserved 1179648K
  class space    used 8190K, committed 8704K, reserved 1048576K
}
Event: 16.185 GC heap before
{Heap before GC invocations=233 (full 10):
 PSYoungGen      total 5632K, used 5520K [0x00000000eab00000, 0x00000000eb180000, 0x0000000100000000)
  eden space 4608K, 100% used [0x00000000eab00000,0x00000000eaf80000,0x00000000eaf80000)
  from space 1024K, 89% used [0x00000000eaf80000,0x00000000eb0643c8,0x00000000eb080000)
  to   space 1024K, 0% used [0x00000000eb080000,0x00000000eb080000,0x00000000eb180000)
 ParOldGen       total 223744K, used 197105K [0x00000000c0000000, 0x00000000cda80000, 0x00000000eab00000)
  object space 223744K, 88% used [0x00000000c0000000,0x00000000cc07c550,0x00000000cda80000)
 Metaspace       used 73764K, committed 74944K, reserved 1179648K
  class space    used 8194K, committed 8704K, reserved 1048576K
}
Event: 16.187 GC heap after
{Heap after GC invocations=233 (full 10):
 PSYoungGen      total 5632K, used 985K [0x00000000eab00000, 0x00000000eb180000, 0x0000000100000000)
  eden space 4608K, 0% used [0x00000000eab00000,0x00000000eab00000,0x00000000eaf80000)
  from space 1024K, 96% used [0x00000000eb080000,0x00000000eb176740,0x00000000eb180000)
  to   space 1024K, 0% used [0x00000000eaf80000,0x00000000eaf80000,0x00000000eb080000)
 ParOldGen       total 223744K, used 197994K [0x00000000c0000000, 0x00000000cda80000, 0x00000000eab00000)
  object space 223744K, 88% used [0x00000000c0000000,0x00000000cc15abd8,0x00000000cda80000)
 Metaspace       used 73764K, committed 74944K, reserved 1179648K
  class space    used 8194K, committed 8704K, reserved 1048576K
}
Event: 16.200 GC heap before
{Heap before GC invocations=234 (full 10):
 PSYoungGen      total 5632K, used 5593K [0x00000000eab00000, 0x00000000eb180000, 0x0000000100000000)
  eden space 4608K, 100% used [0x00000000eab00000,0x00000000eaf80000,0x00000000eaf80000)
  from space 1024K, 96% used [0x00000000eb080000,0x00000000eb176740,0x00000000eb180000)
  to   space 1024K, 0% used [0x00000000eaf80000,0x00000000eaf80000,0x00000000eb080000)
 ParOldGen       total 223744K, used 197994K [0x00000000c0000000, 0x00000000cda80000, 0x00000000eab00000)
  object space 223744K, 88% used [0x00000000c0000000,0x00000000cc15abd8,0x00000000cda80000)
 Metaspace       used 73774K, committed 74944K, reserved 1179648K
  class space    used 8196K, committed 8704K, reserved 1048576K
}
Event: 16.202 GC heap after
{Heap after GC invocations=234 (full 10):
 PSYoungGen      total 5632K, used 1022K [0x00000000eab00000, 0x00000000eb480000, 0x0000000100000000)
  eden space 4608K, 0% used [0x00000000eab00000,0x00000000eab00000,0x00000000eaf80000)
  from space 1024K, 99% used [0x00000000eaf80000,0x00000000eb07fb10,0x00000000eb080000)
  to   space 2560K, 0% used [0x00000000eb200000,0x00000000eb200000,0x00000000eb480000)
 ParOldGen       total 223744K, used 199111K [0x00000000c0000000, 0x00000000cda80000, 0x00000000eab00000)
  object space 223744K, 88% used [0x00000000c0000000,0x00000000cc271c98,0x00000000cda80000)
 Metaspace       used 73774K, committed 74944K, reserved 1179648K
  class space    used 8196K, committed 8704K, reserved 1048576K
}
Event: 16.215 GC heap before
{Heap before GC invocations=235 (full 10):
 PSYoungGen      total 5632K, used 5630K [0x00000000eab00000, 0x00000000eb480000, 0x0000000100000000)
  eden space 4608K, 100% used [0x00000000eab00000,0x00000000eaf80000,0x00000000eaf80000)
  from space 1024K, 99% used [0x00000000eaf80000,0x00000000eb07fb10,0x00000000eb080000)
  to   space 2560K, 0% used [0x00000000eb200000,0x00000000eb200000,0x00000000eb480000)
 ParOldGen       total 223744K, used 199111K [0x00000000c0000000, 0x00000000cda80000, 0x00000000eab00000)
  object space 223744K, 88% used [0x00000000c0000000,0x00000000cc271c98,0x00000000cda80000)
 Metaspace       used 73866K, committed 75072K, reserved 1179648K
  class space    used 8203K, committed 8704K, reserved 1048576K
}
Event: 16.216 GC heap after
{Heap after GC invocations=235 (full 10):
 PSYoungGen      total 6144K, used 1319K [0x00000000eab00000, 0x00000000eb380000, 0x0000000100000000)
  eden space 4608K, 0% used [0x00000000eab00000,0x00000000eab00000,0x00000000eaf80000)
  from space 1536K, 85% used [0x00000000eb200000,0x00000000eb349d50,0x00000000eb380000)
  to   space 2048K, 0% used [0x00000000eaf80000,0x00000000eaf80000,0x00000000eb180000)
 ParOldGen       total 223744K, used 200112K [0x00000000c0000000, 0x00000000cda80000, 0x00000000eab00000)
  object space 223744K, 89% used [0x00000000c0000000,0x00000000cc36c380,0x00000000cda80000)
 Metaspace       used 73866K, committed 75072K, reserved 1179648K
  class space    used 8203K, committed 8704K, reserved 1048576K
}
Event: 16.261 GC heap before
{Heap before GC invocations=236 (full 10):
 PSYoungGen      total 6144K, used 5924K [0x00000000eab00000, 0x00000000eb380000, 0x0000000100000000)
  eden space 4608K, 99% used [0x00000000eab00000,0x00000000eaf7f5b8,0x00000000eaf80000)
  from space 1536K, 85% used [0x00000000eb200000,0x00000000eb349d50,0x00000000eb380000)
  to   space 2048K, 0% used [0x00000000eaf80000,0x00000000eaf80000,0x00000000eb180000)
 ParOldGen       total 223744K, used 200112K [0x00000000c0000000, 0x00000000cda80000, 0x00000000eab00000)
  object space 223744K, 89% used [0x00000000c0000000,0x00000000cc36c380,0x00000000cda80000)
 Metaspace       used 73997K, committed 75200K, reserved 1179648K
  class space    used 8217K, committed 8704K, reserved 1048576K
}
Event: 16.263 GC heap after
{Heap after GC invocations=236 (full 10):
 PSYoungGen      total 5632K, used 983K [0x00000000eab00000, 0x00000000eb280000, 0x0000000100000000)
  eden space 4608K, 0% used [0x00000000eab00000,0x00000000eab00000,0x00000000eaf80000)
  from space 1024K, 96% used [0x00000000eaf80000,0x00000000eb075f28,0x00000000eb080000)
  to   space 1536K, 0% used [0x00000000eb100000,0x00000000eb100000,0x00000000eb280000)
 ParOldGen       total 223744K, used 201296K [0x00000000c0000000, 0x00000000cda80000, 0x00000000eab00000)
  object space 223744K, 89% used [0x00000000c0000000,0x00000000cc494390,0x00000000cda80000)
 Metaspace       used 73997K, committed 75200K, reserved 1179648K
  class space    used 8217K, committed 8704K, reserved 1048576K
}
Event: 16.298 GC heap before
{Heap before GC invocations=237 (full 10):
 PSYoungGen      total 5632K, used 5591K [0x00000000eab00000, 0x00000000eb280000, 0x0000000100000000)
  eden space 4608K, 100% used [0x00000000eab00000,0x00000000eaf80000,0x00000000eaf80000)
  from space 1024K, 96% used [0x00000000eaf80000,0x00000000eb075f28,0x00000000eb080000)
  to   space 1536K, 0% used [0x00000000eb100000,0x00000000eb100000,0x00000000eb280000)
 ParOldGen       total 223744K, used 201296K [0x00000000c0000000, 0x00000000cda80000, 0x00000000eab00000)
  object space 223744K, 89% used [0x00000000c0000000,0x00000000cc494390,0x00000000cda80000)
 Metaspace       used 74096K, committed 75328K, reserved 1179648K
  class space    used 8229K, committed 8768K, reserved 1048576K
}
Event: 16.299 GC heap after
{Heap after GC invocations=237 (full 10):
 PSYoungGen      total 6144K, used 1171K [0x00000000eab00000, 0x00000000eb280000, 0x0000000100000000)
  eden space 4608K, 0% used [0x00000000eab00000,0x00000000eab00000,0x00000000eaf80000)
  from space 1536K, 76% used [0x00000000eb100000,0x00000000eb224de0,0x00000000eb280000)
  to   space 1536K, 0% used [0x00000000eaf80000,0x00000000eaf80000,0x00000000eb100000)
 ParOldGen       total 223744K, used 202105K [0x00000000c0000000, 0x00000000cda80000, 0x00000000eab00000)
  object space 223744K, 90% used [0x00000000c0000000,0x00000000cc55e4b8,0x00000000cda80000)
 Metaspace       used 74096K, committed 75328K, reserved 1179648K
  class space    used 8229K, committed 8768K, reserved 1048576K
}
Event: 16.316 GC heap before
{Heap before GC invocations=238 (full 10):
 PSYoungGen      total 6144K, used 5779K [0x00000000eab00000, 0x00000000eb280000, 0x0000000100000000)
  eden space 4608K, 100% used [0x00000000eab00000,0x00000000eaf80000,0x00000000eaf80000)
  from space 1536K, 76% used [0x00000000eb100000,0x00000000eb224de0,0x00000000eb280000)
  to   space 1536K, 0% used [0x00000000eaf80000,0x00000000eaf80000,0x00000000eb100000)
 ParOldGen       total 223744K, used 202105K [0x00000000c0000000, 0x00000000cda80000, 0x00000000eab00000)
  object space 223744K, 90% used [0x00000000c0000000,0x00000000cc55e4b8,0x00000000cda80000)
 Metaspace       used 74096K, committed 75328K, reserved 1179648K
  class space    used 8229K, committed 8768K, reserved 1048576K
}
Event: 16.318 GC heap after
{Heap after GC invocations=238 (full 10):
 PSYoungGen      total 6144K, used 1531K [0x00000000eab00000, 0x00000000eb480000, 0x0000000100000000)
  eden space 4608K, 0% used [0x00000000eab00000,0x00000000eab00000,0x00000000eaf80000)
  from space 1536K, 99% used [0x00000000eaf80000,0x00000000eb0fec90,0x00000000eb100000)
  to   space 2560K, 0% used [0x00000000eb200000,0x00000000eb200000,0x00000000eb480000)
 ParOldGen       total 223744K, used 202663K [0x00000000c0000000, 0x00000000cda80000, 0x00000000eab00000)
  object space 223744K, 90% used [0x00000000c0000000,0x00000000cc5e9c00,0x00000000cda80000)
 Metaspace       used 74096K, committed 75328K, reserved 1179648K
  class space    used 8229K, committed 8768K, reserved 1048576K
}
Event: 16.342 GC heap before
{Heap before GC invocations=239 (full 10):
 PSYoungGen      total 6144K, used 6139K [0x00000000eab00000, 0x00000000eb480000, 0x0000000100000000)
  eden space 4608K, 100% used [0x00000000eab00000,0x00000000eaf80000,0x00000000eaf80000)
  from space 1536K, 99% used [0x00000000eaf80000,0x00000000eb0fec90,0x00000000eb100000)
  to   space 2560K, 0% used [0x00000000eb200000,0x00000000eb200000,0x00000000eb480000)
 ParOldGen       total 223744K, used 202663K [0x00000000c0000000, 0x00000000cda80000, 0x00000000eab00000)
  object space 223744K, 90% used [0x00000000c0000000,0x00000000cc5e9c00,0x00000000cda80000)
 Metaspace       used 74191K, committed 75392K, reserved 1179648K
  class space    used 8235K, committed 8768K, reserved 1048576K
}
Event: 16.345 GC heap after
{Heap after GC invocations=239 (full 10):
 PSYoungGen      total 6144K, used 1112K [0x00000000eab00000, 0x00000000eb380000, 0x0000000100000000)
  eden space 4608K, 0% used [0x00000000eab00000,0x00000000eab00000,0x00000000eaf80000)
  from space 1536K, 72% used [0x00000000eb200000,0x00000000eb3160e0,0x00000000eb380000)
  to   space 1536K, 0% used [0x00000000eaf80000,0x00000000eaf80000,0x00000000eb100000)
 ParOldGen       total 223744K, used 204187K [0x00000000c0000000, 0x00000000cda80000, 0x00000000eab00000)
  object space 223744K, 91% used [0x00000000c0000000,0x00000000cc766c20,0x00000000cda80000)
 Metaspace       used 74191K, committed 75392K, reserved 1179648K
  class space    used 8235K, committed 8768K, reserved 1048576K
}
Event: 16.365 GC heap before
{Heap before GC invocations=240 (full 10):
 PSYoungGen      total 6144K, used 5720K [0x00000000eab00000, 0x00000000eb380000, 0x0000000100000000)
  eden space 4608K, 100% used [0x00000000eab00000,0x00000000eaf80000,0x00000000eaf80000)
  from space 1536K, 72% used [0x00000000eb200000,0x00000000eb3160e0,0x00000000eb380000)
  to   space 1536K, 0% used [0x00000000eaf80000,0x00000000eaf80000,0x00000000eb100000)
 ParOldGen       total 223744K, used 204187K [0x00000000c0000000, 0x00000000cda80000, 0x00000000eab00000)
  object space 223744K, 91% used [0x00000000c0000000,0x00000000cc766c20,0x00000000cda80000)
 Metaspace       used 74296K, committed 75520K, reserved 1179648K
  class space    used 8241K, committed 8768K, reserved 1048576K
}
Event: 16.366 GC heap after
{Heap after GC invocations=240 (full 10):
 PSYoungGen      total 6144K, used 1525K [0x00000000eab00000, 0x00000000eb380000, 0x0000000100000000)
  eden space 4608K, 0% used [0x00000000eab00000,0x00000000eab00000,0x00000000eaf80000)
  from space 1536K, 99% used [0x00000000eaf80000,0x00000000eb0fd670,0x00000000eb100000)
  to   space 2048K, 0% used [0x00000000eb180000,0x00000000eb180000,0x00000000eb380000)
 ParOldGen       total 223744K, used 204432K [0x00000000c0000000, 0x00000000cda80000, 0x00000000eab00000)
  object space 223744K, 91% used [0x00000000c0000000,0x00000000cc7a42b8,0x00000000cda80000)
 Metaspace       used 74296K, committed 75520K, reserved 1179648K
  class space    used 8241K, committed 8768K, reserved 1048576K
}
Event: 16.386 GC heap before
{Heap before GC invocations=241 (full 10):
 PSYoungGen      total 6144K, used 6133K [0x00000000eab00000, 0x00000000eb380000, 0x0000000100000000)
  eden space 4608K, 100% used [0x00000000eab00000,0x00000000eaf80000,0x00000000eaf80000)
  from space 1536K, 99% used [0x00000000eaf80000,0x00000000eb0fd670,0x00000000eb100000)
  to   space 2048K, 0% used [0x00000000eb180000,0x00000000eb180000,0x00000000eb380000)
 ParOldGen       total 223744K, used 204432K [0x00000000c0000000, 0x00000000cda80000, 0x00000000eab00000)
  object space 223744K, 91% used [0x00000000c0000000,0x00000000cc7a42b8,0x00000000cda80000)
 Metaspace       used 74412K, committed 75584K, reserved 1179648K
  class space    used 8253K, committed 8768K, reserved 1048576K
}
Event: 16.388 GC heap after
{Heap after GC invocations=241 (full 10):
 PSYoungGen      total 6144K, used 1097K [0x00000000eab00000, 0x00000000eb300000, 0x0000000100000000)
  eden space 4608K, 0% used [0x00000000eab00000,0x00000000eab00000,0x00000000eaf80000)
  from space 1536K, 71% used [0x00000000eb180000,0x00000000eb292788,0x00000000eb300000)
  to   space 1536K, 0% used [0x00000000eaf80000,0x00000000eaf80000,0x00000000eb100000)
 ParOldGen       total 223744K, used 205910K [0x00000000c0000000, 0x00000000cda80000, 0x00000000eab00000)
  object space 223744K, 92% used [0x00000000c0000000,0x00000000cc915ba0,0x00000000cda80000)
 Metaspace       used 74412K, committed 75584K, reserved 1179648K
  class space    used 8253K, committed 8768K, reserved 1048576K
}

Dll operation events (13 events):
Event: 0.008 Loaded shared library c:\Users\yenho\.vscode\extensions\redhat.java-1.38.0-win32-x64\jre\17.0.13-win32-x86_64\bin\java.dll
Event: 0.136 Loaded shared library c:\Users\yenho\.vscode\extensions\redhat.java-1.38.0-win32-x64\jre\17.0.13-win32-x86_64\bin\zip.dll
Event: 0.138 Loaded shared library C:\Users\yenho\.vscode\extensions\redhat.java-1.38.0-win32-x64\jre\17.0.13-win32-x86_64\bin\instrument.dll
Event: 0.147 Loaded shared library C:\Users\yenho\.vscode\extensions\redhat.java-1.38.0-win32-x64\jre\17.0.13-win32-x86_64\bin\net.dll
Event: 0.149 Loaded shared library C:\Users\yenho\.vscode\extensions\redhat.java-1.38.0-win32-x64\jre\17.0.13-win32-x86_64\bin\nio.dll
Event: 0.155 Loaded shared library C:\Users\yenho\.vscode\extensions\redhat.java-1.38.0-win32-x64\jre\17.0.13-win32-x86_64\bin\zip.dll
Event: 0.169 Loaded shared library C:\Users\yenho\.vscode\extensions\redhat.java-1.38.0-win32-x64\jre\17.0.13-win32-x86_64\bin\jimage.dll
Event: 0.220 Loaded shared library c:\Users\yenho\.vscode\extensions\redhat.java-1.38.0-win32-x64\jre\17.0.13-win32-x86_64\bin\verify.dll
Event: 1.131 Loaded shared library C:\Users\yenho\AppData\Roaming\Code\User\globalStorage\redhat.java\1.38.0\config_win\org.eclipse.equinox.launcher\org.eclipse.equinox.launcher.win32.win32.x86_64_1.2.1100.v20240722-2106\eclipse_11904.dll
Event: 2.879 Loaded shared library C:\Users\yenho\AppData\Local\Temp\jna-114863977\jna2555863297279230367.dll
Event: 12.076 Loaded shared library C:\Users\yenho\.gradle\native\c067742578af261105cb4f569cf0c3c89f3d7b1fecec35dd04571415982c5e48\windows-amd64\native-platform.dll
Event: 14.170 Loaded shared library C:\Users\yenho\.vscode\extensions\redhat.java-1.38.0-win32-x64\jre\17.0.13-win32-x86_64\bin\management.dll
Event: 14.176 Loaded shared library C:\Users\yenho\.vscode\extensions\redhat.java-1.38.0-win32-x64\jre\17.0.13-win32-x86_64\bin\management_ext.dll

Deoptimization events (20 events):
Event: 16.205 Thread 0x00000197f0847880 Uncommon trap: trap_request=0xffffff45 fr.pc=0x00000197dec507ac relative=0x000000000000062c
Event: 16.205 Thread 0x00000197f0847880 Uncommon trap: reason=unstable_if action=reinterpret pc=0x00000197dec507ac method=com.google.gson.stream.JsonReader.peekKeyword()I @ 37 c2
Event: 16.205 Thread 0x00000197f0847880 DEOPT PACKING pc=0x00000197dec507ac sp=0x0000004191afeac0
Event: 16.205 Thread 0x00000197f0847880 DEOPT UNPACKING pc=0x00000197de1766a3 sp=0x0000004191afe9a8 mode 2
Event: 16.206 Thread 0x00000197ef2066d0 Uncommon trap: trap_request=0xffffff45 fr.pc=0x00000197de88ecc8 relative=0x00000000000001a8
Event: 16.206 Thread 0x00000197ef2066d0 Uncommon trap: reason=unstable_if action=reinterpret pc=0x00000197de88ecc8 method=org.eclipse.jdt.internal.compiler.parser.Scanner.internalScanIdentifierOrKeyword(II[C)I @ 4546 c2
Event: 16.206 Thread 0x00000197f0847880 Uncommon trap: trap_request=0xffffffc6 fr.pc=0x00000197dec55fe4 relative=0x0000000000000284
Event: 16.206 Thread 0x00000197f0847880 Uncommon trap: reason=bimorphic_or_optimized_type_check action=maybe_recompile pc=0x00000197dec55fe4 method=com.google.gson.internal.bind.TypeAdapterRuntimeTypeWrapper.read(Lcom/google/gson/stream/JsonReader;)Ljava/lang/Object; @ 5 c2
Event: 16.206 Thread 0x00000197f0847880 DEOPT PACKING pc=0x00000197dec55fe4 sp=0x0000004191afe2c0
Event: 16.206 Thread 0x00000197f0847880 DEOPT UNPACKING pc=0x00000197de1766a3 sp=0x0000004191afe248 mode 2
Event: 16.206 Thread 0x00000197f0847880 Uncommon trap: trap_request=0xffffffc6 fr.pc=0x00000197dec55fe4 relative=0x0000000000000284
Event: 16.206 Thread 0x00000197f0847880 Uncommon trap: reason=bimorphic_or_optimized_type_check action=maybe_recompile pc=0x00000197dec55fe4 method=com.google.gson.internal.bind.TypeAdapterRuntimeTypeWrapper.read(Lcom/google/gson/stream/JsonReader;)Ljava/lang/Object; @ 5 c2
Event: 16.206 Thread 0x00000197f0847880 DEOPT PACKING pc=0x00000197dec55fe4 sp=0x0000004191afe2c0
Event: 16.206 Thread 0x00000197f0847880 DEOPT UNPACKING pc=0x00000197de1766a3 sp=0x0000004191afe248 mode 2
Event: 16.206 Thread 0x00000197ef2066d0 DEOPT PACKING pc=0x00000197de88ecc8 sp=0x00000041903feb40
Event: 16.206 Thread 0x00000197ef2066d0 DEOPT UNPACKING pc=0x00000197de1766a3 sp=0x00000041903feac8 mode 2
Event: 16.211 Thread 0x00000197f0847880 Uncommon trap: trap_request=0xfffffff4 fr.pc=0x00000197dec5356c relative=0x00000000000004ac
Event: 16.211 Thread 0x00000197f0847880 Uncommon trap: reason=null_check action=make_not_entrant pc=0x00000197dec5356c method=java.io.File.equals(Ljava/lang/Object;)Z @ 1 c2
Event: 16.211 Thread 0x00000197f0847880 DEOPT PACKING pc=0x00000197dec5356c sp=0x0000004191afe3b0
Event: 16.211 Thread 0x00000197f0847880 DEOPT UNPACKING pc=0x00000197de1766a3 sp=0x0000004191afe368 mode 2

Classes loaded (20 events):
Event: 14.941 Loading class java/lang/Process$PipeInputStream
Event: 14.941 Loading class java/lang/Process$PipeInputStream done
Event: 14.946 Loading class jdk/internal/event/ProcessStartEvent
Event: 14.946 Loading class jdk/internal/event/ProcessStartEvent done
Event: 15.089 Loading class java/util/zip/CheckedInputStream
Event: 15.089 Loading class java/util/zip/CheckedInputStream done
Event: 15.153 Loading class java/security/DigestInputStream
Event: 15.153 Loading class java/security/DigestInputStream done
Event: 15.264 Loading class java/lang/Throwable$WrappedPrintWriter
Event: 15.264 Loading class java/lang/Throwable$PrintStreamOrWriter
Event: 15.264 Loading class java/lang/Throwable$PrintStreamOrWriter done
Event: 15.264 Loading class java/lang/Throwable$WrappedPrintWriter done
Event: 16.269 Loading class java/util/Collections$SynchronizedRandomAccessList
Event: 16.269 Loading class java/util/Collections$SynchronizedList
Event: 16.270 Loading class java/util/Collections$SynchronizedList done
Event: 16.270 Loading class java/util/Collections$SynchronizedRandomAccessList done
Event: 16.289 Loading class java/util/concurrent/CompletableFuture$Signaller
Event: 16.289 Loading class java/util/concurrent/CompletableFuture$Signaller done
Event: 16.361 Loading class java/util/Hashtable$KeySet
Event: 16.361 Loading class java/util/Hashtable$KeySet done

Classes unloaded (12 events):
Event: 4.373 Thread 0x00000197ecf64870 Unloading class 0x0000000100254000 'java/lang/invoke/LambdaForm$MH+0x0000000100254000'
Event: 4.374 Thread 0x00000197ecf64870 Unloading class 0x0000000100253c00 'java/lang/invoke/LambdaForm$MH+0x0000000100253c00'
Event: 4.374 Thread 0x00000197ecf64870 Unloading class 0x0000000100253800 'java/lang/invoke/LambdaForm$MH+0x0000000100253800'
Event: 4.374 Thread 0x00000197ecf64870 Unloading class 0x0000000100253400 'java/lang/invoke/LambdaForm$MH+0x0000000100253400'
Event: 4.374 Thread 0x00000197ecf64870 Unloading class 0x0000000100253000 'java/lang/invoke/LambdaForm$BMH+0x0000000100253000'
Event: 4.374 Thread 0x00000197ecf64870 Unloading class 0x0000000100252c00 'java/lang/invoke/LambdaForm$DMH+0x0000000100252c00'
Event: 4.374 Thread 0x00000197ecf64870 Unloading class 0x0000000100250400 'java/lang/invoke/LambdaForm$DMH+0x0000000100250400'
Event: 8.160 Thread 0x00000197ecf64870 Unloading class 0x0000000100430c00 'java/lang/invoke/LambdaForm$MH+0x0000000100430c00'
Event: 8.160 Thread 0x00000197ecf64870 Unloading class 0x0000000100430000 'java/lang/invoke/LambdaForm$MH+0x0000000100430000'
Event: 8.160 Thread 0x00000197ecf64870 Unloading class 0x000000010042b800 'java/lang/invoke/LambdaForm$MH+0x000000010042b800'
Event: 8.160 Thread 0x00000197ecf64870 Unloading class 0x000000010042b000 'java/lang/invoke/LambdaForm$MH+0x000000010042b000'
Event: 8.160 Thread 0x00000197ecf64870 Unloading class 0x000000010042ac00 'java/lang/invoke/LambdaForm$DMH+0x000000010042ac00'

Classes redefined (0 events):
No events

Internal exceptions (20 events):
Event: 16.174 Thread 0x00000197f0847370 Exception <a 'sun/nio/fs/WindowsException'{0x00000000eaf598b0}> (0x00000000eaf598b0) 
thrown [s\src\hotspot\share\prims\jni.cpp, line 516]
Event: 16.175 Thread 0x00000197f0847370 Exception <a 'sun/nio/fs/WindowsException'{0x00000000eab1c740}> (0x00000000eab1c740) 
thrown [s\src\hotspot\share\prims\jni.cpp, line 516]
Event: 16.176 Thread 0x00000197f0847370 Exception <a 'sun/nio/fs/WindowsException'{0x00000000eab48060}> (0x00000000eab48060) 
thrown [s\src\hotspot\share\prims\jni.cpp, line 516]
Event: 16.177 Thread 0x00000197f0847370 Exception <a 'sun/nio/fs/WindowsException'{0x00000000eab888e0}> (0x00000000eab888e0) 
thrown [s\src\hotspot\share\prims\jni.cpp, line 516]
Event: 16.177 Thread 0x00000197f0847370 Exception <a 'sun/nio/fs/WindowsException'{0x00000000eabb4960}> (0x00000000eabb4960) 
thrown [s\src\hotspot\share\prims\jni.cpp, line 516]
Event: 16.177 Thread 0x00000197f0847370 Exception <a 'sun/nio/fs/WindowsException'{0x00000000eac12aa8}> (0x00000000eac12aa8) 
thrown [s\src\hotspot\share\prims\jni.cpp, line 516]
Event: 16.178 Thread 0x00000197f0847370 Exception <a 'sun/nio/fs/WindowsException'{0x00000000eac4f298}> (0x00000000eac4f298) 
thrown [s\src\hotspot\share\prims\jni.cpp, line 516]
Event: 16.211 Thread 0x00000197f0847880 Implicit null exception at 0x00000197dec530ef to 0x00000197dec5355c
Event: 16.211 Thread 0x00000197f0847880 Exception <a 'sun/nio/fs/WindowsException'{0x00000000eae4a818}> (0x00000000eae4a818) 
thrown [s\src\hotspot\share\prims\jni.cpp, line 516]
Event: 16.211 Thread 0x00000197f0847880 Exception <a 'sun/nio/fs/WindowsException'{0x00000000eae4ae50}> (0x00000000eae4ae50) 
thrown [s\src\hotspot\share\prims\jni.cpp, line 516]
Event: 16.212 Thread 0x00000197f0847880 Exception <a 'sun/nio/fs/WindowsException'{0x00000000eae8b130}> (0x00000000eae8b130) 
thrown [s\src\hotspot\share\prims\jni.cpp, line 516]
Event: 16.212 Thread 0x00000197f0847880 Exception <a 'sun/nio/fs/WindowsException'{0x00000000eae9f4b0}> (0x00000000eae9f4b0) 
thrown [s\src\hotspot\share\prims\jni.cpp, line 516]
Event: 16.382 Thread 0x00000197ef208f50 Exception <a 'sun/nio/fs/WindowsException'{0x00000000eae75c50}> (0x00000000eae75c50) 
thrown [s\src\hotspot\share\prims\jni.cpp, line 516]
Event: 16.382 Thread 0x00000197ef208f50 Exception <a 'sun/nio/fs/WindowsException'{0x00000000eae76288}> (0x00000000eae76288) 
thrown [s\src\hotspot\share\prims\jni.cpp, line 516]
Event: 16.382 Thread 0x00000197ef208f50 Exception <a 'sun/nio/fs/WindowsException'{0x00000000eae76d40}> (0x00000000eae76d40) 
thrown [s\src\hotspot\share\prims\jni.cpp, line 516]
Event: 16.382 Thread 0x00000197ef208f50 Exception <a 'sun/nio/fs/WindowsException'{0x00000000eaec5120}> (0x00000000eaec5120) 
thrown [s\src\hotspot\share\prims\jni.cpp, line 516]
Event: 16.385 Thread 0x00000197ef208f50 Exception <a 'java/io/FileNotFoundException'{0x00000000eaf532d8}> (0x00000000eaf532d8) 
thrown [s\src\hotspot\share\prims\jni.cpp, line 516]
Event: 16.385 Thread 0x00000197ef208f50 Exception <a 'java/io/FileNotFoundException'{0x00000000eaf54050}> (0x00000000eaf54050) 
thrown [s\src\hotspot\share\prims\jni.cpp, line 516]
Event: 16.398 Thread 0x00000197ef208f50 Exception <a 'sun/nio/fs/WindowsException'{0x00000000eac76df0}> (0x00000000eac76df0) 
thrown [s\src\hotspot\share\prims\jni.cpp, line 516]
Event: 16.398 Thread 0x00000197ef208f50 Exception <a 'sun/nio/fs/WindowsException'{0x00000000eac77428}> (0x00000000eac77428) 
thrown [s\src\hotspot\share\prims\jni.cpp, line 516]

VM Operations (20 events):
Event: 16.200 Executing VM operation: ParallelGCFailedAllocation
Event: 16.202 Executing VM operation: ParallelGCFailedAllocation done
Event: 16.215 Executing VM operation: ParallelGCFailedAllocation
Event: 16.216 Executing VM operation: ParallelGCFailedAllocation done
Event: 16.255 Executing VM operation: HandshakeAllThreads
Event: 16.255 Executing VM operation: HandshakeAllThreads done
Event: 16.259 Executing VM operation: HandshakeAllThreads
Event: 16.259 Executing VM operation: HandshakeAllThreads done
Event: 16.261 Executing VM operation: ParallelGCFailedAllocation
Event: 16.263 Executing VM operation: ParallelGCFailedAllocation done
Event: 16.298 Executing VM operation: ParallelGCFailedAllocation
Event: 16.299 Executing VM operation: ParallelGCFailedAllocation done
Event: 16.316 Executing VM operation: ParallelGCFailedAllocation
Event: 16.318 Executing VM operation: ParallelGCFailedAllocation done
Event: 16.342 Executing VM operation: ParallelGCFailedAllocation
Event: 16.345 Executing VM operation: ParallelGCFailedAllocation done
Event: 16.365 Executing VM operation: ParallelGCFailedAllocation
Event: 16.367 Executing VM operation: ParallelGCFailedAllocation done
Event: 16.385 Executing VM operation: ParallelGCFailedAllocation
Event: 16.388 Executing VM operation: ParallelGCFailedAllocation done

Memory protections (0 events):
No events

Nmethod flushes (20 events):
Event: 13.680 Thread 0x00000197ecf9e200 flushing  nmethod 0x00000197d7d89d10
Event: 13.680 Thread 0x00000197ecf9e200 flushing  nmethod 0x00000197d7dadb10
Event: 13.680 Thread 0x00000197ecf9e200 flushing  nmethod 0x00000197d7db5090
Event: 13.680 Thread 0x00000197ecf9e200 flushing  nmethod 0x00000197d7db5b10
Event: 13.680 Thread 0x00000197ecf9e200 flushing  nmethod 0x00000197d7db9390
Event: 13.680 Thread 0x00000197ecf9e200 flushing  nmethod 0x00000197d7dbd510
Event: 13.680 Thread 0x00000197ecf9e200 flushing  nmethod 0x00000197d7dc0d90
Event: 13.680 Thread 0x00000197ecf9e200 flushing  nmethod 0x00000197d7dc3710
Event: 13.680 Thread 0x00000197ecf9e200 flushing  nmethod 0x00000197d7dc3f90
Event: 13.680 Thread 0x00000197ecf9e200 flushing  nmethod 0x00000197d7dc5e90
Event: 13.680 Thread 0x00000197ecf9e200 flushing  nmethod 0x00000197d7dc8190
Event: 13.680 Thread 0x00000197ecf9e200 flushing  nmethod 0x00000197d7dc8890
Event: 13.680 Thread 0x00000197ecf9e200 flushing  nmethod 0x00000197d7de6110
Event: 13.680 Thread 0x00000197ecf9e200 flushing  nmethod 0x00000197d7dea010
Event: 13.680 Thread 0x00000197ecf9e200 flushing  nmethod 0x00000197d7deb210
Event: 13.680 Thread 0x00000197ecf9e200 flushing  nmethod 0x00000197d7df0b90
Event: 13.681 Thread 0x00000197ecf9e200 flushing  nmethod 0x00000197d7df9190
Event: 13.681 Thread 0x00000197ecf9e200 flushing  nmethod 0x00000197d7dfa610
Event: 13.681 Thread 0x00000197ecf9e200 flushing  nmethod 0x00000197d7dfab10
Event: 13.681 Thread 0x00000197ecf9e200 flushing  nmethod 0x00000197d7e09990

Events (20 events):
Event: 8.982 Thread 0x00000197ef203940 Thread added: 0x00000197f211c360
Event: 8.982 Thread 0x00000197ef203940 Thread added: 0x00000197f211dcb0
Event: 9.000 Thread 0x00000197ef203940 Thread added: 0x00000197f211be50
Event: 9.007 Thread 0x00000197ef203940 Thread added: 0x00000197f211b430
Event: 9.013 Thread 0x00000197ef203940 Thread added: 0x00000197f211d7a0
Event: 9.014 Thread 0x00000197ef203940 Thread added: 0x00000197f211e1c0
Event: 9.014 Thread 0x00000197ef203940 Thread added: 0x00000197f211e6d0
Event: 9.034 Thread 0x00000197ef203940 Thread added: 0x00000197f2120020
Event: 9.041 Thread 0x00000197ef203940 Thread added: 0x00000197f211ebe0
Event: 11.263 Thread 0x00000197f0847370 Thread added: 0x00000197f211f0f0
Event: 11.402 Thread 0x00000197f0847370 Thread added: 0x00000197f211cd80
Event: 14.912 Thread 0x00000197f211cd80 Thread added: 0x00000197f21195d0
Event: 14.948 Thread 0x00000197f21195d0 Thread added: 0x00000197f211b940
Event: 14.948 Thread 0x00000197f21195d0 Thread added: 0x00000197f211a500
Event: 15.087 Thread 0x00000197f0f27cf0 Thread exited: 0x00000197f0f27cf0
Event: 15.118 Thread 0x00000197ef3694d0 Thread exited: 0x00000197ef3694d0
Event: 15.121 Thread 0x00000197f211cd80 Thread exited: 0x00000197f211cd80
Event: 15.150 Thread 0x00000197f0847370 Thread added: 0x00000197f2119ae0
Event: 15.152 Thread 0x00000197f0847370 Thread added: 0x00000197f211aa10
Event: 15.262 Thread 0x00000197f211aa10 Thread exited: 0x00000197f211aa10


Dynamic libraries:
0x00007ff7505a0000 - 0x00007ff7505ae000 	c:\Users\yenho\.vscode\extensions\redhat.java-1.38.0-win32-x64\jre\17.0.13-win32-x86_64\bin\java.exe
0x00007ffca76b0000 - 0x00007ffca78c7000 	C:\Windows\SYSTEM32\ntdll.dll
0x00007ffca6cb0000 - 0x00007ffca6d74000 	C:\Windows\System32\KERNEL32.DLL
0x00007ffca4ff0000 - 0x00007ffca53aa000 	C:\Windows\System32\KERNELBASE.dll
0x00007ffca4bc0000 - 0x00007ffca4cd1000 	C:\Windows\System32\ucrtbase.dll
0x00007ffca0300000 - 0x00007ffca0317000 	c:\Users\yenho\.vscode\extensions\redhat.java-1.38.0-win32-x64\jre\17.0.13-win32-x86_64\bin\jli.dll
0x00007ffca02e0000 - 0x00007ffca02fe000 	c:\Users\yenho\.vscode\extensions\redhat.java-1.38.0-win32-x64\jre\17.0.13-win32-x86_64\bin\VCRUNTIME140.dll
0x00007ffca5a90000 - 0x00007ffca5c3e000 	C:\Windows\System32\USER32.dll
0x00007ffca4980000 - 0x00007ffca49a6000 	C:\Windows\System32\win32u.dll
0x00007ffca63f0000 - 0x00007ffca6419000 	C:\Windows\System32\GDI32.dll
0x00007ffc91a90000 - 0x00007ffc91d22000 	C:\Windows\WinSxS\amd64_microsoft.windows.common-controls_6595b64144ccf1df_6.0.22621.4541_none_2710d1c57384c085\COMCTL32.dll
0x00007ffca73f0000 - 0x00007ffca7497000 	C:\Windows\System32\msvcrt.dll
0x00007ffca4e10000 - 0x00007ffca4f2b000 	C:\Windows\System32\gdi32full.dll
0x00007ffca49b0000 - 0x00007ffca4a4a000 	C:\Windows\System32\msvcp_win.dll
0x00007ffca5c40000 - 0x00007ffca5c71000 	C:\Windows\System32\IMM32.DLL
0x00007ffca02d0000 - 0x00007ffca02dc000 	c:\Users\yenho\.vscode\extensions\redhat.java-1.38.0-win32-x64\jre\17.0.13-win32-x86_64\bin\vcruntime140_1.dll
0x00007ffc56950000 - 0x00007ffc569dd000 	c:\Users\yenho\.vscode\extensions\redhat.java-1.38.0-win32-x64\jre\17.0.13-win32-x86_64\bin\msvcp140.dll
0x00007ffc35460000 - 0x00007ffc360cb000 	c:\Users\yenho\.vscode\extensions\redhat.java-1.38.0-win32-x64\jre\17.0.13-win32-x86_64\bin\server\jvm.dll
0x00007ffca70f0000 - 0x00007ffca71a2000 	C:\Windows\System32\ADVAPI32.dll
0x00007ffca6120000 - 0x00007ffca61c7000 	C:\Windows\System32\sechost.dll
0x00007ffca4d60000 - 0x00007ffca4d88000 	C:\Windows\System32\bcrypt.dll
0x00007ffca5960000 - 0x00007ffca5a74000 	C:\Windows\System32\RPCRT4.dll
0x00007ffca6e40000 - 0x00007ffca6eb1000 	C:\Windows\System32\WS2_32.dll
0x00007ffc9e9b0000 - 0x00007ffc9e9ba000 	C:\Windows\SYSTEM32\VERSION.dll
0x00007ffca37d0000 - 0x00007ffca381d000 	C:\Windows\SYSTEM32\POWRPROF.dll
0x00007ffc9ee50000 - 0x00007ffc9ee84000 	C:\Windows\SYSTEM32\WINMM.dll
0x00007ffca37b0000 - 0x00007ffca37c3000 	C:\Windows\SYSTEM32\UMPDC.dll
0x00007ffca3a80000 - 0x00007ffca3a98000 	C:\Windows\SYSTEM32\kernel.appcore.dll
0x00007ffc9eef0000 - 0x00007ffc9eefa000 	c:\Users\yenho\.vscode\extensions\redhat.java-1.38.0-win32-x64\jre\17.0.13-win32-x86_64\bin\jimage.dll
0x00007ffc9dcd0000 - 0x00007ffc9df02000 	C:\Windows\SYSTEM32\DBGHELP.DLL
0x00007ffca5d10000 - 0x00007ffca609f000 	C:\Windows\System32\combase.dll
0x00007ffca71b0000 - 0x00007ffca7287000 	C:\Windows\System32\OLEAUT32.dll
0x00007ffc9aad0000 - 0x00007ffc9ab02000 	C:\Windows\SYSTEM32\dbgcore.DLL
0x00007ffca4d90000 - 0x00007ffca4e0b000 	C:\Windows\System32\bcryptPrimitives.dll
0x00007ffc9ef30000 - 0x00007ffc9ef3e000 	c:\Users\yenho\.vscode\extensions\redhat.java-1.38.0-win32-x64\jre\17.0.13-win32-x86_64\bin\instrument.dll
0x00007ffc9eec0000 - 0x00007ffc9eee5000 	c:\Users\yenho\.vscode\extensions\redhat.java-1.38.0-win32-x64\jre\17.0.13-win32-x86_64\bin\java.dll
0x00007ffc98820000 - 0x00007ffc98838000 	c:\Users\yenho\.vscode\extensions\redhat.java-1.38.0-win32-x64\jre\17.0.13-win32-x86_64\bin\zip.dll
0x00007ffca6430000 - 0x00007ffca6ca8000 	C:\Windows\System32\SHELL32.dll
0x00007ffca2880000 - 0x00007ffca3188000 	C:\Windows\SYSTEM32\windows.storage.dll
0x00007ffca2740000 - 0x00007ffca287f000 	C:\Windows\SYSTEM32\wintypes.dll
0x00007ffca5860000 - 0x00007ffca595a000 	C:\Windows\System32\SHCORE.dll
0x00007ffca61d0000 - 0x00007ffca622e000 	C:\Windows\System32\shlwapi.dll
0x00007ffca48b0000 - 0x00007ffca48db000 	C:\Windows\SYSTEM32\profapi.dll
0x00007ffc94f30000 - 0x00007ffc94f49000 	C:\Users\yenho\.vscode\extensions\redhat.java-1.38.0-win32-x64\jre\17.0.13-win32-x86_64\bin\net.dll
0x00007ffca0800000 - 0x00007ffca0936000 	C:\Windows\SYSTEM32\WINHTTP.dll
0x00007ffca3f00000 - 0x00007ffca3f69000 	C:\Windows\system32\mswsock.dll
0x00007ffc94790000 - 0x00007ffc947a6000 	C:\Users\yenho\.vscode\extensions\redhat.java-1.38.0-win32-x64\jre\17.0.13-win32-x86_64\bin\nio.dll
0x00007ffc9ef00000 - 0x00007ffc9ef10000 	c:\Users\yenho\.vscode\extensions\redhat.java-1.38.0-win32-x64\jre\17.0.13-win32-x86_64\bin\verify.dll
0x00007ffc589b0000 - 0x00007ffc589f5000 	C:\Users\yenho\AppData\Roaming\Code\User\globalStorage\redhat.java\1.38.0\config_win\org.eclipse.equinox.launcher\org.eclipse.equinox.launcher.win32.win32.x86_64_1.2.1100.v20240722-2106\eclipse_11904.dll
0x00007ffca74a0000 - 0x00007ffca7645000 	C:\Windows\System32\ole32.dll
0x00007ffca4170000 - 0x00007ffca418b000 	C:\Windows\SYSTEM32\CRYPTSP.dll
0x00007ffca39d0000 - 0x00007ffca3a05000 	C:\Windows\system32\rsaenh.dll
0x00007ffca4000000 - 0x00007ffca4028000 	C:\Windows\SYSTEM32\USERENV.dll
0x00007ffca4160000 - 0x00007ffca416c000 	C:\Windows\SYSTEM32\CRYPTBASE.dll
0x00007ffca3460000 - 0x00007ffca348d000 	C:\Windows\SYSTEM32\IPHLPAPI.DLL
0x00007ffca6420000 - 0x00007ffca6429000 	C:\Windows\System32\NSI.dll
0x00007ffc9f3f0000 - 0x00007ffc9f409000 	C:\Windows\SYSTEM32\dhcpcsvc6.DLL
0x00007ffc9f3d0000 - 0x00007ffc9f3ef000 	C:\Windows\SYSTEM32\dhcpcsvc.DLL
0x00007ffca34d0000 - 0x00007ffca35d2000 	C:\Windows\SYSTEM32\DNSAPI.dll
0x00007ffc2e200000 - 0x00007ffc2e249000 	C:\Users\yenho\AppData\Local\Temp\jna-114863977\jna2555863297279230367.dll
0x00007ffca5a80000 - 0x00007ffca5a88000 	C:\Windows\System32\PSAPI.DLL
0x00007ffc0ab20000 - 0x00007ffc0ab47000 	C:\Users\yenho\.gradle\native\c067742578af261105cb4f569cf0c3c89f3d7b1fecec35dd04571415982c5e48\windows-amd64\native-platform.dll
0x00007ffc9ef20000 - 0x00007ffc9ef2a000 	C:\Users\yenho\.vscode\extensions\redhat.java-1.38.0-win32-x64\jre\17.0.13-win32-x86_64\bin\management.dll
0x00007ffc9ef10000 - 0x00007ffc9ef1b000 	C:\Users\yenho\.vscode\extensions\redhat.java-1.38.0-win32-x64\jre\17.0.13-win32-x86_64\bin\management_ext.dll

dbghelp: loaded successfully - version: 4.0.5 - missing functions: none
symbol engine: initialized successfully - sym options: 0x614 - pdb path: .;c:\Users\yenho\.vscode\extensions\redhat.java-1.38.0-win32-x64\jre\17.0.13-win32-x86_64\bin;C:\Windows\SYSTEM32;C:\Windows\WinSxS\amd64_microsoft.windows.common-controls_6595b64144ccf1df_6.0.22621.4541_none_2710d1c57384c085;c:\Users\yenho\.vscode\extensions\redhat.java-1.38.0-win32-x64\jre\17.0.13-win32-x86_64\bin\server;C:\Users\yenho\AppData\Roaming\Code\User\globalStorage\redhat.java\1.38.0\config_win\org.eclipse.equinox.launcher\org.eclipse.equinox.launcher.win32.win32.x86_64_1.2.1100.v20240722-2106;C:\Users\yenho\AppData\Local\Temp\jna-114863977;C:\Users\yenho\.gradle\native\c067742578af261105cb4f569cf0c3c89f3d7b1fecec35dd04571415982c5e48\windows-amd64

VM Arguments:
jvm_args: --add-modules=ALL-SYSTEM --add-opens=java.base/java.util=ALL-UNNAMED --add-opens=java.base/java.lang=ALL-UNNAMED --add-opens=java.base/sun.nio.fs=ALL-UNNAMED -Declipse.application=org.eclipse.jdt.ls.core.id1 -Dosgi.bundles.defaultStartLevel=4 -Declipse.product=org.eclipse.jdt.ls.core.product -Djava.import.generatesMetadataFilesAtProjectRoot=false -DDetectVMInstallationsJob.disabled=true -Dfile.encoding=utf8 -XX:+UseParallelGC -XX:GCTimeRatio=4 -XX:AdaptiveSizePolicyWeight=90 -Dsun.zip.disableMemoryMapping=true -Xmx1G -Xms100m -Xlog:disable -javaagent:c:\Users\yenho\.vscode\extensions\redhat.java-1.38.0-win32-x64\lombok\lombok-1.18.34.jar -XX:+HeapDumpOnOutOfMemoryError -XX:HeapDumpPath=c:\Users\yenho\AppData\Roaming\Code\User\workspaceStorage\be8ad8b4014e26bb98f6d4fcdc527ed2\redhat.java -Daether.dependencyCollector.impl=bf 
java_command: c:\Users\yenho\.vscode\extensions\redhat.java-1.38.0-win32-x64\server\plugins\org.eclipse.equinox.launcher_1.6.900.v20240613-2009.jar -configuration c:\Users\yenho\AppData\Roaming\Code\User\globalStorage\redhat.java\1.38.0\config_win -data c:\Users\yenho\AppData\Roaming\Code\User\workspaceStorage\be8ad8b4014e26bb98f6d4fcdc527ed2\redhat.java\jdt_ws --pipe=\\.\pipe\lsp-551fd41efe1517257a34c9039d2cd6aa-sock
java_class_path (initial): c:\Users\yenho\.vscode\extensions\redhat.java-1.38.0-win32-x64\server\plugins\org.eclipse.equinox.launcher_1.6.900.v20240613-2009.jar
Launcher Type: SUN_STANDARD

[Global flags]
    uintx AdaptiveSizePolicyWeight                 = 90                                        {product} {command line}
     intx CICompilerCount                          = 4                                         {product} {ergonomic}
    uintx GCTimeRatio                              = 4                                         {product} {command line}
     bool HeapDumpOnOutOfMemoryError               = true                                   {manageable} {command line}
    ccstr HeapDumpPath                             = c:\Users\yenho\AppData\Roaming\Code\User\workspaceStorage\be8ad8b4014e26bb98f6d4fcdc527ed2\redhat.java         {manageable} {command line}
   size_t InitialHeapSize                          = 104857600                                 {product} {command line}
   size_t MaxHeapSize                              = 1073741824                                {product} {command line}
   size_t MaxNewSize                               = 357564416                                 {product} {ergonomic}
   size_t MinHeapDeltaBytes                        = 524288                                    {product} {ergonomic}
   size_t MinHeapSize                              = 104857600                                 {product} {command line}
   size_t NewSize                                  = 34603008                                  {product} {ergonomic}
    uintx NonNMethodCodeHeapSize                   = 5839372                                {pd product} {ergonomic}
    uintx NonProfiledCodeHeapSize                  = 122909434                              {pd product} {ergonomic}
   size_t OldSize                                  = 70254592                                  {product} {ergonomic}
    uintx ProfiledCodeHeapSize                     = 122909434                              {pd product} {ergonomic}
    uintx ReservedCodeCacheSize                    = 251658240                              {pd product} {ergonomic}
     bool SegmentedCodeCache                       = true                                      {product} {ergonomic}
   size_t SoftMaxHeapSize                          = 1073741824                             {manageable} {ergonomic}
     bool UseCompressedClassPointers               = true                           {product lp64_product} {ergonomic}
     bool UseCompressedOops                        = true                           {product lp64_product} {ergonomic}
     bool UseLargePagesIndividualAllocation        = false                                  {pd product} {ergonomic}
     bool UseParallelGC                            = true                                      {product} {command line}

Logging:
Log output configuration:
 #0: stdout all=off uptime,level,tags
 #1: stderr all=off uptime,level,tags

Environment Variables:
JAVA_HOME=C:\Program Files\Java\jdk-17
PATH=C:\Program Files\Common Files\Oracle\Java\javapath;C:\Windows\system32;C:\Windows;C:\Windows\System32\Wbem;C:\Windows\System32\WindowsPowerShell\v1.0\;C:\Windows\System32\OpenSSH\;C:\Program Files (x86)\NVIDIA Corporation\PhysX\Common;C:\Program Files\NVIDIA Corporation\NVIDIA NvDLISR;C:\Windows\system32;C:\Windows;C:\Windows\System32\Wbem;C:\Windows\System32\WindowsPowerShell\v1.0\;C:\Windows\System32\OpenSSH\;C:\Program Files\dotnet\;C:\Program Files (x86)\Yarn\bin\;C:\Program Files\nodejs\;C:\Program Files\Java\jdk-17\bin;C:\Users\yenho\AppData\Local\Android\Sdk\platform-tools;C:\Program Files\Git\cmd;C:\Users\yenho\AppData\Local\Microsoft\WindowsApps;C:\Users\yenho\AppData\Local\Programs\Microsoft VS Code\bin;C:\Users\yenho\.dotnet\tools;C:\Users\yenho\AppData\Local\Yarn\bin;C:\Users\yenho\AppData\Roaming\npm;C:\Users\yenho\AppData\Local\GitHubDesktop\bin
USERNAME=yenho
OS=Windows_NT
PROCESSOR_IDENTIFIER=AMD64 Family 25 Model 68 Stepping 1, AuthenticAMD
TMP=C:\Users\yenho\AppData\Local\Temp
TEMP=C:\Users\yenho\AppData\Local\Temp



Periodic native trim disabled


---------------  S Y S T E M  ---------------

OS:
 Windows 11 , 64 bit Build 22621 (10.0.22621.4391)
OS uptime: 0 days 2:25 hours
Hyper-V role detected

CPU: total 12 (initial active 12) (12 cores per cpu, 2 threads per core) family 25 model 68 stepping 1 microcode 0x0, cx8, cmov, fxsr, ht, mmx, 3dnowpref, sse, sse2, sse3, ssse3, sse4a, sse4.1, sse4.2, popcnt, lzcnt, tsc, tscinvbit, avx, avx2, aes, erms, clmul, bmi1, bmi2, adx, sha, fma, vzeroupper, clflush, clflushopt, hv
Processor Information for processor 0
  Max Mhz: 3301, Current Mhz: 3301, Mhz Limit: 3301
Processor Information for processor 1
  Max Mhz: 3301, Current Mhz: 3301, Mhz Limit: 3301
Processor Information for processor 2
  Max Mhz: 3301, Current Mhz: 3301, Mhz Limit: 3301
Processor Information for processor 3
  Max Mhz: 3301, Current Mhz: 3301, Mhz Limit: 3301
Processor Information for processor 4
  Max Mhz: 3301, Current Mhz: 3301, Mhz Limit: 3301
Processor Information for processor 5
  Max Mhz: 3301, Current Mhz: 3301, Mhz Limit: 3301
Processor Information for processor 6
  Max Mhz: 3301, Current Mhz: 3301, Mhz Limit: 3301
Processor Information for processor 7
  Max Mhz: 3301, Current Mhz: 3301, Mhz Limit: 3301
Processor Information for processor 8
  Max Mhz: 3301, Current Mhz: 3301, Mhz Limit: 3301
Processor Information for processor 9
  Max Mhz: 3301, Current Mhz: 3301, Mhz Limit: 3301
Processor Information for processor 10
  Max Mhz: 3301, Current Mhz: 2024, Mhz Limit: 3301
Processor Information for processor 11
  Max Mhz: 3301, Current Mhz: 3301, Mhz Limit: 3301

Memory: 4k page, system-wide physical 7365M (380M free)
TotalPageFile size 29893M (AvailPageFile size 25M)
current process WorkingSet (physical memory assigned to process): 478M, peak: 478M
current process commit charge ("private bytes"): 493M, peak: 497M

vm_info: OpenJDK 64-Bit Server VM (17.0.13+11) for windows-amd64 JRE (17.0.13+11), built on Oct 16 2024 00:10:08 by "admin" with MS VC++ 17.7 (VS2022)

END.
