#
# There is insufficient memory for the Java Runtime Environment to continue.
# Native memory allocation (malloc) failed to allocate 1492816 bytes. Error detail: Chunk::new
# Possible reasons:
#   The system is out of physical RAM or swap space
#   This process is running with CompressedOops enabled, and the Java Heap may be blocking the growth of the native heap
# Possible solutions:
#   Reduce memory load on the system
#   Increase physical memory or swap space
#   Check if swap backing store is full
#   Decrease Java heap size (-Xmx/-Xms)
#   Decrease number of Java threads
#   Decrease Java thread stack sizes (-Xss)
#   Set larger code cache with -XX:ReservedCodeCacheSize=
#   JVM is running with Unscaled Compressed Oops mode in which the Java heap is
#     placed in the first 4GB address space. The Java Heap base address is the
#     maximum limit for the native heap growth. Please use -XX:HeapBaseMinAddress
#     to set the Java Heap base and to place the Java Heap above 4GB virtual address.
# This output file may be truncated or incomplete.
#
#  Out of Memory Error (arena.cpp:191), pid=9812, tid=4652
#
# JRE version: OpenJDK Runtime Environment Temurin-17.0.13+11 (17.0.13+11) (build 17.0.13+11)
# Java VM: OpenJDK 64-Bit Server VM Temurin-17.0.13+11 (17.0.13+11, mixed mode, tiered, compressed oops, compressed class ptrs, parallel gc, windows-amd64)
# No core dump will be written. Minidumps are not enabled by default on client versions of Windows
#

---------------  S U M M A R Y ------------

Command Line: --add-modules=ALL-SYSTEM --add-opens=java.base/java.util=ALL-UNNAMED --add-opens=java.base/java.lang=ALL-UNNAMED --add-opens=java.base/sun.nio.fs=ALL-UNNAMED -Declipse.application=org.eclipse.jdt.ls.core.id1 -Dosgi.bundles.defaultStartLevel=4 -Declipse.product=org.eclipse.jdt.ls.core.product -Djava.import.generatesMetadataFilesAtProjectRoot=false -DDetectVMInstallationsJob.disabled=true -Dfile.encoding=utf8 -XX:+UseParallelGC -XX:GCTimeRatio=4 -XX:AdaptiveSizePolicyWeight=90 -Dsun.zip.disableMemoryMapping=true -Xmx1G -Xms100m -Xlog:disable -javaagent:c:\Users\yenho\.vscode\extensions\redhat.java-1.38.0-win32-x64\lombok\lombok-1.18.34.jar -XX:+HeapDumpOnOutOfMemoryError -XX:HeapDumpPath=c:\Users\yenho\AppData\Roaming\Code\User\workspaceStorage\be8ad8b4014e26bb98f6d4fcdc527ed2\redhat.java -Daether.dependencyCollector.impl=bf c:\Users\yenho\.vscode\extensions\redhat.java-1.38.0-win32-x64\server\plugins\org.eclipse.equinox.launcher_1.6.900.v20240613-2009.jar -configuration c:\Users\yenho\AppData\Roaming\Code\User\globalStorage\redhat.java\1.38.0\config_win -data c:\Users\yenho\AppData\Roaming\Code\User\workspaceStorage\be8ad8b4014e26bb98f6d4fcdc527ed2\redhat.java\jdt_ws --pipe=\\.\pipe\lsp-25d23715e68141d7614c2043d8acdb74-sock

Host: AMD Ryzen 5 7535HS with Radeon Graphics        , 12 cores, 7G,  Windows 11 , 64 bit Build 22621 (10.0.22621.4391)
Time: Wed Jan  8 11:26:21 2025 SE Asia Standard Time elapsed time: 11.072428 seconds (0d 0h 0m 11s)

---------------  T H R E A D  ---------------

Current thread (0x0000029469b562a0):  JavaThread "C2 CompilerThread0" daemon [_thread_in_native, id=4652, stack(0x000000f526500000,0x000000f526600000)]


Current CompileTask:
C2:  11072 7596 % !   4       org.eclipse.jdt.internal.compiler.classfmt.ClassFileReader::<init> @ 63 (2119 bytes)

Stack: [0x000000f526500000,0x000000f526600000]
Native frames: (J=compiled Java code, j=interpreted, Vv=VM code, C=native code)
V  [jvm.dll+0x682a19]
V  [jvm.dll+0x839538]
V  [jvm.dll+0x83afe3]
V  [jvm.dll+0x83b653]
V  [jvm.dll+0x24704f]
V  [jvm.dll+0xace34]
V  [jvm.dll+0xad4cc]
V  [jvm.dll+0x2ac84f]
V  [jvm.dll+0x588a79]
V  [jvm.dll+0x220ea2]
V  [jvm.dll+0x22129f]
V  [jvm.dll+0x21a2b0]
V  [jvm.dll+0x21738b]
V  [jvm.dll+0x1a3070]
V  [jvm.dll+0x22788c]
V  [jvm.dll+0x2259eb]
V  [jvm.dll+0x7eec98]
V  [jvm.dll+0x7e8ffc]
V  [jvm.dll+0x6818f7]
C  [ucrtbase.dll+0x29333]
C  [KERNEL32.DLL+0x1259d]
C  [ntdll.dll+0x5af38]


---------------  P R O C E S S  ---------------

Threads class SMR info:
_java_thread_list=0x000002946dd0c1e0, length=78, elements={
0x0000029450bedd20, 0x0000029464a6f030, 0x0000029464a6fbf0, 0x0000029464a7d340,
0x0000029464a7de10, 0x0000029464a7e9d0, 0x0000029469b534f0, 0x0000029469b562a0,
0x0000029469bb8cb0, 0x0000029469bc5a70, 0x0000029469c45d80, 0x000002946b2ea910,
0x000002946bc5e410, 0x000002946b7f83b0, 0x000002946bcd5d70, 0x000002946bcbfb80,
0x000002946c36bda0, 0x000002946c282d60, 0x000002946c284bc0, 0x000002946c283c90,
0x000002946c286000, 0x000002946c2841a0, 0x000002946c2850d0, 0x000002946c2855e0,
0x000002946c286510, 0x000002946d6883d0, 0x000002946d6888e0, 0x000002946d68c090,
0x000002946d686570, 0x000002946d68a740, 0x000002946d686f90, 0x000002946d68b670,
0x000002946d687ec0, 0x000002946d68c5a0, 0x000002946d68cab0, 0x000002946d68bb80,
0x000002946d688df0, 0x000002946d689300, 0x000002946d68cfc0, 0x000002946d6874a0,
0x000002946d6879b0, 0x000002946d68d4d0, 0x000002946d689810, 0x000002946d68ac50,
0x000002946d68d9e0, 0x000002946d68a230, 0x000002946d68def0, 0x000002946d68b160,
0x000002946c2846b0, 0x000002946bdc4860, 0x000002946bdc61b0, 0x000002946bdc3420,
0x000002946bdc6bd0, 0x000002946bdc3930, 0x000002946bdc1ad0, 0x000002946bdc5280,
0x000002946bdc24f0, 0x000002946bdc66c0, 0x000002946bdbf760, 0x000002946bdc2a00,
0x000002946bdc1fe0, 0x000002946bdc3e40, 0x000002946bdc15c0, 0x000002946bdc2f10,
0x000002946bdc4350, 0x000002946bdc4d70, 0x000002946bdc0ba0, 0x000002946bdc0690,
0x000002946bdc70e0, 0x000002946bdbfc70, 0x000002946bdc10b0, 0x000002946c283780,
0x000002946c8b0740, 0x000002946c8adec0, 0x000002946c8ac570, 0x000002946c8b25a0,
0x000002946c8ad4a0, 0x000002946c8b1160
}

Java Threads: ( => current thread )
  0x0000029450bedd20 JavaThread "main" [_thread_blocked, id=21508, stack(0x000000f525c00000,0x000000f525d00000)]
  0x0000029464a6f030 JavaThread "Reference Handler" daemon [_thread_blocked, id=8172, stack(0x000000f525f00000,0x000000f526000000)]
  0x0000029464a6fbf0 JavaThread "Finalizer" daemon [_thread_blocked, id=25168, stack(0x000000f526000000,0x000000f526100000)]
  0x0000029464a7d340 JavaThread "Signal Dispatcher" daemon [_thread_blocked, id=19672, stack(0x000000f526100000,0x000000f526200000)]
  0x0000029464a7de10 JavaThread "Attach Listener" daemon [_thread_blocked, id=10948, stack(0x000000f526200000,0x000000f526300000)]
  0x0000029464a7e9d0 JavaThread "Service Thread" daemon [_thread_blocked, id=19756, stack(0x000000f526300000,0x000000f526400000)]
  0x0000029469b534f0 JavaThread "Monitor Deflation Thread" daemon [_thread_blocked, id=9320, stack(0x000000f526400000,0x000000f526500000)]
=>0x0000029469b562a0 JavaThread "C2 CompilerThread0" daemon [_thread_in_native, id=4652, stack(0x000000f526500000,0x000000f526600000)]
  0x0000029469bb8cb0 JavaThread "C1 CompilerThread0" daemon [_thread_blocked, id=13140, stack(0x000000f526600000,0x000000f526700000)]
  0x0000029469bc5a70 JavaThread "Sweeper thread" daemon [_thread_blocked, id=10808, stack(0x000000f526700000,0x000000f526800000)]
  0x0000029469c45d80 JavaThread "Common-Cleaner" daemon [_thread_blocked, id=15392, stack(0x000000f526800000,0x000000f526900000)]
  0x000002946b2ea910 JavaThread "Notification Thread" daemon [_thread_blocked, id=18040, stack(0x000000f526a00000,0x000000f526b00000)]
  0x000002946bc5e410 JavaThread "Active Thread: Equinox Container: 04243f21-e048-44b3-a0c4-0b1ba9d3f040" [_thread_blocked, id=17988, stack(0x000000f527300000,0x000000f527400000)]
  0x000002946b7f83b0 JavaThread "Refresh Thread: Equinox Container: 04243f21-e048-44b3-a0c4-0b1ba9d3f040" daemon [_thread_blocked, id=14572, stack(0x000000f527400000,0x000000f527500000)]
  0x000002946bcd5d70 JavaThread "Framework Event Dispatcher: Equinox Container: 04243f21-e048-44b3-a0c4-0b1ba9d3f040" daemon [_thread_blocked, id=24828, stack(0x000000f527500000,0x000000f527600000)]
  0x000002946bcbfb80 JavaThread "Start Level: Equinox Container: 04243f21-e048-44b3-a0c4-0b1ba9d3f040" daemon [_thread_blocked, id=22752, stack(0x000000f527600000,0x000000f527700000)]
  0x000002946c36bda0 JavaThread "Bundle File Closer" daemon [_thread_blocked, id=21204, stack(0x000000f527700000,0x000000f527800000)]
  0x000002946c282d60 JavaThread "SCR Component Actor" daemon [_thread_blocked, id=12096, stack(0x000000f527900000,0x000000f527a00000)]
  0x000002946c284bc0 JavaThread "Worker-JM" [_thread_blocked, id=7548, stack(0x000000f527b00000,0x000000f527c00000)]
  0x000002946c283c90 JavaThread "JNA Cleaner" daemon [_thread_blocked, id=24900, stack(0x000000f527c00000,0x000000f527d00000)]
  0x000002946c286000 JavaThread "Worker-0" [_thread_blocked, id=6700, stack(0x000000f527d00000,0x000000f527e00000)]
  0x000002946c2841a0 JavaThread "Worker-1: Java indexing... " [_thread_blocked, id=25504, stack(0x000000f527e00000,0x000000f527f00000)]
  0x000002946c2850d0 JavaThread "Java indexing" daemon [_thread_in_vm, id=25240, stack(0x000000f527f00000,0x000000f528000000)]
  0x000002946c2855e0 JavaThread "Worker-2" [_thread_blocked, id=16340, stack(0x000000f528000000,0x000000f528100000)]
  0x000002946c286510 JavaThread "Worker-3: Building" [_thread_in_native, id=8976, stack(0x000000f528100000,0x000000f528200000)]
  0x000002946d6883d0 JavaThread "Thread-2" daemon [_thread_in_native, id=5364, stack(0x000000f528200000,0x000000f528300000)]
  0x000002946d6888e0 JavaThread "Thread-3" daemon [_thread_in_native, id=8216, stack(0x000000f528300000,0x000000f528400000)]
  0x000002946d68c090 JavaThread "Thread-4" daemon [_thread_in_native, id=24832, stack(0x000000f528400000,0x000000f528500000)]
  0x000002946d686570 JavaThread "Thread-5" daemon [_thread_in_native, id=13520, stack(0x000000f528500000,0x000000f528600000)]
  0x000002946d68a740 JavaThread "Thread-6" daemon [_thread_in_native, id=19412, stack(0x000000f528600000,0x000000f528700000)]
  0x000002946d686f90 JavaThread "Thread-7" daemon [_thread_in_native, id=10636, stack(0x000000f528700000,0x000000f528800000)]
  0x000002946d68b670 JavaThread "Thread-8" daemon [_thread_in_native, id=14568, stack(0x000000f528800000,0x000000f528900000)]
  0x000002946d687ec0 JavaThread "Thread-9" daemon [_thread_in_native, id=23600, stack(0x000000f528900000,0x000000f528a00000)]
  0x000002946d68c5a0 JavaThread "Thread-10" daemon [_thread_in_native, id=19920, stack(0x000000f528a00000,0x000000f528b00000)]
  0x000002946d68cab0 JavaThread "Thread-11" daemon [_thread_in_native, id=10076, stack(0x000000f528b00000,0x000000f528c00000)]
  0x000002946d68bb80 JavaThread "Thread-12" daemon [_thread_in_native, id=15424, stack(0x000000f528c00000,0x000000f528d00000)]
  0x000002946d688df0 JavaThread "Thread-13" daemon [_thread_in_native, id=13656, stack(0x000000f528d00000,0x000000f528e00000)]
  0x000002946d689300 JavaThread "Thread-14" daemon [_thread_in_native, id=21044, stack(0x000000f528e00000,0x000000f528f00000)]
  0x000002946d68cfc0 JavaThread "pool-2-thread-1" [_thread_blocked, id=25464, stack(0x000000f528f00000,0x000000f529000000)]
  0x000002946d6874a0 JavaThread "Worker-4" [_thread_blocked, id=7744, stack(0x000000f529000000,0x000000f529100000)]
  0x000002946d6879b0 JavaThread "Worker-5" [_thread_blocked, id=22140, stack(0x000000f529100000,0x000000f529200000)]
  0x000002946d68d4d0 JavaThread "WorkspaceEventsHandler" [_thread_blocked, id=3364, stack(0x000000f529200000,0x000000f529300000)]
  0x000002946d689810 JavaThread "pool-1-thread-1" [_thread_blocked, id=5960, stack(0x000000f529300000,0x000000f529400000)]
  0x000002946d68ac50 JavaThread "Worker-6" [_thread_blocked, id=19492, stack(0x000000f529400000,0x000000f529500000)]
  0x000002946d68d9e0 JavaThread "Worker-7" [_thread_blocked, id=18488, stack(0x000000f529500000,0x000000f529600000)]
  0x000002946d68a230 JavaThread "LocalFile Deleter" daemon [_thread_blocked, id=9892, stack(0x000000f529600000,0x000000f529700000)]
  0x000002946d68def0 JavaThread "LocalFile Deleter" daemon [_thread_blocked, id=17688, stack(0x000000f529700000,0x000000f529800000)]
  0x000002946d68b160 JavaThread "LocalFile Deleter" daemon [_thread_blocked, id=22180, stack(0x000000f529800000,0x000000f529900000)]
  0x000002946c2846b0 JavaThread "LocalFile Deleter" daemon [_thread_blocked, id=16484, stack(0x000000f529900000,0x000000f529a00000)]
  0x000002946bdc4860 JavaThread "LocalFile Deleter" daemon [_thread_blocked, id=20292, stack(0x000000f529a00000,0x000000f529b00000)]
  0x000002946bdc61b0 JavaThread "LocalFile Deleter" daemon [_thread_blocked, id=24128, stack(0x000000f529b00000,0x000000f529c00000)]
  0x000002946bdc3420 JavaThread "LocalFile Deleter" daemon [_thread_blocked, id=4236, stack(0x000000f529c00000,0x000000f529d00000)]
  0x000002946bdc6bd0 JavaThread "LocalFile Deleter" daemon [_thread_blocked, id=6344, stack(0x000000f529d00000,0x000000f529e00000)]
  0x000002946bdc3930 JavaThread "LocalFile Deleter" daemon [_thread_blocked, id=12676, stack(0x000000f529e00000,0x000000f529f00000)]
  0x000002946bdc1ad0 JavaThread "LocalFile Deleter" daemon [_thread_blocked, id=712, stack(0x000000f529f00000,0x000000f52a000000)]
  0x000002946bdc5280 JavaThread "LocalFile Deleter" daemon [_thread_blocked, id=4880, stack(0x000000f52a000000,0x000000f52a100000)]
  0x000002946bdc24f0 JavaThread "LocalFile Deleter" daemon [_thread_blocked, id=14532, stack(0x000000f52a100000,0x000000f52a200000)]
  0x000002946bdc66c0 JavaThread "Compiler Source File Reader" daemon [_thread_blocked, id=12160, stack(0x000000f52a200000,0x000000f52a300000)]
  0x000002946bdbf760 JavaThread "Compiler Source File Reader" daemon [_thread_blocked, id=7520, stack(0x000000f52a300000,0x000000f52a400000)]
  0x000002946bdc2a00 JavaThread "Compiler Source File Reader" daemon [_thread_blocked, id=13600, stack(0x000000f52a400000,0x000000f52a500000)]
  0x000002946bdc1fe0 JavaThread "Compiler Source File Reader" daemon [_thread_blocked, id=20264, stack(0x000000f52a500000,0x000000f52a600000)]
  0x000002946bdc3e40 JavaThread "Compiler Source File Reader" daemon [_thread_blocked, id=7496, stack(0x000000f52a600000,0x000000f52a700000)]
  0x000002946bdc15c0 JavaThread "Compiler Source File Reader" daemon [_thread_blocked, id=21528, stack(0x000000f52a700000,0x000000f52a800000)]
  0x000002946bdc2f10 JavaThread "Compiler Source File Reader" daemon [_thread_blocked, id=22032, stack(0x000000f52a800000,0x000000f52a900000)]
  0x000002946bdc4350 JavaThread "Compiler Source File Reader" daemon [_thread_blocked, id=9868, stack(0x000000f52a900000,0x000000f52aa00000)]
  0x000002946bdc4d70 JavaThread "Compiler Source File Reader" daemon [_thread_blocked, id=24244, stack(0x000000f52aa00000,0x000000f52ab00000)]
  0x000002946bdc0ba0 JavaThread "Compiler Source File Reader" daemon [_thread_blocked, id=21576, stack(0x000000f52ab00000,0x000000f52ac00000)]
  0x000002946bdc0690 JavaThread "Compiler Processing Task" daemon [_thread_blocked, id=18160, stack(0x000000f527a00000,0x000000f527b00000)]
  0x000002946bdc70e0 JavaThread "Compiler Class File Writer" daemon [_thread_blocked, id=16456, stack(0x000000f52ac00000,0x000000f52ad00000)]
  0x000002946bdbfc70 JavaThread "Compiler Class File Writer" daemon [_thread_blocked, id=11780, stack(0x000000f52ad00000,0x000000f52ae00000)]
  0x000002946bdc10b0 JavaThread "Compiler Class File Writer" daemon [_thread_blocked, id=5184, stack(0x000000f52ae00000,0x000000f52af00000)]
  0x000002946c283780 JavaThread "Compiler Class File Writer" daemon [_thread_blocked, id=18516, stack(0x000000f52af00000,0x000000f52b000000)]
  0x000002946c8b0740 JavaThread "Compiler Class File Writer" daemon [_thread_blocked, id=4424, stack(0x000000f52b000000,0x000000f52b100000)]
  0x000002946c8adec0 JavaThread "Compiler Class File Writer" daemon [_thread_blocked, id=10888, stack(0x000000f52b100000,0x000000f52b200000)]
  0x000002946c8ac570 JavaThread "Compiler Class File Writer" daemon [_thread_blocked, id=8900, stack(0x000000f52b200000,0x000000f52b300000)]
  0x000002946c8b25a0 JavaThread "Compiler Class File Writer" daemon [_thread_blocked, id=22420, stack(0x000000f52b300000,0x000000f52b400000)]
  0x000002946c8ad4a0 JavaThread "Compiler Class File Writer" daemon [_thread_blocked, id=17576, stack(0x000000f52b400000,0x000000f52b500000)]
  0x000002946c8b1160 JavaThread "Compiler Class File Writer" daemon [_thread_blocked, id=2352, stack(0x000000f52b500000,0x000000f52b600000)]

Other Threads:
  0x0000029450c9ed20 VMThread "VM Thread" [stack: 0x000000f525e00000,0x000000f525f00000] [id=12416]
  0x0000029469e2cf90 WatcherThread [stack: 0x000000f526b00000,0x000000f526c00000] [id=19140]
  0x0000029450c03cc0 GCTaskThread "GC Thread#0" [stack: 0x000000f525d00000,0x000000f525e00000] [id=24376]
  0x000002946bac1cd0 GCTaskThread "GC Thread#1" [stack: 0x000000f526c00000,0x000000f526d00000] [id=16820]
  0x000002946babc840 GCTaskThread "GC Thread#2" [stack: 0x000000f526d00000,0x000000f526e00000] [id=8920]
  0x000002946babcb00 GCTaskThread "GC Thread#3" [stack: 0x000000f526e00000,0x000000f526f00000] [id=22312]
  0x000002946babcdc0 GCTaskThread "GC Thread#4" [stack: 0x000000f526f00000,0x000000f527000000] [id=23632]
  0x000002946babd080 GCTaskThread "GC Thread#5" [stack: 0x000000f527000000,0x000000f527100000] [id=20584]
  0x000002946b76f990 GCTaskThread "GC Thread#6" [stack: 0x000000f527100000,0x000000f527200000] [id=24676]
  0x000002946bd237d0 GCTaskThread "GC Thread#7" [stack: 0x000000f527200000,0x000000f527300000] [id=7604]
  0x000002946c4726d0 GCTaskThread "GC Thread#8" [stack: 0x000000f527800000,0x000000f527900000] [id=21352]
  0x000002946c2795e0 GCTaskThread "GC Thread#9" [stack: 0x000000f526900000,0x000000f526a00000] [id=17680]

Threads with active compile tasks:
C2 CompilerThread0    11112 7596 % !   4       org.eclipse.jdt.internal.compiler.classfmt.ClassFileReader::<init> @ 63 (2119 bytes)

VM state: not at safepoint (normal execution)

VM Mutex/Monitor currently owned by a thread: None

Heap address: 0x00000000c0000000, size: 1024 MB, Compressed Oops mode: 32-bit

CDS archive(s) not mapped
Compressed class space mapped at: 0x0000000100000000-0x0000000140000000, reserved size: 1073741824
Narrow klass base: 0x0000000000000000, Narrow klass shift: 3, Narrow klass range: 0x140000000

GC Precious Log:
 CPUs: 12 total, 12 available
 Memory: 7365M
 Large Page Support: Disabled
 NUMA Support: Disabled
 Compressed Oops: Enabled (32-bit)
 Alignments: Space 512K, Generation 512K, Heap 2M
 Heap Min Capacity: 100M
 Heap Initial Capacity: 100M
 Heap Max Capacity: 1G
 Pre-touch: Disabled
 Parallel Workers: 10

Heap:
 PSYoungGen      total 17920K, used 5654K [0x00000000eab00000, 0x00000000ec400000, 0x0000000100000000)
  eden space 17408K, 32% used [0x00000000eab00000,0x00000000eb085b78,0x00000000ebc00000)
  from space 512K, 0% used [0x00000000ebe00000,0x00000000ebe00000,0x00000000ebe80000)
  to   space 4096K, 0% used [0x00000000ec000000,0x00000000ec000000,0x00000000ec400000)
 ParOldGen       total 68608K, used 68460K [0x00000000c0000000, 0x00000000c4300000, 0x00000000eab00000)
  object space 68608K, 99% used [0x00000000c0000000,0x00000000c42db280,0x00000000c4300000)
 Metaspace       used 62995K, committed 64064K, reserved 1114112K
  class space    used 6648K, committed 7104K, reserved 1048576K

Card table byte_map: [0x00000294505b0000,0x00000294507c0000] _byte_map_base: 0x000002944ffb0000

Marking Bits: (ParMarkBitMap*) 0x00007fff3f306940
 Begin Bits: [0x0000029462880000, 0x0000029463880000)
 End Bits:   [0x0000029463880000, 0x0000029464880000)

Polling page: 0x00000294503a0000

Metaspace:

Usage:
  Non-class:     55.03 MB used.
      Class:      6.49 MB used.
       Both:     61.52 MB used.

Virtual space:
  Non-class space:       64.00 MB reserved,      55.62 MB ( 87%) committed,  1 nodes.
      Class space:        1.00 GB reserved,       6.94 MB ( <1%) committed,  1 nodes.
             Both:        1.06 GB reserved,      62.56 MB (  6%) committed. 

Chunk freelists:
   Non-Class:  6.81 MB
       Class:  9.06 MB
        Both:  15.88 MB

MaxMetaspaceSize: unlimited
CompressedClassSpaceSize: 1.00 GB
Initial GC threshold: 21.00 MB
Current GC threshold: 104.31 MB
CDS: off
MetaspaceReclaimPolicy: balanced
 - commit_granule_bytes: 65536.
 - commit_granule_words: 8192.
 - virtual_space_node_default_size: 8388608.
 - enlarge_chunks_in_place: 1.
 - new_chunks_are_fully_committed: 0.
 - uncommit_free_chunks: 1.
 - use_allocation_guard: 0.
 - handle_deallocations: 1.


Internal statistics:

num_allocs_failed_limit: 9.
num_arena_births: 648.
num_arena_deaths: 14.
num_vsnodes_births: 2.
num_vsnodes_deaths: 0.
num_space_committed: 1001.
num_space_uncommitted: 0.
num_chunks_returned_to_freelist: 23.
num_chunks_taken_from_freelist: 3167.
num_chunk_merges: 14.
num_chunk_splits: 1959.
num_chunks_enlarged: 1126.
num_inconsistent_stats: 0.

CodeHeap 'non-profiled nmethods': size=120000Kb used=2620Kb max_used=2620Kb free=117379Kb
 bounds [0x000002945b350000, 0x000002945b5e0000, 0x0000029462880000]
CodeHeap 'profiled nmethods': size=120000Kb used=15492Kb max_used=15492Kb free=104507Kb
 bounds [0x0000029453880000, 0x00000294547b0000, 0x000002945adb0000]
CodeHeap 'non-nmethods': size=5760Kb used=1349Kb max_used=1395Kb free=4410Kb
 bounds [0x000002945adb0000, 0x000002945b020000, 0x000002945b350000]
 total_blobs=8241 nmethods=7546 adapters=609
 compilation: enabled
              stopped_count=0, restarted_count=0
 full_count=0

Compilation events (20 events):
Event: 10.994 Thread 0x0000029469bb8cb0 8597       3       org.eclipse.jdt.core.compiler.CharOperation::concat (123 bytes)
Event: 10.994 Thread 0x0000029469bb8cb0 nmethod 8597 0x000002945478d210 code [0x000002945478d420, 0x000002945478d9d8]
Event: 11.056 Thread 0x0000029469bb8cb0 8598       3       org.eclipse.core.runtime.IPath::fromOSString (9 bytes)
Event: 11.057 Thread 0x0000029469bb8cb0 nmethod 8598 0x000002945478dc10 code [0x000002945478ddc0, 0x000002945478dfa8]
Event: 11.059 Thread 0x0000029469bb8cb0 8599       2       org.eclipse.core.internal.localstore.UnifiedTreeNode::existsInFileSystem (23 bytes)
Event: 11.059 Thread 0x0000029469bb8cb0 nmethod 8599 0x000002945478e090 code [0x000002945478e240, 0x000002945478e3e8]
Event: 11.063 Thread 0x0000029469bb8cb0 8600       3       java.util.regex.Pattern::sequence (647 bytes)
Event: 11.066 Thread 0x0000029469bb8cb0 nmethod 8600 0x000002945478e510 code [0x000002945478eae0, 0x0000029454791948]
Event: 11.066 Thread 0x0000029469bb8cb0 8604       3       java.util.Arrays::binarySearch0 (83 bytes)
Event: 11.066 Thread 0x0000029469bb8cb0 nmethod 8604 0x0000029454792810 code [0x00000294547929e0, 0x0000029454792e68]
Event: 11.066 Thread 0x0000029469bb8cb0 8605       3       org.eclipse.core.internal.resources.Project::hasNature (36 bytes)
Event: 11.067 Thread 0x0000029469bb8cb0 nmethod 8605 0x0000029454793010 code [0x0000029454793240, 0x0000029454793ba8]
Event: 11.067 Thread 0x0000029469bb8cb0 8602       3       java.lang.reflect.Field::get (29 bytes)
Event: 11.067 Thread 0x0000029469bb8cb0 nmethod 8602 0x0000029454793f10 code [0x00000294547940e0, 0x0000029454794498]
Event: 11.067 Thread 0x0000029469bb8cb0 8603       2       java.io.StringWriter::toString (8 bytes)
Event: 11.067 Thread 0x0000029469bb8cb0 nmethod 8603 0x0000029454794610 code [0x00000294547947a0, 0x00000294547948c8]
Event: 11.067 Thread 0x0000029469bb8cb0 8606   !   2       org.eclipse.core.internal.resources.Workspace::prepareOperation (96 bytes)
Event: 11.068 Thread 0x0000029469bb8cb0 nmethod 8606 0x0000029454794990 code [0x0000029454794bc0, 0x0000029454795038]
Event: 11.068 Thread 0x0000029469bb8cb0 8601       1       org.eclipse.core.internal.resources.WorkspaceRoot::getParent (2 bytes)
Event: 11.068 Thread 0x0000029469bb8cb0 nmethod 8601 0x000002945b5deb90 code [0x000002945b5ded20, 0x000002945b5dedf8]

GC Heap History (20 events):
Event: 9.072 GC heap before
{Heap before GC invocations=35 (full 2):
 PSYoungGen      total 21504K, used 8682K [0x00000000eab00000, 0x00000000ec480000, 0x0000000100000000)
  eden space 18944K, 34% used [0x00000000eab00000,0x00000000eb16e6a0,0x00000000ebd80000)
  from space 2560K, 81% used [0x00000000ec200000,0x00000000ec40c338,0x00000000ec480000)
  to   space 2560K, 0% used [0x00000000ebf80000,0x00000000ebf80000,0x00000000ec200000)
 ParOldGen       total 68608K, used 58130K [0x00000000c0000000, 0x00000000c4300000, 0x00000000eab00000)
  object space 68608K, 84% used [0x00000000c0000000,0x00000000c38c48c0,0x00000000c4300000)
 Metaspace       used 58701K, committed 59776K, reserved 1114112K
  class space    used 6303K, committed 6784K, reserved 1048576K
}
Event: 9.078 GC heap after
{Heap after GC invocations=35 (full 2):
 PSYoungGen      total 20480K, used 1323K [0x00000000eab00000, 0x00000000ec280000, 0x0000000100000000)
  eden space 18944K, 0% used [0x00000000eab00000,0x00000000eab00000,0x00000000ebd80000)
  from space 1536K, 86% used [0x00000000ebf80000,0x00000000ec0cafe0,0x00000000ec100000)
  to   space 1536K, 0% used [0x00000000ec100000,0x00000000ec100000,0x00000000ec280000)
 ParOldGen       total 68608K, used 60098K [0x00000000c0000000, 0x00000000c4300000, 0x00000000eab00000)
  object space 68608K, 87% used [0x00000000c0000000,0x00000000c3ab0b28,0x00000000c4300000)
 Metaspace       used 58701K, committed 59776K, reserved 1114112K
  class space    used 6303K, committed 6784K, reserved 1048576K
}
Event: 9.078 GC heap before
{Heap before GC invocations=36 (full 3):
 PSYoungGen      total 20480K, used 1323K [0x00000000eab00000, 0x00000000ec280000, 0x0000000100000000)
  eden space 18944K, 0% used [0x00000000eab00000,0x00000000eab00000,0x00000000ebd80000)
  from space 1536K, 86% used [0x00000000ebf80000,0x00000000ec0cafe0,0x00000000ec100000)
  to   space 1536K, 0% used [0x00000000ec100000,0x00000000ec100000,0x00000000ec280000)
 ParOldGen       total 68608K, used 60098K [0x00000000c0000000, 0x00000000c4300000, 0x00000000eab00000)
  object space 68608K, 87% used [0x00000000c0000000,0x00000000c3ab0b28,0x00000000c4300000)
 Metaspace       used 58701K, committed 59776K, reserved 1114112K
  class space    used 6303K, committed 6784K, reserved 1048576K
}
Event: 9.143 GC heap after
{Heap after GC invocations=36 (full 3):
 PSYoungGen      total 20480K, used 0K [0x00000000eab00000, 0x00000000ec280000, 0x0000000100000000)
  eden space 18944K, 0% used [0x00000000eab00000,0x00000000eab00000,0x00000000ebd80000)
  from space 1536K, 0% used [0x00000000ebf80000,0x00000000ebf80000,0x00000000ec100000)
  to   space 1536K, 0% used [0x00000000ec100000,0x00000000ec100000,0x00000000ec280000)
 ParOldGen       total 68608K, used 54588K [0x00000000c0000000, 0x00000000c4300000, 0x00000000eab00000)
  object space 68608K, 79% used [0x00000000c0000000,0x00000000c354f2d0,0x00000000c4300000)
 Metaspace       used 58701K, committed 59776K, reserved 1114112K
  class space    used 6303K, committed 6784K, reserved 1048576K
}
Event: 9.374 GC heap before
{Heap before GC invocations=37 (full 3):
 PSYoungGen      total 20480K, used 18944K [0x00000000eab00000, 0x00000000ec280000, 0x0000000100000000)
  eden space 18944K, 100% used [0x00000000eab00000,0x00000000ebd80000,0x00000000ebd80000)
  from space 1536K, 0% used [0x00000000ebf80000,0x00000000ebf80000,0x00000000ec100000)
  to   space 1536K, 0% used [0x00000000ec100000,0x00000000ec100000,0x00000000ec280000)
 ParOldGen       total 68608K, used 54588K [0x00000000c0000000, 0x00000000c4300000, 0x00000000eab00000)
  object space 68608K, 79% used [0x00000000c0000000,0x00000000c354f2d0,0x00000000c4300000)
 Metaspace       used 59903K, committed 60992K, reserved 1114112K
  class space    used 6372K, committed 6848K, reserved 1048576K
}
Event: 9.376 GC heap after
{Heap after GC invocations=37 (full 3):
 PSYoungGen      total 18944K, used 1528K [0x00000000eab00000, 0x00000000ec780000, 0x0000000100000000)
  eden space 17408K, 0% used [0x00000000eab00000,0x00000000eab00000,0x00000000ebc00000)
  from space 1536K, 99% used [0x00000000ec100000,0x00000000ec27e140,0x00000000ec280000)
  to   space 5120K, 0% used [0x00000000ebc00000,0x00000000ebc00000,0x00000000ec100000)
 ParOldGen       total 68608K, used 57368K [0x00000000c0000000, 0x00000000c4300000, 0x00000000eab00000)
  object space 68608K, 83% used [0x00000000c0000000,0x00000000c3806080,0x00000000c4300000)
 Metaspace       used 59903K, committed 60992K, reserved 1114112K
  class space    used 6372K, committed 6848K, reserved 1048576K
}
Event: 9.439 GC heap before
{Heap before GC invocations=38 (full 3):
 PSYoungGen      total 18944K, used 18936K [0x00000000eab00000, 0x00000000ec780000, 0x0000000100000000)
  eden space 17408K, 100% used [0x00000000eab00000,0x00000000ebc00000,0x00000000ebc00000)
  from space 1536K, 99% used [0x00000000ec100000,0x00000000ec27e140,0x00000000ec280000)
  to   space 5120K, 0% used [0x00000000ebc00000,0x00000000ebc00000,0x00000000ec100000)
 ParOldGen       total 68608K, used 57368K [0x00000000c0000000, 0x00000000c4300000, 0x00000000eab00000)
  object space 68608K, 83% used [0x00000000c0000000,0x00000000c3806080,0x00000000c4300000)
 Metaspace       used 60028K, committed 61120K, reserved 1114112K
  class space    used 6390K, committed 6848K, reserved 1048576K
}
Event: 9.442 GC heap after
{Heap after GC invocations=38 (full 3):
 PSYoungGen      total 18944K, used 1368K [0x00000000eab00000, 0x00000000ec180000, 0x0000000100000000)
  eden space 17408K, 0% used [0x00000000eab00000,0x00000000eab00000,0x00000000ebc00000)
  from space 1536K, 89% used [0x00000000ebc00000,0x00000000ebd56010,0x00000000ebd80000)
  to   space 2560K, 0% used [0x00000000ebf00000,0x00000000ebf00000,0x00000000ec180000)
 ParOldGen       total 68608K, used 58882K [0x00000000c0000000, 0x00000000c4300000, 0x00000000eab00000)
  object space 68608K, 85% used [0x00000000c0000000,0x00000000c3980a40,0x00000000c4300000)
 Metaspace       used 60028K, committed 61120K, reserved 1114112K
  class space    used 6390K, committed 6848K, reserved 1048576K
}
Event: 9.510 GC heap before
{Heap before GC invocations=39 (full 3):
 PSYoungGen      total 18944K, used 18727K [0x00000000eab00000, 0x00000000ec180000, 0x0000000100000000)
  eden space 17408K, 99% used [0x00000000eab00000,0x00000000ebbf3c90,0x00000000ebc00000)
  from space 1536K, 89% used [0x00000000ebc00000,0x00000000ebd56010,0x00000000ebd80000)
  to   space 2560K, 0% used [0x00000000ebf00000,0x00000000ebf00000,0x00000000ec180000)
 ParOldGen       total 68608K, used 58882K [0x00000000c0000000, 0x00000000c4300000, 0x00000000eab00000)
  object space 68608K, 85% used [0x00000000c0000000,0x00000000c3980a40,0x00000000c4300000)
 Metaspace       used 60029K, committed 61120K, reserved 1114112K
  class space    used 6390K, committed 6848K, reserved 1048576K
}
Event: 9.512 GC heap after
{Heap after GC invocations=39 (full 3):
 PSYoungGen      total 18944K, used 1210K [0x00000000eab00000, 0x00000000ec080000, 0x0000000100000000)
  eden space 17408K, 0% used [0x00000000eab00000,0x00000000eab00000,0x00000000ebc00000)
  from space 1536K, 78% used [0x00000000ebf00000,0x00000000ec02ea20,0x00000000ec080000)
  to   space 1536K, 0% used [0x00000000ebc00000,0x00000000ebc00000,0x00000000ebd80000)
 ParOldGen       total 68608K, used 59305K [0x00000000c0000000, 0x00000000c4300000, 0x00000000eab00000)
  object space 68608K, 86% used [0x00000000c0000000,0x00000000c39ea518,0x00000000c4300000)
 Metaspace       used 60029K, committed 61120K, reserved 1114112K
  class space    used 6390K, committed 6848K, reserved 1048576K
}
Event: 9.730 GC heap before
{Heap before GC invocations=40 (full 3):
 PSYoungGen      total 18944K, used 18618K [0x00000000eab00000, 0x00000000ec080000, 0x0000000100000000)
  eden space 17408K, 100% used [0x00000000eab00000,0x00000000ebc00000,0x00000000ebc00000)
  from space 1536K, 78% used [0x00000000ebf00000,0x00000000ec02ea20,0x00000000ec080000)
  to   space 1536K, 0% used [0x00000000ebc00000,0x00000000ebc00000,0x00000000ebd80000)
 ParOldGen       total 68608K, used 59305K [0x00000000c0000000, 0x00000000c4300000, 0x00000000eab00000)
  object space 68608K, 86% used [0x00000000c0000000,0x00000000c39ea518,0x00000000c4300000)
 Metaspace       used 61294K, committed 62400K, reserved 1114112K
  class space    used 6520K, committed 6976K, reserved 1048576K
}
Event: 9.731 GC heap after
{Heap after GC invocations=40 (full 3):
 PSYoungGen      total 18944K, used 1527K [0x00000000eab00000, 0x00000000ec200000, 0x0000000100000000)
  eden space 17408K, 0% used [0x00000000eab00000,0x00000000eab00000,0x00000000ebc00000)
  from space 1536K, 99% used [0x00000000ebc00000,0x00000000ebd7dd90,0x00000000ebd80000)
  to   space 3072K, 0% used [0x00000000ebf00000,0x00000000ebf00000,0x00000000ec200000)
 ParOldGen       total 68608K, used 60289K [0x00000000c0000000, 0x00000000c4300000, 0x00000000eab00000)
  object space 68608K, 87% used [0x00000000c0000000,0x00000000c3ae0528,0x00000000c4300000)
 Metaspace       used 61294K, committed 62400K, reserved 1114112K
  class space    used 6520K, committed 6976K, reserved 1048576K
}
Event: 10.225 GC heap before
{Heap before GC invocations=41 (full 3):
 PSYoungGen      total 18944K, used 18935K [0x00000000eab00000, 0x00000000ec200000, 0x0000000100000000)
  eden space 17408K, 100% used [0x00000000eab00000,0x00000000ebc00000,0x00000000ebc00000)
  from space 1536K, 99% used [0x00000000ebc00000,0x00000000ebd7dd90,0x00000000ebd80000)
  to   space 3072K, 0% used [0x00000000ebf00000,0x00000000ebf00000,0x00000000ec200000)
 ParOldGen       total 68608K, used 60289K [0x00000000c0000000, 0x00000000c4300000, 0x00000000eab00000)
  object space 68608K, 87% used [0x00000000c0000000,0x00000000c3ae0528,0x00000000c4300000)
 Metaspace       used 62355K, committed 63488K, reserved 1114112K
  class space    used 6620K, committed 7104K, reserved 1048576K
}
Event: 10.230 GC heap after
{Heap after GC invocations=41 (full 3):
 PSYoungGen      total 20480K, used 2593K [0x00000000eab00000, 0x00000000ec200000, 0x0000000100000000)
  eden space 17408K, 0% used [0x00000000eab00000,0x00000000eab00000,0x00000000ebc00000)
  from space 3072K, 84% used [0x00000000ebf00000,0x00000000ec1886e0,0x00000000ec200000)
  to   space 3072K, 0% used [0x00000000ebc00000,0x00000000ebc00000,0x00000000ebf00000)
 ParOldGen       total 68608K, used 61794K [0x00000000c0000000, 0x00000000c4300000, 0x00000000eab00000)
  object space 68608K, 90% used [0x00000000c0000000,0x00000000c3c58938,0x00000000c4300000)
 Metaspace       used 62355K, committed 63488K, reserved 1114112K
  class space    used 6620K, committed 7104K, reserved 1048576K
}
Event: 10.717 GC heap before
{Heap before GC invocations=42 (full 3):
 PSYoungGen      total 20480K, used 20001K [0x00000000eab00000, 0x00000000ec200000, 0x0000000100000000)
  eden space 17408K, 100% used [0x00000000eab00000,0x00000000ebc00000,0x00000000ebc00000)
  from space 3072K, 84% used [0x00000000ebf00000,0x00000000ec1886e0,0x00000000ec200000)
  to   space 3072K, 0% used [0x00000000ebc00000,0x00000000ebc00000,0x00000000ebf00000)
 ParOldGen       total 68608K, used 61794K [0x00000000c0000000, 0x00000000c4300000, 0x00000000eab00000)
  object space 68608K, 90% used [0x00000000c0000000,0x00000000c3c58938,0x00000000c4300000)
 Metaspace       used 62876K, committed 64000K, reserved 1114112K
  class space    used 6644K, committed 7104K, reserved 1048576K
}
Event: 10.720 GC heap after
{Heap after GC invocations=42 (full 3):
 PSYoungGen      total 20480K, used 3056K [0x00000000eab00000, 0x00000000ec900000, 0x0000000100000000)
  eden space 17408K, 0% used [0x00000000eab00000,0x00000000eab00000,0x00000000ebc00000)
  from space 3072K, 99% used [0x00000000ebc00000,0x00000000ebefc270,0x00000000ebf00000)
  to   space 6656K, 0% used [0x00000000ec280000,0x00000000ec280000,0x00000000ec900000)
 ParOldGen       total 68608K, used 64366K [0x00000000c0000000, 0x00000000c4300000, 0x00000000eab00000)
  object space 68608K, 93% used [0x00000000c0000000,0x00000000c3edb9a8,0x00000000c4300000)
 Metaspace       used 62876K, committed 64000K, reserved 1114112K
  class space    used 6644K, committed 7104K, reserved 1048576K
}
Event: 10.861 GC heap before
{Heap before GC invocations=43 (full 3):
 PSYoungGen      total 20480K, used 20464K [0x00000000eab00000, 0x00000000ec900000, 0x0000000100000000)
  eden space 17408K, 100% used [0x00000000eab00000,0x00000000ebc00000,0x00000000ebc00000)
  from space 3072K, 99% used [0x00000000ebc00000,0x00000000ebefc270,0x00000000ebf00000)
  to   space 6656K, 0% used [0x00000000ec280000,0x00000000ec280000,0x00000000ec900000)
 ParOldGen       total 68608K, used 64366K [0x00000000c0000000, 0x00000000c4300000, 0x00000000eab00000)
  object space 68608K, 93% used [0x00000000c0000000,0x00000000c3edb9a8,0x00000000c4300000)
 Metaspace       used 62963K, committed 64064K, reserved 1114112K
  class space    used 6648K, committed 7104K, reserved 1048576K
}
Event: 10.864 GC heap after
{Heap after GC invocations=43 (full 3):
 PSYoungGen      total 20992K, used 3132K [0x00000000eab00000, 0x00000000ec600000, 0x0000000100000000)
  eden space 17408K, 0% used [0x00000000eab00000,0x00000000eab00000,0x00000000ebc00000)
  from space 3584K, 87% used [0x00000000ec280000,0x00000000ec58f0f0,0x00000000ec600000)
  to   space 4096K, 0% used [0x00000000ebe00000,0x00000000ebe00000,0x00000000ec200000)
 ParOldGen       total 68608K, used 67188K [0x00000000c0000000, 0x00000000c4300000, 0x00000000eab00000)
  object space 68608K, 97% used [0x00000000c0000000,0x00000000c419d350,0x00000000c4300000)
 Metaspace       used 62963K, committed 64064K, reserved 1114112K
  class space    used 6648K, committed 7104K, reserved 1048576K
}
Event: 10.996 GC heap before
{Heap before GC invocations=44 (full 4):
 PSYoungGen      total 20992K, used 20540K [0x00000000eab00000, 0x00000000ec600000, 0x0000000100000000)
  eden space 17408K, 100% used [0x00000000eab00000,0x00000000ebc00000,0x00000000ebc00000)
  from space 3584K, 87% used [0x00000000ec280000,0x00000000ec58f0f0,0x00000000ec600000)
  to   space 4096K, 0% used [0x00000000ebe00000,0x00000000ebe00000,0x00000000ec200000)
 ParOldGen       total 68608K, used 67188K [0x00000000c0000000, 0x00000000c4300000, 0x00000000eab00000)
  object space 68608K, 97% used [0x00000000c0000000,0x00000000c419d350,0x00000000c4300000)
 Metaspace       used 62973K, committed 64064K, reserved 1114112K
  class space    used 6648K, committed 7104K, reserved 1048576K
}
Event: 11.053 GC heap after
{Heap after GC invocations=44 (full 4):
 PSYoungGen      total 17920K, used 0K [0x00000000eab00000, 0x00000000ec400000, 0x0000000100000000)
  eden space 17408K, 0% used [0x00000000eab00000,0x00000000eab00000,0x00000000ebc00000)
  from space 512K, 0% used [0x00000000ebe00000,0x00000000ebe00000,0x00000000ebe80000)
  to   space 4096K, 0% used [0x00000000ec000000,0x00000000ec000000,0x00000000ec400000)
 ParOldGen       total 68608K, used 68460K [0x00000000c0000000, 0x00000000c4300000, 0x00000000eab00000)
  object space 68608K, 99% used [0x00000000c0000000,0x00000000c42db280,0x00000000c4300000)
 Metaspace       used 62973K, committed 64064K, reserved 1114112K
  class space    used 6648K, committed 7104K, reserved 1048576K
}

Dll operation events (10 events):
Event: 0.019 Loaded shared library c:\Users\yenho\.vscode\extensions\redhat.java-1.38.0-win32-x64\jre\17.0.13-win32-x86_64\bin\java.dll
Event: 0.288 Loaded shared library c:\Users\yenho\.vscode\extensions\redhat.java-1.38.0-win32-x64\jre\17.0.13-win32-x86_64\bin\zip.dll
Event: 0.291 Loaded shared library C:\Users\yenho\.vscode\extensions\redhat.java-1.38.0-win32-x64\jre\17.0.13-win32-x86_64\bin\instrument.dll
Event: 0.304 Loaded shared library C:\Users\yenho\.vscode\extensions\redhat.java-1.38.0-win32-x64\jre\17.0.13-win32-x86_64\bin\net.dll
Event: 0.307 Loaded shared library C:\Users\yenho\.vscode\extensions\redhat.java-1.38.0-win32-x64\jre\17.0.13-win32-x86_64\bin\nio.dll
Event: 0.314 Loaded shared library C:\Users\yenho\.vscode\extensions\redhat.java-1.38.0-win32-x64\jre\17.0.13-win32-x86_64\bin\zip.dll
Event: 0.332 Loaded shared library C:\Users\yenho\.vscode\extensions\redhat.java-1.38.0-win32-x64\jre\17.0.13-win32-x86_64\bin\jimage.dll
Event: 0.408 Loaded shared library c:\Users\yenho\.vscode\extensions\redhat.java-1.38.0-win32-x64\jre\17.0.13-win32-x86_64\bin\verify.dll
Event: 1.997 Loaded shared library C:\Users\yenho\AppData\Roaming\Code\User\globalStorage\redhat.java\1.38.0\config_win\org.eclipse.equinox.launcher\org.eclipse.equinox.launcher.win32.win32.x86_64_1.2.1100.v20240722-2106\eclipse_11904.dll
Event: 4.180 Loaded shared library C:\Users\yenho\AppData\Local\Temp\jna-114863977\jna10152346905014368932.dll

Deoptimization events (20 events):
Event: 10.952 Thread 0x000002946c286510 DEOPT PACKING pc=0x0000029453b3de64 sp=0x000000f5281fda80
Event: 10.952 Thread 0x000002946c286510 DEOPT UNPACKING pc=0x000002945ae06e43 sp=0x000000f5281fd000 mode 0
Event: 10.957 Thread 0x000002946c2850d0 DEOPT PACKING pc=0x00000294545eb5bb sp=0x000000f527ffe4a0
Event: 10.957 Thread 0x000002946c2850d0 DEOPT UNPACKING pc=0x000002945ae06e43 sp=0x000000f527ffda08 mode 0
Event: 10.963 Thread 0x000002946c286510 DEOPT PACKING pc=0x00000294546c12e1 sp=0x000000f5281fe520
Event: 10.963 Thread 0x000002946c286510 DEOPT UNPACKING pc=0x000002945ae06e43 sp=0x000000f5281fda18 mode 0
Event: 10.968 Thread 0x000002946c2850d0 DEOPT PACKING pc=0x00000294543abbc7 sp=0x000000f527ffe520
Event: 10.968 Thread 0x000002946c2850d0 DEOPT UNPACKING pc=0x000002945ae06e43 sp=0x000000f527ffd9b8 mode 0
Event: 10.974 Thread 0x000002946c286510 DEOPT PACKING pc=0x0000029453a5838b sp=0x000000f5281fdc10
Event: 10.974 Thread 0x000002946c286510 DEOPT UNPACKING pc=0x000002945ae06e43 sp=0x000000f5281fd148 mode 0
Event: 10.987 Thread 0x000002946c286510 DEOPT PACKING pc=0x00000294546ff57d sp=0x000000f5281fdbd0
Event: 10.987 Thread 0x000002946c286510 DEOPT UNPACKING pc=0x000002945ae06e43 sp=0x000000f5281fd0b0 mode 0
Event: 10.987 Thread 0x000002946c286510 DEOPT PACKING pc=0x0000029453b3de64 sp=0x000000f5281fda50
Event: 10.987 Thread 0x000002946c286510 DEOPT UNPACKING pc=0x000002945ae06e43 sp=0x000000f5281fcfd0 mode 0
Event: 10.989 Thread 0x000002946c2850d0 DEOPT PACKING pc=0x0000029453a5838b sp=0x000000f527ffe110
Event: 10.989 Thread 0x000002946c2850d0 DEOPT UNPACKING pc=0x000002945ae06e43 sp=0x000000f527ffd648 mode 0
Event: 10.996 Thread 0x000002946c2850d0 DEOPT PACKING pc=0x00000294543abbc7 sp=0x000000f527ffe520
Event: 10.996 Thread 0x000002946c2850d0 DEOPT UNPACKING pc=0x000002945ae06e43 sp=0x000000f527ffd9b8 mode 0
Event: 11.063 Thread 0x000002946c2850d0 DEOPT PACKING pc=0x0000029453a5838b sp=0x000000f527ffe110
Event: 11.063 Thread 0x000002946c2850d0 DEOPT UNPACKING pc=0x000002945ae06e43 sp=0x000000f527ffd648 mode 0

Classes loaded (20 events):
Event: 9.945 Loading class java/util/Hashtable$ValueCollection
Event: 9.958 Loading class java/util/Hashtable$ValueCollection done
Event: 9.964 Loading class java/util/concurrent/ConcurrentHashMap$KeySpliterator
Event: 9.964 Loading class java/util/concurrent/ConcurrentHashMap$KeySpliterator done
Event: 9.967 Loading class java/util/stream/ReferencePipeline$4
Event: 9.968 Loading class java/util/stream/ReferencePipeline$4 done
Event: 9.968 Loading class java/util/stream/Nodes$IntFixedNodeBuilder
Event: 9.969 Loading class java/util/stream/Node$Builder$OfInt
Event: 9.969 Loading class java/util/stream/Node$Builder$OfInt done
Event: 9.969 Loading class java/util/stream/Nodes$IntArrayNode
Event: 9.969 Loading class java/util/stream/Nodes$IntArrayNode done
Event: 9.969 Loading class java/util/stream/Nodes$IntFixedNodeBuilder done
Event: 9.969 Loading class java/util/stream/ReferencePipeline$4$1
Event: 9.969 Loading class java/util/stream/ReferencePipeline$4$1 done
Event: 9.981 Loading class java/nio/channels/Channels$1
Event: 9.981 Loading class java/nio/channels/Channels$1 done
Event: 10.362 Loading class java/util/regex/PatternSyntaxException
Event: 10.362 Loading class java/util/regex/PatternSyntaxException done
Event: 10.365 Loading class java/util/ImmutableCollections$SubList
Event: 10.365 Loading class java/util/ImmutableCollections$SubList done

Classes unloaded (7 events):
Event: 5.254 Thread 0x0000029450c9ed20 Unloading class 0x0000000100258000 'java/lang/invoke/LambdaForm$MH+0x0000000100258000'
Event: 5.254 Thread 0x0000029450c9ed20 Unloading class 0x0000000100257c00 'java/lang/invoke/LambdaForm$MH+0x0000000100257c00'
Event: 5.254 Thread 0x0000029450c9ed20 Unloading class 0x0000000100257800 'java/lang/invoke/LambdaForm$MH+0x0000000100257800'
Event: 5.254 Thread 0x0000029450c9ed20 Unloading class 0x0000000100257400 'java/lang/invoke/LambdaForm$MH+0x0000000100257400'
Event: 5.254 Thread 0x0000029450c9ed20 Unloading class 0x0000000100257000 'java/lang/invoke/LambdaForm$BMH+0x0000000100257000'
Event: 5.254 Thread 0x0000029450c9ed20 Unloading class 0x0000000100256c00 'java/lang/invoke/LambdaForm$DMH+0x0000000100256c00'
Event: 5.254 Thread 0x0000029450c9ed20 Unloading class 0x0000000100254400 'java/lang/invoke/LambdaForm$DMH+0x0000000100254400'

Classes redefined (0 events):
No events

Internal exceptions (20 events):
Event: 10.905 Thread 0x000002946c286510 Exception <a 'sun/nio/fs/WindowsException'{0x00000000eb09c690}> (0x00000000eb09c690) 
thrown [s\src\hotspot\share\prims\jni.cpp, line 516]
Event: 10.911 Thread 0x000002946c286510 Exception <a 'sun/nio/fs/WindowsException'{0x00000000eb2030b0}> (0x00000000eb2030b0) 
thrown [s\src\hotspot\share\prims\jni.cpp, line 516]
Event: 10.917 Thread 0x000002946c286510 Exception <a 'sun/nio/fs/WindowsException'{0x00000000eb2b41e8}> (0x00000000eb2b41e8) 
thrown [s\src\hotspot\share\prims\jni.cpp, line 516]
Event: 10.925 Thread 0x000002946c286510 Exception <a 'sun/nio/fs/WindowsException'{0x00000000eb30bf18}> (0x00000000eb30bf18) 
thrown [s\src\hotspot\share\prims\jni.cpp, line 516]
Event: 10.940 Thread 0x000002946c286510 Exception <a 'sun/nio/fs/WindowsException'{0x00000000eb43c1e0}> (0x00000000eb43c1e0) 
thrown [s\src\hotspot\share\prims\jni.cpp, line 516]
Event: 10.948 Thread 0x000002946c286510 Exception <a 'sun/nio/fs/WindowsException'{0x00000000eb594c10}> (0x00000000eb594c10) 
thrown [s\src\hotspot\share\prims\jni.cpp, line 516]
Event: 10.957 Thread 0x000002946c286510 Exception <a 'sun/nio/fs/WindowsException'{0x00000000eb6cbfc8}> (0x00000000eb6cbfc8) 
thrown [s\src\hotspot\share\prims\jni.cpp, line 516]
Event: 10.964 Thread 0x000002946c286510 Exception <a 'sun/nio/fs/WindowsException'{0x00000000eb78cf28}> (0x00000000eb78cf28) 
thrown [s\src\hotspot\share\prims\jni.cpp, line 516]
Event: 10.971 Thread 0x000002946c286510 Exception <a 'sun/nio/fs/WindowsException'{0x00000000eb8756f0}> (0x00000000eb8756f0) 
thrown [s\src\hotspot\share\prims\jni.cpp, line 516]
Event: 10.977 Thread 0x000002946c286510 Exception <a 'sun/nio/fs/WindowsException'{0x00000000eb996310}> (0x00000000eb996310) 
thrown [s\src\hotspot\share\prims\jni.cpp, line 516]
Event: 10.983 Thread 0x000002946c286510 Exception <a 'sun/nio/fs/WindowsException'{0x00000000eba9e4d8}> (0x00000000eba9e4d8) 
thrown [s\src\hotspot\share\prims\jni.cpp, line 516]
Event: 10.989 Thread 0x000002946c286510 Exception <a 'sun/nio/fs/WindowsException'{0x00000000ebb1fd28}> (0x00000000ebb1fd28) 
thrown [s\src\hotspot\share\prims\jni.cpp, line 516]
Event: 10.996 Thread 0x000002946c286510 Exception <a 'sun/nio/fs/WindowsException'{0x00000000ebba1368}> (0x00000000ebba1368) 
thrown [s\src\hotspot\share\prims\jni.cpp, line 516]
Event: 11.059 Thread 0x000002946c286510 Exception <a 'sun/nio/fs/WindowsException'{0x00000000eabc9840}> (0x00000000eabc9840) 
thrown [s\src\hotspot\share\prims\jni.cpp, line 516]
Event: 11.067 Thread 0x000002946c286510 Exception <a 'sun/nio/fs/WindowsException'{0x00000000eac95980}> (0x00000000eac95980) 
thrown [s\src\hotspot\share\prims\jni.cpp, line 516]
Event: 11.068 Thread 0x000002946d68a230 Exception <a 'sun/nio/fs/WindowsException'{0x00000000eace3798}> (0x00000000eace3798) 
thrown [s\src\hotspot\share\prims\jni.cpp, line 516]
Event: 11.069 Thread 0x000002946bdc5280 Exception <a 'sun/nio/fs/WindowsException'{0x00000000eace5e30}> (0x00000000eace5e30) 
thrown [s\src\hotspot\share\prims\jni.cpp, line 516]
Event: 11.069 Thread 0x000002946bdc4860 Exception <a 'sun/nio/fs/WindowsException'{0x00000000ead247a0}> (0x00000000ead247a0) 
thrown [s\src\hotspot\share\prims\jni.cpp, line 516]
Event: 11.070 Thread 0x000002946bdc1ad0 Exception <a 'sun/nio/fs/WindowsException'{0x00000000ead1fcf0}> (0x00000000ead1fcf0) 
thrown [s\src\hotspot\share\prims\jni.cpp, line 516]
Event: 11.070 Thread 0x000002946d68b160 Exception <a 'sun/nio/fs/WindowsException'{0x00000000ead2b6e8}> (0x00000000ead2b6e8) 
thrown [s\src\hotspot\share\prims\jni.cpp, line 516]

VM Operations (20 events):
Event: 9.489 Executing VM operation: ParallelGCFailedAllocation
Event: 9.512 Executing VM operation: ParallelGCFailedAllocation done
Event: 9.657 Executing VM operation: HandshakeAllThreads
Event: 9.682 Executing VM operation: HandshakeAllThreads done
Event: 9.705 Executing VM operation: HandshakeAllThreads
Event: 9.713 Executing VM operation: HandshakeAllThreads done
Event: 9.730 Executing VM operation: ParallelGCFailedAllocation
Event: 9.731 Executing VM operation: ParallelGCFailedAllocation done
Event: 9.811 Executing VM operation: HandshakeAllThreads
Event: 9.811 Executing VM operation: HandshakeAllThreads done
Event: 10.219 Executing VM operation: ParallelGCFailedAllocation
Event: 10.230 Executing VM operation: ParallelGCFailedAllocation done
Event: 10.343 Executing VM operation: HandshakeAllThreads
Event: 10.463 Executing VM operation: HandshakeAllThreads done
Event: 10.716 Executing VM operation: ParallelGCFailedAllocation
Event: 10.720 Executing VM operation: ParallelGCFailedAllocation done
Event: 10.861 Executing VM operation: ParallelGCFailedAllocation
Event: 10.864 Executing VM operation: ParallelGCFailedAllocation done
Event: 10.996 Executing VM operation: ParallelGCFailedAllocation
Event: 11.053 Executing VM operation: ParallelGCFailedAllocation done

Memory protections (0 events):
No events

Nmethod flushes (20 events):
Event: 6.875 Thread 0x0000029469bc5a70 flushing  nmethod 0x00000294543b6e10
Event: 6.875 Thread 0x0000029469bc5a70 flushing  nmethod 0x00000294543b9790
Event: 6.875 Thread 0x0000029469bc5a70 flushing  nmethod 0x00000294543be310
Event: 6.875 Thread 0x0000029469bc5a70 flushing  nmethod 0x00000294543c0c10
Event: 6.875 Thread 0x0000029469bc5a70 flushing  nmethod 0x00000294543dc990
Event: 6.875 Thread 0x0000029469bc5a70 flushing  nmethod 0x00000294543df290
Event: 6.875 Thread 0x0000029469bc5a70 flushing  nmethod 0x00000294543f5e10
Event: 6.875 Thread 0x0000029469bc5a70 flushing  nmethod 0x00000294543f8090
Event: 6.875 Thread 0x0000029469bc5a70 flushing  nmethod 0x00000294543f8a10
Event: 6.875 Thread 0x0000029469bc5a70 flushing  nmethod 0x00000294543ff890
Event: 6.875 Thread 0x0000029469bc5a70 flushing  nmethod 0x0000029454401c10
Event: 6.875 Thread 0x0000029469bc5a70 flushing  nmethod 0x0000029454404690
Event: 6.875 Thread 0x0000029469bc5a70 flushing  nmethod 0x0000029454412690
Event: 6.875 Thread 0x0000029469bc5a70 flushing  nmethod 0x0000029454446090
Event: 6.875 Thread 0x0000029469bc5a70 flushing  nmethod 0x0000029454449c10
Event: 10.475 Thread 0x0000029469bc5a70 flushing  nmethod 0x0000029454237910
Event: 10.475 Thread 0x0000029469bc5a70 flushing  nmethod 0x0000029454237e90
Event: 10.475 Thread 0x0000029469bc5a70 flushing  nmethod 0x000002945423d390
Event: 10.477 Thread 0x0000029469bc5a70 flushing  nmethod 0x00000294543d3110
Event: 10.477 Thread 0x0000029469bc5a70 flushing  nmethod 0x00000294543df710

Events (20 events):
Event: 7.978 Thread 0x000002946c286510 Thread added: 0x000002946bdc2a00
Event: 7.978 Thread 0x000002946c286510 Thread added: 0x000002946bdc1fe0
Event: 7.978 Thread 0x000002946c286510 Thread added: 0x000002946bdc3e40
Event: 7.978 Thread 0x000002946c286510 Thread added: 0x000002946bdc15c0
Event: 7.978 Thread 0x000002946c286510 Thread added: 0x000002946bdc2f10
Event: 7.978 Thread 0x000002946c286510 Thread added: 0x000002946bdc4350
Event: 7.978 Thread 0x000002946c286510 Thread added: 0x000002946bdc4d70
Event: 7.979 Thread 0x000002946c286510 Thread added: 0x000002946bdc0ba0
Event: 9.733 Thread 0x000002946c283780 Thread exited: 0x000002946c283780
Event: 9.787 Thread 0x000002946c286510 Thread added: 0x000002946bdc0690
Event: 9.969 Thread 0x000002946c286510 Thread added: 0x000002946bdc70e0
Event: 9.985 Thread 0x000002946c286510 Thread added: 0x000002946bdbfc70
Event: 10.027 Thread 0x000002946c286510 Thread added: 0x000002946bdc10b0
Event: 10.027 Thread 0x000002946c286510 Thread added: 0x000002946c283780
Event: 10.043 Thread 0x000002946c286510 Thread added: 0x000002946c8b0740
Event: 10.051 Thread 0x000002946c286510 Thread added: 0x000002946c8adec0
Event: 10.062 Thread 0x000002946c286510 Thread added: 0x000002946c8ac570
Event: 10.062 Thread 0x000002946c286510 Thread added: 0x000002946c8b25a0
Event: 10.108 Thread 0x000002946c286510 Thread added: 0x000002946c8ad4a0
Event: 10.268 Thread 0x000002946c286510 Thread added: 0x000002946c8b1160


Dynamic libraries:
0x00007ff78a340000 - 0x00007ff78a34e000 	c:\Users\yenho\.vscode\extensions\redhat.java-1.38.0-win32-x64\jre\17.0.13-win32-x86_64\bin\java.exe
0x00007fffdc5b0000 - 0x00007fffdc7c7000 	C:\Windows\SYSTEM32\ntdll.dll
0x00007fffda930000 - 0x00007fffda9f4000 	C:\Windows\System32\KERNEL32.DLL
0x00007fffd9a40000 - 0x00007fffd9dfa000 	C:\Windows\System32\KERNELBASE.dll
0x00007fffda110000 - 0x00007fffda221000 	C:\Windows\System32\ucrtbase.dll
0x00007fffa44d0000 - 0x00007fffa44e7000 	c:\Users\yenho\.vscode\extensions\redhat.java-1.38.0-win32-x64\jre\17.0.13-win32-x86_64\bin\jli.dll
0x00007fffda420000 - 0x00007fffda5ce000 	C:\Windows\System32\USER32.dll
0x00007fffd9e00000 - 0x00007fffd9e26000 	C:\Windows\System32\win32u.dll
0x00007fffda5d0000 - 0x00007fffda5f9000 	C:\Windows\System32\GDI32.dll
0x00007fffa09a0000 - 0x00007fffa09be000 	c:\Users\yenho\.vscode\extensions\redhat.java-1.38.0-win32-x64\jre\17.0.13-win32-x86_64\bin\VCRUNTIME140.dll
0x00007fffd9880000 - 0x00007fffd999b000 	C:\Windows\System32\gdi32full.dll
0x00007fffd99a0000 - 0x00007fffd9a3a000 	C:\Windows\System32\msvcp_win.dll
0x00007fffbf570000 - 0x00007fffbf802000 	C:\Windows\WinSxS\amd64_microsoft.windows.common-controls_6595b64144ccf1df_6.0.22621.4541_none_2710d1c57384c085\COMCTL32.dll
0x00007fffda2b0000 - 0x00007fffda357000 	C:\Windows\System32\msvcrt.dll
0x00007fffdb6e0000 - 0x00007fffdb711000 	C:\Windows\System32\IMM32.DLL
0x00007fffc9c60000 - 0x00007fffc9c6c000 	c:\Users\yenho\.vscode\extensions\redhat.java-1.38.0-win32-x64\jre\17.0.13-win32-x86_64\bin\vcruntime140_1.dll
0x00007fffa4440000 - 0x00007fffa44cd000 	c:\Users\yenho\.vscode\extensions\redhat.java-1.38.0-win32-x64\jre\17.0.13-win32-x86_64\bin\msvcp140.dll
0x00007fff3e760000 - 0x00007fff3f3cb000 	c:\Users\yenho\.vscode\extensions\redhat.java-1.38.0-win32-x64\jre\17.0.13-win32-x86_64\bin\server\jvm.dll
0x00007fffda860000 - 0x00007fffda912000 	C:\Windows\System32\ADVAPI32.dll
0x00007fffda370000 - 0x00007fffda417000 	C:\Windows\System32\sechost.dll
0x00007fffd9f70000 - 0x00007fffd9f98000 	C:\Windows\System32\bcrypt.dll
0x00007fffdc2d0000 - 0x00007fffdc3e4000 	C:\Windows\System32\RPCRT4.dll
0x00007fffdb720000 - 0x00007fffdb791000 	C:\Windows\System32\WS2_32.dll
0x00007fffd86d0000 - 0x00007fffd871d000 	C:\Windows\SYSTEM32\POWRPROF.dll
0x00007fffd3d70000 - 0x00007fffd3da4000 	C:\Windows\SYSTEM32\WINMM.dll
0x00007fffd1c30000 - 0x00007fffd1c3a000 	C:\Windows\SYSTEM32\VERSION.dll
0x00007fffd86b0000 - 0x00007fffd86c3000 	C:\Windows\SYSTEM32\UMPDC.dll
0x00007fffd8970000 - 0x00007fffd8988000 	C:\Windows\SYSTEM32\kernel.appcore.dll
0x00007fffc84d0000 - 0x00007fffc84da000 	c:\Users\yenho\.vscode\extensions\redhat.java-1.38.0-win32-x64\jre\17.0.13-win32-x86_64\bin\jimage.dll
0x00007fffd0e40000 - 0x00007fffd1072000 	C:\Windows\SYSTEM32\DBGHELP.DLL
0x00007fffdaa90000 - 0x00007fffdae1f000 	C:\Windows\System32\combase.dll
0x00007fffdae80000 - 0x00007fffdaf57000 	C:\Windows\System32\OLEAUT32.dll
0x00007fffce7a0000 - 0x00007fffce7d2000 	C:\Windows\SYSTEM32\dbgcore.DLL
0x00007fffd9e30000 - 0x00007fffd9eab000 	C:\Windows\System32\bcryptPrimitives.dll
0x00007fffccbb0000 - 0x00007fffccbbe000 	c:\Users\yenho\.vscode\extensions\redhat.java-1.38.0-win32-x64\jre\17.0.13-win32-x86_64\bin\instrument.dll
0x00007fff9fbe0000 - 0x00007fff9fc05000 	c:\Users\yenho\.vscode\extensions\redhat.java-1.38.0-win32-x64\jre\17.0.13-win32-x86_64\bin\java.dll
0x00007fffa09c0000 - 0x00007fffa09d8000 	c:\Users\yenho\.vscode\extensions\redhat.java-1.38.0-win32-x64\jre\17.0.13-win32-x86_64\bin\zip.dll
0x00007fffdba50000 - 0x00007fffdc2c8000 	C:\Windows\System32\SHELL32.dll
0x00007fffd7780000 - 0x00007fffd8088000 	C:\Windows\SYSTEM32\windows.storage.dll
0x00007fffd7640000 - 0x00007fffd777f000 	C:\Windows\SYSTEM32\wintypes.dll
0x00007fffdc3f0000 - 0x00007fffdc4ea000 	C:\Windows\System32\SHCORE.dll
0x00007fffdc4f0000 - 0x00007fffdc54e000 	C:\Windows\System32\shlwapi.dll
0x00007fffd97b0000 - 0x00007fffd97db000 	C:\Windows\SYSTEM32\profapi.dll
0x00007fffc9f90000 - 0x00007fffc9fa9000 	C:\Users\yenho\.vscode\extensions\redhat.java-1.38.0-win32-x64\jre\17.0.13-win32-x86_64\bin\net.dll
0x00007fffd5770000 - 0x00007fffd58a6000 	C:\Windows\SYSTEM32\WINHTTP.dll
0x00007fffd8df0000 - 0x00007fffd8e59000 	C:\Windows\system32\mswsock.dll
0x00007fffc5f00000 - 0x00007fffc5f16000 	C:\Users\yenho\.vscode\extensions\redhat.java-1.38.0-win32-x64\jre\17.0.13-win32-x86_64\bin\nio.dll
0x00007fffc8430000 - 0x00007fffc8440000 	c:\Users\yenho\.vscode\extensions\redhat.java-1.38.0-win32-x64\jre\17.0.13-win32-x86_64\bin\verify.dll
0x00007fff72930000 - 0x00007fff72975000 	C:\Users\yenho\AppData\Roaming\Code\User\globalStorage\redhat.java\1.38.0\config_win\org.eclipse.equinox.launcher\org.eclipse.equinox.launcher.win32.win32.x86_64_1.2.1100.v20240722-2106\eclipse_11904.dll
0x00007fffdb7a0000 - 0x00007fffdb945000 	C:\Windows\System32\ole32.dll
0x00007fffd9040000 - 0x00007fffd905b000 	C:\Windows\SYSTEM32\CRYPTSP.dll
0x00007fffd88d0000 - 0x00007fffd8905000 	C:\Windows\system32\rsaenh.dll
0x00007fffd8ec0000 - 0x00007fffd8ee8000 	C:\Windows\SYSTEM32\USERENV.dll
0x00007fffd9030000 - 0x00007fffd903c000 	C:\Windows\SYSTEM32\CRYPTBASE.dll
0x00007fffd8360000 - 0x00007fffd838d000 	C:\Windows\SYSTEM32\IPHLPAPI.DLL
0x00007fffdae70000 - 0x00007fffdae79000 	C:\Windows\System32\NSI.dll
0x00007fffd45c0000 - 0x00007fffd45d9000 	C:\Windows\SYSTEM32\dhcpcsvc6.DLL
0x00007fffd4380000 - 0x00007fffd439f000 	C:\Windows\SYSTEM32\dhcpcsvc.DLL
0x00007fffd83d0000 - 0x00007fffd84d2000 	C:\Windows\SYSTEM32\DNSAPI.dll
0x00007fff72180000 - 0x00007fff721c9000 	C:\Users\yenho\AppData\Local\Temp\jna-114863977\jna10152346905014368932.dll
0x00007fffda360000 - 0x00007fffda368000 	C:\Windows\System32\PSAPI.DLL

dbghelp: loaded successfully - version: 4.0.5 - missing functions: none
symbol engine: initialized successfully - sym options: 0x614 - pdb path: .;c:\Users\yenho\.vscode\extensions\redhat.java-1.38.0-win32-x64\jre\17.0.13-win32-x86_64\bin;C:\Windows\SYSTEM32;C:\Windows\WinSxS\amd64_microsoft.windows.common-controls_6595b64144ccf1df_6.0.22621.4541_none_2710d1c57384c085;c:\Users\yenho\.vscode\extensions\redhat.java-1.38.0-win32-x64\jre\17.0.13-win32-x86_64\bin\server;C:\Users\yenho\AppData\Roaming\Code\User\globalStorage\redhat.java\1.38.0\config_win\org.eclipse.equinox.launcher\org.eclipse.equinox.launcher.win32.win32.x86_64_1.2.1100.v20240722-2106;C:\Users\yenho\AppData\Local\Temp\jna-114863977

VM Arguments:
jvm_args: --add-modules=ALL-SYSTEM --add-opens=java.base/java.util=ALL-UNNAMED --add-opens=java.base/java.lang=ALL-UNNAMED --add-opens=java.base/sun.nio.fs=ALL-UNNAMED -Declipse.application=org.eclipse.jdt.ls.core.id1 -Dosgi.bundles.defaultStartLevel=4 -Declipse.product=org.eclipse.jdt.ls.core.product -Djava.import.generatesMetadataFilesAtProjectRoot=false -DDetectVMInstallationsJob.disabled=true -Dfile.encoding=utf8 -XX:+UseParallelGC -XX:GCTimeRatio=4 -XX:AdaptiveSizePolicyWeight=90 -Dsun.zip.disableMemoryMapping=true -Xmx1G -Xms100m -Xlog:disable -javaagent:c:\Users\yenho\.vscode\extensions\redhat.java-1.38.0-win32-x64\lombok\lombok-1.18.34.jar -XX:+HeapDumpOnOutOfMemoryError -XX:HeapDumpPath=c:\Users\yenho\AppData\Roaming\Code\User\workspaceStorage\be8ad8b4014e26bb98f6d4fcdc527ed2\redhat.java -Daether.dependencyCollector.impl=bf 
java_command: c:\Users\yenho\.vscode\extensions\redhat.java-1.38.0-win32-x64\server\plugins\org.eclipse.equinox.launcher_1.6.900.v20240613-2009.jar -configuration c:\Users\yenho\AppData\Roaming\Code\User\globalStorage\redhat.java\1.38.0\config_win -data c:\Users\yenho\AppData\Roaming\Code\User\workspaceStorage\be8ad8b4014e26bb98f6d4fcdc527ed2\redhat.java\jdt_ws --pipe=\\.\pipe\lsp-25d23715e68141d7614c2043d8acdb74-sock
java_class_path (initial): c:\Users\yenho\.vscode\extensions\redhat.java-1.38.0-win32-x64\server\plugins\org.eclipse.equinox.launcher_1.6.900.v20240613-2009.jar
Launcher Type: SUN_STANDARD

[Global flags]
    uintx AdaptiveSizePolicyWeight                 = 90                                        {product} {command line}
     intx CICompilerCount                          = 4                                         {product} {ergonomic}
    uintx GCTimeRatio                              = 4                                         {product} {command line}
     bool HeapDumpOnOutOfMemoryError               = true                                   {manageable} {command line}
    ccstr HeapDumpPath                             = c:\Users\yenho\AppData\Roaming\Code\User\workspaceStorage\be8ad8b4014e26bb98f6d4fcdc527ed2\redhat.java         {manageable} {command line}
   size_t InitialHeapSize                          = 104857600                                 {product} {command line}
   size_t MaxHeapSize                              = 1073741824                                {product} {command line}
   size_t MaxNewSize                               = 357564416                                 {product} {ergonomic}
   size_t MinHeapDeltaBytes                        = 524288                                    {product} {ergonomic}
   size_t MinHeapSize                              = 104857600                                 {product} {command line}
   size_t NewSize                                  = 34603008                                  {product} {ergonomic}
    uintx NonNMethodCodeHeapSize                   = 5839372                                {pd product} {ergonomic}
    uintx NonProfiledCodeHeapSize                  = 122909434                              {pd product} {ergonomic}
   size_t OldSize                                  = 70254592                                  {product} {ergonomic}
    uintx ProfiledCodeHeapSize                     = 122909434                              {pd product} {ergonomic}
    uintx ReservedCodeCacheSize                    = 251658240                              {pd product} {ergonomic}
     bool SegmentedCodeCache                       = true                                      {product} {ergonomic}
   size_t SoftMaxHeapSize                          = 1073741824                             {manageable} {ergonomic}
     bool UseCompressedClassPointers               = true                           {product lp64_product} {ergonomic}
     bool UseCompressedOops                        = true                           {product lp64_product} {ergonomic}
     bool UseLargePagesIndividualAllocation        = false                                  {pd product} {ergonomic}
     bool UseParallelGC                            = true                                      {product} {command line}

Logging:
Log output configuration:
 #0: stdout all=off uptime,level,tags
 #1: stderr all=off uptime,level,tags

Environment Variables:
JAVA_HOME=C:\Program Files\Java\jdk-17
PATH=C:\Program Files\Common Files\Oracle\Java\javapath;C:\Windows\system32;C:\Windows;C:\Windows\System32\Wbem;C:\Windows\System32\WindowsPowerShell\v1.0\;C:\Windows\System32\OpenSSH\;C:\Program Files (x86)\NVIDIA Corporation\PhysX\Common;C:\Program Files\NVIDIA Corporation\NVIDIA NvDLISR;C:\Windows\system32;C:\Windows;C:\Windows\System32\Wbem;C:\Windows\System32\WindowsPowerShell\v1.0\;C:\Windows\System32\OpenSSH\;C:\Program Files\dotnet\;C:\Program Files (x86)\Yarn\bin\;C:\Program Files\nodejs\;C:\Program Files\Java\jdk-17\bin;C:\Users\yenho\AppData\Local\Android\Sdk\platform-tools;C:\Program Files\Git\cmd;C:\Users\yenho\AppData\Local\Microsoft\WindowsApps;C:\Users\yenho\AppData\Local\Programs\Microsoft VS Code\bin;C:\Users\yenho\.dotnet\tools;C:\Users\yenho\AppData\Local\Yarn\bin;C:\Users\yenho\AppData\Roaming\npm;C:\Users\yenho\AppData\Local\GitHubDesktop\bin
USERNAME=yenho
OS=Windows_NT
PROCESSOR_IDENTIFIER=AMD64 Family 25 Model 68 Stepping 1, AuthenticAMD
TMP=C:\Users\yenho\AppData\Local\Temp
TEMP=C:\Users\yenho\AppData\Local\Temp



Periodic native trim disabled


---------------  S Y S T E M  ---------------

OS:
 Windows 11 , 64 bit Build 22621 (10.0.22621.4391)
OS uptime: 0 days 3:29 hours
Hyper-V role detected

CPU: total 12 (initial active 12) (12 cores per cpu, 2 threads per core) family 25 model 68 stepping 1 microcode 0x0, cx8, cmov, fxsr, ht, mmx, 3dnowpref, sse, sse2, sse3, ssse3, sse4a, sse4.1, sse4.2, popcnt, lzcnt, tsc, tscinvbit, avx, avx2, aes, erms, clmul, bmi1, bmi2, adx, sha, fma, vzeroupper, clflush, clflushopt, hv
Processor Information for processor 0
  Max Mhz: 3301, Current Mhz: 3301, Mhz Limit: 3301
Processor Information for processor 1
  Max Mhz: 3301, Current Mhz: 3301, Mhz Limit: 3301
Processor Information for processor 2
  Max Mhz: 3301, Current Mhz: 3301, Mhz Limit: 3301
Processor Information for processor 3
  Max Mhz: 3301, Current Mhz: 3301, Mhz Limit: 3301
Processor Information for processor 4
  Max Mhz: 3301, Current Mhz: 3301, Mhz Limit: 3301
Processor Information for processor 5
  Max Mhz: 3301, Current Mhz: 3301, Mhz Limit: 3301
Processor Information for processor 6
  Max Mhz: 3301, Current Mhz: 3301, Mhz Limit: 3301
Processor Information for processor 7
  Max Mhz: 3301, Current Mhz: 3301, Mhz Limit: 3301
Processor Information for processor 8
  Max Mhz: 3301, Current Mhz: 3301, Mhz Limit: 3301
Processor Information for processor 9
  Max Mhz: 3301, Current Mhz: 3301, Mhz Limit: 3301
Processor Information for processor 10
  Max Mhz: 3301, Current Mhz: 3301, Mhz Limit: 3301
Processor Information for processor 11
  Max Mhz: 3301, Current Mhz: 2024, Mhz Limit: 3301

Memory: 4k page, system-wide physical 7365M (139M free)
TotalPageFile size 29893M (AvailPageFile size 3M)
current process WorkingSet (physical memory assigned to process): 294M, peak: 294M
current process commit charge ("private bytes"): 326M, peak: 943M

vm_info: OpenJDK 64-Bit Server VM (17.0.13+11) for windows-amd64 JRE (17.0.13+11), built on Oct 16 2024 00:10:08 by "admin" with MS VC++ 17.7 (VS2022)

END.
