#
# There is insufficient memory for the Java Runtime Environment to continue.
# Native memory allocation (malloc) failed to allocate 526416 bytes. Error detail: Chunk::new
# Possible reasons:
#   The system is out of physical RAM or swap space
#   This process is running with CompressedOops enabled, and the Java Heap may be blocking the growth of the native heap
# Possible solutions:
#   Reduce memory load on the system
#   Increase physical memory or swap space
#   Check if swap backing store is full
#   Decrease Java heap size (-Xmx/-Xms)
#   Decrease number of Java threads
#   Decrease Java thread stack sizes (-Xss)
#   Set larger code cache with -XX:ReservedCodeCacheSize=
#   JVM is running with Unscaled Compressed Oops mode in which the Java heap is
#     placed in the first 4GB address space. The Java Heap base address is the
#     maximum limit for the native heap growth. Please use -XX:HeapBaseMinAddress
#     to set the Java Heap base and to place the Java Heap above 4GB virtual address.
# This output file may be truncated or incomplete.
#
#  Out of Memory Error (arena.cpp:191), pid=12612, tid=4636
#
# JRE version: OpenJDK Runtime Environment Temurin-17.0.13+11 (17.0.13+11) (build 17.0.13+11)
# Java VM: OpenJDK 64-Bit Server VM Temurin-17.0.13+11 (17.0.13+11, mixed mode, tiered, compressed oops, compressed class ptrs, parallel gc, windows-amd64)
# No core dump will be written. Minidumps are not enabled by default on client versions of Windows
#

---------------  S U M M A R Y ------------

Command Line: --add-modules=ALL-SYSTEM --add-opens=java.base/java.util=ALL-UNNAMED --add-opens=java.base/java.lang=ALL-UNNAMED --add-opens=java.base/sun.nio.fs=ALL-UNNAMED -Declipse.application=org.eclipse.jdt.ls.core.id1 -Dosgi.bundles.defaultStartLevel=4 -Declipse.product=org.eclipse.jdt.ls.core.product -Djava.import.generatesMetadataFilesAtProjectRoot=false -DDetectVMInstallationsJob.disabled=true -Dfile.encoding=utf8 -XX:+UseParallelGC -XX:GCTimeRatio=4 -XX:AdaptiveSizePolicyWeight=90 -Dsun.zip.disableMemoryMapping=true -Xmx1G -Xms100m -Xlog:disable -javaagent:c:\Users\yenho\.vscode\extensions\redhat.java-1.38.0-win32-x64\lombok\lombok-1.18.34.jar -XX:+HeapDumpOnOutOfMemoryError -XX:HeapDumpPath=c:\Users\yenho\AppData\Roaming\Code\User\workspaceStorage\be8ad8b4014e26bb98f6d4fcdc527ed2\redhat.java -Daether.dependencyCollector.impl=bf c:\Users\yenho\.vscode\extensions\redhat.java-1.38.0-win32-x64\server\plugins\org.eclipse.equinox.launcher_1.6.900.v20240613-2009.jar -configuration c:\Users\yenho\AppData\Roaming\Code\User\globalStorage\redhat.java\1.38.0\config_win -data c:\Users\yenho\AppData\Roaming\Code\User\workspaceStorage\be8ad8b4014e26bb98f6d4fcdc527ed2\redhat.java\jdt_ws --pipe=\\.\pipe\lsp-8c5c70263ab8b0611f43b34da28c1213-sock

Host: AMD Ryzen 5 7535HS with Radeon Graphics        , 12 cores, 7G,  Windows 11 , 64 bit Build 22621 (10.0.22621.4391)
Time: Thu Jan  9 14:31:33 2025 SE Asia Standard Time elapsed time: 15.173305 seconds (0d 0h 0m 15s)

---------------  T H R E A D  ---------------

Current thread (0x0000022afe877390):  JavaThread "C2 CompilerThread0" daemon [_thread_in_native, id=4636, stack(0x000000508e000000,0x000000508e100000)]


Current CompileTask:
C2:  15173 10105       4       sun.nio.fs.Globs::toRegexPattern (745 bytes)

Stack: [0x000000508e000000,0x000000508e100000]
Native frames: (J=compiled Java code, j=interpreted, Vv=VM code, C=native code)
V  [jvm.dll+0x682a19]
V  [jvm.dll+0x839538]
V  [jvm.dll+0x83afe3]
V  [jvm.dll+0x83b653]
V  [jvm.dll+0x24704f]
V  [jvm.dll+0xace34]
V  [jvm.dll+0xad4cc]
V  [jvm.dll+0x36592f]
V  [jvm.dll+0x32fbd8]
V  [jvm.dll+0x32f05a]
V  [jvm.dll+0x21804f]
V  [jvm.dll+0x21748f]
V  [jvm.dll+0x1a3070]
V  [jvm.dll+0x22788c]
V  [jvm.dll+0x2259eb]
V  [jvm.dll+0x7eec98]
V  [jvm.dll+0x7e8ffc]
V  [jvm.dll+0x6818f7]
C  [ucrtbase.dll+0x29333]
C  [KERNEL32.DLL+0x1259d]
C  [ntdll.dll+0x5af38]


---------------  P R O C E S S  ---------------

Threads class SMR info:
_java_thread_list=0x0000022a900b0780, length=81, elements={
0x0000022ae993cbf0, 0x0000022afd7c5020, 0x0000022ae99eb760, 0x0000022afd7cd300,
0x0000022afd7cddd0, 0x0000022afd7ce990, 0x0000022afe8765f0, 0x0000022afe877390,
0x0000022afe8a6740, 0x0000022afe8c24e0, 0x0000022afe98f010, 0x0000022afeb45900,
0x0000022a846f71c0, 0x0000022a84a70030, 0x0000022a847e5320, 0x0000022a84a93e10,
0x0000022a84da9580, 0x0000022a84be34f0, 0x0000022a84be4420, 0x0000022a84be5350,
0x0000022a84be5d70, 0x0000022a84be2ad0, 0x0000022a84be3f10, 0x0000022a84be25c0,
0x0000022a84be4930, 0x0000022a84be2fe0, 0x0000022a876c6460, 0x0000022a876c3be0,
0x0000022a876c6e80, 0x0000022a876c4b10, 0x0000022a876c5530, 0x0000022a876c91f0,
0x0000022a876c31c0, 0x0000022a876c7390, 0x0000022a876c40f0, 0x0000022a876c78a0,
0x0000022a876c5a40, 0x0000022a876c5f50, 0x0000022a876c4600, 0x0000022a876c5020,
0x0000022a876c6970, 0x0000022a876c7db0, 0x0000022a876c82c0, 0x0000022a876c9700,
0x0000022a876c87d0, 0x0000022a876c8ce0, 0x0000022a876c9c10, 0x0000022a876ca120,
0x0000022a876c2cb0, 0x0000022a876ca630, 0x0000022a876c36d0, 0x0000022a84be5860,
0x0000022a87cc52d0, 0x0000022a87cc6710, 0x0000022a87cc57e0, 0x0000022a87ccb300,
0x0000022a87cca8e0, 0x0000022a87ccb810, 0x0000022a87cc6c20, 0x0000022a87ccadf0,
0x0000022a87cc6200, 0x0000022a87cc5cf0, 0x0000022a87cc7b50, 0x0000022a87ccbd20,
0x0000022a87cc8570, 0x0000022a87cc94a0, 0x0000022a87cc4dc0, 0x0000022a87cc8a80,
0x0000022a87cc8f90, 0x0000022a87cc48b0, 0x0000022a87cc99b0, 0x0000022a87cc9ec0,
0x0000022a87ccc230, 0x0000022a87ea33c0, 0x0000022a87ea0b40, 0x0000022a87ea1f80,
0x0000022a87ea5220, 0x0000022a87ea3de0, 0x0000022a87ea0120, 0x0000022a87ea42f0,
0x0000022a87ea38d0
}

Java Threads: ( => current thread )
  0x0000022ae993cbf0 JavaThread "main" [_thread_blocked, id=14052, stack(0x000000508d700000,0x000000508d800000)]
  0x0000022afd7c5020 JavaThread "Reference Handler" daemon [_thread_blocked, id=10504, stack(0x000000508da00000,0x000000508db00000)]
  0x0000022ae99eb760 JavaThread "Finalizer" daemon [_thread_blocked, id=19956, stack(0x000000508db00000,0x000000508dc00000)]
  0x0000022afd7cd300 JavaThread "Signal Dispatcher" daemon [_thread_blocked, id=13532, stack(0x000000508dc00000,0x000000508dd00000)]
  0x0000022afd7cddd0 JavaThread "Attach Listener" daemon [_thread_blocked, id=20048, stack(0x000000508dd00000,0x000000508de00000)]
  0x0000022afd7ce990 JavaThread "Service Thread" daemon [_thread_blocked, id=696, stack(0x000000508de00000,0x000000508df00000)]
  0x0000022afe8765f0 JavaThread "Monitor Deflation Thread" daemon [_thread_blocked, id=20852, stack(0x000000508df00000,0x000000508e000000)]
=>0x0000022afe877390 JavaThread "C2 CompilerThread0" daemon [_thread_in_native, id=4636, stack(0x000000508e000000,0x000000508e100000)]
  0x0000022afe8a6740 JavaThread "C1 CompilerThread0" daemon [_thread_blocked, id=20716, stack(0x000000508e100000,0x000000508e200000)]
  0x0000022afe8c24e0 JavaThread "Sweeper thread" daemon [_thread_blocked, id=20000, stack(0x000000508e200000,0x000000508e300000)]
  0x0000022afe98f010 JavaThread "Common-Cleaner" daemon [_thread_blocked, id=20552, stack(0x000000508e300000,0x000000508e400000)]
  0x0000022afeb45900 JavaThread "Notification Thread" daemon [_thread_blocked, id=23980, stack(0x000000508e400000,0x000000508e500000)]
  0x0000022a846f71c0 JavaThread "Active Thread: Equinox Container: 1f2135ce-8b1d-484f-8fc9-d16deec26843" [_thread_blocked, id=2652, stack(0x000000508ec00000,0x000000508ed00000)]
  0x0000022a84a70030 JavaThread "Refresh Thread: Equinox Container: 1f2135ce-8b1d-484f-8fc9-d16deec26843" daemon [_thread_blocked, id=18616, stack(0x000000508ed00000,0x000000508ee00000)]
  0x0000022a847e5320 JavaThread "Framework Event Dispatcher: Equinox Container: 1f2135ce-8b1d-484f-8fc9-d16deec26843" daemon [_thread_blocked, id=19288, stack(0x000000508ee00000,0x000000508ef00000)]
  0x0000022a84a93e10 JavaThread "Start Level: Equinox Container: 1f2135ce-8b1d-484f-8fc9-d16deec26843" daemon [_thread_blocked, id=15232, stack(0x000000508ef00000,0x000000508f000000)]
  0x0000022a84da9580 JavaThread "Bundle File Closer" daemon [_thread_blocked, id=23908, stack(0x000000508f100000,0x000000508f200000)]
  0x0000022a84be34f0 JavaThread "SCR Component Actor" daemon [_thread_blocked, id=11164, stack(0x000000508f300000,0x000000508f400000)]
  0x0000022a84be4420 JavaThread "Worker-JM" [_thread_blocked, id=10044, stack(0x000000508f600000,0x000000508f700000)]
  0x0000022a84be5350 JavaThread "JNA Cleaner" daemon [_thread_blocked, id=20016, stack(0x000000508f700000,0x000000508f800000)]
  0x0000022a84be5d70 JavaThread "Worker-0" [_thread_blocked, id=5540, stack(0x000000508f800000,0x000000508f900000)]
  0x0000022a84be2ad0 JavaThread "Worker-1: Java indexing... " [_thread_blocked, id=10768, stack(0x000000508f900000,0x000000508fa00000)]
  0x0000022a84be3f10 JavaThread "Java indexing" daemon [_thread_blocked, id=18128, stack(0x000000508fa00000,0x000000508fb00000)]
  0x0000022a84be25c0 JavaThread "Thread-2" daemon [_thread_in_native, id=23156, stack(0x000000508fb00000,0x000000508fc00000)]
  0x0000022a84be4930 JavaThread "Thread-3" daemon [_thread_in_native, id=14140, stack(0x000000508fc00000,0x000000508fd00000)]
  0x0000022a84be2fe0 JavaThread "Thread-4" daemon [_thread_in_native, id=24464, stack(0x000000508fd00000,0x000000508fe00000)]
  0x0000022a876c6460 JavaThread "Thread-5" daemon [_thread_in_native, id=24024, stack(0x000000508fe00000,0x000000508ff00000)]
  0x0000022a876c3be0 JavaThread "Thread-6" daemon [_thread_in_native, id=23836, stack(0x000000508ff00000,0x0000005090000000)]
  0x0000022a876c6e80 JavaThread "Thread-7" daemon [_thread_in_native, id=13732, stack(0x0000005090000000,0x0000005090100000)]
  0x0000022a876c4b10 JavaThread "Thread-8" daemon [_thread_in_native, id=12384, stack(0x0000005090100000,0x0000005090200000)]
  0x0000022a876c5530 JavaThread "Thread-9" daemon [_thread_in_native, id=18100, stack(0x0000005090200000,0x0000005090300000)]
  0x0000022a876c91f0 JavaThread "Thread-10" daemon [_thread_in_native, id=20896, stack(0x0000005090300000,0x0000005090400000)]
  0x0000022a876c31c0 JavaThread "Thread-11" daemon [_thread_in_native, id=18104, stack(0x0000005090400000,0x0000005090500000)]
  0x0000022a876c7390 JavaThread "Thread-12" daemon [_thread_in_native, id=20428, stack(0x0000005090500000,0x0000005090600000)]
  0x0000022a876c40f0 JavaThread "Thread-13" daemon [_thread_in_native, id=3684, stack(0x0000005090600000,0x0000005090700000)]
  0x0000022a876c78a0 JavaThread "Thread-14" daemon [_thread_in_native, id=19512, stack(0x0000005090700000,0x0000005090800000)]
  0x0000022a876c5a40 JavaThread "pool-2-thread-1" [_thread_blocked, id=11784, stack(0x0000005090800000,0x0000005090900000)]
  0x0000022a876c5f50 JavaThread "Worker-2" [_thread_blocked, id=18148, stack(0x0000005090900000,0x0000005090a00000)]
  0x0000022a876c4600 JavaThread "Worker-3" [_thread_blocked, id=18144, stack(0x0000005090a00000,0x0000005090b00000)]
  0x0000022a876c5020 JavaThread "Worker-4: Initialize Workspace" [_thread_blocked, id=2336, stack(0x0000005090b00000,0x0000005090c00000)]
  0x0000022a876c6970 JavaThread "Worker-5" [_thread_blocked, id=9224, stack(0x0000005090c00000,0x0000005090d00000)]
  0x0000022a876c7db0 JavaThread "WorkspaceEventsHandler" [_thread_blocked, id=4984, stack(0x0000005090d00000,0x0000005090e00000)]
  0x0000022a876c82c0 JavaThread "pool-1-thread-1" [_thread_blocked, id=23384, stack(0x0000005090e00000,0x0000005090f00000)]
  0x0000022a876c9700 JavaThread "LocalFile Deleter" daemon [_thread_blocked, id=17828, stack(0x0000005090f00000,0x0000005091000000)]
  0x0000022a876c87d0 JavaThread "LocalFile Deleter" daemon [_thread_blocked, id=20820, stack(0x0000005091000000,0x0000005091100000)]
  0x0000022a876c8ce0 JavaThread "LocalFile Deleter" daemon [_thread_blocked, id=6564, stack(0x0000005091100000,0x0000005091200000)]
  0x0000022a876c9c10 JavaThread "LocalFile Deleter" daemon [_thread_blocked, id=21428, stack(0x0000005091200000,0x0000005091300000)]
  0x0000022a876ca120 JavaThread "LocalFile Deleter" daemon [_thread_blocked, id=23084, stack(0x0000005091300000,0x0000005091400000)]
  0x0000022a876c2cb0 JavaThread "LocalFile Deleter" daemon [_thread_blocked, id=18320, stack(0x0000005091400000,0x0000005091500000)]
  0x0000022a876ca630 JavaThread "LocalFile Deleter" daemon [_thread_blocked, id=6016, stack(0x0000005091500000,0x0000005091600000)]
  0x0000022a876c36d0 JavaThread "LocalFile Deleter" daemon [_thread_blocked, id=3308, stack(0x0000005091600000,0x0000005091700000)]
  0x0000022a84be5860 JavaThread "LocalFile Deleter" daemon [_thread_blocked, id=15736, stack(0x0000005091700000,0x0000005091800000)]
  0x0000022a87cc52d0 JavaThread "LocalFile Deleter" daemon [_thread_blocked, id=17332, stack(0x0000005091800000,0x0000005091900000)]
  0x0000022a87cc6710 JavaThread "LocalFile Deleter" daemon [_thread_blocked, id=24240, stack(0x0000005091900000,0x0000005091a00000)]
  0x0000022a87cc57e0 JavaThread "LocalFile Deleter" daemon [_thread_blocked, id=18208, stack(0x0000005091a00000,0x0000005091b00000)]
  0x0000022a87ccb300 JavaThread "Compiler Source File Reader" daemon [_thread_blocked, id=17240, stack(0x0000005091b00000,0x0000005091c00000)]
  0x0000022a87cca8e0 JavaThread "Compiler Source File Reader" daemon [_thread_blocked, id=20244, stack(0x0000005091c00000,0x0000005091d00000)]
  0x0000022a87ccb810 JavaThread "Compiler Source File Reader" daemon [_thread_blocked, id=20872, stack(0x0000005091d00000,0x0000005091e00000)]
  0x0000022a87cc6c20 JavaThread "Compiler Source File Reader" daemon [_thread_blocked, id=22664, stack(0x0000005091e00000,0x0000005091f00000)]
  0x0000022a87ccadf0 JavaThread "Compiler Source File Reader" daemon [_thread_blocked, id=18096, stack(0x0000005091f00000,0x0000005092000000)]
  0x0000022a87cc6200 JavaThread "Compiler Source File Reader" daemon [_thread_blocked, id=20020, stack(0x0000005092000000,0x0000005092100000)]
  0x0000022a87cc5cf0 JavaThread "Compiler Source File Reader" daemon [_thread_blocked, id=17416, stack(0x0000005092100000,0x0000005092200000)]
  0x0000022a87cc7b50 JavaThread "Compiler Source File Reader" daemon [_thread_blocked, id=11332, stack(0x0000005092200000,0x0000005092300000)]
  0x0000022a87ccbd20 JavaThread "Compiler Source File Reader" daemon [_thread_blocked, id=4216, stack(0x0000005092300000,0x0000005092400000)]
  0x0000022a87cc8570 JavaThread "Compiler Source File Reader" daemon [_thread_blocked, id=24492, stack(0x0000005092400000,0x0000005092500000)]
  0x0000022a87cc94a0 JavaThread "Compiler Processing Task" daemon [_thread_blocked, id=10384, stack(0x0000005092500000,0x0000005092600000)]
  0x0000022a87cc4dc0 JavaThread "Compiler Class File Writer" daemon [_thread_blocked, id=16572, stack(0x0000005092600000,0x0000005092700000)]
  0x0000022a87cc8a80 JavaThread "Compiler Class File Writer" daemon [_thread_blocked, id=24092, stack(0x0000005092700000,0x0000005092800000)]
  0x0000022a87cc8f90 JavaThread "Compiler Class File Writer" daemon [_thread_blocked, id=23984, stack(0x0000005092800000,0x0000005092900000)]
  0x0000022a87cc48b0 JavaThread "Compiler Class File Writer" daemon [_thread_blocked, id=1796, stack(0x0000005092900000,0x0000005092a00000)]
  0x0000022a87cc99b0 JavaThread "Compiler Class File Writer" daemon [_thread_blocked, id=4092, stack(0x0000005092a00000,0x0000005092b00000)]
  0x0000022a87cc9ec0 JavaThread "Compiler Class File Writer" daemon [_thread_blocked, id=24156, stack(0x0000005092b00000,0x0000005092c00000)]
  0x0000022a87ccc230 JavaThread "Compiler Class File Writer" daemon [_thread_blocked, id=13012, stack(0x0000005092c00000,0x0000005092d00000)]
  0x0000022a87ea33c0 JavaThread "Compiler Class File Writer" daemon [_thread_blocked, id=15940, stack(0x0000005092d00000,0x0000005092e00000)]
  0x0000022a87ea0b40 JavaThread "Compiler Class File Writer" daemon [_thread_blocked, id=10252, stack(0x0000005092e00000,0x0000005092f00000)]
  0x0000022a87ea1f80 JavaThread "Compiler Class File Writer" daemon [_thread_blocked, id=23128, stack(0x0000005092f00000,0x0000005093000000)]
  0x0000022a87ea5220 JavaThread "Timer-0" [_thread_blocked, id=6496, stack(0x000000508f400000,0x000000508f500000)]
  0x0000022a87ea3de0 JavaThread "Exec process" [_thread_blocked, id=15884, stack(0x0000005093100000,0x0000005093200000)]
  0x0000022a87ea0120 JavaThread "Exec process Thread 2" [_thread_blocked, id=8764, stack(0x0000005093200000,0x0000005093300000)]
  0x0000022a87ea42f0 JavaThread "Exec process Thread 3" [_thread_blocked, id=4128, stack(0x0000005093300000,0x0000005093400000)]
  0x0000022a87ea38d0 JavaThread "Timer-1" [_thread_blocked, id=15732, stack(0x0000005093000000,0x0000005093100000)]

Other Threads:
  0x0000022ae99e9d00 VMThread "VM Thread" [stack: 0x000000508d900000,0x000000508da00000] [id=20096]
  0x0000022afebaebb0 WatcherThread [stack: 0x000000508e500000,0x000000508e600000] [id=24204]
  0x0000022ae9953900 GCTaskThread "GC Thread#0" [stack: 0x000000508d800000,0x000000508d900000] [id=20800]
  0x0000022a8464f420 GCTaskThread "GC Thread#1" [stack: 0x000000508e600000,0x000000508e700000] [id=20024]
  0x0000022a846502f0 GCTaskThread "GC Thread#2" [stack: 0x000000508e700000,0x000000508e800000] [id=20944]
  0x0000022a848a0f50 GCTaskThread "GC Thread#3" [stack: 0x000000508e800000,0x000000508e900000] [id=20964]
  0x0000022a848a1a20 GCTaskThread "GC Thread#4" [stack: 0x000000508e900000,0x000000508ea00000] [id=13172]
  0x0000022a848a1ce0 GCTaskThread "GC Thread#5" [stack: 0x000000508ea00000,0x000000508eb00000] [id=5552]
  0x0000022a848a1fa0 GCTaskThread "GC Thread#6" [stack: 0x000000508eb00000,0x000000508ec00000] [id=2104]
  0x0000022a8444b4e0 GCTaskThread "GC Thread#7" [stack: 0x000000508f000000,0x000000508f100000] [id=15988]
  0x0000022a84e05b80 GCTaskThread "GC Thread#8" [stack: 0x000000508f200000,0x000000508f300000] [id=22060]
  0x0000022a84b29e60 GCTaskThread "GC Thread#9" [stack: 0x000000508f500000,0x000000508f600000] [id=24192]

Threads with active compile tasks:
C2 CompilerThread0    15203 10105       4       sun.nio.fs.Globs::toRegexPattern (745 bytes)

VM state: at safepoint (normal execution)

VM Mutex/Monitor currently owned by a thread:  ([mutex/lock_event])
[0x0000022ae9938800] Threads_lock - owner thread: 0x0000022ae99e9d00
[0x0000022ae9938920] Heap_lock - owner thread: 0x0000022a84be3f10

Heap address: 0x00000000c0000000, size: 1024 MB, Compressed Oops mode: 32-bit

CDS archive(s) not mapped
Compressed class space mapped at: 0x0000000100000000-0x0000000140000000, reserved size: 1073741824
Narrow klass base: 0x0000000000000000, Narrow klass shift: 3, Narrow klass range: 0x140000000

GC Precious Log:
 CPUs: 12 total, 12 available
 Memory: 7365M
 Large Page Support: Disabled
 NUMA Support: Disabled
 Compressed Oops: Enabled (32-bit)
 Alignments: Space 512K, Generation 512K, Heap 2M
 Heap Min Capacity: 100M
 Heap Initial Capacity: 100M
 Heap Max Capacity: 1G
 Pre-touch: Disabled
 Parallel Workers: 10

Heap:
 PSYoungGen      total 27648K, used 19456K [0x00000000eab00000, 0x00000000ed380000, 0x0000000100000000)
  eden space 19456K, 100% used [0x00000000eab00000,0x00000000ebe00000,0x00000000ebe00000)
  from space 8192K, 0% used [0x00000000ecb00000,0x00000000ecb00000,0x00000000ed300000)
  to   space 10752K, 0% used [0x00000000ebe00000,0x00000000ebe00000,0x00000000ec880000)
 ParOldGen       total 164864K, used 164769K [0x00000000c0000000, 0x00000000ca100000, 0x00000000eab00000)
  object space 164864K, 99% used [0x00000000c0000000,0x00000000ca0e87f0,0x00000000ca100000)
 Metaspace       used 73321K, committed 74560K, reserved 1179648K
  class space    used 8192K, committed 8704K, reserved 1048576K

Card table byte_map: [0x0000022ae92d0000,0x0000022ae94e0000] _byte_map_base: 0x0000022ae8cd0000

Marking Bits: (ParMarkBitMap*) 0x00007ffc36006940
 Begin Bits: [0x0000022afb5d0000, 0x0000022afc5d0000)
 End Bits:   [0x0000022afc5d0000, 0x0000022afd5d0000)

Polling page: 0x0000022ae7850000

Metaspace:

Usage:
  Non-class:     63.60 MB used.
      Class:      8.00 MB used.
       Both:     71.60 MB used.

Virtual space:
  Non-class space:      128.00 MB reserved,      64.31 MB ( 50%) committed,  2 nodes.
      Class space:        1.00 GB reserved,       8.50 MB ( <1%) committed,  1 nodes.
             Both:        1.12 GB reserved,      72.81 MB (  6%) committed. 

Chunk freelists:
   Non-Class:  15.66 MB
       Class:  7.35 MB
        Both:  23.01 MB

MaxMetaspaceSize: unlimited
CompressedClassSpaceSize: 1.00 GB
Initial GC threshold: 21.00 MB
Current GC threshold: 121.38 MB
CDS: off
MetaspaceReclaimPolicy: balanced
 - commit_granule_bytes: 65536.
 - commit_granule_words: 8192.
 - virtual_space_node_default_size: 8388608.
 - enlarge_chunks_in_place: 1.
 - new_chunks_are_fully_committed: 0.
 - uncommit_free_chunks: 1.
 - use_allocation_guard: 0.
 - handle_deallocations: 1.


Internal statistics:

num_allocs_failed_limit: 9.
num_arena_births: 726.
num_arena_deaths: 22.
num_vsnodes_births: 3.
num_vsnodes_deaths: 0.
num_space_committed: 1165.
num_space_uncommitted: 0.
num_chunks_returned_to_freelist: 35.
num_chunks_taken_from_freelist: 3722.
num_chunk_merges: 15.
num_chunk_splits: 2324.
num_chunks_enlarged: 1367.
num_inconsistent_stats: 0.

CodeHeap 'non-profiled nmethods': size=120000Kb used=3070Kb max_used=3070Kb free=116930Kb
 bounds [0x0000022af40a0000, 0x0000022af43a0000, 0x0000022afb5d0000]
CodeHeap 'profiled nmethods': size=120000Kb used=16675Kb max_used=18888Kb free=103324Kb
 bounds [0x0000022aec5d0000, 0x0000022aed850000, 0x0000022af3b00000]
CodeHeap 'non-nmethods': size=5760Kb used=1366Kb max_used=1428Kb free=4393Kb
 bounds [0x0000022af3b00000, 0x0000022af3d70000, 0x0000022af40a0000]
 total_blobs=8834 nmethods=8122 adapters=622
 compilation: enabled
              stopped_count=0, restarted_count=0
 full_count=0

Compilation events (20 events):
Event: 14.962 Thread 0x0000022afe877390 nmethod 10019% 0x0000022af4382e10 code [0x0000022af4383580, 0x0000022af438f600]
Event: 14.963 Thread 0x0000022afe877390 10081       4       java.lang.Character::isWhitespace (5 bytes)
Event: 14.964 Thread 0x0000022afe877390 nmethod 10081 0x0000022af4396490 code [0x0000022af4396620, 0x0000022af4396718]
Event: 14.964 Thread 0x0000022afe877390 10098 %     4       java.util.regex.Pattern$CharPropertyGreedy::match @ 12 (160 bytes)
Event: 14.977 Thread 0x0000022afe877390 nmethod 10098% 0x0000022af4396890 code [0x0000022af4396a80, 0x0000022af4397538]
Event: 14.977 Thread 0x0000022afe877390 10101       4       java.util.regex.Pattern::atom (422 bytes)
Event: 14.990 Thread 0x0000022afe8a6740 10107       3       sun.nio.fs.WindowsFileAttributes::isSameFile (39 bytes)
Event: 14.990 Thread 0x0000022afe8a6740 nmethod 10107 0x0000022aed7d7590 code [0x0000022aed7d7720, 0x0000022aed7d78d8]
Event: 14.990 Thread 0x0000022afe8a6740 10108       3       java.util.ArrayDeque$DeqIterator::next (62 bytes)
Event: 14.990 Thread 0x0000022afe8a6740 nmethod 10108 0x0000022aed099d90 code [0x0000022aed099f60, 0x0000022aed09a3b8]
Event: 14.993 Thread 0x0000022afe8a6740 10109   !   3       sun.nio.fs.WindowsFileSystemProvider::isSameFile (180 bytes)
Event: 14.995 Thread 0x0000022afe8a6740 nmethod 10109 0x0000022aed425410 code [0x0000022aed4257c0, 0x0000022aed427288]
Event: 15.008 Thread 0x0000022afe877390 nmethod 10101 0x0000022af4397d90 code [0x0000022af4397fe0, 0x0000022af4399538]
Event: 15.008 Thread 0x0000022afe877390 10106       4       java.util.regex.Pattern$CharPropertyGreedy::match (160 bytes)
Event: 15.019 Thread 0x0000022afe877390 nmethod 10106 0x0000022af439a190 code [0x0000022af439a380, 0x0000022af439ad58]
Event: 15.019 Thread 0x0000022afe877390 10104       4       java.util.regex.Pattern::compile (500 bytes)
Event: 15.130 Thread 0x0000022afe877390 nmethod 10104 0x0000022af439b590 code [0x0000022af439b860, 0x0000022af439cf30]
Event: 15.130 Thread 0x0000022afe877390 10103   !   4       java.util.regex.Pattern::RemoveQEQuoting (370 bytes)
Event: 15.145 Thread 0x0000022afe877390 nmethod 10103 0x0000022af439dc90 code [0x0000022af439de60, 0x0000022af439ecf8]
Event: 15.145 Thread 0x0000022afe877390 10105       4       sun.nio.fs.Globs::toRegexPattern (745 bytes)

GC Heap History (20 events):
Event: 12.355 GC heap before
{Heap before GC invocations=70 (full 5):
 PSYoungGen      total 31232K, used 30960K [0x00000000eab00000, 0x00000000ed400000, 0x0000000100000000)
  eden space 23552K, 100% used [0x00000000eab00000,0x00000000ec200000,0x00000000ec200000)
  from space 7680K, 96% used [0x00000000ec200000,0x00000000ec93c208,0x00000000ec980000)
  to   space 9216K, 0% used [0x00000000ecb00000,0x00000000ecb00000,0x00000000ed400000)
 ParOldGen       total 164864K, used 142602K [0x00000000c0000000, 0x00000000ca100000, 0x00000000eab00000)
  object space 164864K, 86% used [0x00000000c0000000,0x00000000c8b42bd0,0x00000000ca100000)
 Metaspace       used 68487K, committed 69632K, reserved 1114112K
  class space    used 7410K, committed 7872K, reserved 1048576K
}
Event: 12.359 GC heap after
{Heap after GC invocations=70 (full 5):
 PSYoungGen      total 30720K, used 9209K [0x00000000eab00000, 0x00000000ed800000, 0x0000000100000000)
  eden space 21504K, 0% used [0x00000000eab00000,0x00000000eab00000,0x00000000ec000000)
  from space 9216K, 99% used [0x00000000ecb00000,0x00000000ed3fe428,0x00000000ed400000)
  to   space 11264K, 0% used [0x00000000ec000000,0x00000000ec000000,0x00000000ecb00000)
 ParOldGen       total 164864K, used 143798K [0x00000000c0000000, 0x00000000ca100000, 0x00000000eab00000)
  object space 164864K, 87% used [0x00000000c0000000,0x00000000c8c6d998,0x00000000ca100000)
 Metaspace       used 68487K, committed 69632K, reserved 1114112K
  class space    used 7410K, committed 7872K, reserved 1048576K
}
Event: 12.642 GC heap before
{Heap before GC invocations=71 (full 5):
 PSYoungGen      total 30720K, used 30713K [0x00000000eab00000, 0x00000000ed800000, 0x0000000100000000)
  eden space 21504K, 100% used [0x00000000eab00000,0x00000000ec000000,0x00000000ec000000)
  from space 9216K, 99% used [0x00000000ecb00000,0x00000000ed3fe428,0x00000000ed400000)
  to   space 11264K, 0% used [0x00000000ec000000,0x00000000ec000000,0x00000000ecb00000)
 ParOldGen       total 164864K, used 143798K [0x00000000c0000000, 0x00000000ca100000, 0x00000000eab00000)
  object space 164864K, 87% used [0x00000000c0000000,0x00000000c8c6d998,0x00000000ca100000)
 Metaspace       used 68565K, committed 69696K, reserved 1114112K
  class space    used 7420K, committed 7872K, reserved 1048576K
}
Event: 12.646 GC heap after
{Heap after GC invocations=71 (full 5):
 PSYoungGen      total 32768K, used 11215K [0x00000000eab00000, 0x00000000ed700000, 0x0000000100000000)
  eden space 21504K, 0% used [0x00000000eab00000,0x00000000eab00000,0x00000000ec000000)
  from space 11264K, 99% used [0x00000000ec000000,0x00000000ecaf3c10,0x00000000ecb00000)
  to   space 11776K, 0% used [0x00000000ecb80000,0x00000000ecb80000,0x00000000ed700000)
 ParOldGen       total 164864K, used 147214K [0x00000000c0000000, 0x00000000ca100000, 0x00000000eab00000)
  object space 164864K, 89% used [0x00000000c0000000,0x00000000c8fc39c8,0x00000000ca100000)
 Metaspace       used 68565K, committed 69696K, reserved 1114112K
  class space    used 7420K, committed 7872K, reserved 1048576K
}
Event: 13.139 GC heap before
{Heap before GC invocations=72 (full 5):
 PSYoungGen      total 32768K, used 32719K [0x00000000eab00000, 0x00000000ed700000, 0x0000000100000000)
  eden space 21504K, 100% used [0x00000000eab00000,0x00000000ec000000,0x00000000ec000000)
  from space 11264K, 99% used [0x00000000ec000000,0x00000000ecaf3c10,0x00000000ecb00000)
  to   space 11776K, 0% used [0x00000000ecb80000,0x00000000ecb80000,0x00000000ed700000)
 ParOldGen       total 164864K, used 147214K [0x00000000c0000000, 0x00000000ca100000, 0x00000000eab00000)
  object space 164864K, 89% used [0x00000000c0000000,0x00000000c8fc39c8,0x00000000ca100000)
 Metaspace       used 69235K, committed 70400K, reserved 1114112K
  class space    used 7567K, committed 8064K, reserved 1048576K
}
Event: 13.144 GC heap after
{Heap after GC invocations=72 (full 5):
 PSYoungGen      total 31232K, used 11758K [0x00000000eab00000, 0x00000000edb00000, 0x0000000100000000)
  eden space 19456K, 0% used [0x00000000eab00000,0x00000000eab00000,0x00000000ebe00000)
  from space 11776K, 99% used [0x00000000ecb80000,0x00000000ed6fbb88,0x00000000ed700000)
  to   space 13824K, 0% used [0x00000000ebe00000,0x00000000ebe00000,0x00000000ecb80000)
 ParOldGen       total 164864K, used 148834K [0x00000000c0000000, 0x00000000ca100000, 0x00000000eab00000)
  object space 164864K, 90% used [0x00000000c0000000,0x00000000c9158b90,0x00000000ca100000)
 Metaspace       used 69235K, committed 70400K, reserved 1114112K
  class space    used 7567K, committed 8064K, reserved 1048576K
}
Event: 13.612 GC heap before
{Heap before GC invocations=73 (full 5):
 PSYoungGen      total 31232K, used 31214K [0x00000000eab00000, 0x00000000edb00000, 0x0000000100000000)
  eden space 19456K, 100% used [0x00000000eab00000,0x00000000ebe00000,0x00000000ebe00000)
  from space 11776K, 99% used [0x00000000ecb80000,0x00000000ed6fbb88,0x00000000ed700000)
  to   space 13824K, 0% used [0x00000000ebe00000,0x00000000ebe00000,0x00000000ecb80000)
 ParOldGen       total 164864K, used 148834K [0x00000000c0000000, 0x00000000ca100000, 0x00000000eab00000)
  object space 164864K, 90% used [0x00000000c0000000,0x00000000c9158b90,0x00000000ca100000)
 Metaspace       used 70749K, committed 71936K, reserved 1114112K
  class space    used 7803K, committed 8320K, reserved 1048576K
}
Event: 13.618 GC heap after
{Heap after GC invocations=73 (full 5):
 PSYoungGen      total 28160K, used 8463K [0x00000000eab00000, 0x00000000ed300000, 0x0000000100000000)
  eden space 19456K, 0% used [0x00000000eab00000,0x00000000eab00000,0x00000000ebe00000)
  from space 8704K, 97% used [0x00000000ebe00000,0x00000000ec643e68,0x00000000ec680000)
  to   space 10752K, 0% used [0x00000000ec880000,0x00000000ec880000,0x00000000ed300000)
 ParOldGen       total 164864K, used 153871K [0x00000000c0000000, 0x00000000ca100000, 0x00000000eab00000)
  object space 164864K, 93% used [0x00000000c0000000,0x00000000c9643c90,0x00000000ca100000)
 Metaspace       used 70749K, committed 71936K, reserved 1114112K
  class space    used 7803K, committed 8320K, reserved 1048576K
}
Event: 13.954 GC heap before
{Heap before GC invocations=74 (full 5):
 PSYoungGen      total 28160K, used 27919K [0x00000000eab00000, 0x00000000ed300000, 0x0000000100000000)
  eden space 19456K, 100% used [0x00000000eab00000,0x00000000ebe00000,0x00000000ebe00000)
  from space 8704K, 97% used [0x00000000ebe00000,0x00000000ec643e68,0x00000000ec680000)
  to   space 10752K, 0% used [0x00000000ec880000,0x00000000ec880000,0x00000000ed300000)
 ParOldGen       total 164864K, used 153871K [0x00000000c0000000, 0x00000000ca100000, 0x00000000eab00000)
  object space 164864K, 93% used [0x00000000c0000000,0x00000000c9643c90,0x00000000ca100000)
 Metaspace       used 72017K, committed 73216K, reserved 1114112K
  class space    used 8031K, committed 8576K, reserved 1048576K
}
Event: 13.959 GC heap after
{Heap after GC invocations=74 (full 5):
 PSYoungGen      total 30208K, used 10127K [0x00000000eab00000, 0x00000000ed300000, 0x0000000100000000)
  eden space 19456K, 0% used [0x00000000eab00000,0x00000000eab00000,0x00000000ebe00000)
  from space 10752K, 94% used [0x00000000ec880000,0x00000000ed263da0,0x00000000ed300000)
  to   space 10752K, 0% used [0x00000000ebe00000,0x00000000ebe00000,0x00000000ec880000)
 ParOldGen       total 164864K, used 153871K [0x00000000c0000000, 0x00000000ca100000, 0x00000000eab00000)
  object space 164864K, 93% used [0x00000000c0000000,0x00000000c9643c90,0x00000000ca100000)
 Metaspace       used 72017K, committed 73216K, reserved 1114112K
  class space    used 8031K, committed 8576K, reserved 1048576K
}
Event: 14.185 GC heap before
{Heap before GC invocations=75 (full 5):
 PSYoungGen      total 30208K, used 29583K [0x00000000eab00000, 0x00000000ed300000, 0x0000000100000000)
  eden space 19456K, 100% used [0x00000000eab00000,0x00000000ebe00000,0x00000000ebe00000)
  from space 10752K, 94% used [0x00000000ec880000,0x00000000ed263da0,0x00000000ed300000)
  to   space 10752K, 0% used [0x00000000ebe00000,0x00000000ebe00000,0x00000000ec880000)
 ParOldGen       total 164864K, used 153871K [0x00000000c0000000, 0x00000000ca100000, 0x00000000eab00000)
  object space 164864K, 93% used [0x00000000c0000000,0x00000000c9643c90,0x00000000ca100000)
 Metaspace       used 72956K, committed 74176K, reserved 1179648K
  class space    used 8151K, committed 8640K, reserved 1048576K
}
Event: 14.190 GC heap after
{Heap after GC invocations=75 (full 5):
 PSYoungGen      total 30208K, used 10746K [0x00000000eab00000, 0x00000000ed800000, 0x0000000100000000)
  eden space 19456K, 0% used [0x00000000eab00000,0x00000000eab00000,0x00000000ebe00000)
  from space 10752K, 99% used [0x00000000ebe00000,0x00000000ec87eaa0,0x00000000ec880000)
  to   space 13312K, 0% used [0x00000000ecb00000,0x00000000ecb00000,0x00000000ed800000)
 ParOldGen       total 164864K, used 155906K [0x00000000c0000000, 0x00000000ca100000, 0x00000000eab00000)
  object space 164864K, 94% used [0x00000000c0000000,0x00000000c98408d0,0x00000000ca100000)
 Metaspace       used 72956K, committed 74176K, reserved 1179648K
  class space    used 8151K, committed 8640K, reserved 1048576K
}
Event: 14.461 GC heap before
{Heap before GC invocations=76 (full 5):
 PSYoungGen      total 30208K, used 30202K [0x00000000eab00000, 0x00000000ed800000, 0x0000000100000000)
  eden space 19456K, 100% used [0x00000000eab00000,0x00000000ebe00000,0x00000000ebe00000)
  from space 10752K, 99% used [0x00000000ebe00000,0x00000000ec87eaa0,0x00000000ec880000)
  to   space 13312K, 0% used [0x00000000ecb00000,0x00000000ecb00000,0x00000000ed800000)
 ParOldGen       total 164864K, used 155906K [0x00000000c0000000, 0x00000000ca100000, 0x00000000eab00000)
  object space 164864K, 94% used [0x00000000c0000000,0x00000000c98408d0,0x00000000ca100000)
 Metaspace       used 73252K, committed 74560K, reserved 1179648K
  class space    used 8183K, committed 8704K, reserved 1048576K
}
Event: 14.466 GC heap after
{Heap after GC invocations=76 (full 5):
 PSYoungGen      total 28672K, used 9082K [0x00000000eab00000, 0x00000000ed400000, 0x0000000100000000)
  eden space 19456K, 0% used [0x00000000eab00000,0x00000000eab00000,0x00000000ebe00000)
  from space 9216K, 98% used [0x00000000ecb00000,0x00000000ed3de818,0x00000000ed400000)
  to   space 10752K, 0% used [0x00000000ebf00000,0x00000000ebf00000,0x00000000ec980000)
 ParOldGen       total 164864K, used 161746K [0x00000000c0000000, 0x00000000ca100000, 0x00000000eab00000)
  object space 164864K, 98% used [0x00000000c0000000,0x00000000c9df4888,0x00000000ca100000)
 Metaspace       used 73252K, committed 74560K, reserved 1179648K
  class space    used 8183K, committed 8704K, reserved 1048576K
}
Event: 14.587 GC heap before
{Heap before GC invocations=77 (full 6):
 PSYoungGen      total 28672K, used 28538K [0x00000000eab00000, 0x00000000ed400000, 0x0000000100000000)
  eden space 19456K, 100% used [0x00000000eab00000,0x00000000ebe00000,0x00000000ebe00000)
  from space 9216K, 98% used [0x00000000ecb00000,0x00000000ed3de818,0x00000000ed400000)
  to   space 10752K, 0% used [0x00000000ebf00000,0x00000000ebf00000,0x00000000ec980000)
 ParOldGen       total 164864K, used 161746K [0x00000000c0000000, 0x00000000ca100000, 0x00000000eab00000)
  object space 164864K, 98% used [0x00000000c0000000,0x00000000c9df4888,0x00000000ca100000)
 Metaspace       used 73319K, committed 74560K, reserved 1179648K
  class space    used 8192K, committed 8704K, reserved 1048576K
}
Event: 14.736 GC heap after
{Heap after GC invocations=77 (full 6):
 PSYoungGen      total 27648K, used 4095K [0x00000000eab00000, 0x00000000ed300000, 0x0000000100000000)
  eden space 19456K, 0% used [0x00000000eab00000,0x00000000eab00000,0x00000000ebe00000)
  from space 8192K, 49% used [0x00000000ecb00000,0x00000000eceffcf0,0x00000000ed300000)
  to   space 10752K, 0% used [0x00000000ebe00000,0x00000000ebe00000,0x00000000ec880000)
 ParOldGen       total 164864K, used 164421K [0x00000000c0000000, 0x00000000ca100000, 0x00000000eab00000)
  object space 164864K, 99% used [0x00000000c0000000,0x00000000ca091688,0x00000000ca100000)
 Metaspace       used 73319K, committed 74560K, reserved 1179648K
  class space    used 8192K, committed 8704K, reserved 1048576K
}
Event: 14.871 GC heap before
{Heap before GC invocations=78 (full 7):
 PSYoungGen      total 27648K, used 23551K [0x00000000eab00000, 0x00000000ed300000, 0x0000000100000000)
  eden space 19456K, 100% used [0x00000000eab00000,0x00000000ebe00000,0x00000000ebe00000)
  from space 8192K, 49% used [0x00000000ecb00000,0x00000000eceffcf0,0x00000000ed300000)
  to   space 10752K, 0% used [0x00000000ebe00000,0x00000000ebe00000,0x00000000ec880000)
 ParOldGen       total 164864K, used 164421K [0x00000000c0000000, 0x00000000ca100000, 0x00000000eab00000)
  object space 164864K, 99% used [0x00000000c0000000,0x00000000ca091688,0x00000000ca100000)
 Metaspace       used 73319K, committed 74560K, reserved 1179648K
  class space    used 8192K, committed 8704K, reserved 1048576K
}
Event: 14.941 GC heap after
{Heap after GC invocations=78 (full 7):
 PSYoungGen      total 30208K, used 5957K [0x00000000eab00000, 0x00000000ed300000, 0x0000000100000000)
  eden space 19456K, 30% used [0x00000000eab00000,0x00000000eb0d1538,0x00000000ebe00000)
  from space 10752K, 0% used [0x00000000ebe00000,0x00000000ebe00000,0x00000000ec880000)
  to   space 8192K, 0% used [0x00000000ecb00000,0x00000000ecb00000,0x00000000ed300000)
 ParOldGen       total 164864K, used 164848K [0x00000000c0000000, 0x00000000ca100000, 0x00000000eab00000)
  object space 164864K, 99% used [0x00000000c0000000,0x00000000ca0fc000,0x00000000ca100000)
 Metaspace       used 73319K, committed 74560K, reserved 1179648K
  class space    used 8192K, committed 8704K, reserved 1048576K
}
Event: 15.064 GC heap before
{Heap before GC invocations=79 (full 8):
 PSYoungGen      total 30208K, used 19456K [0x00000000eab00000, 0x00000000ed300000, 0x0000000100000000)
  eden space 19456K, 100% used [0x00000000eab00000,0x00000000ebe00000,0x00000000ebe00000)
  from space 10752K, 0% used [0x00000000ebe00000,0x00000000ebe00000,0x00000000ec880000)
  to   space 8192K, 0% used [0x00000000ecb00000,0x00000000ecb00000,0x00000000ed300000)
 ParOldGen       total 164864K, used 164848K [0x00000000c0000000, 0x00000000ca100000, 0x00000000eab00000)
  object space 164864K, 99% used [0x00000000c0000000,0x00000000ca0fc000,0x00000000ca100000)
 Metaspace       used 73319K, committed 74560K, reserved 1179648K
  class space    used 8192K, committed 8704K, reserved 1048576K
}
Event: 15.127 GC heap after
{Heap after GC invocations=79 (full 8):
 PSYoungGen      total 27648K, used 7330K [0x00000000eab00000, 0x00000000ed380000, 0x0000000100000000)
  eden space 19456K, 37% used [0x00000000eab00000,0x00000000eb228b90,0x00000000ebe00000)
  from space 8192K, 0% used [0x00000000ecb00000,0x00000000ecb00000,0x00000000ed300000)
  to   space 10752K, 0% used [0x00000000ebe00000,0x00000000ebe00000,0x00000000ec880000)
 ParOldGen       total 164864K, used 164769K [0x00000000c0000000, 0x00000000ca100000, 0x00000000eab00000)
  object space 164864K, 99% used [0x00000000c0000000,0x00000000ca0e87f0,0x00000000ca100000)
 Metaspace       used 73319K, committed 74560K, reserved 1179648K
  class space    used 8192K, committed 8704K, reserved 1048576K
}

Dll operation events (13 events):
Event: 0.026 Loaded shared library c:\Users\yenho\.vscode\extensions\redhat.java-1.38.0-win32-x64\jre\17.0.13-win32-x86_64\bin\java.dll
Event: 0.205 Loaded shared library c:\Users\yenho\.vscode\extensions\redhat.java-1.38.0-win32-x64\jre\17.0.13-win32-x86_64\bin\zip.dll
Event: 0.208 Loaded shared library C:\Users\yenho\.vscode\extensions\redhat.java-1.38.0-win32-x64\jre\17.0.13-win32-x86_64\bin\instrument.dll
Event: 0.221 Loaded shared library C:\Users\yenho\.vscode\extensions\redhat.java-1.38.0-win32-x64\jre\17.0.13-win32-x86_64\bin\net.dll
Event: 0.225 Loaded shared library C:\Users\yenho\.vscode\extensions\redhat.java-1.38.0-win32-x64\jre\17.0.13-win32-x86_64\bin\nio.dll
Event: 0.233 Loaded shared library C:\Users\yenho\.vscode\extensions\redhat.java-1.38.0-win32-x64\jre\17.0.13-win32-x86_64\bin\zip.dll
Event: 0.250 Loaded shared library C:\Users\yenho\.vscode\extensions\redhat.java-1.38.0-win32-x64\jre\17.0.13-win32-x86_64\bin\jimage.dll
Event: 0.308 Loaded shared library c:\Users\yenho\.vscode\extensions\redhat.java-1.38.0-win32-x64\jre\17.0.13-win32-x86_64\bin\verify.dll
Event: 1.779 Loaded shared library C:\Users\yenho\AppData\Roaming\Code\User\globalStorage\redhat.java\1.38.0\config_win\org.eclipse.equinox.launcher\org.eclipse.equinox.launcher.win32.win32.x86_64_1.2.1100.v20240722-2106\eclipse_11904.dll
Event: 3.979 Loaded shared library C:\Users\yenho\AppData\Local\Temp\jna-114863977\jna14784526917891119448.dll
Event: 11.300 Loaded shared library C:\Users\yenho\.gradle\native\c067742578af261105cb4f569cf0c3c89f3d7b1fecec35dd04571415982c5e48\windows-amd64\native-platform.dll
Event: 13.541 Loaded shared library C:\Users\yenho\.vscode\extensions\redhat.java-1.38.0-win32-x64\jre\17.0.13-win32-x86_64\bin\management.dll
Event: 13.546 Loaded shared library C:\Users\yenho\.vscode\extensions\redhat.java-1.38.0-win32-x64\jre\17.0.13-win32-x86_64\bin\management_ext.dll

Deoptimization events (20 events):
Event: 14.831 Thread 0x0000022a876c5020 DEOPT PACKING pc=0x0000022aecd8d029 sp=0x0000005090bfec70
Event: 14.832 Thread 0x0000022a876c5020 DEOPT UNPACKING pc=0x0000022af3b56e43 sp=0x0000005090bfe120 mode 0
Event: 14.848 Thread 0x0000022a876c5020 DEOPT PACKING pc=0x0000022aecd8d029 sp=0x0000005090bfec70
Event: 14.848 Thread 0x0000022a876c5020 DEOPT UNPACKING pc=0x0000022af3b56e43 sp=0x0000005090bfe120 mode 0
Event: 14.863 Thread 0x0000022a876c5020 DEOPT PACKING pc=0x0000022aecd8d029 sp=0x0000005090bfec70
Event: 14.863 Thread 0x0000022a876c5020 DEOPT UNPACKING pc=0x0000022af3b56e43 sp=0x0000005090bfe120 mode 0
Event: 14.944 Thread 0x0000022a876c5020 DEOPT PACKING pc=0x0000022aecd8d029 sp=0x0000005090bfec70
Event: 14.944 Thread 0x0000022a876c5020 DEOPT UNPACKING pc=0x0000022af3b56e43 sp=0x0000005090bfe120 mode 0
Event: 14.965 Thread 0x0000022a876c5020 DEOPT PACKING pc=0x0000022aecd8d029 sp=0x0000005090bfec70
Event: 14.965 Thread 0x0000022a876c5020 DEOPT UNPACKING pc=0x0000022af3b56e43 sp=0x0000005090bfe120 mode 0
Event: 14.975 Thread 0x0000022a876c5020 DEOPT PACKING pc=0x0000022aecd8d029 sp=0x0000005090bfec70
Event: 14.975 Thread 0x0000022a876c5020 DEOPT UNPACKING pc=0x0000022af3b56e43 sp=0x0000005090bfe120 mode 0
Event: 14.983 Thread 0x0000022a876c5020 DEOPT PACKING pc=0x0000022aecd8d029 sp=0x0000005090bfec70
Event: 14.983 Thread 0x0000022a876c5020 DEOPT UNPACKING pc=0x0000022af3b56e43 sp=0x0000005090bfe120 mode 0
Event: 15.003 Thread 0x0000022a876c5020 DEOPT PACKING pc=0x0000022aecd8d029 sp=0x0000005090bfec70
Event: 15.003 Thread 0x0000022a876c5020 DEOPT UNPACKING pc=0x0000022af3b56e43 sp=0x0000005090bfe120 mode 0
Event: 15.010 Thread 0x0000022a876c5020 DEOPT PACKING pc=0x0000022aecd8d029 sp=0x0000005090bfec70
Event: 15.010 Thread 0x0000022a876c5020 DEOPT UNPACKING pc=0x0000022af3b56e43 sp=0x0000005090bfe120 mode 0
Event: 15.019 Thread 0x0000022a876c5020 DEOPT PACKING pc=0x0000022aecd8d029 sp=0x0000005090bfec70
Event: 15.019 Thread 0x0000022a876c5020 DEOPT UNPACKING pc=0x0000022af3b56e43 sp=0x0000005090bfe120 mode 0

Classes loaded (20 events):
Event: 13.728 Loading class java/util/concurrent/ConcurrentSkipListMap$Iter done
Event: 13.728 Loading class java/util/concurrent/ConcurrentSkipListMap$EntryIterator done
Event: 14.159 Loading class java/lang/ProcessBuilder
Event: 14.159 Loading class java/lang/ProcessBuilder done
Event: 14.162 Loading class java/lang/ProcessImpl
Event: 14.163 Loading class java/lang/ProcessImpl done
Event: 14.209 Loading class java/lang/ProcessImpl$2
Event: 14.209 Loading class java/lang/ProcessImpl$2 done
Event: 14.209 Loading class java/lang/Process$PipeInputStream
Event: 14.209 Loading class java/lang/Process$PipeInputStream done
Event: 14.219 Loading class jdk/internal/event/ProcessStartEvent
Event: 14.219 Loading class jdk/internal/event/ProcessStartEvent done
Event: 14.422 Loading class java/util/zip/CheckedInputStream
Event: 14.422 Loading class java/util/zip/CheckedInputStream done
Event: 14.486 Loading class java/security/DigestInputStream
Event: 14.486 Loading class java/security/DigestInputStream done
Event: 14.513 Loading class java/lang/Throwable$WrappedPrintWriter
Event: 14.513 Loading class java/lang/Throwable$PrintStreamOrWriter
Event: 14.513 Loading class java/lang/Throwable$PrintStreamOrWriter done
Event: 14.513 Loading class java/lang/Throwable$WrappedPrintWriter done

Classes unloaded (11 events):
Event: 5.343 Thread 0x0000022ae99e9d00 Unloading class 0x000000010025c000 'java/lang/invoke/LambdaForm$MH+0x000000010025c000'
Event: 5.343 Thread 0x0000022ae99e9d00 Unloading class 0x000000010025bc00 'java/lang/invoke/LambdaForm$MH+0x000000010025bc00'
Event: 5.343 Thread 0x0000022ae99e9d00 Unloading class 0x000000010025b800 'java/lang/invoke/LambdaForm$MH+0x000000010025b800'
Event: 5.343 Thread 0x0000022ae99e9d00 Unloading class 0x000000010025b400 'java/lang/invoke/LambdaForm$MH+0x000000010025b400'
Event: 5.343 Thread 0x0000022ae99e9d00 Unloading class 0x000000010025b000 'java/lang/invoke/LambdaForm$BMH+0x000000010025b000'
Event: 5.343 Thread 0x0000022ae99e9d00 Unloading class 0x000000010025ac00 'java/lang/invoke/LambdaForm$DMH+0x000000010025ac00'
Event: 5.343 Thread 0x0000022ae99e9d00 Unloading class 0x0000000100258400 'java/lang/invoke/LambdaForm$DMH+0x0000000100258400'
Event: 8.023 Thread 0x0000022ae99e9d00 Unloading class 0x0000000100485400 'java/lang/invoke/LambdaForm$MH+0x0000000100485400'
Event: 8.023 Thread 0x0000022ae99e9d00 Unloading class 0x0000000100484800 'java/lang/invoke/LambdaForm$MH+0x0000000100484800'
Event: 8.023 Thread 0x0000022ae99e9d00 Unloading class 0x0000000100484000 'java/lang/invoke/LambdaForm$MH+0x0000000100484000'
Event: 8.023 Thread 0x0000022ae99e9d00 Unloading class 0x0000000100483800 'java/lang/invoke/LambdaForm$DMH+0x0000000100483800'

Classes redefined (0 events):
No events

Internal exceptions (20 events):
Event: 10.378 Thread 0x0000022a876c5020 Exception <a 'sun/nio/fs/WindowsException'{0x00000000eabf1468}> (0x00000000eabf1468) 
thrown [s\src\hotspot\share\prims\jni.cpp, line 516]
Event: 11.262 Thread 0x0000022a87ea4800 Exception <a 'java/lang/NoSuchMethodError'{0x00000000eb3f2a28}: 'java.lang.Object java.lang.invoke.Invokers$Holder.invoker(java.lang.Object, java.lang.Object, java.lang.Object)'> (0x00000000eb3f2a28) 
thrown [s\src\hotspot\share\interpreter\linkResolver.cpp, line 759]
Event: 13.453 Thread 0x0000022a87ea4800 Exception <a 'java/lang/NoClassDefFoundError'{0x00000000eb7ca188}: org/slf4j/impl/StaticMarkerBinder> (0x00000000eb7ca188) 
thrown [s\src\hotspot\share\classfile\systemDictionary.cpp, line 245]
Event: 14.207 Thread 0x0000022a87ea3de0 Exception <a 'java/lang/NoSuchMethodError'{0x00000000eac6fda8}: 'void java.lang.invoke.DirectMethodHandle$Holder.invokeStatic(java.lang.Object, long)'> (0x00000000eac6fda8) 
thrown [s\src\hotspot\share\interpreter\linkResolver.cpp, line 759]
Event: 14.208 Thread 0x0000022a87ea3de0 Exception <a 'java/lang/NoSuchMethodError'{0x00000000eac753f8}: 'java.lang.Object java.lang.invoke.DirectMethodHandle$Holder.newInvokeSpecial(java.lang.Object, long)'> (0x00000000eac753f8) 
thrown [s\src\hotspot\share\interpreter\linkResolver.cpp, line 759]
Event: 14.410 Thread 0x0000022a87ea3de0 Exception <a 'java/lang/NoSuchMethodError'{0x00000000ead1fae0}: 'void java.lang.invoke.DirectMethodHandle$Holder.invokeSpecial(java.lang.Object, java.lang.Object, int)'> (0x00000000ead1fae0) 
thrown [s\src\hotspot\share\interpreter\linkResolver.cpp, line 759]
Event: 14.415 Thread 0x0000022a87ea3de0 Exception <a 'java/lang/NoSuchMethodError'{0x00000000ead258c0}: 'java.lang.Object java.lang.invoke.DirectMethodHandle$Holder.newInvokeSpecial(java.lang.Object, java.lang.Object, int)'> (0x00000000ead258c0) 
thrown [s\src\hotspot\share\interpreter\linkResolver.cpp, line 759]
Event: 14.520 Thread 0x0000022a876c5020 Exception <a 'sun/nio/fs/WindowsException'{0x00000000eb22f288}> (0x00000000eb22f288) 
thrown [s\src\hotspot\share\prims\jni.cpp, line 516]
Event: 14.521 Thread 0x0000022a876c5020 Exception <a 'sun/nio/fs/WindowsException'{0x00000000eb239c98}> (0x00000000eb239c98) 
thrown [s\src\hotspot\share\prims\jni.cpp, line 516]
Event: 14.522 Thread 0x0000022a876c5020 Exception <a 'sun/nio/fs/WindowsException'{0x00000000eb245310}> (0x00000000eb245310) 
thrown [s\src\hotspot\share\prims\jni.cpp, line 516]
Event: 14.522 Thread 0x0000022a876c5020 Exception <a 'sun/nio/fs/WindowsException'{0x00000000eb2500a0}> (0x00000000eb2500a0) 
thrown [s\src\hotspot\share\prims\jni.cpp, line 516]
Event: 14.523 Thread 0x0000022a876c5020 Exception <a 'sun/nio/fs/WindowsException'{0x00000000eb2a0f88}> (0x00000000eb2a0f88) 
thrown [s\src\hotspot\share\prims\jni.cpp, line 516]
Event: 14.524 Thread 0x0000022a876c5020 Exception <a 'sun/nio/fs/WindowsException'{0x00000000eb2ac078}> (0x00000000eb2ac078) 
thrown [s\src\hotspot\share\prims\jni.cpp, line 516]
Event: 14.525 Thread 0x0000022a876c5020 Exception <a 'sun/nio/fs/WindowsException'{0x00000000eb2b7848}> (0x00000000eb2b7848) 
thrown [s\src\hotspot\share\prims\jni.cpp, line 516]
Event: 14.526 Thread 0x0000022a876c5020 Exception <a 'sun/nio/fs/WindowsException'{0x00000000eb2fd550}> (0x00000000eb2fd550) 
thrown [s\src\hotspot\share\prims\jni.cpp, line 516]
Event: 14.527 Thread 0x0000022a876c5020 Exception <a 'sun/nio/fs/WindowsException'{0x00000000eb309670}> (0x00000000eb309670) 
thrown [s\src\hotspot\share\prims\jni.cpp, line 516]
Event: 14.528 Thread 0x0000022a876c5020 Exception <a 'sun/nio/fs/WindowsException'{0x00000000eb314990}> (0x00000000eb314990) 
thrown [s\src\hotspot\share\prims\jni.cpp, line 516]
Event: 14.529 Thread 0x0000022a876c5020 Exception <a 'sun/nio/fs/WindowsException'{0x00000000eb31fca8}> (0x00000000eb31fca8) 
thrown [s\src\hotspot\share\prims\jni.cpp, line 516]
Event: 14.530 Thread 0x0000022a876c5020 Exception <a 'sun/nio/fs/WindowsException'{0x00000000eb365250}> (0x00000000eb365250) 
thrown [s\src\hotspot\share\prims\jni.cpp, line 516]
Event: 14.530 Thread 0x0000022a876c5020 Exception <a 'sun/nio/fs/WindowsException'{0x00000000eb370728}> (0x00000000eb370728) 
thrown [s\src\hotspot\share\prims\jni.cpp, line 516]

VM Operations (20 events):
Event: 13.139 Executing VM operation: ParallelGCFailedAllocation
Event: 13.144 Executing VM operation: ParallelGCFailedAllocation done
Event: 13.610 Executing VM operation: ParallelGCFailedAllocation
Event: 13.618 Executing VM operation: ParallelGCFailedAllocation done
Event: 13.954 Executing VM operation: ParallelGCFailedAllocation
Event: 13.959 Executing VM operation: ParallelGCFailedAllocation done
Event: 14.185 Executing VM operation: ParallelGCFailedAllocation
Event: 14.190 Executing VM operation: ParallelGCFailedAllocation done
Event: 14.211 Executing VM operation: HandshakeAllThreads
Event: 14.218 Executing VM operation: HandshakeAllThreads done
Event: 14.453 Executing VM operation: HandshakeAllThreads
Event: 14.453 Executing VM operation: HandshakeAllThreads done
Event: 14.461 Executing VM operation: ParallelGCFailedAllocation
Event: 14.466 Executing VM operation: ParallelGCFailedAllocation done
Event: 14.587 Executing VM operation: ParallelGCFailedAllocation
Event: 14.736 Executing VM operation: ParallelGCFailedAllocation done
Event: 14.871 Executing VM operation: ParallelGCFailedAllocation
Event: 14.941 Executing VM operation: ParallelGCFailedAllocation done
Event: 15.059 Executing VM operation: ParallelGCFailedAllocation
Event: 15.127 Executing VM operation: ParallelGCFailedAllocation done

Memory protections (0 events):
No events

Nmethod flushes (20 events):
Event: 11.218 Thread 0x0000022afe8c24e0 flushing  nmethod 0x0000022aed75ae90
Event: 11.218 Thread 0x0000022afe8c24e0 flushing  nmethod 0x0000022aed765590
Event: 11.218 Thread 0x0000022afe8c24e0 flushing  nmethod 0x0000022aed769910
Event: 11.218 Thread 0x0000022afe8c24e0 flushing  nmethod 0x0000022aed773110
Event: 11.218 Thread 0x0000022afe8c24e0 flushing  nmethod 0x0000022aed775d90
Event: 11.218 Thread 0x0000022afe8c24e0 flushing  nmethod 0x0000022aed77c290
Event: 11.219 Thread 0x0000022afe8c24e0 flushing  nmethod 0x0000022aed7c2710
Event: 11.219 Thread 0x0000022afe8c24e0 flushing  nmethod 0x0000022aed7c2e90
Event: 11.219 Thread 0x0000022afe8c24e0 flushing  nmethod 0x0000022aed7c8b10
Event: 11.219 Thread 0x0000022afe8c24e0 flushing  nmethod 0x0000022aed7ca390
Event: 11.219 Thread 0x0000022afe8c24e0 flushing  nmethod 0x0000022aed7ce690
Event: 11.219 Thread 0x0000022afe8c24e0 flushing  nmethod 0x0000022aed7cf290
Event: 11.219 Thread 0x0000022afe8c24e0 flushing  nmethod 0x0000022aed7d2a10
Event: 11.219 Thread 0x0000022afe8c24e0 flushing  nmethod 0x0000022aed7d2e90
Event: 11.219 Thread 0x0000022afe8c24e0 flushing  nmethod 0x0000022aed7d3710
Event: 11.219 Thread 0x0000022afe8c24e0 flushing  nmethod 0x0000022aed7d4110
Event: 11.219 Thread 0x0000022afe8c24e0 flushing  nmethod 0x0000022aed7d5690
Event: 11.219 Thread 0x0000022afe8c24e0 flushing  nmethod 0x0000022aed7d7590
Event: 11.219 Thread 0x0000022afe8c24e0 flushing  nmethod 0x0000022aed7db010
Event: 11.219 Thread 0x0000022afe8c24e0 flushing  nmethod 0x0000022aed7ecc10

Events (20 events):
Event: 8.924 Thread 0x0000022a876c5f50 Thread added: 0x0000022a87cc4dc0
Event: 8.930 Thread 0x0000022a876c5f50 Thread added: 0x0000022a87cc8a80
Event: 8.939 Thread 0x0000022a876c5f50 Thread added: 0x0000022a87cc8f90
Event: 8.943 Thread 0x0000022a876c5f50 Thread added: 0x0000022a87cc48b0
Event: 8.967 Thread 0x0000022a876c5f50 Thread added: 0x0000022a87cc99b0
Event: 8.973 Thread 0x0000022a876c5f50 Thread added: 0x0000022a87cc9ec0
Event: 8.973 Thread 0x0000022a876c5f50 Thread added: 0x0000022a87ccc230
Event: 8.973 Thread 0x0000022a876c5f50 Thread added: 0x0000022a87ea33c0
Event: 8.989 Thread 0x0000022a876c5f50 Thread added: 0x0000022a87ea0b40
Event: 8.995 Thread 0x0000022a876c5f50 Thread added: 0x0000022a87ea1f80
Event: 9.803 Thread 0x0000022a84be4e40 Thread exited: 0x0000022a84be4e40
Event: 10.449 Thread 0x0000022a876c5020 Thread added: 0x0000022a87ea5220
Event: 10.644 Thread 0x0000022a876c5020 Thread added: 0x0000022a87ea4800
Event: 14.153 Thread 0x0000022a87ea4800 Thread added: 0x0000022a87ea3de0
Event: 14.227 Thread 0x0000022a87ea3de0 Thread added: 0x0000022a87ea0120
Event: 14.227 Thread 0x0000022a87ea3de0 Thread added: 0x0000022a87ea42f0
Event: 14.452 Thread 0x0000022a87ea4800 Thread exited: 0x0000022a87ea4800
Event: 14.487 Thread 0x0000022a876c5020 Thread added: 0x0000022a87ea38d0
Event: 14.490 Thread 0x0000022a876c5020 Thread added: 0x0000022a87e9f700
Event: 14.512 Thread 0x0000022a87e9f700 Thread exited: 0x0000022a87e9f700


Dynamic libraries:
0x00007ff7505a0000 - 0x00007ff7505ae000 	c:\Users\yenho\.vscode\extensions\redhat.java-1.38.0-win32-x64\jre\17.0.13-win32-x86_64\bin\java.exe
0x00007ffca76b0000 - 0x00007ffca78c7000 	C:\Windows\SYSTEM32\ntdll.dll
0x00007ffca6cb0000 - 0x00007ffca6d74000 	C:\Windows\System32\KERNEL32.DLL
0x00007ffca4ff0000 - 0x00007ffca53aa000 	C:\Windows\System32\KERNELBASE.dll
0x00007ffca4bc0000 - 0x00007ffca4cd1000 	C:\Windows\System32\ucrtbase.dll
0x00007ffca0300000 - 0x00007ffca0317000 	c:\Users\yenho\.vscode\extensions\redhat.java-1.38.0-win32-x64\jre\17.0.13-win32-x86_64\bin\jli.dll
0x00007ffca02e0000 - 0x00007ffca02fe000 	c:\Users\yenho\.vscode\extensions\redhat.java-1.38.0-win32-x64\jre\17.0.13-win32-x86_64\bin\VCRUNTIME140.dll
0x00007ffc91a90000 - 0x00007ffc91d22000 	C:\Windows\WinSxS\amd64_microsoft.windows.common-controls_6595b64144ccf1df_6.0.22621.4541_none_2710d1c57384c085\COMCTL32.dll
0x00007ffca73f0000 - 0x00007ffca7497000 	C:\Windows\System32\msvcrt.dll
0x00007ffca5a90000 - 0x00007ffca5c3e000 	C:\Windows\System32\USER32.dll
0x00007ffca4980000 - 0x00007ffca49a6000 	C:\Windows\System32\win32u.dll
0x00007ffca63f0000 - 0x00007ffca6419000 	C:\Windows\System32\GDI32.dll
0x00007ffca4e10000 - 0x00007ffca4f2b000 	C:\Windows\System32\gdi32full.dll
0x00007ffca49b0000 - 0x00007ffca4a4a000 	C:\Windows\System32\msvcp_win.dll
0x00007ffca5c40000 - 0x00007ffca5c71000 	C:\Windows\System32\IMM32.DLL
0x00007ffca02d0000 - 0x00007ffca02dc000 	c:\Users\yenho\.vscode\extensions\redhat.java-1.38.0-win32-x64\jre\17.0.13-win32-x86_64\bin\vcruntime140_1.dll
0x00007ffc56950000 - 0x00007ffc569dd000 	c:\Users\yenho\.vscode\extensions\redhat.java-1.38.0-win32-x64\jre\17.0.13-win32-x86_64\bin\msvcp140.dll
0x00007ffc35460000 - 0x00007ffc360cb000 	c:\Users\yenho\.vscode\extensions\redhat.java-1.38.0-win32-x64\jre\17.0.13-win32-x86_64\bin\server\jvm.dll
0x00007ffca70f0000 - 0x00007ffca71a2000 	C:\Windows\System32\ADVAPI32.dll
0x00007ffca6120000 - 0x00007ffca61c7000 	C:\Windows\System32\sechost.dll
0x00007ffca4d60000 - 0x00007ffca4d88000 	C:\Windows\System32\bcrypt.dll
0x00007ffca5960000 - 0x00007ffca5a74000 	C:\Windows\System32\RPCRT4.dll
0x00007ffca6e40000 - 0x00007ffca6eb1000 	C:\Windows\System32\WS2_32.dll
0x00007ffca37d0000 - 0x00007ffca381d000 	C:\Windows\SYSTEM32\POWRPROF.dll
0x00007ffc9ee50000 - 0x00007ffc9ee84000 	C:\Windows\SYSTEM32\WINMM.dll
0x00007ffc9e9b0000 - 0x00007ffc9e9ba000 	C:\Windows\SYSTEM32\VERSION.dll
0x00007ffca37b0000 - 0x00007ffca37c3000 	C:\Windows\SYSTEM32\UMPDC.dll
0x00007ffca3a80000 - 0x00007ffca3a98000 	C:\Windows\SYSTEM32\kernel.appcore.dll
0x00007ffc9eef0000 - 0x00007ffc9eefa000 	c:\Users\yenho\.vscode\extensions\redhat.java-1.38.0-win32-x64\jre\17.0.13-win32-x86_64\bin\jimage.dll
0x00007ffc9dcd0000 - 0x00007ffc9df02000 	C:\Windows\SYSTEM32\DBGHELP.DLL
0x00007ffca5d10000 - 0x00007ffca609f000 	C:\Windows\System32\combase.dll
0x00007ffca71b0000 - 0x00007ffca7287000 	C:\Windows\System32\OLEAUT32.dll
0x00007ffc9aad0000 - 0x00007ffc9ab02000 	C:\Windows\SYSTEM32\dbgcore.DLL
0x00007ffca4d90000 - 0x00007ffca4e0b000 	C:\Windows\System32\bcryptPrimitives.dll
0x00007ffc9d9c0000 - 0x00007ffc9d9ce000 	c:\Users\yenho\.vscode\extensions\redhat.java-1.38.0-win32-x64\jre\17.0.13-win32-x86_64\bin\instrument.dll
0x00007ffc9eec0000 - 0x00007ffc9eee5000 	c:\Users\yenho\.vscode\extensions\redhat.java-1.38.0-win32-x64\jre\17.0.13-win32-x86_64\bin\java.dll
0x00007ffc98820000 - 0x00007ffc98838000 	c:\Users\yenho\.vscode\extensions\redhat.java-1.38.0-win32-x64\jre\17.0.13-win32-x86_64\bin\zip.dll
0x00007ffca6430000 - 0x00007ffca6ca8000 	C:\Windows\System32\SHELL32.dll
0x00007ffca2880000 - 0x00007ffca3188000 	C:\Windows\SYSTEM32\windows.storage.dll
0x00007ffca2740000 - 0x00007ffca287f000 	C:\Windows\SYSTEM32\wintypes.dll
0x00007ffca5860000 - 0x00007ffca595a000 	C:\Windows\System32\SHCORE.dll
0x00007ffca61d0000 - 0x00007ffca622e000 	C:\Windows\System32\shlwapi.dll
0x00007ffca48b0000 - 0x00007ffca48db000 	C:\Windows\SYSTEM32\profapi.dll
0x00007ffc94f30000 - 0x00007ffc94f49000 	C:\Users\yenho\.vscode\extensions\redhat.java-1.38.0-win32-x64\jre\17.0.13-win32-x86_64\bin\net.dll
0x00007ffca0800000 - 0x00007ffca0936000 	C:\Windows\SYSTEM32\WINHTTP.dll
0x00007ffca3f00000 - 0x00007ffca3f69000 	C:\Windows\system32\mswsock.dll
0x00007ffc94790000 - 0x00007ffc947a6000 	C:\Users\yenho\.vscode\extensions\redhat.java-1.38.0-win32-x64\jre\17.0.13-win32-x86_64\bin\nio.dll
0x00007ffc8ed40000 - 0x00007ffc8ed50000 	c:\Users\yenho\.vscode\extensions\redhat.java-1.38.0-win32-x64\jre\17.0.13-win32-x86_64\bin\verify.dll
0x00007ffc1b970000 - 0x00007ffc1b9b5000 	C:\Users\yenho\AppData\Roaming\Code\User\globalStorage\redhat.java\1.38.0\config_win\org.eclipse.equinox.launcher\org.eclipse.equinox.launcher.win32.win32.x86_64_1.2.1100.v20240722-2106\eclipse_11904.dll
0x00007ffca74a0000 - 0x00007ffca7645000 	C:\Windows\System32\ole32.dll
0x00007ffca4170000 - 0x00007ffca418b000 	C:\Windows\SYSTEM32\CRYPTSP.dll
0x00007ffca39d0000 - 0x00007ffca3a05000 	C:\Windows\system32\rsaenh.dll
0x00007ffca4000000 - 0x00007ffca4028000 	C:\Windows\SYSTEM32\USERENV.dll
0x00007ffca4160000 - 0x00007ffca416c000 	C:\Windows\SYSTEM32\CRYPTBASE.dll
0x00007ffca3460000 - 0x00007ffca348d000 	C:\Windows\SYSTEM32\IPHLPAPI.DLL
0x00007ffca6420000 - 0x00007ffca6429000 	C:\Windows\System32\NSI.dll
0x00007ffc9f3f0000 - 0x00007ffc9f409000 	C:\Windows\SYSTEM32\dhcpcsvc6.DLL
0x00007ffc9f3d0000 - 0x00007ffc9f3ef000 	C:\Windows\SYSTEM32\dhcpcsvc.DLL
0x00007ffca34d0000 - 0x00007ffca35d2000 	C:\Windows\SYSTEM32\DNSAPI.dll
0x00007ffc1a1e0000 - 0x00007ffc1a229000 	C:\Users\yenho\AppData\Local\Temp\jna-114863977\jna14784526917891119448.dll
0x00007ffca5a80000 - 0x00007ffca5a88000 	C:\Windows\System32\PSAPI.DLL
0x00007ffc0ab20000 - 0x00007ffc0ab47000 	C:\Users\yenho\.gradle\native\c067742578af261105cb4f569cf0c3c89f3d7b1fecec35dd04571415982c5e48\windows-amd64\native-platform.dll
0x00007ffc9ef20000 - 0x00007ffc9ef2a000 	C:\Users\yenho\.vscode\extensions\redhat.java-1.38.0-win32-x64\jre\17.0.13-win32-x86_64\bin\management.dll
0x00007ffc9ef10000 - 0x00007ffc9ef1b000 	C:\Users\yenho\.vscode\extensions\redhat.java-1.38.0-win32-x64\jre\17.0.13-win32-x86_64\bin\management_ext.dll

dbghelp: loaded successfully - version: 4.0.5 - missing functions: none
symbol engine: initialized successfully - sym options: 0x614 - pdb path: .;c:\Users\yenho\.vscode\extensions\redhat.java-1.38.0-win32-x64\jre\17.0.13-win32-x86_64\bin;C:\Windows\SYSTEM32;C:\Windows\WinSxS\amd64_microsoft.windows.common-controls_6595b64144ccf1df_6.0.22621.4541_none_2710d1c57384c085;c:\Users\yenho\.vscode\extensions\redhat.java-1.38.0-win32-x64\jre\17.0.13-win32-x86_64\bin\server;C:\Users\yenho\AppData\Roaming\Code\User\globalStorage\redhat.java\1.38.0\config_win\org.eclipse.equinox.launcher\org.eclipse.equinox.launcher.win32.win32.x86_64_1.2.1100.v20240722-2106;C:\Users\yenho\AppData\Local\Temp\jna-114863977;C:\Users\yenho\.gradle\native\c067742578af261105cb4f569cf0c3c89f3d7b1fecec35dd04571415982c5e48\windows-amd64

VM Arguments:
jvm_args: --add-modules=ALL-SYSTEM --add-opens=java.base/java.util=ALL-UNNAMED --add-opens=java.base/java.lang=ALL-UNNAMED --add-opens=java.base/sun.nio.fs=ALL-UNNAMED -Declipse.application=org.eclipse.jdt.ls.core.id1 -Dosgi.bundles.defaultStartLevel=4 -Declipse.product=org.eclipse.jdt.ls.core.product -Djava.import.generatesMetadataFilesAtProjectRoot=false -DDetectVMInstallationsJob.disabled=true -Dfile.encoding=utf8 -XX:+UseParallelGC -XX:GCTimeRatio=4 -XX:AdaptiveSizePolicyWeight=90 -Dsun.zip.disableMemoryMapping=true -Xmx1G -Xms100m -Xlog:disable -javaagent:c:\Users\yenho\.vscode\extensions\redhat.java-1.38.0-win32-x64\lombok\lombok-1.18.34.jar -XX:+HeapDumpOnOutOfMemoryError -XX:HeapDumpPath=c:\Users\yenho\AppData\Roaming\Code\User\workspaceStorage\be8ad8b4014e26bb98f6d4fcdc527ed2\redhat.java -Daether.dependencyCollector.impl=bf 
java_command: c:\Users\yenho\.vscode\extensions\redhat.java-1.38.0-win32-x64\server\plugins\org.eclipse.equinox.launcher_1.6.900.v20240613-2009.jar -configuration c:\Users\yenho\AppData\Roaming\Code\User\globalStorage\redhat.java\1.38.0\config_win -data c:\Users\yenho\AppData\Roaming\Code\User\workspaceStorage\be8ad8b4014e26bb98f6d4fcdc527ed2\redhat.java\jdt_ws --pipe=\\.\pipe\lsp-8c5c70263ab8b0611f43b34da28c1213-sock
java_class_path (initial): c:\Users\yenho\.vscode\extensions\redhat.java-1.38.0-win32-x64\server\plugins\org.eclipse.equinox.launcher_1.6.900.v20240613-2009.jar
Launcher Type: SUN_STANDARD

[Global flags]
    uintx AdaptiveSizePolicyWeight                 = 90                                        {product} {command line}
     intx CICompilerCount                          = 4                                         {product} {ergonomic}
    uintx GCTimeRatio                              = 4                                         {product} {command line}
     bool HeapDumpOnOutOfMemoryError               = true                                   {manageable} {command line}
    ccstr HeapDumpPath                             = c:\Users\yenho\AppData\Roaming\Code\User\workspaceStorage\be8ad8b4014e26bb98f6d4fcdc527ed2\redhat.java         {manageable} {command line}
   size_t InitialHeapSize                          = 104857600                                 {product} {command line}
   size_t MaxHeapSize                              = 1073741824                                {product} {command line}
   size_t MaxNewSize                               = 357564416                                 {product} {ergonomic}
   size_t MinHeapDeltaBytes                        = 524288                                    {product} {ergonomic}
   size_t MinHeapSize                              = 104857600                                 {product} {command line}
   size_t NewSize                                  = 34603008                                  {product} {ergonomic}
    uintx NonNMethodCodeHeapSize                   = 5839372                                {pd product} {ergonomic}
    uintx NonProfiledCodeHeapSize                  = 122909434                              {pd product} {ergonomic}
   size_t OldSize                                  = 70254592                                  {product} {ergonomic}
    uintx ProfiledCodeHeapSize                     = 122909434                              {pd product} {ergonomic}
    uintx ReservedCodeCacheSize                    = 251658240                              {pd product} {ergonomic}
     bool SegmentedCodeCache                       = true                                      {product} {ergonomic}
   size_t SoftMaxHeapSize                          = 1073741824                             {manageable} {ergonomic}
     bool UseCompressedClassPointers               = true                           {product lp64_product} {ergonomic}
     bool UseCompressedOops                        = true                           {product lp64_product} {ergonomic}
     bool UseLargePagesIndividualAllocation        = false                                  {pd product} {ergonomic}
     bool UseParallelGC                            = true                                      {product} {command line}

Logging:
Log output configuration:
 #0: stdout all=off uptime,level,tags
 #1: stderr all=off uptime,level,tags

Environment Variables:
JAVA_HOME=C:\Program Files\Java\jdk-17
PATH=C:\Program Files\Common Files\Oracle\Java\javapath;C:\Windows\system32;C:\Windows;C:\Windows\System32\Wbem;C:\Windows\System32\WindowsPowerShell\v1.0\;C:\Windows\System32\OpenSSH\;C:\Program Files (x86)\NVIDIA Corporation\PhysX\Common;C:\Program Files\NVIDIA Corporation\NVIDIA NvDLISR;C:\Windows\system32;C:\Windows;C:\Windows\System32\Wbem;C:\Windows\System32\WindowsPowerShell\v1.0\;C:\Windows\System32\OpenSSH\;C:\Program Files\dotnet\;C:\Program Files (x86)\Yarn\bin\;C:\Program Files\nodejs\;C:\Program Files\Java\jdk-17\bin;C:\Users\yenho\AppData\Local\Android\Sdk\platform-tools;C:\Program Files\Git\cmd;C:\Users\yenho\AppData\Local\Microsoft\WindowsApps;C:\Users\yenho\AppData\Local\Programs\Microsoft VS Code\bin;C:\Users\yenho\.dotnet\tools;C:\Users\yenho\AppData\Local\Yarn\bin;C:\Users\yenho\AppData\Roaming\npm;C:\Users\yenho\AppData\Local\GitHubDesktop\bin
USERNAME=yenho
OS=Windows_NT
PROCESSOR_IDENTIFIER=AMD64 Family 25 Model 68 Stepping 1, AuthenticAMD
TMP=C:\Users\yenho\AppData\Local\Temp
TEMP=C:\Users\yenho\AppData\Local\Temp



Periodic native trim disabled


---------------  S Y S T E M  ---------------

OS:
 Windows 11 , 64 bit Build 22621 (10.0.22621.4391)
OS uptime: 0 days 1:03 hours
Hyper-V role detected

CPU: total 12 (initial active 12) (12 cores per cpu, 2 threads per core) family 25 model 68 stepping 1 microcode 0x0, cx8, cmov, fxsr, ht, mmx, 3dnowpref, sse, sse2, sse3, ssse3, sse4a, sse4.1, sse4.2, popcnt, lzcnt, tsc, tscinvbit, avx, avx2, aes, erms, clmul, bmi1, bmi2, adx, sha, fma, vzeroupper, clflush, clflushopt, hv
Processor Information for all 12 processors :
  Max Mhz: 3301, Current Mhz: 3301, Mhz Limit: 3301

Memory: 4k page, system-wide physical 7365M (135M free)
TotalPageFile size 29893M (AvailPageFile size 2M)
current process WorkingSet (physical memory assigned to process): 450M, peak: 458M
current process commit charge ("private bytes"): 458M, peak: 991M

vm_info: OpenJDK 64-Bit Server VM (17.0.13+11) for windows-amd64 JRE (17.0.13+11), built on Oct 16 2024 00:10:08 by "admin" with MS VC++ 17.7 (VS2022)

END.
